<?xml version="1.0" encoding="UTF-8"?>
<tsduck>
  <CAT version="0" current="true">
    <xait_pid_descriptor xait_PID="0x0123"/>
    <xait_location_descriptor xait_original_network_id="0xDEAD" xait_service_id="0xBEEF" xait_version_number="12" xait_update_policy="1"/>
    <xait_location_descriptor xait_original_network_id="0x1234" xait_service_id="0x5678" xait_version_number="30" xait_update_policy="6"/>
  </CAT>
</tsduck>
