<?xml version="1.0" encoding="UTF-8"?>
<tsduck>
  <selection_information_table version="27" current="true">
    <partial_transport_stream_descriptor peak_rate="0x0000EA60"/>
    <ISDB_network_identifier_descriptor country_code="JPN" media_type="TB" network_id="0x7C70"/>
    <TS_information_descriptor remote_control_key_id="0x01" ts_name="ＮＨＫ総合・熊本">
      <transmission_type transmission_type_info="0x0F">
        <service id="0xE000"/>
        <service id="0xE001"/>
        <service id="0xFFF0"/>
      </transmission_type>
      <transmission_type transmission_type_info="0xAF">
        <service id="0xE180"/>
      </transmission_type>
    </TS_information_descriptor>
    <service service_id="0xE000" running_status="undefined">
      <partialTS_time_descriptor event_version_number="58" event_start_time="2025-04-04 17:57:00" duration="00:02:00" other_descriptor_status="false" JST_time="2025-04-04 17:58:58"/>
      <generic_descriptor tag="0x85">
        7C 70 7C 70 98 3F FF
      </generic_descriptor>
      <service_descriptor service_type="0x01" service_provider_name="" service_name="NHK総合1・熊本"/>
      <extended_broadcaster_descriptor broadcaster_type="0x01" terrestrial_broadcaster_id="0x7C71">
        <affiliation id="0x00"/>
        <affiliation id="0x01"/>
        <broadcaster original_network_id="0x0004" broadcaster_id="0x01"/>
      </extended_broadcaster_descriptor>
      <short_event_descriptor language_code="jpn">
        <event_name>気象情報　茶柱てんき</event_name>
        <text>忙しい夕方、ほっと一息つきませんか？「茶柱てんき」は３年目に突入。九州沖縄の詳しい気象情報に加えて、松永貢予報士のくすっと笑えるトークで癒やされてください</text>
      </short_event_descriptor>
      <extended_event_descriptor descriptor_number="0" last_descriptor_number="0" language_code="jpn">
        <text></text>
        <item>
          <description>出演者</description>
          <name>【気象キャスター】松永貢</name>
        </item>
      </extended_event_descriptor>
      <component_descriptor stream_content="0x01" stream_content_ext="0x0F" component_type="0xB3" component_tag="0x00" language_code="jpn" text=""/>
      <audio_component_descriptor stream_content="0x02" component_type="0x01" component_tag="0x10" stream_type="0x0F" main_component="true" quality_indicator="2" sampling_rate="7" ISO_639_language_code="jpn"/>
      <content_descriptor>
        <content content_nibble_level_1="0" content_nibble_level_2="1" user_byte="0xFF"/>
      </content_descriptor>
      <event_group_descriptor group_type="1">
        <actual service_id="0xE000" event_id="0x983F"/>
        <actual service_id="0xE001" event_id="0x983F"/>
      </event_group_descriptor>
    </service>
  </selection_information_table>
  <selection_information_table version="28" current="true">
    <partial_transport_stream_descriptor peak_rate="0x0000EA60"/>
    <ISDB_network_identifier_descriptor country_code="JPN" media_type="TB" network_id="0x7C70"/>
    <TS_information_descriptor remote_control_key_id="0x01" ts_name="ＮＨＫ総合・熊本">
      <transmission_type transmission_type_info="0x0F">
        <service id="0xE000"/>
        <service id="0xE001"/>
        <service id="0xFFF0"/>
      </transmission_type>
      <transmission_type transmission_type_info="0xAF">
        <service id="0xE180"/>
      </transmission_type>
    </TS_information_descriptor>
    <service service_id="0xE000" running_status="undefined">
      <partialTS_time_descriptor event_version_number="58" event_start_time="2025-04-04 17:57:00" duration="00:02:00" other_descriptor_status="false" JST_time="2025-04-04 17:59:00"/>
      <generic_descriptor tag="0x85">
        7C 70 7C 70 98 3F FF
      </generic_descriptor>
      <service_descriptor service_type="0x01" service_provider_name="" service_name="NHK総合1・熊本"/>
      <extended_broadcaster_descriptor broadcaster_type="0x01" terrestrial_broadcaster_id="0x7C71">
        <affiliation id="0x00"/>
        <affiliation id="0x01"/>
        <broadcaster original_network_id="0x0004" broadcaster_id="0x01"/>
      </extended_broadcaster_descriptor>
      <short_event_descriptor language_code="jpn">
        <event_name>気象情報　茶柱てんき</event_name>
        <text>忙しい夕方、ほっと一息つきませんか？「茶柱てんき」は３年目に突入。九州沖縄の詳しい気象情報に加えて、松永貢予報士のくすっと笑えるトークで癒やされてください</text>
      </short_event_descriptor>
      <extended_event_descriptor descriptor_number="0" last_descriptor_number="0" language_code="jpn">
        <text></text>
        <item>
          <description>出演者</description>
          <name>【気象キャスター】松永貢</name>
        </item>
      </extended_event_descriptor>
      <component_descriptor stream_content="0x01" stream_content_ext="0x0F" component_type="0xB3" component_tag="0x00" language_code="jpn" text=""/>
      <audio_component_descriptor stream_content="0x02" component_type="0x01" component_tag="0x10" stream_type="0x0F" main_component="true" quality_indicator="2" sampling_rate="7" ISO_639_language_code="jpn"/>
      <content_descriptor>
        <content content_nibble_level_1="0" content_nibble_level_2="1" user_byte="0xFF"/>
      </content_descriptor>
      <event_group_descriptor group_type="1">
        <actual service_id="0xE000" event_id="0x983F"/>
        <actual service_id="0xE001" event_id="0x983F"/>
      </event_group_descriptor>
    </service>
  </selection_information_table>
  <selection_information_table version="29" current="true">
    <partial_transport_stream_descriptor peak_rate="0x0000EA60"/>
    <ISDB_network_identifier_descriptor country_code="JPN" media_type="TB" network_id="0x7C70"/>
    <TS_information_descriptor remote_control_key_id="0x01" ts_name="ＮＨＫ総合・熊本">
      <transmission_type transmission_type_info="0x0F">
        <service id="0xE000"/>
        <service id="0xE001"/>
        <service id="0xFFF0"/>
      </transmission_type>
      <transmission_type transmission_type_info="0xAF">
        <service id="0xE180"/>
      </transmission_type>
    </TS_information_descriptor>
    <service service_id="0xE000" running_status="undefined">
      <partialTS_time_descriptor event_version_number="59" event_start_time="2025-04-04 17:59:00" duration="00:01:00" other_descriptor_status="true" JST_time="2025-04-04 17:59:02"/>
      <generic_descriptor tag="0x85">
        7C 70 7C 70 A2 92 FF
      </generic_descriptor>
      <service_descriptor service_type="0x01" service_provider_name="" service_name="NHK総合1・熊本"/>
      <extended_broadcaster_descriptor broadcaster_type="0x01" terrestrial_broadcaster_id="0x7C71">
        <affiliation id="0x00"/>
        <affiliation id="0x01"/>
        <broadcaster original_network_id="0x0004" broadcaster_id="0x01"/>
      </extended_broadcaster_descriptor>
      <short_event_descriptor language_code="jpn">
        <event_name>プロ野球２０２５「ソフトバンク」対「西武」🈕</event_name>
        <text>リーグ連覇へ、日本一奪還へ。小久保監督２年目のホークス、ホーム２カード目ライオンズとの初戦を生中継。解説・松田宣浩さんへの質問、応援メッセージをお寄せください！</text>
      </short_event_descriptor>
      <extended_event_descriptor descriptor_number="0" last_descriptor_number="4" language_code="jpn">
        <text></text>
        <item>
          <description>番組内容</description>
          <name>パ・リーグ連覇へ、日本一奪還へ。新たなスタートを切った小久保監督２年目の福岡ソフトバンクホークス。ホームの２カード目、埼玉西武ライオンズとの初戦を試合終了まで生中継。最大の注目は守備の要・捕手。スタメンは？　投手陣の調子</name>
        </item>
      </extended_event_descriptor>
      <extended_event_descriptor descriptor_number="1" last_descriptor_number="4" language_code="jpn">
        <text></text>
        <item>
          <description></description>
          <name>は？今シーズンの打線への期待は？今年も松田宣浩さんが熱く解説します。松田さんへの質問、チームへの応援メッセージを募集します。画面上のＱＲコードやホームページからお寄せください。</name>
        </item>
      </extended_event_descriptor>
      <extended_event_descriptor descriptor_number="2" last_descriptor_number="4" language_code="jpn">
        <text></text>
        <item>
          <description>出演者</description>
          <name>【解説】松田宣浩，【実況】見浪哲史，【リポート】酒匂飛翔</name>
        </item>
      </extended_event_descriptor>
      <extended_event_descriptor descriptor_number="3" last_descriptor_number="4" language_code="jpn">
        <text></text>
        <item>
          <description>キーワード１</description>
          <name>ソフトバンク</name>
        </item>
      </extended_event_descriptor>
      <extended_event_descriptor descriptor_number="4" last_descriptor_number="4" language_code="jpn">
        <text></text>
        <item>
          <description>キーワード２</description>
          <name>西武</name>
        </item>
      </extended_event_descriptor>
      <component_descriptor stream_content="0x01" stream_content_ext="0x0F" component_type="0xB3" component_tag="0x00" language_code="jpn" text=""/>
      <audio_component_descriptor stream_content="0x02" component_type="0x03" component_tag="0x10" stream_type="0x0F" main_component="true" quality_indicator="2" sampling_rate="7" ISO_639_language_code="jpn" text="日本語"/>
      <audio_component_descriptor stream_content="0x02" component_type="0x03" component_tag="0x11" stream_type="0x0F" main_component="false" quality_indicator="2" sampling_rate="7" ISO_639_language_code="jpn" text="球場音声"/>
      <content_descriptor>
        <content content_nibble_level_1="1" content_nibble_level_2="1" user_byte="0xFF"/>
        <content content_nibble_level_1="14" content_nibble_level_2="0" user_byte="0x11"/>
      </content_descriptor>
      <event_group_descriptor group_type="1">
        <actual service_id="0xE000" event_id="0xA292"/>
        <actual service_id="0xE001" event_id="0xA292"/>
      </event_group_descriptor>
      <event_group_descriptor group_type="2">
        <actual service_id="0xE001" event_id="0xA297"/>
      </event_group_descriptor>
    </service>
  </selection_information_table>
  <selection_information_table version="30" current="true">
    <partial_transport_stream_descriptor peak_rate="0x0000EA60"/>
    <ISDB_network_identifier_descriptor country_code="JPN" media_type="TB" network_id="0x7C70"/>
    <TS_information_descriptor remote_control_key_id="0x01" ts_name="ＮＨＫ総合・熊本">
      <transmission_type transmission_type_info="0x0F">
        <service id="0xE000"/>
        <service id="0xE001"/>
        <service id="0xFFF0"/>
      </transmission_type>
      <transmission_type transmission_type_info="0xAF">
        <service id="0xE180"/>
      </transmission_type>
    </TS_information_descriptor>
    <service service_id="0xE000" running_status="undefined">
      <partialTS_time_descriptor event_version_number="59" event_start_time="2025-04-04 17:59:00" duration="00:01:00" other_descriptor_status="false" JST_time="2025-04-04 17:59:04"/>
      <generic_descriptor tag="0x85">
        7C 70 7C 70 A2 92 FF
      </generic_descriptor>
      <service_descriptor service_type="0x01" service_provider_name="" service_name="NHK総合1・熊本"/>
      <extended_broadcaster_descriptor broadcaster_type="0x01" terrestrial_broadcaster_id="0x7C71">
        <affiliation id="0x00"/>
        <affiliation id="0x01"/>
        <broadcaster original_network_id="0x0004" broadcaster_id="0x01"/>
      </extended_broadcaster_descriptor>
      <short_event_descriptor language_code="jpn">
        <event_name>プロ野球２０２５「ソフトバンク」対「西武」🈕</event_name>
        <text>リーグ連覇へ、日本一奪還へ。小久保監督２年目のホークス、ホーム２カード目ライオンズとの初戦を生中継。解説・松田宣浩さんへの質問、応援メッセージをお寄せください！</text>
      </short_event_descriptor>
      <extended_event_descriptor descriptor_number="0" last_descriptor_number="4" language_code="jpn">
        <text></text>
        <item>
          <description>番組内容</description>
          <name>パ・リーグ連覇へ、日本一奪還へ。新たなスタートを切った小久保監督２年目の福岡ソフトバンクホークス。ホームの２カード目、埼玉西武ライオンズとの初戦を試合終了まで生中継。最大の注目は守備の要・捕手。スタメンは？　投手陣の調子</name>
        </item>
      </extended_event_descriptor>
      <extended_event_descriptor descriptor_number="1" last_descriptor_number="4" language_code="jpn">
        <text></text>
        <item>
          <description></description>
          <name>は？今シーズンの打線への期待は？今年も松田宣浩さんが熱く解説します。松田さんへの質問、チームへの応援メッセージを募集します。画面上のＱＲコードやホームページからお寄せください。</name>
        </item>
      </extended_event_descriptor>
      <extended_event_descriptor descriptor_number="2" last_descriptor_number="4" language_code="jpn">
        <text></text>
        <item>
          <description>出演者</description>
          <name>【解説】松田宣浩，【実況】見浪哲史，【リポート】酒匂飛翔</name>
        </item>
      </extended_event_descriptor>
      <extended_event_descriptor descriptor_number="3" last_descriptor_number="4" language_code="jpn">
        <text></text>
        <item>
          <description>キーワード１</description>
          <name>ソフトバンク</name>
        </item>
      </extended_event_descriptor>
      <extended_event_descriptor descriptor_number="4" last_descriptor_number="4" language_code="jpn">
        <text></text>
        <item>
          <description>キーワード２</description>
          <name>西武</name>
        </item>
      </extended_event_descriptor>
      <component_descriptor stream_content="0x01" stream_content_ext="0x0F" component_type="0xB3" component_tag="0x00" language_code="jpn" text=""/>
      <audio_component_descriptor stream_content="0x02" component_type="0x03" component_tag="0x10" stream_type="0x0F" main_component="true" quality_indicator="2" sampling_rate="7" ISO_639_language_code="jpn" text="日本語"/>
      <audio_component_descriptor stream_content="0x02" component_type="0x03" component_tag="0x11" stream_type="0x0F" main_component="false" quality_indicator="2" sampling_rate="7" ISO_639_language_code="jpn" text="球場音声"/>
      <content_descriptor>
        <content content_nibble_level_1="1" content_nibble_level_2="1" user_byte="0xFF"/>
        <content content_nibble_level_1="14" content_nibble_level_2="0" user_byte="0x11"/>
      </content_descriptor>
      <event_group_descriptor group_type="1">
        <actual service_id="0xE000" event_id="0xA292"/>
        <actual service_id="0xE001" event_id="0xA292"/>
      </event_group_descriptor>
      <event_group_descriptor group_type="2">
        <actual service_id="0xE001" event_id="0xA297"/>
      </event_group_descriptor>
    </service>
  </selection_information_table>
  <selection_information_table version="31" current="true">
    <partial_transport_stream_descriptor peak_rate="0x0000EA60"/>
    <ISDB_network_identifier_descriptor country_code="JPN" media_type="TB" network_id="0x7C70"/>
    <TS_information_descriptor remote_control_key_id="0x01" ts_name="ＮＨＫ総合・熊本">
      <transmission_type transmission_type_info="0x0F">
        <service id="0xE000"/>
        <service id="0xE001"/>
        <service id="0xFFF0"/>
      </transmission_type>
      <transmission_type transmission_type_info="0xAF">
        <service id="0xE180"/>
      </transmission_type>
    </TS_information_descriptor>
    <service service_id="0xE000" running_status="undefined">
      <partialTS_time_descriptor event_version_number="59" event_start_time="2025-04-04 17:59:00" duration="00:01:00" other_descriptor_status="false" JST_time="2025-04-04 17:59:07"/>
      <generic_descriptor tag="0x85">
        7C 70 7C 70 A2 92 FF
      </generic_descriptor>
      <service_descriptor service_type="0x01" service_provider_name="" service_name="NHK総合1・熊本"/>
      <extended_broadcaster_descriptor broadcaster_type="0x01" terrestrial_broadcaster_id="0x7C71">
        <affiliation id="0x00"/>
        <affiliation id="0x01"/>
        <broadcaster original_network_id="0x0004" broadcaster_id="0x01"/>
      </extended_broadcaster_descriptor>
      <short_event_descriptor language_code="jpn">
        <event_name>プロ野球２０２５「ソフトバンク」対「西武」🈕</event_name>
        <text>リーグ連覇へ、日本一奪還へ。小久保監督２年目のホークス、ホーム２カード目ライオンズとの初戦を生中継。解説・松田宣浩さんへの質問、応援メッセージをお寄せください！</text>
      </short_event_descriptor>
      <extended_event_descriptor descriptor_number="0" last_descriptor_number="4" language_code="jpn">
        <text></text>
        <item>
          <description>番組内容</description>
          <name>パ・リーグ連覇へ、日本一奪還へ。新たなスタートを切った小久保監督２年目の福岡ソフトバンクホークス。ホームの２カード目、埼玉西武ライオンズとの初戦を試合終了まで生中継。最大の注目は守備の要・捕手。スタメンは？　投手陣の調子</name>
        </item>
      </extended_event_descriptor>
      <extended_event_descriptor descriptor_number="1" last_descriptor_number="4" language_code="jpn">
        <text></text>
        <item>
          <description></description>
          <name>は？今シーズンの打線への期待は？今年も松田宣浩さんが熱く解説します。松田さんへの質問、チームへの応援メッセージを募集します。画面上のＱＲコードやホームページからお寄せください。</name>
        </item>
      </extended_event_descriptor>
      <extended_event_descriptor descriptor_number="2" last_descriptor_number="4" language_code="jpn">
        <text></text>
        <item>
          <description>出演者</description>
          <name>【解説】松田宣浩，【実況】見浪哲史，【リポート】酒匂飛翔</name>
        </item>
      </extended_event_descriptor>
      <extended_event_descriptor descriptor_number="3" last_descriptor_number="4" language_code="jpn">
        <text></text>
        <item>
          <description>キーワード１</description>
          <name>ソフトバンク</name>
        </item>
      </extended_event_descriptor>
      <extended_event_descriptor descriptor_number="4" last_descriptor_number="4" language_code="jpn">
        <text></text>
        <item>
          <description>キーワード２</description>
          <name>西武</name>
        </item>
      </extended_event_descriptor>
      <component_descriptor stream_content="0x01" stream_content_ext="0x0F" component_type="0xB3" component_tag="0x00" language_code="jpn" text=""/>
      <audio_component_descriptor stream_content="0x02" component_type="0x03" component_tag="0x10" stream_type="0x0F" main_component="true" quality_indicator="2" sampling_rate="7" ISO_639_language_code="jpn" text="日本語"/>
      <audio_component_descriptor stream_content="0x02" component_type="0x03" component_tag="0x11" stream_type="0x0F" main_component="false" quality_indicator="2" sampling_rate="7" ISO_639_language_code="jpn" text="球場音声"/>
      <content_descriptor>
        <content content_nibble_level_1="1" content_nibble_level_2="1" user_byte="0xFF"/>
        <content content_nibble_level_1="14" content_nibble_level_2="0" user_byte="0x11"/>
      </content_descriptor>
      <event_group_descriptor group_type="1">
        <actual service_id="0xE000" event_id="0xA292"/>
        <actual service_id="0xE001" event_id="0xA292"/>
      </event_group_descriptor>
      <event_group_descriptor group_type="2">
        <actual service_id="0xE001" event_id="0xA297"/>
      </event_group_descriptor>
    </service>
  </selection_information_table>
  <selection_information_table version="0" current="true">
    <partial_transport_stream_descriptor peak_rate="0x0000EA60"/>
    <ISDB_network_identifier_descriptor country_code="JPN" media_type="TB" network_id="0x7C70"/>
    <TS_information_descriptor remote_control_key_id="0x01" ts_name="ＮＨＫ総合・熊本">
      <transmission_type transmission_type_info="0x0F">
        <service id="0xE000"/>
        <service id="0xE001"/>
        <service id="0xFFF0"/>
      </transmission_type>
      <transmission_type transmission_type_info="0xAF">
        <service id="0xE180"/>
      </transmission_type>
    </TS_information_descriptor>
    <service service_id="0xE000" running_status="undefined">
      <partialTS_time_descriptor event_version_number="59" event_start_time="2025-04-04 17:59:00" duration="00:01:00" other_descriptor_status="false" JST_time="2025-04-04 17:59:09"/>
      <generic_descriptor tag="0x85">
        7C 70 7C 70 A2 92 FF
      </generic_descriptor>
      <service_descriptor service_type="0x01" service_provider_name="" service_name="NHK総合1・熊本"/>
      <extended_broadcaster_descriptor broadcaster_type="0x01" terrestrial_broadcaster_id="0x7C71">
        <affiliation id="0x00"/>
        <affiliation id="0x01"/>
        <broadcaster original_network_id="0x0004" broadcaster_id="0x01"/>
      </extended_broadcaster_descriptor>
      <short_event_descriptor language_code="jpn">
        <event_name>プロ野球２０２５「ソフトバンク」対「西武」🈕</event_name>
        <text>リーグ連覇へ、日本一奪還へ。小久保監督２年目のホークス、ホーム２カード目ライオンズとの初戦を生中継。解説・松田宣浩さんへの質問、応援メッセージをお寄せください！</text>
      </short_event_descriptor>
      <extended_event_descriptor descriptor_number="0" last_descriptor_number="4" language_code="jpn">
        <text></text>
        <item>
          <description>番組内容</description>
          <name>パ・リーグ連覇へ、日本一奪還へ。新たなスタートを切った小久保監督２年目の福岡ソフトバンクホークス。ホームの２カード目、埼玉西武ライオンズとの初戦を試合終了まで生中継。最大の注目は守備の要・捕手。スタメンは？　投手陣の調子</name>
        </item>
      </extended_event_descriptor>
      <extended_event_descriptor descriptor_number="1" last_descriptor_number="4" language_code="jpn">
        <text></text>
        <item>
          <description></description>
          <name>は？今シーズンの打線への期待は？今年も松田宣浩さんが熱く解説します。松田さんへの質問、チームへの応援メッセージを募集します。画面上のＱＲコードやホームページからお寄せください。</name>
        </item>
      </extended_event_descriptor>
      <extended_event_descriptor descriptor_number="2" last_descriptor_number="4" language_code="jpn">
        <text></text>
        <item>
          <description>出演者</description>
          <name>【解説】松田宣浩，【実況】見浪哲史，【リポート】酒匂飛翔</name>
        </item>
      </extended_event_descriptor>
      <extended_event_descriptor descriptor_number="3" last_descriptor_number="4" language_code="jpn">
        <text></text>
        <item>
          <description>キーワード１</description>
          <name>ソフトバンク</name>
        </item>
      </extended_event_descriptor>
      <extended_event_descriptor descriptor_number="4" last_descriptor_number="4" language_code="jpn">
        <text></text>
        <item>
          <description>キーワード２</description>
          <name>西武</name>
        </item>
      </extended_event_descriptor>
      <component_descriptor stream_content="0x01" stream_content_ext="0x0F" component_type="0xB3" component_tag="0x00" language_code="jpn" text=""/>
      <audio_component_descriptor stream_content="0x02" component_type="0x03" component_tag="0x10" stream_type="0x0F" main_component="true" quality_indicator="2" sampling_rate="7" ISO_639_language_code="jpn" text="日本語"/>
      <audio_component_descriptor stream_content="0x02" component_type="0x03" component_tag="0x11" stream_type="0x0F" main_component="false" quality_indicator="2" sampling_rate="7" ISO_639_language_code="jpn" text="球場音声"/>
      <content_descriptor>
        <content content_nibble_level_1="1" content_nibble_level_2="1" user_byte="0xFF"/>
        <content content_nibble_level_1="14" content_nibble_level_2="0" user_byte="0x11"/>
      </content_descriptor>
      <event_group_descriptor group_type="1">
        <actual service_id="0xE000" event_id="0xA292"/>
        <actual service_id="0xE001" event_id="0xA292"/>
      </event_group_descriptor>
      <event_group_descriptor group_type="2">
        <actual service_id="0xE001" event_id="0xA297"/>
      </event_group_descriptor>
    </service>
  </selection_information_table>
  <selection_information_table version="1" current="true">
    <partial_transport_stream_descriptor peak_rate="0x0000EA60"/>
    <ISDB_network_identifier_descriptor country_code="JPN" media_type="TB" network_id="0x7C70"/>
    <TS_information_descriptor remote_control_key_id="0x01" ts_name="ＮＨＫ総合・熊本">
      <transmission_type transmission_type_info="0x0F">
        <service id="0xE000"/>
        <service id="0xE001"/>
        <service id="0xFFF0"/>
      </transmission_type>
      <transmission_type transmission_type_info="0xAF">
        <service id="0xE180"/>
      </transmission_type>
    </TS_information_descriptor>
    <service service_id="0xE000" running_status="undefined">
      <partialTS_time_descriptor event_version_number="59" event_start_time="2025-04-04 17:59:00" duration="00:01:00" other_descriptor_status="false" JST_time="2025-04-04 17:59:11"/>
      <generic_descriptor tag="0x85">
        7C 70 7C 70 A2 92 FF
      </generic_descriptor>
      <service_descriptor service_type="0x01" service_provider_name="" service_name="NHK総合1・熊本"/>
      <extended_broadcaster_descriptor broadcaster_type="0x01" terrestrial_broadcaster_id="0x7C71">
        <affiliation id="0x00"/>
        <affiliation id="0x01"/>
        <broadcaster original_network_id="0x0004" broadcaster_id="0x01"/>
      </extended_broadcaster_descriptor>
      <short_event_descriptor language_code="jpn">
        <event_name>プロ野球２０２５「ソフトバンク」対「西武」🈕</event_name>
        <text>リーグ連覇へ、日本一奪還へ。小久保監督２年目のホークス、ホーム２カード目ライオンズとの初戦を生中継。解説・松田宣浩さんへの質問、応援メッセージをお寄せください！</text>
      </short_event_descriptor>
      <extended_event_descriptor descriptor_number="0" last_descriptor_number="4" language_code="jpn">
        <text></text>
        <item>
          <description>番組内容</description>
          <name>パ・リーグ連覇へ、日本一奪還へ。新たなスタートを切った小久保監督２年目の福岡ソフトバンクホークス。ホームの２カード目、埼玉西武ライオンズとの初戦を試合終了まで生中継。最大の注目は守備の要・捕手。スタメンは？　投手陣の調子</name>
        </item>
      </extended_event_descriptor>
      <extended_event_descriptor descriptor_number="1" last_descriptor_number="4" language_code="jpn">
        <text></text>
        <item>
          <description></description>
          <name>は？今シーズンの打線への期待は？今年も松田宣浩さんが熱く解説します。松田さんへの質問、チームへの応援メッセージを募集します。画面上のＱＲコードやホームページからお寄せください。</name>
        </item>
      </extended_event_descriptor>
      <extended_event_descriptor descriptor_number="2" last_descriptor_number="4" language_code="jpn">
        <text></text>
        <item>
          <description>出演者</description>
          <name>【解説】松田宣浩，【実況】見浪哲史，【リポート】酒匂飛翔</name>
        </item>
      </extended_event_descriptor>
      <extended_event_descriptor descriptor_number="3" last_descriptor_number="4" language_code="jpn">
        <text></text>
        <item>
          <description>キーワード１</description>
          <name>ソフトバンク</name>
        </item>
      </extended_event_descriptor>
      <extended_event_descriptor descriptor_number="4" last_descriptor_number="4" language_code="jpn">
        <text></text>
        <item>
          <description>キーワード２</description>
          <name>西武</name>
        </item>
      </extended_event_descriptor>
      <component_descriptor stream_content="0x01" stream_content_ext="0x0F" component_type="0xB3" component_tag="0x00" language_code="jpn" text=""/>
      <audio_component_descriptor stream_content="0x02" component_type="0x03" component_tag="0x10" stream_type="0x0F" main_component="true" quality_indicator="2" sampling_rate="7" ISO_639_language_code="jpn" text="日本語"/>
      <audio_component_descriptor stream_content="0x02" component_type="0x03" component_tag="0x11" stream_type="0x0F" main_component="false" quality_indicator="2" sampling_rate="7" ISO_639_language_code="jpn" text="球場音声"/>
      <content_descriptor>
        <content content_nibble_level_1="1" content_nibble_level_2="1" user_byte="0xFF"/>
        <content content_nibble_level_1="14" content_nibble_level_2="0" user_byte="0x11"/>
      </content_descriptor>
      <event_group_descriptor group_type="1">
        <actual service_id="0xE000" event_id="0xA292"/>
        <actual service_id="0xE001" event_id="0xA292"/>
      </event_group_descriptor>
      <event_group_descriptor group_type="2">
        <actual service_id="0xE001" event_id="0xA297"/>
      </event_group_descriptor>
    </service>
  </selection_information_table>
  <selection_information_table version="2" current="true">
    <partial_transport_stream_descriptor peak_rate="0x0000EA60"/>
    <ISDB_network_identifier_descriptor country_code="JPN" media_type="TB" network_id="0x7C70"/>
    <TS_information_descriptor remote_control_key_id="0x01" ts_name="ＮＨＫ総合・熊本">
      <transmission_type transmission_type_info="0x0F">
        <service id="0xE000"/>
        <service id="0xE001"/>
        <service id="0xFFF0"/>
      </transmission_type>
      <transmission_type transmission_type_info="0xAF">
        <service id="0xE180"/>
      </transmission_type>
    </TS_information_descriptor>
    <service service_id="0xE000" running_status="undefined">
      <partialTS_time_descriptor event_version_number="59" event_start_time="2025-04-04 17:59:00" duration="00:01:00" other_descriptor_status="false" JST_time="2025-04-04 17:59:13"/>
      <generic_descriptor tag="0x85">
        7C 70 7C 70 A2 92 FF
      </generic_descriptor>
      <service_descriptor service_type="0x01" service_provider_name="" service_name="NHK総合1・熊本"/>
      <extended_broadcaster_descriptor broadcaster_type="0x01" terrestrial_broadcaster_id="0x7C71">
        <affiliation id="0x00"/>
        <affiliation id="0x01"/>
        <broadcaster original_network_id="0x0004" broadcaster_id="0x01"/>
      </extended_broadcaster_descriptor>
      <short_event_descriptor language_code="jpn">
        <event_name>プロ野球２０２５「ソフトバンク」対「西武」🈕</event_name>
        <text>リーグ連覇へ、日本一奪還へ。小久保監督２年目のホークス、ホーム２カード目ライオンズとの初戦を生中継。解説・松田宣浩さんへの質問、応援メッセージをお寄せください！</text>
      </short_event_descriptor>
      <extended_event_descriptor descriptor_number="0" last_descriptor_number="4" language_code="jpn">
        <text></text>
        <item>
          <description>番組内容</description>
          <name>パ・リーグ連覇へ、日本一奪還へ。新たなスタートを切った小久保監督２年目の福岡ソフトバンクホークス。ホームの２カード目、埼玉西武ライオンズとの初戦を試合終了まで生中継。最大の注目は守備の要・捕手。スタメンは？　投手陣の調子</name>
        </item>
      </extended_event_descriptor>
      <extended_event_descriptor descriptor_number="1" last_descriptor_number="4" language_code="jpn">
        <text></text>
        <item>
          <description></description>
          <name>は？今シーズンの打線への期待は？今年も松田宣浩さんが熱く解説します。松田さんへの質問、チームへの応援メッセージを募集します。画面上のＱＲコードやホームページからお寄せください。</name>
        </item>
      </extended_event_descriptor>
      <extended_event_descriptor descriptor_number="2" last_descriptor_number="4" language_code="jpn">
        <text></text>
        <item>
          <description>出演者</description>
          <name>【解説】松田宣浩，【実況】見浪哲史，【リポート】酒匂飛翔</name>
        </item>
      </extended_event_descriptor>
      <extended_event_descriptor descriptor_number="3" last_descriptor_number="4" language_code="jpn">
        <text></text>
        <item>
          <description>キーワード１</description>
          <name>ソフトバンク</name>
        </item>
      </extended_event_descriptor>
      <extended_event_descriptor descriptor_number="4" last_descriptor_number="4" language_code="jpn">
        <text></text>
        <item>
          <description>キーワード２</description>
          <name>西武</name>
        </item>
      </extended_event_descriptor>
      <component_descriptor stream_content="0x01" stream_content_ext="0x0F" component_type="0xB3" component_tag="0x00" language_code="jpn" text=""/>
      <audio_component_descriptor stream_content="0x02" component_type="0x03" component_tag="0x10" stream_type="0x0F" main_component="true" quality_indicator="2" sampling_rate="7" ISO_639_language_code="jpn" text="日本語"/>
      <audio_component_descriptor stream_content="0x02" component_type="0x03" component_tag="0x11" stream_type="0x0F" main_component="false" quality_indicator="2" sampling_rate="7" ISO_639_language_code="jpn" text="球場音声"/>
      <content_descriptor>
        <content content_nibble_level_1="1" content_nibble_level_2="1" user_byte="0xFF"/>
        <content content_nibble_level_1="14" content_nibble_level_2="0" user_byte="0x11"/>
      </content_descriptor>
      <event_group_descriptor group_type="1">
        <actual service_id="0xE000" event_id="0xA292"/>
        <actual service_id="0xE001" event_id="0xA292"/>
      </event_group_descriptor>
      <event_group_descriptor group_type="2">
        <actual service_id="0xE001" event_id="0xA297"/>
      </event_group_descriptor>
    </service>
  </selection_information_table>
  <selection_information_table version="3" current="true">
    <partial_transport_stream_descriptor peak_rate="0x0000EA60"/>
    <ISDB_network_identifier_descriptor country_code="JPN" media_type="TB" network_id="0x7C70"/>
    <TS_information_descriptor remote_control_key_id="0x01" ts_name="ＮＨＫ総合・熊本">
      <transmission_type transmission_type_info="0x0F">
        <service id="0xE000"/>
        <service id="0xE001"/>
        <service id="0xFFF0"/>
      </transmission_type>
      <transmission_type transmission_type_info="0xAF">
        <service id="0xE180"/>
      </transmission_type>
    </TS_information_descriptor>
    <service service_id="0xE000" running_status="undefined">
      <partialTS_time_descriptor event_version_number="59" event_start_time="2025-04-04 17:59:00" duration="00:01:00" other_descriptor_status="false" JST_time="2025-04-04 17:59:15"/>
      <generic_descriptor tag="0x85">
        7C 70 7C 70 A2 92 FF
      </generic_descriptor>
      <service_descriptor service_type="0x01" service_provider_name="" service_name="NHK総合1・熊本"/>
      <extended_broadcaster_descriptor broadcaster_type="0x01" terrestrial_broadcaster_id="0x7C71">
        <affiliation id="0x00"/>
        <affiliation id="0x01"/>
        <broadcaster original_network_id="0x0004" broadcaster_id="0x01"/>
      </extended_broadcaster_descriptor>
      <short_event_descriptor language_code="jpn">
        <event_name>プロ野球２０２５「ソフトバンク」対「西武」🈕</event_name>
        <text>リーグ連覇へ、日本一奪還へ。小久保監督２年目のホークス、ホーム２カード目ライオンズとの初戦を生中継。解説・松田宣浩さんへの質問、応援メッセージをお寄せください！</text>
      </short_event_descriptor>
      <extended_event_descriptor descriptor_number="0" last_descriptor_number="4" language_code="jpn">
        <text></text>
        <item>
          <description>番組内容</description>
          <name>パ・リーグ連覇へ、日本一奪還へ。新たなスタートを切った小久保監督２年目の福岡ソフトバンクホークス。ホームの２カード目、埼玉西武ライオンズとの初戦を試合終了まで生中継。最大の注目は守備の要・捕手。スタメンは？　投手陣の調子</name>
        </item>
      </extended_event_descriptor>
      <extended_event_descriptor descriptor_number="1" last_descriptor_number="4" language_code="jpn">
        <text></text>
        <item>
          <description></description>
          <name>は？今シーズンの打線への期待は？今年も松田宣浩さんが熱く解説します。松田さんへの質問、チームへの応援メッセージを募集します。画面上のＱＲコードやホームページからお寄せください。</name>
        </item>
      </extended_event_descriptor>
      <extended_event_descriptor descriptor_number="2" last_descriptor_number="4" language_code="jpn">
        <text></text>
        <item>
          <description>出演者</description>
          <name>【解説】松田宣浩，【実況】見浪哲史，【リポート】酒匂飛翔</name>
        </item>
      </extended_event_descriptor>
      <extended_event_descriptor descriptor_number="3" last_descriptor_number="4" language_code="jpn">
        <text></text>
        <item>
          <description>キーワード１</description>
          <name>ソフトバンク</name>
        </item>
      </extended_event_descriptor>
      <extended_event_descriptor descriptor_number="4" last_descriptor_number="4" language_code="jpn">
        <text></text>
        <item>
          <description>キーワード２</description>
          <name>西武</name>
        </item>
      </extended_event_descriptor>
      <component_descriptor stream_content="0x01" stream_content_ext="0x0F" component_type="0xB3" component_tag="0x00" language_code="jpn" text=""/>
      <audio_component_descriptor stream_content="0x02" component_type="0x03" component_tag="0x10" stream_type="0x0F" main_component="true" quality_indicator="2" sampling_rate="7" ISO_639_language_code="jpn" text="日本語"/>
      <audio_component_descriptor stream_content="0x02" component_type="0x03" component_tag="0x11" stream_type="0x0F" main_component="false" quality_indicator="2" sampling_rate="7" ISO_639_language_code="jpn" text="球場音声"/>
      <content_descriptor>
        <content content_nibble_level_1="1" content_nibble_level_2="1" user_byte="0xFF"/>
        <content content_nibble_level_1="14" content_nibble_level_2="0" user_byte="0x11"/>
      </content_descriptor>
      <event_group_descriptor group_type="1">
        <actual service_id="0xE000" event_id="0xA292"/>
        <actual service_id="0xE001" event_id="0xA292"/>
      </event_group_descriptor>
      <event_group_descriptor group_type="2">
        <actual service_id="0xE001" event_id="0xA297"/>
      </event_group_descriptor>
    </service>
  </selection_information_table>
  <selection_information_table version="4" current="true">
    <partial_transport_stream_descriptor peak_rate="0x0000EA60"/>
    <ISDB_network_identifier_descriptor country_code="JPN" media_type="TB" network_id="0x7C70"/>
    <TS_information_descriptor remote_control_key_id="0x01" ts_name="ＮＨＫ総合・熊本">
      <transmission_type transmission_type_info="0x0F">
        <service id="0xE000"/>
        <service id="0xE001"/>
        <service id="0xFFF0"/>
      </transmission_type>
      <transmission_type transmission_type_info="0xAF">
        <service id="0xE180"/>
      </transmission_type>
    </TS_information_descriptor>
    <service service_id="0xE000" running_status="undefined">
      <partialTS_time_descriptor event_version_number="59" event_start_time="2025-04-04 17:59:00" duration="00:01:00" other_descriptor_status="false" JST_time="2025-04-04 17:59:17"/>
      <generic_descriptor tag="0x85">
        7C 70 7C 70 A2 92 FF
      </generic_descriptor>
      <service_descriptor service_type="0x01" service_provider_name="" service_name="NHK総合1・熊本"/>
      <extended_broadcaster_descriptor broadcaster_type="0x01" terrestrial_broadcaster_id="0x7C71">
        <affiliation id="0x00"/>
        <affiliation id="0x01"/>
        <broadcaster original_network_id="0x0004" broadcaster_id="0x01"/>
      </extended_broadcaster_descriptor>
      <short_event_descriptor language_code="jpn">
        <event_name>プロ野球２０２５「ソフトバンク」対「西武」🈕</event_name>
        <text>リーグ連覇へ、日本一奪還へ。小久保監督２年目のホークス、ホーム２カード目ライオンズとの初戦を生中継。解説・松田宣浩さんへの質問、応援メッセージをお寄せください！</text>
      </short_event_descriptor>
      <extended_event_descriptor descriptor_number="0" last_descriptor_number="4" language_code="jpn">
        <text></text>
        <item>
          <description>番組内容</description>
          <name>パ・リーグ連覇へ、日本一奪還へ。新たなスタートを切った小久保監督２年目の福岡ソフトバンクホークス。ホームの２カード目、埼玉西武ライオンズとの初戦を試合終了まで生中継。最大の注目は守備の要・捕手。スタメンは？　投手陣の調子</name>
        </item>
      </extended_event_descriptor>
      <extended_event_descriptor descriptor_number="1" last_descriptor_number="4" language_code="jpn">
        <text></text>
        <item>
          <description></description>
          <name>は？今シーズンの打線への期待は？今年も松田宣浩さんが熱く解説します。松田さんへの質問、チームへの応援メッセージを募集します。画面上のＱＲコードやホームページからお寄せください。</name>
        </item>
      </extended_event_descriptor>
      <extended_event_descriptor descriptor_number="2" last_descriptor_number="4" language_code="jpn">
        <text></text>
        <item>
          <description>出演者</description>
          <name>【解説】松田宣浩，【実況】見浪哲史，【リポート】酒匂飛翔</name>
        </item>
      </extended_event_descriptor>
      <extended_event_descriptor descriptor_number="3" last_descriptor_number="4" language_code="jpn">
        <text></text>
        <item>
          <description>キーワード１</description>
          <name>ソフトバンク</name>
        </item>
      </extended_event_descriptor>
      <extended_event_descriptor descriptor_number="4" last_descriptor_number="4" language_code="jpn">
        <text></text>
        <item>
          <description>キーワード２</description>
          <name>西武</name>
        </item>
      </extended_event_descriptor>
      <component_descriptor stream_content="0x01" stream_content_ext="0x0F" component_type="0xB3" component_tag="0x00" language_code="jpn" text=""/>
      <audio_component_descriptor stream_content="0x02" component_type="0x03" component_tag="0x10" stream_type="0x0F" main_component="true" quality_indicator="2" sampling_rate="7" ISO_639_language_code="jpn" text="日本語"/>
      <audio_component_descriptor stream_content="0x02" component_type="0x03" component_tag="0x11" stream_type="0x0F" main_component="false" quality_indicator="2" sampling_rate="7" ISO_639_language_code="jpn" text="球場音声"/>
      <content_descriptor>
        <content content_nibble_level_1="1" content_nibble_level_2="1" user_byte="0xFF"/>
        <content content_nibble_level_1="14" content_nibble_level_2="0" user_byte="0x11"/>
      </content_descriptor>
      <event_group_descriptor group_type="1">
        <actual service_id="0xE000" event_id="0xA292"/>
        <actual service_id="0xE001" event_id="0xA292"/>
      </event_group_descriptor>
      <event_group_descriptor group_type="2">
        <actual service_id="0xE001" event_id="0xA297"/>
      </event_group_descriptor>
    </service>
  </selection_information_table>
  <selection_information_table version="5" current="true">
    <partial_transport_stream_descriptor peak_rate="0x0000EA60"/>
    <ISDB_network_identifier_descriptor country_code="JPN" media_type="TB" network_id="0x7C70"/>
    <TS_information_descriptor remote_control_key_id="0x01" ts_name="ＮＨＫ総合・熊本">
      <transmission_type transmission_type_info="0x0F">
        <service id="0xE000"/>
        <service id="0xE001"/>
        <service id="0xFFF0"/>
      </transmission_type>
      <transmission_type transmission_type_info="0xAF">
        <service id="0xE180"/>
      </transmission_type>
    </TS_information_descriptor>
    <service service_id="0xE000" running_status="undefined">
      <partialTS_time_descriptor event_version_number="59" event_start_time="2025-04-04 17:59:00" duration="00:01:00" other_descriptor_status="false" JST_time="2025-04-04 17:59:19"/>
      <generic_descriptor tag="0x85">
        7C 70 7C 70 A2 92 FF
      </generic_descriptor>
      <service_descriptor service_type="0x01" service_provider_name="" service_name="NHK総合1・熊本"/>
      <extended_broadcaster_descriptor broadcaster_type="0x01" terrestrial_broadcaster_id="0x7C71">
        <affiliation id="0x00"/>
        <affiliation id="0x01"/>
        <broadcaster original_network_id="0x0004" broadcaster_id="0x01"/>
      </extended_broadcaster_descriptor>
      <short_event_descriptor language_code="jpn">
        <event_name>プロ野球２０２５「ソフトバンク」対「西武」🈕</event_name>
        <text>リーグ連覇へ、日本一奪還へ。小久保監督２年目のホークス、ホーム２カード目ライオンズとの初戦を生中継。解説・松田宣浩さんへの質問、応援メッセージをお寄せください！</text>
      </short_event_descriptor>
      <extended_event_descriptor descriptor_number="0" last_descriptor_number="4" language_code="jpn">
        <text></text>
        <item>
          <description>番組内容</description>
          <name>パ・リーグ連覇へ、日本一奪還へ。新たなスタートを切った小久保監督２年目の福岡ソフトバンクホークス。ホームの２カード目、埼玉西武ライオンズとの初戦を試合終了まで生中継。最大の注目は守備の要・捕手。スタメンは？　投手陣の調子</name>
        </item>
      </extended_event_descriptor>
      <extended_event_descriptor descriptor_number="1" last_descriptor_number="4" language_code="jpn">
        <text></text>
        <item>
          <description></description>
          <name>は？今シーズンの打線への期待は？今年も松田宣浩さんが熱く解説します。松田さんへの質問、チームへの応援メッセージを募集します。画面上のＱＲコードやホームページからお寄せください。</name>
        </item>
      </extended_event_descriptor>
      <extended_event_descriptor descriptor_number="2" last_descriptor_number="4" language_code="jpn">
        <text></text>
        <item>
          <description>出演者</description>
          <name>【解説】松田宣浩，【実況】見浪哲史，【リポート】酒匂飛翔</name>
        </item>
      </extended_event_descriptor>
      <extended_event_descriptor descriptor_number="3" last_descriptor_number="4" language_code="jpn">
        <text></text>
        <item>
          <description>キーワード１</description>
          <name>ソフトバンク</name>
        </item>
      </extended_event_descriptor>
      <extended_event_descriptor descriptor_number="4" last_descriptor_number="4" language_code="jpn">
        <text></text>
        <item>
          <description>キーワード２</description>
          <name>西武</name>
        </item>
      </extended_event_descriptor>
      <component_descriptor stream_content="0x01" stream_content_ext="0x0F" component_type="0xB3" component_tag="0x00" language_code="jpn" text=""/>
      <audio_component_descriptor stream_content="0x02" component_type="0x03" component_tag="0x10" stream_type="0x0F" main_component="true" quality_indicator="2" sampling_rate="7" ISO_639_language_code="jpn" text="日本語"/>
      <audio_component_descriptor stream_content="0x02" component_type="0x03" component_tag="0x11" stream_type="0x0F" main_component="false" quality_indicator="2" sampling_rate="7" ISO_639_language_code="jpn" text="球場音声"/>
      <content_descriptor>
        <content content_nibble_level_1="1" content_nibble_level_2="1" user_byte="0xFF"/>
        <content content_nibble_level_1="14" content_nibble_level_2="0" user_byte="0x11"/>
      </content_descriptor>
      <event_group_descriptor group_type="1">
        <actual service_id="0xE000" event_id="0xA292"/>
        <actual service_id="0xE001" event_id="0xA292"/>
      </event_group_descriptor>
      <event_group_descriptor group_type="2">
        <actual service_id="0xE001" event_id="0xA297"/>
      </event_group_descriptor>
    </service>
  </selection_information_table>
  <selection_information_table version="6" current="true">
    <partial_transport_stream_descriptor peak_rate="0x0000EA60"/>
    <ISDB_network_identifier_descriptor country_code="JPN" media_type="TB" network_id="0x7C70"/>
    <TS_information_descriptor remote_control_key_id="0x01" ts_name="ＮＨＫ総合・熊本">
      <transmission_type transmission_type_info="0x0F">
        <service id="0xE000"/>
        <service id="0xE001"/>
        <service id="0xFFF0"/>
      </transmission_type>
      <transmission_type transmission_type_info="0xAF">
        <service id="0xE180"/>
      </transmission_type>
    </TS_information_descriptor>
    <service service_id="0xE000" running_status="undefined">
      <partialTS_time_descriptor event_version_number="59" event_start_time="2025-04-04 17:59:00" duration="00:01:00" other_descriptor_status="false" JST_time="2025-04-04 17:59:21"/>
      <generic_descriptor tag="0x85">
        7C 70 7C 70 A2 92 FF
      </generic_descriptor>
      <service_descriptor service_type="0x01" service_provider_name="" service_name="NHK総合1・熊本"/>
      <extended_broadcaster_descriptor broadcaster_type="0x01" terrestrial_broadcaster_id="0x7C71">
        <affiliation id="0x00"/>
        <affiliation id="0x01"/>
        <broadcaster original_network_id="0x0004" broadcaster_id="0x01"/>
      </extended_broadcaster_descriptor>
      <short_event_descriptor language_code="jpn">
        <event_name>プロ野球２０２５「ソフトバンク」対「西武」🈕</event_name>
        <text>リーグ連覇へ、日本一奪還へ。小久保監督２年目のホークス、ホーム２カード目ライオンズとの初戦を生中継。解説・松田宣浩さんへの質問、応援メッセージをお寄せください！</text>
      </short_event_descriptor>
      <extended_event_descriptor descriptor_number="0" last_descriptor_number="4" language_code="jpn">
        <text></text>
        <item>
          <description>番組内容</description>
          <name>パ・リーグ連覇へ、日本一奪還へ。新たなスタートを切った小久保監督２年目の福岡ソフトバンクホークス。ホームの２カード目、埼玉西武ライオンズとの初戦を試合終了まで生中継。最大の注目は守備の要・捕手。スタメンは？　投手陣の調子</name>
        </item>
      </extended_event_descriptor>
      <extended_event_descriptor descriptor_number="1" last_descriptor_number="4" language_code="jpn">
        <text></text>
        <item>
          <description></description>
          <name>は？今シーズンの打線への期待は？今年も松田宣浩さんが熱く解説します。松田さんへの質問、チームへの応援メッセージを募集します。画面上のＱＲコードやホームページからお寄せください。</name>
        </item>
      </extended_event_descriptor>
      <extended_event_descriptor descriptor_number="2" last_descriptor_number="4" language_code="jpn">
        <text></text>
        <item>
          <description>出演者</description>
          <name>【解説】松田宣浩，【実況】見浪哲史，【リポート】酒匂飛翔</name>
        </item>
      </extended_event_descriptor>
      <extended_event_descriptor descriptor_number="3" last_descriptor_number="4" language_code="jpn">
        <text></text>
        <item>
          <description>キーワード１</description>
          <name>ソフトバンク</name>
        </item>
      </extended_event_descriptor>
      <extended_event_descriptor descriptor_number="4" last_descriptor_number="4" language_code="jpn">
        <text></text>
        <item>
          <description>キーワード２</description>
          <name>西武</name>
        </item>
      </extended_event_descriptor>
      <component_descriptor stream_content="0x01" stream_content_ext="0x0F" component_type="0xB3" component_tag="0x00" language_code="jpn" text=""/>
      <audio_component_descriptor stream_content="0x02" component_type="0x03" component_tag="0x10" stream_type="0x0F" main_component="true" quality_indicator="2" sampling_rate="7" ISO_639_language_code="jpn" text="日本語"/>
      <audio_component_descriptor stream_content="0x02" component_type="0x03" component_tag="0x11" stream_type="0x0F" main_component="false" quality_indicator="2" sampling_rate="7" ISO_639_language_code="jpn" text="球場音声"/>
      <content_descriptor>
        <content content_nibble_level_1="1" content_nibble_level_2="1" user_byte="0xFF"/>
        <content content_nibble_level_1="14" content_nibble_level_2="0" user_byte="0x11"/>
      </content_descriptor>
      <event_group_descriptor group_type="1">
        <actual service_id="0xE000" event_id="0xA292"/>
        <actual service_id="0xE001" event_id="0xA292"/>
      </event_group_descriptor>
      <event_group_descriptor group_type="2">
        <actual service_id="0xE001" event_id="0xA297"/>
      </event_group_descriptor>
    </service>
  </selection_information_table>
  <selection_information_table version="7" current="true">
    <partial_transport_stream_descriptor peak_rate="0x0000EA60"/>
    <ISDB_network_identifier_descriptor country_code="JPN" media_type="TB" network_id="0x7C70"/>
    <TS_information_descriptor remote_control_key_id="0x01" ts_name="ＮＨＫ総合・熊本">
      <transmission_type transmission_type_info="0x0F">
        <service id="0xE000"/>
        <service id="0xE001"/>
        <service id="0xFFF0"/>
      </transmission_type>
      <transmission_type transmission_type_info="0xAF">
        <service id="0xE180"/>
      </transmission_type>
    </TS_information_descriptor>
    <service service_id="0xE000" running_status="undefined">
      <partialTS_time_descriptor event_version_number="59" event_start_time="2025-04-04 17:59:00" duration="00:01:00" other_descriptor_status="false" JST_time="2025-04-04 17:59:23"/>
      <generic_descriptor tag="0x85">
        7C 70 7C 70 A2 92 FF
      </generic_descriptor>
      <service_descriptor service_type="0x01" service_provider_name="" service_name="NHK総合1・熊本"/>
      <extended_broadcaster_descriptor broadcaster_type="0x01" terrestrial_broadcaster_id="0x7C71">
        <affiliation id="0x00"/>
        <affiliation id="0x01"/>
        <broadcaster original_network_id="0x0004" broadcaster_id="0x01"/>
      </extended_broadcaster_descriptor>
      <short_event_descriptor language_code="jpn">
        <event_name>プロ野球２０２５「ソフトバンク」対「西武」🈕</event_name>
        <text>リーグ連覇へ、日本一奪還へ。小久保監督２年目のホークス、ホーム２カード目ライオンズとの初戦を生中継。解説・松田宣浩さんへの質問、応援メッセージをお寄せください！</text>
      </short_event_descriptor>
      <extended_event_descriptor descriptor_number="0" last_descriptor_number="4" language_code="jpn">
        <text></text>
        <item>
          <description>番組内容</description>
          <name>パ・リーグ連覇へ、日本一奪還へ。新たなスタートを切った小久保監督２年目の福岡ソフトバンクホークス。ホームの２カード目、埼玉西武ライオンズとの初戦を試合終了まで生中継。最大の注目は守備の要・捕手。スタメンは？　投手陣の調子</name>
        </item>
      </extended_event_descriptor>
      <extended_event_descriptor descriptor_number="1" last_descriptor_number="4" language_code="jpn">
        <text></text>
        <item>
          <description></description>
          <name>は？今シーズンの打線への期待は？今年も松田宣浩さんが熱く解説します。松田さんへの質問、チームへの応援メッセージを募集します。画面上のＱＲコードやホームページからお寄せください。</name>
        </item>
      </extended_event_descriptor>
      <extended_event_descriptor descriptor_number="2" last_descriptor_number="4" language_code="jpn">
        <text></text>
        <item>
          <description>出演者</description>
          <name>【解説】松田宣浩，【実況】見浪哲史，【リポート】酒匂飛翔</name>
        </item>
      </extended_event_descriptor>
      <extended_event_descriptor descriptor_number="3" last_descriptor_number="4" language_code="jpn">
        <text></text>
        <item>
          <description>キーワード１</description>
          <name>ソフトバンク</name>
        </item>
      </extended_event_descriptor>
      <extended_event_descriptor descriptor_number="4" last_descriptor_number="4" language_code="jpn">
        <text></text>
        <item>
          <description>キーワード２</description>
          <name>西武</name>
        </item>
      </extended_event_descriptor>
      <component_descriptor stream_content="0x01" stream_content_ext="0x0F" component_type="0xB3" component_tag="0x00" language_code="jpn" text=""/>
      <audio_component_descriptor stream_content="0x02" component_type="0x03" component_tag="0x10" stream_type="0x0F" main_component="true" quality_indicator="2" sampling_rate="7" ISO_639_language_code="jpn" text="日本語"/>
      <audio_component_descriptor stream_content="0x02" component_type="0x03" component_tag="0x11" stream_type="0x0F" main_component="false" quality_indicator="2" sampling_rate="7" ISO_639_language_code="jpn" text="球場音声"/>
      <content_descriptor>
        <content content_nibble_level_1="1" content_nibble_level_2="1" user_byte="0xFF"/>
        <content content_nibble_level_1="14" content_nibble_level_2="0" user_byte="0x11"/>
      </content_descriptor>
      <event_group_descriptor group_type="1">
        <actual service_id="0xE000" event_id="0xA292"/>
        <actual service_id="0xE001" event_id="0xA292"/>
      </event_group_descriptor>
      <event_group_descriptor group_type="2">
        <actual service_id="0xE001" event_id="0xA297"/>
      </event_group_descriptor>
    </service>
  </selection_information_table>
  <selection_information_table version="8" current="true">
    <partial_transport_stream_descriptor peak_rate="0x0000EA60"/>
    <ISDB_network_identifier_descriptor country_code="JPN" media_type="TB" network_id="0x7C70"/>
    <TS_information_descriptor remote_control_key_id="0x01" ts_name="ＮＨＫ総合・熊本">
      <transmission_type transmission_type_info="0x0F">
        <service id="0xE000"/>
        <service id="0xE001"/>
        <service id="0xFFF0"/>
      </transmission_type>
      <transmission_type transmission_type_info="0xAF">
        <service id="0xE180"/>
      </transmission_type>
    </TS_information_descriptor>
    <service service_id="0xE000" running_status="undefined">
      <partialTS_time_descriptor event_version_number="59" event_start_time="2025-04-04 17:59:00" duration="00:01:00" other_descriptor_status="false" JST_time="2025-04-04 17:59:25"/>
      <generic_descriptor tag="0x85">
        7C 70 7C 70 A2 92 FF
      </generic_descriptor>
      <service_descriptor service_type="0x01" service_provider_name="" service_name="NHK総合1・熊本"/>
      <extended_broadcaster_descriptor broadcaster_type="0x01" terrestrial_broadcaster_id="0x7C71">
        <affiliation id="0x00"/>
        <affiliation id="0x01"/>
        <broadcaster original_network_id="0x0004" broadcaster_id="0x01"/>
      </extended_broadcaster_descriptor>
      <short_event_descriptor language_code="jpn">
        <event_name>プロ野球２０２５「ソフトバンク」対「西武」🈕</event_name>
        <text>リーグ連覇へ、日本一奪還へ。小久保監督２年目のホークス、ホーム２カード目ライオンズとの初戦を生中継。解説・松田宣浩さんへの質問、応援メッセージをお寄せください！</text>
      </short_event_descriptor>
      <extended_event_descriptor descriptor_number="0" last_descriptor_number="4" language_code="jpn">
        <text></text>
        <item>
          <description>番組内容</description>
          <name>パ・リーグ連覇へ、日本一奪還へ。新たなスタートを切った小久保監督２年目の福岡ソフトバンクホークス。ホームの２カード目、埼玉西武ライオンズとの初戦を試合終了まで生中継。最大の注目は守備の要・捕手。スタメンは？　投手陣の調子</name>
        </item>
      </extended_event_descriptor>
      <extended_event_descriptor descriptor_number="1" last_descriptor_number="4" language_code="jpn">
        <text></text>
        <item>
          <description></description>
          <name>は？今シーズンの打線への期待は？今年も松田宣浩さんが熱く解説します。松田さんへの質問、チームへの応援メッセージを募集します。画面上のＱＲコードやホームページからお寄せください。</name>
        </item>
      </extended_event_descriptor>
      <extended_event_descriptor descriptor_number="2" last_descriptor_number="4" language_code="jpn">
        <text></text>
        <item>
          <description>出演者</description>
          <name>【解説】松田宣浩，【実況】見浪哲史，【リポート】酒匂飛翔</name>
        </item>
      </extended_event_descriptor>
      <extended_event_descriptor descriptor_number="3" last_descriptor_number="4" language_code="jpn">
        <text></text>
        <item>
          <description>キーワード１</description>
          <name>ソフトバンク</name>
        </item>
      </extended_event_descriptor>
      <extended_event_descriptor descriptor_number="4" last_descriptor_number="4" language_code="jpn">
        <text></text>
        <item>
          <description>キーワード２</description>
          <name>西武</name>
        </item>
      </extended_event_descriptor>
      <component_descriptor stream_content="0x01" stream_content_ext="0x0F" component_type="0xB3" component_tag="0x00" language_code="jpn" text=""/>
      <audio_component_descriptor stream_content="0x02" component_type="0x03" component_tag="0x10" stream_type="0x0F" main_component="true" quality_indicator="2" sampling_rate="7" ISO_639_language_code="jpn" text="日本語"/>
      <audio_component_descriptor stream_content="0x02" component_type="0x03" component_tag="0x11" stream_type="0x0F" main_component="false" quality_indicator="2" sampling_rate="7" ISO_639_language_code="jpn" text="球場音声"/>
      <content_descriptor>
        <content content_nibble_level_1="1" content_nibble_level_2="1" user_byte="0xFF"/>
        <content content_nibble_level_1="14" content_nibble_level_2="0" user_byte="0x11"/>
      </content_descriptor>
      <event_group_descriptor group_type="1">
        <actual service_id="0xE000" event_id="0xA292"/>
        <actual service_id="0xE001" event_id="0xA292"/>
      </event_group_descriptor>
      <event_group_descriptor group_type="2">
        <actual service_id="0xE001" event_id="0xA297"/>
      </event_group_descriptor>
    </service>
  </selection_information_table>
  <selection_information_table version="9" current="true">
    <partial_transport_stream_descriptor peak_rate="0x0000EA60"/>
    <ISDB_network_identifier_descriptor country_code="JPN" media_type="TB" network_id="0x7C70"/>
    <TS_information_descriptor remote_control_key_id="0x01" ts_name="ＮＨＫ総合・熊本">
      <transmission_type transmission_type_info="0x0F">
        <service id="0xE000"/>
        <service id="0xE001"/>
        <service id="0xFFF0"/>
      </transmission_type>
      <transmission_type transmission_type_info="0xAF">
        <service id="0xE180"/>
      </transmission_type>
    </TS_information_descriptor>
    <service service_id="0xE000" running_status="undefined">
      <partialTS_time_descriptor event_version_number="59" event_start_time="2025-04-04 17:59:00" duration="00:01:00" other_descriptor_status="false" JST_time="2025-04-04 17:59:28"/>
      <generic_descriptor tag="0x85">
        7C 70 7C 70 A2 92 FF
      </generic_descriptor>
      <service_descriptor service_type="0x01" service_provider_name="" service_name="NHK総合1・熊本"/>
      <extended_broadcaster_descriptor broadcaster_type="0x01" terrestrial_broadcaster_id="0x7C71">
        <affiliation id="0x00"/>
        <affiliation id="0x01"/>
        <broadcaster original_network_id="0x0004" broadcaster_id="0x01"/>
      </extended_broadcaster_descriptor>
      <short_event_descriptor language_code="jpn">
        <event_name>プロ野球２０２５「ソフトバンク」対「西武」🈕</event_name>
        <text>リーグ連覇へ、日本一奪還へ。小久保監督２年目のホークス、ホーム２カード目ライオンズとの初戦を生中継。解説・松田宣浩さんへの質問、応援メッセージをお寄せください！</text>
      </short_event_descriptor>
      <extended_event_descriptor descriptor_number="0" last_descriptor_number="4" language_code="jpn">
        <text></text>
        <item>
          <description>番組内容</description>
          <name>パ・リーグ連覇へ、日本一奪還へ。新たなスタートを切った小久保監督２年目の福岡ソフトバンクホークス。ホームの２カード目、埼玉西武ライオンズとの初戦を試合終了まで生中継。最大の注目は守備の要・捕手。スタメンは？　投手陣の調子</name>
        </item>
      </extended_event_descriptor>
      <extended_event_descriptor descriptor_number="1" last_descriptor_number="4" language_code="jpn">
        <text></text>
        <item>
          <description></description>
          <name>は？今シーズンの打線への期待は？今年も松田宣浩さんが熱く解説します。松田さんへの質問、チームへの応援メッセージを募集します。画面上のＱＲコードやホームページからお寄せください。</name>
        </item>
      </extended_event_descriptor>
      <extended_event_descriptor descriptor_number="2" last_descriptor_number="4" language_code="jpn">
        <text></text>
        <item>
          <description>出演者</description>
          <name>【解説】松田宣浩，【実況】見浪哲史，【リポート】酒匂飛翔</name>
        </item>
      </extended_event_descriptor>
      <extended_event_descriptor descriptor_number="3" last_descriptor_number="4" language_code="jpn">
        <text></text>
        <item>
          <description>キーワード１</description>
          <name>ソフトバンク</name>
        </item>
      </extended_event_descriptor>
      <extended_event_descriptor descriptor_number="4" last_descriptor_number="4" language_code="jpn">
        <text></text>
        <item>
          <description>キーワード２</description>
          <name>西武</name>
        </item>
      </extended_event_descriptor>
      <component_descriptor stream_content="0x01" stream_content_ext="0x0F" component_type="0xB3" component_tag="0x00" language_code="jpn" text=""/>
      <audio_component_descriptor stream_content="0x02" component_type="0x03" component_tag="0x10" stream_type="0x0F" main_component="true" quality_indicator="2" sampling_rate="7" ISO_639_language_code="jpn" text="日本語"/>
      <audio_component_descriptor stream_content="0x02" component_type="0x03" component_tag="0x11" stream_type="0x0F" main_component="false" quality_indicator="2" sampling_rate="7" ISO_639_language_code="jpn" text="球場音声"/>
      <content_descriptor>
        <content content_nibble_level_1="1" content_nibble_level_2="1" user_byte="0xFF"/>
        <content content_nibble_level_1="14" content_nibble_level_2="0" user_byte="0x11"/>
      </content_descriptor>
      <event_group_descriptor group_type="1">
        <actual service_id="0xE000" event_id="0xA292"/>
        <actual service_id="0xE001" event_id="0xA292"/>
      </event_group_descriptor>
      <event_group_descriptor group_type="2">
        <actual service_id="0xE001" event_id="0xA297"/>
      </event_group_descriptor>
    </service>
  </selection_information_table>
  <selection_information_table version="10" current="true">
    <partial_transport_stream_descriptor peak_rate="0x0000EA60"/>
    <ISDB_network_identifier_descriptor country_code="JPN" media_type="TB" network_id="0x7C70"/>
    <TS_information_descriptor remote_control_key_id="0x01" ts_name="ＮＨＫ総合・熊本">
      <transmission_type transmission_type_info="0x0F">
        <service id="0xE000"/>
        <service id="0xE001"/>
        <service id="0xFFF0"/>
      </transmission_type>
      <transmission_type transmission_type_info="0xAF">
        <service id="0xE180"/>
      </transmission_type>
    </TS_information_descriptor>
    <service service_id="0xE000" running_status="undefined">
      <partialTS_time_descriptor event_version_number="59" event_start_time="2025-04-04 17:59:00" duration="00:01:00" other_descriptor_status="false" JST_time="2025-04-04 17:59:30"/>
      <generic_descriptor tag="0x85">
        7C 70 7C 70 A2 92 FF
      </generic_descriptor>
      <service_descriptor service_type="0x01" service_provider_name="" service_name="NHK総合1・熊本"/>
      <extended_broadcaster_descriptor broadcaster_type="0x01" terrestrial_broadcaster_id="0x7C71">
        <affiliation id="0x00"/>
        <affiliation id="0x01"/>
        <broadcaster original_network_id="0x0004" broadcaster_id="0x01"/>
      </extended_broadcaster_descriptor>
      <short_event_descriptor language_code="jpn">
        <event_name>プロ野球２０２５「ソフトバンク」対「西武」🈕</event_name>
        <text>リーグ連覇へ、日本一奪還へ。小久保監督２年目のホークス、ホーム２カード目ライオンズとの初戦を生中継。解説・松田宣浩さんへの質問、応援メッセージをお寄せください！</text>
      </short_event_descriptor>
      <extended_event_descriptor descriptor_number="0" last_descriptor_number="4" language_code="jpn">
        <text></text>
        <item>
          <description>番組内容</description>
          <name>パ・リーグ連覇へ、日本一奪還へ。新たなスタートを切った小久保監督２年目の福岡ソフトバンクホークス。ホームの２カード目、埼玉西武ライオンズとの初戦を試合終了まで生中継。最大の注目は守備の要・捕手。スタメンは？　投手陣の調子</name>
        </item>
      </extended_event_descriptor>
      <extended_event_descriptor descriptor_number="1" last_descriptor_number="4" language_code="jpn">
        <text></text>
        <item>
          <description></description>
          <name>は？今シーズンの打線への期待は？今年も松田宣浩さんが熱く解説します。松田さんへの質問、チームへの応援メッセージを募集します。画面上のＱＲコードやホームページからお寄せください。</name>
        </item>
      </extended_event_descriptor>
      <extended_event_descriptor descriptor_number="2" last_descriptor_number="4" language_code="jpn">
        <text></text>
        <item>
          <description>出演者</description>
          <name>【解説】松田宣浩，【実況】見浪哲史，【リポート】酒匂飛翔</name>
        </item>
      </extended_event_descriptor>
      <extended_event_descriptor descriptor_number="3" last_descriptor_number="4" language_code="jpn">
        <text></text>
        <item>
          <description>キーワード１</description>
          <name>ソフトバンク</name>
        </item>
      </extended_event_descriptor>
      <extended_event_descriptor descriptor_number="4" last_descriptor_number="4" language_code="jpn">
        <text></text>
        <item>
          <description>キーワード２</description>
          <name>西武</name>
        </item>
      </extended_event_descriptor>
      <component_descriptor stream_content="0x01" stream_content_ext="0x0F" component_type="0xB3" component_tag="0x00" language_code="jpn" text=""/>
      <audio_component_descriptor stream_content="0x02" component_type="0x03" component_tag="0x10" stream_type="0x0F" main_component="true" quality_indicator="2" sampling_rate="7" ISO_639_language_code="jpn" text="日本語"/>
      <audio_component_descriptor stream_content="0x02" component_type="0x03" component_tag="0x11" stream_type="0x0F" main_component="false" quality_indicator="2" sampling_rate="7" ISO_639_language_code="jpn" text="球場音声"/>
      <content_descriptor>
        <content content_nibble_level_1="1" content_nibble_level_2="1" user_byte="0xFF"/>
        <content content_nibble_level_1="14" content_nibble_level_2="0" user_byte="0x11"/>
      </content_descriptor>
      <event_group_descriptor group_type="1">
        <actual service_id="0xE000" event_id="0xA292"/>
        <actual service_id="0xE001" event_id="0xA292"/>
      </event_group_descriptor>
      <event_group_descriptor group_type="2">
        <actual service_id="0xE001" event_id="0xA297"/>
      </event_group_descriptor>
    </service>
  </selection_information_table>
  <selection_information_table version="11" current="true">
    <partial_transport_stream_descriptor peak_rate="0x0000EA60"/>
    <ISDB_network_identifier_descriptor country_code="JPN" media_type="TB" network_id="0x7C70"/>
    <TS_information_descriptor remote_control_key_id="0x01" ts_name="ＮＨＫ総合・熊本">
      <transmission_type transmission_type_info="0x0F">
        <service id="0xE000"/>
        <service id="0xE001"/>
        <service id="0xFFF0"/>
      </transmission_type>
      <transmission_type transmission_type_info="0xAF">
        <service id="0xE180"/>
      </transmission_type>
    </TS_information_descriptor>
    <service service_id="0xE000" running_status="undefined">
      <partialTS_time_descriptor event_version_number="59" event_start_time="2025-04-04 17:59:00" duration="00:01:00" other_descriptor_status="false" JST_time="2025-04-04 17:59:32"/>
      <generic_descriptor tag="0x85">
        7C 70 7C 70 A2 92 FF
      </generic_descriptor>
      <service_descriptor service_type="0x01" service_provider_name="" service_name="NHK総合1・熊本"/>
      <extended_broadcaster_descriptor broadcaster_type="0x01" terrestrial_broadcaster_id="0x7C71">
        <affiliation id="0x00"/>
        <affiliation id="0x01"/>
        <broadcaster original_network_id="0x0004" broadcaster_id="0x01"/>
      </extended_broadcaster_descriptor>
      <short_event_descriptor language_code="jpn">
        <event_name>プロ野球２０２５「ソフトバンク」対「西武」🈕</event_name>
        <text>リーグ連覇へ、日本一奪還へ。小久保監督２年目のホークス、ホーム２カード目ライオンズとの初戦を生中継。解説・松田宣浩さんへの質問、応援メッセージをお寄せください！</text>
      </short_event_descriptor>
      <extended_event_descriptor descriptor_number="0" last_descriptor_number="4" language_code="jpn">
        <text></text>
        <item>
          <description>番組内容</description>
          <name>パ・リーグ連覇へ、日本一奪還へ。新たなスタートを切った小久保監督２年目の福岡ソフトバンクホークス。ホームの２カード目、埼玉西武ライオンズとの初戦を試合終了まで生中継。最大の注目は守備の要・捕手。スタメンは？　投手陣の調子</name>
        </item>
      </extended_event_descriptor>
      <extended_event_descriptor descriptor_number="1" last_descriptor_number="4" language_code="jpn">
        <text></text>
        <item>
          <description></description>
          <name>は？今シーズンの打線への期待は？今年も松田宣浩さんが熱く解説します。松田さんへの質問、チームへの応援メッセージを募集します。画面上のＱＲコードやホームページからお寄せください。</name>
        </item>
      </extended_event_descriptor>
      <extended_event_descriptor descriptor_number="2" last_descriptor_number="4" language_code="jpn">
        <text></text>
        <item>
          <description>出演者</description>
          <name>【解説】松田宣浩，【実況】見浪哲史，【リポート】酒匂飛翔</name>
        </item>
      </extended_event_descriptor>
      <extended_event_descriptor descriptor_number="3" last_descriptor_number="4" language_code="jpn">
        <text></text>
        <item>
          <description>キーワード１</description>
          <name>ソフトバンク</name>
        </item>
      </extended_event_descriptor>
      <extended_event_descriptor descriptor_number="4" last_descriptor_number="4" language_code="jpn">
        <text></text>
        <item>
          <description>キーワード２</description>
          <name>西武</name>
        </item>
      </extended_event_descriptor>
      <component_descriptor stream_content="0x01" stream_content_ext="0x0F" component_type="0xB3" component_tag="0x00" language_code="jpn" text=""/>
      <audio_component_descriptor stream_content="0x02" component_type="0x03" component_tag="0x10" stream_type="0x0F" main_component="true" quality_indicator="2" sampling_rate="7" ISO_639_language_code="jpn" text="日本語"/>
      <audio_component_descriptor stream_content="0x02" component_type="0x03" component_tag="0x11" stream_type="0x0F" main_component="false" quality_indicator="2" sampling_rate="7" ISO_639_language_code="jpn" text="球場音声"/>
      <content_descriptor>
        <content content_nibble_level_1="1" content_nibble_level_2="1" user_byte="0xFF"/>
        <content content_nibble_level_1="14" content_nibble_level_2="0" user_byte="0x11"/>
      </content_descriptor>
      <event_group_descriptor group_type="1">
        <actual service_id="0xE000" event_id="0xA292"/>
        <actual service_id="0xE001" event_id="0xA292"/>
      </event_group_descriptor>
      <event_group_descriptor group_type="2">
        <actual service_id="0xE001" event_id="0xA297"/>
      </event_group_descriptor>
    </service>
  </selection_information_table>
  <selection_information_table version="12" current="true">
    <partial_transport_stream_descriptor peak_rate="0x0000EA60"/>
    <ISDB_network_identifier_descriptor country_code="JPN" media_type="TB" network_id="0x7C70"/>
    <TS_information_descriptor remote_control_key_id="0x01" ts_name="ＮＨＫ総合・熊本">
      <transmission_type transmission_type_info="0x0F">
        <service id="0xE000"/>
        <service id="0xE001"/>
        <service id="0xFFF0"/>
      </transmission_type>
      <transmission_type transmission_type_info="0xAF">
        <service id="0xE180"/>
      </transmission_type>
    </TS_information_descriptor>
    <service service_id="0xE000" running_status="undefined">
      <partialTS_time_descriptor event_version_number="59" event_start_time="2025-04-04 17:59:00" duration="00:01:00" other_descriptor_status="false" JST_time="2025-04-04 17:59:34"/>
      <generic_descriptor tag="0x85">
        7C 70 7C 70 A2 92 FF
      </generic_descriptor>
      <service_descriptor service_type="0x01" service_provider_name="" service_name="NHK総合1・熊本"/>
      <extended_broadcaster_descriptor broadcaster_type="0x01" terrestrial_broadcaster_id="0x7C71">
        <affiliation id="0x00"/>
        <affiliation id="0x01"/>
        <broadcaster original_network_id="0x0004" broadcaster_id="0x01"/>
      </extended_broadcaster_descriptor>
      <short_event_descriptor language_code="jpn">
        <event_name>プロ野球２０２５「ソフトバンク」対「西武」🈕</event_name>
        <text>リーグ連覇へ、日本一奪還へ。小久保監督２年目のホークス、ホーム２カード目ライオンズとの初戦を生中継。解説・松田宣浩さんへの質問、応援メッセージをお寄せください！</text>
      </short_event_descriptor>
      <extended_event_descriptor descriptor_number="0" last_descriptor_number="4" language_code="jpn">
        <text></text>
        <item>
          <description>番組内容</description>
          <name>パ・リーグ連覇へ、日本一奪還へ。新たなスタートを切った小久保監督２年目の福岡ソフトバンクホークス。ホームの２カード目、埼玉西武ライオンズとの初戦を試合終了まで生中継。最大の注目は守備の要・捕手。スタメンは？　投手陣の調子</name>
        </item>
      </extended_event_descriptor>
      <extended_event_descriptor descriptor_number="1" last_descriptor_number="4" language_code="jpn">
        <text></text>
        <item>
          <description></description>
          <name>は？今シーズンの打線への期待は？今年も松田宣浩さんが熱く解説します。松田さんへの質問、チームへの応援メッセージを募集します。画面上のＱＲコードやホームページからお寄せください。</name>
        </item>
      </extended_event_descriptor>
      <extended_event_descriptor descriptor_number="2" last_descriptor_number="4" language_code="jpn">
        <text></text>
        <item>
          <description>出演者</description>
          <name>【解説】松田宣浩，【実況】見浪哲史，【リポート】酒匂飛翔</name>
        </item>
      </extended_event_descriptor>
      <extended_event_descriptor descriptor_number="3" last_descriptor_number="4" language_code="jpn">
        <text></text>
        <item>
          <description>キーワード１</description>
          <name>ソフトバンク</name>
        </item>
      </extended_event_descriptor>
      <extended_event_descriptor descriptor_number="4" last_descriptor_number="4" language_code="jpn">
        <text></text>
        <item>
          <description>キーワード２</description>
          <name>西武</name>
        </item>
      </extended_event_descriptor>
      <component_descriptor stream_content="0x01" stream_content_ext="0x0F" component_type="0xB3" component_tag="0x00" language_code="jpn" text=""/>
      <audio_component_descriptor stream_content="0x02" component_type="0x03" component_tag="0x10" stream_type="0x0F" main_component="true" quality_indicator="2" sampling_rate="7" ISO_639_language_code="jpn" text="日本語"/>
      <audio_component_descriptor stream_content="0x02" component_type="0x03" component_tag="0x11" stream_type="0x0F" main_component="false" quality_indicator="2" sampling_rate="7" ISO_639_language_code="jpn" text="球場音声"/>
      <content_descriptor>
        <content content_nibble_level_1="1" content_nibble_level_2="1" user_byte="0xFF"/>
        <content content_nibble_level_1="14" content_nibble_level_2="0" user_byte="0x11"/>
      </content_descriptor>
      <event_group_descriptor group_type="1">
        <actual service_id="0xE000" event_id="0xA292"/>
        <actual service_id="0xE001" event_id="0xA292"/>
      </event_group_descriptor>
      <event_group_descriptor group_type="2">
        <actual service_id="0xE001" event_id="0xA297"/>
      </event_group_descriptor>
    </service>
  </selection_information_table>
  <selection_information_table version="13" current="true">
    <partial_transport_stream_descriptor peak_rate="0x0000EA60"/>
    <ISDB_network_identifier_descriptor country_code="JPN" media_type="TB" network_id="0x7C70"/>
    <TS_information_descriptor remote_control_key_id="0x01" ts_name="ＮＨＫ総合・熊本">
      <transmission_type transmission_type_info="0x0F">
        <service id="0xE000"/>
        <service id="0xE001"/>
        <service id="0xFFF0"/>
      </transmission_type>
      <transmission_type transmission_type_info="0xAF">
        <service id="0xE180"/>
      </transmission_type>
    </TS_information_descriptor>
    <service service_id="0xE000" running_status="undefined">
      <partialTS_time_descriptor event_version_number="59" event_start_time="2025-04-04 17:59:00" duration="00:01:00" other_descriptor_status="false" JST_time="2025-04-04 17:59:36"/>
      <generic_descriptor tag="0x85">
        7C 70 7C 70 A2 92 FF
      </generic_descriptor>
      <service_descriptor service_type="0x01" service_provider_name="" service_name="NHK総合1・熊本"/>
      <extended_broadcaster_descriptor broadcaster_type="0x01" terrestrial_broadcaster_id="0x7C71">
        <affiliation id="0x00"/>
        <affiliation id="0x01"/>
        <broadcaster original_network_id="0x0004" broadcaster_id="0x01"/>
      </extended_broadcaster_descriptor>
      <short_event_descriptor language_code="jpn">
        <event_name>プロ野球２０２５「ソフトバンク」対「西武」🈕</event_name>
        <text>リーグ連覇へ、日本一奪還へ。小久保監督２年目のホークス、ホーム２カード目ライオンズとの初戦を生中継。解説・松田宣浩さんへの質問、応援メッセージをお寄せください！</text>
      </short_event_descriptor>
      <extended_event_descriptor descriptor_number="0" last_descriptor_number="4" language_code="jpn">
        <text></text>
        <item>
          <description>番組内容</description>
          <name>パ・リーグ連覇へ、日本一奪還へ。新たなスタートを切った小久保監督２年目の福岡ソフトバンクホークス。ホームの２カード目、埼玉西武ライオンズとの初戦を試合終了まで生中継。最大の注目は守備の要・捕手。スタメンは？　投手陣の調子</name>
        </item>
      </extended_event_descriptor>
      <extended_event_descriptor descriptor_number="1" last_descriptor_number="4" language_code="jpn">
        <text></text>
        <item>
          <description></description>
          <name>は？今シーズンの打線への期待は？今年も松田宣浩さんが熱く解説します。松田さんへの質問、チームへの応援メッセージを募集します。画面上のＱＲコードやホームページからお寄せください。</name>
        </item>
      </extended_event_descriptor>
      <extended_event_descriptor descriptor_number="2" last_descriptor_number="4" language_code="jpn">
        <text></text>
        <item>
          <description>出演者</description>
          <name>【解説】松田宣浩，【実況】見浪哲史，【リポート】酒匂飛翔</name>
        </item>
      </extended_event_descriptor>
      <extended_event_descriptor descriptor_number="3" last_descriptor_number="4" language_code="jpn">
        <text></text>
        <item>
          <description>キーワード１</description>
          <name>ソフトバンク</name>
        </item>
      </extended_event_descriptor>
      <extended_event_descriptor descriptor_number="4" last_descriptor_number="4" language_code="jpn">
        <text></text>
        <item>
          <description>キーワード２</description>
          <name>西武</name>
        </item>
      </extended_event_descriptor>
      <component_descriptor stream_content="0x01" stream_content_ext="0x0F" component_type="0xB3" component_tag="0x00" language_code="jpn" text=""/>
      <audio_component_descriptor stream_content="0x02" component_type="0x03" component_tag="0x10" stream_type="0x0F" main_component="true" quality_indicator="2" sampling_rate="7" ISO_639_language_code="jpn" text="日本語"/>
      <audio_component_descriptor stream_content="0x02" component_type="0x03" component_tag="0x11" stream_type="0x0F" main_component="false" quality_indicator="2" sampling_rate="7" ISO_639_language_code="jpn" text="球場音声"/>
      <content_descriptor>
        <content content_nibble_level_1="1" content_nibble_level_2="1" user_byte="0xFF"/>
        <content content_nibble_level_1="14" content_nibble_level_2="0" user_byte="0x11"/>
      </content_descriptor>
      <event_group_descriptor group_type="1">
        <actual service_id="0xE000" event_id="0xA292"/>
        <actual service_id="0xE001" event_id="0xA292"/>
      </event_group_descriptor>
      <event_group_descriptor group_type="2">
        <actual service_id="0xE001" event_id="0xA297"/>
      </event_group_descriptor>
    </service>
  </selection_information_table>
  <selection_information_table version="14" current="true">
    <partial_transport_stream_descriptor peak_rate="0x0000EA60"/>
    <ISDB_network_identifier_descriptor country_code="JPN" media_type="TB" network_id="0x7C70"/>
    <TS_information_descriptor remote_control_key_id="0x01" ts_name="ＮＨＫ総合・熊本">
      <transmission_type transmission_type_info="0x0F">
        <service id="0xE000"/>
        <service id="0xE001"/>
        <service id="0xFFF0"/>
      </transmission_type>
      <transmission_type transmission_type_info="0xAF">
        <service id="0xE180"/>
      </transmission_type>
    </TS_information_descriptor>
    <service service_id="0xE000" running_status="undefined">
      <partialTS_time_descriptor event_version_number="59" event_start_time="2025-04-04 17:59:00" duration="00:01:00" other_descriptor_status="false" JST_time="2025-04-04 17:59:38"/>
      <generic_descriptor tag="0x85">
        7C 70 7C 70 A2 92 FF
      </generic_descriptor>
      <service_descriptor service_type="0x01" service_provider_name="" service_name="NHK総合1・熊本"/>
      <extended_broadcaster_descriptor broadcaster_type="0x01" terrestrial_broadcaster_id="0x7C71">
        <affiliation id="0x00"/>
        <affiliation id="0x01"/>
        <broadcaster original_network_id="0x0004" broadcaster_id="0x01"/>
      </extended_broadcaster_descriptor>
      <short_event_descriptor language_code="jpn">
        <event_name>プロ野球２０２５「ソフトバンク」対「西武」🈕</event_name>
        <text>リーグ連覇へ、日本一奪還へ。小久保監督２年目のホークス、ホーム２カード目ライオンズとの初戦を生中継。解説・松田宣浩さんへの質問、応援メッセージをお寄せください！</text>
      </short_event_descriptor>
      <extended_event_descriptor descriptor_number="0" last_descriptor_number="4" language_code="jpn">
        <text></text>
        <item>
          <description>番組内容</description>
          <name>パ・リーグ連覇へ、日本一奪還へ。新たなスタートを切った小久保監督２年目の福岡ソフトバンクホークス。ホームの２カード目、埼玉西武ライオンズとの初戦を試合終了まで生中継。最大の注目は守備の要・捕手。スタメンは？　投手陣の調子</name>
        </item>
      </extended_event_descriptor>
      <extended_event_descriptor descriptor_number="1" last_descriptor_number="4" language_code="jpn">
        <text></text>
        <item>
          <description></description>
          <name>は？今シーズンの打線への期待は？今年も松田宣浩さんが熱く解説します。松田さんへの質問、チームへの応援メッセージを募集します。画面上のＱＲコードやホームページからお寄せください。</name>
        </item>
      </extended_event_descriptor>
      <extended_event_descriptor descriptor_number="2" last_descriptor_number="4" language_code="jpn">
        <text></text>
        <item>
          <description>出演者</description>
          <name>【解説】松田宣浩，【実況】見浪哲史，【リポート】酒匂飛翔</name>
        </item>
      </extended_event_descriptor>
      <extended_event_descriptor descriptor_number="3" last_descriptor_number="4" language_code="jpn">
        <text></text>
        <item>
          <description>キーワード１</description>
          <name>ソフトバンク</name>
        </item>
      </extended_event_descriptor>
      <extended_event_descriptor descriptor_number="4" last_descriptor_number="4" language_code="jpn">
        <text></text>
        <item>
          <description>キーワード２</description>
          <name>西武</name>
        </item>
      </extended_event_descriptor>
      <component_descriptor stream_content="0x01" stream_content_ext="0x0F" component_type="0xB3" component_tag="0x00" language_code="jpn" text=""/>
      <audio_component_descriptor stream_content="0x02" component_type="0x03" component_tag="0x10" stream_type="0x0F" main_component="true" quality_indicator="2" sampling_rate="7" ISO_639_language_code="jpn" text="日本語"/>
      <audio_component_descriptor stream_content="0x02" component_type="0x03" component_tag="0x11" stream_type="0x0F" main_component="false" quality_indicator="2" sampling_rate="7" ISO_639_language_code="jpn" text="球場音声"/>
      <content_descriptor>
        <content content_nibble_level_1="1" content_nibble_level_2="1" user_byte="0xFF"/>
        <content content_nibble_level_1="14" content_nibble_level_2="0" user_byte="0x11"/>
      </content_descriptor>
      <event_group_descriptor group_type="1">
        <actual service_id="0xE000" event_id="0xA292"/>
        <actual service_id="0xE001" event_id="0xA292"/>
      </event_group_descriptor>
      <event_group_descriptor group_type="2">
        <actual service_id="0xE001" event_id="0xA297"/>
      </event_group_descriptor>
    </service>
  </selection_information_table>
  <selection_information_table version="15" current="true">
    <partial_transport_stream_descriptor peak_rate="0x0000EA60"/>
    <ISDB_network_identifier_descriptor country_code="JPN" media_type="TB" network_id="0x7C70"/>
    <TS_information_descriptor remote_control_key_id="0x01" ts_name="ＮＨＫ総合・熊本">
      <transmission_type transmission_type_info="0x0F">
        <service id="0xE000"/>
        <service id="0xE001"/>
        <service id="0xFFF0"/>
      </transmission_type>
      <transmission_type transmission_type_info="0xAF">
        <service id="0xE180"/>
      </transmission_type>
    </TS_information_descriptor>
    <service service_id="0xE000" running_status="undefined">
      <partialTS_time_descriptor event_version_number="59" event_start_time="2025-04-04 17:59:00" duration="00:01:00" other_descriptor_status="false" JST_time="2025-04-04 17:59:40"/>
      <generic_descriptor tag="0x85">
        7C 70 7C 70 A2 92 FF
      </generic_descriptor>
      <service_descriptor service_type="0x01" service_provider_name="" service_name="NHK総合1・熊本"/>
      <extended_broadcaster_descriptor broadcaster_type="0x01" terrestrial_broadcaster_id="0x7C71">
        <affiliation id="0x00"/>
        <affiliation id="0x01"/>
        <broadcaster original_network_id="0x0004" broadcaster_id="0x01"/>
      </extended_broadcaster_descriptor>
      <short_event_descriptor language_code="jpn">
        <event_name>プロ野球２０２５「ソフトバンク」対「西武」🈕</event_name>
        <text>リーグ連覇へ、日本一奪還へ。小久保監督２年目のホークス、ホーム２カード目ライオンズとの初戦を生中継。解説・松田宣浩さんへの質問、応援メッセージをお寄せください！</text>
      </short_event_descriptor>
      <extended_event_descriptor descriptor_number="0" last_descriptor_number="4" language_code="jpn">
        <text></text>
        <item>
          <description>番組内容</description>
          <name>パ・リーグ連覇へ、日本一奪還へ。新たなスタートを切った小久保監督２年目の福岡ソフトバンクホークス。ホームの２カード目、埼玉西武ライオンズとの初戦を試合終了まで生中継。最大の注目は守備の要・捕手。スタメンは？　投手陣の調子</name>
        </item>
      </extended_event_descriptor>
      <extended_event_descriptor descriptor_number="1" last_descriptor_number="4" language_code="jpn">
        <text></text>
        <item>
          <description></description>
          <name>は？今シーズンの打線への期待は？今年も松田宣浩さんが熱く解説します。松田さんへの質問、チームへの応援メッセージを募集します。画面上のＱＲコードやホームページからお寄せください。</name>
        </item>
      </extended_event_descriptor>
      <extended_event_descriptor descriptor_number="2" last_descriptor_number="4" language_code="jpn">
        <text></text>
        <item>
          <description>出演者</description>
          <name>【解説】松田宣浩，【実況】見浪哲史，【リポート】酒匂飛翔</name>
        </item>
      </extended_event_descriptor>
      <extended_event_descriptor descriptor_number="3" last_descriptor_number="4" language_code="jpn">
        <text></text>
        <item>
          <description>キーワード１</description>
          <name>ソフトバンク</name>
        </item>
      </extended_event_descriptor>
      <extended_event_descriptor descriptor_number="4" last_descriptor_number="4" language_code="jpn">
        <text></text>
        <item>
          <description>キーワード２</description>
          <name>西武</name>
        </item>
      </extended_event_descriptor>
      <component_descriptor stream_content="0x01" stream_content_ext="0x0F" component_type="0xB3" component_tag="0x00" language_code="jpn" text=""/>
      <audio_component_descriptor stream_content="0x02" component_type="0x03" component_tag="0x10" stream_type="0x0F" main_component="true" quality_indicator="2" sampling_rate="7" ISO_639_language_code="jpn" text="日本語"/>
      <audio_component_descriptor stream_content="0x02" component_type="0x03" component_tag="0x11" stream_type="0x0F" main_component="false" quality_indicator="2" sampling_rate="7" ISO_639_language_code="jpn" text="球場音声"/>
      <content_descriptor>
        <content content_nibble_level_1="1" content_nibble_level_2="1" user_byte="0xFF"/>
        <content content_nibble_level_1="14" content_nibble_level_2="0" user_byte="0x11"/>
      </content_descriptor>
      <event_group_descriptor group_type="1">
        <actual service_id="0xE000" event_id="0xA292"/>
        <actual service_id="0xE001" event_id="0xA292"/>
      </event_group_descriptor>
      <event_group_descriptor group_type="2">
        <actual service_id="0xE001" event_id="0xA297"/>
      </event_group_descriptor>
    </service>
  </selection_information_table>
  <selection_information_table version="16" current="true">
    <partial_transport_stream_descriptor peak_rate="0x0000EA60"/>
    <ISDB_network_identifier_descriptor country_code="JPN" media_type="TB" network_id="0x7C70"/>
    <TS_information_descriptor remote_control_key_id="0x01" ts_name="ＮＨＫ総合・熊本">
      <transmission_type transmission_type_info="0x0F">
        <service id="0xE000"/>
        <service id="0xE001"/>
        <service id="0xFFF0"/>
      </transmission_type>
      <transmission_type transmission_type_info="0xAF">
        <service id="0xE180"/>
      </transmission_type>
    </TS_information_descriptor>
    <service service_id="0xE000" running_status="undefined">
      <partialTS_time_descriptor event_version_number="59" event_start_time="2025-04-04 17:59:00" duration="00:01:00" other_descriptor_status="false" JST_time="2025-04-04 17:59:42"/>
      <generic_descriptor tag="0x85">
        7C 70 7C 70 A2 92 FF
      </generic_descriptor>
      <service_descriptor service_type="0x01" service_provider_name="" service_name="NHK総合1・熊本"/>
      <extended_broadcaster_descriptor broadcaster_type="0x01" terrestrial_broadcaster_id="0x7C71">
        <affiliation id="0x00"/>
        <affiliation id="0x01"/>
        <broadcaster original_network_id="0x0004" broadcaster_id="0x01"/>
      </extended_broadcaster_descriptor>
      <short_event_descriptor language_code="jpn">
        <event_name>プロ野球２０２５「ソフトバンク」対「西武」🈕</event_name>
        <text>リーグ連覇へ、日本一奪還へ。小久保監督２年目のホークス、ホーム２カード目ライオンズとの初戦を生中継。解説・松田宣浩さんへの質問、応援メッセージをお寄せください！</text>
      </short_event_descriptor>
      <extended_event_descriptor descriptor_number="0" last_descriptor_number="4" language_code="jpn">
        <text></text>
        <item>
          <description>番組内容</description>
          <name>パ・リーグ連覇へ、日本一奪還へ。新たなスタートを切った小久保監督２年目の福岡ソフトバンクホークス。ホームの２カード目、埼玉西武ライオンズとの初戦を試合終了まで生中継。最大の注目は守備の要・捕手。スタメンは？　投手陣の調子</name>
        </item>
      </extended_event_descriptor>
      <extended_event_descriptor descriptor_number="1" last_descriptor_number="4" language_code="jpn">
        <text></text>
        <item>
          <description></description>
          <name>は？今シーズンの打線への期待は？今年も松田宣浩さんが熱く解説します。松田さんへの質問、チームへの応援メッセージを募集します。画面上のＱＲコードやホームページからお寄せください。</name>
        </item>
      </extended_event_descriptor>
      <extended_event_descriptor descriptor_number="2" last_descriptor_number="4" language_code="jpn">
        <text></text>
        <item>
          <description>出演者</description>
          <name>【解説】松田宣浩，【実況】見浪哲史，【リポート】酒匂飛翔</name>
        </item>
      </extended_event_descriptor>
      <extended_event_descriptor descriptor_number="3" last_descriptor_number="4" language_code="jpn">
        <text></text>
        <item>
          <description>キーワード１</description>
          <name>ソフトバンク</name>
        </item>
      </extended_event_descriptor>
      <extended_event_descriptor descriptor_number="4" last_descriptor_number="4" language_code="jpn">
        <text></text>
        <item>
          <description>キーワード２</description>
          <name>西武</name>
        </item>
      </extended_event_descriptor>
      <component_descriptor stream_content="0x01" stream_content_ext="0x0F" component_type="0xB3" component_tag="0x00" language_code="jpn" text=""/>
      <audio_component_descriptor stream_content="0x02" component_type="0x03" component_tag="0x10" stream_type="0x0F" main_component="true" quality_indicator="2" sampling_rate="7" ISO_639_language_code="jpn" text="日本語"/>
      <audio_component_descriptor stream_content="0x02" component_type="0x03" component_tag="0x11" stream_type="0x0F" main_component="false" quality_indicator="2" sampling_rate="7" ISO_639_language_code="jpn" text="球場音声"/>
      <content_descriptor>
        <content content_nibble_level_1="1" content_nibble_level_2="1" user_byte="0xFF"/>
        <content content_nibble_level_1="14" content_nibble_level_2="0" user_byte="0x11"/>
      </content_descriptor>
      <event_group_descriptor group_type="1">
        <actual service_id="0xE000" event_id="0xA292"/>
        <actual service_id="0xE001" event_id="0xA292"/>
      </event_group_descriptor>
      <event_group_descriptor group_type="2">
        <actual service_id="0xE001" event_id="0xA297"/>
      </event_group_descriptor>
    </service>
  </selection_information_table>
  <selection_information_table version="17" current="true">
    <partial_transport_stream_descriptor peak_rate="0x0000EA60"/>
    <ISDB_network_identifier_descriptor country_code="JPN" media_type="TB" network_id="0x7C70"/>
    <TS_information_descriptor remote_control_key_id="0x01" ts_name="ＮＨＫ総合・熊本">
      <transmission_type transmission_type_info="0x0F">
        <service id="0xE000"/>
        <service id="0xE001"/>
        <service id="0xFFF0"/>
      </transmission_type>
      <transmission_type transmission_type_info="0xAF">
        <service id="0xE180"/>
      </transmission_type>
    </TS_information_descriptor>
    <service service_id="0xE000" running_status="undefined">
      <partialTS_time_descriptor event_version_number="59" event_start_time="2025-04-04 17:59:00" duration="00:01:00" other_descriptor_status="false" JST_time="2025-04-04 17:59:44"/>
      <generic_descriptor tag="0x85">
        7C 70 7C 70 A2 92 FF
      </generic_descriptor>
      <service_descriptor service_type="0x01" service_provider_name="" service_name="NHK総合1・熊本"/>
      <extended_broadcaster_descriptor broadcaster_type="0x01" terrestrial_broadcaster_id="0x7C71">
        <affiliation id="0x00"/>
        <affiliation id="0x01"/>
        <broadcaster original_network_id="0x0004" broadcaster_id="0x01"/>
      </extended_broadcaster_descriptor>
      <short_event_descriptor language_code="jpn">
        <event_name>プロ野球２０２５「ソフトバンク」対「西武」🈕</event_name>
        <text>リーグ連覇へ、日本一奪還へ。小久保監督２年目のホークス、ホーム２カード目ライオンズとの初戦を生中継。解説・松田宣浩さんへの質問、応援メッセージをお寄せください！</text>
      </short_event_descriptor>
      <extended_event_descriptor descriptor_number="0" last_descriptor_number="4" language_code="jpn">
        <text></text>
        <item>
          <description>番組内容</description>
          <name>パ・リーグ連覇へ、日本一奪還へ。新たなスタートを切った小久保監督２年目の福岡ソフトバンクホークス。ホームの２カード目、埼玉西武ライオンズとの初戦を試合終了まで生中継。最大の注目は守備の要・捕手。スタメンは？　投手陣の調子</name>
        </item>
      </extended_event_descriptor>
      <extended_event_descriptor descriptor_number="1" last_descriptor_number="4" language_code="jpn">
        <text></text>
        <item>
          <description></description>
          <name>は？今シーズンの打線への期待は？今年も松田宣浩さんが熱く解説します。松田さんへの質問、チームへの応援メッセージを募集します。画面上のＱＲコードやホームページからお寄せください。</name>
        </item>
      </extended_event_descriptor>
      <extended_event_descriptor descriptor_number="2" last_descriptor_number="4" language_code="jpn">
        <text></text>
        <item>
          <description>出演者</description>
          <name>【解説】松田宣浩，【実況】見浪哲史，【リポート】酒匂飛翔</name>
        </item>
      </extended_event_descriptor>
      <extended_event_descriptor descriptor_number="3" last_descriptor_number="4" language_code="jpn">
        <text></text>
        <item>
          <description>キーワード１</description>
          <name>ソフトバンク</name>
        </item>
      </extended_event_descriptor>
      <extended_event_descriptor descriptor_number="4" last_descriptor_number="4" language_code="jpn">
        <text></text>
        <item>
          <description>キーワード２</description>
          <name>西武</name>
        </item>
      </extended_event_descriptor>
      <component_descriptor stream_content="0x01" stream_content_ext="0x0F" component_type="0xB3" component_tag="0x00" language_code="jpn" text=""/>
      <audio_component_descriptor stream_content="0x02" component_type="0x03" component_tag="0x10" stream_type="0x0F" main_component="true" quality_indicator="2" sampling_rate="7" ISO_639_language_code="jpn" text="日本語"/>
      <audio_component_descriptor stream_content="0x02" component_type="0x03" component_tag="0x11" stream_type="0x0F" main_component="false" quality_indicator="2" sampling_rate="7" ISO_639_language_code="jpn" text="球場音声"/>
      <content_descriptor>
        <content content_nibble_level_1="1" content_nibble_level_2="1" user_byte="0xFF"/>
        <content content_nibble_level_1="14" content_nibble_level_2="0" user_byte="0x11"/>
      </content_descriptor>
      <event_group_descriptor group_type="1">
        <actual service_id="0xE000" event_id="0xA292"/>
        <actual service_id="0xE001" event_id="0xA292"/>
      </event_group_descriptor>
      <event_group_descriptor group_type="2">
        <actual service_id="0xE001" event_id="0xA297"/>
      </event_group_descriptor>
    </service>
  </selection_information_table>
  <selection_information_table version="18" current="true">
    <partial_transport_stream_descriptor peak_rate="0x0000EA60"/>
    <ISDB_network_identifier_descriptor country_code="JPN" media_type="TB" network_id="0x7C70"/>
    <TS_information_descriptor remote_control_key_id="0x01" ts_name="ＮＨＫ総合・熊本">
      <transmission_type transmission_type_info="0x0F">
        <service id="0xE000"/>
        <service id="0xE001"/>
        <service id="0xFFF0"/>
      </transmission_type>
      <transmission_type transmission_type_info="0xAF">
        <service id="0xE180"/>
      </transmission_type>
    </TS_information_descriptor>
    <service service_id="0xE000" running_status="undefined">
      <partialTS_time_descriptor event_version_number="59" event_start_time="2025-04-04 17:59:00" duration="00:01:00" other_descriptor_status="false" JST_time="2025-04-04 17:59:46"/>
      <generic_descriptor tag="0x85">
        7C 70 7C 70 A2 92 FF
      </generic_descriptor>
      <service_descriptor service_type="0x01" service_provider_name="" service_name="NHK総合1・熊本"/>
      <extended_broadcaster_descriptor broadcaster_type="0x01" terrestrial_broadcaster_id="0x7C71">
        <affiliation id="0x00"/>
        <affiliation id="0x01"/>
        <broadcaster original_network_id="0x0004" broadcaster_id="0x01"/>
      </extended_broadcaster_descriptor>
      <short_event_descriptor language_code="jpn">
        <event_name>プロ野球２０２５「ソフトバンク」対「西武」🈕</event_name>
        <text>リーグ連覇へ、日本一奪還へ。小久保監督２年目のホークス、ホーム２カード目ライオンズとの初戦を生中継。解説・松田宣浩さんへの質問、応援メッセージをお寄せください！</text>
      </short_event_descriptor>
      <extended_event_descriptor descriptor_number="0" last_descriptor_number="4" language_code="jpn">
        <text></text>
        <item>
          <description>番組内容</description>
          <name>パ・リーグ連覇へ、日本一奪還へ。新たなスタートを切った小久保監督２年目の福岡ソフトバンクホークス。ホームの２カード目、埼玉西武ライオンズとの初戦を試合終了まで生中継。最大の注目は守備の要・捕手。スタメンは？　投手陣の調子</name>
        </item>
      </extended_event_descriptor>
      <extended_event_descriptor descriptor_number="1" last_descriptor_number="4" language_code="jpn">
        <text></text>
        <item>
          <description></description>
          <name>は？今シーズンの打線への期待は？今年も松田宣浩さんが熱く解説します。松田さんへの質問、チームへの応援メッセージを募集します。画面上のＱＲコードやホームページからお寄せください。</name>
        </item>
      </extended_event_descriptor>
      <extended_event_descriptor descriptor_number="2" last_descriptor_number="4" language_code="jpn">
        <text></text>
        <item>
          <description>出演者</description>
          <name>【解説】松田宣浩，【実況】見浪哲史，【リポート】酒匂飛翔</name>
        </item>
      </extended_event_descriptor>
      <extended_event_descriptor descriptor_number="3" last_descriptor_number="4" language_code="jpn">
        <text></text>
        <item>
          <description>キーワード１</description>
          <name>ソフトバンク</name>
        </item>
      </extended_event_descriptor>
      <extended_event_descriptor descriptor_number="4" last_descriptor_number="4" language_code="jpn">
        <text></text>
        <item>
          <description>キーワード２</description>
          <name>西武</name>
        </item>
      </extended_event_descriptor>
      <component_descriptor stream_content="0x01" stream_content_ext="0x0F" component_type="0xB3" component_tag="0x00" language_code="jpn" text=""/>
      <audio_component_descriptor stream_content="0x02" component_type="0x03" component_tag="0x10" stream_type="0x0F" main_component="true" quality_indicator="2" sampling_rate="7" ISO_639_language_code="jpn" text="日本語"/>
      <audio_component_descriptor stream_content="0x02" component_type="0x03" component_tag="0x11" stream_type="0x0F" main_component="false" quality_indicator="2" sampling_rate="7" ISO_639_language_code="jpn" text="球場音声"/>
      <content_descriptor>
        <content content_nibble_level_1="1" content_nibble_level_2="1" user_byte="0xFF"/>
        <content content_nibble_level_1="14" content_nibble_level_2="0" user_byte="0x11"/>
      </content_descriptor>
      <event_group_descriptor group_type="1">
        <actual service_id="0xE000" event_id="0xA292"/>
        <actual service_id="0xE001" event_id="0xA292"/>
      </event_group_descriptor>
      <event_group_descriptor group_type="2">
        <actual service_id="0xE001" event_id="0xA297"/>
      </event_group_descriptor>
    </service>
  </selection_information_table>
  <selection_information_table version="19" current="true">
    <partial_transport_stream_descriptor peak_rate="0x0000EA60"/>
    <ISDB_network_identifier_descriptor country_code="JPN" media_type="TB" network_id="0x7C70"/>
    <TS_information_descriptor remote_control_key_id="0x01" ts_name="ＮＨＫ総合・熊本">
      <transmission_type transmission_type_info="0x0F">
        <service id="0xE000"/>
        <service id="0xE001"/>
        <service id="0xFFF0"/>
      </transmission_type>
      <transmission_type transmission_type_info="0xAF">
        <service id="0xE180"/>
      </transmission_type>
    </TS_information_descriptor>
    <service service_id="0xE000" running_status="undefined">
      <partialTS_time_descriptor event_version_number="59" event_start_time="2025-04-04 17:59:00" duration="00:01:00" other_descriptor_status="false" JST_time="2025-04-04 17:59:49"/>
      <generic_descriptor tag="0x85">
        7C 70 7C 70 A2 92 FF
      </generic_descriptor>
      <service_descriptor service_type="0x01" service_provider_name="" service_name="NHK総合1・熊本"/>
      <extended_broadcaster_descriptor broadcaster_type="0x01" terrestrial_broadcaster_id="0x7C71">
        <affiliation id="0x00"/>
        <affiliation id="0x01"/>
        <broadcaster original_network_id="0x0004" broadcaster_id="0x01"/>
      </extended_broadcaster_descriptor>
      <short_event_descriptor language_code="jpn">
        <event_name>プロ野球２０２５「ソフトバンク」対「西武」🈕</event_name>
        <text>リーグ連覇へ、日本一奪還へ。小久保監督２年目のホークス、ホーム２カード目ライオンズとの初戦を生中継。解説・松田宣浩さんへの質問、応援メッセージをお寄せください！</text>
      </short_event_descriptor>
      <extended_event_descriptor descriptor_number="0" last_descriptor_number="4" language_code="jpn">
        <text></text>
        <item>
          <description>番組内容</description>
          <name>パ・リーグ連覇へ、日本一奪還へ。新たなスタートを切った小久保監督２年目の福岡ソフトバンクホークス。ホームの２カード目、埼玉西武ライオンズとの初戦を試合終了まで生中継。最大の注目は守備の要・捕手。スタメンは？　投手陣の調子</name>
        </item>
      </extended_event_descriptor>
      <extended_event_descriptor descriptor_number="1" last_descriptor_number="4" language_code="jpn">
        <text></text>
        <item>
          <description></description>
          <name>は？今シーズンの打線への期待は？今年も松田宣浩さんが熱く解説します。松田さんへの質問、チームへの応援メッセージを募集します。画面上のＱＲコードやホームページからお寄せください。</name>
        </item>
      </extended_event_descriptor>
      <extended_event_descriptor descriptor_number="2" last_descriptor_number="4" language_code="jpn">
        <text></text>
        <item>
          <description>出演者</description>
          <name>【解説】松田宣浩，【実況】見浪哲史，【リポート】酒匂飛翔</name>
        </item>
      </extended_event_descriptor>
      <extended_event_descriptor descriptor_number="3" last_descriptor_number="4" language_code="jpn">
        <text></text>
        <item>
          <description>キーワード１</description>
          <name>ソフトバンク</name>
        </item>
      </extended_event_descriptor>
      <extended_event_descriptor descriptor_number="4" last_descriptor_number="4" language_code="jpn">
        <text></text>
        <item>
          <description>キーワード２</description>
          <name>西武</name>
        </item>
      </extended_event_descriptor>
      <component_descriptor stream_content="0x01" stream_content_ext="0x0F" component_type="0xB3" component_tag="0x00" language_code="jpn" text=""/>
      <audio_component_descriptor stream_content="0x02" component_type="0x03" component_tag="0x10" stream_type="0x0F" main_component="true" quality_indicator="2" sampling_rate="7" ISO_639_language_code="jpn" text="日本語"/>
      <audio_component_descriptor stream_content="0x02" component_type="0x03" component_tag="0x11" stream_type="0x0F" main_component="false" quality_indicator="2" sampling_rate="7" ISO_639_language_code="jpn" text="球場音声"/>
      <content_descriptor>
        <content content_nibble_level_1="1" content_nibble_level_2="1" user_byte="0xFF"/>
        <content content_nibble_level_1="14" content_nibble_level_2="0" user_byte="0x11"/>
      </content_descriptor>
      <event_group_descriptor group_type="1">
        <actual service_id="0xE000" event_id="0xA292"/>
        <actual service_id="0xE001" event_id="0xA292"/>
      </event_group_descriptor>
      <event_group_descriptor group_type="2">
        <actual service_id="0xE001" event_id="0xA297"/>
      </event_group_descriptor>
    </service>
  </selection_information_table>
  <selection_information_table version="20" current="true">
    <partial_transport_stream_descriptor peak_rate="0x0000EA60"/>
    <ISDB_network_identifier_descriptor country_code="JPN" media_type="TB" network_id="0x7C70"/>
    <TS_information_descriptor remote_control_key_id="0x01" ts_name="ＮＨＫ総合・熊本">
      <transmission_type transmission_type_info="0x0F">
        <service id="0xE000"/>
        <service id="0xE001"/>
        <service id="0xFFF0"/>
      </transmission_type>
      <transmission_type transmission_type_info="0xAF">
        <service id="0xE180"/>
      </transmission_type>
    </TS_information_descriptor>
    <service service_id="0xE000" running_status="undefined">
      <partialTS_time_descriptor event_version_number="59" event_start_time="2025-04-04 17:59:00" duration="00:01:00" other_descriptor_status="false" JST_time="2025-04-04 17:59:51"/>
      <generic_descriptor tag="0x85">
        7C 70 7C 70 A2 92 FF
      </generic_descriptor>
      <service_descriptor service_type="0x01" service_provider_name="" service_name="NHK総合1・熊本"/>
      <extended_broadcaster_descriptor broadcaster_type="0x01" terrestrial_broadcaster_id="0x7C71">
        <affiliation id="0x00"/>
        <affiliation id="0x01"/>
        <broadcaster original_network_id="0x0004" broadcaster_id="0x01"/>
      </extended_broadcaster_descriptor>
      <short_event_descriptor language_code="jpn">
        <event_name>プロ野球２０２５「ソフトバンク」対「西武」🈕</event_name>
        <text>リーグ連覇へ、日本一奪還へ。小久保監督２年目のホークス、ホーム２カード目ライオンズとの初戦を生中継。解説・松田宣浩さんへの質問、応援メッセージをお寄せください！</text>
      </short_event_descriptor>
      <extended_event_descriptor descriptor_number="0" last_descriptor_number="4" language_code="jpn">
        <text></text>
        <item>
          <description>番組内容</description>
          <name>パ・リーグ連覇へ、日本一奪還へ。新たなスタートを切った小久保監督２年目の福岡ソフトバンクホークス。ホームの２カード目、埼玉西武ライオンズとの初戦を試合終了まで生中継。最大の注目は守備の要・捕手。スタメンは？　投手陣の調子</name>
        </item>
      </extended_event_descriptor>
      <extended_event_descriptor descriptor_number="1" last_descriptor_number="4" language_code="jpn">
        <text></text>
        <item>
          <description></description>
          <name>は？今シーズンの打線への期待は？今年も松田宣浩さんが熱く解説します。松田さんへの質問、チームへの応援メッセージを募集します。画面上のＱＲコードやホームページからお寄せください。</name>
        </item>
      </extended_event_descriptor>
      <extended_event_descriptor descriptor_number="2" last_descriptor_number="4" language_code="jpn">
        <text></text>
        <item>
          <description>出演者</description>
          <name>【解説】松田宣浩，【実況】見浪哲史，【リポート】酒匂飛翔</name>
        </item>
      </extended_event_descriptor>
      <extended_event_descriptor descriptor_number="3" last_descriptor_number="4" language_code="jpn">
        <text></text>
        <item>
          <description>キーワード１</description>
          <name>ソフトバンク</name>
        </item>
      </extended_event_descriptor>
      <extended_event_descriptor descriptor_number="4" last_descriptor_number="4" language_code="jpn">
        <text></text>
        <item>
          <description>キーワード２</description>
          <name>西武</name>
        </item>
      </extended_event_descriptor>
      <component_descriptor stream_content="0x01" stream_content_ext="0x0F" component_type="0xB3" component_tag="0x00" language_code="jpn" text=""/>
      <audio_component_descriptor stream_content="0x02" component_type="0x03" component_tag="0x10" stream_type="0x0F" main_component="true" quality_indicator="2" sampling_rate="7" ISO_639_language_code="jpn" text="日本語"/>
      <audio_component_descriptor stream_content="0x02" component_type="0x03" component_tag="0x11" stream_type="0x0F" main_component="false" quality_indicator="2" sampling_rate="7" ISO_639_language_code="jpn" text="球場音声"/>
      <content_descriptor>
        <content content_nibble_level_1="1" content_nibble_level_2="1" user_byte="0xFF"/>
        <content content_nibble_level_1="14" content_nibble_level_2="0" user_byte="0x11"/>
      </content_descriptor>
      <event_group_descriptor group_type="1">
        <actual service_id="0xE000" event_id="0xA292"/>
        <actual service_id="0xE001" event_id="0xA292"/>
      </event_group_descriptor>
      <event_group_descriptor group_type="2">
        <actual service_id="0xE001" event_id="0xA297"/>
      </event_group_descriptor>
    </service>
  </selection_information_table>
  <selection_information_table version="21" current="true">
    <partial_transport_stream_descriptor peak_rate="0x0000EA60"/>
    <ISDB_network_identifier_descriptor country_code="JPN" media_type="TB" network_id="0x7C70"/>
    <TS_information_descriptor remote_control_key_id="0x01" ts_name="ＮＨＫ総合・熊本">
      <transmission_type transmission_type_info="0x0F">
        <service id="0xE000"/>
        <service id="0xE001"/>
        <service id="0xFFF0"/>
      </transmission_type>
      <transmission_type transmission_type_info="0xAF">
        <service id="0xE180"/>
      </transmission_type>
    </TS_information_descriptor>
    <service service_id="0xE000" running_status="undefined">
      <partialTS_time_descriptor event_version_number="59" event_start_time="2025-04-04 17:59:00" duration="00:01:00" other_descriptor_status="false" JST_time="2025-04-04 17:59:53"/>
      <generic_descriptor tag="0x85">
        7C 70 7C 70 A2 92 FF
      </generic_descriptor>
      <service_descriptor service_type="0x01" service_provider_name="" service_name="NHK総合1・熊本"/>
      <extended_broadcaster_descriptor broadcaster_type="0x01" terrestrial_broadcaster_id="0x7C71">
        <affiliation id="0x00"/>
        <affiliation id="0x01"/>
        <broadcaster original_network_id="0x0004" broadcaster_id="0x01"/>
      </extended_broadcaster_descriptor>
      <short_event_descriptor language_code="jpn">
        <event_name>プロ野球２０２５「ソフトバンク」対「西武」🈕</event_name>
        <text>リーグ連覇へ、日本一奪還へ。小久保監督２年目のホークス、ホーム２カード目ライオンズとの初戦を生中継。解説・松田宣浩さんへの質問、応援メッセージをお寄せください！</text>
      </short_event_descriptor>
      <extended_event_descriptor descriptor_number="0" last_descriptor_number="4" language_code="jpn">
        <text></text>
        <item>
          <description>番組内容</description>
          <name>パ・リーグ連覇へ、日本一奪還へ。新たなスタートを切った小久保監督２年目の福岡ソフトバンクホークス。ホームの２カード目、埼玉西武ライオンズとの初戦を試合終了まで生中継。最大の注目は守備の要・捕手。スタメンは？　投手陣の調子</name>
        </item>
      </extended_event_descriptor>
      <extended_event_descriptor descriptor_number="1" last_descriptor_number="4" language_code="jpn">
        <text></text>
        <item>
          <description></description>
          <name>は？今シーズンの打線への期待は？今年も松田宣浩さんが熱く解説します。松田さんへの質問、チームへの応援メッセージを募集します。画面上のＱＲコードやホームページからお寄せください。</name>
        </item>
      </extended_event_descriptor>
      <extended_event_descriptor descriptor_number="2" last_descriptor_number="4" language_code="jpn">
        <text></text>
        <item>
          <description>出演者</description>
          <name>【解説】松田宣浩，【実況】見浪哲史，【リポート】酒匂飛翔</name>
        </item>
      </extended_event_descriptor>
      <extended_event_descriptor descriptor_number="3" last_descriptor_number="4" language_code="jpn">
        <text></text>
        <item>
          <description>キーワード１</description>
          <name>ソフトバンク</name>
        </item>
      </extended_event_descriptor>
      <extended_event_descriptor descriptor_number="4" last_descriptor_number="4" language_code="jpn">
        <text></text>
        <item>
          <description>キーワード２</description>
          <name>西武</name>
        </item>
      </extended_event_descriptor>
      <component_descriptor stream_content="0x01" stream_content_ext="0x0F" component_type="0xB3" component_tag="0x00" language_code="jpn" text=""/>
      <audio_component_descriptor stream_content="0x02" component_type="0x03" component_tag="0x10" stream_type="0x0F" main_component="true" quality_indicator="2" sampling_rate="7" ISO_639_language_code="jpn" text="日本語"/>
      <audio_component_descriptor stream_content="0x02" component_type="0x03" component_tag="0x11" stream_type="0x0F" main_component="false" quality_indicator="2" sampling_rate="7" ISO_639_language_code="jpn" text="球場音声"/>
      <content_descriptor>
        <content content_nibble_level_1="1" content_nibble_level_2="1" user_byte="0xFF"/>
        <content content_nibble_level_1="14" content_nibble_level_2="0" user_byte="0x11"/>
      </content_descriptor>
      <event_group_descriptor group_type="1">
        <actual service_id="0xE000" event_id="0xA292"/>
        <actual service_id="0xE001" event_id="0xA292"/>
      </event_group_descriptor>
      <event_group_descriptor group_type="2">
        <actual service_id="0xE001" event_id="0xA297"/>
      </event_group_descriptor>
    </service>
  </selection_information_table>
  <selection_information_table version="22" current="true">
    <partial_transport_stream_descriptor peak_rate="0x0000EA60"/>
    <ISDB_network_identifier_descriptor country_code="JPN" media_type="TB" network_id="0x7C70"/>
    <TS_information_descriptor remote_control_key_id="0x01" ts_name="ＮＨＫ総合・熊本">
      <transmission_type transmission_type_info="0x0F">
        <service id="0xE000"/>
        <service id="0xE001"/>
        <service id="0xFFF0"/>
      </transmission_type>
      <transmission_type transmission_type_info="0xAF">
        <service id="0xE180"/>
      </transmission_type>
    </TS_information_descriptor>
    <service service_id="0xE000" running_status="undefined">
      <partialTS_time_descriptor event_version_number="59" event_start_time="2025-04-04 17:59:00" duration="00:01:00" other_descriptor_status="false" JST_time="2025-04-04 17:59:55"/>
      <generic_descriptor tag="0x85">
        7C 70 7C 70 A2 92 FF
      </generic_descriptor>
      <service_descriptor service_type="0x01" service_provider_name="" service_name="NHK総合1・熊本"/>
      <extended_broadcaster_descriptor broadcaster_type="0x01" terrestrial_broadcaster_id="0x7C71">
        <affiliation id="0x00"/>
        <affiliation id="0x01"/>
        <broadcaster original_network_id="0x0004" broadcaster_id="0x01"/>
      </extended_broadcaster_descriptor>
      <short_event_descriptor language_code="jpn">
        <event_name>プロ野球２０２５「ソフトバンク」対「西武」🈕</event_name>
        <text>リーグ連覇へ、日本一奪還へ。小久保監督２年目のホークス、ホーム２カード目ライオンズとの初戦を生中継。解説・松田宣浩さんへの質問、応援メッセージをお寄せください！</text>
      </short_event_descriptor>
      <extended_event_descriptor descriptor_number="0" last_descriptor_number="4" language_code="jpn">
        <text></text>
        <item>
          <description>番組内容</description>
          <name>パ・リーグ連覇へ、日本一奪還へ。新たなスタートを切った小久保監督２年目の福岡ソフトバンクホークス。ホームの２カード目、埼玉西武ライオンズとの初戦を試合終了まで生中継。最大の注目は守備の要・捕手。スタメンは？　投手陣の調子</name>
        </item>
      </extended_event_descriptor>
      <extended_event_descriptor descriptor_number="1" last_descriptor_number="4" language_code="jpn">
        <text></text>
        <item>
          <description></description>
          <name>は？今シーズンの打線への期待は？今年も松田宣浩さんが熱く解説します。松田さんへの質問、チームへの応援メッセージを募集します。画面上のＱＲコードやホームページからお寄せください。</name>
        </item>
      </extended_event_descriptor>
      <extended_event_descriptor descriptor_number="2" last_descriptor_number="4" language_code="jpn">
        <text></text>
        <item>
          <description>出演者</description>
          <name>【解説】松田宣浩，【実況】見浪哲史，【リポート】酒匂飛翔</name>
        </item>
      </extended_event_descriptor>
      <extended_event_descriptor descriptor_number="3" last_descriptor_number="4" language_code="jpn">
        <text></text>
        <item>
          <description>キーワード１</description>
          <name>ソフトバンク</name>
        </item>
      </extended_event_descriptor>
      <extended_event_descriptor descriptor_number="4" last_descriptor_number="4" language_code="jpn">
        <text></text>
        <item>
          <description>キーワード２</description>
          <name>西武</name>
        </item>
      </extended_event_descriptor>
      <component_descriptor stream_content="0x01" stream_content_ext="0x0F" component_type="0xB3" component_tag="0x00" language_code="jpn" text=""/>
      <audio_component_descriptor stream_content="0x02" component_type="0x03" component_tag="0x10" stream_type="0x0F" main_component="true" quality_indicator="2" sampling_rate="7" ISO_639_language_code="jpn" text="日本語"/>
      <audio_component_descriptor stream_content="0x02" component_type="0x03" component_tag="0x11" stream_type="0x0F" main_component="false" quality_indicator="2" sampling_rate="7" ISO_639_language_code="jpn" text="球場音声"/>
      <content_descriptor>
        <content content_nibble_level_1="1" content_nibble_level_2="1" user_byte="0xFF"/>
        <content content_nibble_level_1="14" content_nibble_level_2="0" user_byte="0x11"/>
      </content_descriptor>
      <event_group_descriptor group_type="1">
        <actual service_id="0xE000" event_id="0xA292"/>
        <actual service_id="0xE001" event_id="0xA292"/>
      </event_group_descriptor>
      <event_group_descriptor group_type="2">
        <actual service_id="0xE001" event_id="0xA297"/>
      </event_group_descriptor>
    </service>
  </selection_information_table>
  <selection_information_table version="23" current="true">
    <partial_transport_stream_descriptor peak_rate="0x0000EA60"/>
    <ISDB_network_identifier_descriptor country_code="JPN" media_type="TB" network_id="0x7C70"/>
    <TS_information_descriptor remote_control_key_id="0x01" ts_name="ＮＨＫ総合・熊本">
      <transmission_type transmission_type_info="0x0F">
        <service id="0xE000"/>
        <service id="0xE001"/>
        <service id="0xFFF0"/>
      </transmission_type>
      <transmission_type transmission_type_info="0xAF">
        <service id="0xE180"/>
      </transmission_type>
    </TS_information_descriptor>
    <service service_id="0xE000" running_status="undefined">
      <partialTS_time_descriptor event_version_number="59" event_start_time="2025-04-04 17:59:00" duration="00:01:00" other_descriptor_status="false" JST_time="2025-04-04 17:59:57"/>
      <generic_descriptor tag="0x85">
        7C 70 7C 70 A2 92 FF
      </generic_descriptor>
      <service_descriptor service_type="0x01" service_provider_name="" service_name="NHK総合1・熊本"/>
      <extended_broadcaster_descriptor broadcaster_type="0x01" terrestrial_broadcaster_id="0x7C71">
        <affiliation id="0x00"/>
        <affiliation id="0x01"/>
        <broadcaster original_network_id="0x0004" broadcaster_id="0x01"/>
      </extended_broadcaster_descriptor>
      <short_event_descriptor language_code="jpn">
        <event_name>プロ野球２０２５「ソフトバンク」対「西武」🈕</event_name>
        <text>リーグ連覇へ、日本一奪還へ。小久保監督２年目のホークス、ホーム２カード目ライオンズとの初戦を生中継。解説・松田宣浩さんへの質問、応援メッセージをお寄せください！</text>
      </short_event_descriptor>
      <extended_event_descriptor descriptor_number="0" last_descriptor_number="4" language_code="jpn">
        <text></text>
        <item>
          <description>番組内容</description>
          <name>パ・リーグ連覇へ、日本一奪還へ。新たなスタートを切った小久保監督２年目の福岡ソフトバンクホークス。ホームの２カード目、埼玉西武ライオンズとの初戦を試合終了まで生中継。最大の注目は守備の要・捕手。スタメンは？　投手陣の調子</name>
        </item>
      </extended_event_descriptor>
      <extended_event_descriptor descriptor_number="1" last_descriptor_number="4" language_code="jpn">
        <text></text>
        <item>
          <description></description>
          <name>は？今シーズンの打線への期待は？今年も松田宣浩さんが熱く解説します。松田さんへの質問、チームへの応援メッセージを募集します。画面上のＱＲコードやホームページからお寄せください。</name>
        </item>
      </extended_event_descriptor>
      <extended_event_descriptor descriptor_number="2" last_descriptor_number="4" language_code="jpn">
        <text></text>
        <item>
          <description>出演者</description>
          <name>【解説】松田宣浩，【実況】見浪哲史，【リポート】酒匂飛翔</name>
        </item>
      </extended_event_descriptor>
      <extended_event_descriptor descriptor_number="3" last_descriptor_number="4" language_code="jpn">
        <text></text>
        <item>
          <description>キーワード１</description>
          <name>ソフトバンク</name>
        </item>
      </extended_event_descriptor>
      <extended_event_descriptor descriptor_number="4" last_descriptor_number="4" language_code="jpn">
        <text></text>
        <item>
          <description>キーワード２</description>
          <name>西武</name>
        </item>
      </extended_event_descriptor>
      <component_descriptor stream_content="0x01" stream_content_ext="0x0F" component_type="0xB3" component_tag="0x00" language_code="jpn" text=""/>
      <audio_component_descriptor stream_content="0x02" component_type="0x03" component_tag="0x10" stream_type="0x0F" main_component="true" quality_indicator="2" sampling_rate="7" ISO_639_language_code="jpn" text="日本語"/>
      <audio_component_descriptor stream_content="0x02" component_type="0x03" component_tag="0x11" stream_type="0x0F" main_component="false" quality_indicator="2" sampling_rate="7" ISO_639_language_code="jpn" text="球場音声"/>
      <content_descriptor>
        <content content_nibble_level_1="1" content_nibble_level_2="1" user_byte="0xFF"/>
        <content content_nibble_level_1="14" content_nibble_level_2="0" user_byte="0x11"/>
      </content_descriptor>
      <event_group_descriptor group_type="1">
        <actual service_id="0xE000" event_id="0xA292"/>
        <actual service_id="0xE001" event_id="0xA292"/>
      </event_group_descriptor>
      <event_group_descriptor group_type="2">
        <actual service_id="0xE001" event_id="0xA297"/>
      </event_group_descriptor>
    </service>
  </selection_information_table>
  <selection_information_table version="24" current="true">
    <partial_transport_stream_descriptor peak_rate="0x0000EA60"/>
    <ISDB_network_identifier_descriptor country_code="JPN" media_type="TB" network_id="0x7C70"/>
    <TS_information_descriptor remote_control_key_id="0x01" ts_name="ＮＨＫ総合・熊本">
      <transmission_type transmission_type_info="0x0F">
        <service id="0xE000"/>
        <service id="0xE001"/>
        <service id="0xFFF0"/>
      </transmission_type>
      <transmission_type transmission_type_info="0xAF">
        <service id="0xE180"/>
      </transmission_type>
    </TS_information_descriptor>
    <service service_id="0xE000" running_status="undefined">
      <partialTS_time_descriptor event_version_number="59" event_start_time="2025-04-04 17:59:00" duration="00:01:00" other_descriptor_status="false" JST_time="2025-04-04 17:59:59"/>
      <generic_descriptor tag="0x85">
        7C 70 7C 70 A2 92 FF
      </generic_descriptor>
      <service_descriptor service_type="0x01" service_provider_name="" service_name="NHK総合1・熊本"/>
      <extended_broadcaster_descriptor broadcaster_type="0x01" terrestrial_broadcaster_id="0x7C71">
        <affiliation id="0x00"/>
        <affiliation id="0x01"/>
        <broadcaster original_network_id="0x0004" broadcaster_id="0x01"/>
      </extended_broadcaster_descriptor>
      <short_event_descriptor language_code="jpn">
        <event_name>プロ野球２０２５「ソフトバンク」対「西武」🈕</event_name>
        <text>リーグ連覇へ、日本一奪還へ。小久保監督２年目のホークス、ホーム２カード目ライオンズとの初戦を生中継。解説・松田宣浩さんへの質問、応援メッセージをお寄せください！</text>
      </short_event_descriptor>
      <extended_event_descriptor descriptor_number="0" last_descriptor_number="4" language_code="jpn">
        <text></text>
        <item>
          <description>番組内容</description>
          <name>パ・リーグ連覇へ、日本一奪還へ。新たなスタートを切った小久保監督２年目の福岡ソフトバンクホークス。ホームの２カード目、埼玉西武ライオンズとの初戦を試合終了まで生中継。最大の注目は守備の要・捕手。スタメンは？　投手陣の調子</name>
        </item>
      </extended_event_descriptor>
      <extended_event_descriptor descriptor_number="1" last_descriptor_number="4" language_code="jpn">
        <text></text>
        <item>
          <description></description>
          <name>は？今シーズンの打線への期待は？今年も松田宣浩さんが熱く解説します。松田さんへの質問、チームへの応援メッセージを募集します。画面上のＱＲコードやホームページからお寄せください。</name>
        </item>
      </extended_event_descriptor>
      <extended_event_descriptor descriptor_number="2" last_descriptor_number="4" language_code="jpn">
        <text></text>
        <item>
          <description>出演者</description>
          <name>【解説】松田宣浩，【実況】見浪哲史，【リポート】酒匂飛翔</name>
        </item>
      </extended_event_descriptor>
      <extended_event_descriptor descriptor_number="3" last_descriptor_number="4" language_code="jpn">
        <text></text>
        <item>
          <description>キーワード１</description>
          <name>ソフトバンク</name>
        </item>
      </extended_event_descriptor>
      <extended_event_descriptor descriptor_number="4" last_descriptor_number="4" language_code="jpn">
        <text></text>
        <item>
          <description>キーワード２</description>
          <name>西武</name>
        </item>
      </extended_event_descriptor>
      <component_descriptor stream_content="0x01" stream_content_ext="0x0F" component_type="0xB3" component_tag="0x00" language_code="jpn" text=""/>
      <audio_component_descriptor stream_content="0x02" component_type="0x03" component_tag="0x10" stream_type="0x0F" main_component="true" quality_indicator="2" sampling_rate="7" ISO_639_language_code="jpn" text="日本語"/>
      <audio_component_descriptor stream_content="0x02" component_type="0x03" component_tag="0x11" stream_type="0x0F" main_component="false" quality_indicator="2" sampling_rate="7" ISO_639_language_code="jpn" text="球場音声"/>
      <content_descriptor>
        <content content_nibble_level_1="1" content_nibble_level_2="1" user_byte="0xFF"/>
        <content content_nibble_level_1="14" content_nibble_level_2="0" user_byte="0x11"/>
      </content_descriptor>
      <event_group_descriptor group_type="1">
        <actual service_id="0xE000" event_id="0xA292"/>
        <actual service_id="0xE001" event_id="0xA292"/>
      </event_group_descriptor>
      <event_group_descriptor group_type="2">
        <actual service_id="0xE001" event_id="0xA297"/>
      </event_group_descriptor>
    </service>
  </selection_information_table>
</tsduck>
