<?xml version="1.0" encoding="UTF-8"?>
<tsduck>
  <selection_information_table version="27" current="true">
    <metadata PID="31"/>
    <partial_transport_stream_descriptor peak_rate="0x0000EA60"/>
    <ISDB_network_identifier_descriptor country_code="JPN" media_type="TB" network_id="0x7C70"/>
    <TS_information_descriptor remote_control_key_id="0x01" ts_name="ＮＨＫ総合・熊本">
      <transmission_type transmission_type_info="0x0F">
        <service id="0xE000"/>
        <service id="0xE001"/>
        <service id="0xFFF0"/>
      </transmission_type>
      <transmission_type transmission_type_info="0xAF">
        <service id="0xE180"/>
      </transmission_type>
    </TS_information_descriptor>
    <service service_id="0xE000" running_status="undefined">
      <partialTS_time_descriptor event_version_number="61" event_start_time="2025-04-04 18:00:00" duration="00:10:00" other_descriptor_status="false" JST_time="2025-04-04 18:00:05"/>
      <generic_descriptor tag="0x85">
        7C 70 7C 70 06 B5 FF
      </generic_descriptor>
      <service_descriptor service_type="0x01" service_provider_name="" service_name="NHK総合1・熊本"/>
      <extended_broadcaster_descriptor broadcaster_type="0x01" terrestrial_broadcaster_id="0x7C71">
        <affiliation id="0x00"/>
        <affiliation id="0x01"/>
        <broadcaster original_network_id="0x0004" broadcaster_id="0x01"/>
      </extended_broadcaster_descriptor>
      <short_event_descriptor language_code="jpn">
        <event_name>ニュース🈔🈑</event_name>
        <text></text>
      </short_event_descriptor>
      <component_descriptor stream_content="0x01" stream_content_ext="0x0F" component_type="0x03" component_tag="0x00" language_code="jpn" text=""/>
      <audio_component_descriptor stream_content="0x02" component_type="0x02" component_tag="0x10" stream_type="0x0F" main_component="true" quality_indicator="2" sampling_rate="7" ISO_639_language_code="jpn" ISO_639_language_code_2="eng" text="日本語英語"/>
      <content_descriptor>
        <content content_nibble_level_1="0" content_nibble_level_2="0" user_byte="0xFF"/>
      </content_descriptor>
      <data_content_descriptor data_component_id="0x0008" entry_component="0x30" ISO_639_language_code="jpn" text="">
        <selector_bytes>
          01 13 6A 70 6E
        </selector_bytes>
      </data_content_descriptor>
    </service>
  </selection_information_table>
  <selection_information_table version="28" current="true">
    <metadata PID="31"/>
    <partial_transport_stream_descriptor peak_rate="0x0000EA60"/>
    <ISDB_network_identifier_descriptor country_code="JPN" media_type="TB" network_id="0x7C70"/>
    <TS_information_descriptor remote_control_key_id="0x01" ts_name="ＮＨＫ総合・熊本">
      <transmission_type transmission_type_info="0x0F">
        <service id="0xE000"/>
        <service id="0xE001"/>
        <service id="0xFFF0"/>
      </transmission_type>
      <transmission_type transmission_type_info="0xAF">
        <service id="0xE180"/>
      </transmission_type>
    </TS_information_descriptor>
    <service service_id="0xE000" running_status="undefined">
      <partialTS_time_descriptor event_version_number="61" event_start_time="2025-04-04 18:00:00" duration="00:10:00" other_descriptor_status="false" JST_time="2025-04-04 18:00:07"/>
      <generic_descriptor tag="0x85">
        7C 70 7C 70 06 B5 FF
      </generic_descriptor>
      <service_descriptor service_type="0x01" service_provider_name="" service_name="NHK総合1・熊本"/>
      <extended_broadcaster_descriptor broadcaster_type="0x01" terrestrial_broadcaster_id="0x7C71">
        <affiliation id="0x00"/>
        <affiliation id="0x01"/>
        <broadcaster original_network_id="0x0004" broadcaster_id="0x01"/>
      </extended_broadcaster_descriptor>
      <short_event_descriptor language_code="jpn">
        <event_name>ニュース🈔🈑</event_name>
        <text></text>
      </short_event_descriptor>
      <component_descriptor stream_content="0x01" stream_content_ext="0x0F" component_type="0x03" component_tag="0x00" language_code="jpn" text=""/>
      <audio_component_descriptor stream_content="0x02" component_type="0x02" component_tag="0x10" stream_type="0x0F" main_component="true" quality_indicator="2" sampling_rate="7" ISO_639_language_code="jpn" ISO_639_language_code_2="eng" text="日本語英語"/>
      <content_descriptor>
        <content content_nibble_level_1="0" content_nibble_level_2="0" user_byte="0xFF"/>
      </content_descriptor>
      <data_content_descriptor data_component_id="0x0008" entry_component="0x30" ISO_639_language_code="jpn" text="">
        <selector_bytes>
          01 13 6A 70 6E
        </selector_bytes>
      </data_content_descriptor>
    </service>
  </selection_information_table>
  <selection_information_table version="29" current="true">
    <metadata PID="31"/>
    <partial_transport_stream_descriptor peak_rate="0x0000EA60"/>
    <ISDB_network_identifier_descriptor country_code="JPN" media_type="TB" network_id="0x7C70"/>
    <TS_information_descriptor remote_control_key_id="0x01" ts_name="ＮＨＫ総合・熊本">
      <transmission_type transmission_type_info="0x0F">
        <service id="0xE000"/>
        <service id="0xE001"/>
        <service id="0xFFF0"/>
      </transmission_type>
      <transmission_type transmission_type_info="0xAF">
        <service id="0xE180"/>
      </transmission_type>
    </TS_information_descriptor>
    <service service_id="0xE000" running_status="undefined">
      <partialTS_time_descriptor event_version_number="61" event_start_time="2025-04-04 18:00:00" duration="00:10:00" other_descriptor_status="false" JST_time="2025-04-04 18:00:10"/>
      <generic_descriptor tag="0x85">
        7C 70 7C 70 06 B5 FF
      </generic_descriptor>
      <service_descriptor service_type="0x01" service_provider_name="" service_name="NHK総合1・熊本"/>
      <extended_broadcaster_descriptor broadcaster_type="0x01" terrestrial_broadcaster_id="0x7C71">
        <affiliation id="0x00"/>
        <affiliation id="0x01"/>
        <broadcaster original_network_id="0x0004" broadcaster_id="0x01"/>
      </extended_broadcaster_descriptor>
      <short_event_descriptor language_code="jpn">
        <event_name>ニュース🈔🈑</event_name>
        <text></text>
      </short_event_descriptor>
      <component_descriptor stream_content="0x01" stream_content_ext="0x0F" component_type="0x03" component_tag="0x00" language_code="jpn" text=""/>
      <audio_component_descriptor stream_content="0x02" component_type="0x02" component_tag="0x10" stream_type="0x0F" main_component="true" quality_indicator="2" sampling_rate="7" ISO_639_language_code="jpn" ISO_639_language_code_2="eng" text="日本語英語"/>
      <content_descriptor>
        <content content_nibble_level_1="0" content_nibble_level_2="0" user_byte="0xFF"/>
      </content_descriptor>
      <data_content_descriptor data_component_id="0x0008" entry_component="0x30" ISO_639_language_code="jpn" text="">
        <selector_bytes>
          01 13 6A 70 6E
        </selector_bytes>
      </data_content_descriptor>
    </service>
  </selection_information_table>
  <selection_information_table version="30" current="true">
    <metadata PID="31"/>
    <partial_transport_stream_descriptor peak_rate="0x0000EA60"/>
    <ISDB_network_identifier_descriptor country_code="JPN" media_type="TB" network_id="0x7C70"/>
    <TS_information_descriptor remote_control_key_id="0x01" ts_name="ＮＨＫ総合・熊本">
      <transmission_type transmission_type_info="0x0F">
        <service id="0xE000"/>
        <service id="0xE001"/>
        <service id="0xFFF0"/>
      </transmission_type>
      <transmission_type transmission_type_info="0xAF">
        <service id="0xE180"/>
      </transmission_type>
    </TS_information_descriptor>
    <service service_id="0xE000" running_status="undefined">
      <partialTS_time_descriptor event_version_number="61" event_start_time="2025-04-04 18:00:00" duration="00:10:00" other_descriptor_status="false" JST_time="2025-04-04 18:00:12"/>
      <generic_descriptor tag="0x85">
        7C 70 7C 70 06 B5 FF
      </generic_descriptor>
      <service_descriptor service_type="0x01" service_provider_name="" service_name="NHK総合1・熊本"/>
      <extended_broadcaster_descriptor broadcaster_type="0x01" terrestrial_broadcaster_id="0x7C71">
        <affiliation id="0x00"/>
        <affiliation id="0x01"/>
        <broadcaster original_network_id="0x0004" broadcaster_id="0x01"/>
      </extended_broadcaster_descriptor>
      <short_event_descriptor language_code="jpn">
        <event_name>ニュース🈔🈑</event_name>
        <text></text>
      </short_event_descriptor>
      <component_descriptor stream_content="0x01" stream_content_ext="0x0F" component_type="0x03" component_tag="0x00" language_code="jpn" text=""/>
      <audio_component_descriptor stream_content="0x02" component_type="0x02" component_tag="0x10" stream_type="0x0F" main_component="true" quality_indicator="2" sampling_rate="7" ISO_639_language_code="jpn" ISO_639_language_code_2="eng" text="日本語英語"/>
      <content_descriptor>
        <content content_nibble_level_1="0" content_nibble_level_2="0" user_byte="0xFF"/>
      </content_descriptor>
      <data_content_descriptor data_component_id="0x0008" entry_component="0x30" ISO_639_language_code="jpn" text="">
        <selector_bytes>
          01 13 6A 70 6E
        </selector_bytes>
      </data_content_descriptor>
    </service>
  </selection_information_table>
  <selection_information_table version="31" current="true">
    <metadata PID="31"/>
    <partial_transport_stream_descriptor peak_rate="0x0000EA60"/>
    <ISDB_network_identifier_descriptor country_code="JPN" media_type="TB" network_id="0x7C70"/>
    <TS_information_descriptor remote_control_key_id="0x01" ts_name="ＮＨＫ総合・熊本">
      <transmission_type transmission_type_info="0x0F">
        <service id="0xE000"/>
        <service id="0xE001"/>
        <service id="0xFFF0"/>
      </transmission_type>
      <transmission_type transmission_type_info="0xAF">
        <service id="0xE180"/>
      </transmission_type>
    </TS_information_descriptor>
    <service service_id="0xE000" running_status="undefined">
      <partialTS_time_descriptor event_version_number="61" event_start_time="2025-04-04 18:00:00" duration="00:10:00" other_descriptor_status="false" JST_time="2025-04-04 18:00:14"/>
      <generic_descriptor tag="0x85">
        7C 70 7C 70 06 B5 FF
      </generic_descriptor>
      <service_descriptor service_type="0x01" service_provider_name="" service_name="NHK総合1・熊本"/>
      <extended_broadcaster_descriptor broadcaster_type="0x01" terrestrial_broadcaster_id="0x7C71">
        <affiliation id="0x00"/>
        <affiliation id="0x01"/>
        <broadcaster original_network_id="0x0004" broadcaster_id="0x01"/>
      </extended_broadcaster_descriptor>
      <short_event_descriptor language_code="jpn">
        <event_name>ニュース🈔🈑</event_name>
        <text></text>
      </short_event_descriptor>
      <component_descriptor stream_content="0x01" stream_content_ext="0x0F" component_type="0x03" component_tag="0x00" language_code="jpn" text=""/>
      <audio_component_descriptor stream_content="0x02" component_type="0x02" component_tag="0x10" stream_type="0x0F" main_component="true" quality_indicator="2" sampling_rate="7" ISO_639_language_code="jpn" ISO_639_language_code_2="eng" text="日本語英語"/>
      <content_descriptor>
        <content content_nibble_level_1="0" content_nibble_level_2="0" user_byte="0xFF"/>
      </content_descriptor>
      <data_content_descriptor data_component_id="0x0008" entry_component="0x30" ISO_639_language_code="jpn" text="">
        <selector_bytes>
          01 13 6A 70 6E
        </selector_bytes>
      </data_content_descriptor>
    </service>
  </selection_information_table>
  <selection_information_table version="0" current="true">
    <metadata PID="31"/>
    <partial_transport_stream_descriptor peak_rate="0x0000EA60"/>
    <ISDB_network_identifier_descriptor country_code="JPN" media_type="TB" network_id="0x7C70"/>
    <TS_information_descriptor remote_control_key_id="0x01" ts_name="ＮＨＫ総合・熊本">
      <transmission_type transmission_type_info="0x0F">
        <service id="0xE000"/>
        <service id="0xE001"/>
        <service id="0xFFF0"/>
      </transmission_type>
      <transmission_type transmission_type_info="0xAF">
        <service id="0xE180"/>
      </transmission_type>
    </TS_information_descriptor>
    <service service_id="0xE000" running_status="undefined">
      <partialTS_time_descriptor event_version_number="61" event_start_time="2025-04-04 18:00:00" duration="00:10:00" other_descriptor_status="false" JST_time="2025-04-04 18:00:16"/>
      <generic_descriptor tag="0x85">
        7C 70 7C 70 06 B5 FF
      </generic_descriptor>
      <service_descriptor service_type="0x01" service_provider_name="" service_name="NHK総合1・熊本"/>
      <extended_broadcaster_descriptor broadcaster_type="0x01" terrestrial_broadcaster_id="0x7C71">
        <affiliation id="0x00"/>
        <affiliation id="0x01"/>
        <broadcaster original_network_id="0x0004" broadcaster_id="0x01"/>
      </extended_broadcaster_descriptor>
      <short_event_descriptor language_code="jpn">
        <event_name>ニュース🈔🈑</event_name>
        <text></text>
      </short_event_descriptor>
      <component_descriptor stream_content="0x01" stream_content_ext="0x0F" component_type="0x03" component_tag="0x00" language_code="jpn" text=""/>
      <audio_component_descriptor stream_content="0x02" component_type="0x02" component_tag="0x10" stream_type="0x0F" main_component="true" quality_indicator="2" sampling_rate="7" ISO_639_language_code="jpn" ISO_639_language_code_2="eng" text="日本語英語"/>
      <content_descriptor>
        <content content_nibble_level_1="0" content_nibble_level_2="0" user_byte="0xFF"/>
      </content_descriptor>
      <data_content_descriptor data_component_id="0x0008" entry_component="0x30" ISO_639_language_code="jpn" text="">
        <selector_bytes>
          01 13 6A 70 6E
        </selector_bytes>
      </data_content_descriptor>
    </service>
  </selection_information_table>
  <selection_information_table version="1" current="true">
    <metadata PID="31"/>
    <partial_transport_stream_descriptor peak_rate="0x0000EA60"/>
    <ISDB_network_identifier_descriptor country_code="JPN" media_type="TB" network_id="0x7C70"/>
    <TS_information_descriptor remote_control_key_id="0x01" ts_name="ＮＨＫ総合・熊本">
      <transmission_type transmission_type_info="0x0F">
        <service id="0xE000"/>
        <service id="0xE001"/>
        <service id="0xFFF0"/>
      </transmission_type>
      <transmission_type transmission_type_info="0xAF">
        <service id="0xE180"/>
      </transmission_type>
    </TS_information_descriptor>
    <service service_id="0xE000" running_status="undefined">
      <partialTS_time_descriptor event_version_number="61" event_start_time="2025-04-04 18:00:00" duration="00:10:00" other_descriptor_status="false" JST_time="2025-04-04 18:00:18"/>
      <generic_descriptor tag="0x85">
        7C 70 7C 70 06 B5 FF
      </generic_descriptor>
      <service_descriptor service_type="0x01" service_provider_name="" service_name="NHK総合1・熊本"/>
      <extended_broadcaster_descriptor broadcaster_type="0x01" terrestrial_broadcaster_id="0x7C71">
        <affiliation id="0x00"/>
        <affiliation id="0x01"/>
        <broadcaster original_network_id="0x0004" broadcaster_id="0x01"/>
      </extended_broadcaster_descriptor>
      <short_event_descriptor language_code="jpn">
        <event_name>ニュース🈔🈑</event_name>
        <text></text>
      </short_event_descriptor>
      <component_descriptor stream_content="0x01" stream_content_ext="0x0F" component_type="0x03" component_tag="0x00" language_code="jpn" text=""/>
      <audio_component_descriptor stream_content="0x02" component_type="0x02" component_tag="0x10" stream_type="0x0F" main_component="true" quality_indicator="2" sampling_rate="7" ISO_639_language_code="jpn" ISO_639_language_code_2="eng" text="日本語英語"/>
      <content_descriptor>
        <content content_nibble_level_1="0" content_nibble_level_2="0" user_byte="0xFF"/>
      </content_descriptor>
      <data_content_descriptor data_component_id="0x0008" entry_component="0x30" ISO_639_language_code="jpn" text="">
        <selector_bytes>
          01 13 6A 70 6E
        </selector_bytes>
      </data_content_descriptor>
    </service>
  </selection_information_table>
  <selection_information_table version="2" current="true">
    <metadata PID="31"/>
    <partial_transport_stream_descriptor peak_rate="0x0000EA60"/>
    <ISDB_network_identifier_descriptor country_code="JPN" media_type="TB" network_id="0x7C70"/>
    <TS_information_descriptor remote_control_key_id="0x01" ts_name="ＮＨＫ総合・熊本">
      <transmission_type transmission_type_info="0x0F">
        <service id="0xE000"/>
        <service id="0xE001"/>
        <service id="0xFFF0"/>
      </transmission_type>
      <transmission_type transmission_type_info="0xAF">
        <service id="0xE180"/>
      </transmission_type>
    </TS_information_descriptor>
    <service service_id="0xE000" running_status="undefined">
      <partialTS_time_descriptor event_version_number="61" event_start_time="2025-04-04 18:00:00" duration="00:10:00" other_descriptor_status="false" JST_time="2025-04-04 18:00:20"/>
      <generic_descriptor tag="0x85">
        7C 70 7C 70 06 B5 FF
      </generic_descriptor>
      <service_descriptor service_type="0x01" service_provider_name="" service_name="NHK総合1・熊本"/>
      <extended_broadcaster_descriptor broadcaster_type="0x01" terrestrial_broadcaster_id="0x7C71">
        <affiliation id="0x00"/>
        <affiliation id="0x01"/>
        <broadcaster original_network_id="0x0004" broadcaster_id="0x01"/>
      </extended_broadcaster_descriptor>
      <short_event_descriptor language_code="jpn">
        <event_name>ニュース🈔🈑</event_name>
        <text></text>
      </short_event_descriptor>
      <component_descriptor stream_content="0x01" stream_content_ext="0x0F" component_type="0x03" component_tag="0x00" language_code="jpn" text=""/>
      <audio_component_descriptor stream_content="0x02" component_type="0x02" component_tag="0x10" stream_type="0x0F" main_component="true" quality_indicator="2" sampling_rate="7" ISO_639_language_code="jpn" ISO_639_language_code_2="eng" text="日本語英語"/>
      <content_descriptor>
        <content content_nibble_level_1="0" content_nibble_level_2="0" user_byte="0xFF"/>
      </content_descriptor>
      <data_content_descriptor data_component_id="0x0008" entry_component="0x30" ISO_639_language_code="jpn" text="">
        <selector_bytes>
          01 13 6A 70 6E
        </selector_bytes>
      </data_content_descriptor>
    </service>
  </selection_information_table>
  <selection_information_table version="3" current="true">
    <metadata PID="31"/>
    <partial_transport_stream_descriptor peak_rate="0x0000EA60"/>
    <ISDB_network_identifier_descriptor country_code="JPN" media_type="TB" network_id="0x7C70"/>
    <TS_information_descriptor remote_control_key_id="0x01" ts_name="ＮＨＫ総合・熊本">
      <transmission_type transmission_type_info="0x0F">
        <service id="0xE000"/>
        <service id="0xE001"/>
        <service id="0xFFF0"/>
      </transmission_type>
      <transmission_type transmission_type_info="0xAF">
        <service id="0xE180"/>
      </transmission_type>
    </TS_information_descriptor>
    <service service_id="0xE000" running_status="undefined">
      <partialTS_time_descriptor event_version_number="61" event_start_time="2025-04-04 18:00:00" duration="00:10:00" other_descriptor_status="false" JST_time="2025-04-04 18:00:22"/>
      <generic_descriptor tag="0x85">
        7C 70 7C 70 06 B5 FF
      </generic_descriptor>
      <service_descriptor service_type="0x01" service_provider_name="" service_name="NHK総合1・熊本"/>
      <extended_broadcaster_descriptor broadcaster_type="0x01" terrestrial_broadcaster_id="0x7C71">
        <affiliation id="0x00"/>
        <affiliation id="0x01"/>
        <broadcaster original_network_id="0x0004" broadcaster_id="0x01"/>
      </extended_broadcaster_descriptor>
      <short_event_descriptor language_code="jpn">
        <event_name>ニュース🈔🈑</event_name>
        <text></text>
      </short_event_descriptor>
      <component_descriptor stream_content="0x01" stream_content_ext="0x0F" component_type="0x03" component_tag="0x00" language_code="jpn" text=""/>
      <audio_component_descriptor stream_content="0x02" component_type="0x02" component_tag="0x10" stream_type="0x0F" main_component="true" quality_indicator="2" sampling_rate="7" ISO_639_language_code="jpn" ISO_639_language_code_2="eng" text="日本語英語"/>
      <content_descriptor>
        <content content_nibble_level_1="0" content_nibble_level_2="0" user_byte="0xFF"/>
      </content_descriptor>
      <data_content_descriptor data_component_id="0x0008" entry_component="0x30" ISO_639_language_code="jpn" text="">
        <selector_bytes>
          01 13 6A 70 6E
        </selector_bytes>
      </data_content_descriptor>
    </service>
  </selection_information_table>
  <selection_information_table version="4" current="true">
    <metadata PID="31"/>
    <partial_transport_stream_descriptor peak_rate="0x0000EA60"/>
    <ISDB_network_identifier_descriptor country_code="JPN" media_type="TB" network_id="0x7C70"/>
    <TS_information_descriptor remote_control_key_id="0x01" ts_name="ＮＨＫ総合・熊本">
      <transmission_type transmission_type_info="0x0F">
        <service id="0xE000"/>
        <service id="0xE001"/>
        <service id="0xFFF0"/>
      </transmission_type>
      <transmission_type transmission_type_info="0xAF">
        <service id="0xE180"/>
      </transmission_type>
    </TS_information_descriptor>
    <service service_id="0xE000" running_status="undefined">
      <partialTS_time_descriptor event_version_number="61" event_start_time="2025-04-04 18:00:00" duration="00:10:00" other_descriptor_status="false" JST_time="2025-04-04 18:00:24"/>
      <generic_descriptor tag="0x85">
        7C 70 7C 70 06 B5 FF
      </generic_descriptor>
      <service_descriptor service_type="0x01" service_provider_name="" service_name="NHK総合1・熊本"/>
      <extended_broadcaster_descriptor broadcaster_type="0x01" terrestrial_broadcaster_id="0x7C71">
        <affiliation id="0x00"/>
        <affiliation id="0x01"/>
        <broadcaster original_network_id="0x0004" broadcaster_id="0x01"/>
      </extended_broadcaster_descriptor>
      <short_event_descriptor language_code="jpn">
        <event_name>ニュース🈔🈑</event_name>
        <text></text>
      </short_event_descriptor>
      <component_descriptor stream_content="0x01" stream_content_ext="0x0F" component_type="0x03" component_tag="0x00" language_code="jpn" text=""/>
      <audio_component_descriptor stream_content="0x02" component_type="0x02" component_tag="0x10" stream_type="0x0F" main_component="true" quality_indicator="2" sampling_rate="7" ISO_639_language_code="jpn" ISO_639_language_code_2="eng" text="日本語英語"/>
      <content_descriptor>
        <content content_nibble_level_1="0" content_nibble_level_2="0" user_byte="0xFF"/>
      </content_descriptor>
      <data_content_descriptor data_component_id="0x0008" entry_component="0x30" ISO_639_language_code="jpn" text="">
        <selector_bytes>
          01 13 6A 70 6E
        </selector_bytes>
      </data_content_descriptor>
    </service>
  </selection_information_table>
  <selection_information_table version="5" current="true">
    <metadata PID="31"/>
    <partial_transport_stream_descriptor peak_rate="0x0000EA60"/>
    <ISDB_network_identifier_descriptor country_code="JPN" media_type="TB" network_id="0x7C70"/>
    <TS_information_descriptor remote_control_key_id="0x01" ts_name="ＮＨＫ総合・熊本">
      <transmission_type transmission_type_info="0x0F">
        <service id="0xE000"/>
        <service id="0xE001"/>
        <service id="0xFFF0"/>
      </transmission_type>
      <transmission_type transmission_type_info="0xAF">
        <service id="0xE180"/>
      </transmission_type>
    </TS_information_descriptor>
    <service service_id="0xE000" running_status="undefined">
      <partialTS_time_descriptor event_version_number="61" event_start_time="2025-04-04 18:00:00" duration="00:10:00" other_descriptor_status="false" JST_time="2025-04-04 18:00:26"/>
      <generic_descriptor tag="0x85">
        7C 70 7C 70 06 B5 FF
      </generic_descriptor>
      <service_descriptor service_type="0x01" service_provider_name="" service_name="NHK総合1・熊本"/>
      <extended_broadcaster_descriptor broadcaster_type="0x01" terrestrial_broadcaster_id="0x7C71">
        <affiliation id="0x00"/>
        <affiliation id="0x01"/>
        <broadcaster original_network_id="0x0004" broadcaster_id="0x01"/>
      </extended_broadcaster_descriptor>
      <short_event_descriptor language_code="jpn">
        <event_name>ニュース🈔🈑</event_name>
        <text></text>
      </short_event_descriptor>
      <component_descriptor stream_content="0x01" stream_content_ext="0x0F" component_type="0x03" component_tag="0x00" language_code="jpn" text=""/>
      <audio_component_descriptor stream_content="0x02" component_type="0x02" component_tag="0x10" stream_type="0x0F" main_component="true" quality_indicator="2" sampling_rate="7" ISO_639_language_code="jpn" ISO_639_language_code_2="eng" text="日本語英語"/>
      <content_descriptor>
        <content content_nibble_level_1="0" content_nibble_level_2="0" user_byte="0xFF"/>
      </content_descriptor>
      <data_content_descriptor data_component_id="0x0008" entry_component="0x30" ISO_639_language_code="jpn" text="">
        <selector_bytes>
          01 13 6A 70 6E
        </selector_bytes>
      </data_content_descriptor>
    </service>
  </selection_information_table>
  <selection_information_table version="6" current="true">
    <metadata PID="31"/>
    <partial_transport_stream_descriptor peak_rate="0x0000EA60"/>
    <ISDB_network_identifier_descriptor country_code="JPN" media_type="TB" network_id="0x7C70"/>
    <TS_information_descriptor remote_control_key_id="0x01" ts_name="ＮＨＫ総合・熊本">
      <transmission_type transmission_type_info="0x0F">
        <service id="0xE000"/>
        <service id="0xE001"/>
        <service id="0xFFF0"/>
      </transmission_type>
      <transmission_type transmission_type_info="0xAF">
        <service id="0xE180"/>
      </transmission_type>
    </TS_information_descriptor>
    <service service_id="0xE000" running_status="undefined">
      <partialTS_time_descriptor event_version_number="61" event_start_time="2025-04-04 18:00:00" duration="00:10:00" other_descriptor_status="false" JST_time="2025-04-04 18:00:28"/>
      <generic_descriptor tag="0x85">
        7C 70 7C 70 06 B5 FF
      </generic_descriptor>
      <service_descriptor service_type="0x01" service_provider_name="" service_name="NHK総合1・熊本"/>
      <extended_broadcaster_descriptor broadcaster_type="0x01" terrestrial_broadcaster_id="0x7C71">
        <affiliation id="0x00"/>
        <affiliation id="0x01"/>
        <broadcaster original_network_id="0x0004" broadcaster_id="0x01"/>
      </extended_broadcaster_descriptor>
      <short_event_descriptor language_code="jpn">
        <event_name>ニュース🈔🈑</event_name>
        <text></text>
      </short_event_descriptor>
      <component_descriptor stream_content="0x01" stream_content_ext="0x0F" component_type="0x03" component_tag="0x00" language_code="jpn" text=""/>
      <audio_component_descriptor stream_content="0x02" component_type="0x02" component_tag="0x10" stream_type="0x0F" main_component="true" quality_indicator="2" sampling_rate="7" ISO_639_language_code="jpn" ISO_639_language_code_2="eng" text="日本語英語"/>
      <content_descriptor>
        <content content_nibble_level_1="0" content_nibble_level_2="0" user_byte="0xFF"/>
      </content_descriptor>
      <data_content_descriptor data_component_id="0x0008" entry_component="0x30" ISO_639_language_code="jpn" text="">
        <selector_bytes>
          01 13 6A 70 6E
        </selector_bytes>
      </data_content_descriptor>
    </service>
  </selection_information_table>
  <selection_information_table version="7" current="true">
    <metadata PID="31"/>
    <partial_transport_stream_descriptor peak_rate="0x0000EA60"/>
    <ISDB_network_identifier_descriptor country_code="JPN" media_type="TB" network_id="0x7C70"/>
    <TS_information_descriptor remote_control_key_id="0x01" ts_name="ＮＨＫ総合・熊本">
      <transmission_type transmission_type_info="0x0F">
        <service id="0xE000"/>
        <service id="0xE001"/>
        <service id="0xFFF0"/>
      </transmission_type>
      <transmission_type transmission_type_info="0xAF">
        <service id="0xE180"/>
      </transmission_type>
    </TS_information_descriptor>
    <service service_id="0xE000" running_status="undefined">
      <partialTS_time_descriptor event_version_number="61" event_start_time="2025-04-04 18:00:00" duration="00:10:00" other_descriptor_status="false" JST_time="2025-04-04 18:00:31"/>
      <generic_descriptor tag="0x85">
        7C 70 7C 70 06 B5 FF
      </generic_descriptor>
      <service_descriptor service_type="0x01" service_provider_name="" service_name="NHK総合1・熊本"/>
      <extended_broadcaster_descriptor broadcaster_type="0x01" terrestrial_broadcaster_id="0x7C71">
        <affiliation id="0x00"/>
        <affiliation id="0x01"/>
        <broadcaster original_network_id="0x0004" broadcaster_id="0x01"/>
      </extended_broadcaster_descriptor>
      <short_event_descriptor language_code="jpn">
        <event_name>ニュース🈔🈑</event_name>
        <text></text>
      </short_event_descriptor>
      <component_descriptor stream_content="0x01" stream_content_ext="0x0F" component_type="0x03" component_tag="0x00" language_code="jpn" text=""/>
      <audio_component_descriptor stream_content="0x02" component_type="0x02" component_tag="0x10" stream_type="0x0F" main_component="true" quality_indicator="2" sampling_rate="7" ISO_639_language_code="jpn" ISO_639_language_code_2="eng" text="日本語英語"/>
      <content_descriptor>
        <content content_nibble_level_1="0" content_nibble_level_2="0" user_byte="0xFF"/>
      </content_descriptor>
      <data_content_descriptor data_component_id="0x0008" entry_component="0x30" ISO_639_language_code="jpn" text="">
        <selector_bytes>
          01 13 6A 70 6E
        </selector_bytes>
      </data_content_descriptor>
    </service>
  </selection_information_table>
  <selection_information_table version="8" current="true">
    <metadata PID="31"/>
    <partial_transport_stream_descriptor peak_rate="0x0000EA60"/>
    <ISDB_network_identifier_descriptor country_code="JPN" media_type="TB" network_id="0x7C70"/>
    <TS_information_descriptor remote_control_key_id="0x01" ts_name="ＮＨＫ総合・熊本">
      <transmission_type transmission_type_info="0x0F">
        <service id="0xE000"/>
        <service id="0xE001"/>
        <service id="0xFFF0"/>
      </transmission_type>
      <transmission_type transmission_type_info="0xAF">
        <service id="0xE180"/>
      </transmission_type>
    </TS_information_descriptor>
    <service service_id="0xE000" running_status="undefined">
      <partialTS_time_descriptor event_version_number="61" event_start_time="2025-04-04 18:00:00" duration="00:10:00" other_descriptor_status="false" JST_time="2025-04-04 18:00:33"/>
      <generic_descriptor tag="0x85">
        7C 70 7C 70 06 B5 FF
      </generic_descriptor>
      <service_descriptor service_type="0x01" service_provider_name="" service_name="NHK総合1・熊本"/>
      <extended_broadcaster_descriptor broadcaster_type="0x01" terrestrial_broadcaster_id="0x7C71">
        <affiliation id="0x00"/>
        <affiliation id="0x01"/>
        <broadcaster original_network_id="0x0004" broadcaster_id="0x01"/>
      </extended_broadcaster_descriptor>
      <short_event_descriptor language_code="jpn">
        <event_name>ニュース🈔🈑</event_name>
        <text></text>
      </short_event_descriptor>
      <component_descriptor stream_content="0x01" stream_content_ext="0x0F" component_type="0x03" component_tag="0x00" language_code="jpn" text=""/>
      <audio_component_descriptor stream_content="0x02" component_type="0x02" component_tag="0x10" stream_type="0x0F" main_component="true" quality_indicator="2" sampling_rate="7" ISO_639_language_code="jpn" ISO_639_language_code_2="eng" text="日本語英語"/>
      <content_descriptor>
        <content content_nibble_level_1="0" content_nibble_level_2="0" user_byte="0xFF"/>
      </content_descriptor>
      <data_content_descriptor data_component_id="0x0008" entry_component="0x30" ISO_639_language_code="jpn" text="">
        <selector_bytes>
          01 13 6A 70 6E
        </selector_bytes>
      </data_content_descriptor>
    </service>
  </selection_information_table>
  <selection_information_table version="9" current="true">
    <metadata PID="31"/>
    <partial_transport_stream_descriptor peak_rate="0x0000EA60"/>
    <ISDB_network_identifier_descriptor country_code="JPN" media_type="TB" network_id="0x7C70"/>
    <TS_information_descriptor remote_control_key_id="0x01" ts_name="ＮＨＫ総合・熊本">
      <transmission_type transmission_type_info="0x0F">
        <service id="0xE000"/>
        <service id="0xE001"/>
        <service id="0xFFF0"/>
      </transmission_type>
      <transmission_type transmission_type_info="0xAF">
        <service id="0xE180"/>
      </transmission_type>
    </TS_information_descriptor>
    <service service_id="0xE000" running_status="undefined">
      <partialTS_time_descriptor event_version_number="61" event_start_time="2025-04-04 18:00:00" duration="00:10:00" other_descriptor_status="false" JST_time="2025-04-04 18:00:35"/>
      <generic_descriptor tag="0x85">
        7C 70 7C 70 06 B5 FF
      </generic_descriptor>
      <service_descriptor service_type="0x01" service_provider_name="" service_name="NHK総合1・熊本"/>
      <extended_broadcaster_descriptor broadcaster_type="0x01" terrestrial_broadcaster_id="0x7C71">
        <affiliation id="0x00"/>
        <affiliation id="0x01"/>
        <broadcaster original_network_id="0x0004" broadcaster_id="0x01"/>
      </extended_broadcaster_descriptor>
      <short_event_descriptor language_code="jpn">
        <event_name>ニュース🈔🈑</event_name>
        <text></text>
      </short_event_descriptor>
      <component_descriptor stream_content="0x01" stream_content_ext="0x0F" component_type="0x03" component_tag="0x00" language_code="jpn" text=""/>
      <audio_component_descriptor stream_content="0x02" component_type="0x02" component_tag="0x10" stream_type="0x0F" main_component="true" quality_indicator="2" sampling_rate="7" ISO_639_language_code="jpn" ISO_639_language_code_2="eng" text="日本語英語"/>
      <content_descriptor>
        <content content_nibble_level_1="0" content_nibble_level_2="0" user_byte="0xFF"/>
      </content_descriptor>
      <data_content_descriptor data_component_id="0x0008" entry_component="0x30" ISO_639_language_code="jpn" text="">
        <selector_bytes>
          01 13 6A 70 6E
        </selector_bytes>
      </data_content_descriptor>
    </service>
  </selection_information_table>
  <selection_information_table version="10" current="true">
    <metadata PID="31"/>
    <partial_transport_stream_descriptor peak_rate="0x0000EA60"/>
    <ISDB_network_identifier_descriptor country_code="JPN" media_type="TB" network_id="0x7C70"/>
    <TS_information_descriptor remote_control_key_id="0x01" ts_name="ＮＨＫ総合・熊本">
      <transmission_type transmission_type_info="0x0F">
        <service id="0xE000"/>
        <service id="0xE001"/>
        <service id="0xFFF0"/>
      </transmission_type>
      <transmission_type transmission_type_info="0xAF">
        <service id="0xE180"/>
      </transmission_type>
    </TS_information_descriptor>
    <service service_id="0xE000" running_status="undefined">
      <partialTS_time_descriptor event_version_number="61" event_start_time="2025-04-04 18:00:00" duration="00:10:00" other_descriptor_status="false" JST_time="2025-04-04 18:00:37"/>
      <generic_descriptor tag="0x85">
        7C 70 7C 70 06 B5 FF
      </generic_descriptor>
      <service_descriptor service_type="0x01" service_provider_name="" service_name="NHK総合1・熊本"/>
      <extended_broadcaster_descriptor broadcaster_type="0x01" terrestrial_broadcaster_id="0x7C71">
        <affiliation id="0x00"/>
        <affiliation id="0x01"/>
        <broadcaster original_network_id="0x0004" broadcaster_id="0x01"/>
      </extended_broadcaster_descriptor>
      <short_event_descriptor language_code="jpn">
        <event_name>ニュース🈔🈑</event_name>
        <text></text>
      </short_event_descriptor>
      <component_descriptor stream_content="0x01" stream_content_ext="0x0F" component_type="0x03" component_tag="0x00" language_code="jpn" text=""/>
      <audio_component_descriptor stream_content="0x02" component_type="0x02" component_tag="0x10" stream_type="0x0F" main_component="true" quality_indicator="2" sampling_rate="7" ISO_639_language_code="jpn" ISO_639_language_code_2="eng" text="日本語英語"/>
      <content_descriptor>
        <content content_nibble_level_1="0" content_nibble_level_2="0" user_byte="0xFF"/>
      </content_descriptor>
      <data_content_descriptor data_component_id="0x0008" entry_component="0x30" ISO_639_language_code="jpn" text="">
        <selector_bytes>
          01 13 6A 70 6E
        </selector_bytes>
      </data_content_descriptor>
    </service>
  </selection_information_table>
  <selection_information_table version="11" current="true">
    <metadata PID="31"/>
    <partial_transport_stream_descriptor peak_rate="0x0000EA60"/>
    <ISDB_network_identifier_descriptor country_code="JPN" media_type="TB" network_id="0x7C70"/>
    <TS_information_descriptor remote_control_key_id="0x01" ts_name="ＮＨＫ総合・熊本">
      <transmission_type transmission_type_info="0x0F">
        <service id="0xE000"/>
        <service id="0xE001"/>
        <service id="0xFFF0"/>
      </transmission_type>
      <transmission_type transmission_type_info="0xAF">
        <service id="0xE180"/>
      </transmission_type>
    </TS_information_descriptor>
    <service service_id="0xE000" running_status="undefined">
      <partialTS_time_descriptor event_version_number="61" event_start_time="2025-04-04 18:00:00" duration="00:10:00" other_descriptor_status="false" JST_time="2025-04-04 18:00:39"/>
      <generic_descriptor tag="0x85">
        7C 70 7C 70 06 B5 FF
      </generic_descriptor>
      <service_descriptor service_type="0x01" service_provider_name="" service_name="NHK総合1・熊本"/>
      <extended_broadcaster_descriptor broadcaster_type="0x01" terrestrial_broadcaster_id="0x7C71">
        <affiliation id="0x00"/>
        <affiliation id="0x01"/>
        <broadcaster original_network_id="0x0004" broadcaster_id="0x01"/>
      </extended_broadcaster_descriptor>
      <short_event_descriptor language_code="jpn">
        <event_name>ニュース🈔🈑</event_name>
        <text></text>
      </short_event_descriptor>
      <component_descriptor stream_content="0x01" stream_content_ext="0x0F" component_type="0x03" component_tag="0x00" language_code="jpn" text=""/>
      <audio_component_descriptor stream_content="0x02" component_type="0x02" component_tag="0x10" stream_type="0x0F" main_component="true" quality_indicator="2" sampling_rate="7" ISO_639_language_code="jpn" ISO_639_language_code_2="eng" text="日本語英語"/>
      <content_descriptor>
        <content content_nibble_level_1="0" content_nibble_level_2="0" user_byte="0xFF"/>
      </content_descriptor>
      <data_content_descriptor data_component_id="0x0008" entry_component="0x30" ISO_639_language_code="jpn" text="">
        <selector_bytes>
          01 13 6A 70 6E
        </selector_bytes>
      </data_content_descriptor>
    </service>
  </selection_information_table>
  <selection_information_table version="12" current="true">
    <metadata PID="31"/>
    <partial_transport_stream_descriptor peak_rate="0x0000EA60"/>
    <ISDB_network_identifier_descriptor country_code="JPN" media_type="TB" network_id="0x7C70"/>
    <TS_information_descriptor remote_control_key_id="0x01" ts_name="ＮＨＫ総合・熊本">
      <transmission_type transmission_type_info="0x0F">
        <service id="0xE000"/>
        <service id="0xE001"/>
        <service id="0xFFF0"/>
      </transmission_type>
      <transmission_type transmission_type_info="0xAF">
        <service id="0xE180"/>
      </transmission_type>
    </TS_information_descriptor>
    <service service_id="0xE000" running_status="undefined">
      <partialTS_time_descriptor event_version_number="61" event_start_time="2025-04-04 18:00:00" duration="00:10:00" other_descriptor_status="false" JST_time="2025-04-04 18:00:41"/>
      <generic_descriptor tag="0x85">
        7C 70 7C 70 06 B5 FF
      </generic_descriptor>
      <service_descriptor service_type="0x01" service_provider_name="" service_name="NHK総合1・熊本"/>
      <extended_broadcaster_descriptor broadcaster_type="0x01" terrestrial_broadcaster_id="0x7C71">
        <affiliation id="0x00"/>
        <affiliation id="0x01"/>
        <broadcaster original_network_id="0x0004" broadcaster_id="0x01"/>
      </extended_broadcaster_descriptor>
      <short_event_descriptor language_code="jpn">
        <event_name>ニュース🈔🈑</event_name>
        <text></text>
      </short_event_descriptor>
      <component_descriptor stream_content="0x01" stream_content_ext="0x0F" component_type="0x03" component_tag="0x00" language_code="jpn" text=""/>
      <audio_component_descriptor stream_content="0x02" component_type="0x02" component_tag="0x10" stream_type="0x0F" main_component="true" quality_indicator="2" sampling_rate="7" ISO_639_language_code="jpn" ISO_639_language_code_2="eng" text="日本語英語"/>
      <content_descriptor>
        <content content_nibble_level_1="0" content_nibble_level_2="0" user_byte="0xFF"/>
      </content_descriptor>
      <data_content_descriptor data_component_id="0x0008" entry_component="0x30" ISO_639_language_code="jpn" text="">
        <selector_bytes>
          01 13 6A 70 6E
        </selector_bytes>
      </data_content_descriptor>
    </service>
  </selection_information_table>
  <selection_information_table version="13" current="true">
    <metadata PID="31"/>
    <partial_transport_stream_descriptor peak_rate="0x0000EA60"/>
    <ISDB_network_identifier_descriptor country_code="JPN" media_type="TB" network_id="0x7C70"/>
    <TS_information_descriptor remote_control_key_id="0x01" ts_name="ＮＨＫ総合・熊本">
      <transmission_type transmission_type_info="0x0F">
        <service id="0xE000"/>
        <service id="0xE001"/>
        <service id="0xFFF0"/>
      </transmission_type>
      <transmission_type transmission_type_info="0xAF">
        <service id="0xE180"/>
      </transmission_type>
    </TS_information_descriptor>
    <service service_id="0xE000" running_status="undefined">
      <partialTS_time_descriptor event_version_number="61" event_start_time="2025-04-04 18:00:00" duration="00:10:00" other_descriptor_status="false" JST_time="2025-04-04 18:00:43"/>
      <generic_descriptor tag="0x85">
        7C 70 7C 70 06 B5 FF
      </generic_descriptor>
      <service_descriptor service_type="0x01" service_provider_name="" service_name="NHK総合1・熊本"/>
      <extended_broadcaster_descriptor broadcaster_type="0x01" terrestrial_broadcaster_id="0x7C71">
        <affiliation id="0x00"/>
        <affiliation id="0x01"/>
        <broadcaster original_network_id="0x0004" broadcaster_id="0x01"/>
      </extended_broadcaster_descriptor>
      <short_event_descriptor language_code="jpn">
        <event_name>ニュース🈔🈑</event_name>
        <text></text>
      </short_event_descriptor>
      <component_descriptor stream_content="0x01" stream_content_ext="0x0F" component_type="0x03" component_tag="0x00" language_code="jpn" text=""/>
      <audio_component_descriptor stream_content="0x02" component_type="0x02" component_tag="0x10" stream_type="0x0F" main_component="true" quality_indicator="2" sampling_rate="7" ISO_639_language_code="jpn" ISO_639_language_code_2="eng" text="日本語英語"/>
      <content_descriptor>
        <content content_nibble_level_1="0" content_nibble_level_2="0" user_byte="0xFF"/>
      </content_descriptor>
      <data_content_descriptor data_component_id="0x0008" entry_component="0x30" ISO_639_language_code="jpn" text="">
        <selector_bytes>
          01 13 6A 70 6E
        </selector_bytes>
      </data_content_descriptor>
    </service>
  </selection_information_table>
  <selection_information_table version="14" current="true">
    <metadata PID="31"/>
    <partial_transport_stream_descriptor peak_rate="0x0000EA60"/>
    <ISDB_network_identifier_descriptor country_code="JPN" media_type="TB" network_id="0x7C70"/>
    <TS_information_descriptor remote_control_key_id="0x01" ts_name="ＮＨＫ総合・熊本">
      <transmission_type transmission_type_info="0x0F">
        <service id="0xE000"/>
        <service id="0xE001"/>
        <service id="0xFFF0"/>
      </transmission_type>
      <transmission_type transmission_type_info="0xAF">
        <service id="0xE180"/>
      </transmission_type>
    </TS_information_descriptor>
    <service service_id="0xE000" running_status="undefined">
      <partialTS_time_descriptor event_version_number="61" event_start_time="2025-04-04 18:00:00" duration="00:10:00" other_descriptor_status="false" JST_time="2025-04-04 18:00:45"/>
      <generic_descriptor tag="0x85">
        7C 70 7C 70 06 B5 FF
      </generic_descriptor>
      <service_descriptor service_type="0x01" service_provider_name="" service_name="NHK総合1・熊本"/>
      <extended_broadcaster_descriptor broadcaster_type="0x01" terrestrial_broadcaster_id="0x7C71">
        <affiliation id="0x00"/>
        <affiliation id="0x01"/>
        <broadcaster original_network_id="0x0004" broadcaster_id="0x01"/>
      </extended_broadcaster_descriptor>
      <short_event_descriptor language_code="jpn">
        <event_name>ニュース🈔🈑</event_name>
        <text></text>
      </short_event_descriptor>
      <component_descriptor stream_content="0x01" stream_content_ext="0x0F" component_type="0x03" component_tag="0x00" language_code="jpn" text=""/>
      <audio_component_descriptor stream_content="0x02" component_type="0x02" component_tag="0x10" stream_type="0x0F" main_component="true" quality_indicator="2" sampling_rate="7" ISO_639_language_code="jpn" ISO_639_language_code_2="eng" text="日本語英語"/>
      <content_descriptor>
        <content content_nibble_level_1="0" content_nibble_level_2="0" user_byte="0xFF"/>
      </content_descriptor>
      <data_content_descriptor data_component_id="0x0008" entry_component="0x30" ISO_639_language_code="jpn" text="">
        <selector_bytes>
          01 13 6A 70 6E
        </selector_bytes>
      </data_content_descriptor>
    </service>
  </selection_information_table>
  <selection_information_table version="15" current="true">
    <metadata PID="31"/>
    <partial_transport_stream_descriptor peak_rate="0x0000EA60"/>
    <ISDB_network_identifier_descriptor country_code="JPN" media_type="TB" network_id="0x7C70"/>
    <TS_information_descriptor remote_control_key_id="0x01" ts_name="ＮＨＫ総合・熊本">
      <transmission_type transmission_type_info="0x0F">
        <service id="0xE000"/>
        <service id="0xE001"/>
        <service id="0xFFF0"/>
      </transmission_type>
      <transmission_type transmission_type_info="0xAF">
        <service id="0xE180"/>
      </transmission_type>
    </TS_information_descriptor>
    <service service_id="0xE000" running_status="undefined">
      <partialTS_time_descriptor event_version_number="61" event_start_time="2025-04-04 18:00:00" duration="00:10:00" other_descriptor_status="false" JST_time="2025-04-04 18:00:47"/>
      <generic_descriptor tag="0x85">
        7C 70 7C 70 06 B5 FF
      </generic_descriptor>
      <service_descriptor service_type="0x01" service_provider_name="" service_name="NHK総合1・熊本"/>
      <extended_broadcaster_descriptor broadcaster_type="0x01" terrestrial_broadcaster_id="0x7C71">
        <affiliation id="0x00"/>
        <affiliation id="0x01"/>
        <broadcaster original_network_id="0x0004" broadcaster_id="0x01"/>
      </extended_broadcaster_descriptor>
      <short_event_descriptor language_code="jpn">
        <event_name>ニュース🈔🈑</event_name>
        <text></text>
      </short_event_descriptor>
      <component_descriptor stream_content="0x01" stream_content_ext="0x0F" component_type="0x03" component_tag="0x00" language_code="jpn" text=""/>
      <audio_component_descriptor stream_content="0x02" component_type="0x02" component_tag="0x10" stream_type="0x0F" main_component="true" quality_indicator="2" sampling_rate="7" ISO_639_language_code="jpn" ISO_639_language_code_2="eng" text="日本語英語"/>
      <content_descriptor>
        <content content_nibble_level_1="0" content_nibble_level_2="0" user_byte="0xFF"/>
      </content_descriptor>
      <data_content_descriptor data_component_id="0x0008" entry_component="0x30" ISO_639_language_code="jpn" text="">
        <selector_bytes>
          01 13 6A 70 6E
        </selector_bytes>
      </data_content_descriptor>
    </service>
  </selection_information_table>
  <selection_information_table version="16" current="true">
    <metadata PID="31"/>
    <partial_transport_stream_descriptor peak_rate="0x0000EA60"/>
    <ISDB_network_identifier_descriptor country_code="JPN" media_type="TB" network_id="0x7C70"/>
    <TS_information_descriptor remote_control_key_id="0x01" ts_name="ＮＨＫ総合・熊本">
      <transmission_type transmission_type_info="0x0F">
        <service id="0xE000"/>
        <service id="0xE001"/>
        <service id="0xFFF0"/>
      </transmission_type>
      <transmission_type transmission_type_info="0xAF">
        <service id="0xE180"/>
      </transmission_type>
    </TS_information_descriptor>
    <service service_id="0xE000" running_status="undefined">
      <partialTS_time_descriptor event_version_number="61" event_start_time="2025-04-04 18:00:00" duration="00:10:00" other_descriptor_status="false" JST_time="2025-04-04 18:00:49"/>
      <generic_descriptor tag="0x85">
        7C 70 7C 70 06 B5 FF
      </generic_descriptor>
      <service_descriptor service_type="0x01" service_provider_name="" service_name="NHK総合1・熊本"/>
      <extended_broadcaster_descriptor broadcaster_type="0x01" terrestrial_broadcaster_id="0x7C71">
        <affiliation id="0x00"/>
        <affiliation id="0x01"/>
        <broadcaster original_network_id="0x0004" broadcaster_id="0x01"/>
      </extended_broadcaster_descriptor>
      <short_event_descriptor language_code="jpn">
        <event_name>ニュース🈔🈑</event_name>
        <text></text>
      </short_event_descriptor>
      <component_descriptor stream_content="0x01" stream_content_ext="0x0F" component_type="0x03" component_tag="0x00" language_code="jpn" text=""/>
      <audio_component_descriptor stream_content="0x02" component_type="0x02" component_tag="0x10" stream_type="0x0F" main_component="true" quality_indicator="2" sampling_rate="7" ISO_639_language_code="jpn" ISO_639_language_code_2="eng" text="日本語英語"/>
      <content_descriptor>
        <content content_nibble_level_1="0" content_nibble_level_2="0" user_byte="0xFF"/>
      </content_descriptor>
      <data_content_descriptor data_component_id="0x0008" entry_component="0x30" ISO_639_language_code="jpn" text="">
        <selector_bytes>
          01 13 6A 70 6E
        </selector_bytes>
      </data_content_descriptor>
    </service>
  </selection_information_table>
  <selection_information_table version="17" current="true">
    <metadata PID="31"/>
    <partial_transport_stream_descriptor peak_rate="0x0000EA60"/>
    <ISDB_network_identifier_descriptor country_code="JPN" media_type="TB" network_id="0x7C70"/>
    <TS_information_descriptor remote_control_key_id="0x01" ts_name="ＮＨＫ総合・熊本">
      <transmission_type transmission_type_info="0x0F">
        <service id="0xE000"/>
        <service id="0xE001"/>
        <service id="0xFFF0"/>
      </transmission_type>
      <transmission_type transmission_type_info="0xAF">
        <service id="0xE180"/>
      </transmission_type>
    </TS_information_descriptor>
    <service service_id="0xE000" running_status="undefined">
      <partialTS_time_descriptor event_version_number="61" event_start_time="2025-04-04 18:00:00" duration="00:10:00" other_descriptor_status="false" JST_time="2025-04-04 18:00:52"/>
      <generic_descriptor tag="0x85">
        7C 70 7C 70 06 B5 FF
      </generic_descriptor>
      <service_descriptor service_type="0x01" service_provider_name="" service_name="NHK総合1・熊本"/>
      <extended_broadcaster_descriptor broadcaster_type="0x01" terrestrial_broadcaster_id="0x7C71">
        <affiliation id="0x00"/>
        <affiliation id="0x01"/>
        <broadcaster original_network_id="0x0004" broadcaster_id="0x01"/>
      </extended_broadcaster_descriptor>
      <short_event_descriptor language_code="jpn">
        <event_name>ニュース🈔🈑</event_name>
        <text></text>
      </short_event_descriptor>
      <component_descriptor stream_content="0x01" stream_content_ext="0x0F" component_type="0x03" component_tag="0x00" language_code="jpn" text=""/>
      <audio_component_descriptor stream_content="0x02" component_type="0x02" component_tag="0x10" stream_type="0x0F" main_component="true" quality_indicator="2" sampling_rate="7" ISO_639_language_code="jpn" ISO_639_language_code_2="eng" text="日本語英語"/>
      <content_descriptor>
        <content content_nibble_level_1="0" content_nibble_level_2="0" user_byte="0xFF"/>
      </content_descriptor>
      <data_content_descriptor data_component_id="0x0008" entry_component="0x30" ISO_639_language_code="jpn" text="">
        <selector_bytes>
          01 13 6A 70 6E
        </selector_bytes>
      </data_content_descriptor>
    </service>
  </selection_information_table>
  <selection_information_table version="18" current="true">
    <metadata PID="31"/>
    <partial_transport_stream_descriptor peak_rate="0x0000EA60"/>
    <ISDB_network_identifier_descriptor country_code="JPN" media_type="TB" network_id="0x7C70"/>
    <TS_information_descriptor remote_control_key_id="0x01" ts_name="ＮＨＫ総合・熊本">
      <transmission_type transmission_type_info="0x0F">
        <service id="0xE000"/>
        <service id="0xE001"/>
        <service id="0xFFF0"/>
      </transmission_type>
      <transmission_type transmission_type_info="0xAF">
        <service id="0xE180"/>
      </transmission_type>
    </TS_information_descriptor>
    <service service_id="0xE000" running_status="undefined">
      <partialTS_time_descriptor event_version_number="61" event_start_time="2025-04-04 18:00:00" duration="00:10:00" other_descriptor_status="false" JST_time="2025-04-04 18:00:54"/>
      <generic_descriptor tag="0x85">
        7C 70 7C 70 06 B5 FF
      </generic_descriptor>
      <service_descriptor service_type="0x01" service_provider_name="" service_name="NHK総合1・熊本"/>
      <extended_broadcaster_descriptor broadcaster_type="0x01" terrestrial_broadcaster_id="0x7C71">
        <affiliation id="0x00"/>
        <affiliation id="0x01"/>
        <broadcaster original_network_id="0x0004" broadcaster_id="0x01"/>
      </extended_broadcaster_descriptor>
      <short_event_descriptor language_code="jpn">
        <event_name>ニュース🈔🈑</event_name>
        <text></text>
      </short_event_descriptor>
      <component_descriptor stream_content="0x01" stream_content_ext="0x0F" component_type="0x03" component_tag="0x00" language_code="jpn" text=""/>
      <audio_component_descriptor stream_content="0x02" component_type="0x02" component_tag="0x10" stream_type="0x0F" main_component="true" quality_indicator="2" sampling_rate="7" ISO_639_language_code="jpn" ISO_639_language_code_2="eng" text="日本語英語"/>
      <content_descriptor>
        <content content_nibble_level_1="0" content_nibble_level_2="0" user_byte="0xFF"/>
      </content_descriptor>
      <data_content_descriptor data_component_id="0x0008" entry_component="0x30" ISO_639_language_code="jpn" text="">
        <selector_bytes>
          01 13 6A 70 6E
        </selector_bytes>
      </data_content_descriptor>
    </service>
  </selection_information_table>
  <selection_information_table version="19" current="true">
    <metadata PID="31"/>
    <partial_transport_stream_descriptor peak_rate="0x0000EA60"/>
    <ISDB_network_identifier_descriptor country_code="JPN" media_type="TB" network_id="0x7C70"/>
    <TS_information_descriptor remote_control_key_id="0x01" ts_name="ＮＨＫ総合・熊本">
      <transmission_type transmission_type_info="0x0F">
        <service id="0xE000"/>
        <service id="0xE001"/>
        <service id="0xFFF0"/>
      </transmission_type>
      <transmission_type transmission_type_info="0xAF">
        <service id="0xE180"/>
      </transmission_type>
    </TS_information_descriptor>
    <service service_id="0xE000" running_status="undefined">
      <partialTS_time_descriptor event_version_number="61" event_start_time="2025-04-04 18:00:00" duration="00:10:00" other_descriptor_status="false" JST_time="2025-04-04 18:00:56"/>
      <generic_descriptor tag="0x85">
        7C 70 7C 70 06 B5 FF
      </generic_descriptor>
      <service_descriptor service_type="0x01" service_provider_name="" service_name="NHK総合1・熊本"/>
      <extended_broadcaster_descriptor broadcaster_type="0x01" terrestrial_broadcaster_id="0x7C71">
        <affiliation id="0x00"/>
        <affiliation id="0x01"/>
        <broadcaster original_network_id="0x0004" broadcaster_id="0x01"/>
      </extended_broadcaster_descriptor>
      <short_event_descriptor language_code="jpn">
        <event_name>ニュース🈔🈑</event_name>
        <text></text>
      </short_event_descriptor>
      <component_descriptor stream_content="0x01" stream_content_ext="0x0F" component_type="0x03" component_tag="0x00" language_code="jpn" text=""/>
      <audio_component_descriptor stream_content="0x02" component_type="0x02" component_tag="0x10" stream_type="0x0F" main_component="true" quality_indicator="2" sampling_rate="7" ISO_639_language_code="jpn" ISO_639_language_code_2="eng" text="日本語英語"/>
      <content_descriptor>
        <content content_nibble_level_1="0" content_nibble_level_2="0" user_byte="0xFF"/>
      </content_descriptor>
      <data_content_descriptor data_component_id="0x0008" entry_component="0x30" ISO_639_language_code="jpn" text="">
        <selector_bytes>
          01 13 6A 70 6E
        </selector_bytes>
      </data_content_descriptor>
    </service>
  </selection_information_table>
  <selection_information_table version="20" current="true">
    <metadata PID="31"/>
    <partial_transport_stream_descriptor peak_rate="0x0000EA60"/>
    <ISDB_network_identifier_descriptor country_code="JPN" media_type="TB" network_id="0x7C70"/>
    <TS_information_descriptor remote_control_key_id="0x01" ts_name="ＮＨＫ総合・熊本">
      <transmission_type transmission_type_info="0x0F">
        <service id="0xE000"/>
        <service id="0xE001"/>
        <service id="0xFFF0"/>
      </transmission_type>
      <transmission_type transmission_type_info="0xAF">
        <service id="0xE180"/>
      </transmission_type>
    </TS_information_descriptor>
    <service service_id="0xE000" running_status="undefined">
      <partialTS_time_descriptor event_version_number="61" event_start_time="2025-04-04 18:00:00" duration="00:10:00" other_descriptor_status="false" JST_time="2025-04-04 18:00:58"/>
      <generic_descriptor tag="0x85">
        7C 70 7C 70 06 B5 FF
      </generic_descriptor>
      <service_descriptor service_type="0x01" service_provider_name="" service_name="NHK総合1・熊本"/>
      <extended_broadcaster_descriptor broadcaster_type="0x01" terrestrial_broadcaster_id="0x7C71">
        <affiliation id="0x00"/>
        <affiliation id="0x01"/>
        <broadcaster original_network_id="0x0004" broadcaster_id="0x01"/>
      </extended_broadcaster_descriptor>
      <short_event_descriptor language_code="jpn">
        <event_name>ニュース🈔🈑</event_name>
        <text></text>
      </short_event_descriptor>
      <component_descriptor stream_content="0x01" stream_content_ext="0x0F" component_type="0x03" component_tag="0x00" language_code="jpn" text=""/>
      <audio_component_descriptor stream_content="0x02" component_type="0x02" component_tag="0x10" stream_type="0x0F" main_component="true" quality_indicator="2" sampling_rate="7" ISO_639_language_code="jpn" ISO_639_language_code_2="eng" text="日本語英語"/>
      <content_descriptor>
        <content content_nibble_level_1="0" content_nibble_level_2="0" user_byte="0xFF"/>
      </content_descriptor>
      <data_content_descriptor data_component_id="0x0008" entry_component="0x30" ISO_639_language_code="jpn" text="">
        <selector_bytes>
          01 13 6A 70 6E
        </selector_bytes>
      </data_content_descriptor>
    </service>
  </selection_information_table>
  <selection_information_table version="21" current="true">
    <metadata PID="31"/>
    <partial_transport_stream_descriptor peak_rate="0x0000EA60"/>
    <ISDB_network_identifier_descriptor country_code="JPN" media_type="TB" network_id="0x7C70"/>
    <TS_information_descriptor remote_control_key_id="0x01" ts_name="ＮＨＫ総合・熊本">
      <transmission_type transmission_type_info="0x0F">
        <service id="0xE000"/>
        <service id="0xE001"/>
        <service id="0xFFF0"/>
      </transmission_type>
      <transmission_type transmission_type_info="0xAF">
        <service id="0xE180"/>
      </transmission_type>
    </TS_information_descriptor>
    <service service_id="0xE000" running_status="undefined">
      <partialTS_time_descriptor event_version_number="61" event_start_time="2025-04-04 18:00:00" duration="00:10:00" other_descriptor_status="false" JST_time="2025-04-04 18:01:00"/>
      <generic_descriptor tag="0x85">
        7C 70 7C 70 06 B5 FF
      </generic_descriptor>
      <service_descriptor service_type="0x01" service_provider_name="" service_name="NHK総合1・熊本"/>
      <extended_broadcaster_descriptor broadcaster_type="0x01" terrestrial_broadcaster_id="0x7C71">
        <affiliation id="0x00"/>
        <affiliation id="0x01"/>
        <broadcaster original_network_id="0x0004" broadcaster_id="0x01"/>
      </extended_broadcaster_descriptor>
      <short_event_descriptor language_code="jpn">
        <event_name>ニュース🈔🈑</event_name>
        <text></text>
      </short_event_descriptor>
      <component_descriptor stream_content="0x01" stream_content_ext="0x0F" component_type="0x03" component_tag="0x00" language_code="jpn" text=""/>
      <audio_component_descriptor stream_content="0x02" component_type="0x02" component_tag="0x10" stream_type="0x0F" main_component="true" quality_indicator="2" sampling_rate="7" ISO_639_language_code="jpn" ISO_639_language_code_2="eng" text="日本語英語"/>
      <content_descriptor>
        <content content_nibble_level_1="0" content_nibble_level_2="0" user_byte="0xFF"/>
      </content_descriptor>
      <data_content_descriptor data_component_id="0x0008" entry_component="0x30" ISO_639_language_code="jpn" text="">
        <selector_bytes>
          01 13 6A 70 6E
        </selector_bytes>
      </data_content_descriptor>
    </service>
  </selection_information_table>
  <selection_information_table version="22" current="true">
    <metadata PID="31"/>
    <partial_transport_stream_descriptor peak_rate="0x0000EA60"/>
    <ISDB_network_identifier_descriptor country_code="JPN" media_type="TB" network_id="0x7C70"/>
    <TS_information_descriptor remote_control_key_id="0x01" ts_name="ＮＨＫ総合・熊本">
      <transmission_type transmission_type_info="0x0F">
        <service id="0xE000"/>
        <service id="0xE001"/>
        <service id="0xFFF0"/>
      </transmission_type>
      <transmission_type transmission_type_info="0xAF">
        <service id="0xE180"/>
      </transmission_type>
    </TS_information_descriptor>
    <service service_id="0xE000" running_status="undefined">
      <partialTS_time_descriptor event_version_number="61" event_start_time="2025-04-04 18:00:00" duration="00:10:00" other_descriptor_status="false" JST_time="2025-04-04 18:01:02"/>
      <generic_descriptor tag="0x85">
        7C 70 7C 70 06 B5 FF
      </generic_descriptor>
      <service_descriptor service_type="0x01" service_provider_name="" service_name="NHK総合1・熊本"/>
      <extended_broadcaster_descriptor broadcaster_type="0x01" terrestrial_broadcaster_id="0x7C71">
        <affiliation id="0x00"/>
        <affiliation id="0x01"/>
        <broadcaster original_network_id="0x0004" broadcaster_id="0x01"/>
      </extended_broadcaster_descriptor>
      <short_event_descriptor language_code="jpn">
        <event_name>ニュース🈔🈑</event_name>
        <text></text>
      </short_event_descriptor>
      <component_descriptor stream_content="0x01" stream_content_ext="0x0F" component_type="0x03" component_tag="0x00" language_code="jpn" text=""/>
      <audio_component_descriptor stream_content="0x02" component_type="0x02" component_tag="0x10" stream_type="0x0F" main_component="true" quality_indicator="2" sampling_rate="7" ISO_639_language_code="jpn" ISO_639_language_code_2="eng" text="日本語英語"/>
      <content_descriptor>
        <content content_nibble_level_1="0" content_nibble_level_2="0" user_byte="0xFF"/>
      </content_descriptor>
      <data_content_descriptor data_component_id="0x0008" entry_component="0x30" ISO_639_language_code="jpn" text="">
        <selector_bytes>
          01 13 6A 70 6E
        </selector_bytes>
      </data_content_descriptor>
    </service>
  </selection_information_table>
  <selection_information_table version="23" current="true">
    <metadata PID="31"/>
    <partial_transport_stream_descriptor peak_rate="0x0000EA60"/>
    <ISDB_network_identifier_descriptor country_code="JPN" media_type="TB" network_id="0x7C70"/>
    <TS_information_descriptor remote_control_key_id="0x01" ts_name="ＮＨＫ総合・熊本">
      <transmission_type transmission_type_info="0x0F">
        <service id="0xE000"/>
        <service id="0xE001"/>
        <service id="0xFFF0"/>
      </transmission_type>
      <transmission_type transmission_type_info="0xAF">
        <service id="0xE180"/>
      </transmission_type>
    </TS_information_descriptor>
    <service service_id="0xE000" running_status="undefined">
      <partialTS_time_descriptor event_version_number="61" event_start_time="2025-04-04 18:00:00" duration="00:10:00" other_descriptor_status="false" JST_time="2025-04-04 18:01:04"/>
      <generic_descriptor tag="0x85">
        7C 70 7C 70 06 B5 FF
      </generic_descriptor>
      <service_descriptor service_type="0x01" service_provider_name="" service_name="NHK総合1・熊本"/>
      <extended_broadcaster_descriptor broadcaster_type="0x01" terrestrial_broadcaster_id="0x7C71">
        <affiliation id="0x00"/>
        <affiliation id="0x01"/>
        <broadcaster original_network_id="0x0004" broadcaster_id="0x01"/>
      </extended_broadcaster_descriptor>
      <short_event_descriptor language_code="jpn">
        <event_name>ニュース🈔🈑</event_name>
        <text></text>
      </short_event_descriptor>
      <component_descriptor stream_content="0x01" stream_content_ext="0x0F" component_type="0x03" component_tag="0x00" language_code="jpn" text=""/>
      <audio_component_descriptor stream_content="0x02" component_type="0x02" component_tag="0x10" stream_type="0x0F" main_component="true" quality_indicator="2" sampling_rate="7" ISO_639_language_code="jpn" ISO_639_language_code_2="eng" text="日本語英語"/>
      <content_descriptor>
        <content content_nibble_level_1="0" content_nibble_level_2="0" user_byte="0xFF"/>
      </content_descriptor>
      <data_content_descriptor data_component_id="0x0008" entry_component="0x30" ISO_639_language_code="jpn" text="">
        <selector_bytes>
          01 13 6A 70 6E
        </selector_bytes>
      </data_content_descriptor>
    </service>
  </selection_information_table>
  <selection_information_table version="24" current="true">
    <metadata PID="31"/>
    <partial_transport_stream_descriptor peak_rate="0x0000EA60"/>
    <ISDB_network_identifier_descriptor country_code="JPN" media_type="TB" network_id="0x7C70"/>
    <TS_information_descriptor remote_control_key_id="0x01" ts_name="ＮＨＫ総合・熊本">
      <transmission_type transmission_type_info="0x0F">
        <service id="0xE000"/>
        <service id="0xE001"/>
        <service id="0xFFF0"/>
      </transmission_type>
      <transmission_type transmission_type_info="0xAF">
        <service id="0xE180"/>
      </transmission_type>
    </TS_information_descriptor>
    <service service_id="0xE000" running_status="undefined">
      <partialTS_time_descriptor event_version_number="61" event_start_time="2025-04-04 18:00:00" duration="00:10:00" other_descriptor_status="false" JST_time="2025-04-04 18:01:06"/>
      <generic_descriptor tag="0x85">
        7C 70 7C 70 06 B5 FF
      </generic_descriptor>
      <service_descriptor service_type="0x01" service_provider_name="" service_name="NHK総合1・熊本"/>
      <extended_broadcaster_descriptor broadcaster_type="0x01" terrestrial_broadcaster_id="0x7C71">
        <affiliation id="0x00"/>
        <affiliation id="0x01"/>
        <broadcaster original_network_id="0x0004" broadcaster_id="0x01"/>
      </extended_broadcaster_descriptor>
      <short_event_descriptor language_code="jpn">
        <event_name>ニュース🈔🈑</event_name>
        <text></text>
      </short_event_descriptor>
      <component_descriptor stream_content="0x01" stream_content_ext="0x0F" component_type="0x03" component_tag="0x00" language_code="jpn" text=""/>
      <audio_component_descriptor stream_content="0x02" component_type="0x02" component_tag="0x10" stream_type="0x0F" main_component="true" quality_indicator="2" sampling_rate="7" ISO_639_language_code="jpn" ISO_639_language_code_2="eng" text="日本語英語"/>
      <content_descriptor>
        <content content_nibble_level_1="0" content_nibble_level_2="0" user_byte="0xFF"/>
      </content_descriptor>
      <data_content_descriptor data_component_id="0x0008" entry_component="0x30" ISO_639_language_code="jpn" text="">
        <selector_bytes>
          01 13 6A 70 6E
        </selector_bytes>
      </data_content_descriptor>
    </service>
  </selection_information_table>
  <selection_information_table version="25" current="true">
    <metadata PID="31"/>
    <partial_transport_stream_descriptor peak_rate="0x0000EA60"/>
    <ISDB_network_identifier_descriptor country_code="JPN" media_type="TB" network_id="0x7C70"/>
    <TS_information_descriptor remote_control_key_id="0x01" ts_name="ＮＨＫ総合・熊本">
      <transmission_type transmission_type_info="0x0F">
        <service id="0xE000"/>
        <service id="0xE001"/>
        <service id="0xFFF0"/>
      </transmission_type>
      <transmission_type transmission_type_info="0xAF">
        <service id="0xE180"/>
      </transmission_type>
    </TS_information_descriptor>
    <service service_id="0xE000" running_status="undefined">
      <partialTS_time_descriptor event_version_number="61" event_start_time="2025-04-04 18:00:00" duration="00:10:00" other_descriptor_status="false" JST_time="2025-04-04 18:01:08"/>
      <generic_descriptor tag="0x85">
        7C 70 7C 70 06 B5 FF
      </generic_descriptor>
      <service_descriptor service_type="0x01" service_provider_name="" service_name="NHK総合1・熊本"/>
      <extended_broadcaster_descriptor broadcaster_type="0x01" terrestrial_broadcaster_id="0x7C71">
        <affiliation id="0x00"/>
        <affiliation id="0x01"/>
        <broadcaster original_network_id="0x0004" broadcaster_id="0x01"/>
      </extended_broadcaster_descriptor>
      <short_event_descriptor language_code="jpn">
        <event_name>ニュース🈔🈑</event_name>
        <text></text>
      </short_event_descriptor>
      <component_descriptor stream_content="0x01" stream_content_ext="0x0F" component_type="0x03" component_tag="0x00" language_code="jpn" text=""/>
      <audio_component_descriptor stream_content="0x02" component_type="0x02" component_tag="0x10" stream_type="0x0F" main_component="true" quality_indicator="2" sampling_rate="7" ISO_639_language_code="jpn" ISO_639_language_code_2="eng" text="日本語英語"/>
      <content_descriptor>
        <content content_nibble_level_1="0" content_nibble_level_2="0" user_byte="0xFF"/>
      </content_descriptor>
      <data_content_descriptor data_component_id="0x0008" entry_component="0x30" ISO_639_language_code="jpn" text="">
        <selector_bytes>
          01 13 6A 70 6E
        </selector_bytes>
      </data_content_descriptor>
    </service>
  </selection_information_table>
  <selection_information_table version="26" current="true">
    <metadata PID="31"/>
    <partial_transport_stream_descriptor peak_rate="0x0000EA60"/>
    <ISDB_network_identifier_descriptor country_code="JPN" media_type="TB" network_id="0x7C70"/>
    <TS_information_descriptor remote_control_key_id="0x01" ts_name="ＮＨＫ総合・熊本">
      <transmission_type transmission_type_info="0x0F">
        <service id="0xE000"/>
        <service id="0xE001"/>
        <service id="0xFFF0"/>
      </transmission_type>
      <transmission_type transmission_type_info="0xAF">
        <service id="0xE180"/>
      </transmission_type>
    </TS_information_descriptor>
    <service service_id="0xE000" running_status="undefined">
      <partialTS_time_descriptor event_version_number="61" event_start_time="2025-04-04 18:00:00" duration="00:10:00" other_descriptor_status="false" JST_time="2025-04-04 18:01:10"/>
      <generic_descriptor tag="0x85">
        7C 70 7C 70 06 B5 FF
      </generic_descriptor>
      <service_descriptor service_type="0x01" service_provider_name="" service_name="NHK総合1・熊本"/>
      <extended_broadcaster_descriptor broadcaster_type="0x01" terrestrial_broadcaster_id="0x7C71">
        <affiliation id="0x00"/>
        <affiliation id="0x01"/>
        <broadcaster original_network_id="0x0004" broadcaster_id="0x01"/>
      </extended_broadcaster_descriptor>
      <short_event_descriptor language_code="jpn">
        <event_name>ニュース🈔🈑</event_name>
        <text></text>
      </short_event_descriptor>
      <component_descriptor stream_content="0x01" stream_content_ext="0x0F" component_type="0x03" component_tag="0x00" language_code="jpn" text=""/>
      <audio_component_descriptor stream_content="0x02" component_type="0x02" component_tag="0x10" stream_type="0x0F" main_component="true" quality_indicator="2" sampling_rate="7" ISO_639_language_code="jpn" ISO_639_language_code_2="eng" text="日本語英語"/>
      <content_descriptor>
        <content content_nibble_level_1="0" content_nibble_level_2="0" user_byte="0xFF"/>
      </content_descriptor>
      <data_content_descriptor data_component_id="0x0008" entry_component="0x30" ISO_639_language_code="jpn" text="">
        <selector_bytes>
          01 13 6A 70 6E
        </selector_bytes>
      </data_content_descriptor>
    </service>
  </selection_information_table>
  <selection_information_table version="27" current="true">
    <metadata PID="31"/>
    <partial_transport_stream_descriptor peak_rate="0x0000EA60"/>
    <ISDB_network_identifier_descriptor country_code="JPN" media_type="TB" network_id="0x7C70"/>
    <TS_information_descriptor remote_control_key_id="0x01" ts_name="ＮＨＫ総合・熊本">
      <transmission_type transmission_type_info="0x0F">
        <service id="0xE000"/>
        <service id="0xE001"/>
        <service id="0xFFF0"/>
      </transmission_type>
      <transmission_type transmission_type_info="0xAF">
        <service id="0xE180"/>
      </transmission_type>
    </TS_information_descriptor>
    <service service_id="0xE000" running_status="undefined">
      <partialTS_time_descriptor event_version_number="61" event_start_time="2025-04-04 18:00:00" duration="00:10:00" other_descriptor_status="false" JST_time="2025-04-04 18:01:13"/>
      <generic_descriptor tag="0x85">
        7C 70 7C 70 06 B5 FF
      </generic_descriptor>
      <service_descriptor service_type="0x01" service_provider_name="" service_name="NHK総合1・熊本"/>
      <extended_broadcaster_descriptor broadcaster_type="0x01" terrestrial_broadcaster_id="0x7C71">
        <affiliation id="0x00"/>
        <affiliation id="0x01"/>
        <broadcaster original_network_id="0x0004" broadcaster_id="0x01"/>
      </extended_broadcaster_descriptor>
      <short_event_descriptor language_code="jpn">
        <event_name>ニュース🈔🈑</event_name>
        <text></text>
      </short_event_descriptor>
      <component_descriptor stream_content="0x01" stream_content_ext="0x0F" component_type="0x03" component_tag="0x00" language_code="jpn" text=""/>
      <audio_component_descriptor stream_content="0x02" component_type="0x02" component_tag="0x10" stream_type="0x0F" main_component="true" quality_indicator="2" sampling_rate="7" ISO_639_language_code="jpn" ISO_639_language_code_2="eng" text="日本語英語"/>
      <content_descriptor>
        <content content_nibble_level_1="0" content_nibble_level_2="0" user_byte="0xFF"/>
      </content_descriptor>
      <data_content_descriptor data_component_id="0x0008" entry_component="0x30" ISO_639_language_code="jpn" text="">
        <selector_bytes>
          01 13 6A 70 6E
        </selector_bytes>
      </data_content_descriptor>
    </service>
  </selection_information_table>
  <selection_information_table version="28" current="true">
    <metadata PID="31"/>
    <partial_transport_stream_descriptor peak_rate="0x0000EA60"/>
    <ISDB_network_identifier_descriptor country_code="JPN" media_type="TB" network_id="0x7C70"/>
    <TS_information_descriptor remote_control_key_id="0x01" ts_name="ＮＨＫ総合・熊本">
      <transmission_type transmission_type_info="0x0F">
        <service id="0xE000"/>
        <service id="0xE001"/>
        <service id="0xFFF0"/>
      </transmission_type>
      <transmission_type transmission_type_info="0xAF">
        <service id="0xE180"/>
      </transmission_type>
    </TS_information_descriptor>
    <service service_id="0xE000" running_status="undefined">
      <partialTS_time_descriptor event_version_number="61" event_start_time="2025-04-04 18:00:00" duration="00:10:00" other_descriptor_status="false" JST_time="2025-04-04 18:01:15"/>
      <generic_descriptor tag="0x85">
        7C 70 7C 70 06 B5 FF
      </generic_descriptor>
      <service_descriptor service_type="0x01" service_provider_name="" service_name="NHK総合1・熊本"/>
      <extended_broadcaster_descriptor broadcaster_type="0x01" terrestrial_broadcaster_id="0x7C71">
        <affiliation id="0x00"/>
        <affiliation id="0x01"/>
        <broadcaster original_network_id="0x0004" broadcaster_id="0x01"/>
      </extended_broadcaster_descriptor>
      <short_event_descriptor language_code="jpn">
        <event_name>ニュース🈔🈑</event_name>
        <text></text>
      </short_event_descriptor>
      <component_descriptor stream_content="0x01" stream_content_ext="0x0F" component_type="0x03" component_tag="0x00" language_code="jpn" text=""/>
      <audio_component_descriptor stream_content="0x02" component_type="0x02" component_tag="0x10" stream_type="0x0F" main_component="true" quality_indicator="2" sampling_rate="7" ISO_639_language_code="jpn" ISO_639_language_code_2="eng" text="日本語英語"/>
      <content_descriptor>
        <content content_nibble_level_1="0" content_nibble_level_2="0" user_byte="0xFF"/>
      </content_descriptor>
      <data_content_descriptor data_component_id="0x0008" entry_component="0x30" ISO_639_language_code="jpn" text="">
        <selector_bytes>
          01 13 6A 70 6E
        </selector_bytes>
      </data_content_descriptor>
    </service>
  </selection_information_table>
  <selection_information_table version="29" current="true">
    <metadata PID="31"/>
    <partial_transport_stream_descriptor peak_rate="0x0000EA60"/>
    <ISDB_network_identifier_descriptor country_code="JPN" media_type="TB" network_id="0x7C70"/>
    <TS_information_descriptor remote_control_key_id="0x01" ts_name="ＮＨＫ総合・熊本">
      <transmission_type transmission_type_info="0x0F">
        <service id="0xE000"/>
        <service id="0xE001"/>
        <service id="0xFFF0"/>
      </transmission_type>
      <transmission_type transmission_type_info="0xAF">
        <service id="0xE180"/>
      </transmission_type>
    </TS_information_descriptor>
    <service service_id="0xE000" running_status="undefined">
      <partialTS_time_descriptor event_version_number="61" event_start_time="2025-04-04 18:00:00" duration="00:10:00" other_descriptor_status="false" JST_time="2025-04-04 18:01:17"/>
      <generic_descriptor tag="0x85">
        7C 70 7C 70 06 B5 FF
      </generic_descriptor>
      <service_descriptor service_type="0x01" service_provider_name="" service_name="NHK総合1・熊本"/>
      <extended_broadcaster_descriptor broadcaster_type="0x01" terrestrial_broadcaster_id="0x7C71">
        <affiliation id="0x00"/>
        <affiliation id="0x01"/>
        <broadcaster original_network_id="0x0004" broadcaster_id="0x01"/>
      </extended_broadcaster_descriptor>
      <short_event_descriptor language_code="jpn">
        <event_name>ニュース🈔🈑</event_name>
        <text></text>
      </short_event_descriptor>
      <component_descriptor stream_content="0x01" stream_content_ext="0x0F" component_type="0x03" component_tag="0x00" language_code="jpn" text=""/>
      <audio_component_descriptor stream_content="0x02" component_type="0x02" component_tag="0x10" stream_type="0x0F" main_component="true" quality_indicator="2" sampling_rate="7" ISO_639_language_code="jpn" ISO_639_language_code_2="eng" text="日本語英語"/>
      <content_descriptor>
        <content content_nibble_level_1="0" content_nibble_level_2="0" user_byte="0xFF"/>
      </content_descriptor>
      <data_content_descriptor data_component_id="0x0008" entry_component="0x30" ISO_639_language_code="jpn" text="">
        <selector_bytes>
          01 13 6A 70 6E
        </selector_bytes>
      </data_content_descriptor>
    </service>
  </selection_information_table>
  <selection_information_table version="30" current="true">
    <metadata PID="31"/>
    <partial_transport_stream_descriptor peak_rate="0x0000EA60"/>
    <ISDB_network_identifier_descriptor country_code="JPN" media_type="TB" network_id="0x7C70"/>
    <TS_information_descriptor remote_control_key_id="0x01" ts_name="ＮＨＫ総合・熊本">
      <transmission_type transmission_type_info="0x0F">
        <service id="0xE000"/>
        <service id="0xE001"/>
        <service id="0xFFF0"/>
      </transmission_type>
      <transmission_type transmission_type_info="0xAF">
        <service id="0xE180"/>
      </transmission_type>
    </TS_information_descriptor>
    <service service_id="0xE000" running_status="undefined">
      <partialTS_time_descriptor event_version_number="61" event_start_time="2025-04-04 18:00:00" duration="00:10:00" other_descriptor_status="false" JST_time="2025-04-04 18:01:19"/>
      <generic_descriptor tag="0x85">
        7C 70 7C 70 06 B5 FF
      </generic_descriptor>
      <service_descriptor service_type="0x01" service_provider_name="" service_name="NHK総合1・熊本"/>
      <extended_broadcaster_descriptor broadcaster_type="0x01" terrestrial_broadcaster_id="0x7C71">
        <affiliation id="0x00"/>
        <affiliation id="0x01"/>
        <broadcaster original_network_id="0x0004" broadcaster_id="0x01"/>
      </extended_broadcaster_descriptor>
      <short_event_descriptor language_code="jpn">
        <event_name>ニュース🈔🈑</event_name>
        <text></text>
      </short_event_descriptor>
      <component_descriptor stream_content="0x01" stream_content_ext="0x0F" component_type="0x03" component_tag="0x00" language_code="jpn" text=""/>
      <audio_component_descriptor stream_content="0x02" component_type="0x02" component_tag="0x10" stream_type="0x0F" main_component="true" quality_indicator="2" sampling_rate="7" ISO_639_language_code="jpn" ISO_639_language_code_2="eng" text="日本語英語"/>
      <content_descriptor>
        <content content_nibble_level_1="0" content_nibble_level_2="0" user_byte="0xFF"/>
      </content_descriptor>
      <data_content_descriptor data_component_id="0x0008" entry_component="0x30" ISO_639_language_code="jpn" text="">
        <selector_bytes>
          01 13 6A 70 6E
        </selector_bytes>
      </data_content_descriptor>
    </service>
  </selection_information_table>
  <selection_information_table version="31" current="true">
    <metadata PID="31"/>
    <partial_transport_stream_descriptor peak_rate="0x0000EA60"/>
    <ISDB_network_identifier_descriptor country_code="JPN" media_type="TB" network_id="0x7C70"/>
    <TS_information_descriptor remote_control_key_id="0x01" ts_name="ＮＨＫ総合・熊本">
      <transmission_type transmission_type_info="0x0F">
        <service id="0xE000"/>
        <service id="0xE001"/>
        <service id="0xFFF0"/>
      </transmission_type>
      <transmission_type transmission_type_info="0xAF">
        <service id="0xE180"/>
      </transmission_type>
    </TS_information_descriptor>
    <service service_id="0xE000" running_status="undefined">
      <partialTS_time_descriptor event_version_number="61" event_start_time="2025-04-04 18:00:00" duration="00:10:00" other_descriptor_status="false" JST_time="2025-04-04 18:01:21"/>
      <generic_descriptor tag="0x85">
        7C 70 7C 70 06 B5 FF
      </generic_descriptor>
      <service_descriptor service_type="0x01" service_provider_name="" service_name="NHK総合1・熊本"/>
      <extended_broadcaster_descriptor broadcaster_type="0x01" terrestrial_broadcaster_id="0x7C71">
        <affiliation id="0x00"/>
        <affiliation id="0x01"/>
        <broadcaster original_network_id="0x0004" broadcaster_id="0x01"/>
      </extended_broadcaster_descriptor>
      <short_event_descriptor language_code="jpn">
        <event_name>ニュース🈔🈑</event_name>
        <text></text>
      </short_event_descriptor>
      <component_descriptor stream_content="0x01" stream_content_ext="0x0F" component_type="0x03" component_tag="0x00" language_code="jpn" text=""/>
      <audio_component_descriptor stream_content="0x02" component_type="0x02" component_tag="0x10" stream_type="0x0F" main_component="true" quality_indicator="2" sampling_rate="7" ISO_639_language_code="jpn" ISO_639_language_code_2="eng" text="日本語英語"/>
      <content_descriptor>
        <content content_nibble_level_1="0" content_nibble_level_2="0" user_byte="0xFF"/>
      </content_descriptor>
      <data_content_descriptor data_component_id="0x0008" entry_component="0x30" ISO_639_language_code="jpn" text="">
        <selector_bytes>
          01 13 6A 70 6E
        </selector_bytes>
      </data_content_descriptor>
    </service>
  </selection_information_table>
  <selection_information_table version="0" current="true">
    <metadata PID="31"/>
    <partial_transport_stream_descriptor peak_rate="0x0000EA60"/>
    <ISDB_network_identifier_descriptor country_code="JPN" media_type="TB" network_id="0x7C70"/>
    <TS_information_descriptor remote_control_key_id="0x01" ts_name="ＮＨＫ総合・熊本">
      <transmission_type transmission_type_info="0x0F">
        <service id="0xE000"/>
        <service id="0xE001"/>
        <service id="0xFFF0"/>
      </transmission_type>
      <transmission_type transmission_type_info="0xAF">
        <service id="0xE180"/>
      </transmission_type>
    </TS_information_descriptor>
    <service service_id="0xE000" running_status="undefined">
      <partialTS_time_descriptor event_version_number="61" event_start_time="2025-04-04 18:00:00" duration="00:10:00" other_descriptor_status="false" JST_time="2025-04-04 18:01:23"/>
      <generic_descriptor tag="0x85">
        7C 70 7C 70 06 B5 FF
      </generic_descriptor>
      <service_descriptor service_type="0x01" service_provider_name="" service_name="NHK総合1・熊本"/>
      <extended_broadcaster_descriptor broadcaster_type="0x01" terrestrial_broadcaster_id="0x7C71">
        <affiliation id="0x00"/>
        <affiliation id="0x01"/>
        <broadcaster original_network_id="0x0004" broadcaster_id="0x01"/>
      </extended_broadcaster_descriptor>
      <short_event_descriptor language_code="jpn">
        <event_name>ニュース🈔🈑</event_name>
        <text></text>
      </short_event_descriptor>
      <component_descriptor stream_content="0x01" stream_content_ext="0x0F" component_type="0x03" component_tag="0x00" language_code="jpn" text=""/>
      <audio_component_descriptor stream_content="0x02" component_type="0x02" component_tag="0x10" stream_type="0x0F" main_component="true" quality_indicator="2" sampling_rate="7" ISO_639_language_code="jpn" ISO_639_language_code_2="eng" text="日本語英語"/>
      <content_descriptor>
        <content content_nibble_level_1="0" content_nibble_level_2="0" user_byte="0xFF"/>
      </content_descriptor>
      <data_content_descriptor data_component_id="0x0008" entry_component="0x30" ISO_639_language_code="jpn" text="">
        <selector_bytes>
          01 13 6A 70 6E
        </selector_bytes>
      </data_content_descriptor>
    </service>
  </selection_information_table>
  <selection_information_table version="1" current="true">
    <metadata PID="31"/>
    <partial_transport_stream_descriptor peak_rate="0x0000EA60"/>
    <ISDB_network_identifier_descriptor country_code="JPN" media_type="TB" network_id="0x7C70"/>
    <TS_information_descriptor remote_control_key_id="0x01" ts_name="ＮＨＫ総合・熊本">
      <transmission_type transmission_type_info="0x0F">
        <service id="0xE000"/>
        <service id="0xE001"/>
        <service id="0xFFF0"/>
      </transmission_type>
      <transmission_type transmission_type_info="0xAF">
        <service id="0xE180"/>
      </transmission_type>
    </TS_information_descriptor>
    <service service_id="0xE000" running_status="undefined">
      <partialTS_time_descriptor event_version_number="61" event_start_time="2025-04-04 18:00:00" duration="00:10:00" other_descriptor_status="false" JST_time="2025-04-04 18:01:25"/>
      <generic_descriptor tag="0x85">
        7C 70 7C 70 06 B5 FF
      </generic_descriptor>
      <service_descriptor service_type="0x01" service_provider_name="" service_name="NHK総合1・熊本"/>
      <extended_broadcaster_descriptor broadcaster_type="0x01" terrestrial_broadcaster_id="0x7C71">
        <affiliation id="0x00"/>
        <affiliation id="0x01"/>
        <broadcaster original_network_id="0x0004" broadcaster_id="0x01"/>
      </extended_broadcaster_descriptor>
      <short_event_descriptor language_code="jpn">
        <event_name>ニュース🈔🈑</event_name>
        <text></text>
      </short_event_descriptor>
      <component_descriptor stream_content="0x01" stream_content_ext="0x0F" component_type="0x03" component_tag="0x00" language_code="jpn" text=""/>
      <audio_component_descriptor stream_content="0x02" component_type="0x02" component_tag="0x10" stream_type="0x0F" main_component="true" quality_indicator="2" sampling_rate="7" ISO_639_language_code="jpn" ISO_639_language_code_2="eng" text="日本語英語"/>
      <content_descriptor>
        <content content_nibble_level_1="0" content_nibble_level_2="0" user_byte="0xFF"/>
      </content_descriptor>
      <data_content_descriptor data_component_id="0x0008" entry_component="0x30" ISO_639_language_code="jpn" text="">
        <selector_bytes>
          01 13 6A 70 6E
        </selector_bytes>
      </data_content_descriptor>
    </service>
  </selection_information_table>
  <selection_information_table version="2" current="true">
    <metadata PID="31"/>
    <partial_transport_stream_descriptor peak_rate="0x0000EA60"/>
    <ISDB_network_identifier_descriptor country_code="JPN" media_type="TB" network_id="0x7C70"/>
    <TS_information_descriptor remote_control_key_id="0x01" ts_name="ＮＨＫ総合・熊本">
      <transmission_type transmission_type_info="0x0F">
        <service id="0xE000"/>
        <service id="0xE001"/>
        <service id="0xFFF0"/>
      </transmission_type>
      <transmission_type transmission_type_info="0xAF">
        <service id="0xE180"/>
      </transmission_type>
    </TS_information_descriptor>
    <service service_id="0xE000" running_status="undefined">
      <partialTS_time_descriptor event_version_number="61" event_start_time="2025-04-04 18:00:00" duration="00:10:00" other_descriptor_status="false" JST_time="2025-04-04 18:01:27"/>
      <generic_descriptor tag="0x85">
        7C 70 7C 70 06 B5 FF
      </generic_descriptor>
      <service_descriptor service_type="0x01" service_provider_name="" service_name="NHK総合1・熊本"/>
      <extended_broadcaster_descriptor broadcaster_type="0x01" terrestrial_broadcaster_id="0x7C71">
        <affiliation id="0x00"/>
        <affiliation id="0x01"/>
        <broadcaster original_network_id="0x0004" broadcaster_id="0x01"/>
      </extended_broadcaster_descriptor>
      <short_event_descriptor language_code="jpn">
        <event_name>ニュース🈔🈑</event_name>
        <text></text>
      </short_event_descriptor>
      <component_descriptor stream_content="0x01" stream_content_ext="0x0F" component_type="0x03" component_tag="0x00" language_code="jpn" text=""/>
      <audio_component_descriptor stream_content="0x02" component_type="0x02" component_tag="0x10" stream_type="0x0F" main_component="true" quality_indicator="2" sampling_rate="7" ISO_639_language_code="jpn" ISO_639_language_code_2="eng" text="日本語英語"/>
      <content_descriptor>
        <content content_nibble_level_1="0" content_nibble_level_2="0" user_byte="0xFF"/>
      </content_descriptor>
      <data_content_descriptor data_component_id="0x0008" entry_component="0x30" ISO_639_language_code="jpn" text="">
        <selector_bytes>
          01 13 6A 70 6E
        </selector_bytes>
      </data_content_descriptor>
    </service>
  </selection_information_table>
  <selection_information_table version="3" current="true">
    <metadata PID="31"/>
    <partial_transport_stream_descriptor peak_rate="0x0000EA60"/>
    <ISDB_network_identifier_descriptor country_code="JPN" media_type="TB" network_id="0x7C70"/>
    <TS_information_descriptor remote_control_key_id="0x01" ts_name="ＮＨＫ総合・熊本">
      <transmission_type transmission_type_info="0x0F">
        <service id="0xE000"/>
        <service id="0xE001"/>
        <service id="0xFFF0"/>
      </transmission_type>
      <transmission_type transmission_type_info="0xAF">
        <service id="0xE180"/>
      </transmission_type>
    </TS_information_descriptor>
    <service service_id="0xE000" running_status="undefined">
      <partialTS_time_descriptor event_version_number="61" event_start_time="2025-04-04 18:00:00" duration="00:10:00" other_descriptor_status="false" JST_time="2025-04-04 18:01:29"/>
      <generic_descriptor tag="0x85">
        7C 70 7C 70 06 B5 FF
      </generic_descriptor>
      <service_descriptor service_type="0x01" service_provider_name="" service_name="NHK総合1・熊本"/>
      <extended_broadcaster_descriptor broadcaster_type="0x01" terrestrial_broadcaster_id="0x7C71">
        <affiliation id="0x00"/>
        <affiliation id="0x01"/>
        <broadcaster original_network_id="0x0004" broadcaster_id="0x01"/>
      </extended_broadcaster_descriptor>
      <short_event_descriptor language_code="jpn">
        <event_name>ニュース🈔🈑</event_name>
        <text></text>
      </short_event_descriptor>
      <component_descriptor stream_content="0x01" stream_content_ext="0x0F" component_type="0x03" component_tag="0x00" language_code="jpn" text=""/>
      <audio_component_descriptor stream_content="0x02" component_type="0x02" component_tag="0x10" stream_type="0x0F" main_component="true" quality_indicator="2" sampling_rate="7" ISO_639_language_code="jpn" ISO_639_language_code_2="eng" text="日本語英語"/>
      <content_descriptor>
        <content content_nibble_level_1="0" content_nibble_level_2="0" user_byte="0xFF"/>
      </content_descriptor>
      <data_content_descriptor data_component_id="0x0008" entry_component="0x30" ISO_639_language_code="jpn" text="">
        <selector_bytes>
          01 13 6A 70 6E
        </selector_bytes>
      </data_content_descriptor>
    </service>
  </selection_information_table>
  <selection_information_table version="4" current="true">
    <metadata PID="31"/>
    <partial_transport_stream_descriptor peak_rate="0x0000EA60"/>
    <ISDB_network_identifier_descriptor country_code="JPN" media_type="TB" network_id="0x7C70"/>
    <TS_information_descriptor remote_control_key_id="0x01" ts_name="ＮＨＫ総合・熊本">
      <transmission_type transmission_type_info="0x0F">
        <service id="0xE000"/>
        <service id="0xE001"/>
        <service id="0xFFF0"/>
      </transmission_type>
      <transmission_type transmission_type_info="0xAF">
        <service id="0xE180"/>
      </transmission_type>
    </TS_information_descriptor>
    <service service_id="0xE000" running_status="undefined">
      <partialTS_time_descriptor event_version_number="61" event_start_time="2025-04-04 18:00:00" duration="00:10:00" other_descriptor_status="false" JST_time="2025-04-04 18:01:31"/>
      <generic_descriptor tag="0x85">
        7C 70 7C 70 06 B5 FF
      </generic_descriptor>
      <service_descriptor service_type="0x01" service_provider_name="" service_name="NHK総合1・熊本"/>
      <extended_broadcaster_descriptor broadcaster_type="0x01" terrestrial_broadcaster_id="0x7C71">
        <affiliation id="0x00"/>
        <affiliation id="0x01"/>
        <broadcaster original_network_id="0x0004" broadcaster_id="0x01"/>
      </extended_broadcaster_descriptor>
      <short_event_descriptor language_code="jpn">
        <event_name>ニュース🈔🈑</event_name>
        <text></text>
      </short_event_descriptor>
      <component_descriptor stream_content="0x01" stream_content_ext="0x0F" component_type="0x03" component_tag="0x00" language_code="jpn" text=""/>
      <audio_component_descriptor stream_content="0x02" component_type="0x02" component_tag="0x10" stream_type="0x0F" main_component="true" quality_indicator="2" sampling_rate="7" ISO_639_language_code="jpn" ISO_639_language_code_2="eng" text="日本語英語"/>
      <content_descriptor>
        <content content_nibble_level_1="0" content_nibble_level_2="0" user_byte="0xFF"/>
      </content_descriptor>
      <data_content_descriptor data_component_id="0x0008" entry_component="0x30" ISO_639_language_code="jpn" text="">
        <selector_bytes>
          01 13 6A 70 6E
        </selector_bytes>
      </data_content_descriptor>
    </service>
  </selection_information_table>
  <selection_information_table version="5" current="true">
    <metadata PID="31"/>
    <partial_transport_stream_descriptor peak_rate="0x0000EA60"/>
    <ISDB_network_identifier_descriptor country_code="JPN" media_type="TB" network_id="0x7C70"/>
    <TS_information_descriptor remote_control_key_id="0x01" ts_name="ＮＨＫ総合・熊本">
      <transmission_type transmission_type_info="0x0F">
        <service id="0xE000"/>
        <service id="0xE001"/>
        <service id="0xFFF0"/>
      </transmission_type>
      <transmission_type transmission_type_info="0xAF">
        <service id="0xE180"/>
      </transmission_type>
    </TS_information_descriptor>
    <service service_id="0xE000" running_status="undefined">
      <partialTS_time_descriptor event_version_number="61" event_start_time="2025-04-04 18:00:00" duration="00:10:00" other_descriptor_status="false" JST_time="2025-04-04 18:01:34"/>
      <generic_descriptor tag="0x85">
        7C 70 7C 70 06 B5 FF
      </generic_descriptor>
      <service_descriptor service_type="0x01" service_provider_name="" service_name="NHK総合1・熊本"/>
      <extended_broadcaster_descriptor broadcaster_type="0x01" terrestrial_broadcaster_id="0x7C71">
        <affiliation id="0x00"/>
        <affiliation id="0x01"/>
        <broadcaster original_network_id="0x0004" broadcaster_id="0x01"/>
      </extended_broadcaster_descriptor>
      <short_event_descriptor language_code="jpn">
        <event_name>ニュース🈔🈑</event_name>
        <text></text>
      </short_event_descriptor>
      <component_descriptor stream_content="0x01" stream_content_ext="0x0F" component_type="0x03" component_tag="0x00" language_code="jpn" text=""/>
      <audio_component_descriptor stream_content="0x02" component_type="0x02" component_tag="0x10" stream_type="0x0F" main_component="true" quality_indicator="2" sampling_rate="7" ISO_639_language_code="jpn" ISO_639_language_code_2="eng" text="日本語英語"/>
      <content_descriptor>
        <content content_nibble_level_1="0" content_nibble_level_2="0" user_byte="0xFF"/>
      </content_descriptor>
      <data_content_descriptor data_component_id="0x0008" entry_component="0x30" ISO_639_language_code="jpn" text="">
        <selector_bytes>
          01 13 6A 70 6E
        </selector_bytes>
      </data_content_descriptor>
    </service>
  </selection_information_table>
  <selection_information_table version="6" current="true">
    <metadata PID="31"/>
    <partial_transport_stream_descriptor peak_rate="0x0000EA60"/>
    <ISDB_network_identifier_descriptor country_code="JPN" media_type="TB" network_id="0x7C70"/>
    <TS_information_descriptor remote_control_key_id="0x01" ts_name="ＮＨＫ総合・熊本">
      <transmission_type transmission_type_info="0x0F">
        <service id="0xE000"/>
        <service id="0xE001"/>
        <service id="0xFFF0"/>
      </transmission_type>
      <transmission_type transmission_type_info="0xAF">
        <service id="0xE180"/>
      </transmission_type>
    </TS_information_descriptor>
    <service service_id="0xE000" running_status="undefined">
      <partialTS_time_descriptor event_version_number="61" event_start_time="2025-04-04 18:00:00" duration="00:10:00" other_descriptor_status="false" JST_time="2025-04-04 18:01:36"/>
      <generic_descriptor tag="0x85">
        7C 70 7C 70 06 B5 FF
      </generic_descriptor>
      <service_descriptor service_type="0x01" service_provider_name="" service_name="NHK総合1・熊本"/>
      <extended_broadcaster_descriptor broadcaster_type="0x01" terrestrial_broadcaster_id="0x7C71">
        <affiliation id="0x00"/>
        <affiliation id="0x01"/>
        <broadcaster original_network_id="0x0004" broadcaster_id="0x01"/>
      </extended_broadcaster_descriptor>
      <short_event_descriptor language_code="jpn">
        <event_name>ニュース🈔🈑</event_name>
        <text></text>
      </short_event_descriptor>
      <component_descriptor stream_content="0x01" stream_content_ext="0x0F" component_type="0x03" component_tag="0x00" language_code="jpn" text=""/>
      <audio_component_descriptor stream_content="0x02" component_type="0x02" component_tag="0x10" stream_type="0x0F" main_component="true" quality_indicator="2" sampling_rate="7" ISO_639_language_code="jpn" ISO_639_language_code_2="eng" text="日本語英語"/>
      <content_descriptor>
        <content content_nibble_level_1="0" content_nibble_level_2="0" user_byte="0xFF"/>
      </content_descriptor>
      <data_content_descriptor data_component_id="0x0008" entry_component="0x30" ISO_639_language_code="jpn" text="">
        <selector_bytes>
          01 13 6A 70 6E
        </selector_bytes>
      </data_content_descriptor>
    </service>
  </selection_information_table>
  <selection_information_table version="7" current="true">
    <metadata PID="31"/>
    <partial_transport_stream_descriptor peak_rate="0x0000EA60"/>
    <ISDB_network_identifier_descriptor country_code="JPN" media_type="TB" network_id="0x7C70"/>
    <TS_information_descriptor remote_control_key_id="0x01" ts_name="ＮＨＫ総合・熊本">
      <transmission_type transmission_type_info="0x0F">
        <service id="0xE000"/>
        <service id="0xE001"/>
        <service id="0xFFF0"/>
      </transmission_type>
      <transmission_type transmission_type_info="0xAF">
        <service id="0xE180"/>
      </transmission_type>
    </TS_information_descriptor>
    <service service_id="0xE000" running_status="undefined">
      <partialTS_time_descriptor event_version_number="61" event_start_time="2025-04-04 18:00:00" duration="00:10:00" other_descriptor_status="false" JST_time="2025-04-04 18:01:38"/>
      <generic_descriptor tag="0x85">
        7C 70 7C 70 06 B5 FF
      </generic_descriptor>
      <service_descriptor service_type="0x01" service_provider_name="" service_name="NHK総合1・熊本"/>
      <extended_broadcaster_descriptor broadcaster_type="0x01" terrestrial_broadcaster_id="0x7C71">
        <affiliation id="0x00"/>
        <affiliation id="0x01"/>
        <broadcaster original_network_id="0x0004" broadcaster_id="0x01"/>
      </extended_broadcaster_descriptor>
      <short_event_descriptor language_code="jpn">
        <event_name>ニュース🈔🈑</event_name>
        <text></text>
      </short_event_descriptor>
      <component_descriptor stream_content="0x01" stream_content_ext="0x0F" component_type="0x03" component_tag="0x00" language_code="jpn" text=""/>
      <audio_component_descriptor stream_content="0x02" component_type="0x02" component_tag="0x10" stream_type="0x0F" main_component="true" quality_indicator="2" sampling_rate="7" ISO_639_language_code="jpn" ISO_639_language_code_2="eng" text="日本語英語"/>
      <content_descriptor>
        <content content_nibble_level_1="0" content_nibble_level_2="0" user_byte="0xFF"/>
      </content_descriptor>
      <data_content_descriptor data_component_id="0x0008" entry_component="0x30" ISO_639_language_code="jpn" text="">
        <selector_bytes>
          01 13 6A 70 6E
        </selector_bytes>
      </data_content_descriptor>
    </service>
  </selection_information_table>
  <selection_information_table version="8" current="true">
    <metadata PID="31"/>
    <partial_transport_stream_descriptor peak_rate="0x0000EA60"/>
    <ISDB_network_identifier_descriptor country_code="JPN" media_type="TB" network_id="0x7C70"/>
    <TS_information_descriptor remote_control_key_id="0x01" ts_name="ＮＨＫ総合・熊本">
      <transmission_type transmission_type_info="0x0F">
        <service id="0xE000"/>
        <service id="0xE001"/>
        <service id="0xFFF0"/>
      </transmission_type>
      <transmission_type transmission_type_info="0xAF">
        <service id="0xE180"/>
      </transmission_type>
    </TS_information_descriptor>
    <service service_id="0xE000" running_status="undefined">
      <partialTS_time_descriptor event_version_number="61" event_start_time="2025-04-04 18:00:00" duration="00:10:00" other_descriptor_status="false" JST_time="2025-04-04 18:01:40"/>
      <generic_descriptor tag="0x85">
        7C 70 7C 70 06 B5 FF
      </generic_descriptor>
      <service_descriptor service_type="0x01" service_provider_name="" service_name="NHK総合1・熊本"/>
      <extended_broadcaster_descriptor broadcaster_type="0x01" terrestrial_broadcaster_id="0x7C71">
        <affiliation id="0x00"/>
        <affiliation id="0x01"/>
        <broadcaster original_network_id="0x0004" broadcaster_id="0x01"/>
      </extended_broadcaster_descriptor>
      <short_event_descriptor language_code="jpn">
        <event_name>ニュース🈔🈑</event_name>
        <text></text>
      </short_event_descriptor>
      <component_descriptor stream_content="0x01" stream_content_ext="0x0F" component_type="0x03" component_tag="0x00" language_code="jpn" text=""/>
      <audio_component_descriptor stream_content="0x02" component_type="0x02" component_tag="0x10" stream_type="0x0F" main_component="true" quality_indicator="2" sampling_rate="7" ISO_639_language_code="jpn" ISO_639_language_code_2="eng" text="日本語英語"/>
      <content_descriptor>
        <content content_nibble_level_1="0" content_nibble_level_2="0" user_byte="0xFF"/>
      </content_descriptor>
      <data_content_descriptor data_component_id="0x0008" entry_component="0x30" ISO_639_language_code="jpn" text="">
        <selector_bytes>
          01 13 6A 70 6E
        </selector_bytes>
      </data_content_descriptor>
    </service>
  </selection_information_table>
  <selection_information_table version="9" current="true">
    <metadata PID="31"/>
    <partial_transport_stream_descriptor peak_rate="0x0000EA60"/>
    <ISDB_network_identifier_descriptor country_code="JPN" media_type="TB" network_id="0x7C70"/>
    <TS_information_descriptor remote_control_key_id="0x01" ts_name="ＮＨＫ総合・熊本">
      <transmission_type transmission_type_info="0x0F">
        <service id="0xE000"/>
        <service id="0xE001"/>
        <service id="0xFFF0"/>
      </transmission_type>
      <transmission_type transmission_type_info="0xAF">
        <service id="0xE180"/>
      </transmission_type>
    </TS_information_descriptor>
    <service service_id="0xE000" running_status="undefined">
      <partialTS_time_descriptor event_version_number="61" event_start_time="2025-04-04 18:00:00" duration="00:10:00" other_descriptor_status="false" JST_time="2025-04-04 18:01:42"/>
      <generic_descriptor tag="0x85">
        7C 70 7C 70 06 B5 FF
      </generic_descriptor>
      <service_descriptor service_type="0x01" service_provider_name="" service_name="NHK総合1・熊本"/>
      <extended_broadcaster_descriptor broadcaster_type="0x01" terrestrial_broadcaster_id="0x7C71">
        <affiliation id="0x00"/>
        <affiliation id="0x01"/>
        <broadcaster original_network_id="0x0004" broadcaster_id="0x01"/>
      </extended_broadcaster_descriptor>
      <short_event_descriptor language_code="jpn">
        <event_name>ニュース🈔🈑</event_name>
        <text></text>
      </short_event_descriptor>
      <component_descriptor stream_content="0x01" stream_content_ext="0x0F" component_type="0x03" component_tag="0x00" language_code="jpn" text=""/>
      <audio_component_descriptor stream_content="0x02" component_type="0x02" component_tag="0x10" stream_type="0x0F" main_component="true" quality_indicator="2" sampling_rate="7" ISO_639_language_code="jpn" ISO_639_language_code_2="eng" text="日本語英語"/>
      <content_descriptor>
        <content content_nibble_level_1="0" content_nibble_level_2="0" user_byte="0xFF"/>
      </content_descriptor>
      <data_content_descriptor data_component_id="0x0008" entry_component="0x30" ISO_639_language_code="jpn" text="">
        <selector_bytes>
          01 13 6A 70 6E
        </selector_bytes>
      </data_content_descriptor>
    </service>
  </selection_information_table>
  <selection_information_table version="10" current="true">
    <metadata PID="31"/>
    <partial_transport_stream_descriptor peak_rate="0x0000EA60"/>
    <ISDB_network_identifier_descriptor country_code="JPN" media_type="TB" network_id="0x7C70"/>
    <TS_information_descriptor remote_control_key_id="0x01" ts_name="ＮＨＫ総合・熊本">
      <transmission_type transmission_type_info="0x0F">
        <service id="0xE000"/>
        <service id="0xE001"/>
        <service id="0xFFF0"/>
      </transmission_type>
      <transmission_type transmission_type_info="0xAF">
        <service id="0xE180"/>
      </transmission_type>
    </TS_information_descriptor>
    <service service_id="0xE000" running_status="undefined">
      <partialTS_time_descriptor event_version_number="61" event_start_time="2025-04-04 18:00:00" duration="00:10:00" other_descriptor_status="false" JST_time="2025-04-04 18:01:44"/>
      <generic_descriptor tag="0x85">
        7C 70 7C 70 06 B5 FF
      </generic_descriptor>
      <service_descriptor service_type="0x01" service_provider_name="" service_name="NHK総合1・熊本"/>
      <extended_broadcaster_descriptor broadcaster_type="0x01" terrestrial_broadcaster_id="0x7C71">
        <affiliation id="0x00"/>
        <affiliation id="0x01"/>
        <broadcaster original_network_id="0x0004" broadcaster_id="0x01"/>
      </extended_broadcaster_descriptor>
      <short_event_descriptor language_code="jpn">
        <event_name>ニュース🈔🈑</event_name>
        <text></text>
      </short_event_descriptor>
      <component_descriptor stream_content="0x01" stream_content_ext="0x0F" component_type="0x03" component_tag="0x00" language_code="jpn" text=""/>
      <audio_component_descriptor stream_content="0x02" component_type="0x02" component_tag="0x10" stream_type="0x0F" main_component="true" quality_indicator="2" sampling_rate="7" ISO_639_language_code="jpn" ISO_639_language_code_2="eng" text="日本語英語"/>
      <content_descriptor>
        <content content_nibble_level_1="0" content_nibble_level_2="0" user_byte="0xFF"/>
      </content_descriptor>
      <data_content_descriptor data_component_id="0x0008" entry_component="0x30" ISO_639_language_code="jpn" text="">
        <selector_bytes>
          01 13 6A 70 6E
        </selector_bytes>
      </data_content_descriptor>
    </service>
  </selection_information_table>
  <selection_information_table version="11" current="true">
    <metadata PID="31"/>
    <partial_transport_stream_descriptor peak_rate="0x0000EA60"/>
    <ISDB_network_identifier_descriptor country_code="JPN" media_type="TB" network_id="0x7C70"/>
    <TS_information_descriptor remote_control_key_id="0x01" ts_name="ＮＨＫ総合・熊本">
      <transmission_type transmission_type_info="0x0F">
        <service id="0xE000"/>
        <service id="0xE001"/>
        <service id="0xFFF0"/>
      </transmission_type>
      <transmission_type transmission_type_info="0xAF">
        <service id="0xE180"/>
      </transmission_type>
    </TS_information_descriptor>
    <service service_id="0xE000" running_status="undefined">
      <partialTS_time_descriptor event_version_number="61" event_start_time="2025-04-04 18:00:00" duration="00:10:00" other_descriptor_status="false" JST_time="2025-04-04 18:01:46"/>
      <generic_descriptor tag="0x85">
        7C 70 7C 70 06 B5 FF
      </generic_descriptor>
      <service_descriptor service_type="0x01" service_provider_name="" service_name="NHK総合1・熊本"/>
      <extended_broadcaster_descriptor broadcaster_type="0x01" terrestrial_broadcaster_id="0x7C71">
        <affiliation id="0x00"/>
        <affiliation id="0x01"/>
        <broadcaster original_network_id="0x0004" broadcaster_id="0x01"/>
      </extended_broadcaster_descriptor>
      <short_event_descriptor language_code="jpn">
        <event_name>ニュース🈔🈑</event_name>
        <text></text>
      </short_event_descriptor>
      <component_descriptor stream_content="0x01" stream_content_ext="0x0F" component_type="0x03" component_tag="0x00" language_code="jpn" text=""/>
      <audio_component_descriptor stream_content="0x02" component_type="0x02" component_tag="0x10" stream_type="0x0F" main_component="true" quality_indicator="2" sampling_rate="7" ISO_639_language_code="jpn" ISO_639_language_code_2="eng" text="日本語英語"/>
      <content_descriptor>
        <content content_nibble_level_1="0" content_nibble_level_2="0" user_byte="0xFF"/>
      </content_descriptor>
      <data_content_descriptor data_component_id="0x0008" entry_component="0x30" ISO_639_language_code="jpn" text="">
        <selector_bytes>
          01 13 6A 70 6E
        </selector_bytes>
      </data_content_descriptor>
    </service>
  </selection_information_table>
  <selection_information_table version="12" current="true">
    <metadata PID="31"/>
    <partial_transport_stream_descriptor peak_rate="0x0000EA60"/>
    <ISDB_network_identifier_descriptor country_code="JPN" media_type="TB" network_id="0x7C70"/>
    <TS_information_descriptor remote_control_key_id="0x01" ts_name="ＮＨＫ総合・熊本">
      <transmission_type transmission_type_info="0x0F">
        <service id="0xE000"/>
        <service id="0xE001"/>
        <service id="0xFFF0"/>
      </transmission_type>
      <transmission_type transmission_type_info="0xAF">
        <service id="0xE180"/>
      </transmission_type>
    </TS_information_descriptor>
    <service service_id="0xE000" running_status="undefined">
      <partialTS_time_descriptor event_version_number="61" event_start_time="2025-04-04 18:00:00" duration="00:10:00" other_descriptor_status="false" JST_time="2025-04-04 18:01:48"/>
      <generic_descriptor tag="0x85">
        7C 70 7C 70 06 B5 FF
      </generic_descriptor>
      <service_descriptor service_type="0x01" service_provider_name="" service_name="NHK総合1・熊本"/>
      <extended_broadcaster_descriptor broadcaster_type="0x01" terrestrial_broadcaster_id="0x7C71">
        <affiliation id="0x00"/>
        <affiliation id="0x01"/>
        <broadcaster original_network_id="0x0004" broadcaster_id="0x01"/>
      </extended_broadcaster_descriptor>
      <short_event_descriptor language_code="jpn">
        <event_name>ニュース🈔🈑</event_name>
        <text></text>
      </short_event_descriptor>
      <component_descriptor stream_content="0x01" stream_content_ext="0x0F" component_type="0x03" component_tag="0x00" language_code="jpn" text=""/>
      <audio_component_descriptor stream_content="0x02" component_type="0x02" component_tag="0x10" stream_type="0x0F" main_component="true" quality_indicator="2" sampling_rate="7" ISO_639_language_code="jpn" ISO_639_language_code_2="eng" text="日本語英語"/>
      <content_descriptor>
        <content content_nibble_level_1="0" content_nibble_level_2="0" user_byte="0xFF"/>
      </content_descriptor>
      <data_content_descriptor data_component_id="0x0008" entry_component="0x30" ISO_639_language_code="jpn" text="">
        <selector_bytes>
          01 13 6A 70 6E
        </selector_bytes>
      </data_content_descriptor>
    </service>
  </selection_information_table>
  <selection_information_table version="13" current="true">
    <metadata PID="31"/>
    <partial_transport_stream_descriptor peak_rate="0x0000EA60"/>
    <ISDB_network_identifier_descriptor country_code="JPN" media_type="TB" network_id="0x7C70"/>
    <TS_information_descriptor remote_control_key_id="0x01" ts_name="ＮＨＫ総合・熊本">
      <transmission_type transmission_type_info="0x0F">
        <service id="0xE000"/>
        <service id="0xE001"/>
        <service id="0xFFF0"/>
      </transmission_type>
      <transmission_type transmission_type_info="0xAF">
        <service id="0xE180"/>
      </transmission_type>
    </TS_information_descriptor>
    <service service_id="0xE000" running_status="undefined">
      <partialTS_time_descriptor event_version_number="61" event_start_time="2025-04-04 18:00:00" duration="00:10:00" other_descriptor_status="false" JST_time="2025-04-04 18:01:50"/>
      <generic_descriptor tag="0x85">
        7C 70 7C 70 06 B5 FF
      </generic_descriptor>
      <service_descriptor service_type="0x01" service_provider_name="" service_name="NHK総合1・熊本"/>
      <extended_broadcaster_descriptor broadcaster_type="0x01" terrestrial_broadcaster_id="0x7C71">
        <affiliation id="0x00"/>
        <affiliation id="0x01"/>
        <broadcaster original_network_id="0x0004" broadcaster_id="0x01"/>
      </extended_broadcaster_descriptor>
      <short_event_descriptor language_code="jpn">
        <event_name>ニュース🈔🈑</event_name>
        <text></text>
      </short_event_descriptor>
      <component_descriptor stream_content="0x01" stream_content_ext="0x0F" component_type="0x03" component_tag="0x00" language_code="jpn" text=""/>
      <audio_component_descriptor stream_content="0x02" component_type="0x02" component_tag="0x10" stream_type="0x0F" main_component="true" quality_indicator="2" sampling_rate="7" ISO_639_language_code="jpn" ISO_639_language_code_2="eng" text="日本語英語"/>
      <content_descriptor>
        <content content_nibble_level_1="0" content_nibble_level_2="0" user_byte="0xFF"/>
      </content_descriptor>
      <data_content_descriptor data_component_id="0x0008" entry_component="0x30" ISO_639_language_code="jpn" text="">
        <selector_bytes>
          01 13 6A 70 6E
        </selector_bytes>
      </data_content_descriptor>
    </service>
  </selection_information_table>
  <selection_information_table version="14" current="true">
    <metadata PID="31"/>
    <partial_transport_stream_descriptor peak_rate="0x0000EA60"/>
    <ISDB_network_identifier_descriptor country_code="JPN" media_type="TB" network_id="0x7C70"/>
    <TS_information_descriptor remote_control_key_id="0x01" ts_name="ＮＨＫ総合・熊本">
      <transmission_type transmission_type_info="0x0F">
        <service id="0xE000"/>
        <service id="0xE001"/>
        <service id="0xFFF0"/>
      </transmission_type>
      <transmission_type transmission_type_info="0xAF">
        <service id="0xE180"/>
      </transmission_type>
    </TS_information_descriptor>
    <service service_id="0xE000" running_status="undefined">
      <partialTS_time_descriptor event_version_number="61" event_start_time="2025-04-04 18:00:00" duration="00:10:00" other_descriptor_status="false" JST_time="2025-04-04 18:01:52"/>
      <generic_descriptor tag="0x85">
        7C 70 7C 70 06 B5 FF
      </generic_descriptor>
      <service_descriptor service_type="0x01" service_provider_name="" service_name="NHK総合1・熊本"/>
      <extended_broadcaster_descriptor broadcaster_type="0x01" terrestrial_broadcaster_id="0x7C71">
        <affiliation id="0x00"/>
        <affiliation id="0x01"/>
        <broadcaster original_network_id="0x0004" broadcaster_id="0x01"/>
      </extended_broadcaster_descriptor>
      <short_event_descriptor language_code="jpn">
        <event_name>ニュース🈔🈑</event_name>
        <text></text>
      </short_event_descriptor>
      <component_descriptor stream_content="0x01" stream_content_ext="0x0F" component_type="0x03" component_tag="0x00" language_code="jpn" text=""/>
      <audio_component_descriptor stream_content="0x02" component_type="0x02" component_tag="0x10" stream_type="0x0F" main_component="true" quality_indicator="2" sampling_rate="7" ISO_639_language_code="jpn" ISO_639_language_code_2="eng" text="日本語英語"/>
      <content_descriptor>
        <content content_nibble_level_1="0" content_nibble_level_2="0" user_byte="0xFF"/>
      </content_descriptor>
      <data_content_descriptor data_component_id="0x0008" entry_component="0x30" ISO_639_language_code="jpn" text="">
        <selector_bytes>
          01 13 6A 70 6E
        </selector_bytes>
      </data_content_descriptor>
    </service>
  </selection_information_table>
  <selection_information_table version="15" current="true">
    <metadata PID="31"/>
    <partial_transport_stream_descriptor peak_rate="0x0000EA60"/>
    <ISDB_network_identifier_descriptor country_code="JPN" media_type="TB" network_id="0x7C70"/>
    <TS_information_descriptor remote_control_key_id="0x01" ts_name="ＮＨＫ総合・熊本">
      <transmission_type transmission_type_info="0x0F">
        <service id="0xE000"/>
        <service id="0xE001"/>
        <service id="0xFFF0"/>
      </transmission_type>
      <transmission_type transmission_type_info="0xAF">
        <service id="0xE180"/>
      </transmission_type>
    </TS_information_descriptor>
    <service service_id="0xE000" running_status="undefined">
      <partialTS_time_descriptor event_version_number="61" event_start_time="2025-04-04 18:00:00" duration="00:10:00" other_descriptor_status="false" JST_time="2025-04-04 18:01:55"/>
      <generic_descriptor tag="0x85">
        7C 70 7C 70 06 B5 FF
      </generic_descriptor>
      <service_descriptor service_type="0x01" service_provider_name="" service_name="NHK総合1・熊本"/>
      <extended_broadcaster_descriptor broadcaster_type="0x01" terrestrial_broadcaster_id="0x7C71">
        <affiliation id="0x00"/>
        <affiliation id="0x01"/>
        <broadcaster original_network_id="0x0004" broadcaster_id="0x01"/>
      </extended_broadcaster_descriptor>
      <short_event_descriptor language_code="jpn">
        <event_name>ニュース🈔🈑</event_name>
        <text></text>
      </short_event_descriptor>
      <component_descriptor stream_content="0x01" stream_content_ext="0x0F" component_type="0x03" component_tag="0x00" language_code="jpn" text=""/>
      <audio_component_descriptor stream_content="0x02" component_type="0x02" component_tag="0x10" stream_type="0x0F" main_component="true" quality_indicator="2" sampling_rate="7" ISO_639_language_code="jpn" ISO_639_language_code_2="eng" text="日本語英語"/>
      <content_descriptor>
        <content content_nibble_level_1="0" content_nibble_level_2="0" user_byte="0xFF"/>
      </content_descriptor>
      <data_content_descriptor data_component_id="0x0008" entry_component="0x30" ISO_639_language_code="jpn" text="">
        <selector_bytes>
          01 13 6A 70 6E
        </selector_bytes>
      </data_content_descriptor>
    </service>
  </selection_information_table>
  <selection_information_table version="16" current="true">
    <metadata PID="31"/>
    <partial_transport_stream_descriptor peak_rate="0x0000EA60"/>
    <ISDB_network_identifier_descriptor country_code="JPN" media_type="TB" network_id="0x7C70"/>
    <TS_information_descriptor remote_control_key_id="0x01" ts_name="ＮＨＫ総合・熊本">
      <transmission_type transmission_type_info="0x0F">
        <service id="0xE000"/>
        <service id="0xE001"/>
        <service id="0xFFF0"/>
      </transmission_type>
      <transmission_type transmission_type_info="0xAF">
        <service id="0xE180"/>
      </transmission_type>
    </TS_information_descriptor>
    <service service_id="0xE000" running_status="undefined">
      <partialTS_time_descriptor event_version_number="61" event_start_time="2025-04-04 18:00:00" duration="00:10:00" other_descriptor_status="false" JST_time="2025-04-04 18:01:57"/>
      <generic_descriptor tag="0x85">
        7C 70 7C 70 06 B5 FF
      </generic_descriptor>
      <service_descriptor service_type="0x01" service_provider_name="" service_name="NHK総合1・熊本"/>
      <extended_broadcaster_descriptor broadcaster_type="0x01" terrestrial_broadcaster_id="0x7C71">
        <affiliation id="0x00"/>
        <affiliation id="0x01"/>
        <broadcaster original_network_id="0x0004" broadcaster_id="0x01"/>
      </extended_broadcaster_descriptor>
      <short_event_descriptor language_code="jpn">
        <event_name>ニュース🈔🈑</event_name>
        <text></text>
      </short_event_descriptor>
      <component_descriptor stream_content="0x01" stream_content_ext="0x0F" component_type="0x03" component_tag="0x00" language_code="jpn" text=""/>
      <audio_component_descriptor stream_content="0x02" component_type="0x02" component_tag="0x10" stream_type="0x0F" main_component="true" quality_indicator="2" sampling_rate="7" ISO_639_language_code="jpn" ISO_639_language_code_2="eng" text="日本語英語"/>
      <content_descriptor>
        <content content_nibble_level_1="0" content_nibble_level_2="0" user_byte="0xFF"/>
      </content_descriptor>
      <data_content_descriptor data_component_id="0x0008" entry_component="0x30" ISO_639_language_code="jpn" text="">
        <selector_bytes>
          01 13 6A 70 6E
        </selector_bytes>
      </data_content_descriptor>
    </service>
  </selection_information_table>
  <selection_information_table version="17" current="true">
    <metadata PID="31"/>
    <partial_transport_stream_descriptor peak_rate="0x0000EA60"/>
    <ISDB_network_identifier_descriptor country_code="JPN" media_type="TB" network_id="0x7C70"/>
    <TS_information_descriptor remote_control_key_id="0x01" ts_name="ＮＨＫ総合・熊本">
      <transmission_type transmission_type_info="0x0F">
        <service id="0xE000"/>
        <service id="0xE001"/>
        <service id="0xFFF0"/>
      </transmission_type>
      <transmission_type transmission_type_info="0xAF">
        <service id="0xE180"/>
      </transmission_type>
    </TS_information_descriptor>
    <service service_id="0xE000" running_status="undefined">
      <partialTS_time_descriptor event_version_number="61" event_start_time="2025-04-04 18:00:00" duration="00:10:00" other_descriptor_status="false" JST_time="2025-04-04 18:01:59"/>
      <generic_descriptor tag="0x85">
        7C 70 7C 70 06 B5 FF
      </generic_descriptor>
      <service_descriptor service_type="0x01" service_provider_name="" service_name="NHK総合1・熊本"/>
      <extended_broadcaster_descriptor broadcaster_type="0x01" terrestrial_broadcaster_id="0x7C71">
        <affiliation id="0x00"/>
        <affiliation id="0x01"/>
        <broadcaster original_network_id="0x0004" broadcaster_id="0x01"/>
      </extended_broadcaster_descriptor>
      <short_event_descriptor language_code="jpn">
        <event_name>ニュース🈔🈑</event_name>
        <text></text>
      </short_event_descriptor>
      <component_descriptor stream_content="0x01" stream_content_ext="0x0F" component_type="0x03" component_tag="0x00" language_code="jpn" text=""/>
      <audio_component_descriptor stream_content="0x02" component_type="0x02" component_tag="0x10" stream_type="0x0F" main_component="true" quality_indicator="2" sampling_rate="7" ISO_639_language_code="jpn" ISO_639_language_code_2="eng" text="日本語英語"/>
      <content_descriptor>
        <content content_nibble_level_1="0" content_nibble_level_2="0" user_byte="0xFF"/>
      </content_descriptor>
      <data_content_descriptor data_component_id="0x0008" entry_component="0x30" ISO_639_language_code="jpn" text="">
        <selector_bytes>
          01 13 6A 70 6E
        </selector_bytes>
      </data_content_descriptor>
    </service>
  </selection_information_table>
  <selection_information_table version="18" current="true">
    <metadata PID="31"/>
    <partial_transport_stream_descriptor peak_rate="0x0000EA60"/>
    <ISDB_network_identifier_descriptor country_code="JPN" media_type="TB" network_id="0x7C70"/>
    <TS_information_descriptor remote_control_key_id="0x01" ts_name="ＮＨＫ総合・熊本">
      <transmission_type transmission_type_info="0x0F">
        <service id="0xE000"/>
        <service id="0xE001"/>
        <service id="0xFFF0"/>
      </transmission_type>
      <transmission_type transmission_type_info="0xAF">
        <service id="0xE180"/>
      </transmission_type>
    </TS_information_descriptor>
    <service service_id="0xE000" running_status="undefined">
      <partialTS_time_descriptor event_version_number="61" event_start_time="2025-04-04 18:00:00" duration="00:10:00" other_descriptor_status="false" JST_time="2025-04-04 18:02:01"/>
      <generic_descriptor tag="0x85">
        7C 70 7C 70 06 B5 FF
      </generic_descriptor>
      <service_descriptor service_type="0x01" service_provider_name="" service_name="NHK総合1・熊本"/>
      <extended_broadcaster_descriptor broadcaster_type="0x01" terrestrial_broadcaster_id="0x7C71">
        <affiliation id="0x00"/>
        <affiliation id="0x01"/>
        <broadcaster original_network_id="0x0004" broadcaster_id="0x01"/>
      </extended_broadcaster_descriptor>
      <short_event_descriptor language_code="jpn">
        <event_name>ニュース🈔🈑</event_name>
        <text></text>
      </short_event_descriptor>
      <component_descriptor stream_content="0x01" stream_content_ext="0x0F" component_type="0x03" component_tag="0x00" language_code="jpn" text=""/>
      <audio_component_descriptor stream_content="0x02" component_type="0x02" component_tag="0x10" stream_type="0x0F" main_component="true" quality_indicator="2" sampling_rate="7" ISO_639_language_code="jpn" ISO_639_language_code_2="eng" text="日本語英語"/>
      <content_descriptor>
        <content content_nibble_level_1="0" content_nibble_level_2="0" user_byte="0xFF"/>
      </content_descriptor>
      <data_content_descriptor data_component_id="0x0008" entry_component="0x30" ISO_639_language_code="jpn" text="">
        <selector_bytes>
          01 13 6A 70 6E
        </selector_bytes>
      </data_content_descriptor>
    </service>
  </selection_information_table>
  <selection_information_table version="19" current="true">
    <metadata PID="31"/>
    <partial_transport_stream_descriptor peak_rate="0x0000EA60"/>
    <ISDB_network_identifier_descriptor country_code="JPN" media_type="TB" network_id="0x7C70"/>
    <TS_information_descriptor remote_control_key_id="0x01" ts_name="ＮＨＫ総合・熊本">
      <transmission_type transmission_type_info="0x0F">
        <service id="0xE000"/>
        <service id="0xE001"/>
        <service id="0xFFF0"/>
      </transmission_type>
      <transmission_type transmission_type_info="0xAF">
        <service id="0xE180"/>
      </transmission_type>
    </TS_information_descriptor>
    <service service_id="0xE000" running_status="undefined">
      <partialTS_time_descriptor event_version_number="61" event_start_time="2025-04-04 18:00:00" duration="00:10:00" other_descriptor_status="false" JST_time="2025-04-04 18:02:03"/>
      <generic_descriptor tag="0x85">
        7C 70 7C 70 06 B5 FF
      </generic_descriptor>
      <service_descriptor service_type="0x01" service_provider_name="" service_name="NHK総合1・熊本"/>
      <extended_broadcaster_descriptor broadcaster_type="0x01" terrestrial_broadcaster_id="0x7C71">
        <affiliation id="0x00"/>
        <affiliation id="0x01"/>
        <broadcaster original_network_id="0x0004" broadcaster_id="0x01"/>
      </extended_broadcaster_descriptor>
      <short_event_descriptor language_code="jpn">
        <event_name>ニュース🈔🈑</event_name>
        <text></text>
      </short_event_descriptor>
      <component_descriptor stream_content="0x01" stream_content_ext="0x0F" component_type="0x03" component_tag="0x00" language_code="jpn" text=""/>
      <audio_component_descriptor stream_content="0x02" component_type="0x02" component_tag="0x10" stream_type="0x0F" main_component="true" quality_indicator="2" sampling_rate="7" ISO_639_language_code="jpn" ISO_639_language_code_2="eng" text="日本語英語"/>
      <content_descriptor>
        <content content_nibble_level_1="0" content_nibble_level_2="0" user_byte="0xFF"/>
      </content_descriptor>
      <data_content_descriptor data_component_id="0x0008" entry_component="0x30" ISO_639_language_code="jpn" text="">
        <selector_bytes>
          01 13 6A 70 6E
        </selector_bytes>
      </data_content_descriptor>
    </service>
  </selection_information_table>
  <selection_information_table version="20" current="true">
    <metadata PID="31"/>
    <partial_transport_stream_descriptor peak_rate="0x0000EA60"/>
    <ISDB_network_identifier_descriptor country_code="JPN" media_type="TB" network_id="0x7C70"/>
    <TS_information_descriptor remote_control_key_id="0x01" ts_name="ＮＨＫ総合・熊本">
      <transmission_type transmission_type_info="0x0F">
        <service id="0xE000"/>
        <service id="0xE001"/>
        <service id="0xFFF0"/>
      </transmission_type>
      <transmission_type transmission_type_info="0xAF">
        <service id="0xE180"/>
      </transmission_type>
    </TS_information_descriptor>
    <service service_id="0xE000" running_status="undefined">
      <partialTS_time_descriptor event_version_number="61" event_start_time="2025-04-04 18:00:00" duration="00:10:00" other_descriptor_status="false" JST_time="2025-04-04 18:02:05"/>
      <generic_descriptor tag="0x85">
        7C 70 7C 70 06 B5 FF
      </generic_descriptor>
      <service_descriptor service_type="0x01" service_provider_name="" service_name="NHK総合1・熊本"/>
      <extended_broadcaster_descriptor broadcaster_type="0x01" terrestrial_broadcaster_id="0x7C71">
        <affiliation id="0x00"/>
        <affiliation id="0x01"/>
        <broadcaster original_network_id="0x0004" broadcaster_id="0x01"/>
      </extended_broadcaster_descriptor>
      <short_event_descriptor language_code="jpn">
        <event_name>ニュース🈔🈑</event_name>
        <text></text>
      </short_event_descriptor>
      <component_descriptor stream_content="0x01" stream_content_ext="0x0F" component_type="0x03" component_tag="0x00" language_code="jpn" text=""/>
      <audio_component_descriptor stream_content="0x02" component_type="0x02" component_tag="0x10" stream_type="0x0F" main_component="true" quality_indicator="2" sampling_rate="7" ISO_639_language_code="jpn" ISO_639_language_code_2="eng" text="日本語英語"/>
      <content_descriptor>
        <content content_nibble_level_1="0" content_nibble_level_2="0" user_byte="0xFF"/>
      </content_descriptor>
      <data_content_descriptor data_component_id="0x0008" entry_component="0x30" ISO_639_language_code="jpn" text="">
        <selector_bytes>
          01 13 6A 70 6E
        </selector_bytes>
      </data_content_descriptor>
    </service>
  </selection_information_table>
  <selection_information_table version="21" current="true">
    <metadata PID="31"/>
    <partial_transport_stream_descriptor peak_rate="0x0000EA60"/>
    <ISDB_network_identifier_descriptor country_code="JPN" media_type="TB" network_id="0x7C70"/>
    <TS_information_descriptor remote_control_key_id="0x01" ts_name="ＮＨＫ総合・熊本">
      <transmission_type transmission_type_info="0x0F">
        <service id="0xE000"/>
        <service id="0xE001"/>
        <service id="0xFFF0"/>
      </transmission_type>
      <transmission_type transmission_type_info="0xAF">
        <service id="0xE180"/>
      </transmission_type>
    </TS_information_descriptor>
    <service service_id="0xE000" running_status="undefined">
      <partialTS_time_descriptor event_version_number="61" event_start_time="2025-04-04 18:00:00" duration="00:10:00" other_descriptor_status="false" JST_time="2025-04-04 18:02:07"/>
      <generic_descriptor tag="0x85">
        7C 70 7C 70 06 B5 FF
      </generic_descriptor>
      <service_descriptor service_type="0x01" service_provider_name="" service_name="NHK総合1・熊本"/>
      <extended_broadcaster_descriptor broadcaster_type="0x01" terrestrial_broadcaster_id="0x7C71">
        <affiliation id="0x00"/>
        <affiliation id="0x01"/>
        <broadcaster original_network_id="0x0004" broadcaster_id="0x01"/>
      </extended_broadcaster_descriptor>
      <short_event_descriptor language_code="jpn">
        <event_name>ニュース🈔🈑</event_name>
        <text></text>
      </short_event_descriptor>
      <component_descriptor stream_content="0x01" stream_content_ext="0x0F" component_type="0x03" component_tag="0x00" language_code="jpn" text=""/>
      <audio_component_descriptor stream_content="0x02" component_type="0x02" component_tag="0x10" stream_type="0x0F" main_component="true" quality_indicator="2" sampling_rate="7" ISO_639_language_code="jpn" ISO_639_language_code_2="eng" text="日本語英語"/>
      <content_descriptor>
        <content content_nibble_level_1="0" content_nibble_level_2="0" user_byte="0xFF"/>
      </content_descriptor>
      <data_content_descriptor data_component_id="0x0008" entry_component="0x30" ISO_639_language_code="jpn" text="">
        <selector_bytes>
          01 13 6A 70 6E
        </selector_bytes>
      </data_content_descriptor>
    </service>
  </selection_information_table>
  <selection_information_table version="22" current="true">
    <metadata PID="31"/>
    <partial_transport_stream_descriptor peak_rate="0x0000EA60"/>
    <ISDB_network_identifier_descriptor country_code="JPN" media_type="TB" network_id="0x7C70"/>
    <TS_information_descriptor remote_control_key_id="0x01" ts_name="ＮＨＫ総合・熊本">
      <transmission_type transmission_type_info="0x0F">
        <service id="0xE000"/>
        <service id="0xE001"/>
        <service id="0xFFF0"/>
      </transmission_type>
      <transmission_type transmission_type_info="0xAF">
        <service id="0xE180"/>
      </transmission_type>
    </TS_information_descriptor>
    <service service_id="0xE000" running_status="undefined">
      <partialTS_time_descriptor event_version_number="61" event_start_time="2025-04-04 18:00:00" duration="00:10:00" other_descriptor_status="false" JST_time="2025-04-04 18:02:09"/>
      <generic_descriptor tag="0x85">
        7C 70 7C 70 06 B5 FF
      </generic_descriptor>
      <service_descriptor service_type="0x01" service_provider_name="" service_name="NHK総合1・熊本"/>
      <extended_broadcaster_descriptor broadcaster_type="0x01" terrestrial_broadcaster_id="0x7C71">
        <affiliation id="0x00"/>
        <affiliation id="0x01"/>
        <broadcaster original_network_id="0x0004" broadcaster_id="0x01"/>
      </extended_broadcaster_descriptor>
      <short_event_descriptor language_code="jpn">
        <event_name>ニュース🈔🈑</event_name>
        <text></text>
      </short_event_descriptor>
      <component_descriptor stream_content="0x01" stream_content_ext="0x0F" component_type="0x03" component_tag="0x00" language_code="jpn" text=""/>
      <audio_component_descriptor stream_content="0x02" component_type="0x02" component_tag="0x10" stream_type="0x0F" main_component="true" quality_indicator="2" sampling_rate="7" ISO_639_language_code="jpn" ISO_639_language_code_2="eng" text="日本語英語"/>
      <content_descriptor>
        <content content_nibble_level_1="0" content_nibble_level_2="0" user_byte="0xFF"/>
      </content_descriptor>
      <data_content_descriptor data_component_id="0x0008" entry_component="0x30" ISO_639_language_code="jpn" text="">
        <selector_bytes>
          01 13 6A 70 6E
        </selector_bytes>
      </data_content_descriptor>
    </service>
  </selection_information_table>
  <selection_information_table version="23" current="true">
    <metadata PID="31"/>
    <partial_transport_stream_descriptor peak_rate="0x0000EA60"/>
    <ISDB_network_identifier_descriptor country_code="JPN" media_type="TB" network_id="0x7C70"/>
    <TS_information_descriptor remote_control_key_id="0x01" ts_name="ＮＨＫ総合・熊本">
      <transmission_type transmission_type_info="0x0F">
        <service id="0xE000"/>
        <service id="0xE001"/>
        <service id="0xFFF0"/>
      </transmission_type>
      <transmission_type transmission_type_info="0xAF">
        <service id="0xE180"/>
      </transmission_type>
    </TS_information_descriptor>
    <service service_id="0xE000" running_status="undefined">
      <partialTS_time_descriptor event_version_number="61" event_start_time="2025-04-04 18:00:00" duration="00:10:00" other_descriptor_status="false" JST_time="2025-04-04 18:02:11"/>
      <generic_descriptor tag="0x85">
        7C 70 7C 70 06 B5 FF
      </generic_descriptor>
      <service_descriptor service_type="0x01" service_provider_name="" service_name="NHK総合1・熊本"/>
      <extended_broadcaster_descriptor broadcaster_type="0x01" terrestrial_broadcaster_id="0x7C71">
        <affiliation id="0x00"/>
        <affiliation id="0x01"/>
        <broadcaster original_network_id="0x0004" broadcaster_id="0x01"/>
      </extended_broadcaster_descriptor>
      <short_event_descriptor language_code="jpn">
        <event_name>ニュース🈔🈑</event_name>
        <text></text>
      </short_event_descriptor>
      <component_descriptor stream_content="0x01" stream_content_ext="0x0F" component_type="0x03" component_tag="0x00" language_code="jpn" text=""/>
      <audio_component_descriptor stream_content="0x02" component_type="0x02" component_tag="0x10" stream_type="0x0F" main_component="true" quality_indicator="2" sampling_rate="7" ISO_639_language_code="jpn" ISO_639_language_code_2="eng" text="日本語英語"/>
      <content_descriptor>
        <content content_nibble_level_1="0" content_nibble_level_2="0" user_byte="0xFF"/>
      </content_descriptor>
      <data_content_descriptor data_component_id="0x0008" entry_component="0x30" ISO_639_language_code="jpn" text="">
        <selector_bytes>
          01 13 6A 70 6E
        </selector_bytes>
      </data_content_descriptor>
    </service>
  </selection_information_table>
  <selection_information_table version="24" current="true">
    <metadata PID="31"/>
    <partial_transport_stream_descriptor peak_rate="0x0000EA60"/>
    <ISDB_network_identifier_descriptor country_code="JPN" media_type="TB" network_id="0x7C70"/>
    <TS_information_descriptor remote_control_key_id="0x01" ts_name="ＮＨＫ総合・熊本">
      <transmission_type transmission_type_info="0x0F">
        <service id="0xE000"/>
        <service id="0xE001"/>
        <service id="0xFFF0"/>
      </transmission_type>
      <transmission_type transmission_type_info="0xAF">
        <service id="0xE180"/>
      </transmission_type>
    </TS_information_descriptor>
    <service service_id="0xE000" running_status="undefined">
      <partialTS_time_descriptor event_version_number="61" event_start_time="2025-04-04 18:00:00" duration="00:10:00" other_descriptor_status="false" JST_time="2025-04-04 18:02:13"/>
      <generic_descriptor tag="0x85">
        7C 70 7C 70 06 B5 FF
      </generic_descriptor>
      <service_descriptor service_type="0x01" service_provider_name="" service_name="NHK総合1・熊本"/>
      <extended_broadcaster_descriptor broadcaster_type="0x01" terrestrial_broadcaster_id="0x7C71">
        <affiliation id="0x00"/>
        <affiliation id="0x01"/>
        <broadcaster original_network_id="0x0004" broadcaster_id="0x01"/>
      </extended_broadcaster_descriptor>
      <short_event_descriptor language_code="jpn">
        <event_name>ニュース🈔🈑</event_name>
        <text></text>
      </short_event_descriptor>
      <component_descriptor stream_content="0x01" stream_content_ext="0x0F" component_type="0x03" component_tag="0x00" language_code="jpn" text=""/>
      <audio_component_descriptor stream_content="0x02" component_type="0x02" component_tag="0x10" stream_type="0x0F" main_component="true" quality_indicator="2" sampling_rate="7" ISO_639_language_code="jpn" ISO_639_language_code_2="eng" text="日本語英語"/>
      <content_descriptor>
        <content content_nibble_level_1="0" content_nibble_level_2="0" user_byte="0xFF"/>
      </content_descriptor>
      <data_content_descriptor data_component_id="0x0008" entry_component="0x30" ISO_639_language_code="jpn" text="">
        <selector_bytes>
          01 13 6A 70 6E
        </selector_bytes>
      </data_content_descriptor>
    </service>
  </selection_information_table>
  <selection_information_table version="25" current="true">
    <metadata PID="31"/>
    <partial_transport_stream_descriptor peak_rate="0x0000EA60"/>
    <ISDB_network_identifier_descriptor country_code="JPN" media_type="TB" network_id="0x7C70"/>
    <TS_information_descriptor remote_control_key_id="0x01" ts_name="ＮＨＫ総合・熊本">
      <transmission_type transmission_type_info="0x0F">
        <service id="0xE000"/>
        <service id="0xE001"/>
        <service id="0xFFF0"/>
      </transmission_type>
      <transmission_type transmission_type_info="0xAF">
        <service id="0xE180"/>
      </transmission_type>
    </TS_information_descriptor>
    <service service_id="0xE000" running_status="undefined">
      <partialTS_time_descriptor event_version_number="61" event_start_time="2025-04-04 18:00:00" duration="00:10:00" other_descriptor_status="false" JST_time="2025-04-04 18:02:16"/>
      <generic_descriptor tag="0x85">
        7C 70 7C 70 06 B5 FF
      </generic_descriptor>
      <service_descriptor service_type="0x01" service_provider_name="" service_name="NHK総合1・熊本"/>
      <extended_broadcaster_descriptor broadcaster_type="0x01" terrestrial_broadcaster_id="0x7C71">
        <affiliation id="0x00"/>
        <affiliation id="0x01"/>
        <broadcaster original_network_id="0x0004" broadcaster_id="0x01"/>
      </extended_broadcaster_descriptor>
      <short_event_descriptor language_code="jpn">
        <event_name>ニュース🈔🈑</event_name>
        <text></text>
      </short_event_descriptor>
      <component_descriptor stream_content="0x01" stream_content_ext="0x0F" component_type="0x03" component_tag="0x00" language_code="jpn" text=""/>
      <audio_component_descriptor stream_content="0x02" component_type="0x02" component_tag="0x10" stream_type="0x0F" main_component="true" quality_indicator="2" sampling_rate="7" ISO_639_language_code="jpn" ISO_639_language_code_2="eng" text="日本語英語"/>
      <content_descriptor>
        <content content_nibble_level_1="0" content_nibble_level_2="0" user_byte="0xFF"/>
      </content_descriptor>
      <data_content_descriptor data_component_id="0x0008" entry_component="0x30" ISO_639_language_code="jpn" text="">
        <selector_bytes>
          01 13 6A 70 6E
        </selector_bytes>
      </data_content_descriptor>
    </service>
  </selection_information_table>
  <selection_information_table version="26" current="true">
    <metadata PID="31"/>
    <partial_transport_stream_descriptor peak_rate="0x0000EA60"/>
    <ISDB_network_identifier_descriptor country_code="JPN" media_type="TB" network_id="0x7C70"/>
    <TS_information_descriptor remote_control_key_id="0x01" ts_name="ＮＨＫ総合・熊本">
      <transmission_type transmission_type_info="0x0F">
        <service id="0xE000"/>
        <service id="0xE001"/>
        <service id="0xFFF0"/>
      </transmission_type>
      <transmission_type transmission_type_info="0xAF">
        <service id="0xE180"/>
      </transmission_type>
    </TS_information_descriptor>
    <service service_id="0xE000" running_status="undefined">
      <partialTS_time_descriptor event_version_number="61" event_start_time="2025-04-04 18:00:00" duration="00:10:00" other_descriptor_status="false" JST_time="2025-04-04 18:02:18"/>
      <generic_descriptor tag="0x85">
        7C 70 7C 70 06 B5 FF
      </generic_descriptor>
      <service_descriptor service_type="0x01" service_provider_name="" service_name="NHK総合1・熊本"/>
      <extended_broadcaster_descriptor broadcaster_type="0x01" terrestrial_broadcaster_id="0x7C71">
        <affiliation id="0x00"/>
        <affiliation id="0x01"/>
        <broadcaster original_network_id="0x0004" broadcaster_id="0x01"/>
      </extended_broadcaster_descriptor>
      <short_event_descriptor language_code="jpn">
        <event_name>ニュース🈔🈑</event_name>
        <text></text>
      </short_event_descriptor>
      <component_descriptor stream_content="0x01" stream_content_ext="0x0F" component_type="0x03" component_tag="0x00" language_code="jpn" text=""/>
      <audio_component_descriptor stream_content="0x02" component_type="0x02" component_tag="0x10" stream_type="0x0F" main_component="true" quality_indicator="2" sampling_rate="7" ISO_639_language_code="jpn" ISO_639_language_code_2="eng" text="日本語英語"/>
      <content_descriptor>
        <content content_nibble_level_1="0" content_nibble_level_2="0" user_byte="0xFF"/>
      </content_descriptor>
      <data_content_descriptor data_component_id="0x0008" entry_component="0x30" ISO_639_language_code="jpn" text="">
        <selector_bytes>
          01 13 6A 70 6E
        </selector_bytes>
      </data_content_descriptor>
    </service>
  </selection_information_table>
  <selection_information_table version="27" current="true">
    <metadata PID="31"/>
    <partial_transport_stream_descriptor peak_rate="0x0000EA60"/>
    <ISDB_network_identifier_descriptor country_code="JPN" media_type="TB" network_id="0x7C70"/>
    <TS_information_descriptor remote_control_key_id="0x01" ts_name="ＮＨＫ総合・熊本">
      <transmission_type transmission_type_info="0x0F">
        <service id="0xE000"/>
        <service id="0xE001"/>
        <service id="0xFFF0"/>
      </transmission_type>
      <transmission_type transmission_type_info="0xAF">
        <service id="0xE180"/>
      </transmission_type>
    </TS_information_descriptor>
    <service service_id="0xE000" running_status="undefined">
      <partialTS_time_descriptor event_version_number="61" event_start_time="2025-04-04 18:00:00" duration="00:10:00" other_descriptor_status="false" JST_time="2025-04-04 18:02:20"/>
      <generic_descriptor tag="0x85">
        7C 70 7C 70 06 B5 FF
      </generic_descriptor>
      <service_descriptor service_type="0x01" service_provider_name="" service_name="NHK総合1・熊本"/>
      <extended_broadcaster_descriptor broadcaster_type="0x01" terrestrial_broadcaster_id="0x7C71">
        <affiliation id="0x00"/>
        <affiliation id="0x01"/>
        <broadcaster original_network_id="0x0004" broadcaster_id="0x01"/>
      </extended_broadcaster_descriptor>
      <short_event_descriptor language_code="jpn">
        <event_name>ニュース🈔🈑</event_name>
        <text></text>
      </short_event_descriptor>
      <component_descriptor stream_content="0x01" stream_content_ext="0x0F" component_type="0x03" component_tag="0x00" language_code="jpn" text=""/>
      <audio_component_descriptor stream_content="0x02" component_type="0x02" component_tag="0x10" stream_type="0x0F" main_component="true" quality_indicator="2" sampling_rate="7" ISO_639_language_code="jpn" ISO_639_language_code_2="eng" text="日本語英語"/>
      <content_descriptor>
        <content content_nibble_level_1="0" content_nibble_level_2="0" user_byte="0xFF"/>
      </content_descriptor>
      <data_content_descriptor data_component_id="0x0008" entry_component="0x30" ISO_639_language_code="jpn" text="">
        <selector_bytes>
          01 13 6A 70 6E
        </selector_bytes>
      </data_content_descriptor>
    </service>
  </selection_information_table>
  <selection_information_table version="28" current="true">
    <metadata PID="31"/>
    <partial_transport_stream_descriptor peak_rate="0x0000EA60"/>
    <ISDB_network_identifier_descriptor country_code="JPN" media_type="TB" network_id="0x7C70"/>
    <TS_information_descriptor remote_control_key_id="0x01" ts_name="ＮＨＫ総合・熊本">
      <transmission_type transmission_type_info="0x0F">
        <service id="0xE000"/>
        <service id="0xE001"/>
        <service id="0xFFF0"/>
      </transmission_type>
      <transmission_type transmission_type_info="0xAF">
        <service id="0xE180"/>
      </transmission_type>
    </TS_information_descriptor>
    <service service_id="0xE000" running_status="undefined">
      <partialTS_time_descriptor event_version_number="61" event_start_time="2025-04-04 18:00:00" duration="00:10:00" other_descriptor_status="false" JST_time="2025-04-04 18:02:22"/>
      <generic_descriptor tag="0x85">
        7C 70 7C 70 06 B5 FF
      </generic_descriptor>
      <service_descriptor service_type="0x01" service_provider_name="" service_name="NHK総合1・熊本"/>
      <extended_broadcaster_descriptor broadcaster_type="0x01" terrestrial_broadcaster_id="0x7C71">
        <affiliation id="0x00"/>
        <affiliation id="0x01"/>
        <broadcaster original_network_id="0x0004" broadcaster_id="0x01"/>
      </extended_broadcaster_descriptor>
      <short_event_descriptor language_code="jpn">
        <event_name>ニュース🈔🈑</event_name>
        <text></text>
      </short_event_descriptor>
      <component_descriptor stream_content="0x01" stream_content_ext="0x0F" component_type="0x03" component_tag="0x00" language_code="jpn" text=""/>
      <audio_component_descriptor stream_content="0x02" component_type="0x02" component_tag="0x10" stream_type="0x0F" main_component="true" quality_indicator="2" sampling_rate="7" ISO_639_language_code="jpn" ISO_639_language_code_2="eng" text="日本語英語"/>
      <content_descriptor>
        <content content_nibble_level_1="0" content_nibble_level_2="0" user_byte="0xFF"/>
      </content_descriptor>
      <data_content_descriptor data_component_id="0x0008" entry_component="0x30" ISO_639_language_code="jpn" text="">
        <selector_bytes>
          01 13 6A 70 6E
        </selector_bytes>
      </data_content_descriptor>
    </service>
  </selection_information_table>
  <selection_information_table version="29" current="true">
    <metadata PID="31"/>
    <partial_transport_stream_descriptor peak_rate="0x0000EA60"/>
    <ISDB_network_identifier_descriptor country_code="JPN" media_type="TB" network_id="0x7C70"/>
    <TS_information_descriptor remote_control_key_id="0x01" ts_name="ＮＨＫ総合・熊本">
      <transmission_type transmission_type_info="0x0F">
        <service id="0xE000"/>
        <service id="0xE001"/>
        <service id="0xFFF0"/>
      </transmission_type>
      <transmission_type transmission_type_info="0xAF">
        <service id="0xE180"/>
      </transmission_type>
    </TS_information_descriptor>
    <service service_id="0xE000" running_status="undefined">
      <partialTS_time_descriptor event_version_number="61" event_start_time="2025-04-04 18:00:00" duration="00:10:00" other_descriptor_status="false" JST_time="2025-04-04 18:02:24"/>
      <generic_descriptor tag="0x85">
        7C 70 7C 70 06 B5 FF
      </generic_descriptor>
      <service_descriptor service_type="0x01" service_provider_name="" service_name="NHK総合1・熊本"/>
      <extended_broadcaster_descriptor broadcaster_type="0x01" terrestrial_broadcaster_id="0x7C71">
        <affiliation id="0x00"/>
        <affiliation id="0x01"/>
        <broadcaster original_network_id="0x0004" broadcaster_id="0x01"/>
      </extended_broadcaster_descriptor>
      <short_event_descriptor language_code="jpn">
        <event_name>ニュース🈔🈑</event_name>
        <text></text>
      </short_event_descriptor>
      <component_descriptor stream_content="0x01" stream_content_ext="0x0F" component_type="0x03" component_tag="0x00" language_code="jpn" text=""/>
      <audio_component_descriptor stream_content="0x02" component_type="0x02" component_tag="0x10" stream_type="0x0F" main_component="true" quality_indicator="2" sampling_rate="7" ISO_639_language_code="jpn" ISO_639_language_code_2="eng" text="日本語英語"/>
      <content_descriptor>
        <content content_nibble_level_1="0" content_nibble_level_2="0" user_byte="0xFF"/>
      </content_descriptor>
      <data_content_descriptor data_component_id="0x0008" entry_component="0x30" ISO_639_language_code="jpn" text="">
        <selector_bytes>
          01 13 6A 70 6E
        </selector_bytes>
      </data_content_descriptor>
    </service>
  </selection_information_table>
  <selection_information_table version="30" current="true">
    <metadata PID="31"/>
    <partial_transport_stream_descriptor peak_rate="0x0000EA60"/>
    <ISDB_network_identifier_descriptor country_code="JPN" media_type="TB" network_id="0x7C70"/>
    <TS_information_descriptor remote_control_key_id="0x01" ts_name="ＮＨＫ総合・熊本">
      <transmission_type transmission_type_info="0x0F">
        <service id="0xE000"/>
        <service id="0xE001"/>
        <service id="0xFFF0"/>
      </transmission_type>
      <transmission_type transmission_type_info="0xAF">
        <service id="0xE180"/>
      </transmission_type>
    </TS_information_descriptor>
    <service service_id="0xE000" running_status="undefined">
      <partialTS_time_descriptor event_version_number="61" event_start_time="2025-04-04 18:00:00" duration="00:10:00" other_descriptor_status="false" JST_time="2025-04-04 18:02:26"/>
      <generic_descriptor tag="0x85">
        7C 70 7C 70 06 B5 FF
      </generic_descriptor>
      <service_descriptor service_type="0x01" service_provider_name="" service_name="NHK総合1・熊本"/>
      <extended_broadcaster_descriptor broadcaster_type="0x01" terrestrial_broadcaster_id="0x7C71">
        <affiliation id="0x00"/>
        <affiliation id="0x01"/>
        <broadcaster original_network_id="0x0004" broadcaster_id="0x01"/>
      </extended_broadcaster_descriptor>
      <short_event_descriptor language_code="jpn">
        <event_name>ニュース🈔🈑</event_name>
        <text></text>
      </short_event_descriptor>
      <component_descriptor stream_content="0x01" stream_content_ext="0x0F" component_type="0x03" component_tag="0x00" language_code="jpn" text=""/>
      <audio_component_descriptor stream_content="0x02" component_type="0x02" component_tag="0x10" stream_type="0x0F" main_component="true" quality_indicator="2" sampling_rate="7" ISO_639_language_code="jpn" ISO_639_language_code_2="eng" text="日本語英語"/>
      <content_descriptor>
        <content content_nibble_level_1="0" content_nibble_level_2="0" user_byte="0xFF"/>
      </content_descriptor>
      <data_content_descriptor data_component_id="0x0008" entry_component="0x30" ISO_639_language_code="jpn" text="">
        <selector_bytes>
          01 13 6A 70 6E
        </selector_bytes>
      </data_content_descriptor>
    </service>
  </selection_information_table>
  <selection_information_table version="31" current="true">
    <metadata PID="31"/>
    <partial_transport_stream_descriptor peak_rate="0x0000EA60"/>
    <ISDB_network_identifier_descriptor country_code="JPN" media_type="TB" network_id="0x7C70"/>
    <TS_information_descriptor remote_control_key_id="0x01" ts_name="ＮＨＫ総合・熊本">
      <transmission_type transmission_type_info="0x0F">
        <service id="0xE000"/>
        <service id="0xE001"/>
        <service id="0xFFF0"/>
      </transmission_type>
      <transmission_type transmission_type_info="0xAF">
        <service id="0xE180"/>
      </transmission_type>
    </TS_information_descriptor>
    <service service_id="0xE000" running_status="undefined">
      <partialTS_time_descriptor event_version_number="61" event_start_time="2025-04-04 18:00:00" duration="00:10:00" other_descriptor_status="false" JST_time="2025-04-04 18:02:28"/>
      <generic_descriptor tag="0x85">
        7C 70 7C 70 06 B5 FF
      </generic_descriptor>
      <service_descriptor service_type="0x01" service_provider_name="" service_name="NHK総合1・熊本"/>
      <extended_broadcaster_descriptor broadcaster_type="0x01" terrestrial_broadcaster_id="0x7C71">
        <affiliation id="0x00"/>
        <affiliation id="0x01"/>
        <broadcaster original_network_id="0x0004" broadcaster_id="0x01"/>
      </extended_broadcaster_descriptor>
      <short_event_descriptor language_code="jpn">
        <event_name>ニュース🈔🈑</event_name>
        <text></text>
      </short_event_descriptor>
      <component_descriptor stream_content="0x01" stream_content_ext="0x0F" component_type="0x03" component_tag="0x00" language_code="jpn" text=""/>
      <audio_component_descriptor stream_content="0x02" component_type="0x02" component_tag="0x10" stream_type="0x0F" main_component="true" quality_indicator="2" sampling_rate="7" ISO_639_language_code="jpn" ISO_639_language_code_2="eng" text="日本語英語"/>
      <content_descriptor>
        <content content_nibble_level_1="0" content_nibble_level_2="0" user_byte="0xFF"/>
      </content_descriptor>
      <data_content_descriptor data_component_id="0x0008" entry_component="0x30" ISO_639_language_code="jpn" text="">
        <selector_bytes>
          01 13 6A 70 6E
        </selector_bytes>
      </data_content_descriptor>
    </service>
  </selection_information_table>
  <selection_information_table version="0" current="true">
    <metadata PID="31"/>
    <partial_transport_stream_descriptor peak_rate="0x0000EA60"/>
    <ISDB_network_identifier_descriptor country_code="JPN" media_type="TB" network_id="0x7C70"/>
    <TS_information_descriptor remote_control_key_id="0x01" ts_name="ＮＨＫ総合・熊本">
      <transmission_type transmission_type_info="0x0F">
        <service id="0xE000"/>
        <service id="0xE001"/>
        <service id="0xFFF0"/>
      </transmission_type>
      <transmission_type transmission_type_info="0xAF">
        <service id="0xE180"/>
      </transmission_type>
    </TS_information_descriptor>
    <service service_id="0xE000" running_status="undefined">
      <partialTS_time_descriptor event_version_number="61" event_start_time="2025-04-04 18:00:00" duration="00:10:00" other_descriptor_status="false" JST_time="2025-04-04 18:02:30"/>
      <generic_descriptor tag="0x85">
        7C 70 7C 70 06 B5 FF
      </generic_descriptor>
      <service_descriptor service_type="0x01" service_provider_name="" service_name="NHK総合1・熊本"/>
      <extended_broadcaster_descriptor broadcaster_type="0x01" terrestrial_broadcaster_id="0x7C71">
        <affiliation id="0x00"/>
        <affiliation id="0x01"/>
        <broadcaster original_network_id="0x0004" broadcaster_id="0x01"/>
      </extended_broadcaster_descriptor>
      <short_event_descriptor language_code="jpn">
        <event_name>ニュース🈔🈑</event_name>
        <text></text>
      </short_event_descriptor>
      <component_descriptor stream_content="0x01" stream_content_ext="0x0F" component_type="0x03" component_tag="0x00" language_code="jpn" text=""/>
      <audio_component_descriptor stream_content="0x02" component_type="0x02" component_tag="0x10" stream_type="0x0F" main_component="true" quality_indicator="2" sampling_rate="7" ISO_639_language_code="jpn" ISO_639_language_code_2="eng" text="日本語英語"/>
      <content_descriptor>
        <content content_nibble_level_1="0" content_nibble_level_2="0" user_byte="0xFF"/>
      </content_descriptor>
      <data_content_descriptor data_component_id="0x0008" entry_component="0x30" ISO_639_language_code="jpn" text="">
        <selector_bytes>
          01 13 6A 70 6E
        </selector_bytes>
      </data_content_descriptor>
    </service>
  </selection_information_table>
  <selection_information_table version="1" current="true">
    <metadata PID="31"/>
    <partial_transport_stream_descriptor peak_rate="0x0000EA60"/>
    <ISDB_network_identifier_descriptor country_code="JPN" media_type="TB" network_id="0x7C70"/>
    <TS_information_descriptor remote_control_key_id="0x01" ts_name="ＮＨＫ総合・熊本">
      <transmission_type transmission_type_info="0x0F">
        <service id="0xE000"/>
        <service id="0xE001"/>
        <service id="0xFFF0"/>
      </transmission_type>
      <transmission_type transmission_type_info="0xAF">
        <service id="0xE180"/>
      </transmission_type>
    </TS_information_descriptor>
    <service service_id="0xE000" running_status="undefined">
      <partialTS_time_descriptor event_version_number="61" event_start_time="2025-04-04 18:00:00" duration="00:10:00" other_descriptor_status="false" JST_time="2025-04-04 18:02:32"/>
      <generic_descriptor tag="0x85">
        7C 70 7C 70 06 B5 FF
      </generic_descriptor>
      <service_descriptor service_type="0x01" service_provider_name="" service_name="NHK総合1・熊本"/>
      <extended_broadcaster_descriptor broadcaster_type="0x01" terrestrial_broadcaster_id="0x7C71">
        <affiliation id="0x00"/>
        <affiliation id="0x01"/>
        <broadcaster original_network_id="0x0004" broadcaster_id="0x01"/>
      </extended_broadcaster_descriptor>
      <short_event_descriptor language_code="jpn">
        <event_name>ニュース🈔🈑</event_name>
        <text></text>
      </short_event_descriptor>
      <component_descriptor stream_content="0x01" stream_content_ext="0x0F" component_type="0x03" component_tag="0x00" language_code="jpn" text=""/>
      <audio_component_descriptor stream_content="0x02" component_type="0x02" component_tag="0x10" stream_type="0x0F" main_component="true" quality_indicator="2" sampling_rate="7" ISO_639_language_code="jpn" ISO_639_language_code_2="eng" text="日本語英語"/>
      <content_descriptor>
        <content content_nibble_level_1="0" content_nibble_level_2="0" user_byte="0xFF"/>
      </content_descriptor>
      <data_content_descriptor data_component_id="0x0008" entry_component="0x30" ISO_639_language_code="jpn" text="">
        <selector_bytes>
          01 13 6A 70 6E
        </selector_bytes>
      </data_content_descriptor>
    </service>
  </selection_information_table>
  <selection_information_table version="2" current="true">
    <metadata PID="31"/>
    <partial_transport_stream_descriptor peak_rate="0x0000EA60"/>
    <ISDB_network_identifier_descriptor country_code="JPN" media_type="TB" network_id="0x7C70"/>
    <TS_information_descriptor remote_control_key_id="0x01" ts_name="ＮＨＫ総合・熊本">
      <transmission_type transmission_type_info="0x0F">
        <service id="0xE000"/>
        <service id="0xE001"/>
        <service id="0xFFF0"/>
      </transmission_type>
      <transmission_type transmission_type_info="0xAF">
        <service id="0xE180"/>
      </transmission_type>
    </TS_information_descriptor>
    <service service_id="0xE000" running_status="undefined">
      <partialTS_time_descriptor event_version_number="61" event_start_time="2025-04-04 18:00:00" duration="00:10:00" other_descriptor_status="false" JST_time="2025-04-04 18:02:34"/>
      <generic_descriptor tag="0x85">
        7C 70 7C 70 06 B5 FF
      </generic_descriptor>
      <service_descriptor service_type="0x01" service_provider_name="" service_name="NHK総合1・熊本"/>
      <extended_broadcaster_descriptor broadcaster_type="0x01" terrestrial_broadcaster_id="0x7C71">
        <affiliation id="0x00"/>
        <affiliation id="0x01"/>
        <broadcaster original_network_id="0x0004" broadcaster_id="0x01"/>
      </extended_broadcaster_descriptor>
      <short_event_descriptor language_code="jpn">
        <event_name>ニュース🈔🈑</event_name>
        <text></text>
      </short_event_descriptor>
      <component_descriptor stream_content="0x01" stream_content_ext="0x0F" component_type="0x03" component_tag="0x00" language_code="jpn" text=""/>
      <audio_component_descriptor stream_content="0x02" component_type="0x02" component_tag="0x10" stream_type="0x0F" main_component="true" quality_indicator="2" sampling_rate="7" ISO_639_language_code="jpn" ISO_639_language_code_2="eng" text="日本語英語"/>
      <content_descriptor>
        <content content_nibble_level_1="0" content_nibble_level_2="0" user_byte="0xFF"/>
      </content_descriptor>
      <data_content_descriptor data_component_id="0x0008" entry_component="0x30" ISO_639_language_code="jpn" text="">
        <selector_bytes>
          01 13 6A 70 6E
        </selector_bytes>
      </data_content_descriptor>
    </service>
  </selection_information_table>
  <selection_information_table version="3" current="true">
    <metadata PID="31"/>
    <partial_transport_stream_descriptor peak_rate="0x0000EA60"/>
    <ISDB_network_identifier_descriptor country_code="JPN" media_type="TB" network_id="0x7C70"/>
    <TS_information_descriptor remote_control_key_id="0x01" ts_name="ＮＨＫ総合・熊本">
      <transmission_type transmission_type_info="0x0F">
        <service id="0xE000"/>
        <service id="0xE001"/>
        <service id="0xFFF0"/>
      </transmission_type>
      <transmission_type transmission_type_info="0xAF">
        <service id="0xE180"/>
      </transmission_type>
    </TS_information_descriptor>
    <service service_id="0xE000" running_status="undefined">
      <partialTS_time_descriptor event_version_number="61" event_start_time="2025-04-04 18:00:00" duration="00:10:00" other_descriptor_status="false" JST_time="2025-04-04 18:02:37"/>
      <generic_descriptor tag="0x85">
        7C 70 7C 70 06 B5 FF
      </generic_descriptor>
      <service_descriptor service_type="0x01" service_provider_name="" service_name="NHK総合1・熊本"/>
      <extended_broadcaster_descriptor broadcaster_type="0x01" terrestrial_broadcaster_id="0x7C71">
        <affiliation id="0x00"/>
        <affiliation id="0x01"/>
        <broadcaster original_network_id="0x0004" broadcaster_id="0x01"/>
      </extended_broadcaster_descriptor>
      <short_event_descriptor language_code="jpn">
        <event_name>ニュース🈔🈑</event_name>
        <text></text>
      </short_event_descriptor>
      <component_descriptor stream_content="0x01" stream_content_ext="0x0F" component_type="0x03" component_tag="0x00" language_code="jpn" text=""/>
      <audio_component_descriptor stream_content="0x02" component_type="0x02" component_tag="0x10" stream_type="0x0F" main_component="true" quality_indicator="2" sampling_rate="7" ISO_639_language_code="jpn" ISO_639_language_code_2="eng" text="日本語英語"/>
      <content_descriptor>
        <content content_nibble_level_1="0" content_nibble_level_2="0" user_byte="0xFF"/>
      </content_descriptor>
      <data_content_descriptor data_component_id="0x0008" entry_component="0x30" ISO_639_language_code="jpn" text="">
        <selector_bytes>
          01 13 6A 70 6E
        </selector_bytes>
      </data_content_descriptor>
    </service>
  </selection_information_table>
  <selection_information_table version="4" current="true">
    <metadata PID="31"/>
    <partial_transport_stream_descriptor peak_rate="0x0000EA60"/>
    <ISDB_network_identifier_descriptor country_code="JPN" media_type="TB" network_id="0x7C70"/>
    <TS_information_descriptor remote_control_key_id="0x01" ts_name="ＮＨＫ総合・熊本">
      <transmission_type transmission_type_info="0x0F">
        <service id="0xE000"/>
        <service id="0xE001"/>
        <service id="0xFFF0"/>
      </transmission_type>
      <transmission_type transmission_type_info="0xAF">
        <service id="0xE180"/>
      </transmission_type>
    </TS_information_descriptor>
    <service service_id="0xE000" running_status="undefined">
      <partialTS_time_descriptor event_version_number="61" event_start_time="2025-04-04 18:00:00" duration="00:10:00" other_descriptor_status="false" JST_time="2025-04-04 18:02:39"/>
      <generic_descriptor tag="0x85">
        7C 70 7C 70 06 B5 FF
      </generic_descriptor>
      <service_descriptor service_type="0x01" service_provider_name="" service_name="NHK総合1・熊本"/>
      <extended_broadcaster_descriptor broadcaster_type="0x01" terrestrial_broadcaster_id="0x7C71">
        <affiliation id="0x00"/>
        <affiliation id="0x01"/>
        <broadcaster original_network_id="0x0004" broadcaster_id="0x01"/>
      </extended_broadcaster_descriptor>
      <short_event_descriptor language_code="jpn">
        <event_name>ニュース🈔🈑</event_name>
        <text></text>
      </short_event_descriptor>
      <component_descriptor stream_content="0x01" stream_content_ext="0x0F" component_type="0x03" component_tag="0x00" language_code="jpn" text=""/>
      <audio_component_descriptor stream_content="0x02" component_type="0x02" component_tag="0x10" stream_type="0x0F" main_component="true" quality_indicator="2" sampling_rate="7" ISO_639_language_code="jpn" ISO_639_language_code_2="eng" text="日本語英語"/>
      <content_descriptor>
        <content content_nibble_level_1="0" content_nibble_level_2="0" user_byte="0xFF"/>
      </content_descriptor>
      <data_content_descriptor data_component_id="0x0008" entry_component="0x30" ISO_639_language_code="jpn" text="">
        <selector_bytes>
          01 13 6A 70 6E
        </selector_bytes>
      </data_content_descriptor>
    </service>
  </selection_information_table>
  <selection_information_table version="5" current="true">
    <metadata PID="31"/>
    <partial_transport_stream_descriptor peak_rate="0x0000EA60"/>
    <ISDB_network_identifier_descriptor country_code="JPN" media_type="TB" network_id="0x7C70"/>
    <TS_information_descriptor remote_control_key_id="0x01" ts_name="ＮＨＫ総合・熊本">
      <transmission_type transmission_type_info="0x0F">
        <service id="0xE000"/>
        <service id="0xE001"/>
        <service id="0xFFF0"/>
      </transmission_type>
      <transmission_type transmission_type_info="0xAF">
        <service id="0xE180"/>
      </transmission_type>
    </TS_information_descriptor>
    <service service_id="0xE000" running_status="undefined">
      <partialTS_time_descriptor event_version_number="61" event_start_time="2025-04-04 18:00:00" duration="00:10:00" other_descriptor_status="false" JST_time="2025-04-04 18:02:41"/>
      <generic_descriptor tag="0x85">
        7C 70 7C 70 06 B5 FF
      </generic_descriptor>
      <service_descriptor service_type="0x01" service_provider_name="" service_name="NHK総合1・熊本"/>
      <extended_broadcaster_descriptor broadcaster_type="0x01" terrestrial_broadcaster_id="0x7C71">
        <affiliation id="0x00"/>
        <affiliation id="0x01"/>
        <broadcaster original_network_id="0x0004" broadcaster_id="0x01"/>
      </extended_broadcaster_descriptor>
      <short_event_descriptor language_code="jpn">
        <event_name>ニュース🈔🈑</event_name>
        <text></text>
      </short_event_descriptor>
      <component_descriptor stream_content="0x01" stream_content_ext="0x0F" component_type="0x03" component_tag="0x00" language_code="jpn" text=""/>
      <audio_component_descriptor stream_content="0x02" component_type="0x02" component_tag="0x10" stream_type="0x0F" main_component="true" quality_indicator="2" sampling_rate="7" ISO_639_language_code="jpn" ISO_639_language_code_2="eng" text="日本語英語"/>
      <content_descriptor>
        <content content_nibble_level_1="0" content_nibble_level_2="0" user_byte="0xFF"/>
      </content_descriptor>
      <data_content_descriptor data_component_id="0x0008" entry_component="0x30" ISO_639_language_code="jpn" text="">
        <selector_bytes>
          01 13 6A 70 6E
        </selector_bytes>
      </data_content_descriptor>
    </service>
  </selection_information_table>
  <selection_information_table version="6" current="true">
    <metadata PID="31"/>
    <partial_transport_stream_descriptor peak_rate="0x0000EA60"/>
    <ISDB_network_identifier_descriptor country_code="JPN" media_type="TB" network_id="0x7C70"/>
    <TS_information_descriptor remote_control_key_id="0x01" ts_name="ＮＨＫ総合・熊本">
      <transmission_type transmission_type_info="0x0F">
        <service id="0xE000"/>
        <service id="0xE001"/>
        <service id="0xFFF0"/>
      </transmission_type>
      <transmission_type transmission_type_info="0xAF">
        <service id="0xE180"/>
      </transmission_type>
    </TS_information_descriptor>
    <service service_id="0xE000" running_status="undefined">
      <partialTS_time_descriptor event_version_number="61" event_start_time="2025-04-04 18:00:00" duration="00:10:00" other_descriptor_status="false" JST_time="2025-04-04 18:02:43"/>
      <generic_descriptor tag="0x85">
        7C 70 7C 70 06 B5 FF
      </generic_descriptor>
      <service_descriptor service_type="0x01" service_provider_name="" service_name="NHK総合1・熊本"/>
      <extended_broadcaster_descriptor broadcaster_type="0x01" terrestrial_broadcaster_id="0x7C71">
        <affiliation id="0x00"/>
        <affiliation id="0x01"/>
        <broadcaster original_network_id="0x0004" broadcaster_id="0x01"/>
      </extended_broadcaster_descriptor>
      <short_event_descriptor language_code="jpn">
        <event_name>ニュース🈔🈑</event_name>
        <text></text>
      </short_event_descriptor>
      <component_descriptor stream_content="0x01" stream_content_ext="0x0F" component_type="0x03" component_tag="0x00" language_code="jpn" text=""/>
      <audio_component_descriptor stream_content="0x02" component_type="0x02" component_tag="0x10" stream_type="0x0F" main_component="true" quality_indicator="2" sampling_rate="7" ISO_639_language_code="jpn" ISO_639_language_code_2="eng" text="日本語英語"/>
      <content_descriptor>
        <content content_nibble_level_1="0" content_nibble_level_2="0" user_byte="0xFF"/>
      </content_descriptor>
      <data_content_descriptor data_component_id="0x0008" entry_component="0x30" ISO_639_language_code="jpn" text="">
        <selector_bytes>
          01 13 6A 70 6E
        </selector_bytes>
      </data_content_descriptor>
    </service>
  </selection_information_table>
  <selection_information_table version="7" current="true">
    <metadata PID="31"/>
    <partial_transport_stream_descriptor peak_rate="0x0000EA60"/>
    <ISDB_network_identifier_descriptor country_code="JPN" media_type="TB" network_id="0x7C70"/>
    <TS_information_descriptor remote_control_key_id="0x01" ts_name="ＮＨＫ総合・熊本">
      <transmission_type transmission_type_info="0x0F">
        <service id="0xE000"/>
        <service id="0xE001"/>
        <service id="0xFFF0"/>
      </transmission_type>
      <transmission_type transmission_type_info="0xAF">
        <service id="0xE180"/>
      </transmission_type>
    </TS_information_descriptor>
    <service service_id="0xE000" running_status="undefined">
      <partialTS_time_descriptor event_version_number="61" event_start_time="2025-04-04 18:00:00" duration="00:10:00" other_descriptor_status="false" JST_time="2025-04-04 18:02:45"/>
      <generic_descriptor tag="0x85">
        7C 70 7C 70 06 B5 FF
      </generic_descriptor>
      <service_descriptor service_type="0x01" service_provider_name="" service_name="NHK総合1・熊本"/>
      <extended_broadcaster_descriptor broadcaster_type="0x01" terrestrial_broadcaster_id="0x7C71">
        <affiliation id="0x00"/>
        <affiliation id="0x01"/>
        <broadcaster original_network_id="0x0004" broadcaster_id="0x01"/>
      </extended_broadcaster_descriptor>
      <short_event_descriptor language_code="jpn">
        <event_name>ニュース🈔🈑</event_name>
        <text></text>
      </short_event_descriptor>
      <component_descriptor stream_content="0x01" stream_content_ext="0x0F" component_type="0x03" component_tag="0x00" language_code="jpn" text=""/>
      <audio_component_descriptor stream_content="0x02" component_type="0x02" component_tag="0x10" stream_type="0x0F" main_component="true" quality_indicator="2" sampling_rate="7" ISO_639_language_code="jpn" ISO_639_language_code_2="eng" text="日本語英語"/>
      <content_descriptor>
        <content content_nibble_level_1="0" content_nibble_level_2="0" user_byte="0xFF"/>
      </content_descriptor>
      <data_content_descriptor data_component_id="0x0008" entry_component="0x30" ISO_639_language_code="jpn" text="">
        <selector_bytes>
          01 13 6A 70 6E
        </selector_bytes>
      </data_content_descriptor>
    </service>
  </selection_information_table>
  <selection_information_table version="8" current="true">
    <metadata PID="31"/>
    <partial_transport_stream_descriptor peak_rate="0x0000EA60"/>
    <ISDB_network_identifier_descriptor country_code="JPN" media_type="TB" network_id="0x7C70"/>
    <TS_information_descriptor remote_control_key_id="0x01" ts_name="ＮＨＫ総合・熊本">
      <transmission_type transmission_type_info="0x0F">
        <service id="0xE000"/>
        <service id="0xE001"/>
        <service id="0xFFF0"/>
      </transmission_type>
      <transmission_type transmission_type_info="0xAF">
        <service id="0xE180"/>
      </transmission_type>
    </TS_information_descriptor>
    <service service_id="0xE000" running_status="undefined">
      <partialTS_time_descriptor event_version_number="61" event_start_time="2025-04-04 18:00:00" duration="00:10:00" other_descriptor_status="false" JST_time="2025-04-04 18:02:47"/>
      <generic_descriptor tag="0x85">
        7C 70 7C 70 06 B5 FF
      </generic_descriptor>
      <service_descriptor service_type="0x01" service_provider_name="" service_name="NHK総合1・熊本"/>
      <extended_broadcaster_descriptor broadcaster_type="0x01" terrestrial_broadcaster_id="0x7C71">
        <affiliation id="0x00"/>
        <affiliation id="0x01"/>
        <broadcaster original_network_id="0x0004" broadcaster_id="0x01"/>
      </extended_broadcaster_descriptor>
      <short_event_descriptor language_code="jpn">
        <event_name>ニュース🈔🈑</event_name>
        <text></text>
      </short_event_descriptor>
      <component_descriptor stream_content="0x01" stream_content_ext="0x0F" component_type="0x03" component_tag="0x00" language_code="jpn" text=""/>
      <audio_component_descriptor stream_content="0x02" component_type="0x02" component_tag="0x10" stream_type="0x0F" main_component="true" quality_indicator="2" sampling_rate="7" ISO_639_language_code="jpn" ISO_639_language_code_2="eng" text="日本語英語"/>
      <content_descriptor>
        <content content_nibble_level_1="0" content_nibble_level_2="0" user_byte="0xFF"/>
      </content_descriptor>
      <data_content_descriptor data_component_id="0x0008" entry_component="0x30" ISO_639_language_code="jpn" text="">
        <selector_bytes>
          01 13 6A 70 6E
        </selector_bytes>
      </data_content_descriptor>
    </service>
  </selection_information_table>
  <selection_information_table version="9" current="true">
    <metadata PID="31"/>
    <partial_transport_stream_descriptor peak_rate="0x0000EA60"/>
    <ISDB_network_identifier_descriptor country_code="JPN" media_type="TB" network_id="0x7C70"/>
    <TS_information_descriptor remote_control_key_id="0x01" ts_name="ＮＨＫ総合・熊本">
      <transmission_type transmission_type_info="0x0F">
        <service id="0xE000"/>
        <service id="0xE001"/>
        <service id="0xFFF0"/>
      </transmission_type>
      <transmission_type transmission_type_info="0xAF">
        <service id="0xE180"/>
      </transmission_type>
    </TS_information_descriptor>
    <service service_id="0xE000" running_status="undefined">
      <partialTS_time_descriptor event_version_number="61" event_start_time="2025-04-04 18:00:00" duration="00:10:00" other_descriptor_status="false" JST_time="2025-04-04 18:02:49"/>
      <generic_descriptor tag="0x85">
        7C 70 7C 70 06 B5 FF
      </generic_descriptor>
      <service_descriptor service_type="0x01" service_provider_name="" service_name="NHK総合1・熊本"/>
      <extended_broadcaster_descriptor broadcaster_type="0x01" terrestrial_broadcaster_id="0x7C71">
        <affiliation id="0x00"/>
        <affiliation id="0x01"/>
        <broadcaster original_network_id="0x0004" broadcaster_id="0x01"/>
      </extended_broadcaster_descriptor>
      <short_event_descriptor language_code="jpn">
        <event_name>ニュース🈔🈑</event_name>
        <text></text>
      </short_event_descriptor>
      <component_descriptor stream_content="0x01" stream_content_ext="0x0F" component_type="0x03" component_tag="0x00" language_code="jpn" text=""/>
      <audio_component_descriptor stream_content="0x02" component_type="0x02" component_tag="0x10" stream_type="0x0F" main_component="true" quality_indicator="2" sampling_rate="7" ISO_639_language_code="jpn" ISO_639_language_code_2="eng" text="日本語英語"/>
      <content_descriptor>
        <content content_nibble_level_1="0" content_nibble_level_2="0" user_byte="0xFF"/>
      </content_descriptor>
      <data_content_descriptor data_component_id="0x0008" entry_component="0x30" ISO_639_language_code="jpn" text="">
        <selector_bytes>
          01 13 6A 70 6E
        </selector_bytes>
      </data_content_descriptor>
    </service>
  </selection_information_table>
  <selection_information_table version="10" current="true">
    <metadata PID="31"/>
    <partial_transport_stream_descriptor peak_rate="0x0000EA60"/>
    <ISDB_network_identifier_descriptor country_code="JPN" media_type="TB" network_id="0x7C70"/>
    <TS_information_descriptor remote_control_key_id="0x01" ts_name="ＮＨＫ総合・熊本">
      <transmission_type transmission_type_info="0x0F">
        <service id="0xE000"/>
        <service id="0xE001"/>
        <service id="0xFFF0"/>
      </transmission_type>
      <transmission_type transmission_type_info="0xAF">
        <service id="0xE180"/>
      </transmission_type>
    </TS_information_descriptor>
    <service service_id="0xE000" running_status="undefined">
      <partialTS_time_descriptor event_version_number="61" event_start_time="2025-04-04 18:00:00" duration="00:10:00" other_descriptor_status="false" JST_time="2025-04-04 18:02:51"/>
      <generic_descriptor tag="0x85">
        7C 70 7C 70 06 B5 FF
      </generic_descriptor>
      <service_descriptor service_type="0x01" service_provider_name="" service_name="NHK総合1・熊本"/>
      <extended_broadcaster_descriptor broadcaster_type="0x01" terrestrial_broadcaster_id="0x7C71">
        <affiliation id="0x00"/>
        <affiliation id="0x01"/>
        <broadcaster original_network_id="0x0004" broadcaster_id="0x01"/>
      </extended_broadcaster_descriptor>
      <short_event_descriptor language_code="jpn">
        <event_name>ニュース🈔🈑</event_name>
        <text></text>
      </short_event_descriptor>
      <component_descriptor stream_content="0x01" stream_content_ext="0x0F" component_type="0x03" component_tag="0x00" language_code="jpn" text=""/>
      <audio_component_descriptor stream_content="0x02" component_type="0x02" component_tag="0x10" stream_type="0x0F" main_component="true" quality_indicator="2" sampling_rate="7" ISO_639_language_code="jpn" ISO_639_language_code_2="eng" text="日本語英語"/>
      <content_descriptor>
        <content content_nibble_level_1="0" content_nibble_level_2="0" user_byte="0xFF"/>
      </content_descriptor>
      <data_content_descriptor data_component_id="0x0008" entry_component="0x30" ISO_639_language_code="jpn" text="">
        <selector_bytes>
          01 13 6A 70 6E
        </selector_bytes>
      </data_content_descriptor>
    </service>
  </selection_information_table>
  <selection_information_table version="11" current="true">
    <metadata PID="31"/>
    <partial_transport_stream_descriptor peak_rate="0x0000EA60"/>
    <ISDB_network_identifier_descriptor country_code="JPN" media_type="TB" network_id="0x7C70"/>
    <TS_information_descriptor remote_control_key_id="0x01" ts_name="ＮＨＫ総合・熊本">
      <transmission_type transmission_type_info="0x0F">
        <service id="0xE000"/>
        <service id="0xE001"/>
        <service id="0xFFF0"/>
      </transmission_type>
      <transmission_type transmission_type_info="0xAF">
        <service id="0xE180"/>
      </transmission_type>
    </TS_information_descriptor>
    <service service_id="0xE000" running_status="undefined">
      <partialTS_time_descriptor event_version_number="61" event_start_time="2025-04-04 18:00:00" duration="00:10:00" other_descriptor_status="false" JST_time="2025-04-04 18:02:53"/>
      <generic_descriptor tag="0x85">
        7C 70 7C 70 06 B5 FF
      </generic_descriptor>
      <service_descriptor service_type="0x01" service_provider_name="" service_name="NHK総合1・熊本"/>
      <extended_broadcaster_descriptor broadcaster_type="0x01" terrestrial_broadcaster_id="0x7C71">
        <affiliation id="0x00"/>
        <affiliation id="0x01"/>
        <broadcaster original_network_id="0x0004" broadcaster_id="0x01"/>
      </extended_broadcaster_descriptor>
      <short_event_descriptor language_code="jpn">
        <event_name>ニュース🈔🈑</event_name>
        <text></text>
      </short_event_descriptor>
      <component_descriptor stream_content="0x01" stream_content_ext="0x0F" component_type="0x03" component_tag="0x00" language_code="jpn" text=""/>
      <audio_component_descriptor stream_content="0x02" component_type="0x02" component_tag="0x10" stream_type="0x0F" main_component="true" quality_indicator="2" sampling_rate="7" ISO_639_language_code="jpn" ISO_639_language_code_2="eng" text="日本語英語"/>
      <content_descriptor>
        <content content_nibble_level_1="0" content_nibble_level_2="0" user_byte="0xFF"/>
      </content_descriptor>
      <data_content_descriptor data_component_id="0x0008" entry_component="0x30" ISO_639_language_code="jpn" text="">
        <selector_bytes>
          01 13 6A 70 6E
        </selector_bytes>
      </data_content_descriptor>
    </service>
  </selection_information_table>
  <selection_information_table version="12" current="true">
    <metadata PID="31"/>
    <partial_transport_stream_descriptor peak_rate="0x0000EA60"/>
    <ISDB_network_identifier_descriptor country_code="JPN" media_type="TB" network_id="0x7C70"/>
    <TS_information_descriptor remote_control_key_id="0x01" ts_name="ＮＨＫ総合・熊本">
      <transmission_type transmission_type_info="0x0F">
        <service id="0xE000"/>
        <service id="0xE001"/>
        <service id="0xFFF0"/>
      </transmission_type>
      <transmission_type transmission_type_info="0xAF">
        <service id="0xE180"/>
      </transmission_type>
    </TS_information_descriptor>
    <service service_id="0xE000" running_status="undefined">
      <partialTS_time_descriptor event_version_number="61" event_start_time="2025-04-04 18:00:00" duration="00:10:00" other_descriptor_status="false" JST_time="2025-04-04 18:02:55"/>
      <generic_descriptor tag="0x85">
        7C 70 7C 70 06 B5 FF
      </generic_descriptor>
      <service_descriptor service_type="0x01" service_provider_name="" service_name="NHK総合1・熊本"/>
      <extended_broadcaster_descriptor broadcaster_type="0x01" terrestrial_broadcaster_id="0x7C71">
        <affiliation id="0x00"/>
        <affiliation id="0x01"/>
        <broadcaster original_network_id="0x0004" broadcaster_id="0x01"/>
      </extended_broadcaster_descriptor>
      <short_event_descriptor language_code="jpn">
        <event_name>ニュース🈔🈑</event_name>
        <text></text>
      </short_event_descriptor>
      <component_descriptor stream_content="0x01" stream_content_ext="0x0F" component_type="0x03" component_tag="0x00" language_code="jpn" text=""/>
      <audio_component_descriptor stream_content="0x02" component_type="0x02" component_tag="0x10" stream_type="0x0F" main_component="true" quality_indicator="2" sampling_rate="7" ISO_639_language_code="jpn" ISO_639_language_code_2="eng" text="日本語英語"/>
      <content_descriptor>
        <content content_nibble_level_1="0" content_nibble_level_2="0" user_byte="0xFF"/>
      </content_descriptor>
      <data_content_descriptor data_component_id="0x0008" entry_component="0x30" ISO_639_language_code="jpn" text="">
        <selector_bytes>
          01 13 6A 70 6E
        </selector_bytes>
      </data_content_descriptor>
    </service>
  </selection_information_table>
  <selection_information_table version="13" current="true">
    <metadata PID="31"/>
    <partial_transport_stream_descriptor peak_rate="0x0000EA60"/>
    <ISDB_network_identifier_descriptor country_code="JPN" media_type="TB" network_id="0x7C70"/>
    <TS_information_descriptor remote_control_key_id="0x01" ts_name="ＮＨＫ総合・熊本">
      <transmission_type transmission_type_info="0x0F">
        <service id="0xE000"/>
        <service id="0xE001"/>
        <service id="0xFFF0"/>
      </transmission_type>
      <transmission_type transmission_type_info="0xAF">
        <service id="0xE180"/>
      </transmission_type>
    </TS_information_descriptor>
    <service service_id="0xE000" running_status="undefined">
      <partialTS_time_descriptor event_version_number="61" event_start_time="2025-04-04 18:00:00" duration="00:10:00" other_descriptor_status="false" JST_time="2025-04-04 18:02:58"/>
      <generic_descriptor tag="0x85">
        7C 70 7C 70 06 B5 FF
      </generic_descriptor>
      <service_descriptor service_type="0x01" service_provider_name="" service_name="NHK総合1・熊本"/>
      <extended_broadcaster_descriptor broadcaster_type="0x01" terrestrial_broadcaster_id="0x7C71">
        <affiliation id="0x00"/>
        <affiliation id="0x01"/>
        <broadcaster original_network_id="0x0004" broadcaster_id="0x01"/>
      </extended_broadcaster_descriptor>
      <short_event_descriptor language_code="jpn">
        <event_name>ニュース🈔🈑</event_name>
        <text></text>
      </short_event_descriptor>
      <component_descriptor stream_content="0x01" stream_content_ext="0x0F" component_type="0x03" component_tag="0x00" language_code="jpn" text=""/>
      <audio_component_descriptor stream_content="0x02" component_type="0x02" component_tag="0x10" stream_type="0x0F" main_component="true" quality_indicator="2" sampling_rate="7" ISO_639_language_code="jpn" ISO_639_language_code_2="eng" text="日本語英語"/>
      <content_descriptor>
        <content content_nibble_level_1="0" content_nibble_level_2="0" user_byte="0xFF"/>
      </content_descriptor>
      <data_content_descriptor data_component_id="0x0008" entry_component="0x30" ISO_639_language_code="jpn" text="">
        <selector_bytes>
          01 13 6A 70 6E
        </selector_bytes>
      </data_content_descriptor>
    </service>
  </selection_information_table>
  <selection_information_table version="14" current="true">
    <metadata PID="31"/>
    <partial_transport_stream_descriptor peak_rate="0x0000EA60"/>
    <ISDB_network_identifier_descriptor country_code="JPN" media_type="TB" network_id="0x7C70"/>
    <TS_information_descriptor remote_control_key_id="0x01" ts_name="ＮＨＫ総合・熊本">
      <transmission_type transmission_type_info="0x0F">
        <service id="0xE000"/>
        <service id="0xE001"/>
        <service id="0xFFF0"/>
      </transmission_type>
      <transmission_type transmission_type_info="0xAF">
        <service id="0xE180"/>
      </transmission_type>
    </TS_information_descriptor>
    <service service_id="0xE000" running_status="undefined">
      <partialTS_time_descriptor event_version_number="61" event_start_time="2025-04-04 18:00:00" duration="00:10:00" other_descriptor_status="false" JST_time="2025-04-04 18:03:00"/>
      <generic_descriptor tag="0x85">
        7C 70 7C 70 06 B5 FF
      </generic_descriptor>
      <service_descriptor service_type="0x01" service_provider_name="" service_name="NHK総合1・熊本"/>
      <extended_broadcaster_descriptor broadcaster_type="0x01" terrestrial_broadcaster_id="0x7C71">
        <affiliation id="0x00"/>
        <affiliation id="0x01"/>
        <broadcaster original_network_id="0x0004" broadcaster_id="0x01"/>
      </extended_broadcaster_descriptor>
      <short_event_descriptor language_code="jpn">
        <event_name>ニュース🈔🈑</event_name>
        <text></text>
      </short_event_descriptor>
      <component_descriptor stream_content="0x01" stream_content_ext="0x0F" component_type="0x03" component_tag="0x00" language_code="jpn" text=""/>
      <audio_component_descriptor stream_content="0x02" component_type="0x02" component_tag="0x10" stream_type="0x0F" main_component="true" quality_indicator="2" sampling_rate="7" ISO_639_language_code="jpn" ISO_639_language_code_2="eng" text="日本語英語"/>
      <content_descriptor>
        <content content_nibble_level_1="0" content_nibble_level_2="0" user_byte="0xFF"/>
      </content_descriptor>
      <data_content_descriptor data_component_id="0x0008" entry_component="0x30" ISO_639_language_code="jpn" text="">
        <selector_bytes>
          01 13 6A 70 6E
        </selector_bytes>
      </data_content_descriptor>
    </service>
  </selection_information_table>
  <selection_information_table version="15" current="true">
    <metadata PID="31"/>
    <partial_transport_stream_descriptor peak_rate="0x0000EA60"/>
    <ISDB_network_identifier_descriptor country_code="JPN" media_type="TB" network_id="0x7C70"/>
    <TS_information_descriptor remote_control_key_id="0x01" ts_name="ＮＨＫ総合・熊本">
      <transmission_type transmission_type_info="0x0F">
        <service id="0xE000"/>
        <service id="0xE001"/>
        <service id="0xFFF0"/>
      </transmission_type>
      <transmission_type transmission_type_info="0xAF">
        <service id="0xE180"/>
      </transmission_type>
    </TS_information_descriptor>
    <service service_id="0xE000" running_status="undefined">
      <partialTS_time_descriptor event_version_number="61" event_start_time="2025-04-04 18:00:00" duration="00:10:00" other_descriptor_status="false" JST_time="2025-04-04 18:03:02"/>
      <generic_descriptor tag="0x85">
        7C 70 7C 70 06 B5 FF
      </generic_descriptor>
      <service_descriptor service_type="0x01" service_provider_name="" service_name="NHK総合1・熊本"/>
      <extended_broadcaster_descriptor broadcaster_type="0x01" terrestrial_broadcaster_id="0x7C71">
        <affiliation id="0x00"/>
        <affiliation id="0x01"/>
        <broadcaster original_network_id="0x0004" broadcaster_id="0x01"/>
      </extended_broadcaster_descriptor>
      <short_event_descriptor language_code="jpn">
        <event_name>ニュース🈔🈑</event_name>
        <text></text>
      </short_event_descriptor>
      <component_descriptor stream_content="0x01" stream_content_ext="0x0F" component_type="0x03" component_tag="0x00" language_code="jpn" text=""/>
      <audio_component_descriptor stream_content="0x02" component_type="0x02" component_tag="0x10" stream_type="0x0F" main_component="true" quality_indicator="2" sampling_rate="7" ISO_639_language_code="jpn" ISO_639_language_code_2="eng" text="日本語英語"/>
      <content_descriptor>
        <content content_nibble_level_1="0" content_nibble_level_2="0" user_byte="0xFF"/>
      </content_descriptor>
      <data_content_descriptor data_component_id="0x0008" entry_component="0x30" ISO_639_language_code="jpn" text="">
        <selector_bytes>
          01 13 6A 70 6E
        </selector_bytes>
      </data_content_descriptor>
    </service>
  </selection_information_table>
  <selection_information_table version="16" current="true">
    <metadata PID="31"/>
    <partial_transport_stream_descriptor peak_rate="0x0000EA60"/>
    <ISDB_network_identifier_descriptor country_code="JPN" media_type="TB" network_id="0x7C70"/>
    <TS_information_descriptor remote_control_key_id="0x01" ts_name="ＮＨＫ総合・熊本">
      <transmission_type transmission_type_info="0x0F">
        <service id="0xE000"/>
        <service id="0xE001"/>
        <service id="0xFFF0"/>
      </transmission_type>
      <transmission_type transmission_type_info="0xAF">
        <service id="0xE180"/>
      </transmission_type>
    </TS_information_descriptor>
    <service service_id="0xE000" running_status="undefined">
      <partialTS_time_descriptor event_version_number="61" event_start_time="2025-04-04 18:00:00" duration="00:10:00" other_descriptor_status="false" JST_time="2025-04-04 18:03:04"/>
      <generic_descriptor tag="0x85">
        7C 70 7C 70 06 B5 FF
      </generic_descriptor>
      <service_descriptor service_type="0x01" service_provider_name="" service_name="NHK総合1・熊本"/>
      <extended_broadcaster_descriptor broadcaster_type="0x01" terrestrial_broadcaster_id="0x7C71">
        <affiliation id="0x00"/>
        <affiliation id="0x01"/>
        <broadcaster original_network_id="0x0004" broadcaster_id="0x01"/>
      </extended_broadcaster_descriptor>
      <short_event_descriptor language_code="jpn">
        <event_name>ニュース🈔🈑</event_name>
        <text></text>
      </short_event_descriptor>
      <component_descriptor stream_content="0x01" stream_content_ext="0x0F" component_type="0x03" component_tag="0x00" language_code="jpn" text=""/>
      <audio_component_descriptor stream_content="0x02" component_type="0x02" component_tag="0x10" stream_type="0x0F" main_component="true" quality_indicator="2" sampling_rate="7" ISO_639_language_code="jpn" ISO_639_language_code_2="eng" text="日本語英語"/>
      <content_descriptor>
        <content content_nibble_level_1="0" content_nibble_level_2="0" user_byte="0xFF"/>
      </content_descriptor>
      <data_content_descriptor data_component_id="0x0008" entry_component="0x30" ISO_639_language_code="jpn" text="">
        <selector_bytes>
          01 13 6A 70 6E
        </selector_bytes>
      </data_content_descriptor>
    </service>
  </selection_information_table>
  <selection_information_table version="17" current="true">
    <metadata PID="31"/>
    <partial_transport_stream_descriptor peak_rate="0x0000EA60"/>
    <ISDB_network_identifier_descriptor country_code="JPN" media_type="TB" network_id="0x7C70"/>
    <TS_information_descriptor remote_control_key_id="0x01" ts_name="ＮＨＫ総合・熊本">
      <transmission_type transmission_type_info="0x0F">
        <service id="0xE000"/>
        <service id="0xE001"/>
        <service id="0xFFF0"/>
      </transmission_type>
      <transmission_type transmission_type_info="0xAF">
        <service id="0xE180"/>
      </transmission_type>
    </TS_information_descriptor>
    <service service_id="0xE000" running_status="undefined">
      <partialTS_time_descriptor event_version_number="61" event_start_time="2025-04-04 18:00:00" duration="00:10:00" other_descriptor_status="false" JST_time="2025-04-04 18:03:06"/>
      <generic_descriptor tag="0x85">
        7C 70 7C 70 06 B5 FF
      </generic_descriptor>
      <service_descriptor service_type="0x01" service_provider_name="" service_name="NHK総合1・熊本"/>
      <extended_broadcaster_descriptor broadcaster_type="0x01" terrestrial_broadcaster_id="0x7C71">
        <affiliation id="0x00"/>
        <affiliation id="0x01"/>
        <broadcaster original_network_id="0x0004" broadcaster_id="0x01"/>
      </extended_broadcaster_descriptor>
      <short_event_descriptor language_code="jpn">
        <event_name>ニュース🈔🈑</event_name>
        <text></text>
      </short_event_descriptor>
      <component_descriptor stream_content="0x01" stream_content_ext="0x0F" component_type="0x03" component_tag="0x00" language_code="jpn" text=""/>
      <audio_component_descriptor stream_content="0x02" component_type="0x02" component_tag="0x10" stream_type="0x0F" main_component="true" quality_indicator="2" sampling_rate="7" ISO_639_language_code="jpn" ISO_639_language_code_2="eng" text="日本語英語"/>
      <content_descriptor>
        <content content_nibble_level_1="0" content_nibble_level_2="0" user_byte="0xFF"/>
      </content_descriptor>
      <data_content_descriptor data_component_id="0x0008" entry_component="0x30" ISO_639_language_code="jpn" text="">
        <selector_bytes>
          01 13 6A 70 6E
        </selector_bytes>
      </data_content_descriptor>
    </service>
  </selection_information_table>
  <selection_information_table version="18" current="true">
    <metadata PID="31"/>
    <partial_transport_stream_descriptor peak_rate="0x0000EA60"/>
    <ISDB_network_identifier_descriptor country_code="JPN" media_type="TB" network_id="0x7C70"/>
    <TS_information_descriptor remote_control_key_id="0x01" ts_name="ＮＨＫ総合・熊本">
      <transmission_type transmission_type_info="0x0F">
        <service id="0xE000"/>
        <service id="0xE001"/>
        <service id="0xFFF0"/>
      </transmission_type>
      <transmission_type transmission_type_info="0xAF">
        <service id="0xE180"/>
      </transmission_type>
    </TS_information_descriptor>
    <service service_id="0xE000" running_status="undefined">
      <partialTS_time_descriptor event_version_number="61" event_start_time="2025-04-04 18:00:00" duration="00:10:00" other_descriptor_status="false" JST_time="2025-04-04 18:03:08"/>
      <generic_descriptor tag="0x85">
        7C 70 7C 70 06 B5 FF
      </generic_descriptor>
      <service_descriptor service_type="0x01" service_provider_name="" service_name="NHK総合1・熊本"/>
      <extended_broadcaster_descriptor broadcaster_type="0x01" terrestrial_broadcaster_id="0x7C71">
        <affiliation id="0x00"/>
        <affiliation id="0x01"/>
        <broadcaster original_network_id="0x0004" broadcaster_id="0x01"/>
      </extended_broadcaster_descriptor>
      <short_event_descriptor language_code="jpn">
        <event_name>ニュース🈔🈑</event_name>
        <text></text>
      </short_event_descriptor>
      <component_descriptor stream_content="0x01" stream_content_ext="0x0F" component_type="0x03" component_tag="0x00" language_code="jpn" text=""/>
      <audio_component_descriptor stream_content="0x02" component_type="0x02" component_tag="0x10" stream_type="0x0F" main_component="true" quality_indicator="2" sampling_rate="7" ISO_639_language_code="jpn" ISO_639_language_code_2="eng" text="日本語英語"/>
      <content_descriptor>
        <content content_nibble_level_1="0" content_nibble_level_2="0" user_byte="0xFF"/>
      </content_descriptor>
      <data_content_descriptor data_component_id="0x0008" entry_component="0x30" ISO_639_language_code="jpn" text="">
        <selector_bytes>
          01 13 6A 70 6E
        </selector_bytes>
      </data_content_descriptor>
    </service>
  </selection_information_table>
  <selection_information_table version="19" current="true">
    <metadata PID="31"/>
    <partial_transport_stream_descriptor peak_rate="0x0000EA60"/>
    <ISDB_network_identifier_descriptor country_code="JPN" media_type="TB" network_id="0x7C70"/>
    <TS_information_descriptor remote_control_key_id="0x01" ts_name="ＮＨＫ総合・熊本">
      <transmission_type transmission_type_info="0x0F">
        <service id="0xE000"/>
        <service id="0xE001"/>
        <service id="0xFFF0"/>
      </transmission_type>
      <transmission_type transmission_type_info="0xAF">
        <service id="0xE180"/>
      </transmission_type>
    </TS_information_descriptor>
    <service service_id="0xE000" running_status="undefined">
      <partialTS_time_descriptor event_version_number="61" event_start_time="2025-04-04 18:00:00" duration="00:10:00" other_descriptor_status="false" JST_time="2025-04-04 18:03:10"/>
      <generic_descriptor tag="0x85">
        7C 70 7C 70 06 B5 FF
      </generic_descriptor>
      <service_descriptor service_type="0x01" service_provider_name="" service_name="NHK総合1・熊本"/>
      <extended_broadcaster_descriptor broadcaster_type="0x01" terrestrial_broadcaster_id="0x7C71">
        <affiliation id="0x00"/>
        <affiliation id="0x01"/>
        <broadcaster original_network_id="0x0004" broadcaster_id="0x01"/>
      </extended_broadcaster_descriptor>
      <short_event_descriptor language_code="jpn">
        <event_name>ニュース🈔🈑</event_name>
        <text></text>
      </short_event_descriptor>
      <component_descriptor stream_content="0x01" stream_content_ext="0x0F" component_type="0x03" component_tag="0x00" language_code="jpn" text=""/>
      <audio_component_descriptor stream_content="0x02" component_type="0x02" component_tag="0x10" stream_type="0x0F" main_component="true" quality_indicator="2" sampling_rate="7" ISO_639_language_code="jpn" ISO_639_language_code_2="eng" text="日本語英語"/>
      <content_descriptor>
        <content content_nibble_level_1="0" content_nibble_level_2="0" user_byte="0xFF"/>
      </content_descriptor>
      <data_content_descriptor data_component_id="0x0008" entry_component="0x30" ISO_639_language_code="jpn" text="">
        <selector_bytes>
          01 13 6A 70 6E
        </selector_bytes>
      </data_content_descriptor>
    </service>
  </selection_information_table>
  <selection_information_table version="20" current="true">
    <metadata PID="31"/>
    <partial_transport_stream_descriptor peak_rate="0x0000EA60"/>
    <ISDB_network_identifier_descriptor country_code="JPN" media_type="TB" network_id="0x7C70"/>
    <TS_information_descriptor remote_control_key_id="0x01" ts_name="ＮＨＫ総合・熊本">
      <transmission_type transmission_type_info="0x0F">
        <service id="0xE000"/>
        <service id="0xE001"/>
        <service id="0xFFF0"/>
      </transmission_type>
      <transmission_type transmission_type_info="0xAF">
        <service id="0xE180"/>
      </transmission_type>
    </TS_information_descriptor>
    <service service_id="0xE000" running_status="undefined">
      <partialTS_time_descriptor event_version_number="61" event_start_time="2025-04-04 18:00:00" duration="00:10:00" other_descriptor_status="false" JST_time="2025-04-04 18:03:12"/>
      <generic_descriptor tag="0x85">
        7C 70 7C 70 06 B5 FF
      </generic_descriptor>
      <service_descriptor service_type="0x01" service_provider_name="" service_name="NHK総合1・熊本"/>
      <extended_broadcaster_descriptor broadcaster_type="0x01" terrestrial_broadcaster_id="0x7C71">
        <affiliation id="0x00"/>
        <affiliation id="0x01"/>
        <broadcaster original_network_id="0x0004" broadcaster_id="0x01"/>
      </extended_broadcaster_descriptor>
      <short_event_descriptor language_code="jpn">
        <event_name>ニュース🈔🈑</event_name>
        <text></text>
      </short_event_descriptor>
      <component_descriptor stream_content="0x01" stream_content_ext="0x0F" component_type="0x03" component_tag="0x00" language_code="jpn" text=""/>
      <audio_component_descriptor stream_content="0x02" component_type="0x02" component_tag="0x10" stream_type="0x0F" main_component="true" quality_indicator="2" sampling_rate="7" ISO_639_language_code="jpn" ISO_639_language_code_2="eng" text="日本語英語"/>
      <content_descriptor>
        <content content_nibble_level_1="0" content_nibble_level_2="0" user_byte="0xFF"/>
      </content_descriptor>
      <data_content_descriptor data_component_id="0x0008" entry_component="0x30" ISO_639_language_code="jpn" text="">
        <selector_bytes>
          01 13 6A 70 6E
        </selector_bytes>
      </data_content_descriptor>
    </service>
  </selection_information_table>
  <selection_information_table version="21" current="true">
    <metadata PID="31"/>
    <partial_transport_stream_descriptor peak_rate="0x0000EA60"/>
    <ISDB_network_identifier_descriptor country_code="JPN" media_type="TB" network_id="0x7C70"/>
    <TS_information_descriptor remote_control_key_id="0x01" ts_name="ＮＨＫ総合・熊本">
      <transmission_type transmission_type_info="0x0F">
        <service id="0xE000"/>
        <service id="0xE001"/>
        <service id="0xFFF0"/>
      </transmission_type>
      <transmission_type transmission_type_info="0xAF">
        <service id="0xE180"/>
      </transmission_type>
    </TS_information_descriptor>
    <service service_id="0xE000" running_status="undefined">
      <partialTS_time_descriptor event_version_number="61" event_start_time="2025-04-04 18:00:00" duration="00:10:00" other_descriptor_status="false" JST_time="2025-04-04 18:03:14"/>
      <generic_descriptor tag="0x85">
        7C 70 7C 70 06 B5 FF
      </generic_descriptor>
      <service_descriptor service_type="0x01" service_provider_name="" service_name="NHK総合1・熊本"/>
      <extended_broadcaster_descriptor broadcaster_type="0x01" terrestrial_broadcaster_id="0x7C71">
        <affiliation id="0x00"/>
        <affiliation id="0x01"/>
        <broadcaster original_network_id="0x0004" broadcaster_id="0x01"/>
      </extended_broadcaster_descriptor>
      <short_event_descriptor language_code="jpn">
        <event_name>ニュース🈔🈑</event_name>
        <text></text>
      </short_event_descriptor>
      <component_descriptor stream_content="0x01" stream_content_ext="0x0F" component_type="0x03" component_tag="0x00" language_code="jpn" text=""/>
      <audio_component_descriptor stream_content="0x02" component_type="0x02" component_tag="0x10" stream_type="0x0F" main_component="true" quality_indicator="2" sampling_rate="7" ISO_639_language_code="jpn" ISO_639_language_code_2="eng" text="日本語英語"/>
      <content_descriptor>
        <content content_nibble_level_1="0" content_nibble_level_2="0" user_byte="0xFF"/>
      </content_descriptor>
      <data_content_descriptor data_component_id="0x0008" entry_component="0x30" ISO_639_language_code="jpn" text="">
        <selector_bytes>
          01 13 6A 70 6E
        </selector_bytes>
      </data_content_descriptor>
    </service>
  </selection_information_table>
  <selection_information_table version="22" current="true">
    <metadata PID="31"/>
    <partial_transport_stream_descriptor peak_rate="0x0000EA60"/>
    <ISDB_network_identifier_descriptor country_code="JPN" media_type="TB" network_id="0x7C70"/>
    <TS_information_descriptor remote_control_key_id="0x01" ts_name="ＮＨＫ総合・熊本">
      <transmission_type transmission_type_info="0x0F">
        <service id="0xE000"/>
        <service id="0xE001"/>
        <service id="0xFFF0"/>
      </transmission_type>
      <transmission_type transmission_type_info="0xAF">
        <service id="0xE180"/>
      </transmission_type>
    </TS_information_descriptor>
    <service service_id="0xE000" running_status="undefined">
      <partialTS_time_descriptor event_version_number="61" event_start_time="2025-04-04 18:00:00" duration="00:10:00" other_descriptor_status="false" JST_time="2025-04-04 18:03:16"/>
      <generic_descriptor tag="0x85">
        7C 70 7C 70 06 B5 FF
      </generic_descriptor>
      <service_descriptor service_type="0x01" service_provider_name="" service_name="NHK総合1・熊本"/>
      <extended_broadcaster_descriptor broadcaster_type="0x01" terrestrial_broadcaster_id="0x7C71">
        <affiliation id="0x00"/>
        <affiliation id="0x01"/>
        <broadcaster original_network_id="0x0004" broadcaster_id="0x01"/>
      </extended_broadcaster_descriptor>
      <short_event_descriptor language_code="jpn">
        <event_name>ニュース🈔🈑</event_name>
        <text></text>
      </short_event_descriptor>
      <component_descriptor stream_content="0x01" stream_content_ext="0x0F" component_type="0x03" component_tag="0x00" language_code="jpn" text=""/>
      <audio_component_descriptor stream_content="0x02" component_type="0x02" component_tag="0x10" stream_type="0x0F" main_component="true" quality_indicator="2" sampling_rate="7" ISO_639_language_code="jpn" ISO_639_language_code_2="eng" text="日本語英語"/>
      <content_descriptor>
        <content content_nibble_level_1="0" content_nibble_level_2="0" user_byte="0xFF"/>
      </content_descriptor>
      <data_content_descriptor data_component_id="0x0008" entry_component="0x30" ISO_639_language_code="jpn" text="">
        <selector_bytes>
          01 13 6A 70 6E
        </selector_bytes>
      </data_content_descriptor>
    </service>
  </selection_information_table>
  <selection_information_table version="23" current="true">
    <metadata PID="31"/>
    <partial_transport_stream_descriptor peak_rate="0x0000EA60"/>
    <ISDB_network_identifier_descriptor country_code="JPN" media_type="TB" network_id="0x7C70"/>
    <TS_information_descriptor remote_control_key_id="0x01" ts_name="ＮＨＫ総合・熊本">
      <transmission_type transmission_type_info="0x0F">
        <service id="0xE000"/>
        <service id="0xE001"/>
        <service id="0xFFF0"/>
      </transmission_type>
      <transmission_type transmission_type_info="0xAF">
        <service id="0xE180"/>
      </transmission_type>
    </TS_information_descriptor>
    <service service_id="0xE000" running_status="undefined">
      <partialTS_time_descriptor event_version_number="61" event_start_time="2025-04-04 18:00:00" duration="00:10:00" other_descriptor_status="false" JST_time="2025-04-04 18:03:19"/>
      <generic_descriptor tag="0x85">
        7C 70 7C 70 06 B5 FF
      </generic_descriptor>
      <service_descriptor service_type="0x01" service_provider_name="" service_name="NHK総合1・熊本"/>
      <extended_broadcaster_descriptor broadcaster_type="0x01" terrestrial_broadcaster_id="0x7C71">
        <affiliation id="0x00"/>
        <affiliation id="0x01"/>
        <broadcaster original_network_id="0x0004" broadcaster_id="0x01"/>
      </extended_broadcaster_descriptor>
      <short_event_descriptor language_code="jpn">
        <event_name>ニュース🈔🈑</event_name>
        <text></text>
      </short_event_descriptor>
      <component_descriptor stream_content="0x01" stream_content_ext="0x0F" component_type="0x03" component_tag="0x00" language_code="jpn" text=""/>
      <audio_component_descriptor stream_content="0x02" component_type="0x02" component_tag="0x10" stream_type="0x0F" main_component="true" quality_indicator="2" sampling_rate="7" ISO_639_language_code="jpn" ISO_639_language_code_2="eng" text="日本語英語"/>
      <content_descriptor>
        <content content_nibble_level_1="0" content_nibble_level_2="0" user_byte="0xFF"/>
      </content_descriptor>
      <data_content_descriptor data_component_id="0x0008" entry_component="0x30" ISO_639_language_code="jpn" text="">
        <selector_bytes>
          01 13 6A 70 6E
        </selector_bytes>
      </data_content_descriptor>
    </service>
  </selection_information_table>
  <selection_information_table version="24" current="true">
    <metadata PID="31"/>
    <partial_transport_stream_descriptor peak_rate="0x0000EA60"/>
    <ISDB_network_identifier_descriptor country_code="JPN" media_type="TB" network_id="0x7C70"/>
    <TS_information_descriptor remote_control_key_id="0x01" ts_name="ＮＨＫ総合・熊本">
      <transmission_type transmission_type_info="0x0F">
        <service id="0xE000"/>
        <service id="0xE001"/>
        <service id="0xFFF0"/>
      </transmission_type>
      <transmission_type transmission_type_info="0xAF">
        <service id="0xE180"/>
      </transmission_type>
    </TS_information_descriptor>
    <service service_id="0xE000" running_status="undefined">
      <partialTS_time_descriptor event_version_number="61" event_start_time="2025-04-04 18:00:00" duration="00:10:00" other_descriptor_status="false" JST_time="2025-04-04 18:03:21"/>
      <generic_descriptor tag="0x85">
        7C 70 7C 70 06 B5 FF
      </generic_descriptor>
      <service_descriptor service_type="0x01" service_provider_name="" service_name="NHK総合1・熊本"/>
      <extended_broadcaster_descriptor broadcaster_type="0x01" terrestrial_broadcaster_id="0x7C71">
        <affiliation id="0x00"/>
        <affiliation id="0x01"/>
        <broadcaster original_network_id="0x0004" broadcaster_id="0x01"/>
      </extended_broadcaster_descriptor>
      <short_event_descriptor language_code="jpn">
        <event_name>ニュース🈔🈑</event_name>
        <text></text>
      </short_event_descriptor>
      <component_descriptor stream_content="0x01" stream_content_ext="0x0F" component_type="0x03" component_tag="0x00" language_code="jpn" text=""/>
      <audio_component_descriptor stream_content="0x02" component_type="0x02" component_tag="0x10" stream_type="0x0F" main_component="true" quality_indicator="2" sampling_rate="7" ISO_639_language_code="jpn" ISO_639_language_code_2="eng" text="日本語英語"/>
      <content_descriptor>
        <content content_nibble_level_1="0" content_nibble_level_2="0" user_byte="0xFF"/>
      </content_descriptor>
      <data_content_descriptor data_component_id="0x0008" entry_component="0x30" ISO_639_language_code="jpn" text="">
        <selector_bytes>
          01 13 6A 70 6E
        </selector_bytes>
      </data_content_descriptor>
    </service>
  </selection_information_table>
  <selection_information_table version="25" current="true">
    <metadata PID="31"/>
    <partial_transport_stream_descriptor peak_rate="0x0000EA60"/>
    <ISDB_network_identifier_descriptor country_code="JPN" media_type="TB" network_id="0x7C70"/>
    <TS_information_descriptor remote_control_key_id="0x01" ts_name="ＮＨＫ総合・熊本">
      <transmission_type transmission_type_info="0x0F">
        <service id="0xE000"/>
        <service id="0xE001"/>
        <service id="0xFFF0"/>
      </transmission_type>
      <transmission_type transmission_type_info="0xAF">
        <service id="0xE180"/>
      </transmission_type>
    </TS_information_descriptor>
    <service service_id="0xE000" running_status="undefined">
      <partialTS_time_descriptor event_version_number="61" event_start_time="2025-04-04 18:00:00" duration="00:10:00" other_descriptor_status="false" JST_time="2025-04-04 18:03:23"/>
      <generic_descriptor tag="0x85">
        7C 70 7C 70 06 B5 FF
      </generic_descriptor>
      <service_descriptor service_type="0x01" service_provider_name="" service_name="NHK総合1・熊本"/>
      <extended_broadcaster_descriptor broadcaster_type="0x01" terrestrial_broadcaster_id="0x7C71">
        <affiliation id="0x00"/>
        <affiliation id="0x01"/>
        <broadcaster original_network_id="0x0004" broadcaster_id="0x01"/>
      </extended_broadcaster_descriptor>
      <short_event_descriptor language_code="jpn">
        <event_name>ニュース🈔🈑</event_name>
        <text></text>
      </short_event_descriptor>
      <component_descriptor stream_content="0x01" stream_content_ext="0x0F" component_type="0x03" component_tag="0x00" language_code="jpn" text=""/>
      <audio_component_descriptor stream_content="0x02" component_type="0x02" component_tag="0x10" stream_type="0x0F" main_component="true" quality_indicator="2" sampling_rate="7" ISO_639_language_code="jpn" ISO_639_language_code_2="eng" text="日本語英語"/>
      <content_descriptor>
        <content content_nibble_level_1="0" content_nibble_level_2="0" user_byte="0xFF"/>
      </content_descriptor>
      <data_content_descriptor data_component_id="0x0008" entry_component="0x30" ISO_639_language_code="jpn" text="">
        <selector_bytes>
          01 13 6A 70 6E
        </selector_bytes>
      </data_content_descriptor>
    </service>
  </selection_information_table>
  <selection_information_table version="26" current="true">
    <metadata PID="31"/>
    <partial_transport_stream_descriptor peak_rate="0x0000EA60"/>
    <ISDB_network_identifier_descriptor country_code="JPN" media_type="TB" network_id="0x7C70"/>
    <TS_information_descriptor remote_control_key_id="0x01" ts_name="ＮＨＫ総合・熊本">
      <transmission_type transmission_type_info="0x0F">
        <service id="0xE000"/>
        <service id="0xE001"/>
        <service id="0xFFF0"/>
      </transmission_type>
      <transmission_type transmission_type_info="0xAF">
        <service id="0xE180"/>
      </transmission_type>
    </TS_information_descriptor>
    <service service_id="0xE000" running_status="undefined">
      <partialTS_time_descriptor event_version_number="61" event_start_time="2025-04-04 18:00:00" duration="00:10:00" other_descriptor_status="false" JST_time="2025-04-04 18:03:25"/>
      <generic_descriptor tag="0x85">
        7C 70 7C 70 06 B5 FF
      </generic_descriptor>
      <service_descriptor service_type="0x01" service_provider_name="" service_name="NHK総合1・熊本"/>
      <extended_broadcaster_descriptor broadcaster_type="0x01" terrestrial_broadcaster_id="0x7C71">
        <affiliation id="0x00"/>
        <affiliation id="0x01"/>
        <broadcaster original_network_id="0x0004" broadcaster_id="0x01"/>
      </extended_broadcaster_descriptor>
      <short_event_descriptor language_code="jpn">
        <event_name>ニュース🈔🈑</event_name>
        <text></text>
      </short_event_descriptor>
      <component_descriptor stream_content="0x01" stream_content_ext="0x0F" component_type="0x03" component_tag="0x00" language_code="jpn" text=""/>
      <audio_component_descriptor stream_content="0x02" component_type="0x02" component_tag="0x10" stream_type="0x0F" main_component="true" quality_indicator="2" sampling_rate="7" ISO_639_language_code="jpn" ISO_639_language_code_2="eng" text="日本語英語"/>
      <content_descriptor>
        <content content_nibble_level_1="0" content_nibble_level_2="0" user_byte="0xFF"/>
      </content_descriptor>
      <data_content_descriptor data_component_id="0x0008" entry_component="0x30" ISO_639_language_code="jpn" text="">
        <selector_bytes>
          01 13 6A 70 6E
        </selector_bytes>
      </data_content_descriptor>
    </service>
  </selection_information_table>
  <selection_information_table version="27" current="true">
    <metadata PID="31"/>
    <partial_transport_stream_descriptor peak_rate="0x0000EA60"/>
    <ISDB_network_identifier_descriptor country_code="JPN" media_type="TB" network_id="0x7C70"/>
    <TS_information_descriptor remote_control_key_id="0x01" ts_name="ＮＨＫ総合・熊本">
      <transmission_type transmission_type_info="0x0F">
        <service id="0xE000"/>
        <service id="0xE001"/>
        <service id="0xFFF0"/>
      </transmission_type>
      <transmission_type transmission_type_info="0xAF">
        <service id="0xE180"/>
      </transmission_type>
    </TS_information_descriptor>
    <service service_id="0xE000" running_status="undefined">
      <partialTS_time_descriptor event_version_number="61" event_start_time="2025-04-04 18:00:00" duration="00:10:00" other_descriptor_status="false" JST_time="2025-04-04 18:03:27"/>
      <generic_descriptor tag="0x85">
        7C 70 7C 70 06 B5 FF
      </generic_descriptor>
      <service_descriptor service_type="0x01" service_provider_name="" service_name="NHK総合1・熊本"/>
      <extended_broadcaster_descriptor broadcaster_type="0x01" terrestrial_broadcaster_id="0x7C71">
        <affiliation id="0x00"/>
        <affiliation id="0x01"/>
        <broadcaster original_network_id="0x0004" broadcaster_id="0x01"/>
      </extended_broadcaster_descriptor>
      <short_event_descriptor language_code="jpn">
        <event_name>ニュース🈔🈑</event_name>
        <text></text>
      </short_event_descriptor>
      <component_descriptor stream_content="0x01" stream_content_ext="0x0F" component_type="0x03" component_tag="0x00" language_code="jpn" text=""/>
      <audio_component_descriptor stream_content="0x02" component_type="0x02" component_tag="0x10" stream_type="0x0F" main_component="true" quality_indicator="2" sampling_rate="7" ISO_639_language_code="jpn" ISO_639_language_code_2="eng" text="日本語英語"/>
      <content_descriptor>
        <content content_nibble_level_1="0" content_nibble_level_2="0" user_byte="0xFF"/>
      </content_descriptor>
      <data_content_descriptor data_component_id="0x0008" entry_component="0x30" ISO_639_language_code="jpn" text="">
        <selector_bytes>
          01 13 6A 70 6E
        </selector_bytes>
      </data_content_descriptor>
    </service>
  </selection_information_table>
  <selection_information_table version="28" current="true">
    <metadata PID="31"/>
    <partial_transport_stream_descriptor peak_rate="0x0000EA60"/>
    <ISDB_network_identifier_descriptor country_code="JPN" media_type="TB" network_id="0x7C70"/>
    <TS_information_descriptor remote_control_key_id="0x01" ts_name="ＮＨＫ総合・熊本">
      <transmission_type transmission_type_info="0x0F">
        <service id="0xE000"/>
        <service id="0xE001"/>
        <service id="0xFFF0"/>
      </transmission_type>
      <transmission_type transmission_type_info="0xAF">
        <service id="0xE180"/>
      </transmission_type>
    </TS_information_descriptor>
    <service service_id="0xE000" running_status="undefined">
      <partialTS_time_descriptor event_version_number="61" event_start_time="2025-04-04 18:00:00" duration="00:10:00" other_descriptor_status="false" JST_time="2025-04-04 18:03:29"/>
      <generic_descriptor tag="0x85">
        7C 70 7C 70 06 B5 FF
      </generic_descriptor>
      <service_descriptor service_type="0x01" service_provider_name="" service_name="NHK総合1・熊本"/>
      <extended_broadcaster_descriptor broadcaster_type="0x01" terrestrial_broadcaster_id="0x7C71">
        <affiliation id="0x00"/>
        <affiliation id="0x01"/>
        <broadcaster original_network_id="0x0004" broadcaster_id="0x01"/>
      </extended_broadcaster_descriptor>
      <short_event_descriptor language_code="jpn">
        <event_name>ニュース🈔🈑</event_name>
        <text></text>
      </short_event_descriptor>
      <component_descriptor stream_content="0x01" stream_content_ext="0x0F" component_type="0x03" component_tag="0x00" language_code="jpn" text=""/>
      <audio_component_descriptor stream_content="0x02" component_type="0x02" component_tag="0x10" stream_type="0x0F" main_component="true" quality_indicator="2" sampling_rate="7" ISO_639_language_code="jpn" ISO_639_language_code_2="eng" text="日本語英語"/>
      <content_descriptor>
        <content content_nibble_level_1="0" content_nibble_level_2="0" user_byte="0xFF"/>
      </content_descriptor>
      <data_content_descriptor data_component_id="0x0008" entry_component="0x30" ISO_639_language_code="jpn" text="">
        <selector_bytes>
          01 13 6A 70 6E
        </selector_bytes>
      </data_content_descriptor>
    </service>
  </selection_information_table>
  <selection_information_table version="29" current="true">
    <metadata PID="31"/>
    <partial_transport_stream_descriptor peak_rate="0x0000EA60"/>
    <ISDB_network_identifier_descriptor country_code="JPN" media_type="TB" network_id="0x7C70"/>
    <TS_information_descriptor remote_control_key_id="0x01" ts_name="ＮＨＫ総合・熊本">
      <transmission_type transmission_type_info="0x0F">
        <service id="0xE000"/>
        <service id="0xE001"/>
        <service id="0xFFF0"/>
      </transmission_type>
      <transmission_type transmission_type_info="0xAF">
        <service id="0xE180"/>
      </transmission_type>
    </TS_information_descriptor>
    <service service_id="0xE000" running_status="undefined">
      <partialTS_time_descriptor event_version_number="61" event_start_time="2025-04-04 18:00:00" duration="00:10:00" other_descriptor_status="false" JST_time="2025-04-04 18:03:31"/>
      <generic_descriptor tag="0x85">
        7C 70 7C 70 06 B5 FF
      </generic_descriptor>
      <service_descriptor service_type="0x01" service_provider_name="" service_name="NHK総合1・熊本"/>
      <extended_broadcaster_descriptor broadcaster_type="0x01" terrestrial_broadcaster_id="0x7C71">
        <affiliation id="0x00"/>
        <affiliation id="0x01"/>
        <broadcaster original_network_id="0x0004" broadcaster_id="0x01"/>
      </extended_broadcaster_descriptor>
      <short_event_descriptor language_code="jpn">
        <event_name>ニュース🈔🈑</event_name>
        <text></text>
      </short_event_descriptor>
      <component_descriptor stream_content="0x01" stream_content_ext="0x0F" component_type="0x03" component_tag="0x00" language_code="jpn" text=""/>
      <audio_component_descriptor stream_content="0x02" component_type="0x02" component_tag="0x10" stream_type="0x0F" main_component="true" quality_indicator="2" sampling_rate="7" ISO_639_language_code="jpn" ISO_639_language_code_2="eng" text="日本語英語"/>
      <content_descriptor>
        <content content_nibble_level_1="0" content_nibble_level_2="0" user_byte="0xFF"/>
      </content_descriptor>
      <data_content_descriptor data_component_id="0x0008" entry_component="0x30" ISO_639_language_code="jpn" text="">
        <selector_bytes>
          01 13 6A 70 6E
        </selector_bytes>
      </data_content_descriptor>
    </service>
  </selection_information_table>
  <selection_information_table version="30" current="true">
    <metadata PID="31"/>
    <partial_transport_stream_descriptor peak_rate="0x0000EA60"/>
    <ISDB_network_identifier_descriptor country_code="JPN" media_type="TB" network_id="0x7C70"/>
    <TS_information_descriptor remote_control_key_id="0x01" ts_name="ＮＨＫ総合・熊本">
      <transmission_type transmission_type_info="0x0F">
        <service id="0xE000"/>
        <service id="0xE001"/>
        <service id="0xFFF0"/>
      </transmission_type>
      <transmission_type transmission_type_info="0xAF">
        <service id="0xE180"/>
      </transmission_type>
    </TS_information_descriptor>
    <service service_id="0xE000" running_status="undefined">
      <partialTS_time_descriptor event_version_number="61" event_start_time="2025-04-04 18:00:00" duration="00:10:00" other_descriptor_status="false" JST_time="2025-04-04 18:03:33"/>
      <generic_descriptor tag="0x85">
        7C 70 7C 70 06 B5 FF
      </generic_descriptor>
      <service_descriptor service_type="0x01" service_provider_name="" service_name="NHK総合1・熊本"/>
      <extended_broadcaster_descriptor broadcaster_type="0x01" terrestrial_broadcaster_id="0x7C71">
        <affiliation id="0x00"/>
        <affiliation id="0x01"/>
        <broadcaster original_network_id="0x0004" broadcaster_id="0x01"/>
      </extended_broadcaster_descriptor>
      <short_event_descriptor language_code="jpn">
        <event_name>ニュース🈔🈑</event_name>
        <text></text>
      </short_event_descriptor>
      <component_descriptor stream_content="0x01" stream_content_ext="0x0F" component_type="0x03" component_tag="0x00" language_code="jpn" text=""/>
      <audio_component_descriptor stream_content="0x02" component_type="0x02" component_tag="0x10" stream_type="0x0F" main_component="true" quality_indicator="2" sampling_rate="7" ISO_639_language_code="jpn" ISO_639_language_code_2="eng" text="日本語英語"/>
      <content_descriptor>
        <content content_nibble_level_1="0" content_nibble_level_2="0" user_byte="0xFF"/>
      </content_descriptor>
      <data_content_descriptor data_component_id="0x0008" entry_component="0x30" ISO_639_language_code="jpn" text="">
        <selector_bytes>
          01 13 6A 70 6E
        </selector_bytes>
      </data_content_descriptor>
    </service>
  </selection_information_table>
  <selection_information_table version="31" current="true">
    <metadata PID="31"/>
    <partial_transport_stream_descriptor peak_rate="0x0000EA60"/>
    <ISDB_network_identifier_descriptor country_code="JPN" media_type="TB" network_id="0x7C70"/>
    <TS_information_descriptor remote_control_key_id="0x01" ts_name="ＮＨＫ総合・熊本">
      <transmission_type transmission_type_info="0x0F">
        <service id="0xE000"/>
        <service id="0xE001"/>
        <service id="0xFFF0"/>
      </transmission_type>
      <transmission_type transmission_type_info="0xAF">
        <service id="0xE180"/>
      </transmission_type>
    </TS_information_descriptor>
    <service service_id="0xE000" running_status="undefined">
      <partialTS_time_descriptor event_version_number="61" event_start_time="2025-04-04 18:00:00" duration="00:10:00" other_descriptor_status="false" JST_time="2025-04-04 18:03:35"/>
      <generic_descriptor tag="0x85">
        7C 70 7C 70 06 B5 FF
      </generic_descriptor>
      <service_descriptor service_type="0x01" service_provider_name="" service_name="NHK総合1・熊本"/>
      <extended_broadcaster_descriptor broadcaster_type="0x01" terrestrial_broadcaster_id="0x7C71">
        <affiliation id="0x00"/>
        <affiliation id="0x01"/>
        <broadcaster original_network_id="0x0004" broadcaster_id="0x01"/>
      </extended_broadcaster_descriptor>
      <short_event_descriptor language_code="jpn">
        <event_name>ニュース🈔🈑</event_name>
        <text></text>
      </short_event_descriptor>
      <component_descriptor stream_content="0x01" stream_content_ext="0x0F" component_type="0x03" component_tag="0x00" language_code="jpn" text=""/>
      <audio_component_descriptor stream_content="0x02" component_type="0x02" component_tag="0x10" stream_type="0x0F" main_component="true" quality_indicator="2" sampling_rate="7" ISO_639_language_code="jpn" ISO_639_language_code_2="eng" text="日本語英語"/>
      <content_descriptor>
        <content content_nibble_level_1="0" content_nibble_level_2="0" user_byte="0xFF"/>
      </content_descriptor>
      <data_content_descriptor data_component_id="0x0008" entry_component="0x30" ISO_639_language_code="jpn" text="">
        <selector_bytes>
          01 13 6A 70 6E
        </selector_bytes>
      </data_content_descriptor>
    </service>
  </selection_information_table>
  <selection_information_table version="0" current="true">
    <metadata PID="31"/>
    <partial_transport_stream_descriptor peak_rate="0x0000EA60"/>
    <ISDB_network_identifier_descriptor country_code="JPN" media_type="TB" network_id="0x7C70"/>
    <TS_information_descriptor remote_control_key_id="0x01" ts_name="ＮＨＫ総合・熊本">
      <transmission_type transmission_type_info="0x0F">
        <service id="0xE000"/>
        <service id="0xE001"/>
        <service id="0xFFF0"/>
      </transmission_type>
      <transmission_type transmission_type_info="0xAF">
        <service id="0xE180"/>
      </transmission_type>
    </TS_information_descriptor>
    <service service_id="0xE000" running_status="undefined">
      <partialTS_time_descriptor event_version_number="61" event_start_time="2025-04-04 18:00:00" duration="00:10:00" other_descriptor_status="false" JST_time="2025-04-04 18:03:37"/>
      <generic_descriptor tag="0x85">
        7C 70 7C 70 06 B5 FF
      </generic_descriptor>
      <service_descriptor service_type="0x01" service_provider_name="" service_name="NHK総合1・熊本"/>
      <extended_broadcaster_descriptor broadcaster_type="0x01" terrestrial_broadcaster_id="0x7C71">
        <affiliation id="0x00"/>
        <affiliation id="0x01"/>
        <broadcaster original_network_id="0x0004" broadcaster_id="0x01"/>
      </extended_broadcaster_descriptor>
      <short_event_descriptor language_code="jpn">
        <event_name>ニュース🈔🈑</event_name>
        <text></text>
      </short_event_descriptor>
      <component_descriptor stream_content="0x01" stream_content_ext="0x0F" component_type="0x03" component_tag="0x00" language_code="jpn" text=""/>
      <audio_component_descriptor stream_content="0x02" component_type="0x02" component_tag="0x10" stream_type="0x0F" main_component="true" quality_indicator="2" sampling_rate="7" ISO_639_language_code="jpn" ISO_639_language_code_2="eng" text="日本語英語"/>
      <content_descriptor>
        <content content_nibble_level_1="0" content_nibble_level_2="0" user_byte="0xFF"/>
      </content_descriptor>
      <data_content_descriptor data_component_id="0x0008" entry_component="0x30" ISO_639_language_code="jpn" text="">
        <selector_bytes>
          01 13 6A 70 6E
        </selector_bytes>
      </data_content_descriptor>
    </service>
  </selection_information_table>
  <selection_information_table version="1" current="true">
    <metadata PID="31"/>
    <partial_transport_stream_descriptor peak_rate="0x0000EA60"/>
    <ISDB_network_identifier_descriptor country_code="JPN" media_type="TB" network_id="0x7C70"/>
    <TS_information_descriptor remote_control_key_id="0x01" ts_name="ＮＨＫ総合・熊本">
      <transmission_type transmission_type_info="0x0F">
        <service id="0xE000"/>
        <service id="0xE001"/>
        <service id="0xFFF0"/>
      </transmission_type>
      <transmission_type transmission_type_info="0xAF">
        <service id="0xE180"/>
      </transmission_type>
    </TS_information_descriptor>
    <service service_id="0xE000" running_status="undefined">
      <partialTS_time_descriptor event_version_number="61" event_start_time="2025-04-04 18:00:00" duration="00:10:00" other_descriptor_status="false" JST_time="2025-04-04 18:03:40"/>
      <generic_descriptor tag="0x85">
        7C 70 7C 70 06 B5 FF
      </generic_descriptor>
      <service_descriptor service_type="0x01" service_provider_name="" service_name="NHK総合1・熊本"/>
      <extended_broadcaster_descriptor broadcaster_type="0x01" terrestrial_broadcaster_id="0x7C71">
        <affiliation id="0x00"/>
        <affiliation id="0x01"/>
        <broadcaster original_network_id="0x0004" broadcaster_id="0x01"/>
      </extended_broadcaster_descriptor>
      <short_event_descriptor language_code="jpn">
        <event_name>ニュース🈔🈑</event_name>
        <text></text>
      </short_event_descriptor>
      <component_descriptor stream_content="0x01" stream_content_ext="0x0F" component_type="0x03" component_tag="0x00" language_code="jpn" text=""/>
      <audio_component_descriptor stream_content="0x02" component_type="0x02" component_tag="0x10" stream_type="0x0F" main_component="true" quality_indicator="2" sampling_rate="7" ISO_639_language_code="jpn" ISO_639_language_code_2="eng" text="日本語英語"/>
      <content_descriptor>
        <content content_nibble_level_1="0" content_nibble_level_2="0" user_byte="0xFF"/>
      </content_descriptor>
      <data_content_descriptor data_component_id="0x0008" entry_component="0x30" ISO_639_language_code="jpn" text="">
        <selector_bytes>
          01 13 6A 70 6E
        </selector_bytes>
      </data_content_descriptor>
    </service>
  </selection_information_table>
  <selection_information_table version="2" current="true">
    <metadata PID="31"/>
    <partial_transport_stream_descriptor peak_rate="0x0000EA60"/>
    <ISDB_network_identifier_descriptor country_code="JPN" media_type="TB" network_id="0x7C70"/>
    <TS_information_descriptor remote_control_key_id="0x01" ts_name="ＮＨＫ総合・熊本">
      <transmission_type transmission_type_info="0x0F">
        <service id="0xE000"/>
        <service id="0xE001"/>
        <service id="0xFFF0"/>
      </transmission_type>
      <transmission_type transmission_type_info="0xAF">
        <service id="0xE180"/>
      </transmission_type>
    </TS_information_descriptor>
    <service service_id="0xE000" running_status="undefined">
      <partialTS_time_descriptor event_version_number="61" event_start_time="2025-04-04 18:00:00" duration="00:10:00" other_descriptor_status="false" JST_time="2025-04-04 18:03:42"/>
      <generic_descriptor tag="0x85">
        7C 70 7C 70 06 B5 FF
      </generic_descriptor>
      <service_descriptor service_type="0x01" service_provider_name="" service_name="NHK総合1・熊本"/>
      <extended_broadcaster_descriptor broadcaster_type="0x01" terrestrial_broadcaster_id="0x7C71">
        <affiliation id="0x00"/>
        <affiliation id="0x01"/>
        <broadcaster original_network_id="0x0004" broadcaster_id="0x01"/>
      </extended_broadcaster_descriptor>
      <short_event_descriptor language_code="jpn">
        <event_name>ニュース🈔🈑</event_name>
        <text></text>
      </short_event_descriptor>
      <component_descriptor stream_content="0x01" stream_content_ext="0x0F" component_type="0x03" component_tag="0x00" language_code="jpn" text=""/>
      <audio_component_descriptor stream_content="0x02" component_type="0x02" component_tag="0x10" stream_type="0x0F" main_component="true" quality_indicator="2" sampling_rate="7" ISO_639_language_code="jpn" ISO_639_language_code_2="eng" text="日本語英語"/>
      <content_descriptor>
        <content content_nibble_level_1="0" content_nibble_level_2="0" user_byte="0xFF"/>
      </content_descriptor>
      <data_content_descriptor data_component_id="0x0008" entry_component="0x30" ISO_639_language_code="jpn" text="">
        <selector_bytes>
          01 13 6A 70 6E
        </selector_bytes>
      </data_content_descriptor>
    </service>
  </selection_information_table>
  <selection_information_table version="3" current="true">
    <metadata PID="31"/>
    <partial_transport_stream_descriptor peak_rate="0x0000EA60"/>
    <ISDB_network_identifier_descriptor country_code="JPN" media_type="TB" network_id="0x7C70"/>
    <TS_information_descriptor remote_control_key_id="0x01" ts_name="ＮＨＫ総合・熊本">
      <transmission_type transmission_type_info="0x0F">
        <service id="0xE000"/>
        <service id="0xE001"/>
        <service id="0xFFF0"/>
      </transmission_type>
      <transmission_type transmission_type_info="0xAF">
        <service id="0xE180"/>
      </transmission_type>
    </TS_information_descriptor>
    <service service_id="0xE000" running_status="undefined">
      <partialTS_time_descriptor event_version_number="61" event_start_time="2025-04-04 18:00:00" duration="00:10:00" other_descriptor_status="false" JST_time="2025-04-04 18:03:44"/>
      <generic_descriptor tag="0x85">
        7C 70 7C 70 06 B5 FF
      </generic_descriptor>
      <service_descriptor service_type="0x01" service_provider_name="" service_name="NHK総合1・熊本"/>
      <extended_broadcaster_descriptor broadcaster_type="0x01" terrestrial_broadcaster_id="0x7C71">
        <affiliation id="0x00"/>
        <affiliation id="0x01"/>
        <broadcaster original_network_id="0x0004" broadcaster_id="0x01"/>
      </extended_broadcaster_descriptor>
      <short_event_descriptor language_code="jpn">
        <event_name>ニュース🈔🈑</event_name>
        <text></text>
      </short_event_descriptor>
      <component_descriptor stream_content="0x01" stream_content_ext="0x0F" component_type="0x03" component_tag="0x00" language_code="jpn" text=""/>
      <audio_component_descriptor stream_content="0x02" component_type="0x02" component_tag="0x10" stream_type="0x0F" main_component="true" quality_indicator="2" sampling_rate="7" ISO_639_language_code="jpn" ISO_639_language_code_2="eng" text="日本語英語"/>
      <content_descriptor>
        <content content_nibble_level_1="0" content_nibble_level_2="0" user_byte="0xFF"/>
      </content_descriptor>
      <data_content_descriptor data_component_id="0x0008" entry_component="0x30" ISO_639_language_code="jpn" text="">
        <selector_bytes>
          01 13 6A 70 6E
        </selector_bytes>
      </data_content_descriptor>
    </service>
  </selection_information_table>
  <selection_information_table version="4" current="true">
    <metadata PID="31"/>
    <partial_transport_stream_descriptor peak_rate="0x0000EA60"/>
    <ISDB_network_identifier_descriptor country_code="JPN" media_type="TB" network_id="0x7C70"/>
    <TS_information_descriptor remote_control_key_id="0x01" ts_name="ＮＨＫ総合・熊本">
      <transmission_type transmission_type_info="0x0F">
        <service id="0xE000"/>
        <service id="0xE001"/>
        <service id="0xFFF0"/>
      </transmission_type>
      <transmission_type transmission_type_info="0xAF">
        <service id="0xE180"/>
      </transmission_type>
    </TS_information_descriptor>
    <service service_id="0xE000" running_status="undefined">
      <partialTS_time_descriptor event_version_number="61" event_start_time="2025-04-04 18:00:00" duration="00:10:00" other_descriptor_status="false" JST_time="2025-04-04 18:03:46"/>
      <generic_descriptor tag="0x85">
        7C 70 7C 70 06 B5 FF
      </generic_descriptor>
      <service_descriptor service_type="0x01" service_provider_name="" service_name="NHK総合1・熊本"/>
      <extended_broadcaster_descriptor broadcaster_type="0x01" terrestrial_broadcaster_id="0x7C71">
        <affiliation id="0x00"/>
        <affiliation id="0x01"/>
        <broadcaster original_network_id="0x0004" broadcaster_id="0x01"/>
      </extended_broadcaster_descriptor>
      <short_event_descriptor language_code="jpn">
        <event_name>ニュース🈔🈑</event_name>
        <text></text>
      </short_event_descriptor>
      <component_descriptor stream_content="0x01" stream_content_ext="0x0F" component_type="0x03" component_tag="0x00" language_code="jpn" text=""/>
      <audio_component_descriptor stream_content="0x02" component_type="0x02" component_tag="0x10" stream_type="0x0F" main_component="true" quality_indicator="2" sampling_rate="7" ISO_639_language_code="jpn" ISO_639_language_code_2="eng" text="日本語英語"/>
      <content_descriptor>
        <content content_nibble_level_1="0" content_nibble_level_2="0" user_byte="0xFF"/>
      </content_descriptor>
      <data_content_descriptor data_component_id="0x0008" entry_component="0x30" ISO_639_language_code="jpn" text="">
        <selector_bytes>
          01 13 6A 70 6E
        </selector_bytes>
      </data_content_descriptor>
    </service>
  </selection_information_table>
  <selection_information_table version="5" current="true">
    <metadata PID="31"/>
    <partial_transport_stream_descriptor peak_rate="0x0000EA60"/>
    <ISDB_network_identifier_descriptor country_code="JPN" media_type="TB" network_id="0x7C70"/>
    <TS_information_descriptor remote_control_key_id="0x01" ts_name="ＮＨＫ総合・熊本">
      <transmission_type transmission_type_info="0x0F">
        <service id="0xE000"/>
        <service id="0xE001"/>
        <service id="0xFFF0"/>
      </transmission_type>
      <transmission_type transmission_type_info="0xAF">
        <service id="0xE180"/>
      </transmission_type>
    </TS_information_descriptor>
    <service service_id="0xE000" running_status="undefined">
      <partialTS_time_descriptor event_version_number="61" event_start_time="2025-04-04 18:00:00" duration="00:10:00" other_descriptor_status="false" JST_time="2025-04-04 18:03:48"/>
      <generic_descriptor tag="0x85">
        7C 70 7C 70 06 B5 FF
      </generic_descriptor>
      <service_descriptor service_type="0x01" service_provider_name="" service_name="NHK総合1・熊本"/>
      <extended_broadcaster_descriptor broadcaster_type="0x01" terrestrial_broadcaster_id="0x7C71">
        <affiliation id="0x00"/>
        <affiliation id="0x01"/>
        <broadcaster original_network_id="0x0004" broadcaster_id="0x01"/>
      </extended_broadcaster_descriptor>
      <short_event_descriptor language_code="jpn">
        <event_name>ニュース🈔🈑</event_name>
        <text></text>
      </short_event_descriptor>
      <component_descriptor stream_content="0x01" stream_content_ext="0x0F" component_type="0x03" component_tag="0x00" language_code="jpn" text=""/>
      <audio_component_descriptor stream_content="0x02" component_type="0x02" component_tag="0x10" stream_type="0x0F" main_component="true" quality_indicator="2" sampling_rate="7" ISO_639_language_code="jpn" ISO_639_language_code_2="eng" text="日本語英語"/>
      <content_descriptor>
        <content content_nibble_level_1="0" content_nibble_level_2="0" user_byte="0xFF"/>
      </content_descriptor>
      <data_content_descriptor data_component_id="0x0008" entry_component="0x30" ISO_639_language_code="jpn" text="">
        <selector_bytes>
          01 13 6A 70 6E
        </selector_bytes>
      </data_content_descriptor>
    </service>
  </selection_information_table>
  <selection_information_table version="6" current="true">
    <metadata PID="31"/>
    <partial_transport_stream_descriptor peak_rate="0x0000EA60"/>
    <ISDB_network_identifier_descriptor country_code="JPN" media_type="TB" network_id="0x7C70"/>
    <TS_information_descriptor remote_control_key_id="0x01" ts_name="ＮＨＫ総合・熊本">
      <transmission_type transmission_type_info="0x0F">
        <service id="0xE000"/>
        <service id="0xE001"/>
        <service id="0xFFF0"/>
      </transmission_type>
      <transmission_type transmission_type_info="0xAF">
        <service id="0xE180"/>
      </transmission_type>
    </TS_information_descriptor>
    <service service_id="0xE000" running_status="undefined">
      <partialTS_time_descriptor event_version_number="61" event_start_time="2025-04-04 18:00:00" duration="00:10:00" other_descriptor_status="false" JST_time="2025-04-04 18:03:50"/>
      <generic_descriptor tag="0x85">
        7C 70 7C 70 06 B5 FF
      </generic_descriptor>
      <service_descriptor service_type="0x01" service_provider_name="" service_name="NHK総合1・熊本"/>
      <extended_broadcaster_descriptor broadcaster_type="0x01" terrestrial_broadcaster_id="0x7C71">
        <affiliation id="0x00"/>
        <affiliation id="0x01"/>
        <broadcaster original_network_id="0x0004" broadcaster_id="0x01"/>
      </extended_broadcaster_descriptor>
      <short_event_descriptor language_code="jpn">
        <event_name>ニュース🈔🈑</event_name>
        <text></text>
      </short_event_descriptor>
      <component_descriptor stream_content="0x01" stream_content_ext="0x0F" component_type="0x03" component_tag="0x00" language_code="jpn" text=""/>
      <audio_component_descriptor stream_content="0x02" component_type="0x02" component_tag="0x10" stream_type="0x0F" main_component="true" quality_indicator="2" sampling_rate="7" ISO_639_language_code="jpn" ISO_639_language_code_2="eng" text="日本語英語"/>
      <content_descriptor>
        <content content_nibble_level_1="0" content_nibble_level_2="0" user_byte="0xFF"/>
      </content_descriptor>
      <data_content_descriptor data_component_id="0x0008" entry_component="0x30" ISO_639_language_code="jpn" text="">
        <selector_bytes>
          01 13 6A 70 6E
        </selector_bytes>
      </data_content_descriptor>
    </service>
  </selection_information_table>
  <selection_information_table version="7" current="true">
    <metadata PID="31"/>
    <partial_transport_stream_descriptor peak_rate="0x0000EA60"/>
    <ISDB_network_identifier_descriptor country_code="JPN" media_type="TB" network_id="0x7C70"/>
    <TS_information_descriptor remote_control_key_id="0x01" ts_name="ＮＨＫ総合・熊本">
      <transmission_type transmission_type_info="0x0F">
        <service id="0xE000"/>
        <service id="0xE001"/>
        <service id="0xFFF0"/>
      </transmission_type>
      <transmission_type transmission_type_info="0xAF">
        <service id="0xE180"/>
      </transmission_type>
    </TS_information_descriptor>
    <service service_id="0xE000" running_status="undefined">
      <partialTS_time_descriptor event_version_number="61" event_start_time="2025-04-04 18:00:00" duration="00:10:00" other_descriptor_status="false" JST_time="2025-04-04 18:03:52"/>
      <generic_descriptor tag="0x85">
        7C 70 7C 70 06 B5 FF
      </generic_descriptor>
      <service_descriptor service_type="0x01" service_provider_name="" service_name="NHK総合1・熊本"/>
      <extended_broadcaster_descriptor broadcaster_type="0x01" terrestrial_broadcaster_id="0x7C71">
        <affiliation id="0x00"/>
        <affiliation id="0x01"/>
        <broadcaster original_network_id="0x0004" broadcaster_id="0x01"/>
      </extended_broadcaster_descriptor>
      <short_event_descriptor language_code="jpn">
        <event_name>ニュース🈔🈑</event_name>
        <text></text>
      </short_event_descriptor>
      <component_descriptor stream_content="0x01" stream_content_ext="0x0F" component_type="0x03" component_tag="0x00" language_code="jpn" text=""/>
      <audio_component_descriptor stream_content="0x02" component_type="0x02" component_tag="0x10" stream_type="0x0F" main_component="true" quality_indicator="2" sampling_rate="7" ISO_639_language_code="jpn" ISO_639_language_code_2="eng" text="日本語英語"/>
      <content_descriptor>
        <content content_nibble_level_1="0" content_nibble_level_2="0" user_byte="0xFF"/>
      </content_descriptor>
      <data_content_descriptor data_component_id="0x0008" entry_component="0x30" ISO_639_language_code="jpn" text="">
        <selector_bytes>
          01 13 6A 70 6E
        </selector_bytes>
      </data_content_descriptor>
    </service>
  </selection_information_table>
  <selection_information_table version="8" current="true">
    <metadata PID="31"/>
    <partial_transport_stream_descriptor peak_rate="0x0000EA60"/>
    <ISDB_network_identifier_descriptor country_code="JPN" media_type="TB" network_id="0x7C70"/>
    <TS_information_descriptor remote_control_key_id="0x01" ts_name="ＮＨＫ総合・熊本">
      <transmission_type transmission_type_info="0x0F">
        <service id="0xE000"/>
        <service id="0xE001"/>
        <service id="0xFFF0"/>
      </transmission_type>
      <transmission_type transmission_type_info="0xAF">
        <service id="0xE180"/>
      </transmission_type>
    </TS_information_descriptor>
    <service service_id="0xE000" running_status="undefined">
      <partialTS_time_descriptor event_version_number="61" event_start_time="2025-04-04 18:00:00" duration="00:10:00" other_descriptor_status="false" JST_time="2025-04-04 18:03:54"/>
      <generic_descriptor tag="0x85">
        7C 70 7C 70 06 B5 FF
      </generic_descriptor>
      <service_descriptor service_type="0x01" service_provider_name="" service_name="NHK総合1・熊本"/>
      <extended_broadcaster_descriptor broadcaster_type="0x01" terrestrial_broadcaster_id="0x7C71">
        <affiliation id="0x00"/>
        <affiliation id="0x01"/>
        <broadcaster original_network_id="0x0004" broadcaster_id="0x01"/>
      </extended_broadcaster_descriptor>
      <short_event_descriptor language_code="jpn">
        <event_name>ニュース🈔🈑</event_name>
        <text></text>
      </short_event_descriptor>
      <component_descriptor stream_content="0x01" stream_content_ext="0x0F" component_type="0x03" component_tag="0x00" language_code="jpn" text=""/>
      <audio_component_descriptor stream_content="0x02" component_type="0x02" component_tag="0x10" stream_type="0x0F" main_component="true" quality_indicator="2" sampling_rate="7" ISO_639_language_code="jpn" ISO_639_language_code_2="eng" text="日本語英語"/>
      <content_descriptor>
        <content content_nibble_level_1="0" content_nibble_level_2="0" user_byte="0xFF"/>
      </content_descriptor>
      <data_content_descriptor data_component_id="0x0008" entry_component="0x30" ISO_639_language_code="jpn" text="">
        <selector_bytes>
          01 13 6A 70 6E
        </selector_bytes>
      </data_content_descriptor>
    </service>
  </selection_information_table>
  <selection_information_table version="9" current="true">
    <metadata PID="31"/>
    <partial_transport_stream_descriptor peak_rate="0x0000EA60"/>
    <ISDB_network_identifier_descriptor country_code="JPN" media_type="TB" network_id="0x7C70"/>
    <TS_information_descriptor remote_control_key_id="0x01" ts_name="ＮＨＫ総合・熊本">
      <transmission_type transmission_type_info="0x0F">
        <service id="0xE000"/>
        <service id="0xE001"/>
        <service id="0xFFF0"/>
      </transmission_type>
      <transmission_type transmission_type_info="0xAF">
        <service id="0xE180"/>
      </transmission_type>
    </TS_information_descriptor>
    <service service_id="0xE000" running_status="undefined">
      <partialTS_time_descriptor event_version_number="61" event_start_time="2025-04-04 18:00:00" duration="00:10:00" other_descriptor_status="false" JST_time="2025-04-04 18:03:56"/>
      <generic_descriptor tag="0x85">
        7C 70 7C 70 06 B5 FF
      </generic_descriptor>
      <service_descriptor service_type="0x01" service_provider_name="" service_name="NHK総合1・熊本"/>
      <extended_broadcaster_descriptor broadcaster_type="0x01" terrestrial_broadcaster_id="0x7C71">
        <affiliation id="0x00"/>
        <affiliation id="0x01"/>
        <broadcaster original_network_id="0x0004" broadcaster_id="0x01"/>
      </extended_broadcaster_descriptor>
      <short_event_descriptor language_code="jpn">
        <event_name>ニュース🈔🈑</event_name>
        <text></text>
      </short_event_descriptor>
      <component_descriptor stream_content="0x01" stream_content_ext="0x0F" component_type="0x03" component_tag="0x00" language_code="jpn" text=""/>
      <audio_component_descriptor stream_content="0x02" component_type="0x02" component_tag="0x10" stream_type="0x0F" main_component="true" quality_indicator="2" sampling_rate="7" ISO_639_language_code="jpn" ISO_639_language_code_2="eng" text="日本語英語"/>
      <content_descriptor>
        <content content_nibble_level_1="0" content_nibble_level_2="0" user_byte="0xFF"/>
      </content_descriptor>
      <data_content_descriptor data_component_id="0x0008" entry_component="0x30" ISO_639_language_code="jpn" text="">
        <selector_bytes>
          01 13 6A 70 6E
        </selector_bytes>
      </data_content_descriptor>
    </service>
  </selection_information_table>
  <selection_information_table version="10" current="true">
    <metadata PID="31"/>
    <partial_transport_stream_descriptor peak_rate="0x0000EA60"/>
    <ISDB_network_identifier_descriptor country_code="JPN" media_type="TB" network_id="0x7C70"/>
    <TS_information_descriptor remote_control_key_id="0x01" ts_name="ＮＨＫ総合・熊本">
      <transmission_type transmission_type_info="0x0F">
        <service id="0xE000"/>
        <service id="0xE001"/>
        <service id="0xFFF0"/>
      </transmission_type>
      <transmission_type transmission_type_info="0xAF">
        <service id="0xE180"/>
      </transmission_type>
    </TS_information_descriptor>
    <service service_id="0xE000" running_status="undefined">
      <partialTS_time_descriptor event_version_number="61" event_start_time="2025-04-04 18:00:00" duration="00:10:00" other_descriptor_status="false" JST_time="2025-04-04 18:03:58"/>
      <generic_descriptor tag="0x85">
        7C 70 7C 70 06 B5 FF
      </generic_descriptor>
      <service_descriptor service_type="0x01" service_provider_name="" service_name="NHK総合1・熊本"/>
      <extended_broadcaster_descriptor broadcaster_type="0x01" terrestrial_broadcaster_id="0x7C71">
        <affiliation id="0x00"/>
        <affiliation id="0x01"/>
        <broadcaster original_network_id="0x0004" broadcaster_id="0x01"/>
      </extended_broadcaster_descriptor>
      <short_event_descriptor language_code="jpn">
        <event_name>ニュース🈔🈑</event_name>
        <text></text>
      </short_event_descriptor>
      <component_descriptor stream_content="0x01" stream_content_ext="0x0F" component_type="0x03" component_tag="0x00" language_code="jpn" text=""/>
      <audio_component_descriptor stream_content="0x02" component_type="0x02" component_tag="0x10" stream_type="0x0F" main_component="true" quality_indicator="2" sampling_rate="7" ISO_639_language_code="jpn" ISO_639_language_code_2="eng" text="日本語英語"/>
      <content_descriptor>
        <content content_nibble_level_1="0" content_nibble_level_2="0" user_byte="0xFF"/>
      </content_descriptor>
      <data_content_descriptor data_component_id="0x0008" entry_component="0x30" ISO_639_language_code="jpn" text="">
        <selector_bytes>
          01 13 6A 70 6E
        </selector_bytes>
      </data_content_descriptor>
    </service>
  </selection_information_table>
  <selection_information_table version="11" current="true">
    <metadata PID="31"/>
    <partial_transport_stream_descriptor peak_rate="0x0000EA60"/>
    <ISDB_network_identifier_descriptor country_code="JPN" media_type="TB" network_id="0x7C70"/>
    <TS_information_descriptor remote_control_key_id="0x01" ts_name="ＮＨＫ総合・熊本">
      <transmission_type transmission_type_info="0x0F">
        <service id="0xE000"/>
        <service id="0xE001"/>
        <service id="0xFFF0"/>
      </transmission_type>
      <transmission_type transmission_type_info="0xAF">
        <service id="0xE180"/>
      </transmission_type>
    </TS_information_descriptor>
    <service service_id="0xE000" running_status="undefined">
      <partialTS_time_descriptor event_version_number="61" event_start_time="2025-04-04 18:00:00" duration="00:10:00" other_descriptor_status="false" JST_time="2025-04-04 18:04:01"/>
      <generic_descriptor tag="0x85">
        7C 70 7C 70 06 B5 FF
      </generic_descriptor>
      <service_descriptor service_type="0x01" service_provider_name="" service_name="NHK総合1・熊本"/>
      <extended_broadcaster_descriptor broadcaster_type="0x01" terrestrial_broadcaster_id="0x7C71">
        <affiliation id="0x00"/>
        <affiliation id="0x01"/>
        <broadcaster original_network_id="0x0004" broadcaster_id="0x01"/>
      </extended_broadcaster_descriptor>
      <short_event_descriptor language_code="jpn">
        <event_name>ニュース🈔🈑</event_name>
        <text></text>
      </short_event_descriptor>
      <component_descriptor stream_content="0x01" stream_content_ext="0x0F" component_type="0x03" component_tag="0x00" language_code="jpn" text=""/>
      <audio_component_descriptor stream_content="0x02" component_type="0x02" component_tag="0x10" stream_type="0x0F" main_component="true" quality_indicator="2" sampling_rate="7" ISO_639_language_code="jpn" ISO_639_language_code_2="eng" text="日本語英語"/>
      <content_descriptor>
        <content content_nibble_level_1="0" content_nibble_level_2="0" user_byte="0xFF"/>
      </content_descriptor>
      <data_content_descriptor data_component_id="0x0008" entry_component="0x30" ISO_639_language_code="jpn" text="">
        <selector_bytes>
          01 13 6A 70 6E
        </selector_bytes>
      </data_content_descriptor>
    </service>
  </selection_information_table>
  <selection_information_table version="12" current="true">
    <metadata PID="31"/>
    <partial_transport_stream_descriptor peak_rate="0x0000EA60"/>
    <ISDB_network_identifier_descriptor country_code="JPN" media_type="TB" network_id="0x7C70"/>
    <TS_information_descriptor remote_control_key_id="0x01" ts_name="ＮＨＫ総合・熊本">
      <transmission_type transmission_type_info="0x0F">
        <service id="0xE000"/>
        <service id="0xE001"/>
        <service id="0xFFF0"/>
      </transmission_type>
      <transmission_type transmission_type_info="0xAF">
        <service id="0xE180"/>
      </transmission_type>
    </TS_information_descriptor>
    <service service_id="0xE000" running_status="undefined">
      <partialTS_time_descriptor event_version_number="61" event_start_time="2025-04-04 18:00:00" duration="00:10:00" other_descriptor_status="false" JST_time="2025-04-04 18:04:03"/>
      <generic_descriptor tag="0x85">
        7C 70 7C 70 06 B5 FF
      </generic_descriptor>
      <service_descriptor service_type="0x01" service_provider_name="" service_name="NHK総合1・熊本"/>
      <extended_broadcaster_descriptor broadcaster_type="0x01" terrestrial_broadcaster_id="0x7C71">
        <affiliation id="0x00"/>
        <affiliation id="0x01"/>
        <broadcaster original_network_id="0x0004" broadcaster_id="0x01"/>
      </extended_broadcaster_descriptor>
      <short_event_descriptor language_code="jpn">
        <event_name>ニュース🈔🈑</event_name>
        <text></text>
      </short_event_descriptor>
      <component_descriptor stream_content="0x01" stream_content_ext="0x0F" component_type="0x03" component_tag="0x00" language_code="jpn" text=""/>
      <audio_component_descriptor stream_content="0x02" component_type="0x02" component_tag="0x10" stream_type="0x0F" main_component="true" quality_indicator="2" sampling_rate="7" ISO_639_language_code="jpn" ISO_639_language_code_2="eng" text="日本語英語"/>
      <content_descriptor>
        <content content_nibble_level_1="0" content_nibble_level_2="0" user_byte="0xFF"/>
      </content_descriptor>
      <data_content_descriptor data_component_id="0x0008" entry_component="0x30" ISO_639_language_code="jpn" text="">
        <selector_bytes>
          01 13 6A 70 6E
        </selector_bytes>
      </data_content_descriptor>
    </service>
  </selection_information_table>
  <selection_information_table version="13" current="true">
    <metadata PID="31"/>
    <partial_transport_stream_descriptor peak_rate="0x0000EA60"/>
    <ISDB_network_identifier_descriptor country_code="JPN" media_type="TB" network_id="0x7C70"/>
    <TS_information_descriptor remote_control_key_id="0x01" ts_name="ＮＨＫ総合・熊本">
      <transmission_type transmission_type_info="0x0F">
        <service id="0xE000"/>
        <service id="0xE001"/>
        <service id="0xFFF0"/>
      </transmission_type>
      <transmission_type transmission_type_info="0xAF">
        <service id="0xE180"/>
      </transmission_type>
    </TS_information_descriptor>
    <service service_id="0xE000" running_status="undefined">
      <partialTS_time_descriptor event_version_number="61" event_start_time="2025-04-04 18:00:00" duration="00:10:00" other_descriptor_status="false" JST_time="2025-04-04 18:04:05"/>
      <generic_descriptor tag="0x85">
        7C 70 7C 70 06 B5 FF
      </generic_descriptor>
      <service_descriptor service_type="0x01" service_provider_name="" service_name="NHK総合1・熊本"/>
      <extended_broadcaster_descriptor broadcaster_type="0x01" terrestrial_broadcaster_id="0x7C71">
        <affiliation id="0x00"/>
        <affiliation id="0x01"/>
        <broadcaster original_network_id="0x0004" broadcaster_id="0x01"/>
      </extended_broadcaster_descriptor>
      <short_event_descriptor language_code="jpn">
        <event_name>ニュース🈔🈑</event_name>
        <text></text>
      </short_event_descriptor>
      <component_descriptor stream_content="0x01" stream_content_ext="0x0F" component_type="0x03" component_tag="0x00" language_code="jpn" text=""/>
      <audio_component_descriptor stream_content="0x02" component_type="0x02" component_tag="0x10" stream_type="0x0F" main_component="true" quality_indicator="2" sampling_rate="7" ISO_639_language_code="jpn" ISO_639_language_code_2="eng" text="日本語英語"/>
      <content_descriptor>
        <content content_nibble_level_1="0" content_nibble_level_2="0" user_byte="0xFF"/>
      </content_descriptor>
      <data_content_descriptor data_component_id="0x0008" entry_component="0x30" ISO_639_language_code="jpn" text="">
        <selector_bytes>
          01 13 6A 70 6E
        </selector_bytes>
      </data_content_descriptor>
    </service>
  </selection_information_table>
  <selection_information_table version="14" current="true">
    <metadata PID="31"/>
    <partial_transport_stream_descriptor peak_rate="0x0000EA60"/>
    <ISDB_network_identifier_descriptor country_code="JPN" media_type="TB" network_id="0x7C70"/>
    <TS_information_descriptor remote_control_key_id="0x01" ts_name="ＮＨＫ総合・熊本">
      <transmission_type transmission_type_info="0x0F">
        <service id="0xE000"/>
        <service id="0xE001"/>
        <service id="0xFFF0"/>
      </transmission_type>
      <transmission_type transmission_type_info="0xAF">
        <service id="0xE180"/>
      </transmission_type>
    </TS_information_descriptor>
    <service service_id="0xE000" running_status="undefined">
      <partialTS_time_descriptor event_version_number="61" event_start_time="2025-04-04 18:00:00" duration="00:10:00" other_descriptor_status="false" JST_time="2025-04-04 18:04:07"/>
      <generic_descriptor tag="0x85">
        7C 70 7C 70 06 B5 FF
      </generic_descriptor>
      <service_descriptor service_type="0x01" service_provider_name="" service_name="NHK総合1・熊本"/>
      <extended_broadcaster_descriptor broadcaster_type="0x01" terrestrial_broadcaster_id="0x7C71">
        <affiliation id="0x00"/>
        <affiliation id="0x01"/>
        <broadcaster original_network_id="0x0004" broadcaster_id="0x01"/>
      </extended_broadcaster_descriptor>
      <short_event_descriptor language_code="jpn">
        <event_name>ニュース🈔🈑</event_name>
        <text></text>
      </short_event_descriptor>
      <component_descriptor stream_content="0x01" stream_content_ext="0x0F" component_type="0x03" component_tag="0x00" language_code="jpn" text=""/>
      <audio_component_descriptor stream_content="0x02" component_type="0x02" component_tag="0x10" stream_type="0x0F" main_component="true" quality_indicator="2" sampling_rate="7" ISO_639_language_code="jpn" ISO_639_language_code_2="eng" text="日本語英語"/>
      <content_descriptor>
        <content content_nibble_level_1="0" content_nibble_level_2="0" user_byte="0xFF"/>
      </content_descriptor>
      <data_content_descriptor data_component_id="0x0008" entry_component="0x30" ISO_639_language_code="jpn" text="">
        <selector_bytes>
          01 13 6A 70 6E
        </selector_bytes>
      </data_content_descriptor>
    </service>
  </selection_information_table>
  <selection_information_table version="15" current="true">
    <metadata PID="31"/>
    <partial_transport_stream_descriptor peak_rate="0x0000EA60"/>
    <ISDB_network_identifier_descriptor country_code="JPN" media_type="TB" network_id="0x7C70"/>
    <TS_information_descriptor remote_control_key_id="0x01" ts_name="ＮＨＫ総合・熊本">
      <transmission_type transmission_type_info="0x0F">
        <service id="0xE000"/>
        <service id="0xE001"/>
        <service id="0xFFF0"/>
      </transmission_type>
      <transmission_type transmission_type_info="0xAF">
        <service id="0xE180"/>
      </transmission_type>
    </TS_information_descriptor>
    <service service_id="0xE000" running_status="undefined">
      <partialTS_time_descriptor event_version_number="61" event_start_time="2025-04-04 18:00:00" duration="00:10:00" other_descriptor_status="false" JST_time="2025-04-04 18:04:09"/>
      <generic_descriptor tag="0x85">
        7C 70 7C 70 06 B5 FF
      </generic_descriptor>
      <service_descriptor service_type="0x01" service_provider_name="" service_name="NHK総合1・熊本"/>
      <extended_broadcaster_descriptor broadcaster_type="0x01" terrestrial_broadcaster_id="0x7C71">
        <affiliation id="0x00"/>
        <affiliation id="0x01"/>
        <broadcaster original_network_id="0x0004" broadcaster_id="0x01"/>
      </extended_broadcaster_descriptor>
      <short_event_descriptor language_code="jpn">
        <event_name>ニュース🈔🈑</event_name>
        <text></text>
      </short_event_descriptor>
      <component_descriptor stream_content="0x01" stream_content_ext="0x0F" component_type="0x03" component_tag="0x00" language_code="jpn" text=""/>
      <audio_component_descriptor stream_content="0x02" component_type="0x02" component_tag="0x10" stream_type="0x0F" main_component="true" quality_indicator="2" sampling_rate="7" ISO_639_language_code="jpn" ISO_639_language_code_2="eng" text="日本語英語"/>
      <content_descriptor>
        <content content_nibble_level_1="0" content_nibble_level_2="0" user_byte="0xFF"/>
      </content_descriptor>
      <data_content_descriptor data_component_id="0x0008" entry_component="0x30" ISO_639_language_code="jpn" text="">
        <selector_bytes>
          01 13 6A 70 6E
        </selector_bytes>
      </data_content_descriptor>
    </service>
  </selection_information_table>
  <selection_information_table version="16" current="true">
    <metadata PID="31"/>
    <partial_transport_stream_descriptor peak_rate="0x0000EA60"/>
    <ISDB_network_identifier_descriptor country_code="JPN" media_type="TB" network_id="0x7C70"/>
    <TS_information_descriptor remote_control_key_id="0x01" ts_name="ＮＨＫ総合・熊本">
      <transmission_type transmission_type_info="0x0F">
        <service id="0xE000"/>
        <service id="0xE001"/>
        <service id="0xFFF0"/>
      </transmission_type>
      <transmission_type transmission_type_info="0xAF">
        <service id="0xE180"/>
      </transmission_type>
    </TS_information_descriptor>
    <service service_id="0xE000" running_status="undefined">
      <partialTS_time_descriptor event_version_number="61" event_start_time="2025-04-04 18:00:00" duration="00:10:00" other_descriptor_status="false" JST_time="2025-04-04 18:04:11"/>
      <generic_descriptor tag="0x85">
        7C 70 7C 70 06 B5 FF
      </generic_descriptor>
      <service_descriptor service_type="0x01" service_provider_name="" service_name="NHK総合1・熊本"/>
      <extended_broadcaster_descriptor broadcaster_type="0x01" terrestrial_broadcaster_id="0x7C71">
        <affiliation id="0x00"/>
        <affiliation id="0x01"/>
        <broadcaster original_network_id="0x0004" broadcaster_id="0x01"/>
      </extended_broadcaster_descriptor>
      <short_event_descriptor language_code="jpn">
        <event_name>ニュース🈔🈑</event_name>
        <text></text>
      </short_event_descriptor>
      <component_descriptor stream_content="0x01" stream_content_ext="0x0F" component_type="0x03" component_tag="0x00" language_code="jpn" text=""/>
      <audio_component_descriptor stream_content="0x02" component_type="0x02" component_tag="0x10" stream_type="0x0F" main_component="true" quality_indicator="2" sampling_rate="7" ISO_639_language_code="jpn" ISO_639_language_code_2="eng" text="日本語英語"/>
      <content_descriptor>
        <content content_nibble_level_1="0" content_nibble_level_2="0" user_byte="0xFF"/>
      </content_descriptor>
      <data_content_descriptor data_component_id="0x0008" entry_component="0x30" ISO_639_language_code="jpn" text="">
        <selector_bytes>
          01 13 6A 70 6E
        </selector_bytes>
      </data_content_descriptor>
    </service>
  </selection_information_table>
  <selection_information_table version="17" current="true">
    <metadata PID="31"/>
    <partial_transport_stream_descriptor peak_rate="0x0000EA60"/>
    <ISDB_network_identifier_descriptor country_code="JPN" media_type="TB" network_id="0x7C70"/>
    <TS_information_descriptor remote_control_key_id="0x01" ts_name="ＮＨＫ総合・熊本">
      <transmission_type transmission_type_info="0x0F">
        <service id="0xE000"/>
        <service id="0xE001"/>
        <service id="0xFFF0"/>
      </transmission_type>
      <transmission_type transmission_type_info="0xAF">
        <service id="0xE180"/>
      </transmission_type>
    </TS_information_descriptor>
    <service service_id="0xE000" running_status="undefined">
      <partialTS_time_descriptor event_version_number="61" event_start_time="2025-04-04 18:00:00" duration="00:10:00" other_descriptor_status="false" JST_time="2025-04-04 18:04:13"/>
      <generic_descriptor tag="0x85">
        7C 70 7C 70 06 B5 FF
      </generic_descriptor>
      <service_descriptor service_type="0x01" service_provider_name="" service_name="NHK総合1・熊本"/>
      <extended_broadcaster_descriptor broadcaster_type="0x01" terrestrial_broadcaster_id="0x7C71">
        <affiliation id="0x00"/>
        <affiliation id="0x01"/>
        <broadcaster original_network_id="0x0004" broadcaster_id="0x01"/>
      </extended_broadcaster_descriptor>
      <short_event_descriptor language_code="jpn">
        <event_name>ニュース🈔🈑</event_name>
        <text></text>
      </short_event_descriptor>
      <component_descriptor stream_content="0x01" stream_content_ext="0x0F" component_type="0x03" component_tag="0x00" language_code="jpn" text=""/>
      <audio_component_descriptor stream_content="0x02" component_type="0x02" component_tag="0x10" stream_type="0x0F" main_component="true" quality_indicator="2" sampling_rate="7" ISO_639_language_code="jpn" ISO_639_language_code_2="eng" text="日本語英語"/>
      <content_descriptor>
        <content content_nibble_level_1="0" content_nibble_level_2="0" user_byte="0xFF"/>
      </content_descriptor>
      <data_content_descriptor data_component_id="0x0008" entry_component="0x30" ISO_639_language_code="jpn" text="">
        <selector_bytes>
          01 13 6A 70 6E
        </selector_bytes>
      </data_content_descriptor>
    </service>
  </selection_information_table>
  <selection_information_table version="18" current="true">
    <metadata PID="31"/>
    <partial_transport_stream_descriptor peak_rate="0x0000EA60"/>
    <ISDB_network_identifier_descriptor country_code="JPN" media_type="TB" network_id="0x7C70"/>
    <TS_information_descriptor remote_control_key_id="0x01" ts_name="ＮＨＫ総合・熊本">
      <transmission_type transmission_type_info="0x0F">
        <service id="0xE000"/>
        <service id="0xE001"/>
        <service id="0xFFF0"/>
      </transmission_type>
      <transmission_type transmission_type_info="0xAF">
        <service id="0xE180"/>
      </transmission_type>
    </TS_information_descriptor>
    <service service_id="0xE000" running_status="undefined">
      <partialTS_time_descriptor event_version_number="61" event_start_time="2025-04-04 18:00:00" duration="00:10:00" other_descriptor_status="false" JST_time="2025-04-04 18:04:15"/>
      <generic_descriptor tag="0x85">
        7C 70 7C 70 06 B5 FF
      </generic_descriptor>
      <service_descriptor service_type="0x01" service_provider_name="" service_name="NHK総合1・熊本"/>
      <extended_broadcaster_descriptor broadcaster_type="0x01" terrestrial_broadcaster_id="0x7C71">
        <affiliation id="0x00"/>
        <affiliation id="0x01"/>
        <broadcaster original_network_id="0x0004" broadcaster_id="0x01"/>
      </extended_broadcaster_descriptor>
      <short_event_descriptor language_code="jpn">
        <event_name>ニュース🈔🈑</event_name>
        <text></text>
      </short_event_descriptor>
      <component_descriptor stream_content="0x01" stream_content_ext="0x0F" component_type="0x03" component_tag="0x00" language_code="jpn" text=""/>
      <audio_component_descriptor stream_content="0x02" component_type="0x02" component_tag="0x10" stream_type="0x0F" main_component="true" quality_indicator="2" sampling_rate="7" ISO_639_language_code="jpn" ISO_639_language_code_2="eng" text="日本語英語"/>
      <content_descriptor>
        <content content_nibble_level_1="0" content_nibble_level_2="0" user_byte="0xFF"/>
      </content_descriptor>
      <data_content_descriptor data_component_id="0x0008" entry_component="0x30" ISO_639_language_code="jpn" text="">
        <selector_bytes>
          01 13 6A 70 6E
        </selector_bytes>
      </data_content_descriptor>
    </service>
  </selection_information_table>
  <selection_information_table version="19" current="true">
    <metadata PID="31"/>
    <partial_transport_stream_descriptor peak_rate="0x0000EA60"/>
    <ISDB_network_identifier_descriptor country_code="JPN" media_type="TB" network_id="0x7C70"/>
    <TS_information_descriptor remote_control_key_id="0x01" ts_name="ＮＨＫ総合・熊本">
      <transmission_type transmission_type_info="0x0F">
        <service id="0xE000"/>
        <service id="0xE001"/>
        <service id="0xFFF0"/>
      </transmission_type>
      <transmission_type transmission_type_info="0xAF">
        <service id="0xE180"/>
      </transmission_type>
    </TS_information_descriptor>
    <service service_id="0xE000" running_status="undefined">
      <partialTS_time_descriptor event_version_number="61" event_start_time="2025-04-04 18:00:00" duration="00:10:00" other_descriptor_status="false" JST_time="2025-04-04 18:04:17"/>
      <generic_descriptor tag="0x85">
        7C 70 7C 70 06 B5 FF
      </generic_descriptor>
      <service_descriptor service_type="0x01" service_provider_name="" service_name="NHK総合1・熊本"/>
      <extended_broadcaster_descriptor broadcaster_type="0x01" terrestrial_broadcaster_id="0x7C71">
        <affiliation id="0x00"/>
        <affiliation id="0x01"/>
        <broadcaster original_network_id="0x0004" broadcaster_id="0x01"/>
      </extended_broadcaster_descriptor>
      <short_event_descriptor language_code="jpn">
        <event_name>ニュース🈔🈑</event_name>
        <text></text>
      </short_event_descriptor>
      <component_descriptor stream_content="0x01" stream_content_ext="0x0F" component_type="0x03" component_tag="0x00" language_code="jpn" text=""/>
      <audio_component_descriptor stream_content="0x02" component_type="0x02" component_tag="0x10" stream_type="0x0F" main_component="true" quality_indicator="2" sampling_rate="7" ISO_639_language_code="jpn" ISO_639_language_code_2="eng" text="日本語英語"/>
      <content_descriptor>
        <content content_nibble_level_1="0" content_nibble_level_2="0" user_byte="0xFF"/>
      </content_descriptor>
      <data_content_descriptor data_component_id="0x0008" entry_component="0x30" ISO_639_language_code="jpn" text="">
        <selector_bytes>
          01 13 6A 70 6E
        </selector_bytes>
      </data_content_descriptor>
    </service>
  </selection_information_table>
  <selection_information_table version="20" current="true">
    <metadata PID="31"/>
    <partial_transport_stream_descriptor peak_rate="0x0000EA60"/>
    <ISDB_network_identifier_descriptor country_code="JPN" media_type="TB" network_id="0x7C70"/>
    <TS_information_descriptor remote_control_key_id="0x01" ts_name="ＮＨＫ総合・熊本">
      <transmission_type transmission_type_info="0x0F">
        <service id="0xE000"/>
        <service id="0xE001"/>
        <service id="0xFFF0"/>
      </transmission_type>
      <transmission_type transmission_type_info="0xAF">
        <service id="0xE180"/>
      </transmission_type>
    </TS_information_descriptor>
    <service service_id="0xE000" running_status="undefined">
      <partialTS_time_descriptor event_version_number="61" event_start_time="2025-04-04 18:00:00" duration="00:10:00" other_descriptor_status="false" JST_time="2025-04-04 18:04:19"/>
      <generic_descriptor tag="0x85">
        7C 70 7C 70 06 B5 FF
      </generic_descriptor>
      <service_descriptor service_type="0x01" service_provider_name="" service_name="NHK総合1・熊本"/>
      <extended_broadcaster_descriptor broadcaster_type="0x01" terrestrial_broadcaster_id="0x7C71">
        <affiliation id="0x00"/>
        <affiliation id="0x01"/>
        <broadcaster original_network_id="0x0004" broadcaster_id="0x01"/>
      </extended_broadcaster_descriptor>
      <short_event_descriptor language_code="jpn">
        <event_name>ニュース🈔🈑</event_name>
        <text></text>
      </short_event_descriptor>
      <component_descriptor stream_content="0x01" stream_content_ext="0x0F" component_type="0x03" component_tag="0x00" language_code="jpn" text=""/>
      <audio_component_descriptor stream_content="0x02" component_type="0x02" component_tag="0x10" stream_type="0x0F" main_component="true" quality_indicator="2" sampling_rate="7" ISO_639_language_code="jpn" ISO_639_language_code_2="eng" text="日本語英語"/>
      <content_descriptor>
        <content content_nibble_level_1="0" content_nibble_level_2="0" user_byte="0xFF"/>
      </content_descriptor>
      <data_content_descriptor data_component_id="0x0008" entry_component="0x30" ISO_639_language_code="jpn" text="">
        <selector_bytes>
          01 13 6A 70 6E
        </selector_bytes>
      </data_content_descriptor>
    </service>
  </selection_information_table>
  <selection_information_table version="21" current="true">
    <metadata PID="31"/>
    <partial_transport_stream_descriptor peak_rate="0x0000EA60"/>
    <ISDB_network_identifier_descriptor country_code="JPN" media_type="TB" network_id="0x7C70"/>
    <TS_information_descriptor remote_control_key_id="0x01" ts_name="ＮＨＫ総合・熊本">
      <transmission_type transmission_type_info="0x0F">
        <service id="0xE000"/>
        <service id="0xE001"/>
        <service id="0xFFF0"/>
      </transmission_type>
      <transmission_type transmission_type_info="0xAF">
        <service id="0xE180"/>
      </transmission_type>
    </TS_information_descriptor>
    <service service_id="0xE000" running_status="undefined">
      <partialTS_time_descriptor event_version_number="61" event_start_time="2025-04-04 18:00:00" duration="00:10:00" other_descriptor_status="false" JST_time="2025-04-04 18:04:22"/>
      <generic_descriptor tag="0x85">
        7C 70 7C 70 06 B5 FF
      </generic_descriptor>
      <service_descriptor service_type="0x01" service_provider_name="" service_name="NHK総合1・熊本"/>
      <extended_broadcaster_descriptor broadcaster_type="0x01" terrestrial_broadcaster_id="0x7C71">
        <affiliation id="0x00"/>
        <affiliation id="0x01"/>
        <broadcaster original_network_id="0x0004" broadcaster_id="0x01"/>
      </extended_broadcaster_descriptor>
      <short_event_descriptor language_code="jpn">
        <event_name>ニュース🈔🈑</event_name>
        <text></text>
      </short_event_descriptor>
      <component_descriptor stream_content="0x01" stream_content_ext="0x0F" component_type="0x03" component_tag="0x00" language_code="jpn" text=""/>
      <audio_component_descriptor stream_content="0x02" component_type="0x02" component_tag="0x10" stream_type="0x0F" main_component="true" quality_indicator="2" sampling_rate="7" ISO_639_language_code="jpn" ISO_639_language_code_2="eng" text="日本語英語"/>
      <content_descriptor>
        <content content_nibble_level_1="0" content_nibble_level_2="0" user_byte="0xFF"/>
      </content_descriptor>
      <data_content_descriptor data_component_id="0x0008" entry_component="0x30" ISO_639_language_code="jpn" text="">
        <selector_bytes>
          01 13 6A 70 6E
        </selector_bytes>
      </data_content_descriptor>
    </service>
  </selection_information_table>
  <selection_information_table version="22" current="true">
    <metadata PID="31"/>
    <partial_transport_stream_descriptor peak_rate="0x0000EA60"/>
    <ISDB_network_identifier_descriptor country_code="JPN" media_type="TB" network_id="0x7C70"/>
    <TS_information_descriptor remote_control_key_id="0x01" ts_name="ＮＨＫ総合・熊本">
      <transmission_type transmission_type_info="0x0F">
        <service id="0xE000"/>
        <service id="0xE001"/>
        <service id="0xFFF0"/>
      </transmission_type>
      <transmission_type transmission_type_info="0xAF">
        <service id="0xE180"/>
      </transmission_type>
    </TS_information_descriptor>
    <service service_id="0xE000" running_status="undefined">
      <partialTS_time_descriptor event_version_number="61" event_start_time="2025-04-04 18:00:00" duration="00:10:00" other_descriptor_status="false" JST_time="2025-04-04 18:04:24"/>
      <generic_descriptor tag="0x85">
        7C 70 7C 70 06 B5 FF
      </generic_descriptor>
      <service_descriptor service_type="0x01" service_provider_name="" service_name="NHK総合1・熊本"/>
      <extended_broadcaster_descriptor broadcaster_type="0x01" terrestrial_broadcaster_id="0x7C71">
        <affiliation id="0x00"/>
        <affiliation id="0x01"/>
        <broadcaster original_network_id="0x0004" broadcaster_id="0x01"/>
      </extended_broadcaster_descriptor>
      <short_event_descriptor language_code="jpn">
        <event_name>ニュース🈔🈑</event_name>
        <text></text>
      </short_event_descriptor>
      <component_descriptor stream_content="0x01" stream_content_ext="0x0F" component_type="0x03" component_tag="0x00" language_code="jpn" text=""/>
      <audio_component_descriptor stream_content="0x02" component_type="0x02" component_tag="0x10" stream_type="0x0F" main_component="true" quality_indicator="2" sampling_rate="7" ISO_639_language_code="jpn" ISO_639_language_code_2="eng" text="日本語英語"/>
      <content_descriptor>
        <content content_nibble_level_1="0" content_nibble_level_2="0" user_byte="0xFF"/>
      </content_descriptor>
      <data_content_descriptor data_component_id="0x0008" entry_component="0x30" ISO_639_language_code="jpn" text="">
        <selector_bytes>
          01 13 6A 70 6E
        </selector_bytes>
      </data_content_descriptor>
    </service>
  </selection_information_table>
  <selection_information_table version="23" current="true">
    <metadata PID="31"/>
    <partial_transport_stream_descriptor peak_rate="0x0000EA60"/>
    <ISDB_network_identifier_descriptor country_code="JPN" media_type="TB" network_id="0x7C70"/>
    <TS_information_descriptor remote_control_key_id="0x01" ts_name="ＮＨＫ総合・熊本">
      <transmission_type transmission_type_info="0x0F">
        <service id="0xE000"/>
        <service id="0xE001"/>
        <service id="0xFFF0"/>
      </transmission_type>
      <transmission_type transmission_type_info="0xAF">
        <service id="0xE180"/>
      </transmission_type>
    </TS_information_descriptor>
    <service service_id="0xE000" running_status="undefined">
      <partialTS_time_descriptor event_version_number="61" event_start_time="2025-04-04 18:00:00" duration="00:10:00" other_descriptor_status="false" JST_time="2025-04-04 18:04:26"/>
      <generic_descriptor tag="0x85">
        7C 70 7C 70 06 B5 FF
      </generic_descriptor>
      <service_descriptor service_type="0x01" service_provider_name="" service_name="NHK総合1・熊本"/>
      <extended_broadcaster_descriptor broadcaster_type="0x01" terrestrial_broadcaster_id="0x7C71">
        <affiliation id="0x00"/>
        <affiliation id="0x01"/>
        <broadcaster original_network_id="0x0004" broadcaster_id="0x01"/>
      </extended_broadcaster_descriptor>
      <short_event_descriptor language_code="jpn">
        <event_name>ニュース🈔🈑</event_name>
        <text></text>
      </short_event_descriptor>
      <component_descriptor stream_content="0x01" stream_content_ext="0x0F" component_type="0x03" component_tag="0x00" language_code="jpn" text=""/>
      <audio_component_descriptor stream_content="0x02" component_type="0x02" component_tag="0x10" stream_type="0x0F" main_component="true" quality_indicator="2" sampling_rate="7" ISO_639_language_code="jpn" ISO_639_language_code_2="eng" text="日本語英語"/>
      <content_descriptor>
        <content content_nibble_level_1="0" content_nibble_level_2="0" user_byte="0xFF"/>
      </content_descriptor>
      <data_content_descriptor data_component_id="0x0008" entry_component="0x30" ISO_639_language_code="jpn" text="">
        <selector_bytes>
          01 13 6A 70 6E
        </selector_bytes>
      </data_content_descriptor>
    </service>
  </selection_information_table>
  <selection_information_table version="24" current="true">
    <metadata PID="31"/>
    <partial_transport_stream_descriptor peak_rate="0x0000EA60"/>
    <ISDB_network_identifier_descriptor country_code="JPN" media_type="TB" network_id="0x7C70"/>
    <TS_information_descriptor remote_control_key_id="0x01" ts_name="ＮＨＫ総合・熊本">
      <transmission_type transmission_type_info="0x0F">
        <service id="0xE000"/>
        <service id="0xE001"/>
        <service id="0xFFF0"/>
      </transmission_type>
      <transmission_type transmission_type_info="0xAF">
        <service id="0xE180"/>
      </transmission_type>
    </TS_information_descriptor>
    <service service_id="0xE000" running_status="undefined">
      <partialTS_time_descriptor event_version_number="61" event_start_time="2025-04-04 18:00:00" duration="00:10:00" other_descriptor_status="false" JST_time="2025-04-04 18:04:28"/>
      <generic_descriptor tag="0x85">
        7C 70 7C 70 06 B5 FF
      </generic_descriptor>
      <service_descriptor service_type="0x01" service_provider_name="" service_name="NHK総合1・熊本"/>
      <extended_broadcaster_descriptor broadcaster_type="0x01" terrestrial_broadcaster_id="0x7C71">
        <affiliation id="0x00"/>
        <affiliation id="0x01"/>
        <broadcaster original_network_id="0x0004" broadcaster_id="0x01"/>
      </extended_broadcaster_descriptor>
      <short_event_descriptor language_code="jpn">
        <event_name>ニュース🈔🈑</event_name>
        <text></text>
      </short_event_descriptor>
      <component_descriptor stream_content="0x01" stream_content_ext="0x0F" component_type="0x03" component_tag="0x00" language_code="jpn" text=""/>
      <audio_component_descriptor stream_content="0x02" component_type="0x02" component_tag="0x10" stream_type="0x0F" main_component="true" quality_indicator="2" sampling_rate="7" ISO_639_language_code="jpn" ISO_639_language_code_2="eng" text="日本語英語"/>
      <content_descriptor>
        <content content_nibble_level_1="0" content_nibble_level_2="0" user_byte="0xFF"/>
      </content_descriptor>
      <data_content_descriptor data_component_id="0x0008" entry_component="0x30" ISO_639_language_code="jpn" text="">
        <selector_bytes>
          01 13 6A 70 6E
        </selector_bytes>
      </data_content_descriptor>
    </service>
  </selection_information_table>
  <selection_information_table version="25" current="true">
    <metadata PID="31"/>
    <partial_transport_stream_descriptor peak_rate="0x0000EA60"/>
    <ISDB_network_identifier_descriptor country_code="JPN" media_type="TB" network_id="0x7C70"/>
    <TS_information_descriptor remote_control_key_id="0x01" ts_name="ＮＨＫ総合・熊本">
      <transmission_type transmission_type_info="0x0F">
        <service id="0xE000"/>
        <service id="0xE001"/>
        <service id="0xFFF0"/>
      </transmission_type>
      <transmission_type transmission_type_info="0xAF">
        <service id="0xE180"/>
      </transmission_type>
    </TS_information_descriptor>
    <service service_id="0xE000" running_status="undefined">
      <partialTS_time_descriptor event_version_number="61" event_start_time="2025-04-04 18:00:00" duration="00:10:00" other_descriptor_status="false" JST_time="2025-04-04 18:04:30"/>
      <generic_descriptor tag="0x85">
        7C 70 7C 70 06 B5 FF
      </generic_descriptor>
      <service_descriptor service_type="0x01" service_provider_name="" service_name="NHK総合1・熊本"/>
      <extended_broadcaster_descriptor broadcaster_type="0x01" terrestrial_broadcaster_id="0x7C71">
        <affiliation id="0x00"/>
        <affiliation id="0x01"/>
        <broadcaster original_network_id="0x0004" broadcaster_id="0x01"/>
      </extended_broadcaster_descriptor>
      <short_event_descriptor language_code="jpn">
        <event_name>ニュース🈔🈑</event_name>
        <text></text>
      </short_event_descriptor>
      <component_descriptor stream_content="0x01" stream_content_ext="0x0F" component_type="0x03" component_tag="0x00" language_code="jpn" text=""/>
      <audio_component_descriptor stream_content="0x02" component_type="0x02" component_tag="0x10" stream_type="0x0F" main_component="true" quality_indicator="2" sampling_rate="7" ISO_639_language_code="jpn" ISO_639_language_code_2="eng" text="日本語英語"/>
      <content_descriptor>
        <content content_nibble_level_1="0" content_nibble_level_2="0" user_byte="0xFF"/>
      </content_descriptor>
      <data_content_descriptor data_component_id="0x0008" entry_component="0x30" ISO_639_language_code="jpn" text="">
        <selector_bytes>
          01 13 6A 70 6E
        </selector_bytes>
      </data_content_descriptor>
    </service>
  </selection_information_table>
  <selection_information_table version="26" current="true">
    <metadata PID="31"/>
    <partial_transport_stream_descriptor peak_rate="0x0000EA60"/>
    <ISDB_network_identifier_descriptor country_code="JPN" media_type="TB" network_id="0x7C70"/>
    <TS_information_descriptor remote_control_key_id="0x01" ts_name="ＮＨＫ総合・熊本">
      <transmission_type transmission_type_info="0x0F">
        <service id="0xE000"/>
        <service id="0xE001"/>
        <service id="0xFFF0"/>
      </transmission_type>
      <transmission_type transmission_type_info="0xAF">
        <service id="0xE180"/>
      </transmission_type>
    </TS_information_descriptor>
    <service service_id="0xE000" running_status="undefined">
      <partialTS_time_descriptor event_version_number="61" event_start_time="2025-04-04 18:00:00" duration="00:10:00" other_descriptor_status="false" JST_time="2025-04-04 18:04:32"/>
      <generic_descriptor tag="0x85">
        7C 70 7C 70 06 B5 FF
      </generic_descriptor>
      <service_descriptor service_type="0x01" service_provider_name="" service_name="NHK総合1・熊本"/>
      <extended_broadcaster_descriptor broadcaster_type="0x01" terrestrial_broadcaster_id="0x7C71">
        <affiliation id="0x00"/>
        <affiliation id="0x01"/>
        <broadcaster original_network_id="0x0004" broadcaster_id="0x01"/>
      </extended_broadcaster_descriptor>
      <short_event_descriptor language_code="jpn">
        <event_name>ニュース🈔🈑</event_name>
        <text></text>
      </short_event_descriptor>
      <component_descriptor stream_content="0x01" stream_content_ext="0x0F" component_type="0x03" component_tag="0x00" language_code="jpn" text=""/>
      <audio_component_descriptor stream_content="0x02" component_type="0x02" component_tag="0x10" stream_type="0x0F" main_component="true" quality_indicator="2" sampling_rate="7" ISO_639_language_code="jpn" ISO_639_language_code_2="eng" text="日本語英語"/>
      <content_descriptor>
        <content content_nibble_level_1="0" content_nibble_level_2="0" user_byte="0xFF"/>
      </content_descriptor>
      <data_content_descriptor data_component_id="0x0008" entry_component="0x30" ISO_639_language_code="jpn" text="">
        <selector_bytes>
          01 13 6A 70 6E
        </selector_bytes>
      </data_content_descriptor>
    </service>
  </selection_information_table>
  <selection_information_table version="27" current="true">
    <metadata PID="31"/>
    <partial_transport_stream_descriptor peak_rate="0x0000EA60"/>
    <ISDB_network_identifier_descriptor country_code="JPN" media_type="TB" network_id="0x7C70"/>
    <TS_information_descriptor remote_control_key_id="0x01" ts_name="ＮＨＫ総合・熊本">
      <transmission_type transmission_type_info="0x0F">
        <service id="0xE000"/>
        <service id="0xE001"/>
        <service id="0xFFF0"/>
      </transmission_type>
      <transmission_type transmission_type_info="0xAF">
        <service id="0xE180"/>
      </transmission_type>
    </TS_information_descriptor>
    <service service_id="0xE000" running_status="undefined">
      <partialTS_time_descriptor event_version_number="61" event_start_time="2025-04-04 18:00:00" duration="00:10:00" other_descriptor_status="false" JST_time="2025-04-04 18:04:34"/>
      <generic_descriptor tag="0x85">
        7C 70 7C 70 06 B5 FF
      </generic_descriptor>
      <service_descriptor service_type="0x01" service_provider_name="" service_name="NHK総合1・熊本"/>
      <extended_broadcaster_descriptor broadcaster_type="0x01" terrestrial_broadcaster_id="0x7C71">
        <affiliation id="0x00"/>
        <affiliation id="0x01"/>
        <broadcaster original_network_id="0x0004" broadcaster_id="0x01"/>
      </extended_broadcaster_descriptor>
      <short_event_descriptor language_code="jpn">
        <event_name>ニュース🈔🈑</event_name>
        <text></text>
      </short_event_descriptor>
      <component_descriptor stream_content="0x01" stream_content_ext="0x0F" component_type="0x03" component_tag="0x00" language_code="jpn" text=""/>
      <audio_component_descriptor stream_content="0x02" component_type="0x02" component_tag="0x10" stream_type="0x0F" main_component="true" quality_indicator="2" sampling_rate="7" ISO_639_language_code="jpn" ISO_639_language_code_2="eng" text="日本語英語"/>
      <content_descriptor>
        <content content_nibble_level_1="0" content_nibble_level_2="0" user_byte="0xFF"/>
      </content_descriptor>
      <data_content_descriptor data_component_id="0x0008" entry_component="0x30" ISO_639_language_code="jpn" text="">
        <selector_bytes>
          01 13 6A 70 6E
        </selector_bytes>
      </data_content_descriptor>
    </service>
  </selection_information_table>
  <selection_information_table version="28" current="true">
    <metadata PID="31"/>
    <partial_transport_stream_descriptor peak_rate="0x0000EA60"/>
    <ISDB_network_identifier_descriptor country_code="JPN" media_type="TB" network_id="0x7C70"/>
    <TS_information_descriptor remote_control_key_id="0x01" ts_name="ＮＨＫ総合・熊本">
      <transmission_type transmission_type_info="0x0F">
        <service id="0xE000"/>
        <service id="0xE001"/>
        <service id="0xFFF0"/>
      </transmission_type>
      <transmission_type transmission_type_info="0xAF">
        <service id="0xE180"/>
      </transmission_type>
    </TS_information_descriptor>
    <service service_id="0xE000" running_status="undefined">
      <partialTS_time_descriptor event_version_number="61" event_start_time="2025-04-04 18:00:00" duration="00:10:00" other_descriptor_status="false" JST_time="2025-04-04 18:04:36"/>
      <generic_descriptor tag="0x85">
        7C 70 7C 70 06 B5 FF
      </generic_descriptor>
      <service_descriptor service_type="0x01" service_provider_name="" service_name="NHK総合1・熊本"/>
      <extended_broadcaster_descriptor broadcaster_type="0x01" terrestrial_broadcaster_id="0x7C71">
        <affiliation id="0x00"/>
        <affiliation id="0x01"/>
        <broadcaster original_network_id="0x0004" broadcaster_id="0x01"/>
      </extended_broadcaster_descriptor>
      <short_event_descriptor language_code="jpn">
        <event_name>ニュース🈔🈑</event_name>
        <text></text>
      </short_event_descriptor>
      <component_descriptor stream_content="0x01" stream_content_ext="0x0F" component_type="0x03" component_tag="0x00" language_code="jpn" text=""/>
      <audio_component_descriptor stream_content="0x02" component_type="0x02" component_tag="0x10" stream_type="0x0F" main_component="true" quality_indicator="2" sampling_rate="7" ISO_639_language_code="jpn" ISO_639_language_code_2="eng" text="日本語英語"/>
      <content_descriptor>
        <content content_nibble_level_1="0" content_nibble_level_2="0" user_byte="0xFF"/>
      </content_descriptor>
      <data_content_descriptor data_component_id="0x0008" entry_component="0x30" ISO_639_language_code="jpn" text="">
        <selector_bytes>
          01 13 6A 70 6E
        </selector_bytes>
      </data_content_descriptor>
    </service>
  </selection_information_table>
  <selection_information_table version="29" current="true">
    <metadata PID="31"/>
    <partial_transport_stream_descriptor peak_rate="0x0000EA60"/>
    <ISDB_network_identifier_descriptor country_code="JPN" media_type="TB" network_id="0x7C70"/>
    <TS_information_descriptor remote_control_key_id="0x01" ts_name="ＮＨＫ総合・熊本">
      <transmission_type transmission_type_info="0x0F">
        <service id="0xE000"/>
        <service id="0xE001"/>
        <service id="0xFFF0"/>
      </transmission_type>
      <transmission_type transmission_type_info="0xAF">
        <service id="0xE180"/>
      </transmission_type>
    </TS_information_descriptor>
    <service service_id="0xE000" running_status="undefined">
      <partialTS_time_descriptor event_version_number="61" event_start_time="2025-04-04 18:00:00" duration="00:10:00" other_descriptor_status="false" JST_time="2025-04-04 18:04:38"/>
      <generic_descriptor tag="0x85">
        7C 70 7C 70 06 B5 FF
      </generic_descriptor>
      <service_descriptor service_type="0x01" service_provider_name="" service_name="NHK総合1・熊本"/>
      <extended_broadcaster_descriptor broadcaster_type="0x01" terrestrial_broadcaster_id="0x7C71">
        <affiliation id="0x00"/>
        <affiliation id="0x01"/>
        <broadcaster original_network_id="0x0004" broadcaster_id="0x01"/>
      </extended_broadcaster_descriptor>
      <short_event_descriptor language_code="jpn">
        <event_name>ニュース🈔🈑</event_name>
        <text></text>
      </short_event_descriptor>
      <component_descriptor stream_content="0x01" stream_content_ext="0x0F" component_type="0x03" component_tag="0x00" language_code="jpn" text=""/>
      <audio_component_descriptor stream_content="0x02" component_type="0x02" component_tag="0x10" stream_type="0x0F" main_component="true" quality_indicator="2" sampling_rate="7" ISO_639_language_code="jpn" ISO_639_language_code_2="eng" text="日本語英語"/>
      <content_descriptor>
        <content content_nibble_level_1="0" content_nibble_level_2="0" user_byte="0xFF"/>
      </content_descriptor>
      <data_content_descriptor data_component_id="0x0008" entry_component="0x30" ISO_639_language_code="jpn" text="">
        <selector_bytes>
          01 13 6A 70 6E
        </selector_bytes>
      </data_content_descriptor>
    </service>
  </selection_information_table>
  <selection_information_table version="30" current="true">
    <metadata PID="31"/>
    <partial_transport_stream_descriptor peak_rate="0x0000EA60"/>
    <ISDB_network_identifier_descriptor country_code="JPN" media_type="TB" network_id="0x7C70"/>
    <TS_information_descriptor remote_control_key_id="0x01" ts_name="ＮＨＫ総合・熊本">
      <transmission_type transmission_type_info="0x0F">
        <service id="0xE000"/>
        <service id="0xE001"/>
        <service id="0xFFF0"/>
      </transmission_type>
      <transmission_type transmission_type_info="0xAF">
        <service id="0xE180"/>
      </transmission_type>
    </TS_information_descriptor>
    <service service_id="0xE000" running_status="undefined">
      <partialTS_time_descriptor event_version_number="61" event_start_time="2025-04-04 18:00:00" duration="00:10:00" other_descriptor_status="false" JST_time="2025-04-04 18:04:40"/>
      <generic_descriptor tag="0x85">
        7C 70 7C 70 06 B5 FF
      </generic_descriptor>
      <service_descriptor service_type="0x01" service_provider_name="" service_name="NHK総合1・熊本"/>
      <extended_broadcaster_descriptor broadcaster_type="0x01" terrestrial_broadcaster_id="0x7C71">
        <affiliation id="0x00"/>
        <affiliation id="0x01"/>
        <broadcaster original_network_id="0x0004" broadcaster_id="0x01"/>
      </extended_broadcaster_descriptor>
      <short_event_descriptor language_code="jpn">
        <event_name>ニュース🈔🈑</event_name>
        <text></text>
      </short_event_descriptor>
      <component_descriptor stream_content="0x01" stream_content_ext="0x0F" component_type="0x03" component_tag="0x00" language_code="jpn" text=""/>
      <audio_component_descriptor stream_content="0x02" component_type="0x02" component_tag="0x10" stream_type="0x0F" main_component="true" quality_indicator="2" sampling_rate="7" ISO_639_language_code="jpn" ISO_639_language_code_2="eng" text="日本語英語"/>
      <content_descriptor>
        <content content_nibble_level_1="0" content_nibble_level_2="0" user_byte="0xFF"/>
      </content_descriptor>
      <data_content_descriptor data_component_id="0x0008" entry_component="0x30" ISO_639_language_code="jpn" text="">
        <selector_bytes>
          01 13 6A 70 6E
        </selector_bytes>
      </data_content_descriptor>
    </service>
  </selection_information_table>
  <selection_information_table version="31" current="true">
    <metadata PID="31"/>
    <partial_transport_stream_descriptor peak_rate="0x0000EA60"/>
    <ISDB_network_identifier_descriptor country_code="JPN" media_type="TB" network_id="0x7C70"/>
    <TS_information_descriptor remote_control_key_id="0x01" ts_name="ＮＨＫ総合・熊本">
      <transmission_type transmission_type_info="0x0F">
        <service id="0xE000"/>
        <service id="0xE001"/>
        <service id="0xFFF0"/>
      </transmission_type>
      <transmission_type transmission_type_info="0xAF">
        <service id="0xE180"/>
      </transmission_type>
    </TS_information_descriptor>
    <service service_id="0xE000" running_status="undefined">
      <partialTS_time_descriptor event_version_number="61" event_start_time="2025-04-04 18:00:00" duration="00:10:00" other_descriptor_status="false" JST_time="2025-04-04 18:04:43"/>
      <generic_descriptor tag="0x85">
        7C 70 7C 70 06 B5 FF
      </generic_descriptor>
      <service_descriptor service_type="0x01" service_provider_name="" service_name="NHK総合1・熊本"/>
      <extended_broadcaster_descriptor broadcaster_type="0x01" terrestrial_broadcaster_id="0x7C71">
        <affiliation id="0x00"/>
        <affiliation id="0x01"/>
        <broadcaster original_network_id="0x0004" broadcaster_id="0x01"/>
      </extended_broadcaster_descriptor>
      <short_event_descriptor language_code="jpn">
        <event_name>ニュース🈔🈑</event_name>
        <text></text>
      </short_event_descriptor>
      <component_descriptor stream_content="0x01" stream_content_ext="0x0F" component_type="0x03" component_tag="0x00" language_code="jpn" text=""/>
      <audio_component_descriptor stream_content="0x02" component_type="0x02" component_tag="0x10" stream_type="0x0F" main_component="true" quality_indicator="2" sampling_rate="7" ISO_639_language_code="jpn" ISO_639_language_code_2="eng" text="日本語英語"/>
      <content_descriptor>
        <content content_nibble_level_1="0" content_nibble_level_2="0" user_byte="0xFF"/>
      </content_descriptor>
      <data_content_descriptor data_component_id="0x0008" entry_component="0x30" ISO_639_language_code="jpn" text="">
        <selector_bytes>
          01 13 6A 70 6E
        </selector_bytes>
      </data_content_descriptor>
    </service>
  </selection_information_table>
  <selection_information_table version="0" current="true">
    <metadata PID="31"/>
    <partial_transport_stream_descriptor peak_rate="0x0000EA60"/>
    <ISDB_network_identifier_descriptor country_code="JPN" media_type="TB" network_id="0x7C70"/>
    <TS_information_descriptor remote_control_key_id="0x01" ts_name="ＮＨＫ総合・熊本">
      <transmission_type transmission_type_info="0x0F">
        <service id="0xE000"/>
        <service id="0xE001"/>
        <service id="0xFFF0"/>
      </transmission_type>
      <transmission_type transmission_type_info="0xAF">
        <service id="0xE180"/>
      </transmission_type>
    </TS_information_descriptor>
    <service service_id="0xE000" running_status="undefined">
      <partialTS_time_descriptor event_version_number="61" event_start_time="2025-04-04 18:00:00" duration="00:10:00" other_descriptor_status="false" JST_time="2025-04-04 18:04:45"/>
      <generic_descriptor tag="0x85">
        7C 70 7C 70 06 B5 FF
      </generic_descriptor>
      <service_descriptor service_type="0x01" service_provider_name="" service_name="NHK総合1・熊本"/>
      <extended_broadcaster_descriptor broadcaster_type="0x01" terrestrial_broadcaster_id="0x7C71">
        <affiliation id="0x00"/>
        <affiliation id="0x01"/>
        <broadcaster original_network_id="0x0004" broadcaster_id="0x01"/>
      </extended_broadcaster_descriptor>
      <short_event_descriptor language_code="jpn">
        <event_name>ニュース🈔🈑</event_name>
        <text></text>
      </short_event_descriptor>
      <component_descriptor stream_content="0x01" stream_content_ext="0x0F" component_type="0x03" component_tag="0x00" language_code="jpn" text=""/>
      <audio_component_descriptor stream_content="0x02" component_type="0x02" component_tag="0x10" stream_type="0x0F" main_component="true" quality_indicator="2" sampling_rate="7" ISO_639_language_code="jpn" ISO_639_language_code_2="eng" text="日本語英語"/>
      <content_descriptor>
        <content content_nibble_level_1="0" content_nibble_level_2="0" user_byte="0xFF"/>
      </content_descriptor>
      <data_content_descriptor data_component_id="0x0008" entry_component="0x30" ISO_639_language_code="jpn" text="">
        <selector_bytes>
          01 13 6A 70 6E
        </selector_bytes>
      </data_content_descriptor>
    </service>
  </selection_information_table>
  <selection_information_table version="1" current="true">
    <metadata PID="31"/>
    <partial_transport_stream_descriptor peak_rate="0x0000EA60"/>
    <ISDB_network_identifier_descriptor country_code="JPN" media_type="TB" network_id="0x7C70"/>
    <TS_information_descriptor remote_control_key_id="0x01" ts_name="ＮＨＫ総合・熊本">
      <transmission_type transmission_type_info="0x0F">
        <service id="0xE000"/>
        <service id="0xE001"/>
        <service id="0xFFF0"/>
      </transmission_type>
      <transmission_type transmission_type_info="0xAF">
        <service id="0xE180"/>
      </transmission_type>
    </TS_information_descriptor>
    <service service_id="0xE000" running_status="undefined">
      <partialTS_time_descriptor event_version_number="61" event_start_time="2025-04-04 18:00:00" duration="00:10:00" other_descriptor_status="false" JST_time="2025-04-04 18:04:47"/>
      <generic_descriptor tag="0x85">
        7C 70 7C 70 06 B5 FF
      </generic_descriptor>
      <service_descriptor service_type="0x01" service_provider_name="" service_name="NHK総合1・熊本"/>
      <extended_broadcaster_descriptor broadcaster_type="0x01" terrestrial_broadcaster_id="0x7C71">
        <affiliation id="0x00"/>
        <affiliation id="0x01"/>
        <broadcaster original_network_id="0x0004" broadcaster_id="0x01"/>
      </extended_broadcaster_descriptor>
      <short_event_descriptor language_code="jpn">
        <event_name>ニュース🈔🈑</event_name>
        <text></text>
      </short_event_descriptor>
      <component_descriptor stream_content="0x01" stream_content_ext="0x0F" component_type="0x03" component_tag="0x00" language_code="jpn" text=""/>
      <audio_component_descriptor stream_content="0x02" component_type="0x02" component_tag="0x10" stream_type="0x0F" main_component="true" quality_indicator="2" sampling_rate="7" ISO_639_language_code="jpn" ISO_639_language_code_2="eng" text="日本語英語"/>
      <content_descriptor>
        <content content_nibble_level_1="0" content_nibble_level_2="0" user_byte="0xFF"/>
      </content_descriptor>
      <data_content_descriptor data_component_id="0x0008" entry_component="0x30" ISO_639_language_code="jpn" text="">
        <selector_bytes>
          01 13 6A 70 6E
        </selector_bytes>
      </data_content_descriptor>
    </service>
  </selection_information_table>
  <selection_information_table version="2" current="true">
    <metadata PID="31"/>
    <partial_transport_stream_descriptor peak_rate="0x0000EA60"/>
    <ISDB_network_identifier_descriptor country_code="JPN" media_type="TB" network_id="0x7C70"/>
    <TS_information_descriptor remote_control_key_id="0x01" ts_name="ＮＨＫ総合・熊本">
      <transmission_type transmission_type_info="0x0F">
        <service id="0xE000"/>
        <service id="0xE001"/>
        <service id="0xFFF0"/>
      </transmission_type>
      <transmission_type transmission_type_info="0xAF">
        <service id="0xE180"/>
      </transmission_type>
    </TS_information_descriptor>
    <service service_id="0xE000" running_status="undefined">
      <partialTS_time_descriptor event_version_number="61" event_start_time="2025-04-04 18:00:00" duration="00:10:00" other_descriptor_status="false" JST_time="2025-04-04 18:04:49"/>
      <generic_descriptor tag="0x85">
        7C 70 7C 70 06 B5 FF
      </generic_descriptor>
      <service_descriptor service_type="0x01" service_provider_name="" service_name="NHK総合1・熊本"/>
      <extended_broadcaster_descriptor broadcaster_type="0x01" terrestrial_broadcaster_id="0x7C71">
        <affiliation id="0x00"/>
        <affiliation id="0x01"/>
        <broadcaster original_network_id="0x0004" broadcaster_id="0x01"/>
      </extended_broadcaster_descriptor>
      <short_event_descriptor language_code="jpn">
        <event_name>ニュース🈔🈑</event_name>
        <text></text>
      </short_event_descriptor>
      <component_descriptor stream_content="0x01" stream_content_ext="0x0F" component_type="0x03" component_tag="0x00" language_code="jpn" text=""/>
      <audio_component_descriptor stream_content="0x02" component_type="0x02" component_tag="0x10" stream_type="0x0F" main_component="true" quality_indicator="2" sampling_rate="7" ISO_639_language_code="jpn" ISO_639_language_code_2="eng" text="日本語英語"/>
      <content_descriptor>
        <content content_nibble_level_1="0" content_nibble_level_2="0" user_byte="0xFF"/>
      </content_descriptor>
      <data_content_descriptor data_component_id="0x0008" entry_component="0x30" ISO_639_language_code="jpn" text="">
        <selector_bytes>
          01 13 6A 70 6E
        </selector_bytes>
      </data_content_descriptor>
    </service>
  </selection_information_table>
  <selection_information_table version="3" current="true">
    <metadata PID="31"/>
    <partial_transport_stream_descriptor peak_rate="0x0000EA60"/>
    <ISDB_network_identifier_descriptor country_code="JPN" media_type="TB" network_id="0x7C70"/>
    <TS_information_descriptor remote_control_key_id="0x01" ts_name="ＮＨＫ総合・熊本">
      <transmission_type transmission_type_info="0x0F">
        <service id="0xE000"/>
        <service id="0xE001"/>
        <service id="0xFFF0"/>
      </transmission_type>
      <transmission_type transmission_type_info="0xAF">
        <service id="0xE180"/>
      </transmission_type>
    </TS_information_descriptor>
    <service service_id="0xE000" running_status="undefined">
      <partialTS_time_descriptor event_version_number="61" event_start_time="2025-04-04 18:00:00" duration="00:10:00" other_descriptor_status="false" JST_time="2025-04-04 18:04:51"/>
      <generic_descriptor tag="0x85">
        7C 70 7C 70 06 B5 FF
      </generic_descriptor>
      <service_descriptor service_type="0x01" service_provider_name="" service_name="NHK総合1・熊本"/>
      <extended_broadcaster_descriptor broadcaster_type="0x01" terrestrial_broadcaster_id="0x7C71">
        <affiliation id="0x00"/>
        <affiliation id="0x01"/>
        <broadcaster original_network_id="0x0004" broadcaster_id="0x01"/>
      </extended_broadcaster_descriptor>
      <short_event_descriptor language_code="jpn">
        <event_name>ニュース🈔🈑</event_name>
        <text></text>
      </short_event_descriptor>
      <component_descriptor stream_content="0x01" stream_content_ext="0x0F" component_type="0x03" component_tag="0x00" language_code="jpn" text=""/>
      <audio_component_descriptor stream_content="0x02" component_type="0x02" component_tag="0x10" stream_type="0x0F" main_component="true" quality_indicator="2" sampling_rate="7" ISO_639_language_code="jpn" ISO_639_language_code_2="eng" text="日本語英語"/>
      <content_descriptor>
        <content content_nibble_level_1="0" content_nibble_level_2="0" user_byte="0xFF"/>
      </content_descriptor>
      <data_content_descriptor data_component_id="0x0008" entry_component="0x30" ISO_639_language_code="jpn" text="">
        <selector_bytes>
          01 13 6A 70 6E
        </selector_bytes>
      </data_content_descriptor>
    </service>
  </selection_information_table>
  <selection_information_table version="4" current="true">
    <metadata PID="31"/>
    <partial_transport_stream_descriptor peak_rate="0x0000EA60"/>
    <ISDB_network_identifier_descriptor country_code="JPN" media_type="TB" network_id="0x7C70"/>
    <TS_information_descriptor remote_control_key_id="0x01" ts_name="ＮＨＫ総合・熊本">
      <transmission_type transmission_type_info="0x0F">
        <service id="0xE000"/>
        <service id="0xE001"/>
        <service id="0xFFF0"/>
      </transmission_type>
      <transmission_type transmission_type_info="0xAF">
        <service id="0xE180"/>
      </transmission_type>
    </TS_information_descriptor>
    <service service_id="0xE000" running_status="undefined">
      <partialTS_time_descriptor event_version_number="61" event_start_time="2025-04-04 18:00:00" duration="00:10:00" other_descriptor_status="false" JST_time="2025-04-04 18:04:53"/>
      <generic_descriptor tag="0x85">
        7C 70 7C 70 06 B5 FF
      </generic_descriptor>
      <service_descriptor service_type="0x01" service_provider_name="" service_name="NHK総合1・熊本"/>
      <extended_broadcaster_descriptor broadcaster_type="0x01" terrestrial_broadcaster_id="0x7C71">
        <affiliation id="0x00"/>
        <affiliation id="0x01"/>
        <broadcaster original_network_id="0x0004" broadcaster_id="0x01"/>
      </extended_broadcaster_descriptor>
      <short_event_descriptor language_code="jpn">
        <event_name>ニュース🈔🈑</event_name>
        <text></text>
      </short_event_descriptor>
      <component_descriptor stream_content="0x01" stream_content_ext="0x0F" component_type="0x03" component_tag="0x00" language_code="jpn" text=""/>
      <audio_component_descriptor stream_content="0x02" component_type="0x02" component_tag="0x10" stream_type="0x0F" main_component="true" quality_indicator="2" sampling_rate="7" ISO_639_language_code="jpn" ISO_639_language_code_2="eng" text="日本語英語"/>
      <content_descriptor>
        <content content_nibble_level_1="0" content_nibble_level_2="0" user_byte="0xFF"/>
      </content_descriptor>
      <data_content_descriptor data_component_id="0x0008" entry_component="0x30" ISO_639_language_code="jpn" text="">
        <selector_bytes>
          01 13 6A 70 6E
        </selector_bytes>
      </data_content_descriptor>
    </service>
  </selection_information_table>
  <selection_information_table version="5" current="true">
    <metadata PID="31"/>
    <partial_transport_stream_descriptor peak_rate="0x0000EA60"/>
    <ISDB_network_identifier_descriptor country_code="JPN" media_type="TB" network_id="0x7C70"/>
    <TS_information_descriptor remote_control_key_id="0x01" ts_name="ＮＨＫ総合・熊本">
      <transmission_type transmission_type_info="0x0F">
        <service id="0xE000"/>
        <service id="0xE001"/>
        <service id="0xFFF0"/>
      </transmission_type>
      <transmission_type transmission_type_info="0xAF">
        <service id="0xE180"/>
      </transmission_type>
    </TS_information_descriptor>
    <service service_id="0xE000" running_status="undefined">
      <partialTS_time_descriptor event_version_number="61" event_start_time="2025-04-04 18:00:00" duration="00:10:00" other_descriptor_status="false" JST_time="2025-04-04 18:04:55"/>
      <generic_descriptor tag="0x85">
        7C 70 7C 70 06 B5 FF
      </generic_descriptor>
      <service_descriptor service_type="0x01" service_provider_name="" service_name="NHK総合1・熊本"/>
      <extended_broadcaster_descriptor broadcaster_type="0x01" terrestrial_broadcaster_id="0x7C71">
        <affiliation id="0x00"/>
        <affiliation id="0x01"/>
        <broadcaster original_network_id="0x0004" broadcaster_id="0x01"/>
      </extended_broadcaster_descriptor>
      <short_event_descriptor language_code="jpn">
        <event_name>ニュース🈔🈑</event_name>
        <text></text>
      </short_event_descriptor>
      <component_descriptor stream_content="0x01" stream_content_ext="0x0F" component_type="0x03" component_tag="0x00" language_code="jpn" text=""/>
      <audio_component_descriptor stream_content="0x02" component_type="0x02" component_tag="0x10" stream_type="0x0F" main_component="true" quality_indicator="2" sampling_rate="7" ISO_639_language_code="jpn" ISO_639_language_code_2="eng" text="日本語英語"/>
      <content_descriptor>
        <content content_nibble_level_1="0" content_nibble_level_2="0" user_byte="0xFF"/>
      </content_descriptor>
      <data_content_descriptor data_component_id="0x0008" entry_component="0x30" ISO_639_language_code="jpn" text="">
        <selector_bytes>
          01 13 6A 70 6E
        </selector_bytes>
      </data_content_descriptor>
    </service>
  </selection_information_table>
  <selection_information_table version="6" current="true">
    <metadata PID="31"/>
    <partial_transport_stream_descriptor peak_rate="0x0000EA60"/>
    <ISDB_network_identifier_descriptor country_code="JPN" media_type="TB" network_id="0x7C70"/>
    <TS_information_descriptor remote_control_key_id="0x01" ts_name="ＮＨＫ総合・熊本">
      <transmission_type transmission_type_info="0x0F">
        <service id="0xE000"/>
        <service id="0xE001"/>
        <service id="0xFFF0"/>
      </transmission_type>
      <transmission_type transmission_type_info="0xAF">
        <service id="0xE180"/>
      </transmission_type>
    </TS_information_descriptor>
    <service service_id="0xE000" running_status="undefined">
      <partialTS_time_descriptor event_version_number="61" event_start_time="2025-04-04 18:00:00" duration="00:10:00" other_descriptor_status="false" JST_time="2025-04-04 18:04:57"/>
      <generic_descriptor tag="0x85">
        7C 70 7C 70 06 B5 FF
      </generic_descriptor>
      <service_descriptor service_type="0x01" service_provider_name="" service_name="NHK総合1・熊本"/>
      <extended_broadcaster_descriptor broadcaster_type="0x01" terrestrial_broadcaster_id="0x7C71">
        <affiliation id="0x00"/>
        <affiliation id="0x01"/>
        <broadcaster original_network_id="0x0004" broadcaster_id="0x01"/>
      </extended_broadcaster_descriptor>
      <short_event_descriptor language_code="jpn">
        <event_name>ニュース🈔🈑</event_name>
        <text></text>
      </short_event_descriptor>
      <component_descriptor stream_content="0x01" stream_content_ext="0x0F" component_type="0x03" component_tag="0x00" language_code="jpn" text=""/>
      <audio_component_descriptor stream_content="0x02" component_type="0x02" component_tag="0x10" stream_type="0x0F" main_component="true" quality_indicator="2" sampling_rate="7" ISO_639_language_code="jpn" ISO_639_language_code_2="eng" text="日本語英語"/>
      <content_descriptor>
        <content content_nibble_level_1="0" content_nibble_level_2="0" user_byte="0xFF"/>
      </content_descriptor>
      <data_content_descriptor data_component_id="0x0008" entry_component="0x30" ISO_639_language_code="jpn" text="">
        <selector_bytes>
          01 13 6A 70 6E
        </selector_bytes>
      </data_content_descriptor>
    </service>
  </selection_information_table>
  <selection_information_table version="7" current="true">
    <metadata PID="31"/>
    <partial_transport_stream_descriptor peak_rate="0x0000EA60"/>
    <ISDB_network_identifier_descriptor country_code="JPN" media_type="TB" network_id="0x7C70"/>
    <TS_information_descriptor remote_control_key_id="0x01" ts_name="ＮＨＫ総合・熊本">
      <transmission_type transmission_type_info="0x0F">
        <service id="0xE000"/>
        <service id="0xE001"/>
        <service id="0xFFF0"/>
      </transmission_type>
      <transmission_type transmission_type_info="0xAF">
        <service id="0xE180"/>
      </transmission_type>
    </TS_information_descriptor>
    <service service_id="0xE000" running_status="undefined">
      <partialTS_time_descriptor event_version_number="61" event_start_time="2025-04-04 18:00:00" duration="00:10:00" other_descriptor_status="false" JST_time="2025-04-04 18:04:59"/>
      <generic_descriptor tag="0x85">
        7C 70 7C 70 06 B5 FF
      </generic_descriptor>
      <service_descriptor service_type="0x01" service_provider_name="" service_name="NHK総合1・熊本"/>
      <extended_broadcaster_descriptor broadcaster_type="0x01" terrestrial_broadcaster_id="0x7C71">
        <affiliation id="0x00"/>
        <affiliation id="0x01"/>
        <broadcaster original_network_id="0x0004" broadcaster_id="0x01"/>
      </extended_broadcaster_descriptor>
      <short_event_descriptor language_code="jpn">
        <event_name>ニュース🈔🈑</event_name>
        <text></text>
      </short_event_descriptor>
      <component_descriptor stream_content="0x01" stream_content_ext="0x0F" component_type="0x03" component_tag="0x00" language_code="jpn" text=""/>
      <audio_component_descriptor stream_content="0x02" component_type="0x02" component_tag="0x10" stream_type="0x0F" main_component="true" quality_indicator="2" sampling_rate="7" ISO_639_language_code="jpn" ISO_639_language_code_2="eng" text="日本語英語"/>
      <content_descriptor>
        <content content_nibble_level_1="0" content_nibble_level_2="0" user_byte="0xFF"/>
      </content_descriptor>
      <data_content_descriptor data_component_id="0x0008" entry_component="0x30" ISO_639_language_code="jpn" text="">
        <selector_bytes>
          01 13 6A 70 6E
        </selector_bytes>
      </data_content_descriptor>
    </service>
  </selection_information_table>
  <selection_information_table version="8" current="true">
    <metadata PID="31"/>
    <partial_transport_stream_descriptor peak_rate="0x0000EA60"/>
    <ISDB_network_identifier_descriptor country_code="JPN" media_type="TB" network_id="0x7C70"/>
    <TS_information_descriptor remote_control_key_id="0x01" ts_name="ＮＨＫ総合・熊本">
      <transmission_type transmission_type_info="0x0F">
        <service id="0xE000"/>
        <service id="0xE001"/>
        <service id="0xFFF0"/>
      </transmission_type>
      <transmission_type transmission_type_info="0xAF">
        <service id="0xE180"/>
      </transmission_type>
    </TS_information_descriptor>
    <service service_id="0xE000" running_status="undefined">
      <partialTS_time_descriptor event_version_number="61" event_start_time="2025-04-04 18:00:00" duration="00:10:00" other_descriptor_status="false" JST_time="2025-04-04 18:05:01"/>
      <generic_descriptor tag="0x85">
        7C 70 7C 70 06 B5 FF
      </generic_descriptor>
      <service_descriptor service_type="0x01" service_provider_name="" service_name="NHK総合1・熊本"/>
      <extended_broadcaster_descriptor broadcaster_type="0x01" terrestrial_broadcaster_id="0x7C71">
        <affiliation id="0x00"/>
        <affiliation id="0x01"/>
        <broadcaster original_network_id="0x0004" broadcaster_id="0x01"/>
      </extended_broadcaster_descriptor>
      <short_event_descriptor language_code="jpn">
        <event_name>ニュース🈔🈑</event_name>
        <text></text>
      </short_event_descriptor>
      <component_descriptor stream_content="0x01" stream_content_ext="0x0F" component_type="0x03" component_tag="0x00" language_code="jpn" text=""/>
      <audio_component_descriptor stream_content="0x02" component_type="0x02" component_tag="0x10" stream_type="0x0F" main_component="true" quality_indicator="2" sampling_rate="7" ISO_639_language_code="jpn" ISO_639_language_code_2="eng" text="日本語英語"/>
      <content_descriptor>
        <content content_nibble_level_1="0" content_nibble_level_2="0" user_byte="0xFF"/>
      </content_descriptor>
      <data_content_descriptor data_component_id="0x0008" entry_component="0x30" ISO_639_language_code="jpn" text="">
        <selector_bytes>
          01 13 6A 70 6E
        </selector_bytes>
      </data_content_descriptor>
    </service>
  </selection_information_table>
  <selection_information_table version="9" current="true">
    <metadata PID="31"/>
    <partial_transport_stream_descriptor peak_rate="0x0000EA60"/>
    <ISDB_network_identifier_descriptor country_code="JPN" media_type="TB" network_id="0x7C70"/>
    <TS_information_descriptor remote_control_key_id="0x01" ts_name="ＮＨＫ総合・熊本">
      <transmission_type transmission_type_info="0x0F">
        <service id="0xE000"/>
        <service id="0xE001"/>
        <service id="0xFFF0"/>
      </transmission_type>
      <transmission_type transmission_type_info="0xAF">
        <service id="0xE180"/>
      </transmission_type>
    </TS_information_descriptor>
    <service service_id="0xE000" running_status="undefined">
      <partialTS_time_descriptor event_version_number="61" event_start_time="2025-04-04 18:00:00" duration="00:10:00" other_descriptor_status="false" JST_time="2025-04-04 18:05:04"/>
      <generic_descriptor tag="0x85">
        7C 70 7C 70 06 B5 FF
      </generic_descriptor>
      <service_descriptor service_type="0x01" service_provider_name="" service_name="NHK総合1・熊本"/>
      <extended_broadcaster_descriptor broadcaster_type="0x01" terrestrial_broadcaster_id="0x7C71">
        <affiliation id="0x00"/>
        <affiliation id="0x01"/>
        <broadcaster original_network_id="0x0004" broadcaster_id="0x01"/>
      </extended_broadcaster_descriptor>
      <short_event_descriptor language_code="jpn">
        <event_name>ニュース🈔🈑</event_name>
        <text></text>
      </short_event_descriptor>
      <component_descriptor stream_content="0x01" stream_content_ext="0x0F" component_type="0x03" component_tag="0x00" language_code="jpn" text=""/>
      <audio_component_descriptor stream_content="0x02" component_type="0x02" component_tag="0x10" stream_type="0x0F" main_component="true" quality_indicator="2" sampling_rate="7" ISO_639_language_code="jpn" ISO_639_language_code_2="eng" text="日本語英語"/>
      <content_descriptor>
        <content content_nibble_level_1="0" content_nibble_level_2="0" user_byte="0xFF"/>
      </content_descriptor>
      <data_content_descriptor data_component_id="0x0008" entry_component="0x30" ISO_639_language_code="jpn" text="">
        <selector_bytes>
          01 13 6A 70 6E
        </selector_bytes>
      </data_content_descriptor>
    </service>
  </selection_information_table>
  <selection_information_table version="10" current="true">
    <metadata PID="31"/>
    <partial_transport_stream_descriptor peak_rate="0x0000EA60"/>
    <ISDB_network_identifier_descriptor country_code="JPN" media_type="TB" network_id="0x7C70"/>
    <TS_information_descriptor remote_control_key_id="0x01" ts_name="ＮＨＫ総合・熊本">
      <transmission_type transmission_type_info="0x0F">
        <service id="0xE000"/>
        <service id="0xE001"/>
        <service id="0xFFF0"/>
      </transmission_type>
      <transmission_type transmission_type_info="0xAF">
        <service id="0xE180"/>
      </transmission_type>
    </TS_information_descriptor>
    <service service_id="0xE000" running_status="undefined">
      <partialTS_time_descriptor event_version_number="61" event_start_time="2025-04-04 18:00:00" duration="00:10:00" other_descriptor_status="false" JST_time="2025-04-04 18:05:06"/>
      <generic_descriptor tag="0x85">
        7C 70 7C 70 06 B5 FF
      </generic_descriptor>
      <service_descriptor service_type="0x01" service_provider_name="" service_name="NHK総合1・熊本"/>
      <extended_broadcaster_descriptor broadcaster_type="0x01" terrestrial_broadcaster_id="0x7C71">
        <affiliation id="0x00"/>
        <affiliation id="0x01"/>
        <broadcaster original_network_id="0x0004" broadcaster_id="0x01"/>
      </extended_broadcaster_descriptor>
      <short_event_descriptor language_code="jpn">
        <event_name>ニュース🈔🈑</event_name>
        <text></text>
      </short_event_descriptor>
      <component_descriptor stream_content="0x01" stream_content_ext="0x0F" component_type="0x03" component_tag="0x00" language_code="jpn" text=""/>
      <audio_component_descriptor stream_content="0x02" component_type="0x02" component_tag="0x10" stream_type="0x0F" main_component="true" quality_indicator="2" sampling_rate="7" ISO_639_language_code="jpn" ISO_639_language_code_2="eng" text="日本語英語"/>
      <content_descriptor>
        <content content_nibble_level_1="0" content_nibble_level_2="0" user_byte="0xFF"/>
      </content_descriptor>
      <data_content_descriptor data_component_id="0x0008" entry_component="0x30" ISO_639_language_code="jpn" text="">
        <selector_bytes>
          01 13 6A 70 6E
        </selector_bytes>
      </data_content_descriptor>
    </service>
  </selection_information_table>
  <selection_information_table version="11" current="true">
    <metadata PID="31"/>
    <partial_transport_stream_descriptor peak_rate="0x0000EA60"/>
    <ISDB_network_identifier_descriptor country_code="JPN" media_type="TB" network_id="0x7C70"/>
    <TS_information_descriptor remote_control_key_id="0x01" ts_name="ＮＨＫ総合・熊本">
      <transmission_type transmission_type_info="0x0F">
        <service id="0xE000"/>
        <service id="0xE001"/>
        <service id="0xFFF0"/>
      </transmission_type>
      <transmission_type transmission_type_info="0xAF">
        <service id="0xE180"/>
      </transmission_type>
    </TS_information_descriptor>
    <service service_id="0xE000" running_status="undefined">
      <partialTS_time_descriptor event_version_number="61" event_start_time="2025-04-04 18:00:00" duration="00:10:00" other_descriptor_status="false" JST_time="2025-04-04 18:05:08"/>
      <generic_descriptor tag="0x85">
        7C 70 7C 70 06 B5 FF
      </generic_descriptor>
      <service_descriptor service_type="0x01" service_provider_name="" service_name="NHK総合1・熊本"/>
      <extended_broadcaster_descriptor broadcaster_type="0x01" terrestrial_broadcaster_id="0x7C71">
        <affiliation id="0x00"/>
        <affiliation id="0x01"/>
        <broadcaster original_network_id="0x0004" broadcaster_id="0x01"/>
      </extended_broadcaster_descriptor>
      <short_event_descriptor language_code="jpn">
        <event_name>ニュース🈔🈑</event_name>
        <text></text>
      </short_event_descriptor>
      <component_descriptor stream_content="0x01" stream_content_ext="0x0F" component_type="0x03" component_tag="0x00" language_code="jpn" text=""/>
      <audio_component_descriptor stream_content="0x02" component_type="0x02" component_tag="0x10" stream_type="0x0F" main_component="true" quality_indicator="2" sampling_rate="7" ISO_639_language_code="jpn" ISO_639_language_code_2="eng" text="日本語英語"/>
      <content_descriptor>
        <content content_nibble_level_1="0" content_nibble_level_2="0" user_byte="0xFF"/>
      </content_descriptor>
      <data_content_descriptor data_component_id="0x0008" entry_component="0x30" ISO_639_language_code="jpn" text="">
        <selector_bytes>
          01 13 6A 70 6E
        </selector_bytes>
      </data_content_descriptor>
    </service>
  </selection_information_table>
  <selection_information_table version="12" current="true">
    <metadata PID="31"/>
    <partial_transport_stream_descriptor peak_rate="0x0000EA60"/>
    <ISDB_network_identifier_descriptor country_code="JPN" media_type="TB" network_id="0x7C70"/>
    <TS_information_descriptor remote_control_key_id="0x01" ts_name="ＮＨＫ総合・熊本">
      <transmission_type transmission_type_info="0x0F">
        <service id="0xE000"/>
        <service id="0xE001"/>
        <service id="0xFFF0"/>
      </transmission_type>
      <transmission_type transmission_type_info="0xAF">
        <service id="0xE180"/>
      </transmission_type>
    </TS_information_descriptor>
    <service service_id="0xE000" running_status="undefined">
      <partialTS_time_descriptor event_version_number="61" event_start_time="2025-04-04 18:00:00" duration="00:10:00" other_descriptor_status="false" JST_time="2025-04-04 18:05:10"/>
      <generic_descriptor tag="0x85">
        7C 70 7C 70 06 B5 FF
      </generic_descriptor>
      <service_descriptor service_type="0x01" service_provider_name="" service_name="NHK総合1・熊本"/>
      <extended_broadcaster_descriptor broadcaster_type="0x01" terrestrial_broadcaster_id="0x7C71">
        <affiliation id="0x00"/>
        <affiliation id="0x01"/>
        <broadcaster original_network_id="0x0004" broadcaster_id="0x01"/>
      </extended_broadcaster_descriptor>
      <short_event_descriptor language_code="jpn">
        <event_name>ニュース🈔🈑</event_name>
        <text></text>
      </short_event_descriptor>
      <component_descriptor stream_content="0x01" stream_content_ext="0x0F" component_type="0x03" component_tag="0x00" language_code="jpn" text=""/>
      <audio_component_descriptor stream_content="0x02" component_type="0x02" component_tag="0x10" stream_type="0x0F" main_component="true" quality_indicator="2" sampling_rate="7" ISO_639_language_code="jpn" ISO_639_language_code_2="eng" text="日本語英語"/>
      <content_descriptor>
        <content content_nibble_level_1="0" content_nibble_level_2="0" user_byte="0xFF"/>
      </content_descriptor>
      <data_content_descriptor data_component_id="0x0008" entry_component="0x30" ISO_639_language_code="jpn" text="">
        <selector_bytes>
          01 13 6A 70 6E
        </selector_bytes>
      </data_content_descriptor>
    </service>
  </selection_information_table>
  <selection_information_table version="13" current="true">
    <metadata PID="31"/>
    <partial_transport_stream_descriptor peak_rate="0x0000EA60"/>
    <ISDB_network_identifier_descriptor country_code="JPN" media_type="TB" network_id="0x7C70"/>
    <TS_information_descriptor remote_control_key_id="0x01" ts_name="ＮＨＫ総合・熊本">
      <transmission_type transmission_type_info="0x0F">
        <service id="0xE000"/>
        <service id="0xE001"/>
        <service id="0xFFF0"/>
      </transmission_type>
      <transmission_type transmission_type_info="0xAF">
        <service id="0xE180"/>
      </transmission_type>
    </TS_information_descriptor>
    <service service_id="0xE000" running_status="undefined">
      <partialTS_time_descriptor event_version_number="61" event_start_time="2025-04-04 18:00:00" duration="00:10:00" other_descriptor_status="false" JST_time="2025-04-04 18:05:12"/>
      <generic_descriptor tag="0x85">
        7C 70 7C 70 06 B5 FF
      </generic_descriptor>
      <service_descriptor service_type="0x01" service_provider_name="" service_name="NHK総合1・熊本"/>
      <extended_broadcaster_descriptor broadcaster_type="0x01" terrestrial_broadcaster_id="0x7C71">
        <affiliation id="0x00"/>
        <affiliation id="0x01"/>
        <broadcaster original_network_id="0x0004" broadcaster_id="0x01"/>
      </extended_broadcaster_descriptor>
      <short_event_descriptor language_code="jpn">
        <event_name>ニュース🈔🈑</event_name>
        <text></text>
      </short_event_descriptor>
      <component_descriptor stream_content="0x01" stream_content_ext="0x0F" component_type="0x03" component_tag="0x00" language_code="jpn" text=""/>
      <audio_component_descriptor stream_content="0x02" component_type="0x02" component_tag="0x10" stream_type="0x0F" main_component="true" quality_indicator="2" sampling_rate="7" ISO_639_language_code="jpn" ISO_639_language_code_2="eng" text="日本語英語"/>
      <content_descriptor>
        <content content_nibble_level_1="0" content_nibble_level_2="0" user_byte="0xFF"/>
      </content_descriptor>
      <data_content_descriptor data_component_id="0x0008" entry_component="0x30" ISO_639_language_code="jpn" text="">
        <selector_bytes>
          01 13 6A 70 6E
        </selector_bytes>
      </data_content_descriptor>
    </service>
  </selection_information_table>
  <selection_information_table version="14" current="true">
    <metadata PID="31"/>
    <partial_transport_stream_descriptor peak_rate="0x0000EA60"/>
    <ISDB_network_identifier_descriptor country_code="JPN" media_type="TB" network_id="0x7C70"/>
    <TS_information_descriptor remote_control_key_id="0x01" ts_name="ＮＨＫ総合・熊本">
      <transmission_type transmission_type_info="0x0F">
        <service id="0xE000"/>
        <service id="0xE001"/>
        <service id="0xFFF0"/>
      </transmission_type>
      <transmission_type transmission_type_info="0xAF">
        <service id="0xE180"/>
      </transmission_type>
    </TS_information_descriptor>
    <service service_id="0xE000" running_status="undefined">
      <partialTS_time_descriptor event_version_number="61" event_start_time="2025-04-04 18:00:00" duration="00:10:00" other_descriptor_status="false" JST_time="2025-04-04 18:05:14"/>
      <generic_descriptor tag="0x85">
        7C 70 7C 70 06 B5 FF
      </generic_descriptor>
      <service_descriptor service_type="0x01" service_provider_name="" service_name="NHK総合1・熊本"/>
      <extended_broadcaster_descriptor broadcaster_type="0x01" terrestrial_broadcaster_id="0x7C71">
        <affiliation id="0x00"/>
        <affiliation id="0x01"/>
        <broadcaster original_network_id="0x0004" broadcaster_id="0x01"/>
      </extended_broadcaster_descriptor>
      <short_event_descriptor language_code="jpn">
        <event_name>ニュース🈔🈑</event_name>
        <text></text>
      </short_event_descriptor>
      <component_descriptor stream_content="0x01" stream_content_ext="0x0F" component_type="0x03" component_tag="0x00" language_code="jpn" text=""/>
      <audio_component_descriptor stream_content="0x02" component_type="0x02" component_tag="0x10" stream_type="0x0F" main_component="true" quality_indicator="2" sampling_rate="7" ISO_639_language_code="jpn" ISO_639_language_code_2="eng" text="日本語英語"/>
      <content_descriptor>
        <content content_nibble_level_1="0" content_nibble_level_2="0" user_byte="0xFF"/>
      </content_descriptor>
      <data_content_descriptor data_component_id="0x0008" entry_component="0x30" ISO_639_language_code="jpn" text="">
        <selector_bytes>
          01 13 6A 70 6E
        </selector_bytes>
      </data_content_descriptor>
    </service>
  </selection_information_table>
  <selection_information_table version="15" current="true">
    <metadata PID="31"/>
    <partial_transport_stream_descriptor peak_rate="0x0000EA60"/>
    <ISDB_network_identifier_descriptor country_code="JPN" media_type="TB" network_id="0x7C70"/>
    <TS_information_descriptor remote_control_key_id="0x01" ts_name="ＮＨＫ総合・熊本">
      <transmission_type transmission_type_info="0x0F">
        <service id="0xE000"/>
        <service id="0xE001"/>
        <service id="0xFFF0"/>
      </transmission_type>
      <transmission_type transmission_type_info="0xAF">
        <service id="0xE180"/>
      </transmission_type>
    </TS_information_descriptor>
    <service service_id="0xE000" running_status="undefined">
      <partialTS_time_descriptor event_version_number="61" event_start_time="2025-04-04 18:00:00" duration="00:10:00" other_descriptor_status="false" JST_time="2025-04-04 18:05:16"/>
      <generic_descriptor tag="0x85">
        7C 70 7C 70 06 B5 FF
      </generic_descriptor>
      <service_descriptor service_type="0x01" service_provider_name="" service_name="NHK総合1・熊本"/>
      <extended_broadcaster_descriptor broadcaster_type="0x01" terrestrial_broadcaster_id="0x7C71">
        <affiliation id="0x00"/>
        <affiliation id="0x01"/>
        <broadcaster original_network_id="0x0004" broadcaster_id="0x01"/>
      </extended_broadcaster_descriptor>
      <short_event_descriptor language_code="jpn">
        <event_name>ニュース🈔🈑</event_name>
        <text></text>
      </short_event_descriptor>
      <component_descriptor stream_content="0x01" stream_content_ext="0x0F" component_type="0x03" component_tag="0x00" language_code="jpn" text=""/>
      <audio_component_descriptor stream_content="0x02" component_type="0x02" component_tag="0x10" stream_type="0x0F" main_component="true" quality_indicator="2" sampling_rate="7" ISO_639_language_code="jpn" ISO_639_language_code_2="eng" text="日本語英語"/>
      <content_descriptor>
        <content content_nibble_level_1="0" content_nibble_level_2="0" user_byte="0xFF"/>
      </content_descriptor>
      <data_content_descriptor data_component_id="0x0008" entry_component="0x30" ISO_639_language_code="jpn" text="">
        <selector_bytes>
          01 13 6A 70 6E
        </selector_bytes>
      </data_content_descriptor>
    </service>
  </selection_information_table>
  <selection_information_table version="16" current="true">
    <metadata PID="31"/>
    <partial_transport_stream_descriptor peak_rate="0x0000EA60"/>
    <ISDB_network_identifier_descriptor country_code="JPN" media_type="TB" network_id="0x7C70"/>
    <TS_information_descriptor remote_control_key_id="0x01" ts_name="ＮＨＫ総合・熊本">
      <transmission_type transmission_type_info="0x0F">
        <service id="0xE000"/>
        <service id="0xE001"/>
        <service id="0xFFF0"/>
      </transmission_type>
      <transmission_type transmission_type_info="0xAF">
        <service id="0xE180"/>
      </transmission_type>
    </TS_information_descriptor>
    <service service_id="0xE000" running_status="undefined">
      <partialTS_time_descriptor event_version_number="61" event_start_time="2025-04-04 18:00:00" duration="00:10:00" other_descriptor_status="false" JST_time="2025-04-04 18:05:18"/>
      <generic_descriptor tag="0x85">
        7C 70 7C 70 06 B5 FF
      </generic_descriptor>
      <service_descriptor service_type="0x01" service_provider_name="" service_name="NHK総合1・熊本"/>
      <extended_broadcaster_descriptor broadcaster_type="0x01" terrestrial_broadcaster_id="0x7C71">
        <affiliation id="0x00"/>
        <affiliation id="0x01"/>
        <broadcaster original_network_id="0x0004" broadcaster_id="0x01"/>
      </extended_broadcaster_descriptor>
      <short_event_descriptor language_code="jpn">
        <event_name>ニュース🈔🈑</event_name>
        <text></text>
      </short_event_descriptor>
      <component_descriptor stream_content="0x01" stream_content_ext="0x0F" component_type="0x03" component_tag="0x00" language_code="jpn" text=""/>
      <audio_component_descriptor stream_content="0x02" component_type="0x02" component_tag="0x10" stream_type="0x0F" main_component="true" quality_indicator="2" sampling_rate="7" ISO_639_language_code="jpn" ISO_639_language_code_2="eng" text="日本語英語"/>
      <content_descriptor>
        <content content_nibble_level_1="0" content_nibble_level_2="0" user_byte="0xFF"/>
      </content_descriptor>
      <data_content_descriptor data_component_id="0x0008" entry_component="0x30" ISO_639_language_code="jpn" text="">
        <selector_bytes>
          01 13 6A 70 6E
        </selector_bytes>
      </data_content_descriptor>
    </service>
  </selection_information_table>
  <selection_information_table version="17" current="true">
    <metadata PID="31"/>
    <partial_transport_stream_descriptor peak_rate="0x0000EA60"/>
    <ISDB_network_identifier_descriptor country_code="JPN" media_type="TB" network_id="0x7C70"/>
    <TS_information_descriptor remote_control_key_id="0x01" ts_name="ＮＨＫ総合・熊本">
      <transmission_type transmission_type_info="0x0F">
        <service id="0xE000"/>
        <service id="0xE001"/>
        <service id="0xFFF0"/>
      </transmission_type>
      <transmission_type transmission_type_info="0xAF">
        <service id="0xE180"/>
      </transmission_type>
    </TS_information_descriptor>
    <service service_id="0xE000" running_status="undefined">
      <partialTS_time_descriptor event_version_number="61" event_start_time="2025-04-04 18:00:00" duration="00:10:00" other_descriptor_status="false" JST_time="2025-04-04 18:05:20"/>
      <generic_descriptor tag="0x85">
        7C 70 7C 70 06 B5 FF
      </generic_descriptor>
      <service_descriptor service_type="0x01" service_provider_name="" service_name="NHK総合1・熊本"/>
      <extended_broadcaster_descriptor broadcaster_type="0x01" terrestrial_broadcaster_id="0x7C71">
        <affiliation id="0x00"/>
        <affiliation id="0x01"/>
        <broadcaster original_network_id="0x0004" broadcaster_id="0x01"/>
      </extended_broadcaster_descriptor>
      <short_event_descriptor language_code="jpn">
        <event_name>ニュース🈔🈑</event_name>
        <text></text>
      </short_event_descriptor>
      <component_descriptor stream_content="0x01" stream_content_ext="0x0F" component_type="0x03" component_tag="0x00" language_code="jpn" text=""/>
      <audio_component_descriptor stream_content="0x02" component_type="0x02" component_tag="0x10" stream_type="0x0F" main_component="true" quality_indicator="2" sampling_rate="7" ISO_639_language_code="jpn" ISO_639_language_code_2="eng" text="日本語英語"/>
      <content_descriptor>
        <content content_nibble_level_1="0" content_nibble_level_2="0" user_byte="0xFF"/>
      </content_descriptor>
      <data_content_descriptor data_component_id="0x0008" entry_component="0x30" ISO_639_language_code="jpn" text="">
        <selector_bytes>
          01 13 6A 70 6E
        </selector_bytes>
      </data_content_descriptor>
    </service>
  </selection_information_table>
  <selection_information_table version="18" current="true">
    <metadata PID="31"/>
    <partial_transport_stream_descriptor peak_rate="0x0000EA60"/>
    <ISDB_network_identifier_descriptor country_code="JPN" media_type="TB" network_id="0x7C70"/>
    <TS_information_descriptor remote_control_key_id="0x01" ts_name="ＮＨＫ総合・熊本">
      <transmission_type transmission_type_info="0x0F">
        <service id="0xE000"/>
        <service id="0xE001"/>
        <service id="0xFFF0"/>
      </transmission_type>
      <transmission_type transmission_type_info="0xAF">
        <service id="0xE180"/>
      </transmission_type>
    </TS_information_descriptor>
    <service service_id="0xE000" running_status="undefined">
      <partialTS_time_descriptor event_version_number="61" event_start_time="2025-04-04 18:00:00" duration="00:10:00" other_descriptor_status="false" JST_time="2025-04-04 18:05:22"/>
      <generic_descriptor tag="0x85">
        7C 70 7C 70 06 B5 FF
      </generic_descriptor>
      <service_descriptor service_type="0x01" service_provider_name="" service_name="NHK総合1・熊本"/>
      <extended_broadcaster_descriptor broadcaster_type="0x01" terrestrial_broadcaster_id="0x7C71">
        <affiliation id="0x00"/>
        <affiliation id="0x01"/>
        <broadcaster original_network_id="0x0004" broadcaster_id="0x01"/>
      </extended_broadcaster_descriptor>
      <short_event_descriptor language_code="jpn">
        <event_name>ニュース🈔🈑</event_name>
        <text></text>
      </short_event_descriptor>
      <component_descriptor stream_content="0x01" stream_content_ext="0x0F" component_type="0x03" component_tag="0x00" language_code="jpn" text=""/>
      <audio_component_descriptor stream_content="0x02" component_type="0x02" component_tag="0x10" stream_type="0x0F" main_component="true" quality_indicator="2" sampling_rate="7" ISO_639_language_code="jpn" ISO_639_language_code_2="eng" text="日本語英語"/>
      <content_descriptor>
        <content content_nibble_level_1="0" content_nibble_level_2="0" user_byte="0xFF"/>
      </content_descriptor>
      <data_content_descriptor data_component_id="0x0008" entry_component="0x30" ISO_639_language_code="jpn" text="">
        <selector_bytes>
          01 13 6A 70 6E
        </selector_bytes>
      </data_content_descriptor>
    </service>
  </selection_information_table>
  <selection_information_table version="19" current="true">
    <metadata PID="31"/>
    <partial_transport_stream_descriptor peak_rate="0x0000EA60"/>
    <ISDB_network_identifier_descriptor country_code="JPN" media_type="TB" network_id="0x7C70"/>
    <TS_information_descriptor remote_control_key_id="0x01" ts_name="ＮＨＫ総合・熊本">
      <transmission_type transmission_type_info="0x0F">
        <service id="0xE000"/>
        <service id="0xE001"/>
        <service id="0xFFF0"/>
      </transmission_type>
      <transmission_type transmission_type_info="0xAF">
        <service id="0xE180"/>
      </transmission_type>
    </TS_information_descriptor>
    <service service_id="0xE000" running_status="undefined">
      <partialTS_time_descriptor event_version_number="61" event_start_time="2025-04-04 18:00:00" duration="00:10:00" other_descriptor_status="false" JST_time="2025-04-04 18:05:25"/>
      <generic_descriptor tag="0x85">
        7C 70 7C 70 06 B5 FF
      </generic_descriptor>
      <service_descriptor service_type="0x01" service_provider_name="" service_name="NHK総合1・熊本"/>
      <extended_broadcaster_descriptor broadcaster_type="0x01" terrestrial_broadcaster_id="0x7C71">
        <affiliation id="0x00"/>
        <affiliation id="0x01"/>
        <broadcaster original_network_id="0x0004" broadcaster_id="0x01"/>
      </extended_broadcaster_descriptor>
      <short_event_descriptor language_code="jpn">
        <event_name>ニュース🈔🈑</event_name>
        <text></text>
      </short_event_descriptor>
      <component_descriptor stream_content="0x01" stream_content_ext="0x0F" component_type="0x03" component_tag="0x00" language_code="jpn" text=""/>
      <audio_component_descriptor stream_content="0x02" component_type="0x02" component_tag="0x10" stream_type="0x0F" main_component="true" quality_indicator="2" sampling_rate="7" ISO_639_language_code="jpn" ISO_639_language_code_2="eng" text="日本語英語"/>
      <content_descriptor>
        <content content_nibble_level_1="0" content_nibble_level_2="0" user_byte="0xFF"/>
      </content_descriptor>
      <data_content_descriptor data_component_id="0x0008" entry_component="0x30" ISO_639_language_code="jpn" text="">
        <selector_bytes>
          01 13 6A 70 6E
        </selector_bytes>
      </data_content_descriptor>
    </service>
  </selection_information_table>
  <selection_information_table version="20" current="true">
    <metadata PID="31"/>
    <partial_transport_stream_descriptor peak_rate="0x0000EA60"/>
    <ISDB_network_identifier_descriptor country_code="JPN" media_type="TB" network_id="0x7C70"/>
    <TS_information_descriptor remote_control_key_id="0x01" ts_name="ＮＨＫ総合・熊本">
      <transmission_type transmission_type_info="0x0F">
        <service id="0xE000"/>
        <service id="0xE001"/>
        <service id="0xFFF0"/>
      </transmission_type>
      <transmission_type transmission_type_info="0xAF">
        <service id="0xE180"/>
      </transmission_type>
    </TS_information_descriptor>
    <service service_id="0xE000" running_status="undefined">
      <partialTS_time_descriptor event_version_number="61" event_start_time="2025-04-04 18:00:00" duration="00:10:00" other_descriptor_status="false" JST_time="2025-04-04 18:05:27"/>
      <generic_descriptor tag="0x85">
        7C 70 7C 70 06 B5 FF
      </generic_descriptor>
      <service_descriptor service_type="0x01" service_provider_name="" service_name="NHK総合1・熊本"/>
      <extended_broadcaster_descriptor broadcaster_type="0x01" terrestrial_broadcaster_id="0x7C71">
        <affiliation id="0x00"/>
        <affiliation id="0x01"/>
        <broadcaster original_network_id="0x0004" broadcaster_id="0x01"/>
      </extended_broadcaster_descriptor>
      <short_event_descriptor language_code="jpn">
        <event_name>ニュース🈔🈑</event_name>
        <text></text>
      </short_event_descriptor>
      <component_descriptor stream_content="0x01" stream_content_ext="0x0F" component_type="0x03" component_tag="0x00" language_code="jpn" text=""/>
      <audio_component_descriptor stream_content="0x02" component_type="0x02" component_tag="0x10" stream_type="0x0F" main_component="true" quality_indicator="2" sampling_rate="7" ISO_639_language_code="jpn" ISO_639_language_code_2="eng" text="日本語英語"/>
      <content_descriptor>
        <content content_nibble_level_1="0" content_nibble_level_2="0" user_byte="0xFF"/>
      </content_descriptor>
      <data_content_descriptor data_component_id="0x0008" entry_component="0x30" ISO_639_language_code="jpn" text="">
        <selector_bytes>
          01 13 6A 70 6E
        </selector_bytes>
      </data_content_descriptor>
    </service>
  </selection_information_table>
  <selection_information_table version="21" current="true">
    <metadata PID="31"/>
    <partial_transport_stream_descriptor peak_rate="0x0000EA60"/>
    <ISDB_network_identifier_descriptor country_code="JPN" media_type="TB" network_id="0x7C70"/>
    <TS_information_descriptor remote_control_key_id="0x01" ts_name="ＮＨＫ総合・熊本">
      <transmission_type transmission_type_info="0x0F">
        <service id="0xE000"/>
        <service id="0xE001"/>
        <service id="0xFFF0"/>
      </transmission_type>
      <transmission_type transmission_type_info="0xAF">
        <service id="0xE180"/>
      </transmission_type>
    </TS_information_descriptor>
    <service service_id="0xE000" running_status="undefined">
      <partialTS_time_descriptor event_version_number="61" event_start_time="2025-04-04 18:00:00" duration="00:10:00" other_descriptor_status="false" JST_time="2025-04-04 18:05:29"/>
      <generic_descriptor tag="0x85">
        7C 70 7C 70 06 B5 FF
      </generic_descriptor>
      <service_descriptor service_type="0x01" service_provider_name="" service_name="NHK総合1・熊本"/>
      <extended_broadcaster_descriptor broadcaster_type="0x01" terrestrial_broadcaster_id="0x7C71">
        <affiliation id="0x00"/>
        <affiliation id="0x01"/>
        <broadcaster original_network_id="0x0004" broadcaster_id="0x01"/>
      </extended_broadcaster_descriptor>
      <short_event_descriptor language_code="jpn">
        <event_name>ニュース🈔🈑</event_name>
        <text></text>
      </short_event_descriptor>
      <component_descriptor stream_content="0x01" stream_content_ext="0x0F" component_type="0x03" component_tag="0x00" language_code="jpn" text=""/>
      <audio_component_descriptor stream_content="0x02" component_type="0x02" component_tag="0x10" stream_type="0x0F" main_component="true" quality_indicator="2" sampling_rate="7" ISO_639_language_code="jpn" ISO_639_language_code_2="eng" text="日本語英語"/>
      <content_descriptor>
        <content content_nibble_level_1="0" content_nibble_level_2="0" user_byte="0xFF"/>
      </content_descriptor>
      <data_content_descriptor data_component_id="0x0008" entry_component="0x30" ISO_639_language_code="jpn" text="">
        <selector_bytes>
          01 13 6A 70 6E
        </selector_bytes>
      </data_content_descriptor>
    </service>
  </selection_information_table>
  <selection_information_table version="22" current="true">
    <metadata PID="31"/>
    <partial_transport_stream_descriptor peak_rate="0x0000EA60"/>
    <ISDB_network_identifier_descriptor country_code="JPN" media_type="TB" network_id="0x7C70"/>
    <TS_information_descriptor remote_control_key_id="0x01" ts_name="ＮＨＫ総合・熊本">
      <transmission_type transmission_type_info="0x0F">
        <service id="0xE000"/>
        <service id="0xE001"/>
        <service id="0xFFF0"/>
      </transmission_type>
      <transmission_type transmission_type_info="0xAF">
        <service id="0xE180"/>
      </transmission_type>
    </TS_information_descriptor>
    <service service_id="0xE000" running_status="undefined">
      <partialTS_time_descriptor event_version_number="61" event_start_time="2025-04-04 18:00:00" duration="00:10:00" other_descriptor_status="false" JST_time="2025-04-04 18:05:31"/>
      <generic_descriptor tag="0x85">
        7C 70 7C 70 06 B5 FF
      </generic_descriptor>
      <service_descriptor service_type="0x01" service_provider_name="" service_name="NHK総合1・熊本"/>
      <extended_broadcaster_descriptor broadcaster_type="0x01" terrestrial_broadcaster_id="0x7C71">
        <affiliation id="0x00"/>
        <affiliation id="0x01"/>
        <broadcaster original_network_id="0x0004" broadcaster_id="0x01"/>
      </extended_broadcaster_descriptor>
      <short_event_descriptor language_code="jpn">
        <event_name>ニュース🈔🈑</event_name>
        <text></text>
      </short_event_descriptor>
      <component_descriptor stream_content="0x01" stream_content_ext="0x0F" component_type="0x03" component_tag="0x00" language_code="jpn" text=""/>
      <audio_component_descriptor stream_content="0x02" component_type="0x02" component_tag="0x10" stream_type="0x0F" main_component="true" quality_indicator="2" sampling_rate="7" ISO_639_language_code="jpn" ISO_639_language_code_2="eng" text="日本語英語"/>
      <content_descriptor>
        <content content_nibble_level_1="0" content_nibble_level_2="0" user_byte="0xFF"/>
      </content_descriptor>
      <data_content_descriptor data_component_id="0x0008" entry_component="0x30" ISO_639_language_code="jpn" text="">
        <selector_bytes>
          01 13 6A 70 6E
        </selector_bytes>
      </data_content_descriptor>
    </service>
  </selection_information_table>
  <selection_information_table version="23" current="true">
    <metadata PID="31"/>
    <partial_transport_stream_descriptor peak_rate="0x0000EA60"/>
    <ISDB_network_identifier_descriptor country_code="JPN" media_type="TB" network_id="0x7C70"/>
    <TS_information_descriptor remote_control_key_id="0x01" ts_name="ＮＨＫ総合・熊本">
      <transmission_type transmission_type_info="0x0F">
        <service id="0xE000"/>
        <service id="0xE001"/>
        <service id="0xFFF0"/>
      </transmission_type>
      <transmission_type transmission_type_info="0xAF">
        <service id="0xE180"/>
      </transmission_type>
    </TS_information_descriptor>
    <service service_id="0xE000" running_status="undefined">
      <partialTS_time_descriptor event_version_number="61" event_start_time="2025-04-04 18:00:00" duration="00:10:00" other_descriptor_status="false" JST_time="2025-04-04 18:05:33"/>
      <generic_descriptor tag="0x85">
        7C 70 7C 70 06 B5 FF
      </generic_descriptor>
      <service_descriptor service_type="0x01" service_provider_name="" service_name="NHK総合1・熊本"/>
      <extended_broadcaster_descriptor broadcaster_type="0x01" terrestrial_broadcaster_id="0x7C71">
        <affiliation id="0x00"/>
        <affiliation id="0x01"/>
        <broadcaster original_network_id="0x0004" broadcaster_id="0x01"/>
      </extended_broadcaster_descriptor>
      <short_event_descriptor language_code="jpn">
        <event_name>ニュース🈔🈑</event_name>
        <text></text>
      </short_event_descriptor>
      <component_descriptor stream_content="0x01" stream_content_ext="0x0F" component_type="0x03" component_tag="0x00" language_code="jpn" text=""/>
      <audio_component_descriptor stream_content="0x02" component_type="0x02" component_tag="0x10" stream_type="0x0F" main_component="true" quality_indicator="2" sampling_rate="7" ISO_639_language_code="jpn" ISO_639_language_code_2="eng" text="日本語英語"/>
      <content_descriptor>
        <content content_nibble_level_1="0" content_nibble_level_2="0" user_byte="0xFF"/>
      </content_descriptor>
      <data_content_descriptor data_component_id="0x0008" entry_component="0x30" ISO_639_language_code="jpn" text="">
        <selector_bytes>
          01 13 6A 70 6E
        </selector_bytes>
      </data_content_descriptor>
    </service>
  </selection_information_table>
  <selection_information_table version="24" current="true">
    <metadata PID="31"/>
    <partial_transport_stream_descriptor peak_rate="0x0000EA60"/>
    <ISDB_network_identifier_descriptor country_code="JPN" media_type="TB" network_id="0x7C70"/>
    <TS_information_descriptor remote_control_key_id="0x01" ts_name="ＮＨＫ総合・熊本">
      <transmission_type transmission_type_info="0x0F">
        <service id="0xE000"/>
        <service id="0xE001"/>
        <service id="0xFFF0"/>
      </transmission_type>
      <transmission_type transmission_type_info="0xAF">
        <service id="0xE180"/>
      </transmission_type>
    </TS_information_descriptor>
    <service service_id="0xE000" running_status="undefined">
      <partialTS_time_descriptor event_version_number="61" event_start_time="2025-04-04 18:00:00" duration="00:10:00" other_descriptor_status="false" JST_time="2025-04-04 18:05:35"/>
      <generic_descriptor tag="0x85">
        7C 70 7C 70 06 B5 FF
      </generic_descriptor>
      <service_descriptor service_type="0x01" service_provider_name="" service_name="NHK総合1・熊本"/>
      <extended_broadcaster_descriptor broadcaster_type="0x01" terrestrial_broadcaster_id="0x7C71">
        <affiliation id="0x00"/>
        <affiliation id="0x01"/>
        <broadcaster original_network_id="0x0004" broadcaster_id="0x01"/>
      </extended_broadcaster_descriptor>
      <short_event_descriptor language_code="jpn">
        <event_name>ニュース🈔🈑</event_name>
        <text></text>
      </short_event_descriptor>
      <component_descriptor stream_content="0x01" stream_content_ext="0x0F" component_type="0x03" component_tag="0x00" language_code="jpn" text=""/>
      <audio_component_descriptor stream_content="0x02" component_type="0x02" component_tag="0x10" stream_type="0x0F" main_component="true" quality_indicator="2" sampling_rate="7" ISO_639_language_code="jpn" ISO_639_language_code_2="eng" text="日本語英語"/>
      <content_descriptor>
        <content content_nibble_level_1="0" content_nibble_level_2="0" user_byte="0xFF"/>
      </content_descriptor>
      <data_content_descriptor data_component_id="0x0008" entry_component="0x30" ISO_639_language_code="jpn" text="">
        <selector_bytes>
          01 13 6A 70 6E
        </selector_bytes>
      </data_content_descriptor>
    </service>
  </selection_information_table>
  <selection_information_table version="25" current="true">
    <metadata PID="31"/>
    <partial_transport_stream_descriptor peak_rate="0x0000EA60"/>
    <ISDB_network_identifier_descriptor country_code="JPN" media_type="TB" network_id="0x7C70"/>
    <TS_information_descriptor remote_control_key_id="0x01" ts_name="ＮＨＫ総合・熊本">
      <transmission_type transmission_type_info="0x0F">
        <service id="0xE000"/>
        <service id="0xE001"/>
        <service id="0xFFF0"/>
      </transmission_type>
      <transmission_type transmission_type_info="0xAF">
        <service id="0xE180"/>
      </transmission_type>
    </TS_information_descriptor>
    <service service_id="0xE000" running_status="undefined">
      <partialTS_time_descriptor event_version_number="61" event_start_time="2025-04-04 18:00:00" duration="00:10:00" other_descriptor_status="false" JST_time="2025-04-04 18:05:37"/>
      <generic_descriptor tag="0x85">
        7C 70 7C 70 06 B5 FF
      </generic_descriptor>
      <service_descriptor service_type="0x01" service_provider_name="" service_name="NHK総合1・熊本"/>
      <extended_broadcaster_descriptor broadcaster_type="0x01" terrestrial_broadcaster_id="0x7C71">
        <affiliation id="0x00"/>
        <affiliation id="0x01"/>
        <broadcaster original_network_id="0x0004" broadcaster_id="0x01"/>
      </extended_broadcaster_descriptor>
      <short_event_descriptor language_code="jpn">
        <event_name>ニュース🈔🈑</event_name>
        <text></text>
      </short_event_descriptor>
      <component_descriptor stream_content="0x01" stream_content_ext="0x0F" component_type="0x03" component_tag="0x00" language_code="jpn" text=""/>
      <audio_component_descriptor stream_content="0x02" component_type="0x02" component_tag="0x10" stream_type="0x0F" main_component="true" quality_indicator="2" sampling_rate="7" ISO_639_language_code="jpn" ISO_639_language_code_2="eng" text="日本語英語"/>
      <content_descriptor>
        <content content_nibble_level_1="0" content_nibble_level_2="0" user_byte="0xFF"/>
      </content_descriptor>
      <data_content_descriptor data_component_id="0x0008" entry_component="0x30" ISO_639_language_code="jpn" text="">
        <selector_bytes>
          01 13 6A 70 6E
        </selector_bytes>
      </data_content_descriptor>
    </service>
  </selection_information_table>
  <selection_information_table version="26" current="true">
    <metadata PID="31"/>
    <partial_transport_stream_descriptor peak_rate="0x0000EA60"/>
    <ISDB_network_identifier_descriptor country_code="JPN" media_type="TB" network_id="0x7C70"/>
    <TS_information_descriptor remote_control_key_id="0x01" ts_name="ＮＨＫ総合・熊本">
      <transmission_type transmission_type_info="0x0F">
        <service id="0xE000"/>
        <service id="0xE001"/>
        <service id="0xFFF0"/>
      </transmission_type>
      <transmission_type transmission_type_info="0xAF">
        <service id="0xE180"/>
      </transmission_type>
    </TS_information_descriptor>
    <service service_id="0xE000" running_status="undefined">
      <partialTS_time_descriptor event_version_number="61" event_start_time="2025-04-04 18:00:00" duration="00:10:00" other_descriptor_status="false" JST_time="2025-04-04 18:05:39"/>
      <generic_descriptor tag="0x85">
        7C 70 7C 70 06 B5 FF
      </generic_descriptor>
      <service_descriptor service_type="0x01" service_provider_name="" service_name="NHK総合1・熊本"/>
      <extended_broadcaster_descriptor broadcaster_type="0x01" terrestrial_broadcaster_id="0x7C71">
        <affiliation id="0x00"/>
        <affiliation id="0x01"/>
        <broadcaster original_network_id="0x0004" broadcaster_id="0x01"/>
      </extended_broadcaster_descriptor>
      <short_event_descriptor language_code="jpn">
        <event_name>ニュース🈔🈑</event_name>
        <text></text>
      </short_event_descriptor>
      <component_descriptor stream_content="0x01" stream_content_ext="0x0F" component_type="0x03" component_tag="0x00" language_code="jpn" text=""/>
      <audio_component_descriptor stream_content="0x02" component_type="0x02" component_tag="0x10" stream_type="0x0F" main_component="true" quality_indicator="2" sampling_rate="7" ISO_639_language_code="jpn" ISO_639_language_code_2="eng" text="日本語英語"/>
      <content_descriptor>
        <content content_nibble_level_1="0" content_nibble_level_2="0" user_byte="0xFF"/>
      </content_descriptor>
      <data_content_descriptor data_component_id="0x0008" entry_component="0x30" ISO_639_language_code="jpn" text="">
        <selector_bytes>
          01 13 6A 70 6E
        </selector_bytes>
      </data_content_descriptor>
    </service>
  </selection_information_table>
  <selection_information_table version="27" current="true">
    <metadata PID="31"/>
    <partial_transport_stream_descriptor peak_rate="0x0000EA60"/>
    <ISDB_network_identifier_descriptor country_code="JPN" media_type="TB" network_id="0x7C70"/>
    <TS_information_descriptor remote_control_key_id="0x01" ts_name="ＮＨＫ総合・熊本">
      <transmission_type transmission_type_info="0x0F">
        <service id="0xE000"/>
        <service id="0xE001"/>
        <service id="0xFFF0"/>
      </transmission_type>
      <transmission_type transmission_type_info="0xAF">
        <service id="0xE180"/>
      </transmission_type>
    </TS_information_descriptor>
    <service service_id="0xE000" running_status="undefined">
      <partialTS_time_descriptor event_version_number="61" event_start_time="2025-04-04 18:00:00" duration="00:10:00" other_descriptor_status="false" JST_time="2025-04-04 18:05:41"/>
      <generic_descriptor tag="0x85">
        7C 70 7C 70 06 B5 FF
      </generic_descriptor>
      <service_descriptor service_type="0x01" service_provider_name="" service_name="NHK総合1・熊本"/>
      <extended_broadcaster_descriptor broadcaster_type="0x01" terrestrial_broadcaster_id="0x7C71">
        <affiliation id="0x00"/>
        <affiliation id="0x01"/>
        <broadcaster original_network_id="0x0004" broadcaster_id="0x01"/>
      </extended_broadcaster_descriptor>
      <short_event_descriptor language_code="jpn">
        <event_name>ニュース🈔🈑</event_name>
        <text></text>
      </short_event_descriptor>
      <component_descriptor stream_content="0x01" stream_content_ext="0x0F" component_type="0x03" component_tag="0x00" language_code="jpn" text=""/>
      <audio_component_descriptor stream_content="0x02" component_type="0x02" component_tag="0x10" stream_type="0x0F" main_component="true" quality_indicator="2" sampling_rate="7" ISO_639_language_code="jpn" ISO_639_language_code_2="eng" text="日本語英語"/>
      <content_descriptor>
        <content content_nibble_level_1="0" content_nibble_level_2="0" user_byte="0xFF"/>
      </content_descriptor>
      <data_content_descriptor data_component_id="0x0008" entry_component="0x30" ISO_639_language_code="jpn" text="">
        <selector_bytes>
          01 13 6A 70 6E
        </selector_bytes>
      </data_content_descriptor>
    </service>
  </selection_information_table>
  <selection_information_table version="28" current="true">
    <metadata PID="31"/>
    <partial_transport_stream_descriptor peak_rate="0x0000EA60"/>
    <ISDB_network_identifier_descriptor country_code="JPN" media_type="TB" network_id="0x7C70"/>
    <TS_information_descriptor remote_control_key_id="0x01" ts_name="ＮＨＫ総合・熊本">
      <transmission_type transmission_type_info="0x0F">
        <service id="0xE000"/>
        <service id="0xE001"/>
        <service id="0xFFF0"/>
      </transmission_type>
      <transmission_type transmission_type_info="0xAF">
        <service id="0xE180"/>
      </transmission_type>
    </TS_information_descriptor>
    <service service_id="0xE000" running_status="undefined">
      <partialTS_time_descriptor event_version_number="61" event_start_time="2025-04-04 18:00:00" duration="00:10:00" other_descriptor_status="false" JST_time="2025-04-04 18:05:43"/>
      <generic_descriptor tag="0x85">
        7C 70 7C 70 06 B5 FF
      </generic_descriptor>
      <service_descriptor service_type="0x01" service_provider_name="" service_name="NHK総合1・熊本"/>
      <extended_broadcaster_descriptor broadcaster_type="0x01" terrestrial_broadcaster_id="0x7C71">
        <affiliation id="0x00"/>
        <affiliation id="0x01"/>
        <broadcaster original_network_id="0x0004" broadcaster_id="0x01"/>
      </extended_broadcaster_descriptor>
      <short_event_descriptor language_code="jpn">
        <event_name>ニュース🈔🈑</event_name>
        <text></text>
      </short_event_descriptor>
      <component_descriptor stream_content="0x01" stream_content_ext="0x0F" component_type="0x03" component_tag="0x00" language_code="jpn" text=""/>
      <audio_component_descriptor stream_content="0x02" component_type="0x02" component_tag="0x10" stream_type="0x0F" main_component="true" quality_indicator="2" sampling_rate="7" ISO_639_language_code="jpn" ISO_639_language_code_2="eng" text="日本語英語"/>
      <content_descriptor>
        <content content_nibble_level_1="0" content_nibble_level_2="0" user_byte="0xFF"/>
      </content_descriptor>
      <data_content_descriptor data_component_id="0x0008" entry_component="0x30" ISO_639_language_code="jpn" text="">
        <selector_bytes>
          01 13 6A 70 6E
        </selector_bytes>
      </data_content_descriptor>
    </service>
  </selection_information_table>
  <selection_information_table version="29" current="true">
    <metadata PID="31"/>
    <partial_transport_stream_descriptor peak_rate="0x0000EA60"/>
    <ISDB_network_identifier_descriptor country_code="JPN" media_type="TB" network_id="0x7C70"/>
    <TS_information_descriptor remote_control_key_id="0x01" ts_name="ＮＨＫ総合・熊本">
      <transmission_type transmission_type_info="0x0F">
        <service id="0xE000"/>
        <service id="0xE001"/>
        <service id="0xFFF0"/>
      </transmission_type>
      <transmission_type transmission_type_info="0xAF">
        <service id="0xE180"/>
      </transmission_type>
    </TS_information_descriptor>
    <service service_id="0xE000" running_status="undefined">
      <partialTS_time_descriptor event_version_number="61" event_start_time="2025-04-04 18:00:00" duration="00:10:00" other_descriptor_status="false" JST_time="2025-04-04 18:05:46"/>
      <generic_descriptor tag="0x85">
        7C 70 7C 70 06 B5 FF
      </generic_descriptor>
      <service_descriptor service_type="0x01" service_provider_name="" service_name="NHK総合1・熊本"/>
      <extended_broadcaster_descriptor broadcaster_type="0x01" terrestrial_broadcaster_id="0x7C71">
        <affiliation id="0x00"/>
        <affiliation id="0x01"/>
        <broadcaster original_network_id="0x0004" broadcaster_id="0x01"/>
      </extended_broadcaster_descriptor>
      <short_event_descriptor language_code="jpn">
        <event_name>ニュース🈔🈑</event_name>
        <text></text>
      </short_event_descriptor>
      <component_descriptor stream_content="0x01" stream_content_ext="0x0F" component_type="0x03" component_tag="0x00" language_code="jpn" text=""/>
      <audio_component_descriptor stream_content="0x02" component_type="0x02" component_tag="0x10" stream_type="0x0F" main_component="true" quality_indicator="2" sampling_rate="7" ISO_639_language_code="jpn" ISO_639_language_code_2="eng" text="日本語英語"/>
      <content_descriptor>
        <content content_nibble_level_1="0" content_nibble_level_2="0" user_byte="0xFF"/>
      </content_descriptor>
      <data_content_descriptor data_component_id="0x0008" entry_component="0x30" ISO_639_language_code="jpn" text="">
        <selector_bytes>
          01 13 6A 70 6E
        </selector_bytes>
      </data_content_descriptor>
    </service>
  </selection_information_table>
  <selection_information_table version="30" current="true">
    <metadata PID="31"/>
    <partial_transport_stream_descriptor peak_rate="0x0000EA60"/>
    <ISDB_network_identifier_descriptor country_code="JPN" media_type="TB" network_id="0x7C70"/>
    <TS_information_descriptor remote_control_key_id="0x01" ts_name="ＮＨＫ総合・熊本">
      <transmission_type transmission_type_info="0x0F">
        <service id="0xE000"/>
        <service id="0xE001"/>
        <service id="0xFFF0"/>
      </transmission_type>
      <transmission_type transmission_type_info="0xAF">
        <service id="0xE180"/>
      </transmission_type>
    </TS_information_descriptor>
    <service service_id="0xE000" running_status="undefined">
      <partialTS_time_descriptor event_version_number="61" event_start_time="2025-04-04 18:00:00" duration="00:10:00" other_descriptor_status="false" JST_time="2025-04-04 18:05:48"/>
      <generic_descriptor tag="0x85">
        7C 70 7C 70 06 B5 FF
      </generic_descriptor>
      <service_descriptor service_type="0x01" service_provider_name="" service_name="NHK総合1・熊本"/>
      <extended_broadcaster_descriptor broadcaster_type="0x01" terrestrial_broadcaster_id="0x7C71">
        <affiliation id="0x00"/>
        <affiliation id="0x01"/>
        <broadcaster original_network_id="0x0004" broadcaster_id="0x01"/>
      </extended_broadcaster_descriptor>
      <short_event_descriptor language_code="jpn">
        <event_name>ニュース🈔🈑</event_name>
        <text></text>
      </short_event_descriptor>
      <component_descriptor stream_content="0x01" stream_content_ext="0x0F" component_type="0x03" component_tag="0x00" language_code="jpn" text=""/>
      <audio_component_descriptor stream_content="0x02" component_type="0x02" component_tag="0x10" stream_type="0x0F" main_component="true" quality_indicator="2" sampling_rate="7" ISO_639_language_code="jpn" ISO_639_language_code_2="eng" text="日本語英語"/>
      <content_descriptor>
        <content content_nibble_level_1="0" content_nibble_level_2="0" user_byte="0xFF"/>
      </content_descriptor>
      <data_content_descriptor data_component_id="0x0008" entry_component="0x30" ISO_639_language_code="jpn" text="">
        <selector_bytes>
          01 13 6A 70 6E
        </selector_bytes>
      </data_content_descriptor>
    </service>
  </selection_information_table>
  <selection_information_table version="31" current="true">
    <metadata PID="31"/>
    <partial_transport_stream_descriptor peak_rate="0x0000EA60"/>
    <ISDB_network_identifier_descriptor country_code="JPN" media_type="TB" network_id="0x7C70"/>
    <TS_information_descriptor remote_control_key_id="0x01" ts_name="ＮＨＫ総合・熊本">
      <transmission_type transmission_type_info="0x0F">
        <service id="0xE000"/>
        <service id="0xE001"/>
        <service id="0xFFF0"/>
      </transmission_type>
      <transmission_type transmission_type_info="0xAF">
        <service id="0xE180"/>
      </transmission_type>
    </TS_information_descriptor>
    <service service_id="0xE000" running_status="undefined">
      <partialTS_time_descriptor event_version_number="61" event_start_time="2025-04-04 18:00:00" duration="00:10:00" other_descriptor_status="false" JST_time="2025-04-04 18:05:50"/>
      <generic_descriptor tag="0x85">
        7C 70 7C 70 06 B5 FF
      </generic_descriptor>
      <service_descriptor service_type="0x01" service_provider_name="" service_name="NHK総合1・熊本"/>
      <extended_broadcaster_descriptor broadcaster_type="0x01" terrestrial_broadcaster_id="0x7C71">
        <affiliation id="0x00"/>
        <affiliation id="0x01"/>
        <broadcaster original_network_id="0x0004" broadcaster_id="0x01"/>
      </extended_broadcaster_descriptor>
      <short_event_descriptor language_code="jpn">
        <event_name>ニュース🈔🈑</event_name>
        <text></text>
      </short_event_descriptor>
      <component_descriptor stream_content="0x01" stream_content_ext="0x0F" component_type="0x03" component_tag="0x00" language_code="jpn" text=""/>
      <audio_component_descriptor stream_content="0x02" component_type="0x02" component_tag="0x10" stream_type="0x0F" main_component="true" quality_indicator="2" sampling_rate="7" ISO_639_language_code="jpn" ISO_639_language_code_2="eng" text="日本語英語"/>
      <content_descriptor>
        <content content_nibble_level_1="0" content_nibble_level_2="0" user_byte="0xFF"/>
      </content_descriptor>
      <data_content_descriptor data_component_id="0x0008" entry_component="0x30" ISO_639_language_code="jpn" text="">
        <selector_bytes>
          01 13 6A 70 6E
        </selector_bytes>
      </data_content_descriptor>
    </service>
  </selection_information_table>
  <selection_information_table version="0" current="true">
    <metadata PID="31"/>
    <partial_transport_stream_descriptor peak_rate="0x0000EA60"/>
    <ISDB_network_identifier_descriptor country_code="JPN" media_type="TB" network_id="0x7C70"/>
    <TS_information_descriptor remote_control_key_id="0x01" ts_name="ＮＨＫ総合・熊本">
      <transmission_type transmission_type_info="0x0F">
        <service id="0xE000"/>
        <service id="0xE001"/>
        <service id="0xFFF0"/>
      </transmission_type>
      <transmission_type transmission_type_info="0xAF">
        <service id="0xE180"/>
      </transmission_type>
    </TS_information_descriptor>
    <service service_id="0xE000" running_status="undefined">
      <partialTS_time_descriptor event_version_number="61" event_start_time="2025-04-04 18:00:00" duration="00:10:00" other_descriptor_status="false" JST_time="2025-04-04 18:05:52"/>
      <generic_descriptor tag="0x85">
        7C 70 7C 70 06 B5 FF
      </generic_descriptor>
      <service_descriptor service_type="0x01" service_provider_name="" service_name="NHK総合1・熊本"/>
      <extended_broadcaster_descriptor broadcaster_type="0x01" terrestrial_broadcaster_id="0x7C71">
        <affiliation id="0x00"/>
        <affiliation id="0x01"/>
        <broadcaster original_network_id="0x0004" broadcaster_id="0x01"/>
      </extended_broadcaster_descriptor>
      <short_event_descriptor language_code="jpn">
        <event_name>ニュース🈔🈑</event_name>
        <text></text>
      </short_event_descriptor>
      <component_descriptor stream_content="0x01" stream_content_ext="0x0F" component_type="0x03" component_tag="0x00" language_code="jpn" text=""/>
      <audio_component_descriptor stream_content="0x02" component_type="0x02" component_tag="0x10" stream_type="0x0F" main_component="true" quality_indicator="2" sampling_rate="7" ISO_639_language_code="jpn" ISO_639_language_code_2="eng" text="日本語英語"/>
      <content_descriptor>
        <content content_nibble_level_1="0" content_nibble_level_2="0" user_byte="0xFF"/>
      </content_descriptor>
      <data_content_descriptor data_component_id="0x0008" entry_component="0x30" ISO_639_language_code="jpn" text="">
        <selector_bytes>
          01 13 6A 70 6E
        </selector_bytes>
      </data_content_descriptor>
    </service>
  </selection_information_table>
  <selection_information_table version="1" current="true">
    <metadata PID="31"/>
    <partial_transport_stream_descriptor peak_rate="0x0000EA60"/>
    <ISDB_network_identifier_descriptor country_code="JPN" media_type="TB" network_id="0x7C70"/>
    <TS_information_descriptor remote_control_key_id="0x01" ts_name="ＮＨＫ総合・熊本">
      <transmission_type transmission_type_info="0x0F">
        <service id="0xE000"/>
        <service id="0xE001"/>
        <service id="0xFFF0"/>
      </transmission_type>
      <transmission_type transmission_type_info="0xAF">
        <service id="0xE180"/>
      </transmission_type>
    </TS_information_descriptor>
    <service service_id="0xE000" running_status="undefined">
      <partialTS_time_descriptor event_version_number="61" event_start_time="2025-04-04 18:00:00" duration="00:10:00" other_descriptor_status="false" JST_time="2025-04-04 18:05:54"/>
      <generic_descriptor tag="0x85">
        7C 70 7C 70 06 B5 FF
      </generic_descriptor>
      <service_descriptor service_type="0x01" service_provider_name="" service_name="NHK総合1・熊本"/>
      <extended_broadcaster_descriptor broadcaster_type="0x01" terrestrial_broadcaster_id="0x7C71">
        <affiliation id="0x00"/>
        <affiliation id="0x01"/>
        <broadcaster original_network_id="0x0004" broadcaster_id="0x01"/>
      </extended_broadcaster_descriptor>
      <short_event_descriptor language_code="jpn">
        <event_name>ニュース🈔🈑</event_name>
        <text></text>
      </short_event_descriptor>
      <component_descriptor stream_content="0x01" stream_content_ext="0x0F" component_type="0x03" component_tag="0x00" language_code="jpn" text=""/>
      <audio_component_descriptor stream_content="0x02" component_type="0x02" component_tag="0x10" stream_type="0x0F" main_component="true" quality_indicator="2" sampling_rate="7" ISO_639_language_code="jpn" ISO_639_language_code_2="eng" text="日本語英語"/>
      <content_descriptor>
        <content content_nibble_level_1="0" content_nibble_level_2="0" user_byte="0xFF"/>
      </content_descriptor>
      <data_content_descriptor data_component_id="0x0008" entry_component="0x30" ISO_639_language_code="jpn" text="">
        <selector_bytes>
          01 13 6A 70 6E
        </selector_bytes>
      </data_content_descriptor>
    </service>
  </selection_information_table>
  <selection_information_table version="2" current="true">
    <metadata PID="31"/>
    <partial_transport_stream_descriptor peak_rate="0x0000EA60"/>
    <ISDB_network_identifier_descriptor country_code="JPN" media_type="TB" network_id="0x7C70"/>
    <TS_information_descriptor remote_control_key_id="0x01" ts_name="ＮＨＫ総合・熊本">
      <transmission_type transmission_type_info="0x0F">
        <service id="0xE000"/>
        <service id="0xE001"/>
        <service id="0xFFF0"/>
      </transmission_type>
      <transmission_type transmission_type_info="0xAF">
        <service id="0xE180"/>
      </transmission_type>
    </TS_information_descriptor>
    <service service_id="0xE000" running_status="undefined">
      <partialTS_time_descriptor event_version_number="61" event_start_time="2025-04-04 18:00:00" duration="00:10:00" other_descriptor_status="false" JST_time="2025-04-04 18:05:56"/>
      <generic_descriptor tag="0x85">
        7C 70 7C 70 06 B5 FF
      </generic_descriptor>
      <service_descriptor service_type="0x01" service_provider_name="" service_name="NHK総合1・熊本"/>
      <extended_broadcaster_descriptor broadcaster_type="0x01" terrestrial_broadcaster_id="0x7C71">
        <affiliation id="0x00"/>
        <affiliation id="0x01"/>
        <broadcaster original_network_id="0x0004" broadcaster_id="0x01"/>
      </extended_broadcaster_descriptor>
      <short_event_descriptor language_code="jpn">
        <event_name>ニュース🈔🈑</event_name>
        <text></text>
      </short_event_descriptor>
      <component_descriptor stream_content="0x01" stream_content_ext="0x0F" component_type="0x03" component_tag="0x00" language_code="jpn" text=""/>
      <audio_component_descriptor stream_content="0x02" component_type="0x02" component_tag="0x10" stream_type="0x0F" main_component="true" quality_indicator="2" sampling_rate="7" ISO_639_language_code="jpn" ISO_639_language_code_2="eng" text="日本語英語"/>
      <content_descriptor>
        <content content_nibble_level_1="0" content_nibble_level_2="0" user_byte="0xFF"/>
      </content_descriptor>
      <data_content_descriptor data_component_id="0x0008" entry_component="0x30" ISO_639_language_code="jpn" text="">
        <selector_bytes>
          01 13 6A 70 6E
        </selector_bytes>
      </data_content_descriptor>
    </service>
  </selection_information_table>
  <selection_information_table version="3" current="true">
    <metadata PID="31"/>
    <partial_transport_stream_descriptor peak_rate="0x0000EA60"/>
    <ISDB_network_identifier_descriptor country_code="JPN" media_type="TB" network_id="0x7C70"/>
    <TS_information_descriptor remote_control_key_id="0x01" ts_name="ＮＨＫ総合・熊本">
      <transmission_type transmission_type_info="0x0F">
        <service id="0xE000"/>
        <service id="0xE001"/>
        <service id="0xFFF0"/>
      </transmission_type>
      <transmission_type transmission_type_info="0xAF">
        <service id="0xE180"/>
      </transmission_type>
    </TS_information_descriptor>
    <service service_id="0xE000" running_status="undefined">
      <partialTS_time_descriptor event_version_number="61" event_start_time="2025-04-04 18:00:00" duration="00:10:00" other_descriptor_status="false" JST_time="2025-04-04 18:05:58"/>
      <generic_descriptor tag="0x85">
        7C 70 7C 70 06 B5 FF
      </generic_descriptor>
      <service_descriptor service_type="0x01" service_provider_name="" service_name="NHK総合1・熊本"/>
      <extended_broadcaster_descriptor broadcaster_type="0x01" terrestrial_broadcaster_id="0x7C71">
        <affiliation id="0x00"/>
        <affiliation id="0x01"/>
        <broadcaster original_network_id="0x0004" broadcaster_id="0x01"/>
      </extended_broadcaster_descriptor>
      <short_event_descriptor language_code="jpn">
        <event_name>ニュース🈔🈑</event_name>
        <text></text>
      </short_event_descriptor>
      <component_descriptor stream_content="0x01" stream_content_ext="0x0F" component_type="0x03" component_tag="0x00" language_code="jpn" text=""/>
      <audio_component_descriptor stream_content="0x02" component_type="0x02" component_tag="0x10" stream_type="0x0F" main_component="true" quality_indicator="2" sampling_rate="7" ISO_639_language_code="jpn" ISO_639_language_code_2="eng" text="日本語英語"/>
      <content_descriptor>
        <content content_nibble_level_1="0" content_nibble_level_2="0" user_byte="0xFF"/>
      </content_descriptor>
      <data_content_descriptor data_component_id="0x0008" entry_component="0x30" ISO_639_language_code="jpn" text="">
        <selector_bytes>
          01 13 6A 70 6E
        </selector_bytes>
      </data_content_descriptor>
    </service>
  </selection_information_table>
  <selection_information_table version="4" current="true">
    <metadata PID="31"/>
    <partial_transport_stream_descriptor peak_rate="0x0000EA60"/>
    <ISDB_network_identifier_descriptor country_code="JPN" media_type="TB" network_id="0x7C70"/>
    <TS_information_descriptor remote_control_key_id="0x01" ts_name="ＮＨＫ総合・熊本">
      <transmission_type transmission_type_info="0x0F">
        <service id="0xE000"/>
        <service id="0xE001"/>
        <service id="0xFFF0"/>
      </transmission_type>
      <transmission_type transmission_type_info="0xAF">
        <service id="0xE180"/>
      </transmission_type>
    </TS_information_descriptor>
    <service service_id="0xE000" running_status="undefined">
      <partialTS_time_descriptor event_version_number="61" event_start_time="2025-04-04 18:00:00" duration="00:10:00" other_descriptor_status="false" JST_time="2025-04-04 18:06:00"/>
      <generic_descriptor tag="0x85">
        7C 70 7C 70 06 B5 FF
      </generic_descriptor>
      <service_descriptor service_type="0x01" service_provider_name="" service_name="NHK総合1・熊本"/>
      <extended_broadcaster_descriptor broadcaster_type="0x01" terrestrial_broadcaster_id="0x7C71">
        <affiliation id="0x00"/>
        <affiliation id="0x01"/>
        <broadcaster original_network_id="0x0004" broadcaster_id="0x01"/>
      </extended_broadcaster_descriptor>
      <short_event_descriptor language_code="jpn">
        <event_name>ニュース🈔🈑</event_name>
        <text></text>
      </short_event_descriptor>
      <component_descriptor stream_content="0x01" stream_content_ext="0x0F" component_type="0x03" component_tag="0x00" language_code="jpn" text=""/>
      <audio_component_descriptor stream_content="0x02" component_type="0x02" component_tag="0x10" stream_type="0x0F" main_component="true" quality_indicator="2" sampling_rate="7" ISO_639_language_code="jpn" ISO_639_language_code_2="eng" text="日本語英語"/>
      <content_descriptor>
        <content content_nibble_level_1="0" content_nibble_level_2="0" user_byte="0xFF"/>
      </content_descriptor>
      <data_content_descriptor data_component_id="0x0008" entry_component="0x30" ISO_639_language_code="jpn" text="">
        <selector_bytes>
          01 13 6A 70 6E
        </selector_bytes>
      </data_content_descriptor>
    </service>
  </selection_information_table>
  <selection_information_table version="5" current="true">
    <metadata PID="31"/>
    <partial_transport_stream_descriptor peak_rate="0x0000EA60"/>
    <ISDB_network_identifier_descriptor country_code="JPN" media_type="TB" network_id="0x7C70"/>
    <TS_information_descriptor remote_control_key_id="0x01" ts_name="ＮＨＫ総合・熊本">
      <transmission_type transmission_type_info="0x0F">
        <service id="0xE000"/>
        <service id="0xE001"/>
        <service id="0xFFF0"/>
      </transmission_type>
      <transmission_type transmission_type_info="0xAF">
        <service id="0xE180"/>
      </transmission_type>
    </TS_information_descriptor>
    <service service_id="0xE000" running_status="undefined">
      <partialTS_time_descriptor event_version_number="61" event_start_time="2025-04-04 18:00:00" duration="00:10:00" other_descriptor_status="false" JST_time="2025-04-04 18:06:02"/>
      <generic_descriptor tag="0x85">
        7C 70 7C 70 06 B5 FF
      </generic_descriptor>
      <service_descriptor service_type="0x01" service_provider_name="" service_name="NHK総合1・熊本"/>
      <extended_broadcaster_descriptor broadcaster_type="0x01" terrestrial_broadcaster_id="0x7C71">
        <affiliation id="0x00"/>
        <affiliation id="0x01"/>
        <broadcaster original_network_id="0x0004" broadcaster_id="0x01"/>
      </extended_broadcaster_descriptor>
      <short_event_descriptor language_code="jpn">
        <event_name>ニュース🈔🈑</event_name>
        <text></text>
      </short_event_descriptor>
      <component_descriptor stream_content="0x01" stream_content_ext="0x0F" component_type="0x03" component_tag="0x00" language_code="jpn" text=""/>
      <audio_component_descriptor stream_content="0x02" component_type="0x02" component_tag="0x10" stream_type="0x0F" main_component="true" quality_indicator="2" sampling_rate="7" ISO_639_language_code="jpn" ISO_639_language_code_2="eng" text="日本語英語"/>
      <content_descriptor>
        <content content_nibble_level_1="0" content_nibble_level_2="0" user_byte="0xFF"/>
      </content_descriptor>
      <data_content_descriptor data_component_id="0x0008" entry_component="0x30" ISO_639_language_code="jpn" text="">
        <selector_bytes>
          01 13 6A 70 6E
        </selector_bytes>
      </data_content_descriptor>
    </service>
  </selection_information_table>
  <selection_information_table version="6" current="true">
    <metadata PID="31"/>
    <partial_transport_stream_descriptor peak_rate="0x0000EA60"/>
    <ISDB_network_identifier_descriptor country_code="JPN" media_type="TB" network_id="0x7C70"/>
    <TS_information_descriptor remote_control_key_id="0x01" ts_name="ＮＨＫ総合・熊本">
      <transmission_type transmission_type_info="0x0F">
        <service id="0xE000"/>
        <service id="0xE001"/>
        <service id="0xFFF0"/>
      </transmission_type>
      <transmission_type transmission_type_info="0xAF">
        <service id="0xE180"/>
      </transmission_type>
    </TS_information_descriptor>
    <service service_id="0xE000" running_status="undefined">
      <partialTS_time_descriptor event_version_number="61" event_start_time="2025-04-04 18:00:00" duration="00:10:00" other_descriptor_status="false" JST_time="2025-04-04 18:06:04"/>
      <generic_descriptor tag="0x85">
        7C 70 7C 70 06 B5 FF
      </generic_descriptor>
      <service_descriptor service_type="0x01" service_provider_name="" service_name="NHK総合1・熊本"/>
      <extended_broadcaster_descriptor broadcaster_type="0x01" terrestrial_broadcaster_id="0x7C71">
        <affiliation id="0x00"/>
        <affiliation id="0x01"/>
        <broadcaster original_network_id="0x0004" broadcaster_id="0x01"/>
      </extended_broadcaster_descriptor>
      <short_event_descriptor language_code="jpn">
        <event_name>ニュース🈔🈑</event_name>
        <text></text>
      </short_event_descriptor>
      <component_descriptor stream_content="0x01" stream_content_ext="0x0F" component_type="0x03" component_tag="0x00" language_code="jpn" text=""/>
      <audio_component_descriptor stream_content="0x02" component_type="0x02" component_tag="0x10" stream_type="0x0F" main_component="true" quality_indicator="2" sampling_rate="7" ISO_639_language_code="jpn" ISO_639_language_code_2="eng" text="日本語英語"/>
      <content_descriptor>
        <content content_nibble_level_1="0" content_nibble_level_2="0" user_byte="0xFF"/>
      </content_descriptor>
      <data_content_descriptor data_component_id="0x0008" entry_component="0x30" ISO_639_language_code="jpn" text="">
        <selector_bytes>
          01 13 6A 70 6E
        </selector_bytes>
      </data_content_descriptor>
    </service>
  </selection_information_table>
  <selection_information_table version="7" current="true">
    <metadata PID="31"/>
    <partial_transport_stream_descriptor peak_rate="0x0000EA60"/>
    <ISDB_network_identifier_descriptor country_code="JPN" media_type="TB" network_id="0x7C70"/>
    <TS_information_descriptor remote_control_key_id="0x01" ts_name="ＮＨＫ総合・熊本">
      <transmission_type transmission_type_info="0x0F">
        <service id="0xE000"/>
        <service id="0xE001"/>
        <service id="0xFFF0"/>
      </transmission_type>
      <transmission_type transmission_type_info="0xAF">
        <service id="0xE180"/>
      </transmission_type>
    </TS_information_descriptor>
    <service service_id="0xE000" running_status="undefined">
      <partialTS_time_descriptor event_version_number="61" event_start_time="2025-04-04 18:00:00" duration="00:10:00" other_descriptor_status="false" JST_time="2025-04-04 18:06:07"/>
      <generic_descriptor tag="0x85">
        7C 70 7C 70 06 B5 FF
      </generic_descriptor>
      <service_descriptor service_type="0x01" service_provider_name="" service_name="NHK総合1・熊本"/>
      <extended_broadcaster_descriptor broadcaster_type="0x01" terrestrial_broadcaster_id="0x7C71">
        <affiliation id="0x00"/>
        <affiliation id="0x01"/>
        <broadcaster original_network_id="0x0004" broadcaster_id="0x01"/>
      </extended_broadcaster_descriptor>
      <short_event_descriptor language_code="jpn">
        <event_name>ニュース🈔🈑</event_name>
        <text></text>
      </short_event_descriptor>
      <component_descriptor stream_content="0x01" stream_content_ext="0x0F" component_type="0x03" component_tag="0x00" language_code="jpn" text=""/>
      <audio_component_descriptor stream_content="0x02" component_type="0x02" component_tag="0x10" stream_type="0x0F" main_component="true" quality_indicator="2" sampling_rate="7" ISO_639_language_code="jpn" ISO_639_language_code_2="eng" text="日本語英語"/>
      <content_descriptor>
        <content content_nibble_level_1="0" content_nibble_level_2="0" user_byte="0xFF"/>
      </content_descriptor>
      <data_content_descriptor data_component_id="0x0008" entry_component="0x30" ISO_639_language_code="jpn" text="">
        <selector_bytes>
          01 13 6A 70 6E
        </selector_bytes>
      </data_content_descriptor>
    </service>
  </selection_information_table>
  <selection_information_table version="8" current="true">
    <metadata PID="31"/>
    <partial_transport_stream_descriptor peak_rate="0x0000EA60"/>
    <ISDB_network_identifier_descriptor country_code="JPN" media_type="TB" network_id="0x7C70"/>
    <TS_information_descriptor remote_control_key_id="0x01" ts_name="ＮＨＫ総合・熊本">
      <transmission_type transmission_type_info="0x0F">
        <service id="0xE000"/>
        <service id="0xE001"/>
        <service id="0xFFF0"/>
      </transmission_type>
      <transmission_type transmission_type_info="0xAF">
        <service id="0xE180"/>
      </transmission_type>
    </TS_information_descriptor>
    <service service_id="0xE000" running_status="undefined">
      <partialTS_time_descriptor event_version_number="61" event_start_time="2025-04-04 18:00:00" duration="00:10:00" other_descriptor_status="false" JST_time="2025-04-04 18:06:09"/>
      <generic_descriptor tag="0x85">
        7C 70 7C 70 06 B5 FF
      </generic_descriptor>
      <service_descriptor service_type="0x01" service_provider_name="" service_name="NHK総合1・熊本"/>
      <extended_broadcaster_descriptor broadcaster_type="0x01" terrestrial_broadcaster_id="0x7C71">
        <affiliation id="0x00"/>
        <affiliation id="0x01"/>
        <broadcaster original_network_id="0x0004" broadcaster_id="0x01"/>
      </extended_broadcaster_descriptor>
      <short_event_descriptor language_code="jpn">
        <event_name>ニュース🈔🈑</event_name>
        <text></text>
      </short_event_descriptor>
      <component_descriptor stream_content="0x01" stream_content_ext="0x0F" component_type="0x03" component_tag="0x00" language_code="jpn" text=""/>
      <audio_component_descriptor stream_content="0x02" component_type="0x02" component_tag="0x10" stream_type="0x0F" main_component="true" quality_indicator="2" sampling_rate="7" ISO_639_language_code="jpn" ISO_639_language_code_2="eng" text="日本語英語"/>
      <content_descriptor>
        <content content_nibble_level_1="0" content_nibble_level_2="0" user_byte="0xFF"/>
      </content_descriptor>
      <data_content_descriptor data_component_id="0x0008" entry_component="0x30" ISO_639_language_code="jpn" text="">
        <selector_bytes>
          01 13 6A 70 6E
        </selector_bytes>
      </data_content_descriptor>
    </service>
  </selection_information_table>
  <selection_information_table version="9" current="true">
    <metadata PID="31"/>
    <partial_transport_stream_descriptor peak_rate="0x0000EA60"/>
    <ISDB_network_identifier_descriptor country_code="JPN" media_type="TB" network_id="0x7C70"/>
    <TS_information_descriptor remote_control_key_id="0x01" ts_name="ＮＨＫ総合・熊本">
      <transmission_type transmission_type_info="0x0F">
        <service id="0xE000"/>
        <service id="0xE001"/>
        <service id="0xFFF0"/>
      </transmission_type>
      <transmission_type transmission_type_info="0xAF">
        <service id="0xE180"/>
      </transmission_type>
    </TS_information_descriptor>
    <service service_id="0xE000" running_status="undefined">
      <partialTS_time_descriptor event_version_number="61" event_start_time="2025-04-04 18:00:00" duration="00:10:00" other_descriptor_status="false" JST_time="2025-04-04 18:06:11"/>
      <generic_descriptor tag="0x85">
        7C 70 7C 70 06 B5 FF
      </generic_descriptor>
      <service_descriptor service_type="0x01" service_provider_name="" service_name="NHK総合1・熊本"/>
      <extended_broadcaster_descriptor broadcaster_type="0x01" terrestrial_broadcaster_id="0x7C71">
        <affiliation id="0x00"/>
        <affiliation id="0x01"/>
        <broadcaster original_network_id="0x0004" broadcaster_id="0x01"/>
      </extended_broadcaster_descriptor>
      <short_event_descriptor language_code="jpn">
        <event_name>ニュース🈔🈑</event_name>
        <text></text>
      </short_event_descriptor>
      <component_descriptor stream_content="0x01" stream_content_ext="0x0F" component_type="0x03" component_tag="0x00" language_code="jpn" text=""/>
      <audio_component_descriptor stream_content="0x02" component_type="0x02" component_tag="0x10" stream_type="0x0F" main_component="true" quality_indicator="2" sampling_rate="7" ISO_639_language_code="jpn" ISO_639_language_code_2="eng" text="日本語英語"/>
      <content_descriptor>
        <content content_nibble_level_1="0" content_nibble_level_2="0" user_byte="0xFF"/>
      </content_descriptor>
      <data_content_descriptor data_component_id="0x0008" entry_component="0x30" ISO_639_language_code="jpn" text="">
        <selector_bytes>
          01 13 6A 70 6E
        </selector_bytes>
      </data_content_descriptor>
    </service>
  </selection_information_table>
  <selection_information_table version="10" current="true">
    <metadata PID="31"/>
    <partial_transport_stream_descriptor peak_rate="0x0000EA60"/>
    <ISDB_network_identifier_descriptor country_code="JPN" media_type="TB" network_id="0x7C70"/>
    <TS_information_descriptor remote_control_key_id="0x01" ts_name="ＮＨＫ総合・熊本">
      <transmission_type transmission_type_info="0x0F">
        <service id="0xE000"/>
        <service id="0xE001"/>
        <service id="0xFFF0"/>
      </transmission_type>
      <transmission_type transmission_type_info="0xAF">
        <service id="0xE180"/>
      </transmission_type>
    </TS_information_descriptor>
    <service service_id="0xE000" running_status="undefined">
      <partialTS_time_descriptor event_version_number="61" event_start_time="2025-04-04 18:00:00" duration="00:10:00" other_descriptor_status="false" JST_time="2025-04-04 18:06:13"/>
      <generic_descriptor tag="0x85">
        7C 70 7C 70 06 B5 FF
      </generic_descriptor>
      <service_descriptor service_type="0x01" service_provider_name="" service_name="NHK総合1・熊本"/>
      <extended_broadcaster_descriptor broadcaster_type="0x01" terrestrial_broadcaster_id="0x7C71">
        <affiliation id="0x00"/>
        <affiliation id="0x01"/>
        <broadcaster original_network_id="0x0004" broadcaster_id="0x01"/>
      </extended_broadcaster_descriptor>
      <short_event_descriptor language_code="jpn">
        <event_name>ニュース🈔🈑</event_name>
        <text></text>
      </short_event_descriptor>
      <component_descriptor stream_content="0x01" stream_content_ext="0x0F" component_type="0x03" component_tag="0x00" language_code="jpn" text=""/>
      <audio_component_descriptor stream_content="0x02" component_type="0x02" component_tag="0x10" stream_type="0x0F" main_component="true" quality_indicator="2" sampling_rate="7" ISO_639_language_code="jpn" ISO_639_language_code_2="eng" text="日本語英語"/>
      <content_descriptor>
        <content content_nibble_level_1="0" content_nibble_level_2="0" user_byte="0xFF"/>
      </content_descriptor>
      <data_content_descriptor data_component_id="0x0008" entry_component="0x30" ISO_639_language_code="jpn" text="">
        <selector_bytes>
          01 13 6A 70 6E
        </selector_bytes>
      </data_content_descriptor>
    </service>
  </selection_information_table>
  <selection_information_table version="11" current="true">
    <metadata PID="31"/>
    <partial_transport_stream_descriptor peak_rate="0x0000EA60"/>
    <ISDB_network_identifier_descriptor country_code="JPN" media_type="TB" network_id="0x7C70"/>
    <TS_information_descriptor remote_control_key_id="0x01" ts_name="ＮＨＫ総合・熊本">
      <transmission_type transmission_type_info="0x0F">
        <service id="0xE000"/>
        <service id="0xE001"/>
        <service id="0xFFF0"/>
      </transmission_type>
      <transmission_type transmission_type_info="0xAF">
        <service id="0xE180"/>
      </transmission_type>
    </TS_information_descriptor>
    <service service_id="0xE000" running_status="undefined">
      <partialTS_time_descriptor event_version_number="61" event_start_time="2025-04-04 18:00:00" duration="00:10:00" other_descriptor_status="false" JST_time="2025-04-04 18:06:15"/>
      <generic_descriptor tag="0x85">
        7C 70 7C 70 06 B5 FF
      </generic_descriptor>
      <service_descriptor service_type="0x01" service_provider_name="" service_name="NHK総合1・熊本"/>
      <extended_broadcaster_descriptor broadcaster_type="0x01" terrestrial_broadcaster_id="0x7C71">
        <affiliation id="0x00"/>
        <affiliation id="0x01"/>
        <broadcaster original_network_id="0x0004" broadcaster_id="0x01"/>
      </extended_broadcaster_descriptor>
      <short_event_descriptor language_code="jpn">
        <event_name>ニュース🈔🈑</event_name>
        <text></text>
      </short_event_descriptor>
      <component_descriptor stream_content="0x01" stream_content_ext="0x0F" component_type="0x03" component_tag="0x00" language_code="jpn" text=""/>
      <audio_component_descriptor stream_content="0x02" component_type="0x02" component_tag="0x10" stream_type="0x0F" main_component="true" quality_indicator="2" sampling_rate="7" ISO_639_language_code="jpn" ISO_639_language_code_2="eng" text="日本語英語"/>
      <content_descriptor>
        <content content_nibble_level_1="0" content_nibble_level_2="0" user_byte="0xFF"/>
      </content_descriptor>
      <data_content_descriptor data_component_id="0x0008" entry_component="0x30" ISO_639_language_code="jpn" text="">
        <selector_bytes>
          01 13 6A 70 6E
        </selector_bytes>
      </data_content_descriptor>
    </service>
  </selection_information_table>
  <selection_information_table version="12" current="true">
    <metadata PID="31"/>
    <partial_transport_stream_descriptor peak_rate="0x0000EA60"/>
    <ISDB_network_identifier_descriptor country_code="JPN" media_type="TB" network_id="0x7C70"/>
    <TS_information_descriptor remote_control_key_id="0x01" ts_name="ＮＨＫ総合・熊本">
      <transmission_type transmission_type_info="0x0F">
        <service id="0xE000"/>
        <service id="0xE001"/>
        <service id="0xFFF0"/>
      </transmission_type>
      <transmission_type transmission_type_info="0xAF">
        <service id="0xE180"/>
      </transmission_type>
    </TS_information_descriptor>
    <service service_id="0xE000" running_status="undefined">
      <partialTS_time_descriptor event_version_number="61" event_start_time="2025-04-04 18:00:00" duration="00:10:00" other_descriptor_status="false" JST_time="2025-04-04 18:06:17"/>
      <generic_descriptor tag="0x85">
        7C 70 7C 70 06 B5 FF
      </generic_descriptor>
      <service_descriptor service_type="0x01" service_provider_name="" service_name="NHK総合1・熊本"/>
      <extended_broadcaster_descriptor broadcaster_type="0x01" terrestrial_broadcaster_id="0x7C71">
        <affiliation id="0x00"/>
        <affiliation id="0x01"/>
        <broadcaster original_network_id="0x0004" broadcaster_id="0x01"/>
      </extended_broadcaster_descriptor>
      <short_event_descriptor language_code="jpn">
        <event_name>ニュース🈔🈑</event_name>
        <text></text>
      </short_event_descriptor>
      <component_descriptor stream_content="0x01" stream_content_ext="0x0F" component_type="0x03" component_tag="0x00" language_code="jpn" text=""/>
      <audio_component_descriptor stream_content="0x02" component_type="0x02" component_tag="0x10" stream_type="0x0F" main_component="true" quality_indicator="2" sampling_rate="7" ISO_639_language_code="jpn" ISO_639_language_code_2="eng" text="日本語英語"/>
      <content_descriptor>
        <content content_nibble_level_1="0" content_nibble_level_2="0" user_byte="0xFF"/>
      </content_descriptor>
      <data_content_descriptor data_component_id="0x0008" entry_component="0x30" ISO_639_language_code="jpn" text="">
        <selector_bytes>
          01 13 6A 70 6E
        </selector_bytes>
      </data_content_descriptor>
    </service>
  </selection_information_table>
  <selection_information_table version="13" current="true">
    <metadata PID="31"/>
    <partial_transport_stream_descriptor peak_rate="0x0000EA60"/>
    <ISDB_network_identifier_descriptor country_code="JPN" media_type="TB" network_id="0x7C70"/>
    <TS_information_descriptor remote_control_key_id="0x01" ts_name="ＮＨＫ総合・熊本">
      <transmission_type transmission_type_info="0x0F">
        <service id="0xE000"/>
        <service id="0xE001"/>
        <service id="0xFFF0"/>
      </transmission_type>
      <transmission_type transmission_type_info="0xAF">
        <service id="0xE180"/>
      </transmission_type>
    </TS_information_descriptor>
    <service service_id="0xE000" running_status="undefined">
      <partialTS_time_descriptor event_version_number="61" event_start_time="2025-04-04 18:00:00" duration="00:10:00" other_descriptor_status="false" JST_time="2025-04-04 18:06:19"/>
      <generic_descriptor tag="0x85">
        7C 70 7C 70 06 B5 FF
      </generic_descriptor>
      <service_descriptor service_type="0x01" service_provider_name="" service_name="NHK総合1・熊本"/>
      <extended_broadcaster_descriptor broadcaster_type="0x01" terrestrial_broadcaster_id="0x7C71">
        <affiliation id="0x00"/>
        <affiliation id="0x01"/>
        <broadcaster original_network_id="0x0004" broadcaster_id="0x01"/>
      </extended_broadcaster_descriptor>
      <short_event_descriptor language_code="jpn">
        <event_name>ニュース🈔🈑</event_name>
        <text></text>
      </short_event_descriptor>
      <component_descriptor stream_content="0x01" stream_content_ext="0x0F" component_type="0x03" component_tag="0x00" language_code="jpn" text=""/>
      <audio_component_descriptor stream_content="0x02" component_type="0x02" component_tag="0x10" stream_type="0x0F" main_component="true" quality_indicator="2" sampling_rate="7" ISO_639_language_code="jpn" ISO_639_language_code_2="eng" text="日本語英語"/>
      <content_descriptor>
        <content content_nibble_level_1="0" content_nibble_level_2="0" user_byte="0xFF"/>
      </content_descriptor>
      <data_content_descriptor data_component_id="0x0008" entry_component="0x30" ISO_639_language_code="jpn" text="">
        <selector_bytes>
          01 13 6A 70 6E
        </selector_bytes>
      </data_content_descriptor>
    </service>
  </selection_information_table>
  <selection_information_table version="14" current="true">
    <metadata PID="31"/>
    <partial_transport_stream_descriptor peak_rate="0x0000EA60"/>
    <ISDB_network_identifier_descriptor country_code="JPN" media_type="TB" network_id="0x7C70"/>
    <TS_information_descriptor remote_control_key_id="0x01" ts_name="ＮＨＫ総合・熊本">
      <transmission_type transmission_type_info="0x0F">
        <service id="0xE000"/>
        <service id="0xE001"/>
        <service id="0xFFF0"/>
      </transmission_type>
      <transmission_type transmission_type_info="0xAF">
        <service id="0xE180"/>
      </transmission_type>
    </TS_information_descriptor>
    <service service_id="0xE000" running_status="undefined">
      <partialTS_time_descriptor event_version_number="61" event_start_time="2025-04-04 18:00:00" duration="00:10:00" other_descriptor_status="false" JST_time="2025-04-04 18:06:21"/>
      <generic_descriptor tag="0x85">
        7C 70 7C 70 06 B5 FF
      </generic_descriptor>
      <service_descriptor service_type="0x01" service_provider_name="" service_name="NHK総合1・熊本"/>
      <extended_broadcaster_descriptor broadcaster_type="0x01" terrestrial_broadcaster_id="0x7C71">
        <affiliation id="0x00"/>
        <affiliation id="0x01"/>
        <broadcaster original_network_id="0x0004" broadcaster_id="0x01"/>
      </extended_broadcaster_descriptor>
      <short_event_descriptor language_code="jpn">
        <event_name>ニュース🈔🈑</event_name>
        <text></text>
      </short_event_descriptor>
      <component_descriptor stream_content="0x01" stream_content_ext="0x0F" component_type="0x03" component_tag="0x00" language_code="jpn" text=""/>
      <audio_component_descriptor stream_content="0x02" component_type="0x02" component_tag="0x10" stream_type="0x0F" main_component="true" quality_indicator="2" sampling_rate="7" ISO_639_language_code="jpn" ISO_639_language_code_2="eng" text="日本語英語"/>
      <content_descriptor>
        <content content_nibble_level_1="0" content_nibble_level_2="0" user_byte="0xFF"/>
      </content_descriptor>
      <data_content_descriptor data_component_id="0x0008" entry_component="0x30" ISO_639_language_code="jpn" text="">
        <selector_bytes>
          01 13 6A 70 6E
        </selector_bytes>
      </data_content_descriptor>
    </service>
  </selection_information_table>
  <selection_information_table version="15" current="true">
    <metadata PID="31"/>
    <partial_transport_stream_descriptor peak_rate="0x0000EA60"/>
    <ISDB_network_identifier_descriptor country_code="JPN" media_type="TB" network_id="0x7C70"/>
    <TS_information_descriptor remote_control_key_id="0x01" ts_name="ＮＨＫ総合・熊本">
      <transmission_type transmission_type_info="0x0F">
        <service id="0xE000"/>
        <service id="0xE001"/>
        <service id="0xFFF0"/>
      </transmission_type>
      <transmission_type transmission_type_info="0xAF">
        <service id="0xE180"/>
      </transmission_type>
    </TS_information_descriptor>
    <service service_id="0xE000" running_status="undefined">
      <partialTS_time_descriptor event_version_number="61" event_start_time="2025-04-04 18:00:00" duration="00:10:00" other_descriptor_status="false" JST_time="2025-04-04 18:06:23"/>
      <generic_descriptor tag="0x85">
        7C 70 7C 70 06 B5 FF
      </generic_descriptor>
      <service_descriptor service_type="0x01" service_provider_name="" service_name="NHK総合1・熊本"/>
      <extended_broadcaster_descriptor broadcaster_type="0x01" terrestrial_broadcaster_id="0x7C71">
        <affiliation id="0x00"/>
        <affiliation id="0x01"/>
        <broadcaster original_network_id="0x0004" broadcaster_id="0x01"/>
      </extended_broadcaster_descriptor>
      <short_event_descriptor language_code="jpn">
        <event_name>ニュース🈔🈑</event_name>
        <text></text>
      </short_event_descriptor>
      <component_descriptor stream_content="0x01" stream_content_ext="0x0F" component_type="0x03" component_tag="0x00" language_code="jpn" text=""/>
      <audio_component_descriptor stream_content="0x02" component_type="0x02" component_tag="0x10" stream_type="0x0F" main_component="true" quality_indicator="2" sampling_rate="7" ISO_639_language_code="jpn" ISO_639_language_code_2="eng" text="日本語英語"/>
      <content_descriptor>
        <content content_nibble_level_1="0" content_nibble_level_2="0" user_byte="0xFF"/>
      </content_descriptor>
      <data_content_descriptor data_component_id="0x0008" entry_component="0x30" ISO_639_language_code="jpn" text="">
        <selector_bytes>
          01 13 6A 70 6E
        </selector_bytes>
      </data_content_descriptor>
    </service>
  </selection_information_table>
  <selection_information_table version="16" current="true">
    <metadata PID="31"/>
    <partial_transport_stream_descriptor peak_rate="0x0000EA60"/>
    <ISDB_network_identifier_descriptor country_code="JPN" media_type="TB" network_id="0x7C70"/>
    <TS_information_descriptor remote_control_key_id="0x01" ts_name="ＮＨＫ総合・熊本">
      <transmission_type transmission_type_info="0x0F">
        <service id="0xE000"/>
        <service id="0xE001"/>
        <service id="0xFFF0"/>
      </transmission_type>
      <transmission_type transmission_type_info="0xAF">
        <service id="0xE180"/>
      </transmission_type>
    </TS_information_descriptor>
    <service service_id="0xE000" running_status="undefined">
      <partialTS_time_descriptor event_version_number="61" event_start_time="2025-04-04 18:00:00" duration="00:10:00" other_descriptor_status="false" JST_time="2025-04-04 18:06:25"/>
      <generic_descriptor tag="0x85">
        7C 70 7C 70 06 B5 FF
      </generic_descriptor>
      <service_descriptor service_type="0x01" service_provider_name="" service_name="NHK総合1・熊本"/>
      <extended_broadcaster_descriptor broadcaster_type="0x01" terrestrial_broadcaster_id="0x7C71">
        <affiliation id="0x00"/>
        <affiliation id="0x01"/>
        <broadcaster original_network_id="0x0004" broadcaster_id="0x01"/>
      </extended_broadcaster_descriptor>
      <short_event_descriptor language_code="jpn">
        <event_name>ニュース🈔🈑</event_name>
        <text></text>
      </short_event_descriptor>
      <component_descriptor stream_content="0x01" stream_content_ext="0x0F" component_type="0x03" component_tag="0x00" language_code="jpn" text=""/>
      <audio_component_descriptor stream_content="0x02" component_type="0x02" component_tag="0x10" stream_type="0x0F" main_component="true" quality_indicator="2" sampling_rate="7" ISO_639_language_code="jpn" ISO_639_language_code_2="eng" text="日本語英語"/>
      <content_descriptor>
        <content content_nibble_level_1="0" content_nibble_level_2="0" user_byte="0xFF"/>
      </content_descriptor>
      <data_content_descriptor data_component_id="0x0008" entry_component="0x30" ISO_639_language_code="jpn" text="">
        <selector_bytes>
          01 13 6A 70 6E
        </selector_bytes>
      </data_content_descriptor>
    </service>
  </selection_information_table>
  <selection_information_table version="17" current="true">
    <metadata PID="31"/>
    <partial_transport_stream_descriptor peak_rate="0x0000EA60"/>
    <ISDB_network_identifier_descriptor country_code="JPN" media_type="TB" network_id="0x7C70"/>
    <TS_information_descriptor remote_control_key_id="0x01" ts_name="ＮＨＫ総合・熊本">
      <transmission_type transmission_type_info="0x0F">
        <service id="0xE000"/>
        <service id="0xE001"/>
        <service id="0xFFF0"/>
      </transmission_type>
      <transmission_type transmission_type_info="0xAF">
        <service id="0xE180"/>
      </transmission_type>
    </TS_information_descriptor>
    <service service_id="0xE000" running_status="undefined">
      <partialTS_time_descriptor event_version_number="61" event_start_time="2025-04-04 18:00:00" duration="00:10:00" other_descriptor_status="false" JST_time="2025-04-04 18:06:28"/>
      <generic_descriptor tag="0x85">
        7C 70 7C 70 06 B5 FF
      </generic_descriptor>
      <service_descriptor service_type="0x01" service_provider_name="" service_name="NHK総合1・熊本"/>
      <extended_broadcaster_descriptor broadcaster_type="0x01" terrestrial_broadcaster_id="0x7C71">
        <affiliation id="0x00"/>
        <affiliation id="0x01"/>
        <broadcaster original_network_id="0x0004" broadcaster_id="0x01"/>
      </extended_broadcaster_descriptor>
      <short_event_descriptor language_code="jpn">
        <event_name>ニュース🈔🈑</event_name>
        <text></text>
      </short_event_descriptor>
      <component_descriptor stream_content="0x01" stream_content_ext="0x0F" component_type="0x03" component_tag="0x00" language_code="jpn" text=""/>
      <audio_component_descriptor stream_content="0x02" component_type="0x02" component_tag="0x10" stream_type="0x0F" main_component="true" quality_indicator="2" sampling_rate="7" ISO_639_language_code="jpn" ISO_639_language_code_2="eng" text="日本語英語"/>
      <content_descriptor>
        <content content_nibble_level_1="0" content_nibble_level_2="0" user_byte="0xFF"/>
      </content_descriptor>
      <data_content_descriptor data_component_id="0x0008" entry_component="0x30" ISO_639_language_code="jpn" text="">
        <selector_bytes>
          01 13 6A 70 6E
        </selector_bytes>
      </data_content_descriptor>
    </service>
  </selection_information_table>
  <selection_information_table version="18" current="true">
    <metadata PID="31"/>
    <partial_transport_stream_descriptor peak_rate="0x0000EA60"/>
    <ISDB_network_identifier_descriptor country_code="JPN" media_type="TB" network_id="0x7C70"/>
    <TS_information_descriptor remote_control_key_id="0x01" ts_name="ＮＨＫ総合・熊本">
      <transmission_type transmission_type_info="0x0F">
        <service id="0xE000"/>
        <service id="0xE001"/>
        <service id="0xFFF0"/>
      </transmission_type>
      <transmission_type transmission_type_info="0xAF">
        <service id="0xE180"/>
      </transmission_type>
    </TS_information_descriptor>
    <service service_id="0xE000" running_status="undefined">
      <partialTS_time_descriptor event_version_number="61" event_start_time="2025-04-04 18:00:00" duration="00:10:00" other_descriptor_status="false" JST_time="2025-04-04 18:06:30"/>
      <generic_descriptor tag="0x85">
        7C 70 7C 70 06 B5 FF
      </generic_descriptor>
      <service_descriptor service_type="0x01" service_provider_name="" service_name="NHK総合1・熊本"/>
      <extended_broadcaster_descriptor broadcaster_type="0x01" terrestrial_broadcaster_id="0x7C71">
        <affiliation id="0x00"/>
        <affiliation id="0x01"/>
        <broadcaster original_network_id="0x0004" broadcaster_id="0x01"/>
      </extended_broadcaster_descriptor>
      <short_event_descriptor language_code="jpn">
        <event_name>ニュース🈔🈑</event_name>
        <text></text>
      </short_event_descriptor>
      <component_descriptor stream_content="0x01" stream_content_ext="0x0F" component_type="0x03" component_tag="0x00" language_code="jpn" text=""/>
      <audio_component_descriptor stream_content="0x02" component_type="0x02" component_tag="0x10" stream_type="0x0F" main_component="true" quality_indicator="2" sampling_rate="7" ISO_639_language_code="jpn" ISO_639_language_code_2="eng" text="日本語英語"/>
      <content_descriptor>
        <content content_nibble_level_1="0" content_nibble_level_2="0" user_byte="0xFF"/>
      </content_descriptor>
      <data_content_descriptor data_component_id="0x0008" entry_component="0x30" ISO_639_language_code="jpn" text="">
        <selector_bytes>
          01 13 6A 70 6E
        </selector_bytes>
      </data_content_descriptor>
    </service>
  </selection_information_table>
  <selection_information_table version="19" current="true">
    <metadata PID="31"/>
    <partial_transport_stream_descriptor peak_rate="0x0000EA60"/>
    <ISDB_network_identifier_descriptor country_code="JPN" media_type="TB" network_id="0x7C70"/>
    <TS_information_descriptor remote_control_key_id="0x01" ts_name="ＮＨＫ総合・熊本">
      <transmission_type transmission_type_info="0x0F">
        <service id="0xE000"/>
        <service id="0xE001"/>
        <service id="0xFFF0"/>
      </transmission_type>
      <transmission_type transmission_type_info="0xAF">
        <service id="0xE180"/>
      </transmission_type>
    </TS_information_descriptor>
    <service service_id="0xE000" running_status="undefined">
      <partialTS_time_descriptor event_version_number="61" event_start_time="2025-04-04 18:00:00" duration="00:10:00" other_descriptor_status="false" JST_time="2025-04-04 18:06:32"/>
      <generic_descriptor tag="0x85">
        7C 70 7C 70 06 B5 FF
      </generic_descriptor>
      <service_descriptor service_type="0x01" service_provider_name="" service_name="NHK総合1・熊本"/>
      <extended_broadcaster_descriptor broadcaster_type="0x01" terrestrial_broadcaster_id="0x7C71">
        <affiliation id="0x00"/>
        <affiliation id="0x01"/>
        <broadcaster original_network_id="0x0004" broadcaster_id="0x01"/>
      </extended_broadcaster_descriptor>
      <short_event_descriptor language_code="jpn">
        <event_name>ニュース🈔🈑</event_name>
        <text></text>
      </short_event_descriptor>
      <component_descriptor stream_content="0x01" stream_content_ext="0x0F" component_type="0x03" component_tag="0x00" language_code="jpn" text=""/>
      <audio_component_descriptor stream_content="0x02" component_type="0x02" component_tag="0x10" stream_type="0x0F" main_component="true" quality_indicator="2" sampling_rate="7" ISO_639_language_code="jpn" ISO_639_language_code_2="eng" text="日本語英語"/>
      <content_descriptor>
        <content content_nibble_level_1="0" content_nibble_level_2="0" user_byte="0xFF"/>
      </content_descriptor>
      <data_content_descriptor data_component_id="0x0008" entry_component="0x30" ISO_639_language_code="jpn" text="">
        <selector_bytes>
          01 13 6A 70 6E
        </selector_bytes>
      </data_content_descriptor>
    </service>
  </selection_information_table>
  <selection_information_table version="20" current="true">
    <metadata PID="31"/>
    <partial_transport_stream_descriptor peak_rate="0x0000EA60"/>
    <ISDB_network_identifier_descriptor country_code="JPN" media_type="TB" network_id="0x7C70"/>
    <TS_information_descriptor remote_control_key_id="0x01" ts_name="ＮＨＫ総合・熊本">
      <transmission_type transmission_type_info="0x0F">
        <service id="0xE000"/>
        <service id="0xE001"/>
        <service id="0xFFF0"/>
      </transmission_type>
      <transmission_type transmission_type_info="0xAF">
        <service id="0xE180"/>
      </transmission_type>
    </TS_information_descriptor>
    <service service_id="0xE000" running_status="undefined">
      <partialTS_time_descriptor event_version_number="61" event_start_time="2025-04-04 18:00:00" duration="00:10:00" other_descriptor_status="false" JST_time="2025-04-04 18:06:34"/>
      <generic_descriptor tag="0x85">
        7C 70 7C 70 06 B5 FF
      </generic_descriptor>
      <service_descriptor service_type="0x01" service_provider_name="" service_name="NHK総合1・熊本"/>
      <extended_broadcaster_descriptor broadcaster_type="0x01" terrestrial_broadcaster_id="0x7C71">
        <affiliation id="0x00"/>
        <affiliation id="0x01"/>
        <broadcaster original_network_id="0x0004" broadcaster_id="0x01"/>
      </extended_broadcaster_descriptor>
      <short_event_descriptor language_code="jpn">
        <event_name>ニュース🈔🈑</event_name>
        <text></text>
      </short_event_descriptor>
      <component_descriptor stream_content="0x01" stream_content_ext="0x0F" component_type="0x03" component_tag="0x00" language_code="jpn" text=""/>
      <audio_component_descriptor stream_content="0x02" component_type="0x02" component_tag="0x10" stream_type="0x0F" main_component="true" quality_indicator="2" sampling_rate="7" ISO_639_language_code="jpn" ISO_639_language_code_2="eng" text="日本語英語"/>
      <content_descriptor>
        <content content_nibble_level_1="0" content_nibble_level_2="0" user_byte="0xFF"/>
      </content_descriptor>
      <data_content_descriptor data_component_id="0x0008" entry_component="0x30" ISO_639_language_code="jpn" text="">
        <selector_bytes>
          01 13 6A 70 6E
        </selector_bytes>
      </data_content_descriptor>
    </service>
  </selection_information_table>
  <selection_information_table version="21" current="true">
    <metadata PID="31"/>
    <partial_transport_stream_descriptor peak_rate="0x0000EA60"/>
    <ISDB_network_identifier_descriptor country_code="JPN" media_type="TB" network_id="0x7C70"/>
    <TS_information_descriptor remote_control_key_id="0x01" ts_name="ＮＨＫ総合・熊本">
      <transmission_type transmission_type_info="0x0F">
        <service id="0xE000"/>
        <service id="0xE001"/>
        <service id="0xFFF0"/>
      </transmission_type>
      <transmission_type transmission_type_info="0xAF">
        <service id="0xE180"/>
      </transmission_type>
    </TS_information_descriptor>
    <service service_id="0xE000" running_status="undefined">
      <partialTS_time_descriptor event_version_number="61" event_start_time="2025-04-04 18:00:00" duration="00:10:00" other_descriptor_status="false" JST_time="2025-04-04 18:06:36"/>
      <generic_descriptor tag="0x85">
        7C 70 7C 70 06 B5 FF
      </generic_descriptor>
      <service_descriptor service_type="0x01" service_provider_name="" service_name="NHK総合1・熊本"/>
      <extended_broadcaster_descriptor broadcaster_type="0x01" terrestrial_broadcaster_id="0x7C71">
        <affiliation id="0x00"/>
        <affiliation id="0x01"/>
        <broadcaster original_network_id="0x0004" broadcaster_id="0x01"/>
      </extended_broadcaster_descriptor>
      <short_event_descriptor language_code="jpn">
        <event_name>ニュース🈔🈑</event_name>
        <text></text>
      </short_event_descriptor>
      <component_descriptor stream_content="0x01" stream_content_ext="0x0F" component_type="0x03" component_tag="0x00" language_code="jpn" text=""/>
      <audio_component_descriptor stream_content="0x02" component_type="0x02" component_tag="0x10" stream_type="0x0F" main_component="true" quality_indicator="2" sampling_rate="7" ISO_639_language_code="jpn" ISO_639_language_code_2="eng" text="日本語英語"/>
      <content_descriptor>
        <content content_nibble_level_1="0" content_nibble_level_2="0" user_byte="0xFF"/>
      </content_descriptor>
      <data_content_descriptor data_component_id="0x0008" entry_component="0x30" ISO_639_language_code="jpn" text="">
        <selector_bytes>
          01 13 6A 70 6E
        </selector_bytes>
      </data_content_descriptor>
    </service>
  </selection_information_table>
  <selection_information_table version="22" current="true">
    <metadata PID="31"/>
    <partial_transport_stream_descriptor peak_rate="0x0000EA60"/>
    <ISDB_network_identifier_descriptor country_code="JPN" media_type="TB" network_id="0x7C70"/>
    <TS_information_descriptor remote_control_key_id="0x01" ts_name="ＮＨＫ総合・熊本">
      <transmission_type transmission_type_info="0x0F">
        <service id="0xE000"/>
        <service id="0xE001"/>
        <service id="0xFFF0"/>
      </transmission_type>
      <transmission_type transmission_type_info="0xAF">
        <service id="0xE180"/>
      </transmission_type>
    </TS_information_descriptor>
    <service service_id="0xE000" running_status="undefined">
      <partialTS_time_descriptor event_version_number="61" event_start_time="2025-04-04 18:00:00" duration="00:10:00" other_descriptor_status="false" JST_time="2025-04-04 18:06:38"/>
      <generic_descriptor tag="0x85">
        7C 70 7C 70 06 B5 FF
      </generic_descriptor>
      <service_descriptor service_type="0x01" service_provider_name="" service_name="NHK総合1・熊本"/>
      <extended_broadcaster_descriptor broadcaster_type="0x01" terrestrial_broadcaster_id="0x7C71">
        <affiliation id="0x00"/>
        <affiliation id="0x01"/>
        <broadcaster original_network_id="0x0004" broadcaster_id="0x01"/>
      </extended_broadcaster_descriptor>
      <short_event_descriptor language_code="jpn">
        <event_name>ニュース🈔🈑</event_name>
        <text></text>
      </short_event_descriptor>
      <component_descriptor stream_content="0x01" stream_content_ext="0x0F" component_type="0x03" component_tag="0x00" language_code="jpn" text=""/>
      <audio_component_descriptor stream_content="0x02" component_type="0x02" component_tag="0x10" stream_type="0x0F" main_component="true" quality_indicator="2" sampling_rate="7" ISO_639_language_code="jpn" ISO_639_language_code_2="eng" text="日本語英語"/>
      <content_descriptor>
        <content content_nibble_level_1="0" content_nibble_level_2="0" user_byte="0xFF"/>
      </content_descriptor>
      <data_content_descriptor data_component_id="0x0008" entry_component="0x30" ISO_639_language_code="jpn" text="">
        <selector_bytes>
          01 13 6A 70 6E
        </selector_bytes>
      </data_content_descriptor>
    </service>
  </selection_information_table>
  <selection_information_table version="23" current="true">
    <metadata PID="31"/>
    <partial_transport_stream_descriptor peak_rate="0x0000EA60"/>
    <ISDB_network_identifier_descriptor country_code="JPN" media_type="TB" network_id="0x7C70"/>
    <TS_information_descriptor remote_control_key_id="0x01" ts_name="ＮＨＫ総合・熊本">
      <transmission_type transmission_type_info="0x0F">
        <service id="0xE000"/>
        <service id="0xE001"/>
        <service id="0xFFF0"/>
      </transmission_type>
      <transmission_type transmission_type_info="0xAF">
        <service id="0xE180"/>
      </transmission_type>
    </TS_information_descriptor>
    <service service_id="0xE000" running_status="undefined">
      <partialTS_time_descriptor event_version_number="61" event_start_time="2025-04-04 18:00:00" duration="00:10:00" other_descriptor_status="false" JST_time="2025-04-04 18:06:40"/>
      <generic_descriptor tag="0x85">
        7C 70 7C 70 06 B5 FF
      </generic_descriptor>
      <service_descriptor service_type="0x01" service_provider_name="" service_name="NHK総合1・熊本"/>
      <extended_broadcaster_descriptor broadcaster_type="0x01" terrestrial_broadcaster_id="0x7C71">
        <affiliation id="0x00"/>
        <affiliation id="0x01"/>
        <broadcaster original_network_id="0x0004" broadcaster_id="0x01"/>
      </extended_broadcaster_descriptor>
      <short_event_descriptor language_code="jpn">
        <event_name>ニュース🈔🈑</event_name>
        <text></text>
      </short_event_descriptor>
      <component_descriptor stream_content="0x01" stream_content_ext="0x0F" component_type="0x03" component_tag="0x00" language_code="jpn" text=""/>
      <audio_component_descriptor stream_content="0x02" component_type="0x02" component_tag="0x10" stream_type="0x0F" main_component="true" quality_indicator="2" sampling_rate="7" ISO_639_language_code="jpn" ISO_639_language_code_2="eng" text="日本語英語"/>
      <content_descriptor>
        <content content_nibble_level_1="0" content_nibble_level_2="0" user_byte="0xFF"/>
      </content_descriptor>
      <data_content_descriptor data_component_id="0x0008" entry_component="0x30" ISO_639_language_code="jpn" text="">
        <selector_bytes>
          01 13 6A 70 6E
        </selector_bytes>
      </data_content_descriptor>
    </service>
  </selection_information_table>
  <selection_information_table version="24" current="true">
    <metadata PID="31"/>
    <partial_transport_stream_descriptor peak_rate="0x0000EA60"/>
    <ISDB_network_identifier_descriptor country_code="JPN" media_type="TB" network_id="0x7C70"/>
    <TS_information_descriptor remote_control_key_id="0x01" ts_name="ＮＨＫ総合・熊本">
      <transmission_type transmission_type_info="0x0F">
        <service id="0xE000"/>
        <service id="0xE001"/>
        <service id="0xFFF0"/>
      </transmission_type>
      <transmission_type transmission_type_info="0xAF">
        <service id="0xE180"/>
      </transmission_type>
    </TS_information_descriptor>
    <service service_id="0xE000" running_status="undefined">
      <partialTS_time_descriptor event_version_number="61" event_start_time="2025-04-04 18:00:00" duration="00:10:00" other_descriptor_status="false" JST_time="2025-04-04 18:06:42"/>
      <generic_descriptor tag="0x85">
        7C 70 7C 70 06 B5 FF
      </generic_descriptor>
      <service_descriptor service_type="0x01" service_provider_name="" service_name="NHK総合1・熊本"/>
      <extended_broadcaster_descriptor broadcaster_type="0x01" terrestrial_broadcaster_id="0x7C71">
        <affiliation id="0x00"/>
        <affiliation id="0x01"/>
        <broadcaster original_network_id="0x0004" broadcaster_id="0x01"/>
      </extended_broadcaster_descriptor>
      <short_event_descriptor language_code="jpn">
        <event_name>ニュース🈔🈑</event_name>
        <text></text>
      </short_event_descriptor>
      <component_descriptor stream_content="0x01" stream_content_ext="0x0F" component_type="0x03" component_tag="0x00" language_code="jpn" text=""/>
      <audio_component_descriptor stream_content="0x02" component_type="0x02" component_tag="0x10" stream_type="0x0F" main_component="true" quality_indicator="2" sampling_rate="7" ISO_639_language_code="jpn" ISO_639_language_code_2="eng" text="日本語英語"/>
      <content_descriptor>
        <content content_nibble_level_1="0" content_nibble_level_2="0" user_byte="0xFF"/>
      </content_descriptor>
      <data_content_descriptor data_component_id="0x0008" entry_component="0x30" ISO_639_language_code="jpn" text="">
        <selector_bytes>
          01 13 6A 70 6E
        </selector_bytes>
      </data_content_descriptor>
    </service>
  </selection_information_table>
  <selection_information_table version="25" current="true">
    <metadata PID="31"/>
    <partial_transport_stream_descriptor peak_rate="0x0000EA60"/>
    <ISDB_network_identifier_descriptor country_code="JPN" media_type="TB" network_id="0x7C70"/>
    <TS_information_descriptor remote_control_key_id="0x01" ts_name="ＮＨＫ総合・熊本">
      <transmission_type transmission_type_info="0x0F">
        <service id="0xE000"/>
        <service id="0xE001"/>
        <service id="0xFFF0"/>
      </transmission_type>
      <transmission_type transmission_type_info="0xAF">
        <service id="0xE180"/>
      </transmission_type>
    </TS_information_descriptor>
    <service service_id="0xE000" running_status="undefined">
      <partialTS_time_descriptor event_version_number="61" event_start_time="2025-04-04 18:00:00" duration="00:10:00" other_descriptor_status="false" JST_time="2025-04-04 18:06:44"/>
      <generic_descriptor tag="0x85">
        7C 70 7C 70 06 B5 FF
      </generic_descriptor>
      <service_descriptor service_type="0x01" service_provider_name="" service_name="NHK総合1・熊本"/>
      <extended_broadcaster_descriptor broadcaster_type="0x01" terrestrial_broadcaster_id="0x7C71">
        <affiliation id="0x00"/>
        <affiliation id="0x01"/>
        <broadcaster original_network_id="0x0004" broadcaster_id="0x01"/>
      </extended_broadcaster_descriptor>
      <short_event_descriptor language_code="jpn">
        <event_name>ニュース🈔🈑</event_name>
        <text></text>
      </short_event_descriptor>
      <component_descriptor stream_content="0x01" stream_content_ext="0x0F" component_type="0x03" component_tag="0x00" language_code="jpn" text=""/>
      <audio_component_descriptor stream_content="0x02" component_type="0x02" component_tag="0x10" stream_type="0x0F" main_component="true" quality_indicator="2" sampling_rate="7" ISO_639_language_code="jpn" ISO_639_language_code_2="eng" text="日本語英語"/>
      <content_descriptor>
        <content content_nibble_level_1="0" content_nibble_level_2="0" user_byte="0xFF"/>
      </content_descriptor>
      <data_content_descriptor data_component_id="0x0008" entry_component="0x30" ISO_639_language_code="jpn" text="">
        <selector_bytes>
          01 13 6A 70 6E
        </selector_bytes>
      </data_content_descriptor>
    </service>
  </selection_information_table>
  <selection_information_table version="26" current="true">
    <metadata PID="31"/>
    <partial_transport_stream_descriptor peak_rate="0x0000EA60"/>
    <ISDB_network_identifier_descriptor country_code="JPN" media_type="TB" network_id="0x7C70"/>
    <TS_information_descriptor remote_control_key_id="0x01" ts_name="ＮＨＫ総合・熊本">
      <transmission_type transmission_type_info="0x0F">
        <service id="0xE000"/>
        <service id="0xE001"/>
        <service id="0xFFF0"/>
      </transmission_type>
      <transmission_type transmission_type_info="0xAF">
        <service id="0xE180"/>
      </transmission_type>
    </TS_information_descriptor>
    <service service_id="0xE000" running_status="undefined">
      <partialTS_time_descriptor event_version_number="61" event_start_time="2025-04-04 18:00:00" duration="00:10:00" other_descriptor_status="false" JST_time="2025-04-04 18:06:46"/>
      <generic_descriptor tag="0x85">
        7C 70 7C 70 06 B5 FF
      </generic_descriptor>
      <service_descriptor service_type="0x01" service_provider_name="" service_name="NHK総合1・熊本"/>
      <extended_broadcaster_descriptor broadcaster_type="0x01" terrestrial_broadcaster_id="0x7C71">
        <affiliation id="0x00"/>
        <affiliation id="0x01"/>
        <broadcaster original_network_id="0x0004" broadcaster_id="0x01"/>
      </extended_broadcaster_descriptor>
      <short_event_descriptor language_code="jpn">
        <event_name>ニュース🈔🈑</event_name>
        <text></text>
      </short_event_descriptor>
      <component_descriptor stream_content="0x01" stream_content_ext="0x0F" component_type="0x03" component_tag="0x00" language_code="jpn" text=""/>
      <audio_component_descriptor stream_content="0x02" component_type="0x02" component_tag="0x10" stream_type="0x0F" main_component="true" quality_indicator="2" sampling_rate="7" ISO_639_language_code="jpn" ISO_639_language_code_2="eng" text="日本語英語"/>
      <content_descriptor>
        <content content_nibble_level_1="0" content_nibble_level_2="0" user_byte="0xFF"/>
      </content_descriptor>
      <data_content_descriptor data_component_id="0x0008" entry_component="0x30" ISO_639_language_code="jpn" text="">
        <selector_bytes>
          01 13 6A 70 6E
        </selector_bytes>
      </data_content_descriptor>
    </service>
  </selection_information_table>
  <selection_information_table version="27" current="true">
    <metadata PID="31"/>
    <partial_transport_stream_descriptor peak_rate="0x0000EA60"/>
    <ISDB_network_identifier_descriptor country_code="JPN" media_type="TB" network_id="0x7C70"/>
    <TS_information_descriptor remote_control_key_id="0x01" ts_name="ＮＨＫ総合・熊本">
      <transmission_type transmission_type_info="0x0F">
        <service id="0xE000"/>
        <service id="0xE001"/>
        <service id="0xFFF0"/>
      </transmission_type>
      <transmission_type transmission_type_info="0xAF">
        <service id="0xE180"/>
      </transmission_type>
    </TS_information_descriptor>
    <service service_id="0xE000" running_status="undefined">
      <partialTS_time_descriptor event_version_number="61" event_start_time="2025-04-04 18:00:00" duration="00:10:00" other_descriptor_status="false" JST_time="2025-04-04 18:06:49"/>
      <generic_descriptor tag="0x85">
        7C 70 7C 70 06 B5 FF
      </generic_descriptor>
      <service_descriptor service_type="0x01" service_provider_name="" service_name="NHK総合1・熊本"/>
      <extended_broadcaster_descriptor broadcaster_type="0x01" terrestrial_broadcaster_id="0x7C71">
        <affiliation id="0x00"/>
        <affiliation id="0x01"/>
        <broadcaster original_network_id="0x0004" broadcaster_id="0x01"/>
      </extended_broadcaster_descriptor>
      <short_event_descriptor language_code="jpn">
        <event_name>ニュース🈔🈑</event_name>
        <text></text>
      </short_event_descriptor>
      <component_descriptor stream_content="0x01" stream_content_ext="0x0F" component_type="0x03" component_tag="0x00" language_code="jpn" text=""/>
      <audio_component_descriptor stream_content="0x02" component_type="0x02" component_tag="0x10" stream_type="0x0F" main_component="true" quality_indicator="2" sampling_rate="7" ISO_639_language_code="jpn" ISO_639_language_code_2="eng" text="日本語英語"/>
      <content_descriptor>
        <content content_nibble_level_1="0" content_nibble_level_2="0" user_byte="0xFF"/>
      </content_descriptor>
      <data_content_descriptor data_component_id="0x0008" entry_component="0x30" ISO_639_language_code="jpn" text="">
        <selector_bytes>
          01 13 6A 70 6E
        </selector_bytes>
      </data_content_descriptor>
    </service>
  </selection_information_table>
  <selection_information_table version="28" current="true">
    <metadata PID="31"/>
    <partial_transport_stream_descriptor peak_rate="0x0000EA60"/>
    <ISDB_network_identifier_descriptor country_code="JPN" media_type="TB" network_id="0x7C70"/>
    <TS_information_descriptor remote_control_key_id="0x01" ts_name="ＮＨＫ総合・熊本">
      <transmission_type transmission_type_info="0x0F">
        <service id="0xE000"/>
        <service id="0xE001"/>
        <service id="0xFFF0"/>
      </transmission_type>
      <transmission_type transmission_type_info="0xAF">
        <service id="0xE180"/>
      </transmission_type>
    </TS_information_descriptor>
    <service service_id="0xE000" running_status="undefined">
      <partialTS_time_descriptor event_version_number="61" event_start_time="2025-04-04 18:00:00" duration="00:10:00" other_descriptor_status="false" JST_time="2025-04-04 18:06:51"/>
      <generic_descriptor tag="0x85">
        7C 70 7C 70 06 B5 FF
      </generic_descriptor>
      <service_descriptor service_type="0x01" service_provider_name="" service_name="NHK総合1・熊本"/>
      <extended_broadcaster_descriptor broadcaster_type="0x01" terrestrial_broadcaster_id="0x7C71">
        <affiliation id="0x00"/>
        <affiliation id="0x01"/>
        <broadcaster original_network_id="0x0004" broadcaster_id="0x01"/>
      </extended_broadcaster_descriptor>
      <short_event_descriptor language_code="jpn">
        <event_name>ニュース🈔🈑</event_name>
        <text></text>
      </short_event_descriptor>
      <component_descriptor stream_content="0x01" stream_content_ext="0x0F" component_type="0x03" component_tag="0x00" language_code="jpn" text=""/>
      <audio_component_descriptor stream_content="0x02" component_type="0x02" component_tag="0x10" stream_type="0x0F" main_component="true" quality_indicator="2" sampling_rate="7" ISO_639_language_code="jpn" ISO_639_language_code_2="eng" text="日本語英語"/>
      <content_descriptor>
        <content content_nibble_level_1="0" content_nibble_level_2="0" user_byte="0xFF"/>
      </content_descriptor>
      <data_content_descriptor data_component_id="0x0008" entry_component="0x30" ISO_639_language_code="jpn" text="">
        <selector_bytes>
          01 13 6A 70 6E
        </selector_bytes>
      </data_content_descriptor>
    </service>
  </selection_information_table>
  <selection_information_table version="29" current="true">
    <metadata PID="31"/>
    <partial_transport_stream_descriptor peak_rate="0x0000EA60"/>
    <ISDB_network_identifier_descriptor country_code="JPN" media_type="TB" network_id="0x7C70"/>
    <TS_information_descriptor remote_control_key_id="0x01" ts_name="ＮＨＫ総合・熊本">
      <transmission_type transmission_type_info="0x0F">
        <service id="0xE000"/>
        <service id="0xE001"/>
        <service id="0xFFF0"/>
      </transmission_type>
      <transmission_type transmission_type_info="0xAF">
        <service id="0xE180"/>
      </transmission_type>
    </TS_information_descriptor>
    <service service_id="0xE000" running_status="undefined">
      <partialTS_time_descriptor event_version_number="61" event_start_time="2025-04-04 18:00:00" duration="00:10:00" other_descriptor_status="false" JST_time="2025-04-04 18:06:53"/>
      <generic_descriptor tag="0x85">
        7C 70 7C 70 06 B5 FF
      </generic_descriptor>
      <service_descriptor service_type="0x01" service_provider_name="" service_name="NHK総合1・熊本"/>
      <extended_broadcaster_descriptor broadcaster_type="0x01" terrestrial_broadcaster_id="0x7C71">
        <affiliation id="0x00"/>
        <affiliation id="0x01"/>
        <broadcaster original_network_id="0x0004" broadcaster_id="0x01"/>
      </extended_broadcaster_descriptor>
      <short_event_descriptor language_code="jpn">
        <event_name>ニュース🈔🈑</event_name>
        <text></text>
      </short_event_descriptor>
      <component_descriptor stream_content="0x01" stream_content_ext="0x0F" component_type="0x03" component_tag="0x00" language_code="jpn" text=""/>
      <audio_component_descriptor stream_content="0x02" component_type="0x02" component_tag="0x10" stream_type="0x0F" main_component="true" quality_indicator="2" sampling_rate="7" ISO_639_language_code="jpn" ISO_639_language_code_2="eng" text="日本語英語"/>
      <content_descriptor>
        <content content_nibble_level_1="0" content_nibble_level_2="0" user_byte="0xFF"/>
      </content_descriptor>
      <data_content_descriptor data_component_id="0x0008" entry_component="0x30" ISO_639_language_code="jpn" text="">
        <selector_bytes>
          01 13 6A 70 6E
        </selector_bytes>
      </data_content_descriptor>
    </service>
  </selection_information_table>
  <selection_information_table version="30" current="true">
    <metadata PID="31"/>
    <partial_transport_stream_descriptor peak_rate="0x0000EA60"/>
    <ISDB_network_identifier_descriptor country_code="JPN" media_type="TB" network_id="0x7C70"/>
    <TS_information_descriptor remote_control_key_id="0x01" ts_name="ＮＨＫ総合・熊本">
      <transmission_type transmission_type_info="0x0F">
        <service id="0xE000"/>
        <service id="0xE001"/>
        <service id="0xFFF0"/>
      </transmission_type>
      <transmission_type transmission_type_info="0xAF">
        <service id="0xE180"/>
      </transmission_type>
    </TS_information_descriptor>
    <service service_id="0xE000" running_status="undefined">
      <partialTS_time_descriptor event_version_number="61" event_start_time="2025-04-04 18:00:00" duration="00:10:00" other_descriptor_status="false" JST_time="2025-04-04 18:06:55"/>
      <generic_descriptor tag="0x85">
        7C 70 7C 70 06 B5 FF
      </generic_descriptor>
      <service_descriptor service_type="0x01" service_provider_name="" service_name="NHK総合1・熊本"/>
      <extended_broadcaster_descriptor broadcaster_type="0x01" terrestrial_broadcaster_id="0x7C71">
        <affiliation id="0x00"/>
        <affiliation id="0x01"/>
        <broadcaster original_network_id="0x0004" broadcaster_id="0x01"/>
      </extended_broadcaster_descriptor>
      <short_event_descriptor language_code="jpn">
        <event_name>ニュース🈔🈑</event_name>
        <text></text>
      </short_event_descriptor>
      <component_descriptor stream_content="0x01" stream_content_ext="0x0F" component_type="0x03" component_tag="0x00" language_code="jpn" text=""/>
      <audio_component_descriptor stream_content="0x02" component_type="0x02" component_tag="0x10" stream_type="0x0F" main_component="true" quality_indicator="2" sampling_rate="7" ISO_639_language_code="jpn" ISO_639_language_code_2="eng" text="日本語英語"/>
      <content_descriptor>
        <content content_nibble_level_1="0" content_nibble_level_2="0" user_byte="0xFF"/>
      </content_descriptor>
      <data_content_descriptor data_component_id="0x0008" entry_component="0x30" ISO_639_language_code="jpn" text="">
        <selector_bytes>
          01 13 6A 70 6E
        </selector_bytes>
      </data_content_descriptor>
    </service>
  </selection_information_table>
  <selection_information_table version="31" current="true">
    <metadata PID="31"/>
    <partial_transport_stream_descriptor peak_rate="0x0000EA60"/>
    <ISDB_network_identifier_descriptor country_code="JPN" media_type="TB" network_id="0x7C70"/>
    <TS_information_descriptor remote_control_key_id="0x01" ts_name="ＮＨＫ総合・熊本">
      <transmission_type transmission_type_info="0x0F">
        <service id="0xE000"/>
        <service id="0xE001"/>
        <service id="0xFFF0"/>
      </transmission_type>
      <transmission_type transmission_type_info="0xAF">
        <service id="0xE180"/>
      </transmission_type>
    </TS_information_descriptor>
    <service service_id="0xE000" running_status="undefined">
      <partialTS_time_descriptor event_version_number="61" event_start_time="2025-04-04 18:00:00" duration="00:10:00" other_descriptor_status="false" JST_time="2025-04-04 18:06:57"/>
      <generic_descriptor tag="0x85">
        7C 70 7C 70 06 B5 FF
      </generic_descriptor>
      <service_descriptor service_type="0x01" service_provider_name="" service_name="NHK総合1・熊本"/>
      <extended_broadcaster_descriptor broadcaster_type="0x01" terrestrial_broadcaster_id="0x7C71">
        <affiliation id="0x00"/>
        <affiliation id="0x01"/>
        <broadcaster original_network_id="0x0004" broadcaster_id="0x01"/>
      </extended_broadcaster_descriptor>
      <short_event_descriptor language_code="jpn">
        <event_name>ニュース🈔🈑</event_name>
        <text></text>
      </short_event_descriptor>
      <component_descriptor stream_content="0x01" stream_content_ext="0x0F" component_type="0x03" component_tag="0x00" language_code="jpn" text=""/>
      <audio_component_descriptor stream_content="0x02" component_type="0x02" component_tag="0x10" stream_type="0x0F" main_component="true" quality_indicator="2" sampling_rate="7" ISO_639_language_code="jpn" ISO_639_language_code_2="eng" text="日本語英語"/>
      <content_descriptor>
        <content content_nibble_level_1="0" content_nibble_level_2="0" user_byte="0xFF"/>
      </content_descriptor>
      <data_content_descriptor data_component_id="0x0008" entry_component="0x30" ISO_639_language_code="jpn" text="">
        <selector_bytes>
          01 13 6A 70 6E
        </selector_bytes>
      </data_content_descriptor>
    </service>
  </selection_information_table>
  <selection_information_table version="0" current="true">
    <metadata PID="31"/>
    <partial_transport_stream_descriptor peak_rate="0x0000EA60"/>
    <ISDB_network_identifier_descriptor country_code="JPN" media_type="TB" network_id="0x7C70"/>
    <TS_information_descriptor remote_control_key_id="0x01" ts_name="ＮＨＫ総合・熊本">
      <transmission_type transmission_type_info="0x0F">
        <service id="0xE000"/>
        <service id="0xE001"/>
        <service id="0xFFF0"/>
      </transmission_type>
      <transmission_type transmission_type_info="0xAF">
        <service id="0xE180"/>
      </transmission_type>
    </TS_information_descriptor>
    <service service_id="0xE000" running_status="undefined">
      <partialTS_time_descriptor event_version_number="61" event_start_time="2025-04-04 18:00:00" duration="00:10:00" other_descriptor_status="false" JST_time="2025-04-04 18:06:59"/>
      <generic_descriptor tag="0x85">
        7C 70 7C 70 06 B5 FF
      </generic_descriptor>
      <service_descriptor service_type="0x01" service_provider_name="" service_name="NHK総合1・熊本"/>
      <extended_broadcaster_descriptor broadcaster_type="0x01" terrestrial_broadcaster_id="0x7C71">
        <affiliation id="0x00"/>
        <affiliation id="0x01"/>
        <broadcaster original_network_id="0x0004" broadcaster_id="0x01"/>
      </extended_broadcaster_descriptor>
      <short_event_descriptor language_code="jpn">
        <event_name>ニュース🈔🈑</event_name>
        <text></text>
      </short_event_descriptor>
      <component_descriptor stream_content="0x01" stream_content_ext="0x0F" component_type="0x03" component_tag="0x00" language_code="jpn" text=""/>
      <audio_component_descriptor stream_content="0x02" component_type="0x02" component_tag="0x10" stream_type="0x0F" main_component="true" quality_indicator="2" sampling_rate="7" ISO_639_language_code="jpn" ISO_639_language_code_2="eng" text="日本語英語"/>
      <content_descriptor>
        <content content_nibble_level_1="0" content_nibble_level_2="0" user_byte="0xFF"/>
      </content_descriptor>
      <data_content_descriptor data_component_id="0x0008" entry_component="0x30" ISO_639_language_code="jpn" text="">
        <selector_bytes>
          01 13 6A 70 6E
        </selector_bytes>
      </data_content_descriptor>
    </service>
  </selection_information_table>
  <selection_information_table version="1" current="true">
    <metadata PID="31"/>
    <partial_transport_stream_descriptor peak_rate="0x0000EA60"/>
    <ISDB_network_identifier_descriptor country_code="JPN" media_type="TB" network_id="0x7C70"/>
    <TS_information_descriptor remote_control_key_id="0x01" ts_name="ＮＨＫ総合・熊本">
      <transmission_type transmission_type_info="0x0F">
        <service id="0xE000"/>
        <service id="0xE001"/>
        <service id="0xFFF0"/>
      </transmission_type>
      <transmission_type transmission_type_info="0xAF">
        <service id="0xE180"/>
      </transmission_type>
    </TS_information_descriptor>
    <service service_id="0xE000" running_status="undefined">
      <partialTS_time_descriptor event_version_number="61" event_start_time="2025-04-04 18:00:00" duration="00:10:00" other_descriptor_status="false" JST_time="2025-04-04 18:07:01"/>
      <generic_descriptor tag="0x85">
        7C 70 7C 70 06 B5 FF
      </generic_descriptor>
      <service_descriptor service_type="0x01" service_provider_name="" service_name="NHK総合1・熊本"/>
      <extended_broadcaster_descriptor broadcaster_type="0x01" terrestrial_broadcaster_id="0x7C71">
        <affiliation id="0x00"/>
        <affiliation id="0x01"/>
        <broadcaster original_network_id="0x0004" broadcaster_id="0x01"/>
      </extended_broadcaster_descriptor>
      <short_event_descriptor language_code="jpn">
        <event_name>ニュース🈔🈑</event_name>
        <text></text>
      </short_event_descriptor>
      <component_descriptor stream_content="0x01" stream_content_ext="0x0F" component_type="0x03" component_tag="0x00" language_code="jpn" text=""/>
      <audio_component_descriptor stream_content="0x02" component_type="0x02" component_tag="0x10" stream_type="0x0F" main_component="true" quality_indicator="2" sampling_rate="7" ISO_639_language_code="jpn" ISO_639_language_code_2="eng" text="日本語英語"/>
      <content_descriptor>
        <content content_nibble_level_1="0" content_nibble_level_2="0" user_byte="0xFF"/>
      </content_descriptor>
      <data_content_descriptor data_component_id="0x0008" entry_component="0x30" ISO_639_language_code="jpn" text="">
        <selector_bytes>
          01 13 6A 70 6E
        </selector_bytes>
      </data_content_descriptor>
    </service>
  </selection_information_table>
  <selection_information_table version="2" current="true">
    <metadata PID="31"/>
    <partial_transport_stream_descriptor peak_rate="0x0000EA60"/>
    <ISDB_network_identifier_descriptor country_code="JPN" media_type="TB" network_id="0x7C70"/>
    <TS_information_descriptor remote_control_key_id="0x01" ts_name="ＮＨＫ総合・熊本">
      <transmission_type transmission_type_info="0x0F">
        <service id="0xE000"/>
        <service id="0xE001"/>
        <service id="0xFFF0"/>
      </transmission_type>
      <transmission_type transmission_type_info="0xAF">
        <service id="0xE180"/>
      </transmission_type>
    </TS_information_descriptor>
    <service service_id="0xE000" running_status="undefined">
      <partialTS_time_descriptor event_version_number="61" event_start_time="2025-04-04 18:00:00" duration="00:10:00" other_descriptor_status="false" JST_time="2025-04-04 18:07:03"/>
      <generic_descriptor tag="0x85">
        7C 70 7C 70 06 B5 FF
      </generic_descriptor>
      <service_descriptor service_type="0x01" service_provider_name="" service_name="NHK総合1・熊本"/>
      <extended_broadcaster_descriptor broadcaster_type="0x01" terrestrial_broadcaster_id="0x7C71">
        <affiliation id="0x00"/>
        <affiliation id="0x01"/>
        <broadcaster original_network_id="0x0004" broadcaster_id="0x01"/>
      </extended_broadcaster_descriptor>
      <short_event_descriptor language_code="jpn">
        <event_name>ニュース🈔🈑</event_name>
        <text></text>
      </short_event_descriptor>
      <component_descriptor stream_content="0x01" stream_content_ext="0x0F" component_type="0x03" component_tag="0x00" language_code="jpn" text=""/>
      <audio_component_descriptor stream_content="0x02" component_type="0x02" component_tag="0x10" stream_type="0x0F" main_component="true" quality_indicator="2" sampling_rate="7" ISO_639_language_code="jpn" ISO_639_language_code_2="eng" text="日本語英語"/>
      <content_descriptor>
        <content content_nibble_level_1="0" content_nibble_level_2="0" user_byte="0xFF"/>
      </content_descriptor>
      <data_content_descriptor data_component_id="0x0008" entry_component="0x30" ISO_639_language_code="jpn" text="">
        <selector_bytes>
          01 13 6A 70 6E
        </selector_bytes>
      </data_content_descriptor>
    </service>
  </selection_information_table>
  <selection_information_table version="3" current="true">
    <metadata PID="31"/>
    <partial_transport_stream_descriptor peak_rate="0x0000EA60"/>
    <ISDB_network_identifier_descriptor country_code="JPN" media_type="TB" network_id="0x7C70"/>
    <TS_information_descriptor remote_control_key_id="0x01" ts_name="ＮＨＫ総合・熊本">
      <transmission_type transmission_type_info="0x0F">
        <service id="0xE000"/>
        <service id="0xE001"/>
        <service id="0xFFF0"/>
      </transmission_type>
      <transmission_type transmission_type_info="0xAF">
        <service id="0xE180"/>
      </transmission_type>
    </TS_information_descriptor>
    <service service_id="0xE000" running_status="undefined">
      <partialTS_time_descriptor event_version_number="61" event_start_time="2025-04-04 18:00:00" duration="00:10:00" other_descriptor_status="false" JST_time="2025-04-04 18:07:05"/>
      <generic_descriptor tag="0x85">
        7C 70 7C 70 06 B5 FF
      </generic_descriptor>
      <service_descriptor service_type="0x01" service_provider_name="" service_name="NHK総合1・熊本"/>
      <extended_broadcaster_descriptor broadcaster_type="0x01" terrestrial_broadcaster_id="0x7C71">
        <affiliation id="0x00"/>
        <affiliation id="0x01"/>
        <broadcaster original_network_id="0x0004" broadcaster_id="0x01"/>
      </extended_broadcaster_descriptor>
      <short_event_descriptor language_code="jpn">
        <event_name>ニュース🈔🈑</event_name>
        <text></text>
      </short_event_descriptor>
      <component_descriptor stream_content="0x01" stream_content_ext="0x0F" component_type="0x03" component_tag="0x00" language_code="jpn" text=""/>
      <audio_component_descriptor stream_content="0x02" component_type="0x02" component_tag="0x10" stream_type="0x0F" main_component="true" quality_indicator="2" sampling_rate="7" ISO_639_language_code="jpn" ISO_639_language_code_2="eng" text="日本語英語"/>
      <content_descriptor>
        <content content_nibble_level_1="0" content_nibble_level_2="0" user_byte="0xFF"/>
      </content_descriptor>
      <data_content_descriptor data_component_id="0x0008" entry_component="0x30" ISO_639_language_code="jpn" text="">
        <selector_bytes>
          01 13 6A 70 6E
        </selector_bytes>
      </data_content_descriptor>
    </service>
  </selection_information_table>
  <selection_information_table version="4" current="true">
    <metadata PID="31"/>
    <partial_transport_stream_descriptor peak_rate="0x0000EA60"/>
    <ISDB_network_identifier_descriptor country_code="JPN" media_type="TB" network_id="0x7C70"/>
    <TS_information_descriptor remote_control_key_id="0x01" ts_name="ＮＨＫ総合・熊本">
      <transmission_type transmission_type_info="0x0F">
        <service id="0xE000"/>
        <service id="0xE001"/>
        <service id="0xFFF0"/>
      </transmission_type>
      <transmission_type transmission_type_info="0xAF">
        <service id="0xE180"/>
      </transmission_type>
    </TS_information_descriptor>
    <service service_id="0xE000" running_status="undefined">
      <partialTS_time_descriptor event_version_number="61" event_start_time="2025-04-04 18:00:00" duration="00:10:00" other_descriptor_status="false" JST_time="2025-04-04 18:07:07"/>
      <generic_descriptor tag="0x85">
        7C 70 7C 70 06 B5 FF
      </generic_descriptor>
      <service_descriptor service_type="0x01" service_provider_name="" service_name="NHK総合1・熊本"/>
      <extended_broadcaster_descriptor broadcaster_type="0x01" terrestrial_broadcaster_id="0x7C71">
        <affiliation id="0x00"/>
        <affiliation id="0x01"/>
        <broadcaster original_network_id="0x0004" broadcaster_id="0x01"/>
      </extended_broadcaster_descriptor>
      <short_event_descriptor language_code="jpn">
        <event_name>ニュース🈔🈑</event_name>
        <text></text>
      </short_event_descriptor>
      <component_descriptor stream_content="0x01" stream_content_ext="0x0F" component_type="0x03" component_tag="0x00" language_code="jpn" text=""/>
      <audio_component_descriptor stream_content="0x02" component_type="0x02" component_tag="0x10" stream_type="0x0F" main_component="true" quality_indicator="2" sampling_rate="7" ISO_639_language_code="jpn" ISO_639_language_code_2="eng" text="日本語英語"/>
      <content_descriptor>
        <content content_nibble_level_1="0" content_nibble_level_2="0" user_byte="0xFF"/>
      </content_descriptor>
      <data_content_descriptor data_component_id="0x0008" entry_component="0x30" ISO_639_language_code="jpn" text="">
        <selector_bytes>
          01 13 6A 70 6E
        </selector_bytes>
      </data_content_descriptor>
    </service>
  </selection_information_table>
  <selection_information_table version="5" current="true">
    <metadata PID="31"/>
    <partial_transport_stream_descriptor peak_rate="0x0000EA60"/>
    <ISDB_network_identifier_descriptor country_code="JPN" media_type="TB" network_id="0x7C70"/>
    <TS_information_descriptor remote_control_key_id="0x01" ts_name="ＮＨＫ総合・熊本">
      <transmission_type transmission_type_info="0x0F">
        <service id="0xE000"/>
        <service id="0xE001"/>
        <service id="0xFFF0"/>
      </transmission_type>
      <transmission_type transmission_type_info="0xAF">
        <service id="0xE180"/>
      </transmission_type>
    </TS_information_descriptor>
    <service service_id="0xE000" running_status="undefined">
      <partialTS_time_descriptor event_version_number="61" event_start_time="2025-04-04 18:00:00" duration="00:10:00" other_descriptor_status="false" JST_time="2025-04-04 18:07:10"/>
      <generic_descriptor tag="0x85">
        7C 70 7C 70 06 B5 FF
      </generic_descriptor>
      <service_descriptor service_type="0x01" service_provider_name="" service_name="NHK総合1・熊本"/>
      <extended_broadcaster_descriptor broadcaster_type="0x01" terrestrial_broadcaster_id="0x7C71">
        <affiliation id="0x00"/>
        <affiliation id="0x01"/>
        <broadcaster original_network_id="0x0004" broadcaster_id="0x01"/>
      </extended_broadcaster_descriptor>
      <short_event_descriptor language_code="jpn">
        <event_name>ニュース🈔🈑</event_name>
        <text></text>
      </short_event_descriptor>
      <component_descriptor stream_content="0x01" stream_content_ext="0x0F" component_type="0x03" component_tag="0x00" language_code="jpn" text=""/>
      <audio_component_descriptor stream_content="0x02" component_type="0x02" component_tag="0x10" stream_type="0x0F" main_component="true" quality_indicator="2" sampling_rate="7" ISO_639_language_code="jpn" ISO_639_language_code_2="eng" text="日本語英語"/>
      <content_descriptor>
        <content content_nibble_level_1="0" content_nibble_level_2="0" user_byte="0xFF"/>
      </content_descriptor>
      <data_content_descriptor data_component_id="0x0008" entry_component="0x30" ISO_639_language_code="jpn" text="">
        <selector_bytes>
          01 13 6A 70 6E
        </selector_bytes>
      </data_content_descriptor>
    </service>
  </selection_information_table>
  <selection_information_table version="6" current="true">
    <metadata PID="31"/>
    <partial_transport_stream_descriptor peak_rate="0x0000EA60"/>
    <ISDB_network_identifier_descriptor country_code="JPN" media_type="TB" network_id="0x7C70"/>
    <TS_information_descriptor remote_control_key_id="0x01" ts_name="ＮＨＫ総合・熊本">
      <transmission_type transmission_type_info="0x0F">
        <service id="0xE000"/>
        <service id="0xE001"/>
        <service id="0xFFF0"/>
      </transmission_type>
      <transmission_type transmission_type_info="0xAF">
        <service id="0xE180"/>
      </transmission_type>
    </TS_information_descriptor>
    <service service_id="0xE000" running_status="undefined">
      <partialTS_time_descriptor event_version_number="61" event_start_time="2025-04-04 18:00:00" duration="00:10:00" other_descriptor_status="false" JST_time="2025-04-04 18:07:12"/>
      <generic_descriptor tag="0x85">
        7C 70 7C 70 06 B5 FF
      </generic_descriptor>
      <service_descriptor service_type="0x01" service_provider_name="" service_name="NHK総合1・熊本"/>
      <extended_broadcaster_descriptor broadcaster_type="0x01" terrestrial_broadcaster_id="0x7C71">
        <affiliation id="0x00"/>
        <affiliation id="0x01"/>
        <broadcaster original_network_id="0x0004" broadcaster_id="0x01"/>
      </extended_broadcaster_descriptor>
      <short_event_descriptor language_code="jpn">
        <event_name>ニュース🈔🈑</event_name>
        <text></text>
      </short_event_descriptor>
      <component_descriptor stream_content="0x01" stream_content_ext="0x0F" component_type="0x03" component_tag="0x00" language_code="jpn" text=""/>
      <audio_component_descriptor stream_content="0x02" component_type="0x02" component_tag="0x10" stream_type="0x0F" main_component="true" quality_indicator="2" sampling_rate="7" ISO_639_language_code="jpn" ISO_639_language_code_2="eng" text="日本語英語"/>
      <content_descriptor>
        <content content_nibble_level_1="0" content_nibble_level_2="0" user_byte="0xFF"/>
      </content_descriptor>
      <data_content_descriptor data_component_id="0x0008" entry_component="0x30" ISO_639_language_code="jpn" text="">
        <selector_bytes>
          01 13 6A 70 6E
        </selector_bytes>
      </data_content_descriptor>
    </service>
  </selection_information_table>
  <selection_information_table version="7" current="true">
    <metadata PID="31"/>
    <partial_transport_stream_descriptor peak_rate="0x0000EA60"/>
    <ISDB_network_identifier_descriptor country_code="JPN" media_type="TB" network_id="0x7C70"/>
    <TS_information_descriptor remote_control_key_id="0x01" ts_name="ＮＨＫ総合・熊本">
      <transmission_type transmission_type_info="0x0F">
        <service id="0xE000"/>
        <service id="0xE001"/>
        <service id="0xFFF0"/>
      </transmission_type>
      <transmission_type transmission_type_info="0xAF">
        <service id="0xE180"/>
      </transmission_type>
    </TS_information_descriptor>
    <service service_id="0xE000" running_status="undefined">
      <partialTS_time_descriptor event_version_number="61" event_start_time="2025-04-04 18:00:00" duration="00:10:00" other_descriptor_status="false" JST_time="2025-04-04 18:07:14"/>
      <generic_descriptor tag="0x85">
        7C 70 7C 70 06 B5 FF
      </generic_descriptor>
      <service_descriptor service_type="0x01" service_provider_name="" service_name="NHK総合1・熊本"/>
      <extended_broadcaster_descriptor broadcaster_type="0x01" terrestrial_broadcaster_id="0x7C71">
        <affiliation id="0x00"/>
        <affiliation id="0x01"/>
        <broadcaster original_network_id="0x0004" broadcaster_id="0x01"/>
      </extended_broadcaster_descriptor>
      <short_event_descriptor language_code="jpn">
        <event_name>ニュース🈔🈑</event_name>
        <text></text>
      </short_event_descriptor>
      <component_descriptor stream_content="0x01" stream_content_ext="0x0F" component_type="0x03" component_tag="0x00" language_code="jpn" text=""/>
      <audio_component_descriptor stream_content="0x02" component_type="0x02" component_tag="0x10" stream_type="0x0F" main_component="true" quality_indicator="2" sampling_rate="7" ISO_639_language_code="jpn" ISO_639_language_code_2="eng" text="日本語英語"/>
      <content_descriptor>
        <content content_nibble_level_1="0" content_nibble_level_2="0" user_byte="0xFF"/>
      </content_descriptor>
      <data_content_descriptor data_component_id="0x0008" entry_component="0x30" ISO_639_language_code="jpn" text="">
        <selector_bytes>
          01 13 6A 70 6E
        </selector_bytes>
      </data_content_descriptor>
    </service>
  </selection_information_table>
  <selection_information_table version="8" current="true">
    <metadata PID="31"/>
    <partial_transport_stream_descriptor peak_rate="0x0000EA60"/>
    <ISDB_network_identifier_descriptor country_code="JPN" media_type="TB" network_id="0x7C70"/>
    <TS_information_descriptor remote_control_key_id="0x01" ts_name="ＮＨＫ総合・熊本">
      <transmission_type transmission_type_info="0x0F">
        <service id="0xE000"/>
        <service id="0xE001"/>
        <service id="0xFFF0"/>
      </transmission_type>
      <transmission_type transmission_type_info="0xAF">
        <service id="0xE180"/>
      </transmission_type>
    </TS_information_descriptor>
    <service service_id="0xE000" running_status="undefined">
      <partialTS_time_descriptor event_version_number="61" event_start_time="2025-04-04 18:00:00" duration="00:10:00" other_descriptor_status="false" JST_time="2025-04-04 18:07:16"/>
      <generic_descriptor tag="0x85">
        7C 70 7C 70 06 B5 FF
      </generic_descriptor>
      <service_descriptor service_type="0x01" service_provider_name="" service_name="NHK総合1・熊本"/>
      <extended_broadcaster_descriptor broadcaster_type="0x01" terrestrial_broadcaster_id="0x7C71">
        <affiliation id="0x00"/>
        <affiliation id="0x01"/>
        <broadcaster original_network_id="0x0004" broadcaster_id="0x01"/>
      </extended_broadcaster_descriptor>
      <short_event_descriptor language_code="jpn">
        <event_name>ニュース🈔🈑</event_name>
        <text></text>
      </short_event_descriptor>
      <component_descriptor stream_content="0x01" stream_content_ext="0x0F" component_type="0x03" component_tag="0x00" language_code="jpn" text=""/>
      <audio_component_descriptor stream_content="0x02" component_type="0x02" component_tag="0x10" stream_type="0x0F" main_component="true" quality_indicator="2" sampling_rate="7" ISO_639_language_code="jpn" ISO_639_language_code_2="eng" text="日本語英語"/>
      <content_descriptor>
        <content content_nibble_level_1="0" content_nibble_level_2="0" user_byte="0xFF"/>
      </content_descriptor>
      <data_content_descriptor data_component_id="0x0008" entry_component="0x30" ISO_639_language_code="jpn" text="">
        <selector_bytes>
          01 13 6A 70 6E
        </selector_bytes>
      </data_content_descriptor>
    </service>
  </selection_information_table>
  <selection_information_table version="9" current="true">
    <metadata PID="31"/>
    <partial_transport_stream_descriptor peak_rate="0x0000EA60"/>
    <ISDB_network_identifier_descriptor country_code="JPN" media_type="TB" network_id="0x7C70"/>
    <TS_information_descriptor remote_control_key_id="0x01" ts_name="ＮＨＫ総合・熊本">
      <transmission_type transmission_type_info="0x0F">
        <service id="0xE000"/>
        <service id="0xE001"/>
        <service id="0xFFF0"/>
      </transmission_type>
      <transmission_type transmission_type_info="0xAF">
        <service id="0xE180"/>
      </transmission_type>
    </TS_information_descriptor>
    <service service_id="0xE000" running_status="undefined">
      <partialTS_time_descriptor event_version_number="61" event_start_time="2025-04-04 18:00:00" duration="00:10:00" other_descriptor_status="false" JST_time="2025-04-04 18:07:18"/>
      <generic_descriptor tag="0x85">
        7C 70 7C 70 06 B5 FF
      </generic_descriptor>
      <service_descriptor service_type="0x01" service_provider_name="" service_name="NHK総合1・熊本"/>
      <extended_broadcaster_descriptor broadcaster_type="0x01" terrestrial_broadcaster_id="0x7C71">
        <affiliation id="0x00"/>
        <affiliation id="0x01"/>
        <broadcaster original_network_id="0x0004" broadcaster_id="0x01"/>
      </extended_broadcaster_descriptor>
      <short_event_descriptor language_code="jpn">
        <event_name>ニュース🈔🈑</event_name>
        <text></text>
      </short_event_descriptor>
      <component_descriptor stream_content="0x01" stream_content_ext="0x0F" component_type="0x03" component_tag="0x00" language_code="jpn" text=""/>
      <audio_component_descriptor stream_content="0x02" component_type="0x02" component_tag="0x10" stream_type="0x0F" main_component="true" quality_indicator="2" sampling_rate="7" ISO_639_language_code="jpn" ISO_639_language_code_2="eng" text="日本語英語"/>
      <content_descriptor>
        <content content_nibble_level_1="0" content_nibble_level_2="0" user_byte="0xFF"/>
      </content_descriptor>
      <data_content_descriptor data_component_id="0x0008" entry_component="0x30" ISO_639_language_code="jpn" text="">
        <selector_bytes>
          01 13 6A 70 6E
        </selector_bytes>
      </data_content_descriptor>
    </service>
  </selection_information_table>
  <selection_information_table version="10" current="true">
    <metadata PID="31"/>
    <partial_transport_stream_descriptor peak_rate="0x0000EA60"/>
    <ISDB_network_identifier_descriptor country_code="JPN" media_type="TB" network_id="0x7C70"/>
    <TS_information_descriptor remote_control_key_id="0x01" ts_name="ＮＨＫ総合・熊本">
      <transmission_type transmission_type_info="0x0F">
        <service id="0xE000"/>
        <service id="0xE001"/>
        <service id="0xFFF0"/>
      </transmission_type>
      <transmission_type transmission_type_info="0xAF">
        <service id="0xE180"/>
      </transmission_type>
    </TS_information_descriptor>
    <service service_id="0xE000" running_status="undefined">
      <partialTS_time_descriptor event_version_number="61" event_start_time="2025-04-04 18:00:00" duration="00:10:00" other_descriptor_status="false" JST_time="2025-04-04 18:07:20"/>
      <generic_descriptor tag="0x85">
        7C 70 7C 70 06 B5 FF
      </generic_descriptor>
      <service_descriptor service_type="0x01" service_provider_name="" service_name="NHK総合1・熊本"/>
      <extended_broadcaster_descriptor broadcaster_type="0x01" terrestrial_broadcaster_id="0x7C71">
        <affiliation id="0x00"/>
        <affiliation id="0x01"/>
        <broadcaster original_network_id="0x0004" broadcaster_id="0x01"/>
      </extended_broadcaster_descriptor>
      <short_event_descriptor language_code="jpn">
        <event_name>ニュース🈔🈑</event_name>
        <text></text>
      </short_event_descriptor>
      <component_descriptor stream_content="0x01" stream_content_ext="0x0F" component_type="0x03" component_tag="0x00" language_code="jpn" text=""/>
      <audio_component_descriptor stream_content="0x02" component_type="0x02" component_tag="0x10" stream_type="0x0F" main_component="true" quality_indicator="2" sampling_rate="7" ISO_639_language_code="jpn" ISO_639_language_code_2="eng" text="日本語英語"/>
      <content_descriptor>
        <content content_nibble_level_1="0" content_nibble_level_2="0" user_byte="0xFF"/>
      </content_descriptor>
      <data_content_descriptor data_component_id="0x0008" entry_component="0x30" ISO_639_language_code="jpn" text="">
        <selector_bytes>
          01 13 6A 70 6E
        </selector_bytes>
      </data_content_descriptor>
    </service>
  </selection_information_table>
  <selection_information_table version="11" current="true">
    <metadata PID="31"/>
    <partial_transport_stream_descriptor peak_rate="0x0000EA60"/>
    <ISDB_network_identifier_descriptor country_code="JPN" media_type="TB" network_id="0x7C70"/>
    <TS_information_descriptor remote_control_key_id="0x01" ts_name="ＮＨＫ総合・熊本">
      <transmission_type transmission_type_info="0x0F">
        <service id="0xE000"/>
        <service id="0xE001"/>
        <service id="0xFFF0"/>
      </transmission_type>
      <transmission_type transmission_type_info="0xAF">
        <service id="0xE180"/>
      </transmission_type>
    </TS_information_descriptor>
    <service service_id="0xE000" running_status="undefined">
      <partialTS_time_descriptor event_version_number="61" event_start_time="2025-04-04 18:00:00" duration="00:10:00" other_descriptor_status="false" JST_time="2025-04-04 18:07:22"/>
      <generic_descriptor tag="0x85">
        7C 70 7C 70 06 B5 FF
      </generic_descriptor>
      <service_descriptor service_type="0x01" service_provider_name="" service_name="NHK総合1・熊本"/>
      <extended_broadcaster_descriptor broadcaster_type="0x01" terrestrial_broadcaster_id="0x7C71">
        <affiliation id="0x00"/>
        <affiliation id="0x01"/>
        <broadcaster original_network_id="0x0004" broadcaster_id="0x01"/>
      </extended_broadcaster_descriptor>
      <short_event_descriptor language_code="jpn">
        <event_name>ニュース🈔🈑</event_name>
        <text></text>
      </short_event_descriptor>
      <component_descriptor stream_content="0x01" stream_content_ext="0x0F" component_type="0x03" component_tag="0x00" language_code="jpn" text=""/>
      <audio_component_descriptor stream_content="0x02" component_type="0x02" component_tag="0x10" stream_type="0x0F" main_component="true" quality_indicator="2" sampling_rate="7" ISO_639_language_code="jpn" ISO_639_language_code_2="eng" text="日本語英語"/>
      <content_descriptor>
        <content content_nibble_level_1="0" content_nibble_level_2="0" user_byte="0xFF"/>
      </content_descriptor>
      <data_content_descriptor data_component_id="0x0008" entry_component="0x30" ISO_639_language_code="jpn" text="">
        <selector_bytes>
          01 13 6A 70 6E
        </selector_bytes>
      </data_content_descriptor>
    </service>
  </selection_information_table>
  <selection_information_table version="12" current="true">
    <metadata PID="31"/>
    <partial_transport_stream_descriptor peak_rate="0x0000EA60"/>
    <ISDB_network_identifier_descriptor country_code="JPN" media_type="TB" network_id="0x7C70"/>
    <TS_information_descriptor remote_control_key_id="0x01" ts_name="ＮＨＫ総合・熊本">
      <transmission_type transmission_type_info="0x0F">
        <service id="0xE000"/>
        <service id="0xE001"/>
        <service id="0xFFF0"/>
      </transmission_type>
      <transmission_type transmission_type_info="0xAF">
        <service id="0xE180"/>
      </transmission_type>
    </TS_information_descriptor>
    <service service_id="0xE000" running_status="undefined">
      <partialTS_time_descriptor event_version_number="61" event_start_time="2025-04-04 18:00:00" duration="00:10:00" other_descriptor_status="false" JST_time="2025-04-04 18:07:24"/>
      <generic_descriptor tag="0x85">
        7C 70 7C 70 06 B5 FF
      </generic_descriptor>
      <service_descriptor service_type="0x01" service_provider_name="" service_name="NHK総合1・熊本"/>
      <extended_broadcaster_descriptor broadcaster_type="0x01" terrestrial_broadcaster_id="0x7C71">
        <affiliation id="0x00"/>
        <affiliation id="0x01"/>
        <broadcaster original_network_id="0x0004" broadcaster_id="0x01"/>
      </extended_broadcaster_descriptor>
      <short_event_descriptor language_code="jpn">
        <event_name>ニュース🈔🈑</event_name>
        <text></text>
      </short_event_descriptor>
      <component_descriptor stream_content="0x01" stream_content_ext="0x0F" component_type="0x03" component_tag="0x00" language_code="jpn" text=""/>
      <audio_component_descriptor stream_content="0x02" component_type="0x02" component_tag="0x10" stream_type="0x0F" main_component="true" quality_indicator="2" sampling_rate="7" ISO_639_language_code="jpn" ISO_639_language_code_2="eng" text="日本語英語"/>
      <content_descriptor>
        <content content_nibble_level_1="0" content_nibble_level_2="0" user_byte="0xFF"/>
      </content_descriptor>
      <data_content_descriptor data_component_id="0x0008" entry_component="0x30" ISO_639_language_code="jpn" text="">
        <selector_bytes>
          01 13 6A 70 6E
        </selector_bytes>
      </data_content_descriptor>
    </service>
  </selection_information_table>
  <selection_information_table version="13" current="true">
    <metadata PID="31"/>
    <partial_transport_stream_descriptor peak_rate="0x0000EA60"/>
    <ISDB_network_identifier_descriptor country_code="JPN" media_type="TB" network_id="0x7C70"/>
    <TS_information_descriptor remote_control_key_id="0x01" ts_name="ＮＨＫ総合・熊本">
      <transmission_type transmission_type_info="0x0F">
        <service id="0xE000"/>
        <service id="0xE001"/>
        <service id="0xFFF0"/>
      </transmission_type>
      <transmission_type transmission_type_info="0xAF">
        <service id="0xE180"/>
      </transmission_type>
    </TS_information_descriptor>
    <service service_id="0xE000" running_status="undefined">
      <partialTS_time_descriptor event_version_number="61" event_start_time="2025-04-04 18:00:00" duration="00:10:00" other_descriptor_status="false" JST_time="2025-04-04 18:07:26"/>
      <generic_descriptor tag="0x85">
        7C 70 7C 70 06 B5 FF
      </generic_descriptor>
      <service_descriptor service_type="0x01" service_provider_name="" service_name="NHK総合1・熊本"/>
      <extended_broadcaster_descriptor broadcaster_type="0x01" terrestrial_broadcaster_id="0x7C71">
        <affiliation id="0x00"/>
        <affiliation id="0x01"/>
        <broadcaster original_network_id="0x0004" broadcaster_id="0x01"/>
      </extended_broadcaster_descriptor>
      <short_event_descriptor language_code="jpn">
        <event_name>ニュース🈔🈑</event_name>
        <text></text>
      </short_event_descriptor>
      <component_descriptor stream_content="0x01" stream_content_ext="0x0F" component_type="0x03" component_tag="0x00" language_code="jpn" text=""/>
      <audio_component_descriptor stream_content="0x02" component_type="0x02" component_tag="0x10" stream_type="0x0F" main_component="true" quality_indicator="2" sampling_rate="7" ISO_639_language_code="jpn" ISO_639_language_code_2="eng" text="日本語英語"/>
      <content_descriptor>
        <content content_nibble_level_1="0" content_nibble_level_2="0" user_byte="0xFF"/>
      </content_descriptor>
      <data_content_descriptor data_component_id="0x0008" entry_component="0x30" ISO_639_language_code="jpn" text="">
        <selector_bytes>
          01 13 6A 70 6E
        </selector_bytes>
      </data_content_descriptor>
    </service>
  </selection_information_table>
  <selection_information_table version="14" current="true">
    <metadata PID="31"/>
    <partial_transport_stream_descriptor peak_rate="0x0000EA60"/>
    <ISDB_network_identifier_descriptor country_code="JPN" media_type="TB" network_id="0x7C70"/>
    <TS_information_descriptor remote_control_key_id="0x01" ts_name="ＮＨＫ総合・熊本">
      <transmission_type transmission_type_info="0x0F">
        <service id="0xE000"/>
        <service id="0xE001"/>
        <service id="0xFFF0"/>
      </transmission_type>
      <transmission_type transmission_type_info="0xAF">
        <service id="0xE180"/>
      </transmission_type>
    </TS_information_descriptor>
    <service service_id="0xE000" running_status="undefined">
      <partialTS_time_descriptor event_version_number="61" event_start_time="2025-04-04 18:00:00" duration="00:10:00" other_descriptor_status="false" JST_time="2025-04-04 18:07:28"/>
      <generic_descriptor tag="0x85">
        7C 70 7C 70 06 B5 FF
      </generic_descriptor>
      <service_descriptor service_type="0x01" service_provider_name="" service_name="NHK総合1・熊本"/>
      <extended_broadcaster_descriptor broadcaster_type="0x01" terrestrial_broadcaster_id="0x7C71">
        <affiliation id="0x00"/>
        <affiliation id="0x01"/>
        <broadcaster original_network_id="0x0004" broadcaster_id="0x01"/>
      </extended_broadcaster_descriptor>
      <short_event_descriptor language_code="jpn">
        <event_name>ニュース🈔🈑</event_name>
        <text></text>
      </short_event_descriptor>
      <component_descriptor stream_content="0x01" stream_content_ext="0x0F" component_type="0x03" component_tag="0x00" language_code="jpn" text=""/>
      <audio_component_descriptor stream_content="0x02" component_type="0x02" component_tag="0x10" stream_type="0x0F" main_component="true" quality_indicator="2" sampling_rate="7" ISO_639_language_code="jpn" ISO_639_language_code_2="eng" text="日本語英語"/>
      <content_descriptor>
        <content content_nibble_level_1="0" content_nibble_level_2="0" user_byte="0xFF"/>
      </content_descriptor>
      <data_content_descriptor data_component_id="0x0008" entry_component="0x30" ISO_639_language_code="jpn" text="">
        <selector_bytes>
          01 13 6A 70 6E
        </selector_bytes>
      </data_content_descriptor>
    </service>
  </selection_information_table>
  <selection_information_table version="15" current="true">
    <metadata PID="31"/>
    <partial_transport_stream_descriptor peak_rate="0x0000EA60"/>
    <ISDB_network_identifier_descriptor country_code="JPN" media_type="TB" network_id="0x7C70"/>
    <TS_information_descriptor remote_control_key_id="0x01" ts_name="ＮＨＫ総合・熊本">
      <transmission_type transmission_type_info="0x0F">
        <service id="0xE000"/>
        <service id="0xE001"/>
        <service id="0xFFF0"/>
      </transmission_type>
      <transmission_type transmission_type_info="0xAF">
        <service id="0xE180"/>
      </transmission_type>
    </TS_information_descriptor>
    <service service_id="0xE000" running_status="undefined">
      <partialTS_time_descriptor event_version_number="61" event_start_time="2025-04-04 18:00:00" duration="00:10:00" other_descriptor_status="false" JST_time="2025-04-04 18:07:31"/>
      <generic_descriptor tag="0x85">
        7C 70 7C 70 06 B5 FF
      </generic_descriptor>
      <service_descriptor service_type="0x01" service_provider_name="" service_name="NHK総合1・熊本"/>
      <extended_broadcaster_descriptor broadcaster_type="0x01" terrestrial_broadcaster_id="0x7C71">
        <affiliation id="0x00"/>
        <affiliation id="0x01"/>
        <broadcaster original_network_id="0x0004" broadcaster_id="0x01"/>
      </extended_broadcaster_descriptor>
      <short_event_descriptor language_code="jpn">
        <event_name>ニュース🈔🈑</event_name>
        <text></text>
      </short_event_descriptor>
      <component_descriptor stream_content="0x01" stream_content_ext="0x0F" component_type="0x03" component_tag="0x00" language_code="jpn" text=""/>
      <audio_component_descriptor stream_content="0x02" component_type="0x02" component_tag="0x10" stream_type="0x0F" main_component="true" quality_indicator="2" sampling_rate="7" ISO_639_language_code="jpn" ISO_639_language_code_2="eng" text="日本語英語"/>
      <content_descriptor>
        <content content_nibble_level_1="0" content_nibble_level_2="0" user_byte="0xFF"/>
      </content_descriptor>
      <data_content_descriptor data_component_id="0x0008" entry_component="0x30" ISO_639_language_code="jpn" text="">
        <selector_bytes>
          01 13 6A 70 6E
        </selector_bytes>
      </data_content_descriptor>
    </service>
  </selection_information_table>
  <selection_information_table version="16" current="true">
    <metadata PID="31"/>
    <partial_transport_stream_descriptor peak_rate="0x0000EA60"/>
    <ISDB_network_identifier_descriptor country_code="JPN" media_type="TB" network_id="0x7C70"/>
    <TS_information_descriptor remote_control_key_id="0x01" ts_name="ＮＨＫ総合・熊本">
      <transmission_type transmission_type_info="0x0F">
        <service id="0xE000"/>
        <service id="0xE001"/>
        <service id="0xFFF0"/>
      </transmission_type>
      <transmission_type transmission_type_info="0xAF">
        <service id="0xE180"/>
      </transmission_type>
    </TS_information_descriptor>
    <service service_id="0xE000" running_status="undefined">
      <partialTS_time_descriptor event_version_number="61" event_start_time="2025-04-04 18:00:00" duration="00:10:00" other_descriptor_status="false" JST_time="2025-04-04 18:07:33"/>
      <generic_descriptor tag="0x85">
        7C 70 7C 70 06 B5 FF
      </generic_descriptor>
      <service_descriptor service_type="0x01" service_provider_name="" service_name="NHK総合1・熊本"/>
      <extended_broadcaster_descriptor broadcaster_type="0x01" terrestrial_broadcaster_id="0x7C71">
        <affiliation id="0x00"/>
        <affiliation id="0x01"/>
        <broadcaster original_network_id="0x0004" broadcaster_id="0x01"/>
      </extended_broadcaster_descriptor>
      <short_event_descriptor language_code="jpn">
        <event_name>ニュース🈔🈑</event_name>
        <text></text>
      </short_event_descriptor>
      <component_descriptor stream_content="0x01" stream_content_ext="0x0F" component_type="0x03" component_tag="0x00" language_code="jpn" text=""/>
      <audio_component_descriptor stream_content="0x02" component_type="0x02" component_tag="0x10" stream_type="0x0F" main_component="true" quality_indicator="2" sampling_rate="7" ISO_639_language_code="jpn" ISO_639_language_code_2="eng" text="日本語英語"/>
      <content_descriptor>
        <content content_nibble_level_1="0" content_nibble_level_2="0" user_byte="0xFF"/>
      </content_descriptor>
      <data_content_descriptor data_component_id="0x0008" entry_component="0x30" ISO_639_language_code="jpn" text="">
        <selector_bytes>
          01 13 6A 70 6E
        </selector_bytes>
      </data_content_descriptor>
    </service>
  </selection_information_table>
  <selection_information_table version="17" current="true">
    <metadata PID="31"/>
    <partial_transport_stream_descriptor peak_rate="0x0000EA60"/>
    <ISDB_network_identifier_descriptor country_code="JPN" media_type="TB" network_id="0x7C70"/>
    <TS_information_descriptor remote_control_key_id="0x01" ts_name="ＮＨＫ総合・熊本">
      <transmission_type transmission_type_info="0x0F">
        <service id="0xE000"/>
        <service id="0xE001"/>
        <service id="0xFFF0"/>
      </transmission_type>
      <transmission_type transmission_type_info="0xAF">
        <service id="0xE180"/>
      </transmission_type>
    </TS_information_descriptor>
    <service service_id="0xE000" running_status="undefined">
      <partialTS_time_descriptor event_version_number="61" event_start_time="2025-04-04 18:00:00" duration="00:10:00" other_descriptor_status="false" JST_time="2025-04-04 18:07:35"/>
      <generic_descriptor tag="0x85">
        7C 70 7C 70 06 B5 FF
      </generic_descriptor>
      <service_descriptor service_type="0x01" service_provider_name="" service_name="NHK総合1・熊本"/>
      <extended_broadcaster_descriptor broadcaster_type="0x01" terrestrial_broadcaster_id="0x7C71">
        <affiliation id="0x00"/>
        <affiliation id="0x01"/>
        <broadcaster original_network_id="0x0004" broadcaster_id="0x01"/>
      </extended_broadcaster_descriptor>
      <short_event_descriptor language_code="jpn">
        <event_name>ニュース🈔🈑</event_name>
        <text></text>
      </short_event_descriptor>
      <component_descriptor stream_content="0x01" stream_content_ext="0x0F" component_type="0x03" component_tag="0x00" language_code="jpn" text=""/>
      <audio_component_descriptor stream_content="0x02" component_type="0x02" component_tag="0x10" stream_type="0x0F" main_component="true" quality_indicator="2" sampling_rate="7" ISO_639_language_code="jpn" ISO_639_language_code_2="eng" text="日本語英語"/>
      <content_descriptor>
        <content content_nibble_level_1="0" content_nibble_level_2="0" user_byte="0xFF"/>
      </content_descriptor>
      <data_content_descriptor data_component_id="0x0008" entry_component="0x30" ISO_639_language_code="jpn" text="">
        <selector_bytes>
          01 13 6A 70 6E
        </selector_bytes>
      </data_content_descriptor>
    </service>
  </selection_information_table>
  <selection_information_table version="18" current="true">
    <metadata PID="31"/>
    <partial_transport_stream_descriptor peak_rate="0x0000EA60"/>
    <ISDB_network_identifier_descriptor country_code="JPN" media_type="TB" network_id="0x7C70"/>
    <TS_information_descriptor remote_control_key_id="0x01" ts_name="ＮＨＫ総合・熊本">
      <transmission_type transmission_type_info="0x0F">
        <service id="0xE000"/>
        <service id="0xE001"/>
        <service id="0xFFF0"/>
      </transmission_type>
      <transmission_type transmission_type_info="0xAF">
        <service id="0xE180"/>
      </transmission_type>
    </TS_information_descriptor>
    <service service_id="0xE000" running_status="undefined">
      <partialTS_time_descriptor event_version_number="61" event_start_time="2025-04-04 18:00:00" duration="00:10:00" other_descriptor_status="false" JST_time="2025-04-04 18:07:37"/>
      <generic_descriptor tag="0x85">
        7C 70 7C 70 06 B5 FF
      </generic_descriptor>
      <service_descriptor service_type="0x01" service_provider_name="" service_name="NHK総合1・熊本"/>
      <extended_broadcaster_descriptor broadcaster_type="0x01" terrestrial_broadcaster_id="0x7C71">
        <affiliation id="0x00"/>
        <affiliation id="0x01"/>
        <broadcaster original_network_id="0x0004" broadcaster_id="0x01"/>
      </extended_broadcaster_descriptor>
      <short_event_descriptor language_code="jpn">
        <event_name>ニュース🈔🈑</event_name>
        <text></text>
      </short_event_descriptor>
      <component_descriptor stream_content="0x01" stream_content_ext="0x0F" component_type="0x03" component_tag="0x00" language_code="jpn" text=""/>
      <audio_component_descriptor stream_content="0x02" component_type="0x02" component_tag="0x10" stream_type="0x0F" main_component="true" quality_indicator="2" sampling_rate="7" ISO_639_language_code="jpn" ISO_639_language_code_2="eng" text="日本語英語"/>
      <content_descriptor>
        <content content_nibble_level_1="0" content_nibble_level_2="0" user_byte="0xFF"/>
      </content_descriptor>
      <data_content_descriptor data_component_id="0x0008" entry_component="0x30" ISO_639_language_code="jpn" text="">
        <selector_bytes>
          01 13 6A 70 6E
        </selector_bytes>
      </data_content_descriptor>
    </service>
  </selection_information_table>
  <selection_information_table version="19" current="true">
    <metadata PID="31"/>
    <partial_transport_stream_descriptor peak_rate="0x0000EA60"/>
    <ISDB_network_identifier_descriptor country_code="JPN" media_type="TB" network_id="0x7C70"/>
    <TS_information_descriptor remote_control_key_id="0x01" ts_name="ＮＨＫ総合・熊本">
      <transmission_type transmission_type_info="0x0F">
        <service id="0xE000"/>
        <service id="0xE001"/>
        <service id="0xFFF0"/>
      </transmission_type>
      <transmission_type transmission_type_info="0xAF">
        <service id="0xE180"/>
      </transmission_type>
    </TS_information_descriptor>
    <service service_id="0xE000" running_status="undefined">
      <partialTS_time_descriptor event_version_number="61" event_start_time="2025-04-04 18:00:00" duration="00:10:00" other_descriptor_status="false" JST_time="2025-04-04 18:07:39"/>
      <generic_descriptor tag="0x85">
        7C 70 7C 70 06 B5 FF
      </generic_descriptor>
      <service_descriptor service_type="0x01" service_provider_name="" service_name="NHK総合1・熊本"/>
      <extended_broadcaster_descriptor broadcaster_type="0x01" terrestrial_broadcaster_id="0x7C71">
        <affiliation id="0x00"/>
        <affiliation id="0x01"/>
        <broadcaster original_network_id="0x0004" broadcaster_id="0x01"/>
      </extended_broadcaster_descriptor>
      <short_event_descriptor language_code="jpn">
        <event_name>ニュース🈔🈑</event_name>
        <text></text>
      </short_event_descriptor>
      <component_descriptor stream_content="0x01" stream_content_ext="0x0F" component_type="0x03" component_tag="0x00" language_code="jpn" text=""/>
      <audio_component_descriptor stream_content="0x02" component_type="0x02" component_tag="0x10" stream_type="0x0F" main_component="true" quality_indicator="2" sampling_rate="7" ISO_639_language_code="jpn" ISO_639_language_code_2="eng" text="日本語英語"/>
      <content_descriptor>
        <content content_nibble_level_1="0" content_nibble_level_2="0" user_byte="0xFF"/>
      </content_descriptor>
      <data_content_descriptor data_component_id="0x0008" entry_component="0x30" ISO_639_language_code="jpn" text="">
        <selector_bytes>
          01 13 6A 70 6E
        </selector_bytes>
      </data_content_descriptor>
    </service>
  </selection_information_table>
  <selection_information_table version="20" current="true">
    <metadata PID="31"/>
    <partial_transport_stream_descriptor peak_rate="0x0000EA60"/>
    <ISDB_network_identifier_descriptor country_code="JPN" media_type="TB" network_id="0x7C70"/>
    <TS_information_descriptor remote_control_key_id="0x01" ts_name="ＮＨＫ総合・熊本">
      <transmission_type transmission_type_info="0x0F">
        <service id="0xE000"/>
        <service id="0xE001"/>
        <service id="0xFFF0"/>
      </transmission_type>
      <transmission_type transmission_type_info="0xAF">
        <service id="0xE180"/>
      </transmission_type>
    </TS_information_descriptor>
    <service service_id="0xE000" running_status="undefined">
      <partialTS_time_descriptor event_version_number="61" event_start_time="2025-04-04 18:00:00" duration="00:10:00" other_descriptor_status="false" JST_time="2025-04-04 18:07:41"/>
      <generic_descriptor tag="0x85">
        7C 70 7C 70 06 B5 FF
      </generic_descriptor>
      <service_descriptor service_type="0x01" service_provider_name="" service_name="NHK総合1・熊本"/>
      <extended_broadcaster_descriptor broadcaster_type="0x01" terrestrial_broadcaster_id="0x7C71">
        <affiliation id="0x00"/>
        <affiliation id="0x01"/>
        <broadcaster original_network_id="0x0004" broadcaster_id="0x01"/>
      </extended_broadcaster_descriptor>
      <short_event_descriptor language_code="jpn">
        <event_name>ニュース🈔🈑</event_name>
        <text></text>
      </short_event_descriptor>
      <component_descriptor stream_content="0x01" stream_content_ext="0x0F" component_type="0x03" component_tag="0x00" language_code="jpn" text=""/>
      <audio_component_descriptor stream_content="0x02" component_type="0x02" component_tag="0x10" stream_type="0x0F" main_component="true" quality_indicator="2" sampling_rate="7" ISO_639_language_code="jpn" ISO_639_language_code_2="eng" text="日本語英語"/>
      <content_descriptor>
        <content content_nibble_level_1="0" content_nibble_level_2="0" user_byte="0xFF"/>
      </content_descriptor>
      <data_content_descriptor data_component_id="0x0008" entry_component="0x30" ISO_639_language_code="jpn" text="">
        <selector_bytes>
          01 13 6A 70 6E
        </selector_bytes>
      </data_content_descriptor>
    </service>
  </selection_information_table>
  <selection_information_table version="21" current="true">
    <metadata PID="31"/>
    <partial_transport_stream_descriptor peak_rate="0x0000EA60"/>
    <ISDB_network_identifier_descriptor country_code="JPN" media_type="TB" network_id="0x7C70"/>
    <TS_information_descriptor remote_control_key_id="0x01" ts_name="ＮＨＫ総合・熊本">
      <transmission_type transmission_type_info="0x0F">
        <service id="0xE000"/>
        <service id="0xE001"/>
        <service id="0xFFF0"/>
      </transmission_type>
      <transmission_type transmission_type_info="0xAF">
        <service id="0xE180"/>
      </transmission_type>
    </TS_information_descriptor>
    <service service_id="0xE000" running_status="undefined">
      <partialTS_time_descriptor event_version_number="61" event_start_time="2025-04-04 18:00:00" duration="00:10:00" other_descriptor_status="false" JST_time="2025-04-04 18:07:43"/>
      <generic_descriptor tag="0x85">
        7C 70 7C 70 06 B5 FF
      </generic_descriptor>
      <service_descriptor service_type="0x01" service_provider_name="" service_name="NHK総合1・熊本"/>
      <extended_broadcaster_descriptor broadcaster_type="0x01" terrestrial_broadcaster_id="0x7C71">
        <affiliation id="0x00"/>
        <affiliation id="0x01"/>
        <broadcaster original_network_id="0x0004" broadcaster_id="0x01"/>
      </extended_broadcaster_descriptor>
      <short_event_descriptor language_code="jpn">
        <event_name>ニュース🈔🈑</event_name>
        <text></text>
      </short_event_descriptor>
      <component_descriptor stream_content="0x01" stream_content_ext="0x0F" component_type="0x03" component_tag="0x00" language_code="jpn" text=""/>
      <audio_component_descriptor stream_content="0x02" component_type="0x02" component_tag="0x10" stream_type="0x0F" main_component="true" quality_indicator="2" sampling_rate="7" ISO_639_language_code="jpn" ISO_639_language_code_2="eng" text="日本語英語"/>
      <content_descriptor>
        <content content_nibble_level_1="0" content_nibble_level_2="0" user_byte="0xFF"/>
      </content_descriptor>
      <data_content_descriptor data_component_id="0x0008" entry_component="0x30" ISO_639_language_code="jpn" text="">
        <selector_bytes>
          01 13 6A 70 6E
        </selector_bytes>
      </data_content_descriptor>
    </service>
  </selection_information_table>
  <selection_information_table version="22" current="true">
    <metadata PID="31"/>
    <partial_transport_stream_descriptor peak_rate="0x0000EA60"/>
    <ISDB_network_identifier_descriptor country_code="JPN" media_type="TB" network_id="0x7C70"/>
    <TS_information_descriptor remote_control_key_id="0x01" ts_name="ＮＨＫ総合・熊本">
      <transmission_type transmission_type_info="0x0F">
        <service id="0xE000"/>
        <service id="0xE001"/>
        <service id="0xFFF0"/>
      </transmission_type>
      <transmission_type transmission_type_info="0xAF">
        <service id="0xE180"/>
      </transmission_type>
    </TS_information_descriptor>
    <service service_id="0xE000" running_status="undefined">
      <partialTS_time_descriptor event_version_number="61" event_start_time="2025-04-04 18:00:00" duration="00:10:00" other_descriptor_status="false" JST_time="2025-04-04 18:07:45"/>
      <generic_descriptor tag="0x85">
        7C 70 7C 70 06 B5 FF
      </generic_descriptor>
      <service_descriptor service_type="0x01" service_provider_name="" service_name="NHK総合1・熊本"/>
      <extended_broadcaster_descriptor broadcaster_type="0x01" terrestrial_broadcaster_id="0x7C71">
        <affiliation id="0x00"/>
        <affiliation id="0x01"/>
        <broadcaster original_network_id="0x0004" broadcaster_id="0x01"/>
      </extended_broadcaster_descriptor>
      <short_event_descriptor language_code="jpn">
        <event_name>ニュース🈔🈑</event_name>
        <text></text>
      </short_event_descriptor>
      <component_descriptor stream_content="0x01" stream_content_ext="0x0F" component_type="0x03" component_tag="0x00" language_code="jpn" text=""/>
      <audio_component_descriptor stream_content="0x02" component_type="0x02" component_tag="0x10" stream_type="0x0F" main_component="true" quality_indicator="2" sampling_rate="7" ISO_639_language_code="jpn" ISO_639_language_code_2="eng" text="日本語英語"/>
      <content_descriptor>
        <content content_nibble_level_1="0" content_nibble_level_2="0" user_byte="0xFF"/>
      </content_descriptor>
      <data_content_descriptor data_component_id="0x0008" entry_component="0x30" ISO_639_language_code="jpn" text="">
        <selector_bytes>
          01 13 6A 70 6E
        </selector_bytes>
      </data_content_descriptor>
    </service>
  </selection_information_table>
  <selection_information_table version="23" current="true">
    <metadata PID="31"/>
    <partial_transport_stream_descriptor peak_rate="0x0000EA60"/>
    <ISDB_network_identifier_descriptor country_code="JPN" media_type="TB" network_id="0x7C70"/>
    <TS_information_descriptor remote_control_key_id="0x01" ts_name="ＮＨＫ総合・熊本">
      <transmission_type transmission_type_info="0x0F">
        <service id="0xE000"/>
        <service id="0xE001"/>
        <service id="0xFFF0"/>
      </transmission_type>
      <transmission_type transmission_type_info="0xAF">
        <service id="0xE180"/>
      </transmission_type>
    </TS_information_descriptor>
    <service service_id="0xE000" running_status="undefined">
      <partialTS_time_descriptor event_version_number="61" event_start_time="2025-04-04 18:00:00" duration="00:10:00" other_descriptor_status="false" JST_time="2025-04-04 18:07:47"/>
      <generic_descriptor tag="0x85">
        7C 70 7C 70 06 B5 FF
      </generic_descriptor>
      <service_descriptor service_type="0x01" service_provider_name="" service_name="NHK総合1・熊本"/>
      <extended_broadcaster_descriptor broadcaster_type="0x01" terrestrial_broadcaster_id="0x7C71">
        <affiliation id="0x00"/>
        <affiliation id="0x01"/>
        <broadcaster original_network_id="0x0004" broadcaster_id="0x01"/>
      </extended_broadcaster_descriptor>
      <short_event_descriptor language_code="jpn">
        <event_name>ニュース🈔🈑</event_name>
        <text></text>
      </short_event_descriptor>
      <component_descriptor stream_content="0x01" stream_content_ext="0x0F" component_type="0x03" component_tag="0x00" language_code="jpn" text=""/>
      <audio_component_descriptor stream_content="0x02" component_type="0x02" component_tag="0x10" stream_type="0x0F" main_component="true" quality_indicator="2" sampling_rate="7" ISO_639_language_code="jpn" ISO_639_language_code_2="eng" text="日本語英語"/>
      <content_descriptor>
        <content content_nibble_level_1="0" content_nibble_level_2="0" user_byte="0xFF"/>
      </content_descriptor>
      <data_content_descriptor data_component_id="0x0008" entry_component="0x30" ISO_639_language_code="jpn" text="">
        <selector_bytes>
          01 13 6A 70 6E
        </selector_bytes>
      </data_content_descriptor>
    </service>
  </selection_information_table>
  <selection_information_table version="24" current="true">
    <metadata PID="31"/>
    <partial_transport_stream_descriptor peak_rate="0x0000EA60"/>
    <ISDB_network_identifier_descriptor country_code="JPN" media_type="TB" network_id="0x7C70"/>
    <TS_information_descriptor remote_control_key_id="0x01" ts_name="ＮＨＫ総合・熊本">
      <transmission_type transmission_type_info="0x0F">
        <service id="0xE000"/>
        <service id="0xE001"/>
        <service id="0xFFF0"/>
      </transmission_type>
      <transmission_type transmission_type_info="0xAF">
        <service id="0xE180"/>
      </transmission_type>
    </TS_information_descriptor>
    <service service_id="0xE000" running_status="undefined">
      <partialTS_time_descriptor event_version_number="61" event_start_time="2025-04-04 18:00:00" duration="00:10:00" other_descriptor_status="false" JST_time="2025-04-04 18:07:49"/>
      <generic_descriptor tag="0x85">
        7C 70 7C 70 06 B5 FF
      </generic_descriptor>
      <service_descriptor service_type="0x01" service_provider_name="" service_name="NHK総合1・熊本"/>
      <extended_broadcaster_descriptor broadcaster_type="0x01" terrestrial_broadcaster_id="0x7C71">
        <affiliation id="0x00"/>
        <affiliation id="0x01"/>
        <broadcaster original_network_id="0x0004" broadcaster_id="0x01"/>
      </extended_broadcaster_descriptor>
      <short_event_descriptor language_code="jpn">
        <event_name>ニュース🈔🈑</event_name>
        <text></text>
      </short_event_descriptor>
      <component_descriptor stream_content="0x01" stream_content_ext="0x0F" component_type="0x03" component_tag="0x00" language_code="jpn" text=""/>
      <audio_component_descriptor stream_content="0x02" component_type="0x02" component_tag="0x10" stream_type="0x0F" main_component="true" quality_indicator="2" sampling_rate="7" ISO_639_language_code="jpn" ISO_639_language_code_2="eng" text="日本語英語"/>
      <content_descriptor>
        <content content_nibble_level_1="0" content_nibble_level_2="0" user_byte="0xFF"/>
      </content_descriptor>
      <data_content_descriptor data_component_id="0x0008" entry_component="0x30" ISO_639_language_code="jpn" text="">
        <selector_bytes>
          01 13 6A 70 6E
        </selector_bytes>
      </data_content_descriptor>
    </service>
  </selection_information_table>
  <selection_information_table version="25" current="true">
    <metadata PID="31"/>
    <partial_transport_stream_descriptor peak_rate="0x0000EA60"/>
    <ISDB_network_identifier_descriptor country_code="JPN" media_type="TB" network_id="0x7C70"/>
    <TS_information_descriptor remote_control_key_id="0x01" ts_name="ＮＨＫ総合・熊本">
      <transmission_type transmission_type_info="0x0F">
        <service id="0xE000"/>
        <service id="0xE001"/>
        <service id="0xFFF0"/>
      </transmission_type>
      <transmission_type transmission_type_info="0xAF">
        <service id="0xE180"/>
      </transmission_type>
    </TS_information_descriptor>
    <service service_id="0xE000" running_status="undefined">
      <partialTS_time_descriptor event_version_number="61" event_start_time="2025-04-04 18:00:00" duration="00:10:00" other_descriptor_status="false" JST_time="2025-04-04 18:07:52"/>
      <generic_descriptor tag="0x85">
        7C 70 7C 70 06 B5 FF
      </generic_descriptor>
      <service_descriptor service_type="0x01" service_provider_name="" service_name="NHK総合1・熊本"/>
      <extended_broadcaster_descriptor broadcaster_type="0x01" terrestrial_broadcaster_id="0x7C71">
        <affiliation id="0x00"/>
        <affiliation id="0x01"/>
        <broadcaster original_network_id="0x0004" broadcaster_id="0x01"/>
      </extended_broadcaster_descriptor>
      <short_event_descriptor language_code="jpn">
        <event_name>ニュース🈔🈑</event_name>
        <text></text>
      </short_event_descriptor>
      <component_descriptor stream_content="0x01" stream_content_ext="0x0F" component_type="0x03" component_tag="0x00" language_code="jpn" text=""/>
      <audio_component_descriptor stream_content="0x02" component_type="0x02" component_tag="0x10" stream_type="0x0F" main_component="true" quality_indicator="2" sampling_rate="7" ISO_639_language_code="jpn" ISO_639_language_code_2="eng" text="日本語英語"/>
      <content_descriptor>
        <content content_nibble_level_1="0" content_nibble_level_2="0" user_byte="0xFF"/>
      </content_descriptor>
      <data_content_descriptor data_component_id="0x0008" entry_component="0x30" ISO_639_language_code="jpn" text="">
        <selector_bytes>
          01 13 6A 70 6E
        </selector_bytes>
      </data_content_descriptor>
    </service>
  </selection_information_table>
  <selection_information_table version="26" current="true">
    <metadata PID="31"/>
    <partial_transport_stream_descriptor peak_rate="0x0000EA60"/>
    <ISDB_network_identifier_descriptor country_code="JPN" media_type="TB" network_id="0x7C70"/>
    <TS_information_descriptor remote_control_key_id="0x01" ts_name="ＮＨＫ総合・熊本">
      <transmission_type transmission_type_info="0x0F">
        <service id="0xE000"/>
        <service id="0xE001"/>
        <service id="0xFFF0"/>
      </transmission_type>
      <transmission_type transmission_type_info="0xAF">
        <service id="0xE180"/>
      </transmission_type>
    </TS_information_descriptor>
    <service service_id="0xE000" running_status="undefined">
      <partialTS_time_descriptor event_version_number="61" event_start_time="2025-04-04 18:00:00" duration="00:10:00" other_descriptor_status="false" JST_time="2025-04-04 18:07:54"/>
      <generic_descriptor tag="0x85">
        7C 70 7C 70 06 B5 FF
      </generic_descriptor>
      <service_descriptor service_type="0x01" service_provider_name="" service_name="NHK総合1・熊本"/>
      <extended_broadcaster_descriptor broadcaster_type="0x01" terrestrial_broadcaster_id="0x7C71">
        <affiliation id="0x00"/>
        <affiliation id="0x01"/>
        <broadcaster original_network_id="0x0004" broadcaster_id="0x01"/>
      </extended_broadcaster_descriptor>
      <short_event_descriptor language_code="jpn">
        <event_name>ニュース🈔🈑</event_name>
        <text></text>
      </short_event_descriptor>
      <component_descriptor stream_content="0x01" stream_content_ext="0x0F" component_type="0x03" component_tag="0x00" language_code="jpn" text=""/>
      <audio_component_descriptor stream_content="0x02" component_type="0x02" component_tag="0x10" stream_type="0x0F" main_component="true" quality_indicator="2" sampling_rate="7" ISO_639_language_code="jpn" ISO_639_language_code_2="eng" text="日本語英語"/>
      <content_descriptor>
        <content content_nibble_level_1="0" content_nibble_level_2="0" user_byte="0xFF"/>
      </content_descriptor>
      <data_content_descriptor data_component_id="0x0008" entry_component="0x30" ISO_639_language_code="jpn" text="">
        <selector_bytes>
          01 13 6A 70 6E
        </selector_bytes>
      </data_content_descriptor>
    </service>
  </selection_information_table>
  <selection_information_table version="27" current="true">
    <metadata PID="31"/>
    <partial_transport_stream_descriptor peak_rate="0x0000EA60"/>
    <ISDB_network_identifier_descriptor country_code="JPN" media_type="TB" network_id="0x7C70"/>
    <TS_information_descriptor remote_control_key_id="0x01" ts_name="ＮＨＫ総合・熊本">
      <transmission_type transmission_type_info="0x0F">
        <service id="0xE000"/>
        <service id="0xE001"/>
        <service id="0xFFF0"/>
      </transmission_type>
      <transmission_type transmission_type_info="0xAF">
        <service id="0xE180"/>
      </transmission_type>
    </TS_information_descriptor>
    <service service_id="0xE000" running_status="undefined">
      <partialTS_time_descriptor event_version_number="61" event_start_time="2025-04-04 18:00:00" duration="00:10:00" other_descriptor_status="false" JST_time="2025-04-04 18:07:56"/>
      <generic_descriptor tag="0x85">
        7C 70 7C 70 06 B5 FF
      </generic_descriptor>
      <service_descriptor service_type="0x01" service_provider_name="" service_name="NHK総合1・熊本"/>
      <extended_broadcaster_descriptor broadcaster_type="0x01" terrestrial_broadcaster_id="0x7C71">
        <affiliation id="0x00"/>
        <affiliation id="0x01"/>
        <broadcaster original_network_id="0x0004" broadcaster_id="0x01"/>
      </extended_broadcaster_descriptor>
      <short_event_descriptor language_code="jpn">
        <event_name>ニュース🈔🈑</event_name>
        <text></text>
      </short_event_descriptor>
      <component_descriptor stream_content="0x01" stream_content_ext="0x0F" component_type="0x03" component_tag="0x00" language_code="jpn" text=""/>
      <audio_component_descriptor stream_content="0x02" component_type="0x02" component_tag="0x10" stream_type="0x0F" main_component="true" quality_indicator="2" sampling_rate="7" ISO_639_language_code="jpn" ISO_639_language_code_2="eng" text="日本語英語"/>
      <content_descriptor>
        <content content_nibble_level_1="0" content_nibble_level_2="0" user_byte="0xFF"/>
      </content_descriptor>
      <data_content_descriptor data_component_id="0x0008" entry_component="0x30" ISO_639_language_code="jpn" text="">
        <selector_bytes>
          01 13 6A 70 6E
        </selector_bytes>
      </data_content_descriptor>
    </service>
  </selection_information_table>
  <selection_information_table version="28" current="true">
    <metadata PID="31"/>
    <partial_transport_stream_descriptor peak_rate="0x0000EA60"/>
    <ISDB_network_identifier_descriptor country_code="JPN" media_type="TB" network_id="0x7C70"/>
    <TS_information_descriptor remote_control_key_id="0x01" ts_name="ＮＨＫ総合・熊本">
      <transmission_type transmission_type_info="0x0F">
        <service id="0xE000"/>
        <service id="0xE001"/>
        <service id="0xFFF0"/>
      </transmission_type>
      <transmission_type transmission_type_info="0xAF">
        <service id="0xE180"/>
      </transmission_type>
    </TS_information_descriptor>
    <service service_id="0xE000" running_status="undefined">
      <partialTS_time_descriptor event_version_number="61" event_start_time="2025-04-04 18:00:00" duration="00:10:00" other_descriptor_status="false" JST_time="2025-04-04 18:07:58"/>
      <generic_descriptor tag="0x85">
        7C 70 7C 70 06 B5 FF
      </generic_descriptor>
      <service_descriptor service_type="0x01" service_provider_name="" service_name="NHK総合1・熊本"/>
      <extended_broadcaster_descriptor broadcaster_type="0x01" terrestrial_broadcaster_id="0x7C71">
        <affiliation id="0x00"/>
        <affiliation id="0x01"/>
        <broadcaster original_network_id="0x0004" broadcaster_id="0x01"/>
      </extended_broadcaster_descriptor>
      <short_event_descriptor language_code="jpn">
        <event_name>ニュース🈔🈑</event_name>
        <text></text>
      </short_event_descriptor>
      <component_descriptor stream_content="0x01" stream_content_ext="0x0F" component_type="0x03" component_tag="0x00" language_code="jpn" text=""/>
      <audio_component_descriptor stream_content="0x02" component_type="0x02" component_tag="0x10" stream_type="0x0F" main_component="true" quality_indicator="2" sampling_rate="7" ISO_639_language_code="jpn" ISO_639_language_code_2="eng" text="日本語英語"/>
      <content_descriptor>
        <content content_nibble_level_1="0" content_nibble_level_2="0" user_byte="0xFF"/>
      </content_descriptor>
      <data_content_descriptor data_component_id="0x0008" entry_component="0x30" ISO_639_language_code="jpn" text="">
        <selector_bytes>
          01 13 6A 70 6E
        </selector_bytes>
      </data_content_descriptor>
    </service>
  </selection_information_table>
  <selection_information_table version="29" current="true">
    <metadata PID="31"/>
    <partial_transport_stream_descriptor peak_rate="0x0000EA60"/>
    <ISDB_network_identifier_descriptor country_code="JPN" media_type="TB" network_id="0x7C70"/>
    <TS_information_descriptor remote_control_key_id="0x01" ts_name="ＮＨＫ総合・熊本">
      <transmission_type transmission_type_info="0x0F">
        <service id="0xE000"/>
        <service id="0xE001"/>
        <service id="0xFFF0"/>
      </transmission_type>
      <transmission_type transmission_type_info="0xAF">
        <service id="0xE180"/>
      </transmission_type>
    </TS_information_descriptor>
    <service service_id="0xE000" running_status="undefined">
      <partialTS_time_descriptor event_version_number="61" event_start_time="2025-04-04 18:00:00" duration="00:10:00" other_descriptor_status="false" JST_time="2025-04-04 18:08:00"/>
      <generic_descriptor tag="0x85">
        7C 70 7C 70 06 B5 FF
      </generic_descriptor>
      <service_descriptor service_type="0x01" service_provider_name="" service_name="NHK総合1・熊本"/>
      <extended_broadcaster_descriptor broadcaster_type="0x01" terrestrial_broadcaster_id="0x7C71">
        <affiliation id="0x00"/>
        <affiliation id="0x01"/>
        <broadcaster original_network_id="0x0004" broadcaster_id="0x01"/>
      </extended_broadcaster_descriptor>
      <short_event_descriptor language_code="jpn">
        <event_name>ニュース🈔🈑</event_name>
        <text></text>
      </short_event_descriptor>
      <component_descriptor stream_content="0x01" stream_content_ext="0x0F" component_type="0x03" component_tag="0x00" language_code="jpn" text=""/>
      <audio_component_descriptor stream_content="0x02" component_type="0x02" component_tag="0x10" stream_type="0x0F" main_component="true" quality_indicator="2" sampling_rate="7" ISO_639_language_code="jpn" ISO_639_language_code_2="eng" text="日本語英語"/>
      <content_descriptor>
        <content content_nibble_level_1="0" content_nibble_level_2="0" user_byte="0xFF"/>
      </content_descriptor>
      <data_content_descriptor data_component_id="0x0008" entry_component="0x30" ISO_639_language_code="jpn" text="">
        <selector_bytes>
          01 13 6A 70 6E
        </selector_bytes>
      </data_content_descriptor>
    </service>
  </selection_information_table>
  <selection_information_table version="30" current="true">
    <metadata PID="31"/>
    <partial_transport_stream_descriptor peak_rate="0x0000EA60"/>
    <ISDB_network_identifier_descriptor country_code="JPN" media_type="TB" network_id="0x7C70"/>
    <TS_information_descriptor remote_control_key_id="0x01" ts_name="ＮＨＫ総合・熊本">
      <transmission_type transmission_type_info="0x0F">
        <service id="0xE000"/>
        <service id="0xE001"/>
        <service id="0xFFF0"/>
      </transmission_type>
      <transmission_type transmission_type_info="0xAF">
        <service id="0xE180"/>
      </transmission_type>
    </TS_information_descriptor>
    <service service_id="0xE000" running_status="undefined">
      <partialTS_time_descriptor event_version_number="61" event_start_time="2025-04-04 18:00:00" duration="00:10:00" other_descriptor_status="false" JST_time="2025-04-04 18:08:02"/>
      <generic_descriptor tag="0x85">
        7C 70 7C 70 06 B5 FF
      </generic_descriptor>
      <service_descriptor service_type="0x01" service_provider_name="" service_name="NHK総合1・熊本"/>
      <extended_broadcaster_descriptor broadcaster_type="0x01" terrestrial_broadcaster_id="0x7C71">
        <affiliation id="0x00"/>
        <affiliation id="0x01"/>
        <broadcaster original_network_id="0x0004" broadcaster_id="0x01"/>
      </extended_broadcaster_descriptor>
      <short_event_descriptor language_code="jpn">
        <event_name>ニュース🈔🈑</event_name>
        <text></text>
      </short_event_descriptor>
      <component_descriptor stream_content="0x01" stream_content_ext="0x0F" component_type="0x03" component_tag="0x00" language_code="jpn" text=""/>
      <audio_component_descriptor stream_content="0x02" component_type="0x02" component_tag="0x10" stream_type="0x0F" main_component="true" quality_indicator="2" sampling_rate="7" ISO_639_language_code="jpn" ISO_639_language_code_2="eng" text="日本語英語"/>
      <content_descriptor>
        <content content_nibble_level_1="0" content_nibble_level_2="0" user_byte="0xFF"/>
      </content_descriptor>
      <data_content_descriptor data_component_id="0x0008" entry_component="0x30" ISO_639_language_code="jpn" text="">
        <selector_bytes>
          01 13 6A 70 6E
        </selector_bytes>
      </data_content_descriptor>
    </service>
  </selection_information_table>
  <selection_information_table version="31" current="true">
    <metadata PID="31"/>
    <partial_transport_stream_descriptor peak_rate="0x0000EA60"/>
    <ISDB_network_identifier_descriptor country_code="JPN" media_type="TB" network_id="0x7C70"/>
    <TS_information_descriptor remote_control_key_id="0x01" ts_name="ＮＨＫ総合・熊本">
      <transmission_type transmission_type_info="0x0F">
        <service id="0xE000"/>
        <service id="0xE001"/>
        <service id="0xFFF0"/>
      </transmission_type>
      <transmission_type transmission_type_info="0xAF">
        <service id="0xE180"/>
      </transmission_type>
    </TS_information_descriptor>
    <service service_id="0xE000" running_status="undefined">
      <partialTS_time_descriptor event_version_number="61" event_start_time="2025-04-04 18:00:00" duration="00:10:00" other_descriptor_status="false" JST_time="2025-04-04 18:08:04"/>
      <generic_descriptor tag="0x85">
        7C 70 7C 70 06 B5 FF
      </generic_descriptor>
      <service_descriptor service_type="0x01" service_provider_name="" service_name="NHK総合1・熊本"/>
      <extended_broadcaster_descriptor broadcaster_type="0x01" terrestrial_broadcaster_id="0x7C71">
        <affiliation id="0x00"/>
        <affiliation id="0x01"/>
        <broadcaster original_network_id="0x0004" broadcaster_id="0x01"/>
      </extended_broadcaster_descriptor>
      <short_event_descriptor language_code="jpn">
        <event_name>ニュース🈔🈑</event_name>
        <text></text>
      </short_event_descriptor>
      <component_descriptor stream_content="0x01" stream_content_ext="0x0F" component_type="0x03" component_tag="0x00" language_code="jpn" text=""/>
      <audio_component_descriptor stream_content="0x02" component_type="0x02" component_tag="0x10" stream_type="0x0F" main_component="true" quality_indicator="2" sampling_rate="7" ISO_639_language_code="jpn" ISO_639_language_code_2="eng" text="日本語英語"/>
      <content_descriptor>
        <content content_nibble_level_1="0" content_nibble_level_2="0" user_byte="0xFF"/>
      </content_descriptor>
      <data_content_descriptor data_component_id="0x0008" entry_component="0x30" ISO_639_language_code="jpn" text="">
        <selector_bytes>
          01 13 6A 70 6E
        </selector_bytes>
      </data_content_descriptor>
    </service>
  </selection_information_table>
  <selection_information_table version="0" current="true">
    <metadata PID="31"/>
    <partial_transport_stream_descriptor peak_rate="0x0000EA60"/>
    <ISDB_network_identifier_descriptor country_code="JPN" media_type="TB" network_id="0x7C70"/>
    <TS_information_descriptor remote_control_key_id="0x01" ts_name="ＮＨＫ総合・熊本">
      <transmission_type transmission_type_info="0x0F">
        <service id="0xE000"/>
        <service id="0xE001"/>
        <service id="0xFFF0"/>
      </transmission_type>
      <transmission_type transmission_type_info="0xAF">
        <service id="0xE180"/>
      </transmission_type>
    </TS_information_descriptor>
    <service service_id="0xE000" running_status="undefined">
      <partialTS_time_descriptor event_version_number="61" event_start_time="2025-04-04 18:00:00" duration="00:10:00" other_descriptor_status="false" JST_time="2025-04-04 18:08:06"/>
      <generic_descriptor tag="0x85">
        7C 70 7C 70 06 B5 FF
      </generic_descriptor>
      <service_descriptor service_type="0x01" service_provider_name="" service_name="NHK総合1・熊本"/>
      <extended_broadcaster_descriptor broadcaster_type="0x01" terrestrial_broadcaster_id="0x7C71">
        <affiliation id="0x00"/>
        <affiliation id="0x01"/>
        <broadcaster original_network_id="0x0004" broadcaster_id="0x01"/>
      </extended_broadcaster_descriptor>
      <short_event_descriptor language_code="jpn">
        <event_name>ニュース🈔🈑</event_name>
        <text></text>
      </short_event_descriptor>
      <component_descriptor stream_content="0x01" stream_content_ext="0x0F" component_type="0x03" component_tag="0x00" language_code="jpn" text=""/>
      <audio_component_descriptor stream_content="0x02" component_type="0x02" component_tag="0x10" stream_type="0x0F" main_component="true" quality_indicator="2" sampling_rate="7" ISO_639_language_code="jpn" ISO_639_language_code_2="eng" text="日本語英語"/>
      <content_descriptor>
        <content content_nibble_level_1="0" content_nibble_level_2="0" user_byte="0xFF"/>
      </content_descriptor>
      <data_content_descriptor data_component_id="0x0008" entry_component="0x30" ISO_639_language_code="jpn" text="">
        <selector_bytes>
          01 13 6A 70 6E
        </selector_bytes>
      </data_content_descriptor>
    </service>
  </selection_information_table>
  <selection_information_table version="1" current="true">
    <metadata PID="31"/>
    <partial_transport_stream_descriptor peak_rate="0x0000EA60"/>
    <ISDB_network_identifier_descriptor country_code="JPN" media_type="TB" network_id="0x7C70"/>
    <TS_information_descriptor remote_control_key_id="0x01" ts_name="ＮＨＫ総合・熊本">
      <transmission_type transmission_type_info="0x0F">
        <service id="0xE000"/>
        <service id="0xE001"/>
        <service id="0xFFF0"/>
      </transmission_type>
      <transmission_type transmission_type_info="0xAF">
        <service id="0xE180"/>
      </transmission_type>
    </TS_information_descriptor>
    <service service_id="0xE000" running_status="undefined">
      <partialTS_time_descriptor event_version_number="61" event_start_time="2025-04-04 18:00:00" duration="00:10:00" other_descriptor_status="false" JST_time="2025-04-04 18:08:08"/>
      <generic_descriptor tag="0x85">
        7C 70 7C 70 06 B5 FF
      </generic_descriptor>
      <service_descriptor service_type="0x01" service_provider_name="" service_name="NHK総合1・熊本"/>
      <extended_broadcaster_descriptor broadcaster_type="0x01" terrestrial_broadcaster_id="0x7C71">
        <affiliation id="0x00"/>
        <affiliation id="0x01"/>
        <broadcaster original_network_id="0x0004" broadcaster_id="0x01"/>
      </extended_broadcaster_descriptor>
      <short_event_descriptor language_code="jpn">
        <event_name>ニュース🈔🈑</event_name>
        <text></text>
      </short_event_descriptor>
      <component_descriptor stream_content="0x01" stream_content_ext="0x0F" component_type="0x03" component_tag="0x00" language_code="jpn" text=""/>
      <audio_component_descriptor stream_content="0x02" component_type="0x02" component_tag="0x10" stream_type="0x0F" main_component="true" quality_indicator="2" sampling_rate="7" ISO_639_language_code="jpn" ISO_639_language_code_2="eng" text="日本語英語"/>
      <content_descriptor>
        <content content_nibble_level_1="0" content_nibble_level_2="0" user_byte="0xFF"/>
      </content_descriptor>
      <data_content_descriptor data_component_id="0x0008" entry_component="0x30" ISO_639_language_code="jpn" text="">
        <selector_bytes>
          01 13 6A 70 6E
        </selector_bytes>
      </data_content_descriptor>
    </service>
  </selection_information_table>
  <selection_information_table version="2" current="true">
    <metadata PID="31"/>
    <partial_transport_stream_descriptor peak_rate="0x0000EA60"/>
    <ISDB_network_identifier_descriptor country_code="JPN" media_type="TB" network_id="0x7C70"/>
    <TS_information_descriptor remote_control_key_id="0x01" ts_name="ＮＨＫ総合・熊本">
      <transmission_type transmission_type_info="0x0F">
        <service id="0xE000"/>
        <service id="0xE001"/>
        <service id="0xFFF0"/>
      </transmission_type>
      <transmission_type transmission_type_info="0xAF">
        <service id="0xE180"/>
      </transmission_type>
    </TS_information_descriptor>
    <service service_id="0xE000" running_status="undefined">
      <partialTS_time_descriptor event_version_number="61" event_start_time="2025-04-04 18:00:00" duration="00:10:00" other_descriptor_status="false" JST_time="2025-04-04 18:08:10"/>
      <generic_descriptor tag="0x85">
        7C 70 7C 70 06 B5 FF
      </generic_descriptor>
      <service_descriptor service_type="0x01" service_provider_name="" service_name="NHK総合1・熊本"/>
      <extended_broadcaster_descriptor broadcaster_type="0x01" terrestrial_broadcaster_id="0x7C71">
        <affiliation id="0x00"/>
        <affiliation id="0x01"/>
        <broadcaster original_network_id="0x0004" broadcaster_id="0x01"/>
      </extended_broadcaster_descriptor>
      <short_event_descriptor language_code="jpn">
        <event_name>ニュース🈔🈑</event_name>
        <text></text>
      </short_event_descriptor>
      <component_descriptor stream_content="0x01" stream_content_ext="0x0F" component_type="0x03" component_tag="0x00" language_code="jpn" text=""/>
      <audio_component_descriptor stream_content="0x02" component_type="0x02" component_tag="0x10" stream_type="0x0F" main_component="true" quality_indicator="2" sampling_rate="7" ISO_639_language_code="jpn" ISO_639_language_code_2="eng" text="日本語英語"/>
      <content_descriptor>
        <content content_nibble_level_1="0" content_nibble_level_2="0" user_byte="0xFF"/>
      </content_descriptor>
      <data_content_descriptor data_component_id="0x0008" entry_component="0x30" ISO_639_language_code="jpn" text="">
        <selector_bytes>
          01 13 6A 70 6E
        </selector_bytes>
      </data_content_descriptor>
    </service>
  </selection_information_table>
  <selection_information_table version="3" current="true">
    <metadata PID="31"/>
    <partial_transport_stream_descriptor peak_rate="0x0000EA60"/>
    <ISDB_network_identifier_descriptor country_code="JPN" media_type="TB" network_id="0x7C70"/>
    <TS_information_descriptor remote_control_key_id="0x01" ts_name="ＮＨＫ総合・熊本">
      <transmission_type transmission_type_info="0x0F">
        <service id="0xE000"/>
        <service id="0xE001"/>
        <service id="0xFFF0"/>
      </transmission_type>
      <transmission_type transmission_type_info="0xAF">
        <service id="0xE180"/>
      </transmission_type>
    </TS_information_descriptor>
    <service service_id="0xE000" running_status="undefined">
      <partialTS_time_descriptor event_version_number="61" event_start_time="2025-04-04 18:00:00" duration="00:10:00" other_descriptor_status="false" JST_time="2025-04-04 18:08:13"/>
      <generic_descriptor tag="0x85">
        7C 70 7C 70 06 B5 FF
      </generic_descriptor>
      <service_descriptor service_type="0x01" service_provider_name="" service_name="NHK総合1・熊本"/>
      <extended_broadcaster_descriptor broadcaster_type="0x01" terrestrial_broadcaster_id="0x7C71">
        <affiliation id="0x00"/>
        <affiliation id="0x01"/>
        <broadcaster original_network_id="0x0004" broadcaster_id="0x01"/>
      </extended_broadcaster_descriptor>
      <short_event_descriptor language_code="jpn">
        <event_name>ニュース🈔🈑</event_name>
        <text></text>
      </short_event_descriptor>
      <component_descriptor stream_content="0x01" stream_content_ext="0x0F" component_type="0x03" component_tag="0x00" language_code="jpn" text=""/>
      <audio_component_descriptor stream_content="0x02" component_type="0x02" component_tag="0x10" stream_type="0x0F" main_component="true" quality_indicator="2" sampling_rate="7" ISO_639_language_code="jpn" ISO_639_language_code_2="eng" text="日本語英語"/>
      <content_descriptor>
        <content content_nibble_level_1="0" content_nibble_level_2="0" user_byte="0xFF"/>
      </content_descriptor>
      <data_content_descriptor data_component_id="0x0008" entry_component="0x30" ISO_639_language_code="jpn" text="">
        <selector_bytes>
          01 13 6A 70 6E
        </selector_bytes>
      </data_content_descriptor>
    </service>
  </selection_information_table>
  <selection_information_table version="4" current="true">
    <metadata PID="31"/>
    <partial_transport_stream_descriptor peak_rate="0x0000EA60"/>
    <ISDB_network_identifier_descriptor country_code="JPN" media_type="TB" network_id="0x7C70"/>
    <TS_information_descriptor remote_control_key_id="0x01" ts_name="ＮＨＫ総合・熊本">
      <transmission_type transmission_type_info="0x0F">
        <service id="0xE000"/>
        <service id="0xE001"/>
        <service id="0xFFF0"/>
      </transmission_type>
      <transmission_type transmission_type_info="0xAF">
        <service id="0xE180"/>
      </transmission_type>
    </TS_information_descriptor>
    <service service_id="0xE000" running_status="undefined">
      <partialTS_time_descriptor event_version_number="61" event_start_time="2025-04-04 18:00:00" duration="00:10:00" other_descriptor_status="false" JST_time="2025-04-04 18:08:15"/>
      <generic_descriptor tag="0x85">
        7C 70 7C 70 06 B5 FF
      </generic_descriptor>
      <service_descriptor service_type="0x01" service_provider_name="" service_name="NHK総合1・熊本"/>
      <extended_broadcaster_descriptor broadcaster_type="0x01" terrestrial_broadcaster_id="0x7C71">
        <affiliation id="0x00"/>
        <affiliation id="0x01"/>
        <broadcaster original_network_id="0x0004" broadcaster_id="0x01"/>
      </extended_broadcaster_descriptor>
      <short_event_descriptor language_code="jpn">
        <event_name>ニュース🈔🈑</event_name>
        <text></text>
      </short_event_descriptor>
      <component_descriptor stream_content="0x01" stream_content_ext="0x0F" component_type="0x03" component_tag="0x00" language_code="jpn" text=""/>
      <audio_component_descriptor stream_content="0x02" component_type="0x02" component_tag="0x10" stream_type="0x0F" main_component="true" quality_indicator="2" sampling_rate="7" ISO_639_language_code="jpn" ISO_639_language_code_2="eng" text="日本語英語"/>
      <content_descriptor>
        <content content_nibble_level_1="0" content_nibble_level_2="0" user_byte="0xFF"/>
      </content_descriptor>
      <data_content_descriptor data_component_id="0x0008" entry_component="0x30" ISO_639_language_code="jpn" text="">
        <selector_bytes>
          01 13 6A 70 6E
        </selector_bytes>
      </data_content_descriptor>
    </service>
  </selection_information_table>
  <selection_information_table version="5" current="true">
    <metadata PID="31"/>
    <partial_transport_stream_descriptor peak_rate="0x0000EA60"/>
    <ISDB_network_identifier_descriptor country_code="JPN" media_type="TB" network_id="0x7C70"/>
    <TS_information_descriptor remote_control_key_id="0x01" ts_name="ＮＨＫ総合・熊本">
      <transmission_type transmission_type_info="0x0F">
        <service id="0xE000"/>
        <service id="0xE001"/>
        <service id="0xFFF0"/>
      </transmission_type>
      <transmission_type transmission_type_info="0xAF">
        <service id="0xE180"/>
      </transmission_type>
    </TS_information_descriptor>
    <service service_id="0xE000" running_status="undefined">
      <partialTS_time_descriptor event_version_number="61" event_start_time="2025-04-04 18:00:00" duration="00:10:00" other_descriptor_status="false" JST_time="2025-04-04 18:08:17"/>
      <generic_descriptor tag="0x85">
        7C 70 7C 70 06 B5 FF
      </generic_descriptor>
      <service_descriptor service_type="0x01" service_provider_name="" service_name="NHK総合1・熊本"/>
      <extended_broadcaster_descriptor broadcaster_type="0x01" terrestrial_broadcaster_id="0x7C71">
        <affiliation id="0x00"/>
        <affiliation id="0x01"/>
        <broadcaster original_network_id="0x0004" broadcaster_id="0x01"/>
      </extended_broadcaster_descriptor>
      <short_event_descriptor language_code="jpn">
        <event_name>ニュース🈔🈑</event_name>
        <text></text>
      </short_event_descriptor>
      <component_descriptor stream_content="0x01" stream_content_ext="0x0F" component_type="0x03" component_tag="0x00" language_code="jpn" text=""/>
      <audio_component_descriptor stream_content="0x02" component_type="0x02" component_tag="0x10" stream_type="0x0F" main_component="true" quality_indicator="2" sampling_rate="7" ISO_639_language_code="jpn" ISO_639_language_code_2="eng" text="日本語英語"/>
      <content_descriptor>
        <content content_nibble_level_1="0" content_nibble_level_2="0" user_byte="0xFF"/>
      </content_descriptor>
      <data_content_descriptor data_component_id="0x0008" entry_component="0x30" ISO_639_language_code="jpn" text="">
        <selector_bytes>
          01 13 6A 70 6E
        </selector_bytes>
      </data_content_descriptor>
    </service>
  </selection_information_table>
  <selection_information_table version="6" current="true">
    <metadata PID="31"/>
    <partial_transport_stream_descriptor peak_rate="0x0000EA60"/>
    <ISDB_network_identifier_descriptor country_code="JPN" media_type="TB" network_id="0x7C70"/>
    <TS_information_descriptor remote_control_key_id="0x01" ts_name="ＮＨＫ総合・熊本">
      <transmission_type transmission_type_info="0x0F">
        <service id="0xE000"/>
        <service id="0xE001"/>
        <service id="0xFFF0"/>
      </transmission_type>
      <transmission_type transmission_type_info="0xAF">
        <service id="0xE180"/>
      </transmission_type>
    </TS_information_descriptor>
    <service service_id="0xE000" running_status="undefined">
      <partialTS_time_descriptor event_version_number="61" event_start_time="2025-04-04 18:00:00" duration="00:10:00" other_descriptor_status="false" JST_time="2025-04-04 18:08:19"/>
      <generic_descriptor tag="0x85">
        7C 70 7C 70 06 B5 FF
      </generic_descriptor>
      <service_descriptor service_type="0x01" service_provider_name="" service_name="NHK総合1・熊本"/>
      <extended_broadcaster_descriptor broadcaster_type="0x01" terrestrial_broadcaster_id="0x7C71">
        <affiliation id="0x00"/>
        <affiliation id="0x01"/>
        <broadcaster original_network_id="0x0004" broadcaster_id="0x01"/>
      </extended_broadcaster_descriptor>
      <short_event_descriptor language_code="jpn">
        <event_name>ニュース🈔🈑</event_name>
        <text></text>
      </short_event_descriptor>
      <component_descriptor stream_content="0x01" stream_content_ext="0x0F" component_type="0x03" component_tag="0x00" language_code="jpn" text=""/>
      <audio_component_descriptor stream_content="0x02" component_type="0x02" component_tag="0x10" stream_type="0x0F" main_component="true" quality_indicator="2" sampling_rate="7" ISO_639_language_code="jpn" ISO_639_language_code_2="eng" text="日本語英語"/>
      <content_descriptor>
        <content content_nibble_level_1="0" content_nibble_level_2="0" user_byte="0xFF"/>
      </content_descriptor>
      <data_content_descriptor data_component_id="0x0008" entry_component="0x30" ISO_639_language_code="jpn" text="">
        <selector_bytes>
          01 13 6A 70 6E
        </selector_bytes>
      </data_content_descriptor>
    </service>
  </selection_information_table>
  <selection_information_table version="7" current="true">
    <metadata PID="31"/>
    <partial_transport_stream_descriptor peak_rate="0x0000EA60"/>
    <ISDB_network_identifier_descriptor country_code="JPN" media_type="TB" network_id="0x7C70"/>
    <TS_information_descriptor remote_control_key_id="0x01" ts_name="ＮＨＫ総合・熊本">
      <transmission_type transmission_type_info="0x0F">
        <service id="0xE000"/>
        <service id="0xE001"/>
        <service id="0xFFF0"/>
      </transmission_type>
      <transmission_type transmission_type_info="0xAF">
        <service id="0xE180"/>
      </transmission_type>
    </TS_information_descriptor>
    <service service_id="0xE000" running_status="undefined">
      <partialTS_time_descriptor event_version_number="61" event_start_time="2025-04-04 18:00:00" duration="00:10:00" other_descriptor_status="false" JST_time="2025-04-04 18:08:21"/>
      <generic_descriptor tag="0x85">
        7C 70 7C 70 06 B5 FF
      </generic_descriptor>
      <service_descriptor service_type="0x01" service_provider_name="" service_name="NHK総合1・熊本"/>
      <extended_broadcaster_descriptor broadcaster_type="0x01" terrestrial_broadcaster_id="0x7C71">
        <affiliation id="0x00"/>
        <affiliation id="0x01"/>
        <broadcaster original_network_id="0x0004" broadcaster_id="0x01"/>
      </extended_broadcaster_descriptor>
      <short_event_descriptor language_code="jpn">
        <event_name>ニュース🈔🈑</event_name>
        <text></text>
      </short_event_descriptor>
      <component_descriptor stream_content="0x01" stream_content_ext="0x0F" component_type="0x03" component_tag="0x00" language_code="jpn" text=""/>
      <audio_component_descriptor stream_content="0x02" component_type="0x02" component_tag="0x10" stream_type="0x0F" main_component="true" quality_indicator="2" sampling_rate="7" ISO_639_language_code="jpn" ISO_639_language_code_2="eng" text="日本語英語"/>
      <content_descriptor>
        <content content_nibble_level_1="0" content_nibble_level_2="0" user_byte="0xFF"/>
      </content_descriptor>
      <data_content_descriptor data_component_id="0x0008" entry_component="0x30" ISO_639_language_code="jpn" text="">
        <selector_bytes>
          01 13 6A 70 6E
        </selector_bytes>
      </data_content_descriptor>
    </service>
  </selection_information_table>
  <selection_information_table version="8" current="true">
    <metadata PID="31"/>
    <partial_transport_stream_descriptor peak_rate="0x0000EA60"/>
    <ISDB_network_identifier_descriptor country_code="JPN" media_type="TB" network_id="0x7C70"/>
    <TS_information_descriptor remote_control_key_id="0x01" ts_name="ＮＨＫ総合・熊本">
      <transmission_type transmission_type_info="0x0F">
        <service id="0xE000"/>
        <service id="0xE001"/>
        <service id="0xFFF0"/>
      </transmission_type>
      <transmission_type transmission_type_info="0xAF">
        <service id="0xE180"/>
      </transmission_type>
    </TS_information_descriptor>
    <service service_id="0xE000" running_status="undefined">
      <partialTS_time_descriptor event_version_number="61" event_start_time="2025-04-04 18:00:00" duration="00:10:00" other_descriptor_status="false" JST_time="2025-04-04 18:08:23"/>
      <generic_descriptor tag="0x85">
        7C 70 7C 70 06 B5 FF
      </generic_descriptor>
      <service_descriptor service_type="0x01" service_provider_name="" service_name="NHK総合1・熊本"/>
      <extended_broadcaster_descriptor broadcaster_type="0x01" terrestrial_broadcaster_id="0x7C71">
        <affiliation id="0x00"/>
        <affiliation id="0x01"/>
        <broadcaster original_network_id="0x0004" broadcaster_id="0x01"/>
      </extended_broadcaster_descriptor>
      <short_event_descriptor language_code="jpn">
        <event_name>ニュース🈔🈑</event_name>
        <text></text>
      </short_event_descriptor>
      <component_descriptor stream_content="0x01" stream_content_ext="0x0F" component_type="0x03" component_tag="0x00" language_code="jpn" text=""/>
      <audio_component_descriptor stream_content="0x02" component_type="0x02" component_tag="0x10" stream_type="0x0F" main_component="true" quality_indicator="2" sampling_rate="7" ISO_639_language_code="jpn" ISO_639_language_code_2="eng" text="日本語英語"/>
      <content_descriptor>
        <content content_nibble_level_1="0" content_nibble_level_2="0" user_byte="0xFF"/>
      </content_descriptor>
      <data_content_descriptor data_component_id="0x0008" entry_component="0x30" ISO_639_language_code="jpn" text="">
        <selector_bytes>
          01 13 6A 70 6E
        </selector_bytes>
      </data_content_descriptor>
    </service>
  </selection_information_table>
  <selection_information_table version="9" current="true">
    <metadata PID="31"/>
    <partial_transport_stream_descriptor peak_rate="0x0000EA60"/>
    <ISDB_network_identifier_descriptor country_code="JPN" media_type="TB" network_id="0x7C70"/>
    <TS_information_descriptor remote_control_key_id="0x01" ts_name="ＮＨＫ総合・熊本">
      <transmission_type transmission_type_info="0x0F">
        <service id="0xE000"/>
        <service id="0xE001"/>
        <service id="0xFFF0"/>
      </transmission_type>
      <transmission_type transmission_type_info="0xAF">
        <service id="0xE180"/>
      </transmission_type>
    </TS_information_descriptor>
    <service service_id="0xE000" running_status="undefined">
      <partialTS_time_descriptor event_version_number="61" event_start_time="2025-04-04 18:00:00" duration="00:10:00" other_descriptor_status="false" JST_time="2025-04-04 18:08:25"/>
      <generic_descriptor tag="0x85">
        7C 70 7C 70 06 B5 FF
      </generic_descriptor>
      <service_descriptor service_type="0x01" service_provider_name="" service_name="NHK総合1・熊本"/>
      <extended_broadcaster_descriptor broadcaster_type="0x01" terrestrial_broadcaster_id="0x7C71">
        <affiliation id="0x00"/>
        <affiliation id="0x01"/>
        <broadcaster original_network_id="0x0004" broadcaster_id="0x01"/>
      </extended_broadcaster_descriptor>
      <short_event_descriptor language_code="jpn">
        <event_name>ニュース🈔🈑</event_name>
        <text></text>
      </short_event_descriptor>
      <component_descriptor stream_content="0x01" stream_content_ext="0x0F" component_type="0x03" component_tag="0x00" language_code="jpn" text=""/>
      <audio_component_descriptor stream_content="0x02" component_type="0x02" component_tag="0x10" stream_type="0x0F" main_component="true" quality_indicator="2" sampling_rate="7" ISO_639_language_code="jpn" ISO_639_language_code_2="eng" text="日本語英語"/>
      <content_descriptor>
        <content content_nibble_level_1="0" content_nibble_level_2="0" user_byte="0xFF"/>
      </content_descriptor>
      <data_content_descriptor data_component_id="0x0008" entry_component="0x30" ISO_639_language_code="jpn" text="">
        <selector_bytes>
          01 13 6A 70 6E
        </selector_bytes>
      </data_content_descriptor>
    </service>
  </selection_information_table>
  <selection_information_table version="10" current="true">
    <metadata PID="31"/>
    <partial_transport_stream_descriptor peak_rate="0x0000EA60"/>
    <ISDB_network_identifier_descriptor country_code="JPN" media_type="TB" network_id="0x7C70"/>
    <TS_information_descriptor remote_control_key_id="0x01" ts_name="ＮＨＫ総合・熊本">
      <transmission_type transmission_type_info="0x0F">
        <service id="0xE000"/>
        <service id="0xE001"/>
        <service id="0xFFF0"/>
      </transmission_type>
      <transmission_type transmission_type_info="0xAF">
        <service id="0xE180"/>
      </transmission_type>
    </TS_information_descriptor>
    <service service_id="0xE000" running_status="undefined">
      <partialTS_time_descriptor event_version_number="61" event_start_time="2025-04-04 18:00:00" duration="00:10:00" other_descriptor_status="false" JST_time="2025-04-04 18:08:27"/>
      <generic_descriptor tag="0x85">
        7C 70 7C 70 06 B5 FF
      </generic_descriptor>
      <service_descriptor service_type="0x01" service_provider_name="" service_name="NHK総合1・熊本"/>
      <extended_broadcaster_descriptor broadcaster_type="0x01" terrestrial_broadcaster_id="0x7C71">
        <affiliation id="0x00"/>
        <affiliation id="0x01"/>
        <broadcaster original_network_id="0x0004" broadcaster_id="0x01"/>
      </extended_broadcaster_descriptor>
      <short_event_descriptor language_code="jpn">
        <event_name>ニュース🈔🈑</event_name>
        <text></text>
      </short_event_descriptor>
      <component_descriptor stream_content="0x01" stream_content_ext="0x0F" component_type="0x03" component_tag="0x00" language_code="jpn" text=""/>
      <audio_component_descriptor stream_content="0x02" component_type="0x02" component_tag="0x10" stream_type="0x0F" main_component="true" quality_indicator="2" sampling_rate="7" ISO_639_language_code="jpn" ISO_639_language_code_2="eng" text="日本語英語"/>
      <content_descriptor>
        <content content_nibble_level_1="0" content_nibble_level_2="0" user_byte="0xFF"/>
      </content_descriptor>
      <data_content_descriptor data_component_id="0x0008" entry_component="0x30" ISO_639_language_code="jpn" text="">
        <selector_bytes>
          01 13 6A 70 6E
        </selector_bytes>
      </data_content_descriptor>
    </service>
  </selection_information_table>
  <selection_information_table version="11" current="true">
    <metadata PID="31"/>
    <partial_transport_stream_descriptor peak_rate="0x0000EA60"/>
    <ISDB_network_identifier_descriptor country_code="JPN" media_type="TB" network_id="0x7C70"/>
    <TS_information_descriptor remote_control_key_id="0x01" ts_name="ＮＨＫ総合・熊本">
      <transmission_type transmission_type_info="0x0F">
        <service id="0xE000"/>
        <service id="0xE001"/>
        <service id="0xFFF0"/>
      </transmission_type>
      <transmission_type transmission_type_info="0xAF">
        <service id="0xE180"/>
      </transmission_type>
    </TS_information_descriptor>
    <service service_id="0xE000" running_status="undefined">
      <partialTS_time_descriptor event_version_number="61" event_start_time="2025-04-04 18:00:00" duration="00:10:00" other_descriptor_status="false" JST_time="2025-04-04 18:08:29"/>
      <generic_descriptor tag="0x85">
        7C 70 7C 70 06 B5 FF
      </generic_descriptor>
      <service_descriptor service_type="0x01" service_provider_name="" service_name="NHK総合1・熊本"/>
      <extended_broadcaster_descriptor broadcaster_type="0x01" terrestrial_broadcaster_id="0x7C71">
        <affiliation id="0x00"/>
        <affiliation id="0x01"/>
        <broadcaster original_network_id="0x0004" broadcaster_id="0x01"/>
      </extended_broadcaster_descriptor>
      <short_event_descriptor language_code="jpn">
        <event_name>ニュース🈔🈑</event_name>
        <text></text>
      </short_event_descriptor>
      <component_descriptor stream_content="0x01" stream_content_ext="0x0F" component_type="0x03" component_tag="0x00" language_code="jpn" text=""/>
      <audio_component_descriptor stream_content="0x02" component_type="0x02" component_tag="0x10" stream_type="0x0F" main_component="true" quality_indicator="2" sampling_rate="7" ISO_639_language_code="jpn" ISO_639_language_code_2="eng" text="日本語英語"/>
      <content_descriptor>
        <content content_nibble_level_1="0" content_nibble_level_2="0" user_byte="0xFF"/>
      </content_descriptor>
      <data_content_descriptor data_component_id="0x0008" entry_component="0x30" ISO_639_language_code="jpn" text="">
        <selector_bytes>
          01 13 6A 70 6E
        </selector_bytes>
      </data_content_descriptor>
    </service>
  </selection_information_table>
  <selection_information_table version="12" current="true">
    <metadata PID="31"/>
    <partial_transport_stream_descriptor peak_rate="0x0000EA60"/>
    <ISDB_network_identifier_descriptor country_code="JPN" media_type="TB" network_id="0x7C70"/>
    <TS_information_descriptor remote_control_key_id="0x01" ts_name="ＮＨＫ総合・熊本">
      <transmission_type transmission_type_info="0x0F">
        <service id="0xE000"/>
        <service id="0xE001"/>
        <service id="0xFFF0"/>
      </transmission_type>
      <transmission_type transmission_type_info="0xAF">
        <service id="0xE180"/>
      </transmission_type>
    </TS_information_descriptor>
    <service service_id="0xE000" running_status="undefined">
      <partialTS_time_descriptor event_version_number="61" event_start_time="2025-04-04 18:00:00" duration="00:10:00" other_descriptor_status="false" JST_time="2025-04-04 18:08:31"/>
      <generic_descriptor tag="0x85">
        7C 70 7C 70 06 B5 FF
      </generic_descriptor>
      <service_descriptor service_type="0x01" service_provider_name="" service_name="NHK総合1・熊本"/>
      <extended_broadcaster_descriptor broadcaster_type="0x01" terrestrial_broadcaster_id="0x7C71">
        <affiliation id="0x00"/>
        <affiliation id="0x01"/>
        <broadcaster original_network_id="0x0004" broadcaster_id="0x01"/>
      </extended_broadcaster_descriptor>
      <short_event_descriptor language_code="jpn">
        <event_name>ニュース🈔🈑</event_name>
        <text></text>
      </short_event_descriptor>
      <component_descriptor stream_content="0x01" stream_content_ext="0x0F" component_type="0x03" component_tag="0x00" language_code="jpn" text=""/>
      <audio_component_descriptor stream_content="0x02" component_type="0x02" component_tag="0x10" stream_type="0x0F" main_component="true" quality_indicator="2" sampling_rate="7" ISO_639_language_code="jpn" ISO_639_language_code_2="eng" text="日本語英語"/>
      <content_descriptor>
        <content content_nibble_level_1="0" content_nibble_level_2="0" user_byte="0xFF"/>
      </content_descriptor>
      <data_content_descriptor data_component_id="0x0008" entry_component="0x30" ISO_639_language_code="jpn" text="">
        <selector_bytes>
          01 13 6A 70 6E
        </selector_bytes>
      </data_content_descriptor>
    </service>
  </selection_information_table>
  <selection_information_table version="13" current="true">
    <metadata PID="31"/>
    <partial_transport_stream_descriptor peak_rate="0x0000EA60"/>
    <ISDB_network_identifier_descriptor country_code="JPN" media_type="TB" network_id="0x7C70"/>
    <TS_information_descriptor remote_control_key_id="0x01" ts_name="ＮＨＫ総合・熊本">
      <transmission_type transmission_type_info="0x0F">
        <service id="0xE000"/>
        <service id="0xE001"/>
        <service id="0xFFF0"/>
      </transmission_type>
      <transmission_type transmission_type_info="0xAF">
        <service id="0xE180"/>
      </transmission_type>
    </TS_information_descriptor>
    <service service_id="0xE000" running_status="undefined">
      <partialTS_time_descriptor event_version_number="61" event_start_time="2025-04-04 18:00:00" duration="00:10:00" other_descriptor_status="false" JST_time="2025-04-04 18:08:34"/>
      <generic_descriptor tag="0x85">
        7C 70 7C 70 06 B5 FF
      </generic_descriptor>
      <service_descriptor service_type="0x01" service_provider_name="" service_name="NHK総合1・熊本"/>
      <extended_broadcaster_descriptor broadcaster_type="0x01" terrestrial_broadcaster_id="0x7C71">
        <affiliation id="0x00"/>
        <affiliation id="0x01"/>
        <broadcaster original_network_id="0x0004" broadcaster_id="0x01"/>
      </extended_broadcaster_descriptor>
      <short_event_descriptor language_code="jpn">
        <event_name>ニュース🈔🈑</event_name>
        <text></text>
      </short_event_descriptor>
      <component_descriptor stream_content="0x01" stream_content_ext="0x0F" component_type="0x03" component_tag="0x00" language_code="jpn" text=""/>
      <audio_component_descriptor stream_content="0x02" component_type="0x02" component_tag="0x10" stream_type="0x0F" main_component="true" quality_indicator="2" sampling_rate="7" ISO_639_language_code="jpn" ISO_639_language_code_2="eng" text="日本語英語"/>
      <content_descriptor>
        <content content_nibble_level_1="0" content_nibble_level_2="0" user_byte="0xFF"/>
      </content_descriptor>
      <data_content_descriptor data_component_id="0x0008" entry_component="0x30" ISO_639_language_code="jpn" text="">
        <selector_bytes>
          01 13 6A 70 6E
        </selector_bytes>
      </data_content_descriptor>
    </service>
  </selection_information_table>
  <selection_information_table version="14" current="true">
    <metadata PID="31"/>
    <partial_transport_stream_descriptor peak_rate="0x0000EA60"/>
    <ISDB_network_identifier_descriptor country_code="JPN" media_type="TB" network_id="0x7C70"/>
    <TS_information_descriptor remote_control_key_id="0x01" ts_name="ＮＨＫ総合・熊本">
      <transmission_type transmission_type_info="0x0F">
        <service id="0xE000"/>
        <service id="0xE001"/>
        <service id="0xFFF0"/>
      </transmission_type>
      <transmission_type transmission_type_info="0xAF">
        <service id="0xE180"/>
      </transmission_type>
    </TS_information_descriptor>
    <service service_id="0xE000" running_status="undefined">
      <partialTS_time_descriptor event_version_number="61" event_start_time="2025-04-04 18:00:00" duration="00:10:00" other_descriptor_status="false" JST_time="2025-04-04 18:08:36"/>
      <generic_descriptor tag="0x85">
        7C 70 7C 70 06 B5 FF
      </generic_descriptor>
      <service_descriptor service_type="0x01" service_provider_name="" service_name="NHK総合1・熊本"/>
      <extended_broadcaster_descriptor broadcaster_type="0x01" terrestrial_broadcaster_id="0x7C71">
        <affiliation id="0x00"/>
        <affiliation id="0x01"/>
        <broadcaster original_network_id="0x0004" broadcaster_id="0x01"/>
      </extended_broadcaster_descriptor>
      <short_event_descriptor language_code="jpn">
        <event_name>ニュース🈔🈑</event_name>
        <text></text>
      </short_event_descriptor>
      <component_descriptor stream_content="0x01" stream_content_ext="0x0F" component_type="0x03" component_tag="0x00" language_code="jpn" text=""/>
      <audio_component_descriptor stream_content="0x02" component_type="0x02" component_tag="0x10" stream_type="0x0F" main_component="true" quality_indicator="2" sampling_rate="7" ISO_639_language_code="jpn" ISO_639_language_code_2="eng" text="日本語英語"/>
      <content_descriptor>
        <content content_nibble_level_1="0" content_nibble_level_2="0" user_byte="0xFF"/>
      </content_descriptor>
      <data_content_descriptor data_component_id="0x0008" entry_component="0x30" ISO_639_language_code="jpn" text="">
        <selector_bytes>
          01 13 6A 70 6E
        </selector_bytes>
      </data_content_descriptor>
    </service>
  </selection_information_table>
  <selection_information_table version="15" current="true">
    <metadata PID="31"/>
    <partial_transport_stream_descriptor peak_rate="0x0000EA60"/>
    <ISDB_network_identifier_descriptor country_code="JPN" media_type="TB" network_id="0x7C70"/>
    <TS_information_descriptor remote_control_key_id="0x01" ts_name="ＮＨＫ総合・熊本">
      <transmission_type transmission_type_info="0x0F">
        <service id="0xE000"/>
        <service id="0xE001"/>
        <service id="0xFFF0"/>
      </transmission_type>
      <transmission_type transmission_type_info="0xAF">
        <service id="0xE180"/>
      </transmission_type>
    </TS_information_descriptor>
    <service service_id="0xE000" running_status="undefined">
      <partialTS_time_descriptor event_version_number="61" event_start_time="2025-04-04 18:00:00" duration="00:10:00" other_descriptor_status="false" JST_time="2025-04-04 18:08:38"/>
      <generic_descriptor tag="0x85">
        7C 70 7C 70 06 B5 FF
      </generic_descriptor>
      <service_descriptor service_type="0x01" service_provider_name="" service_name="NHK総合1・熊本"/>
      <extended_broadcaster_descriptor broadcaster_type="0x01" terrestrial_broadcaster_id="0x7C71">
        <affiliation id="0x00"/>
        <affiliation id="0x01"/>
        <broadcaster original_network_id="0x0004" broadcaster_id="0x01"/>
      </extended_broadcaster_descriptor>
      <short_event_descriptor language_code="jpn">
        <event_name>ニュース🈔🈑</event_name>
        <text></text>
      </short_event_descriptor>
      <component_descriptor stream_content="0x01" stream_content_ext="0x0F" component_type="0x03" component_tag="0x00" language_code="jpn" text=""/>
      <audio_component_descriptor stream_content="0x02" component_type="0x02" component_tag="0x10" stream_type="0x0F" main_component="true" quality_indicator="2" sampling_rate="7" ISO_639_language_code="jpn" ISO_639_language_code_2="eng" text="日本語英語"/>
      <content_descriptor>
        <content content_nibble_level_1="0" content_nibble_level_2="0" user_byte="0xFF"/>
      </content_descriptor>
      <data_content_descriptor data_component_id="0x0008" entry_component="0x30" ISO_639_language_code="jpn" text="">
        <selector_bytes>
          01 13 6A 70 6E
        </selector_bytes>
      </data_content_descriptor>
    </service>
  </selection_information_table>
  <selection_information_table version="16" current="true">
    <metadata PID="31"/>
    <partial_transport_stream_descriptor peak_rate="0x0000EA60"/>
    <ISDB_network_identifier_descriptor country_code="JPN" media_type="TB" network_id="0x7C70"/>
    <TS_information_descriptor remote_control_key_id="0x01" ts_name="ＮＨＫ総合・熊本">
      <transmission_type transmission_type_info="0x0F">
        <service id="0xE000"/>
        <service id="0xE001"/>
        <service id="0xFFF0"/>
      </transmission_type>
      <transmission_type transmission_type_info="0xAF">
        <service id="0xE180"/>
      </transmission_type>
    </TS_information_descriptor>
    <service service_id="0xE000" running_status="undefined">
      <partialTS_time_descriptor event_version_number="61" event_start_time="2025-04-04 18:00:00" duration="00:10:00" other_descriptor_status="false" JST_time="2025-04-04 18:08:40"/>
      <generic_descriptor tag="0x85">
        7C 70 7C 70 06 B5 FF
      </generic_descriptor>
      <service_descriptor service_type="0x01" service_provider_name="" service_name="NHK総合1・熊本"/>
      <extended_broadcaster_descriptor broadcaster_type="0x01" terrestrial_broadcaster_id="0x7C71">
        <affiliation id="0x00"/>
        <affiliation id="0x01"/>
        <broadcaster original_network_id="0x0004" broadcaster_id="0x01"/>
      </extended_broadcaster_descriptor>
      <short_event_descriptor language_code="jpn">
        <event_name>ニュース🈔🈑</event_name>
        <text></text>
      </short_event_descriptor>
      <component_descriptor stream_content="0x01" stream_content_ext="0x0F" component_type="0x03" component_tag="0x00" language_code="jpn" text=""/>
      <audio_component_descriptor stream_content="0x02" component_type="0x02" component_tag="0x10" stream_type="0x0F" main_component="true" quality_indicator="2" sampling_rate="7" ISO_639_language_code="jpn" ISO_639_language_code_2="eng" text="日本語英語"/>
      <content_descriptor>
        <content content_nibble_level_1="0" content_nibble_level_2="0" user_byte="0xFF"/>
      </content_descriptor>
      <data_content_descriptor data_component_id="0x0008" entry_component="0x30" ISO_639_language_code="jpn" text="">
        <selector_bytes>
          01 13 6A 70 6E
        </selector_bytes>
      </data_content_descriptor>
    </service>
  </selection_information_table>
  <selection_information_table version="17" current="true">
    <metadata PID="31"/>
    <partial_transport_stream_descriptor peak_rate="0x0000EA60"/>
    <ISDB_network_identifier_descriptor country_code="JPN" media_type="TB" network_id="0x7C70"/>
    <TS_information_descriptor remote_control_key_id="0x01" ts_name="ＮＨＫ総合・熊本">
      <transmission_type transmission_type_info="0x0F">
        <service id="0xE000"/>
        <service id="0xE001"/>
        <service id="0xFFF0"/>
      </transmission_type>
      <transmission_type transmission_type_info="0xAF">
        <service id="0xE180"/>
      </transmission_type>
    </TS_information_descriptor>
    <service service_id="0xE000" running_status="undefined">
      <partialTS_time_descriptor event_version_number="61" event_start_time="2025-04-04 18:00:00" duration="00:10:00" other_descriptor_status="false" JST_time="2025-04-04 18:08:42"/>
      <generic_descriptor tag="0x85">
        7C 70 7C 70 06 B5 FF
      </generic_descriptor>
      <service_descriptor service_type="0x01" service_provider_name="" service_name="NHK総合1・熊本"/>
      <extended_broadcaster_descriptor broadcaster_type="0x01" terrestrial_broadcaster_id="0x7C71">
        <affiliation id="0x00"/>
        <affiliation id="0x01"/>
        <broadcaster original_network_id="0x0004" broadcaster_id="0x01"/>
      </extended_broadcaster_descriptor>
      <short_event_descriptor language_code="jpn">
        <event_name>ニュース🈔🈑</event_name>
        <text></text>
      </short_event_descriptor>
      <component_descriptor stream_content="0x01" stream_content_ext="0x0F" component_type="0x03" component_tag="0x00" language_code="jpn" text=""/>
      <audio_component_descriptor stream_content="0x02" component_type="0x02" component_tag="0x10" stream_type="0x0F" main_component="true" quality_indicator="2" sampling_rate="7" ISO_639_language_code="jpn" ISO_639_language_code_2="eng" text="日本語英語"/>
      <content_descriptor>
        <content content_nibble_level_1="0" content_nibble_level_2="0" user_byte="0xFF"/>
      </content_descriptor>
      <data_content_descriptor data_component_id="0x0008" entry_component="0x30" ISO_639_language_code="jpn" text="">
        <selector_bytes>
          01 13 6A 70 6E
        </selector_bytes>
      </data_content_descriptor>
    </service>
  </selection_information_table>
  <selection_information_table version="18" current="true">
    <metadata PID="31"/>
    <partial_transport_stream_descriptor peak_rate="0x0000EA60"/>
    <ISDB_network_identifier_descriptor country_code="JPN" media_type="TB" network_id="0x7C70"/>
    <TS_information_descriptor remote_control_key_id="0x01" ts_name="ＮＨＫ総合・熊本">
      <transmission_type transmission_type_info="0x0F">
        <service id="0xE000"/>
        <service id="0xE001"/>
        <service id="0xFFF0"/>
      </transmission_type>
      <transmission_type transmission_type_info="0xAF">
        <service id="0xE180"/>
      </transmission_type>
    </TS_information_descriptor>
    <service service_id="0xE000" running_status="undefined">
      <partialTS_time_descriptor event_version_number="61" event_start_time="2025-04-04 18:00:00" duration="00:10:00" other_descriptor_status="false" JST_time="2025-04-04 18:08:44"/>
      <generic_descriptor tag="0x85">
        7C 70 7C 70 06 B5 FF
      </generic_descriptor>
      <service_descriptor service_type="0x01" service_provider_name="" service_name="NHK総合1・熊本"/>
      <extended_broadcaster_descriptor broadcaster_type="0x01" terrestrial_broadcaster_id="0x7C71">
        <affiliation id="0x00"/>
        <affiliation id="0x01"/>
        <broadcaster original_network_id="0x0004" broadcaster_id="0x01"/>
      </extended_broadcaster_descriptor>
      <short_event_descriptor language_code="jpn">
        <event_name>ニュース🈔🈑</event_name>
        <text></text>
      </short_event_descriptor>
      <component_descriptor stream_content="0x01" stream_content_ext="0x0F" component_type="0x03" component_tag="0x00" language_code="jpn" text=""/>
      <audio_component_descriptor stream_content="0x02" component_type="0x02" component_tag="0x10" stream_type="0x0F" main_component="true" quality_indicator="2" sampling_rate="7" ISO_639_language_code="jpn" ISO_639_language_code_2="eng" text="日本語英語"/>
      <content_descriptor>
        <content content_nibble_level_1="0" content_nibble_level_2="0" user_byte="0xFF"/>
      </content_descriptor>
      <data_content_descriptor data_component_id="0x0008" entry_component="0x30" ISO_639_language_code="jpn" text="">
        <selector_bytes>
          01 13 6A 70 6E
        </selector_bytes>
      </data_content_descriptor>
    </service>
  </selection_information_table>
  <selection_information_table version="19" current="true">
    <metadata PID="31"/>
    <partial_transport_stream_descriptor peak_rate="0x0000EA60"/>
    <ISDB_network_identifier_descriptor country_code="JPN" media_type="TB" network_id="0x7C70"/>
    <TS_information_descriptor remote_control_key_id="0x01" ts_name="ＮＨＫ総合・熊本">
      <transmission_type transmission_type_info="0x0F">
        <service id="0xE000"/>
        <service id="0xE001"/>
        <service id="0xFFF0"/>
      </transmission_type>
      <transmission_type transmission_type_info="0xAF">
        <service id="0xE180"/>
      </transmission_type>
    </TS_information_descriptor>
    <service service_id="0xE000" running_status="undefined">
      <partialTS_time_descriptor event_version_number="61" event_start_time="2025-04-04 18:00:00" duration="00:10:00" other_descriptor_status="false" JST_time="2025-04-04 18:08:46"/>
      <generic_descriptor tag="0x85">
        7C 70 7C 70 06 B5 FF
      </generic_descriptor>
      <service_descriptor service_type="0x01" service_provider_name="" service_name="NHK総合1・熊本"/>
      <extended_broadcaster_descriptor broadcaster_type="0x01" terrestrial_broadcaster_id="0x7C71">
        <affiliation id="0x00"/>
        <affiliation id="0x01"/>
        <broadcaster original_network_id="0x0004" broadcaster_id="0x01"/>
      </extended_broadcaster_descriptor>
      <short_event_descriptor language_code="jpn">
        <event_name>ニュース🈔🈑</event_name>
        <text></text>
      </short_event_descriptor>
      <component_descriptor stream_content="0x01" stream_content_ext="0x0F" component_type="0x03" component_tag="0x00" language_code="jpn" text=""/>
      <audio_component_descriptor stream_content="0x02" component_type="0x02" component_tag="0x10" stream_type="0x0F" main_component="true" quality_indicator="2" sampling_rate="7" ISO_639_language_code="jpn" ISO_639_language_code_2="eng" text="日本語英語"/>
      <content_descriptor>
        <content content_nibble_level_1="0" content_nibble_level_2="0" user_byte="0xFF"/>
      </content_descriptor>
      <data_content_descriptor data_component_id="0x0008" entry_component="0x30" ISO_639_language_code="jpn" text="">
        <selector_bytes>
          01 13 6A 70 6E
        </selector_bytes>
      </data_content_descriptor>
    </service>
  </selection_information_table>
  <selection_information_table version="20" current="true">
    <metadata PID="31"/>
    <partial_transport_stream_descriptor peak_rate="0x0000EA60"/>
    <ISDB_network_identifier_descriptor country_code="JPN" media_type="TB" network_id="0x7C70"/>
    <TS_information_descriptor remote_control_key_id="0x01" ts_name="ＮＨＫ総合・熊本">
      <transmission_type transmission_type_info="0x0F">
        <service id="0xE000"/>
        <service id="0xE001"/>
        <service id="0xFFF0"/>
      </transmission_type>
      <transmission_type transmission_type_info="0xAF">
        <service id="0xE180"/>
      </transmission_type>
    </TS_information_descriptor>
    <service service_id="0xE000" running_status="undefined">
      <partialTS_time_descriptor event_version_number="61" event_start_time="2025-04-04 18:00:00" duration="00:10:00" other_descriptor_status="false" JST_time="2025-04-04 18:08:48"/>
      <generic_descriptor tag="0x85">
        7C 70 7C 70 06 B5 FF
      </generic_descriptor>
      <service_descriptor service_type="0x01" service_provider_name="" service_name="NHK総合1・熊本"/>
      <extended_broadcaster_descriptor broadcaster_type="0x01" terrestrial_broadcaster_id="0x7C71">
        <affiliation id="0x00"/>
        <affiliation id="0x01"/>
        <broadcaster original_network_id="0x0004" broadcaster_id="0x01"/>
      </extended_broadcaster_descriptor>
      <short_event_descriptor language_code="jpn">
        <event_name>ニュース🈔🈑</event_name>
        <text></text>
      </short_event_descriptor>
      <component_descriptor stream_content="0x01" stream_content_ext="0x0F" component_type="0x03" component_tag="0x00" language_code="jpn" text=""/>
      <audio_component_descriptor stream_content="0x02" component_type="0x02" component_tag="0x10" stream_type="0x0F" main_component="true" quality_indicator="2" sampling_rate="7" ISO_639_language_code="jpn" ISO_639_language_code_2="eng" text="日本語英語"/>
      <content_descriptor>
        <content content_nibble_level_1="0" content_nibble_level_2="0" user_byte="0xFF"/>
      </content_descriptor>
      <data_content_descriptor data_component_id="0x0008" entry_component="0x30" ISO_639_language_code="jpn" text="">
        <selector_bytes>
          01 13 6A 70 6E
        </selector_bytes>
      </data_content_descriptor>
    </service>
  </selection_information_table>
  <selection_information_table version="21" current="true">
    <metadata PID="31"/>
    <partial_transport_stream_descriptor peak_rate="0x0000EA60"/>
    <ISDB_network_identifier_descriptor country_code="JPN" media_type="TB" network_id="0x7C70"/>
    <TS_information_descriptor remote_control_key_id="0x01" ts_name="ＮＨＫ総合・熊本">
      <transmission_type transmission_type_info="0x0F">
        <service id="0xE000"/>
        <service id="0xE001"/>
        <service id="0xFFF0"/>
      </transmission_type>
      <transmission_type transmission_type_info="0xAF">
        <service id="0xE180"/>
      </transmission_type>
    </TS_information_descriptor>
    <service service_id="0xE000" running_status="undefined">
      <partialTS_time_descriptor event_version_number="61" event_start_time="2025-04-04 18:00:00" duration="00:10:00" other_descriptor_status="false" JST_time="2025-04-04 18:08:50"/>
      <generic_descriptor tag="0x85">
        7C 70 7C 70 06 B5 FF
      </generic_descriptor>
      <service_descriptor service_type="0x01" service_provider_name="" service_name="NHK総合1・熊本"/>
      <extended_broadcaster_descriptor broadcaster_type="0x01" terrestrial_broadcaster_id="0x7C71">
        <affiliation id="0x00"/>
        <affiliation id="0x01"/>
        <broadcaster original_network_id="0x0004" broadcaster_id="0x01"/>
      </extended_broadcaster_descriptor>
      <short_event_descriptor language_code="jpn">
        <event_name>ニュース🈔🈑</event_name>
        <text></text>
      </short_event_descriptor>
      <component_descriptor stream_content="0x01" stream_content_ext="0x0F" component_type="0x03" component_tag="0x00" language_code="jpn" text=""/>
      <audio_component_descriptor stream_content="0x02" component_type="0x02" component_tag="0x10" stream_type="0x0F" main_component="true" quality_indicator="2" sampling_rate="7" ISO_639_language_code="jpn" ISO_639_language_code_2="eng" text="日本語英語"/>
      <content_descriptor>
        <content content_nibble_level_1="0" content_nibble_level_2="0" user_byte="0xFF"/>
      </content_descriptor>
      <data_content_descriptor data_component_id="0x0008" entry_component="0x30" ISO_639_language_code="jpn" text="">
        <selector_bytes>
          01 13 6A 70 6E
        </selector_bytes>
      </data_content_descriptor>
    </service>
  </selection_information_table>
  <selection_information_table version="22" current="true">
    <metadata PID="31"/>
    <partial_transport_stream_descriptor peak_rate="0x0000EA60"/>
    <ISDB_network_identifier_descriptor country_code="JPN" media_type="TB" network_id="0x7C70"/>
    <TS_information_descriptor remote_control_key_id="0x01" ts_name="ＮＨＫ総合・熊本">
      <transmission_type transmission_type_info="0x0F">
        <service id="0xE000"/>
        <service id="0xE001"/>
        <service id="0xFFF0"/>
      </transmission_type>
      <transmission_type transmission_type_info="0xAF">
        <service id="0xE180"/>
      </transmission_type>
    </TS_information_descriptor>
    <service service_id="0xE000" running_status="undefined">
      <partialTS_time_descriptor event_version_number="61" event_start_time="2025-04-04 18:00:00" duration="00:10:00" other_descriptor_status="false" JST_time="2025-04-04 18:08:52"/>
      <generic_descriptor tag="0x85">
        7C 70 7C 70 06 B5 FF
      </generic_descriptor>
      <service_descriptor service_type="0x01" service_provider_name="" service_name="NHK総合1・熊本"/>
      <extended_broadcaster_descriptor broadcaster_type="0x01" terrestrial_broadcaster_id="0x7C71">
        <affiliation id="0x00"/>
        <affiliation id="0x01"/>
        <broadcaster original_network_id="0x0004" broadcaster_id="0x01"/>
      </extended_broadcaster_descriptor>
      <short_event_descriptor language_code="jpn">
        <event_name>ニュース🈔🈑</event_name>
        <text></text>
      </short_event_descriptor>
      <component_descriptor stream_content="0x01" stream_content_ext="0x0F" component_type="0x03" component_tag="0x00" language_code="jpn" text=""/>
      <audio_component_descriptor stream_content="0x02" component_type="0x02" component_tag="0x10" stream_type="0x0F" main_component="true" quality_indicator="2" sampling_rate="7" ISO_639_language_code="jpn" ISO_639_language_code_2="eng" text="日本語英語"/>
      <content_descriptor>
        <content content_nibble_level_1="0" content_nibble_level_2="0" user_byte="0xFF"/>
      </content_descriptor>
      <data_content_descriptor data_component_id="0x0008" entry_component="0x30" ISO_639_language_code="jpn" text="">
        <selector_bytes>
          01 13 6A 70 6E
        </selector_bytes>
      </data_content_descriptor>
    </service>
  </selection_information_table>
  <selection_information_table version="23" current="true">
    <metadata PID="31"/>
    <partial_transport_stream_descriptor peak_rate="0x0000EA60"/>
    <ISDB_network_identifier_descriptor country_code="JPN" media_type="TB" network_id="0x7C70"/>
    <TS_information_descriptor remote_control_key_id="0x01" ts_name="ＮＨＫ総合・熊本">
      <transmission_type transmission_type_info="0x0F">
        <service id="0xE000"/>
        <service id="0xE001"/>
        <service id="0xFFF0"/>
      </transmission_type>
      <transmission_type transmission_type_info="0xAF">
        <service id="0xE180"/>
      </transmission_type>
    </TS_information_descriptor>
    <service service_id="0xE000" running_status="undefined">
      <partialTS_time_descriptor event_version_number="61" event_start_time="2025-04-04 18:00:00" duration="00:10:00" other_descriptor_status="false" JST_time="2025-04-04 18:08:55"/>
      <generic_descriptor tag="0x85">
        7C 70 7C 70 06 B5 FF
      </generic_descriptor>
      <service_descriptor service_type="0x01" service_provider_name="" service_name="NHK総合1・熊本"/>
      <extended_broadcaster_descriptor broadcaster_type="0x01" terrestrial_broadcaster_id="0x7C71">
        <affiliation id="0x00"/>
        <affiliation id="0x01"/>
        <broadcaster original_network_id="0x0004" broadcaster_id="0x01"/>
      </extended_broadcaster_descriptor>
      <short_event_descriptor language_code="jpn">
        <event_name>ニュース🈔🈑</event_name>
        <text></text>
      </short_event_descriptor>
      <component_descriptor stream_content="0x01" stream_content_ext="0x0F" component_type="0x03" component_tag="0x00" language_code="jpn" text=""/>
      <audio_component_descriptor stream_content="0x02" component_type="0x02" component_tag="0x10" stream_type="0x0F" main_component="true" quality_indicator="2" sampling_rate="7" ISO_639_language_code="jpn" ISO_639_language_code_2="eng" text="日本語英語"/>
      <content_descriptor>
        <content content_nibble_level_1="0" content_nibble_level_2="0" user_byte="0xFF"/>
      </content_descriptor>
      <data_content_descriptor data_component_id="0x0008" entry_component="0x30" ISO_639_language_code="jpn" text="">
        <selector_bytes>
          01 13 6A 70 6E
        </selector_bytes>
      </data_content_descriptor>
    </service>
  </selection_information_table>
  <selection_information_table version="24" current="true">
    <metadata PID="31"/>
    <partial_transport_stream_descriptor peak_rate="0x0000EA60"/>
    <ISDB_network_identifier_descriptor country_code="JPN" media_type="TB" network_id="0x7C70"/>
    <TS_information_descriptor remote_control_key_id="0x01" ts_name="ＮＨＫ総合・熊本">
      <transmission_type transmission_type_info="0x0F">
        <service id="0xE000"/>
        <service id="0xE001"/>
        <service id="0xFFF0"/>
      </transmission_type>
      <transmission_type transmission_type_info="0xAF">
        <service id="0xE180"/>
      </transmission_type>
    </TS_information_descriptor>
    <service service_id="0xE000" running_status="undefined">
      <partialTS_time_descriptor event_version_number="61" event_start_time="2025-04-04 18:00:00" duration="00:10:00" other_descriptor_status="false" JST_time="2025-04-04 18:08:57"/>
      <generic_descriptor tag="0x85">
        7C 70 7C 70 06 B5 FF
      </generic_descriptor>
      <service_descriptor service_type="0x01" service_provider_name="" service_name="NHK総合1・熊本"/>
      <extended_broadcaster_descriptor broadcaster_type="0x01" terrestrial_broadcaster_id="0x7C71">
        <affiliation id="0x00"/>
        <affiliation id="0x01"/>
        <broadcaster original_network_id="0x0004" broadcaster_id="0x01"/>
      </extended_broadcaster_descriptor>
      <short_event_descriptor language_code="jpn">
        <event_name>ニュース🈔🈑</event_name>
        <text></text>
      </short_event_descriptor>
      <component_descriptor stream_content="0x01" stream_content_ext="0x0F" component_type="0x03" component_tag="0x00" language_code="jpn" text=""/>
      <audio_component_descriptor stream_content="0x02" component_type="0x02" component_tag="0x10" stream_type="0x0F" main_component="true" quality_indicator="2" sampling_rate="7" ISO_639_language_code="jpn" ISO_639_language_code_2="eng" text="日本語英語"/>
      <content_descriptor>
        <content content_nibble_level_1="0" content_nibble_level_2="0" user_byte="0xFF"/>
      </content_descriptor>
      <data_content_descriptor data_component_id="0x0008" entry_component="0x30" ISO_639_language_code="jpn" text="">
        <selector_bytes>
          01 13 6A 70 6E
        </selector_bytes>
      </data_content_descriptor>
    </service>
  </selection_information_table>
  <selection_information_table version="25" current="true">
    <metadata PID="31"/>
    <partial_transport_stream_descriptor peak_rate="0x0000EA60"/>
    <ISDB_network_identifier_descriptor country_code="JPN" media_type="TB" network_id="0x7C70"/>
    <TS_information_descriptor remote_control_key_id="0x01" ts_name="ＮＨＫ総合・熊本">
      <transmission_type transmission_type_info="0x0F">
        <service id="0xE000"/>
        <service id="0xE001"/>
        <service id="0xFFF0"/>
      </transmission_type>
      <transmission_type transmission_type_info="0xAF">
        <service id="0xE180"/>
      </transmission_type>
    </TS_information_descriptor>
    <service service_id="0xE000" running_status="undefined">
      <partialTS_time_descriptor event_version_number="61" event_start_time="2025-04-04 18:00:00" duration="00:10:00" other_descriptor_status="false" JST_time="2025-04-04 18:08:59"/>
      <generic_descriptor tag="0x85">
        7C 70 7C 70 06 B5 FF
      </generic_descriptor>
      <service_descriptor service_type="0x01" service_provider_name="" service_name="NHK総合1・熊本"/>
      <extended_broadcaster_descriptor broadcaster_type="0x01" terrestrial_broadcaster_id="0x7C71">
        <affiliation id="0x00"/>
        <affiliation id="0x01"/>
        <broadcaster original_network_id="0x0004" broadcaster_id="0x01"/>
      </extended_broadcaster_descriptor>
      <short_event_descriptor language_code="jpn">
        <event_name>ニュース🈔🈑</event_name>
        <text></text>
      </short_event_descriptor>
      <component_descriptor stream_content="0x01" stream_content_ext="0x0F" component_type="0x03" component_tag="0x00" language_code="jpn" text=""/>
      <audio_component_descriptor stream_content="0x02" component_type="0x02" component_tag="0x10" stream_type="0x0F" main_component="true" quality_indicator="2" sampling_rate="7" ISO_639_language_code="jpn" ISO_639_language_code_2="eng" text="日本語英語"/>
      <content_descriptor>
        <content content_nibble_level_1="0" content_nibble_level_2="0" user_byte="0xFF"/>
      </content_descriptor>
      <data_content_descriptor data_component_id="0x0008" entry_component="0x30" ISO_639_language_code="jpn" text="">
        <selector_bytes>
          01 13 6A 70 6E
        </selector_bytes>
      </data_content_descriptor>
    </service>
  </selection_information_table>
  <selection_information_table version="26" current="true">
    <metadata PID="31"/>
    <partial_transport_stream_descriptor peak_rate="0x0000EA60"/>
    <ISDB_network_identifier_descriptor country_code="JPN" media_type="TB" network_id="0x7C70"/>
    <TS_information_descriptor remote_control_key_id="0x01" ts_name="ＮＨＫ総合・熊本">
      <transmission_type transmission_type_info="0x0F">
        <service id="0xE000"/>
        <service id="0xE001"/>
        <service id="0xFFF0"/>
      </transmission_type>
      <transmission_type transmission_type_info="0xAF">
        <service id="0xE180"/>
      </transmission_type>
    </TS_information_descriptor>
    <service service_id="0xE000" running_status="undefined">
      <partialTS_time_descriptor event_version_number="61" event_start_time="2025-04-04 18:00:00" duration="00:10:00" other_descriptor_status="false" JST_time="2025-04-04 18:09:01"/>
      <generic_descriptor tag="0x85">
        7C 70 7C 70 06 B5 FF
      </generic_descriptor>
      <service_descriptor service_type="0x01" service_provider_name="" service_name="NHK総合1・熊本"/>
      <extended_broadcaster_descriptor broadcaster_type="0x01" terrestrial_broadcaster_id="0x7C71">
        <affiliation id="0x00"/>
        <affiliation id="0x01"/>
        <broadcaster original_network_id="0x0004" broadcaster_id="0x01"/>
      </extended_broadcaster_descriptor>
      <short_event_descriptor language_code="jpn">
        <event_name>ニュース🈔🈑</event_name>
        <text></text>
      </short_event_descriptor>
      <component_descriptor stream_content="0x01" stream_content_ext="0x0F" component_type="0x03" component_tag="0x00" language_code="jpn" text=""/>
      <audio_component_descriptor stream_content="0x02" component_type="0x02" component_tag="0x10" stream_type="0x0F" main_component="true" quality_indicator="2" sampling_rate="7" ISO_639_language_code="jpn" ISO_639_language_code_2="eng" text="日本語英語"/>
      <content_descriptor>
        <content content_nibble_level_1="0" content_nibble_level_2="0" user_byte="0xFF"/>
      </content_descriptor>
      <data_content_descriptor data_component_id="0x0008" entry_component="0x30" ISO_639_language_code="jpn" text="">
        <selector_bytes>
          01 13 6A 70 6E
        </selector_bytes>
      </data_content_descriptor>
    </service>
  </selection_information_table>
  <selection_information_table version="27" current="true">
    <metadata PID="31"/>
    <partial_transport_stream_descriptor peak_rate="0x0000EA60"/>
    <ISDB_network_identifier_descriptor country_code="JPN" media_type="TB" network_id="0x7C70"/>
    <TS_information_descriptor remote_control_key_id="0x01" ts_name="ＮＨＫ総合・熊本">
      <transmission_type transmission_type_info="0x0F">
        <service id="0xE000"/>
        <service id="0xE001"/>
        <service id="0xFFF0"/>
      </transmission_type>
      <transmission_type transmission_type_info="0xAF">
        <service id="0xE180"/>
      </transmission_type>
    </TS_information_descriptor>
    <service service_id="0xE000" running_status="undefined">
      <partialTS_time_descriptor event_version_number="61" event_start_time="2025-04-04 18:00:00" duration="00:10:00" other_descriptor_status="false" JST_time="2025-04-04 18:09:03"/>
      <generic_descriptor tag="0x85">
        7C 70 7C 70 06 B5 FF
      </generic_descriptor>
      <service_descriptor service_type="0x01" service_provider_name="" service_name="NHK総合1・熊本"/>
      <extended_broadcaster_descriptor broadcaster_type="0x01" terrestrial_broadcaster_id="0x7C71">
        <affiliation id="0x00"/>
        <affiliation id="0x01"/>
        <broadcaster original_network_id="0x0004" broadcaster_id="0x01"/>
      </extended_broadcaster_descriptor>
      <short_event_descriptor language_code="jpn">
        <event_name>ニュース🈔🈑</event_name>
        <text></text>
      </short_event_descriptor>
      <component_descriptor stream_content="0x01" stream_content_ext="0x0F" component_type="0x03" component_tag="0x00" language_code="jpn" text=""/>
      <audio_component_descriptor stream_content="0x02" component_type="0x02" component_tag="0x10" stream_type="0x0F" main_component="true" quality_indicator="2" sampling_rate="7" ISO_639_language_code="jpn" ISO_639_language_code_2="eng" text="日本語英語"/>
      <content_descriptor>
        <content content_nibble_level_1="0" content_nibble_level_2="0" user_byte="0xFF"/>
      </content_descriptor>
      <data_content_descriptor data_component_id="0x0008" entry_component="0x30" ISO_639_language_code="jpn" text="">
        <selector_bytes>
          01 13 6A 70 6E
        </selector_bytes>
      </data_content_descriptor>
    </service>
  </selection_information_table>
  <selection_information_table version="28" current="true">
    <metadata PID="31"/>
    <partial_transport_stream_descriptor peak_rate="0x0000EA60"/>
    <ISDB_network_identifier_descriptor country_code="JPN" media_type="TB" network_id="0x7C70"/>
    <TS_information_descriptor remote_control_key_id="0x01" ts_name="ＮＨＫ総合・熊本">
      <transmission_type transmission_type_info="0x0F">
        <service id="0xE000"/>
        <service id="0xE001"/>
        <service id="0xFFF0"/>
      </transmission_type>
      <transmission_type transmission_type_info="0xAF">
        <service id="0xE180"/>
      </transmission_type>
    </TS_information_descriptor>
    <service service_id="0xE000" running_status="undefined">
      <partialTS_time_descriptor event_version_number="61" event_start_time="2025-04-04 18:00:00" duration="00:10:00" other_descriptor_status="false" JST_time="2025-04-04 18:09:05"/>
      <generic_descriptor tag="0x85">
        7C 70 7C 70 06 B5 FF
      </generic_descriptor>
      <service_descriptor service_type="0x01" service_provider_name="" service_name="NHK総合1・熊本"/>
      <extended_broadcaster_descriptor broadcaster_type="0x01" terrestrial_broadcaster_id="0x7C71">
        <affiliation id="0x00"/>
        <affiliation id="0x01"/>
        <broadcaster original_network_id="0x0004" broadcaster_id="0x01"/>
      </extended_broadcaster_descriptor>
      <short_event_descriptor language_code="jpn">
        <event_name>ニュース🈔🈑</event_name>
        <text></text>
      </short_event_descriptor>
      <component_descriptor stream_content="0x01" stream_content_ext="0x0F" component_type="0x03" component_tag="0x00" language_code="jpn" text=""/>
      <audio_component_descriptor stream_content="0x02" component_type="0x02" component_tag="0x10" stream_type="0x0F" main_component="true" quality_indicator="2" sampling_rate="7" ISO_639_language_code="jpn" ISO_639_language_code_2="eng" text="日本語英語"/>
      <content_descriptor>
        <content content_nibble_level_1="0" content_nibble_level_2="0" user_byte="0xFF"/>
      </content_descriptor>
      <data_content_descriptor data_component_id="0x0008" entry_component="0x30" ISO_639_language_code="jpn" text="">
        <selector_bytes>
          01 13 6A 70 6E
        </selector_bytes>
      </data_content_descriptor>
    </service>
  </selection_information_table>
  <selection_information_table version="29" current="true">
    <metadata PID="31"/>
    <partial_transport_stream_descriptor peak_rate="0x0000EA60"/>
    <ISDB_network_identifier_descriptor country_code="JPN" media_type="TB" network_id="0x7C70"/>
    <TS_information_descriptor remote_control_key_id="0x01" ts_name="ＮＨＫ総合・熊本">
      <transmission_type transmission_type_info="0x0F">
        <service id="0xE000"/>
        <service id="0xE001"/>
        <service id="0xFFF0"/>
      </transmission_type>
      <transmission_type transmission_type_info="0xAF">
        <service id="0xE180"/>
      </transmission_type>
    </TS_information_descriptor>
    <service service_id="0xE000" running_status="undefined">
      <partialTS_time_descriptor event_version_number="61" event_start_time="2025-04-04 18:00:00" duration="00:10:00" other_descriptor_status="false" JST_time="2025-04-04 18:09:07"/>
      <generic_descriptor tag="0x85">
        7C 70 7C 70 06 B5 FF
      </generic_descriptor>
      <service_descriptor service_type="0x01" service_provider_name="" service_name="NHK総合1・熊本"/>
      <extended_broadcaster_descriptor broadcaster_type="0x01" terrestrial_broadcaster_id="0x7C71">
        <affiliation id="0x00"/>
        <affiliation id="0x01"/>
        <broadcaster original_network_id="0x0004" broadcaster_id="0x01"/>
      </extended_broadcaster_descriptor>
      <short_event_descriptor language_code="jpn">
        <event_name>ニュース🈔🈑</event_name>
        <text></text>
      </short_event_descriptor>
      <component_descriptor stream_content="0x01" stream_content_ext="0x0F" component_type="0x03" component_tag="0x00" language_code="jpn" text=""/>
      <audio_component_descriptor stream_content="0x02" component_type="0x02" component_tag="0x10" stream_type="0x0F" main_component="true" quality_indicator="2" sampling_rate="7" ISO_639_language_code="jpn" ISO_639_language_code_2="eng" text="日本語英語"/>
      <content_descriptor>
        <content content_nibble_level_1="0" content_nibble_level_2="0" user_byte="0xFF"/>
      </content_descriptor>
      <data_content_descriptor data_component_id="0x0008" entry_component="0x30" ISO_639_language_code="jpn" text="">
        <selector_bytes>
          01 13 6A 70 6E
        </selector_bytes>
      </data_content_descriptor>
    </service>
  </selection_information_table>
  <selection_information_table version="30" current="true">
    <metadata PID="31"/>
    <partial_transport_stream_descriptor peak_rate="0x0000EA60"/>
    <ISDB_network_identifier_descriptor country_code="JPN" media_type="TB" network_id="0x7C70"/>
    <TS_information_descriptor remote_control_key_id="0x01" ts_name="ＮＨＫ総合・熊本">
      <transmission_type transmission_type_info="0x0F">
        <service id="0xE000"/>
        <service id="0xE001"/>
        <service id="0xFFF0"/>
      </transmission_type>
      <transmission_type transmission_type_info="0xAF">
        <service id="0xE180"/>
      </transmission_type>
    </TS_information_descriptor>
    <service service_id="0xE000" running_status="undefined">
      <partialTS_time_descriptor event_version_number="61" event_start_time="2025-04-04 18:00:00" duration="00:10:00" other_descriptor_status="false" JST_time="2025-04-04 18:09:09"/>
      <generic_descriptor tag="0x85">
        7C 70 7C 70 06 B5 FF
      </generic_descriptor>
      <service_descriptor service_type="0x01" service_provider_name="" service_name="NHK総合1・熊本"/>
      <extended_broadcaster_descriptor broadcaster_type="0x01" terrestrial_broadcaster_id="0x7C71">
        <affiliation id="0x00"/>
        <affiliation id="0x01"/>
        <broadcaster original_network_id="0x0004" broadcaster_id="0x01"/>
      </extended_broadcaster_descriptor>
      <short_event_descriptor language_code="jpn">
        <event_name>ニュース🈔🈑</event_name>
        <text></text>
      </short_event_descriptor>
      <component_descriptor stream_content="0x01" stream_content_ext="0x0F" component_type="0x03" component_tag="0x00" language_code="jpn" text=""/>
      <audio_component_descriptor stream_content="0x02" component_type="0x02" component_tag="0x10" stream_type="0x0F" main_component="true" quality_indicator="2" sampling_rate="7" ISO_639_language_code="jpn" ISO_639_language_code_2="eng" text="日本語英語"/>
      <content_descriptor>
        <content content_nibble_level_1="0" content_nibble_level_2="0" user_byte="0xFF"/>
      </content_descriptor>
      <data_content_descriptor data_component_id="0x0008" entry_component="0x30" ISO_639_language_code="jpn" text="">
        <selector_bytes>
          01 13 6A 70 6E
        </selector_bytes>
      </data_content_descriptor>
    </service>
  </selection_information_table>
  <selection_information_table version="31" current="true">
    <metadata PID="31"/>
    <partial_transport_stream_descriptor peak_rate="0x0000EA60"/>
    <ISDB_network_identifier_descriptor country_code="JPN" media_type="TB" network_id="0x7C70"/>
    <TS_information_descriptor remote_control_key_id="0x01" ts_name="ＮＨＫ総合・熊本">
      <transmission_type transmission_type_info="0x0F">
        <service id="0xE000"/>
        <service id="0xE001"/>
        <service id="0xFFF0"/>
      </transmission_type>
      <transmission_type transmission_type_info="0xAF">
        <service id="0xE180"/>
      </transmission_type>
    </TS_information_descriptor>
    <service service_id="0xE000" running_status="undefined">
      <partialTS_time_descriptor event_version_number="61" event_start_time="2025-04-04 18:00:00" duration="00:10:00" other_descriptor_status="false" JST_time="2025-04-04 18:09:11"/>
      <generic_descriptor tag="0x85">
        7C 70 7C 70 06 B5 FF
      </generic_descriptor>
      <service_descriptor service_type="0x01" service_provider_name="" service_name="NHK総合1・熊本"/>
      <extended_broadcaster_descriptor broadcaster_type="0x01" terrestrial_broadcaster_id="0x7C71">
        <affiliation id="0x00"/>
        <affiliation id="0x01"/>
        <broadcaster original_network_id="0x0004" broadcaster_id="0x01"/>
      </extended_broadcaster_descriptor>
      <short_event_descriptor language_code="jpn">
        <event_name>ニュース🈔🈑</event_name>
        <text></text>
      </short_event_descriptor>
      <component_descriptor stream_content="0x01" stream_content_ext="0x0F" component_type="0x03" component_tag="0x00" language_code="jpn" text=""/>
      <audio_component_descriptor stream_content="0x02" component_type="0x02" component_tag="0x10" stream_type="0x0F" main_component="true" quality_indicator="2" sampling_rate="7" ISO_639_language_code="jpn" ISO_639_language_code_2="eng" text="日本語英語"/>
      <content_descriptor>
        <content content_nibble_level_1="0" content_nibble_level_2="0" user_byte="0xFF"/>
      </content_descriptor>
      <data_content_descriptor data_component_id="0x0008" entry_component="0x30" ISO_639_language_code="jpn" text="">
        <selector_bytes>
          01 13 6A 70 6E
        </selector_bytes>
      </data_content_descriptor>
    </service>
  </selection_information_table>
  <selection_information_table version="0" current="true">
    <metadata PID="31"/>
    <partial_transport_stream_descriptor peak_rate="0x0000EA60"/>
    <ISDB_network_identifier_descriptor country_code="JPN" media_type="TB" network_id="0x7C70"/>
    <TS_information_descriptor remote_control_key_id="0x01" ts_name="ＮＨＫ総合・熊本">
      <transmission_type transmission_type_info="0x0F">
        <service id="0xE000"/>
        <service id="0xE001"/>
        <service id="0xFFF0"/>
      </transmission_type>
      <transmission_type transmission_type_info="0xAF">
        <service id="0xE180"/>
      </transmission_type>
    </TS_information_descriptor>
    <service service_id="0xE000" running_status="undefined">
      <partialTS_time_descriptor event_version_number="61" event_start_time="2025-04-04 18:00:00" duration="00:10:00" other_descriptor_status="false" JST_time="2025-04-04 18:09:13"/>
      <generic_descriptor tag="0x85">
        7C 70 7C 70 06 B5 FF
      </generic_descriptor>
      <service_descriptor service_type="0x01" service_provider_name="" service_name="NHK総合1・熊本"/>
      <extended_broadcaster_descriptor broadcaster_type="0x01" terrestrial_broadcaster_id="0x7C71">
        <affiliation id="0x00"/>
        <affiliation id="0x01"/>
        <broadcaster original_network_id="0x0004" broadcaster_id="0x01"/>
      </extended_broadcaster_descriptor>
      <short_event_descriptor language_code="jpn">
        <event_name>ニュース🈔🈑</event_name>
        <text></text>
      </short_event_descriptor>
      <component_descriptor stream_content="0x01" stream_content_ext="0x0F" component_type="0x03" component_tag="0x00" language_code="jpn" text=""/>
      <audio_component_descriptor stream_content="0x02" component_type="0x02" component_tag="0x10" stream_type="0x0F" main_component="true" quality_indicator="2" sampling_rate="7" ISO_639_language_code="jpn" ISO_639_language_code_2="eng" text="日本語英語"/>
      <content_descriptor>
        <content content_nibble_level_1="0" content_nibble_level_2="0" user_byte="0xFF"/>
      </content_descriptor>
      <data_content_descriptor data_component_id="0x0008" entry_component="0x30" ISO_639_language_code="jpn" text="">
        <selector_bytes>
          01 13 6A 70 6E
        </selector_bytes>
      </data_content_descriptor>
    </service>
  </selection_information_table>
  <selection_information_table version="1" current="true">
    <metadata PID="31"/>
    <partial_transport_stream_descriptor peak_rate="0x0000EA60"/>
    <ISDB_network_identifier_descriptor country_code="JPN" media_type="TB" network_id="0x7C70"/>
    <TS_information_descriptor remote_control_key_id="0x01" ts_name="ＮＨＫ総合・熊本">
      <transmission_type transmission_type_info="0x0F">
        <service id="0xE000"/>
        <service id="0xE001"/>
        <service id="0xFFF0"/>
      </transmission_type>
      <transmission_type transmission_type_info="0xAF">
        <service id="0xE180"/>
      </transmission_type>
    </TS_information_descriptor>
    <service service_id="0xE000" running_status="undefined">
      <partialTS_time_descriptor event_version_number="61" event_start_time="2025-04-04 18:00:00" duration="00:10:00" other_descriptor_status="false" JST_time="2025-04-04 18:09:16"/>
      <generic_descriptor tag="0x85">
        7C 70 7C 70 06 B5 FF
      </generic_descriptor>
      <service_descriptor service_type="0x01" service_provider_name="" service_name="NHK総合1・熊本"/>
      <extended_broadcaster_descriptor broadcaster_type="0x01" terrestrial_broadcaster_id="0x7C71">
        <affiliation id="0x00"/>
        <affiliation id="0x01"/>
        <broadcaster original_network_id="0x0004" broadcaster_id="0x01"/>
      </extended_broadcaster_descriptor>
      <short_event_descriptor language_code="jpn">
        <event_name>ニュース🈔🈑</event_name>
        <text></text>
      </short_event_descriptor>
      <component_descriptor stream_content="0x01" stream_content_ext="0x0F" component_type="0x03" component_tag="0x00" language_code="jpn" text=""/>
      <audio_component_descriptor stream_content="0x02" component_type="0x02" component_tag="0x10" stream_type="0x0F" main_component="true" quality_indicator="2" sampling_rate="7" ISO_639_language_code="jpn" ISO_639_language_code_2="eng" text="日本語英語"/>
      <content_descriptor>
        <content content_nibble_level_1="0" content_nibble_level_2="0" user_byte="0xFF"/>
      </content_descriptor>
      <data_content_descriptor data_component_id="0x0008" entry_component="0x30" ISO_639_language_code="jpn" text="">
        <selector_bytes>
          01 13 6A 70 6E
        </selector_bytes>
      </data_content_descriptor>
    </service>
  </selection_information_table>
  <selection_information_table version="2" current="true">
    <metadata PID="31"/>
    <partial_transport_stream_descriptor peak_rate="0x0000EA60"/>
    <ISDB_network_identifier_descriptor country_code="JPN" media_type="TB" network_id="0x7C70"/>
    <TS_information_descriptor remote_control_key_id="0x01" ts_name="ＮＨＫ総合・熊本">
      <transmission_type transmission_type_info="0x0F">
        <service id="0xE000"/>
        <service id="0xE001"/>
        <service id="0xFFF0"/>
      </transmission_type>
      <transmission_type transmission_type_info="0xAF">
        <service id="0xE180"/>
      </transmission_type>
    </TS_information_descriptor>
    <service service_id="0xE000" running_status="undefined">
      <partialTS_time_descriptor event_version_number="61" event_start_time="2025-04-04 18:00:00" duration="00:10:00" other_descriptor_status="false" JST_time="2025-04-04 18:09:18"/>
      <generic_descriptor tag="0x85">
        7C 70 7C 70 06 B5 FF
      </generic_descriptor>
      <service_descriptor service_type="0x01" service_provider_name="" service_name="NHK総合1・熊本"/>
      <extended_broadcaster_descriptor broadcaster_type="0x01" terrestrial_broadcaster_id="0x7C71">
        <affiliation id="0x00"/>
        <affiliation id="0x01"/>
        <broadcaster original_network_id="0x0004" broadcaster_id="0x01"/>
      </extended_broadcaster_descriptor>
      <short_event_descriptor language_code="jpn">
        <event_name>ニュース🈔🈑</event_name>
        <text></text>
      </short_event_descriptor>
      <component_descriptor stream_content="0x01" stream_content_ext="0x0F" component_type="0x03" component_tag="0x00" language_code="jpn" text=""/>
      <audio_component_descriptor stream_content="0x02" component_type="0x02" component_tag="0x10" stream_type="0x0F" main_component="true" quality_indicator="2" sampling_rate="7" ISO_639_language_code="jpn" ISO_639_language_code_2="eng" text="日本語英語"/>
      <content_descriptor>
        <content content_nibble_level_1="0" content_nibble_level_2="0" user_byte="0xFF"/>
      </content_descriptor>
      <data_content_descriptor data_component_id="0x0008" entry_component="0x30" ISO_639_language_code="jpn" text="">
        <selector_bytes>
          01 13 6A 70 6E
        </selector_bytes>
      </data_content_descriptor>
    </service>
  </selection_information_table>
  <selection_information_table version="3" current="true">
    <metadata PID="31"/>
    <partial_transport_stream_descriptor peak_rate="0x0000EA60"/>
    <ISDB_network_identifier_descriptor country_code="JPN" media_type="TB" network_id="0x7C70"/>
    <TS_information_descriptor remote_control_key_id="0x01" ts_name="ＮＨＫ総合・熊本">
      <transmission_type transmission_type_info="0x0F">
        <service id="0xE000"/>
        <service id="0xE001"/>
        <service id="0xFFF0"/>
      </transmission_type>
      <transmission_type transmission_type_info="0xAF">
        <service id="0xE180"/>
      </transmission_type>
    </TS_information_descriptor>
    <service service_id="0xE000" running_status="undefined">
      <partialTS_time_descriptor event_version_number="61" event_start_time="2025-04-04 18:00:00" duration="00:10:00" other_descriptor_status="false" JST_time="2025-04-04 18:09:20"/>
      <generic_descriptor tag="0x85">
        7C 70 7C 70 06 B5 FF
      </generic_descriptor>
      <service_descriptor service_type="0x01" service_provider_name="" service_name="NHK総合1・熊本"/>
      <extended_broadcaster_descriptor broadcaster_type="0x01" terrestrial_broadcaster_id="0x7C71">
        <affiliation id="0x00"/>
        <affiliation id="0x01"/>
        <broadcaster original_network_id="0x0004" broadcaster_id="0x01"/>
      </extended_broadcaster_descriptor>
      <short_event_descriptor language_code="jpn">
        <event_name>ニュース🈔🈑</event_name>
        <text></text>
      </short_event_descriptor>
      <component_descriptor stream_content="0x01" stream_content_ext="0x0F" component_type="0x03" component_tag="0x00" language_code="jpn" text=""/>
      <audio_component_descriptor stream_content="0x02" component_type="0x02" component_tag="0x10" stream_type="0x0F" main_component="true" quality_indicator="2" sampling_rate="7" ISO_639_language_code="jpn" ISO_639_language_code_2="eng" text="日本語英語"/>
      <content_descriptor>
        <content content_nibble_level_1="0" content_nibble_level_2="0" user_byte="0xFF"/>
      </content_descriptor>
      <data_content_descriptor data_component_id="0x0008" entry_component="0x30" ISO_639_language_code="jpn" text="">
        <selector_bytes>
          01 13 6A 70 6E
        </selector_bytes>
      </data_content_descriptor>
    </service>
  </selection_information_table>
  <selection_information_table version="4" current="true">
    <metadata PID="31"/>
    <partial_transport_stream_descriptor peak_rate="0x0000EA60"/>
    <ISDB_network_identifier_descriptor country_code="JPN" media_type="TB" network_id="0x7C70"/>
    <TS_information_descriptor remote_control_key_id="0x01" ts_name="ＮＨＫ総合・熊本">
      <transmission_type transmission_type_info="0x0F">
        <service id="0xE000"/>
        <service id="0xE001"/>
        <service id="0xFFF0"/>
      </transmission_type>
      <transmission_type transmission_type_info="0xAF">
        <service id="0xE180"/>
      </transmission_type>
    </TS_information_descriptor>
    <service service_id="0xE000" running_status="undefined">
      <partialTS_time_descriptor event_version_number="61" event_start_time="2025-04-04 18:00:00" duration="00:10:00" other_descriptor_status="false" JST_time="2025-04-04 18:09:22"/>
      <generic_descriptor tag="0x85">
        7C 70 7C 70 06 B5 FF
      </generic_descriptor>
      <service_descriptor service_type="0x01" service_provider_name="" service_name="NHK総合1・熊本"/>
      <extended_broadcaster_descriptor broadcaster_type="0x01" terrestrial_broadcaster_id="0x7C71">
        <affiliation id="0x00"/>
        <affiliation id="0x01"/>
        <broadcaster original_network_id="0x0004" broadcaster_id="0x01"/>
      </extended_broadcaster_descriptor>
      <short_event_descriptor language_code="jpn">
        <event_name>ニュース🈔🈑</event_name>
        <text></text>
      </short_event_descriptor>
      <component_descriptor stream_content="0x01" stream_content_ext="0x0F" component_type="0x03" component_tag="0x00" language_code="jpn" text=""/>
      <audio_component_descriptor stream_content="0x02" component_type="0x02" component_tag="0x10" stream_type="0x0F" main_component="true" quality_indicator="2" sampling_rate="7" ISO_639_language_code="jpn" ISO_639_language_code_2="eng" text="日本語英語"/>
      <content_descriptor>
        <content content_nibble_level_1="0" content_nibble_level_2="0" user_byte="0xFF"/>
      </content_descriptor>
      <data_content_descriptor data_component_id="0x0008" entry_component="0x30" ISO_639_language_code="jpn" text="">
        <selector_bytes>
          01 13 6A 70 6E
        </selector_bytes>
      </data_content_descriptor>
    </service>
  </selection_information_table>
  <selection_information_table version="5" current="true">
    <metadata PID="31"/>
    <partial_transport_stream_descriptor peak_rate="0x0000EA60"/>
    <ISDB_network_identifier_descriptor country_code="JPN" media_type="TB" network_id="0x7C70"/>
    <TS_information_descriptor remote_control_key_id="0x01" ts_name="ＮＨＫ総合・熊本">
      <transmission_type transmission_type_info="0x0F">
        <service id="0xE000"/>
        <service id="0xE001"/>
        <service id="0xFFF0"/>
      </transmission_type>
      <transmission_type transmission_type_info="0xAF">
        <service id="0xE180"/>
      </transmission_type>
    </TS_information_descriptor>
    <service service_id="0xE000" running_status="undefined">
      <partialTS_time_descriptor event_version_number="61" event_start_time="2025-04-04 18:00:00" duration="00:10:00" other_descriptor_status="false" JST_time="2025-04-04 18:09:24"/>
      <generic_descriptor tag="0x85">
        7C 70 7C 70 06 B5 FF
      </generic_descriptor>
      <service_descriptor service_type="0x01" service_provider_name="" service_name="NHK総合1・熊本"/>
      <extended_broadcaster_descriptor broadcaster_type="0x01" terrestrial_broadcaster_id="0x7C71">
        <affiliation id="0x00"/>
        <affiliation id="0x01"/>
        <broadcaster original_network_id="0x0004" broadcaster_id="0x01"/>
      </extended_broadcaster_descriptor>
      <short_event_descriptor language_code="jpn">
        <event_name>ニュース🈔🈑</event_name>
        <text></text>
      </short_event_descriptor>
      <component_descriptor stream_content="0x01" stream_content_ext="0x0F" component_type="0x03" component_tag="0x00" language_code="jpn" text=""/>
      <audio_component_descriptor stream_content="0x02" component_type="0x02" component_tag="0x10" stream_type="0x0F" main_component="true" quality_indicator="2" sampling_rate="7" ISO_639_language_code="jpn" ISO_639_language_code_2="eng" text="日本語英語"/>
      <content_descriptor>
        <content content_nibble_level_1="0" content_nibble_level_2="0" user_byte="0xFF"/>
      </content_descriptor>
      <data_content_descriptor data_component_id="0x0008" entry_component="0x30" ISO_639_language_code="jpn" text="">
        <selector_bytes>
          01 13 6A 70 6E
        </selector_bytes>
      </data_content_descriptor>
    </service>
  </selection_information_table>
  <selection_information_table version="6" current="true">
    <metadata PID="31"/>
    <partial_transport_stream_descriptor peak_rate="0x0000EA60"/>
    <ISDB_network_identifier_descriptor country_code="JPN" media_type="TB" network_id="0x7C70"/>
    <TS_information_descriptor remote_control_key_id="0x01" ts_name="ＮＨＫ総合・熊本">
      <transmission_type transmission_type_info="0x0F">
        <service id="0xE000"/>
        <service id="0xE001"/>
        <service id="0xFFF0"/>
      </transmission_type>
      <transmission_type transmission_type_info="0xAF">
        <service id="0xE180"/>
      </transmission_type>
    </TS_information_descriptor>
    <service service_id="0xE000" running_status="undefined">
      <partialTS_time_descriptor event_version_number="61" event_start_time="2025-04-04 18:00:00" duration="00:10:00" other_descriptor_status="false" JST_time="2025-04-04 18:09:26"/>
      <generic_descriptor tag="0x85">
        7C 70 7C 70 06 B5 FF
      </generic_descriptor>
      <service_descriptor service_type="0x01" service_provider_name="" service_name="NHK総合1・熊本"/>
      <extended_broadcaster_descriptor broadcaster_type="0x01" terrestrial_broadcaster_id="0x7C71">
        <affiliation id="0x00"/>
        <affiliation id="0x01"/>
        <broadcaster original_network_id="0x0004" broadcaster_id="0x01"/>
      </extended_broadcaster_descriptor>
      <short_event_descriptor language_code="jpn">
        <event_name>ニュース🈔🈑</event_name>
        <text></text>
      </short_event_descriptor>
      <component_descriptor stream_content="0x01" stream_content_ext="0x0F" component_type="0x03" component_tag="0x00" language_code="jpn" text=""/>
      <audio_component_descriptor stream_content="0x02" component_type="0x02" component_tag="0x10" stream_type="0x0F" main_component="true" quality_indicator="2" sampling_rate="7" ISO_639_language_code="jpn" ISO_639_language_code_2="eng" text="日本語英語"/>
      <content_descriptor>
        <content content_nibble_level_1="0" content_nibble_level_2="0" user_byte="0xFF"/>
      </content_descriptor>
      <data_content_descriptor data_component_id="0x0008" entry_component="0x30" ISO_639_language_code="jpn" text="">
        <selector_bytes>
          01 13 6A 70 6E
        </selector_bytes>
      </data_content_descriptor>
    </service>
  </selection_information_table>
  <selection_information_table version="7" current="true">
    <metadata PID="31"/>
    <partial_transport_stream_descriptor peak_rate="0x0000EA60"/>
    <ISDB_network_identifier_descriptor country_code="JPN" media_type="TB" network_id="0x7C70"/>
    <TS_information_descriptor remote_control_key_id="0x01" ts_name="ＮＨＫ総合・熊本">
      <transmission_type transmission_type_info="0x0F">
        <service id="0xE000"/>
        <service id="0xE001"/>
        <service id="0xFFF0"/>
      </transmission_type>
      <transmission_type transmission_type_info="0xAF">
        <service id="0xE180"/>
      </transmission_type>
    </TS_information_descriptor>
    <service service_id="0xE000" running_status="undefined">
      <partialTS_time_descriptor event_version_number="61" event_start_time="2025-04-04 18:00:00" duration="00:10:00" other_descriptor_status="false" JST_time="2025-04-04 18:09:28"/>
      <generic_descriptor tag="0x85">
        7C 70 7C 70 06 B5 FF
      </generic_descriptor>
      <service_descriptor service_type="0x01" service_provider_name="" service_name="NHK総合1・熊本"/>
      <extended_broadcaster_descriptor broadcaster_type="0x01" terrestrial_broadcaster_id="0x7C71">
        <affiliation id="0x00"/>
        <affiliation id="0x01"/>
        <broadcaster original_network_id="0x0004" broadcaster_id="0x01"/>
      </extended_broadcaster_descriptor>
      <short_event_descriptor language_code="jpn">
        <event_name>ニュース🈔🈑</event_name>
        <text></text>
      </short_event_descriptor>
      <component_descriptor stream_content="0x01" stream_content_ext="0x0F" component_type="0x03" component_tag="0x00" language_code="jpn" text=""/>
      <audio_component_descriptor stream_content="0x02" component_type="0x02" component_tag="0x10" stream_type="0x0F" main_component="true" quality_indicator="2" sampling_rate="7" ISO_639_language_code="jpn" ISO_639_language_code_2="eng" text="日本語英語"/>
      <content_descriptor>
        <content content_nibble_level_1="0" content_nibble_level_2="0" user_byte="0xFF"/>
      </content_descriptor>
      <data_content_descriptor data_component_id="0x0008" entry_component="0x30" ISO_639_language_code="jpn" text="">
        <selector_bytes>
          01 13 6A 70 6E
        </selector_bytes>
      </data_content_descriptor>
    </service>
  </selection_information_table>
  <selection_information_table version="8" current="true">
    <metadata PID="31"/>
    <partial_transport_stream_descriptor peak_rate="0x0000EA60"/>
    <ISDB_network_identifier_descriptor country_code="JPN" media_type="TB" network_id="0x7C70"/>
    <TS_information_descriptor remote_control_key_id="0x01" ts_name="ＮＨＫ総合・熊本">
      <transmission_type transmission_type_info="0x0F">
        <service id="0xE000"/>
        <service id="0xE001"/>
        <service id="0xFFF0"/>
      </transmission_type>
      <transmission_type transmission_type_info="0xAF">
        <service id="0xE180"/>
      </transmission_type>
    </TS_information_descriptor>
    <service service_id="0xE000" running_status="undefined">
      <partialTS_time_descriptor event_version_number="61" event_start_time="2025-04-04 18:00:00" duration="00:10:00" other_descriptor_status="false" JST_time="2025-04-04 18:09:30"/>
      <generic_descriptor tag="0x85">
        7C 70 7C 70 06 B5 FF
      </generic_descriptor>
      <service_descriptor service_type="0x01" service_provider_name="" service_name="NHK総合1・熊本"/>
      <extended_broadcaster_descriptor broadcaster_type="0x01" terrestrial_broadcaster_id="0x7C71">
        <affiliation id="0x00"/>
        <affiliation id="0x01"/>
        <broadcaster original_network_id="0x0004" broadcaster_id="0x01"/>
      </extended_broadcaster_descriptor>
      <short_event_descriptor language_code="jpn">
        <event_name>ニュース🈔🈑</event_name>
        <text></text>
      </short_event_descriptor>
      <component_descriptor stream_content="0x01" stream_content_ext="0x0F" component_type="0x03" component_tag="0x00" language_code="jpn" text=""/>
      <audio_component_descriptor stream_content="0x02" component_type="0x02" component_tag="0x10" stream_type="0x0F" main_component="true" quality_indicator="2" sampling_rate="7" ISO_639_language_code="jpn" ISO_639_language_code_2="eng" text="日本語英語"/>
      <content_descriptor>
        <content content_nibble_level_1="0" content_nibble_level_2="0" user_byte="0xFF"/>
      </content_descriptor>
      <data_content_descriptor data_component_id="0x0008" entry_component="0x30" ISO_639_language_code="jpn" text="">
        <selector_bytes>
          01 13 6A 70 6E
        </selector_bytes>
      </data_content_descriptor>
    </service>
  </selection_information_table>
  <selection_information_table version="9" current="true">
    <metadata PID="31"/>
    <partial_transport_stream_descriptor peak_rate="0x0000EA60"/>
    <ISDB_network_identifier_descriptor country_code="JPN" media_type="TB" network_id="0x7C70"/>
    <TS_information_descriptor remote_control_key_id="0x01" ts_name="ＮＨＫ総合・熊本">
      <transmission_type transmission_type_info="0x0F">
        <service id="0xE000"/>
        <service id="0xE001"/>
        <service id="0xFFF0"/>
      </transmission_type>
      <transmission_type transmission_type_info="0xAF">
        <service id="0xE180"/>
      </transmission_type>
    </TS_information_descriptor>
    <service service_id="0xE000" running_status="undefined">
      <partialTS_time_descriptor event_version_number="61" event_start_time="2025-04-04 18:00:00" duration="00:10:00" other_descriptor_status="false" JST_time="2025-04-04 18:09:32"/>
      <generic_descriptor tag="0x85">
        7C 70 7C 70 06 B5 FF
      </generic_descriptor>
      <service_descriptor service_type="0x01" service_provider_name="" service_name="NHK総合1・熊本"/>
      <extended_broadcaster_descriptor broadcaster_type="0x01" terrestrial_broadcaster_id="0x7C71">
        <affiliation id="0x00"/>
        <affiliation id="0x01"/>
        <broadcaster original_network_id="0x0004" broadcaster_id="0x01"/>
      </extended_broadcaster_descriptor>
      <short_event_descriptor language_code="jpn">
        <event_name>ニュース🈔🈑</event_name>
        <text></text>
      </short_event_descriptor>
      <component_descriptor stream_content="0x01" stream_content_ext="0x0F" component_type="0x03" component_tag="0x00" language_code="jpn" text=""/>
      <audio_component_descriptor stream_content="0x02" component_type="0x02" component_tag="0x10" stream_type="0x0F" main_component="true" quality_indicator="2" sampling_rate="7" ISO_639_language_code="jpn" ISO_639_language_code_2="eng" text="日本語英語"/>
      <content_descriptor>
        <content content_nibble_level_1="0" content_nibble_level_2="0" user_byte="0xFF"/>
      </content_descriptor>
      <data_content_descriptor data_component_id="0x0008" entry_component="0x30" ISO_639_language_code="jpn" text="">
        <selector_bytes>
          01 13 6A 70 6E
        </selector_bytes>
      </data_content_descriptor>
    </service>
  </selection_information_table>
  <selection_information_table version="10" current="true">
    <metadata PID="31"/>
    <partial_transport_stream_descriptor peak_rate="0x0000EA60"/>
    <ISDB_network_identifier_descriptor country_code="JPN" media_type="TB" network_id="0x7C70"/>
    <TS_information_descriptor remote_control_key_id="0x01" ts_name="ＮＨＫ総合・熊本">
      <transmission_type transmission_type_info="0x0F">
        <service id="0xE000"/>
        <service id="0xE001"/>
        <service id="0xFFF0"/>
      </transmission_type>
      <transmission_type transmission_type_info="0xAF">
        <service id="0xE180"/>
      </transmission_type>
    </TS_information_descriptor>
    <service service_id="0xE000" running_status="undefined">
      <partialTS_time_descriptor event_version_number="61" event_start_time="2025-04-04 18:00:00" duration="00:10:00" other_descriptor_status="false" JST_time="2025-04-04 18:09:34"/>
      <generic_descriptor tag="0x85">
        7C 70 7C 70 06 B5 FF
      </generic_descriptor>
      <service_descriptor service_type="0x01" service_provider_name="" service_name="NHK総合1・熊本"/>
      <extended_broadcaster_descriptor broadcaster_type="0x01" terrestrial_broadcaster_id="0x7C71">
        <affiliation id="0x00"/>
        <affiliation id="0x01"/>
        <broadcaster original_network_id="0x0004" broadcaster_id="0x01"/>
      </extended_broadcaster_descriptor>
      <short_event_descriptor language_code="jpn">
        <event_name>ニュース🈔🈑</event_name>
        <text></text>
      </short_event_descriptor>
      <component_descriptor stream_content="0x01" stream_content_ext="0x0F" component_type="0x03" component_tag="0x00" language_code="jpn" text=""/>
      <audio_component_descriptor stream_content="0x02" component_type="0x02" component_tag="0x10" stream_type="0x0F" main_component="true" quality_indicator="2" sampling_rate="7" ISO_639_language_code="jpn" ISO_639_language_code_2="eng" text="日本語英語"/>
      <content_descriptor>
        <content content_nibble_level_1="0" content_nibble_level_2="0" user_byte="0xFF"/>
      </content_descriptor>
      <data_content_descriptor data_component_id="0x0008" entry_component="0x30" ISO_639_language_code="jpn" text="">
        <selector_bytes>
          01 13 6A 70 6E
        </selector_bytes>
      </data_content_descriptor>
    </service>
  </selection_information_table>
  <selection_information_table version="11" current="true">
    <metadata PID="31"/>
    <partial_transport_stream_descriptor peak_rate="0x0000EA60"/>
    <ISDB_network_identifier_descriptor country_code="JPN" media_type="TB" network_id="0x7C70"/>
    <TS_information_descriptor remote_control_key_id="0x01" ts_name="ＮＨＫ総合・熊本">
      <transmission_type transmission_type_info="0x0F">
        <service id="0xE000"/>
        <service id="0xE001"/>
        <service id="0xFFF0"/>
      </transmission_type>
      <transmission_type transmission_type_info="0xAF">
        <service id="0xE180"/>
      </transmission_type>
    </TS_information_descriptor>
    <service service_id="0xE000" running_status="undefined">
      <partialTS_time_descriptor event_version_number="61" event_start_time="2025-04-04 18:00:00" duration="00:10:00" other_descriptor_status="false" JST_time="2025-04-04 18:09:37"/>
      <generic_descriptor tag="0x85">
        7C 70 7C 70 06 B5 FF
      </generic_descriptor>
      <service_descriptor service_type="0x01" service_provider_name="" service_name="NHK総合1・熊本"/>
      <extended_broadcaster_descriptor broadcaster_type="0x01" terrestrial_broadcaster_id="0x7C71">
        <affiliation id="0x00"/>
        <affiliation id="0x01"/>
        <broadcaster original_network_id="0x0004" broadcaster_id="0x01"/>
      </extended_broadcaster_descriptor>
      <short_event_descriptor language_code="jpn">
        <event_name>ニュース🈔🈑</event_name>
        <text></text>
      </short_event_descriptor>
      <component_descriptor stream_content="0x01" stream_content_ext="0x0F" component_type="0x03" component_tag="0x00" language_code="jpn" text=""/>
      <audio_component_descriptor stream_content="0x02" component_type="0x02" component_tag="0x10" stream_type="0x0F" main_component="true" quality_indicator="2" sampling_rate="7" ISO_639_language_code="jpn" ISO_639_language_code_2="eng" text="日本語英語"/>
      <content_descriptor>
        <content content_nibble_level_1="0" content_nibble_level_2="0" user_byte="0xFF"/>
      </content_descriptor>
      <data_content_descriptor data_component_id="0x0008" entry_component="0x30" ISO_639_language_code="jpn" text="">
        <selector_bytes>
          01 13 6A 70 6E
        </selector_bytes>
      </data_content_descriptor>
    </service>
  </selection_information_table>
  <selection_information_table version="12" current="true">
    <metadata PID="31"/>
    <partial_transport_stream_descriptor peak_rate="0x0000EA60"/>
    <ISDB_network_identifier_descriptor country_code="JPN" media_type="TB" network_id="0x7C70"/>
    <TS_information_descriptor remote_control_key_id="0x01" ts_name="ＮＨＫ総合・熊本">
      <transmission_type transmission_type_info="0x0F">
        <service id="0xE000"/>
        <service id="0xE001"/>
        <service id="0xFFF0"/>
      </transmission_type>
      <transmission_type transmission_type_info="0xAF">
        <service id="0xE180"/>
      </transmission_type>
    </TS_information_descriptor>
    <service service_id="0xE000" running_status="undefined">
      <partialTS_time_descriptor event_version_number="61" event_start_time="2025-04-04 18:00:00" duration="00:10:00" other_descriptor_status="false" JST_time="2025-04-04 18:09:39"/>
      <generic_descriptor tag="0x85">
        7C 70 7C 70 06 B5 FF
      </generic_descriptor>
      <service_descriptor service_type="0x01" service_provider_name="" service_name="NHK総合1・熊本"/>
      <extended_broadcaster_descriptor broadcaster_type="0x01" terrestrial_broadcaster_id="0x7C71">
        <affiliation id="0x00"/>
        <affiliation id="0x01"/>
        <broadcaster original_network_id="0x0004" broadcaster_id="0x01"/>
      </extended_broadcaster_descriptor>
      <short_event_descriptor language_code="jpn">
        <event_name>ニュース🈔🈑</event_name>
        <text></text>
      </short_event_descriptor>
      <component_descriptor stream_content="0x01" stream_content_ext="0x0F" component_type="0x03" component_tag="0x00" language_code="jpn" text=""/>
      <audio_component_descriptor stream_content="0x02" component_type="0x02" component_tag="0x10" stream_type="0x0F" main_component="true" quality_indicator="2" sampling_rate="7" ISO_639_language_code="jpn" ISO_639_language_code_2="eng" text="日本語英語"/>
      <content_descriptor>
        <content content_nibble_level_1="0" content_nibble_level_2="0" user_byte="0xFF"/>
      </content_descriptor>
      <data_content_descriptor data_component_id="0x0008" entry_component="0x30" ISO_639_language_code="jpn" text="">
        <selector_bytes>
          01 13 6A 70 6E
        </selector_bytes>
      </data_content_descriptor>
    </service>
  </selection_information_table>
  <selection_information_table version="13" current="true">
    <metadata PID="31"/>
    <partial_transport_stream_descriptor peak_rate="0x0000EA60"/>
    <ISDB_network_identifier_descriptor country_code="JPN" media_type="TB" network_id="0x7C70"/>
    <TS_information_descriptor remote_control_key_id="0x01" ts_name="ＮＨＫ総合・熊本">
      <transmission_type transmission_type_info="0x0F">
        <service id="0xE000"/>
        <service id="0xE001"/>
        <service id="0xFFF0"/>
      </transmission_type>
      <transmission_type transmission_type_info="0xAF">
        <service id="0xE180"/>
      </transmission_type>
    </TS_information_descriptor>
    <service service_id="0xE000" running_status="undefined">
      <partialTS_time_descriptor event_version_number="61" event_start_time="2025-04-04 18:00:00" duration="00:10:00" other_descriptor_status="false" JST_time="2025-04-04 18:09:41"/>
      <generic_descriptor tag="0x85">
        7C 70 7C 70 06 B5 FF
      </generic_descriptor>
      <service_descriptor service_type="0x01" service_provider_name="" service_name="NHK総合1・熊本"/>
      <extended_broadcaster_descriptor broadcaster_type="0x01" terrestrial_broadcaster_id="0x7C71">
        <affiliation id="0x00"/>
        <affiliation id="0x01"/>
        <broadcaster original_network_id="0x0004" broadcaster_id="0x01"/>
      </extended_broadcaster_descriptor>
      <short_event_descriptor language_code="jpn">
        <event_name>ニュース🈔🈑</event_name>
        <text></text>
      </short_event_descriptor>
      <component_descriptor stream_content="0x01" stream_content_ext="0x0F" component_type="0x03" component_tag="0x00" language_code="jpn" text=""/>
      <audio_component_descriptor stream_content="0x02" component_type="0x02" component_tag="0x10" stream_type="0x0F" main_component="true" quality_indicator="2" sampling_rate="7" ISO_639_language_code="jpn" ISO_639_language_code_2="eng" text="日本語英語"/>
      <content_descriptor>
        <content content_nibble_level_1="0" content_nibble_level_2="0" user_byte="0xFF"/>
      </content_descriptor>
      <data_content_descriptor data_component_id="0x0008" entry_component="0x30" ISO_639_language_code="jpn" text="">
        <selector_bytes>
          01 13 6A 70 6E
        </selector_bytes>
      </data_content_descriptor>
    </service>
  </selection_information_table>
  <selection_information_table version="14" current="true">
    <metadata PID="31"/>
    <partial_transport_stream_descriptor peak_rate="0x0000EA60"/>
    <ISDB_network_identifier_descriptor country_code="JPN" media_type="TB" network_id="0x7C70"/>
    <TS_information_descriptor remote_control_key_id="0x01" ts_name="ＮＨＫ総合・熊本">
      <transmission_type transmission_type_info="0x0F">
        <service id="0xE000"/>
        <service id="0xE001"/>
        <service id="0xFFF0"/>
      </transmission_type>
      <transmission_type transmission_type_info="0xAF">
        <service id="0xE180"/>
      </transmission_type>
    </TS_information_descriptor>
    <service service_id="0xE000" running_status="undefined">
      <partialTS_time_descriptor event_version_number="61" event_start_time="2025-04-04 18:00:00" duration="00:10:00" other_descriptor_status="false" JST_time="2025-04-04 18:09:43"/>
      <generic_descriptor tag="0x85">
        7C 70 7C 70 06 B5 FF
      </generic_descriptor>
      <service_descriptor service_type="0x01" service_provider_name="" service_name="NHK総合1・熊本"/>
      <extended_broadcaster_descriptor broadcaster_type="0x01" terrestrial_broadcaster_id="0x7C71">
        <affiliation id="0x00"/>
        <affiliation id="0x01"/>
        <broadcaster original_network_id="0x0004" broadcaster_id="0x01"/>
      </extended_broadcaster_descriptor>
      <short_event_descriptor language_code="jpn">
        <event_name>ニュース🈔🈑</event_name>
        <text></text>
      </short_event_descriptor>
      <component_descriptor stream_content="0x01" stream_content_ext="0x0F" component_type="0x03" component_tag="0x00" language_code="jpn" text=""/>
      <audio_component_descriptor stream_content="0x02" component_type="0x02" component_tag="0x10" stream_type="0x0F" main_component="true" quality_indicator="2" sampling_rate="7" ISO_639_language_code="jpn" ISO_639_language_code_2="eng" text="日本語英語"/>
      <content_descriptor>
        <content content_nibble_level_1="0" content_nibble_level_2="0" user_byte="0xFF"/>
      </content_descriptor>
      <data_content_descriptor data_component_id="0x0008" entry_component="0x30" ISO_639_language_code="jpn" text="">
        <selector_bytes>
          01 13 6A 70 6E
        </selector_bytes>
      </data_content_descriptor>
    </service>
  </selection_information_table>
  <selection_information_table version="15" current="true">
    <metadata PID="31"/>
    <partial_transport_stream_descriptor peak_rate="0x0000EA60"/>
    <ISDB_network_identifier_descriptor country_code="JPN" media_type="TB" network_id="0x7C70"/>
    <TS_information_descriptor remote_control_key_id="0x01" ts_name="ＮＨＫ総合・熊本">
      <transmission_type transmission_type_info="0x0F">
        <service id="0xE000"/>
        <service id="0xE001"/>
        <service id="0xFFF0"/>
      </transmission_type>
      <transmission_type transmission_type_info="0xAF">
        <service id="0xE180"/>
      </transmission_type>
    </TS_information_descriptor>
    <service service_id="0xE000" running_status="undefined">
      <partialTS_time_descriptor event_version_number="61" event_start_time="2025-04-04 18:00:00" duration="00:10:00" other_descriptor_status="false" JST_time="2025-04-04 18:09:45"/>
      <generic_descriptor tag="0x85">
        7C 70 7C 70 06 B5 FF
      </generic_descriptor>
      <service_descriptor service_type="0x01" service_provider_name="" service_name="NHK総合1・熊本"/>
      <extended_broadcaster_descriptor broadcaster_type="0x01" terrestrial_broadcaster_id="0x7C71">
        <affiliation id="0x00"/>
        <affiliation id="0x01"/>
        <broadcaster original_network_id="0x0004" broadcaster_id="0x01"/>
      </extended_broadcaster_descriptor>
      <short_event_descriptor language_code="jpn">
        <event_name>ニュース🈔🈑</event_name>
        <text></text>
      </short_event_descriptor>
      <component_descriptor stream_content="0x01" stream_content_ext="0x0F" component_type="0x03" component_tag="0x00" language_code="jpn" text=""/>
      <audio_component_descriptor stream_content="0x02" component_type="0x02" component_tag="0x10" stream_type="0x0F" main_component="true" quality_indicator="2" sampling_rate="7" ISO_639_language_code="jpn" ISO_639_language_code_2="eng" text="日本語英語"/>
      <content_descriptor>
        <content content_nibble_level_1="0" content_nibble_level_2="0" user_byte="0xFF"/>
      </content_descriptor>
      <data_content_descriptor data_component_id="0x0008" entry_component="0x30" ISO_639_language_code="jpn" text="">
        <selector_bytes>
          01 13 6A 70 6E
        </selector_bytes>
      </data_content_descriptor>
    </service>
  </selection_information_table>
  <selection_information_table version="16" current="true">
    <metadata PID="31"/>
    <partial_transport_stream_descriptor peak_rate="0x0000EA60"/>
    <ISDB_network_identifier_descriptor country_code="JPN" media_type="TB" network_id="0x7C70"/>
    <TS_information_descriptor remote_control_key_id="0x01" ts_name="ＮＨＫ総合・熊本">
      <transmission_type transmission_type_info="0x0F">
        <service id="0xE000"/>
        <service id="0xE001"/>
        <service id="0xFFF0"/>
      </transmission_type>
      <transmission_type transmission_type_info="0xAF">
        <service id="0xE180"/>
      </transmission_type>
    </TS_information_descriptor>
    <service service_id="0xE000" running_status="undefined">
      <partialTS_time_descriptor event_version_number="61" event_start_time="2025-04-04 18:00:00" duration="00:10:00" other_descriptor_status="false" JST_time="2025-04-04 18:09:47"/>
      <generic_descriptor tag="0x85">
        7C 70 7C 70 06 B5 FF
      </generic_descriptor>
      <service_descriptor service_type="0x01" service_provider_name="" service_name="NHK総合1・熊本"/>
      <extended_broadcaster_descriptor broadcaster_type="0x01" terrestrial_broadcaster_id="0x7C71">
        <affiliation id="0x00"/>
        <affiliation id="0x01"/>
        <broadcaster original_network_id="0x0004" broadcaster_id="0x01"/>
      </extended_broadcaster_descriptor>
      <short_event_descriptor language_code="jpn">
        <event_name>ニュース🈔🈑</event_name>
        <text></text>
      </short_event_descriptor>
      <component_descriptor stream_content="0x01" stream_content_ext="0x0F" component_type="0x03" component_tag="0x00" language_code="jpn" text=""/>
      <audio_component_descriptor stream_content="0x02" component_type="0x02" component_tag="0x10" stream_type="0x0F" main_component="true" quality_indicator="2" sampling_rate="7" ISO_639_language_code="jpn" ISO_639_language_code_2="eng" text="日本語英語"/>
      <content_descriptor>
        <content content_nibble_level_1="0" content_nibble_level_2="0" user_byte="0xFF"/>
      </content_descriptor>
      <data_content_descriptor data_component_id="0x0008" entry_component="0x30" ISO_639_language_code="jpn" text="">
        <selector_bytes>
          01 13 6A 70 6E
        </selector_bytes>
      </data_content_descriptor>
    </service>
  </selection_information_table>
  <selection_information_table version="17" current="true">
    <metadata PID="31"/>
    <partial_transport_stream_descriptor peak_rate="0x0000EA60"/>
    <ISDB_network_identifier_descriptor country_code="JPN" media_type="TB" network_id="0x7C70"/>
    <TS_information_descriptor remote_control_key_id="0x01" ts_name="ＮＨＫ総合・熊本">
      <transmission_type transmission_type_info="0x0F">
        <service id="0xE000"/>
        <service id="0xE001"/>
        <service id="0xFFF0"/>
      </transmission_type>
      <transmission_type transmission_type_info="0xAF">
        <service id="0xE180"/>
      </transmission_type>
    </TS_information_descriptor>
    <service service_id="0xE000" running_status="undefined">
      <partialTS_time_descriptor event_version_number="61" event_start_time="2025-04-04 18:00:00" duration="00:10:00" other_descriptor_status="false" JST_time="2025-04-04 18:09:49"/>
      <generic_descriptor tag="0x85">
        7C 70 7C 70 06 B5 FF
      </generic_descriptor>
      <service_descriptor service_type="0x01" service_provider_name="" service_name="NHK総合1・熊本"/>
      <extended_broadcaster_descriptor broadcaster_type="0x01" terrestrial_broadcaster_id="0x7C71">
        <affiliation id="0x00"/>
        <affiliation id="0x01"/>
        <broadcaster original_network_id="0x0004" broadcaster_id="0x01"/>
      </extended_broadcaster_descriptor>
      <short_event_descriptor language_code="jpn">
        <event_name>ニュース🈔🈑</event_name>
        <text></text>
      </short_event_descriptor>
      <component_descriptor stream_content="0x01" stream_content_ext="0x0F" component_type="0x03" component_tag="0x00" language_code="jpn" text=""/>
      <audio_component_descriptor stream_content="0x02" component_type="0x02" component_tag="0x10" stream_type="0x0F" main_component="true" quality_indicator="2" sampling_rate="7" ISO_639_language_code="jpn" ISO_639_language_code_2="eng" text="日本語英語"/>
      <content_descriptor>
        <content content_nibble_level_1="0" content_nibble_level_2="0" user_byte="0xFF"/>
      </content_descriptor>
      <data_content_descriptor data_component_id="0x0008" entry_component="0x30" ISO_639_language_code="jpn" text="">
        <selector_bytes>
          01 13 6A 70 6E
        </selector_bytes>
      </data_content_descriptor>
    </service>
  </selection_information_table>
  <selection_information_table version="18" current="true">
    <metadata PID="31"/>
    <partial_transport_stream_descriptor peak_rate="0x0000EA60"/>
    <ISDB_network_identifier_descriptor country_code="JPN" media_type="TB" network_id="0x7C70"/>
    <TS_information_descriptor remote_control_key_id="0x01" ts_name="ＮＨＫ総合・熊本">
      <transmission_type transmission_type_info="0x0F">
        <service id="0xE000"/>
        <service id="0xE001"/>
        <service id="0xFFF0"/>
      </transmission_type>
      <transmission_type transmission_type_info="0xAF">
        <service id="0xE180"/>
      </transmission_type>
    </TS_information_descriptor>
    <service service_id="0xE000" running_status="undefined">
      <partialTS_time_descriptor event_version_number="61" event_start_time="2025-04-04 18:00:00" duration="00:10:00" other_descriptor_status="false" JST_time="2025-04-04 18:09:51"/>
      <generic_descriptor tag="0x85">
        7C 70 7C 70 06 B5 FF
      </generic_descriptor>
      <service_descriptor service_type="0x01" service_provider_name="" service_name="NHK総合1・熊本"/>
      <extended_broadcaster_descriptor broadcaster_type="0x01" terrestrial_broadcaster_id="0x7C71">
        <affiliation id="0x00"/>
        <affiliation id="0x01"/>
        <broadcaster original_network_id="0x0004" broadcaster_id="0x01"/>
      </extended_broadcaster_descriptor>
      <short_event_descriptor language_code="jpn">
        <event_name>ニュース🈔🈑</event_name>
        <text></text>
      </short_event_descriptor>
      <component_descriptor stream_content="0x01" stream_content_ext="0x0F" component_type="0x03" component_tag="0x00" language_code="jpn" text=""/>
      <audio_component_descriptor stream_content="0x02" component_type="0x02" component_tag="0x10" stream_type="0x0F" main_component="true" quality_indicator="2" sampling_rate="7" ISO_639_language_code="jpn" ISO_639_language_code_2="eng" text="日本語英語"/>
      <content_descriptor>
        <content content_nibble_level_1="0" content_nibble_level_2="0" user_byte="0xFF"/>
      </content_descriptor>
      <data_content_descriptor data_component_id="0x0008" entry_component="0x30" ISO_639_language_code="jpn" text="">
        <selector_bytes>
          01 13 6A 70 6E
        </selector_bytes>
      </data_content_descriptor>
    </service>
  </selection_information_table>
  <selection_information_table version="19" current="true">
    <metadata PID="31"/>
    <partial_transport_stream_descriptor peak_rate="0x0000EA60"/>
    <ISDB_network_identifier_descriptor country_code="JPN" media_type="TB" network_id="0x7C70"/>
    <TS_information_descriptor remote_control_key_id="0x01" ts_name="ＮＨＫ総合・熊本">
      <transmission_type transmission_type_info="0x0F">
        <service id="0xE000"/>
        <service id="0xE001"/>
        <service id="0xFFF0"/>
      </transmission_type>
      <transmission_type transmission_type_info="0xAF">
        <service id="0xE180"/>
      </transmission_type>
    </TS_information_descriptor>
    <service service_id="0xE000" running_status="undefined">
      <partialTS_time_descriptor event_version_number="61" event_start_time="2025-04-04 18:00:00" duration="00:10:00" other_descriptor_status="false" JST_time="2025-04-04 18:09:53"/>
      <generic_descriptor tag="0x85">
        7C 70 7C 70 06 B5 FF
      </generic_descriptor>
      <service_descriptor service_type="0x01" service_provider_name="" service_name="NHK総合1・熊本"/>
      <extended_broadcaster_descriptor broadcaster_type="0x01" terrestrial_broadcaster_id="0x7C71">
        <affiliation id="0x00"/>
        <affiliation id="0x01"/>
        <broadcaster original_network_id="0x0004" broadcaster_id="0x01"/>
      </extended_broadcaster_descriptor>
      <short_event_descriptor language_code="jpn">
        <event_name>ニュース🈔🈑</event_name>
        <text></text>
      </short_event_descriptor>
      <component_descriptor stream_content="0x01" stream_content_ext="0x0F" component_type="0x03" component_tag="0x00" language_code="jpn" text=""/>
      <audio_component_descriptor stream_content="0x02" component_type="0x02" component_tag="0x10" stream_type="0x0F" main_component="true" quality_indicator="2" sampling_rate="7" ISO_639_language_code="jpn" ISO_639_language_code_2="eng" text="日本語英語"/>
      <content_descriptor>
        <content content_nibble_level_1="0" content_nibble_level_2="0" user_byte="0xFF"/>
      </content_descriptor>
      <data_content_descriptor data_component_id="0x0008" entry_component="0x30" ISO_639_language_code="jpn" text="">
        <selector_bytes>
          01 13 6A 70 6E
        </selector_bytes>
      </data_content_descriptor>
    </service>
  </selection_information_table>
  <selection_information_table version="20" current="true">
    <metadata PID="31"/>
    <partial_transport_stream_descriptor peak_rate="0x0000EA60"/>
    <ISDB_network_identifier_descriptor country_code="JPN" media_type="TB" network_id="0x7C70"/>
    <TS_information_descriptor remote_control_key_id="0x01" ts_name="ＮＨＫ総合・熊本">
      <transmission_type transmission_type_info="0x0F">
        <service id="0xE000"/>
        <service id="0xE001"/>
        <service id="0xFFF0"/>
      </transmission_type>
      <transmission_type transmission_type_info="0xAF">
        <service id="0xE180"/>
      </transmission_type>
    </TS_information_descriptor>
    <service service_id="0xE000" running_status="undefined">
      <partialTS_time_descriptor event_version_number="61" event_start_time="2025-04-04 18:00:00" duration="00:10:00" other_descriptor_status="false" JST_time="2025-04-04 18:09:55"/>
      <generic_descriptor tag="0x85">
        7C 70 7C 70 06 B5 FF
      </generic_descriptor>
      <service_descriptor service_type="0x01" service_provider_name="" service_name="NHK総合1・熊本"/>
      <extended_broadcaster_descriptor broadcaster_type="0x01" terrestrial_broadcaster_id="0x7C71">
        <affiliation id="0x00"/>
        <affiliation id="0x01"/>
        <broadcaster original_network_id="0x0004" broadcaster_id="0x01"/>
      </extended_broadcaster_descriptor>
      <short_event_descriptor language_code="jpn">
        <event_name>ニュース🈔🈑</event_name>
        <text></text>
      </short_event_descriptor>
      <component_descriptor stream_content="0x01" stream_content_ext="0x0F" component_type="0x03" component_tag="0x00" language_code="jpn" text=""/>
      <audio_component_descriptor stream_content="0x02" component_type="0x02" component_tag="0x10" stream_type="0x0F" main_component="true" quality_indicator="2" sampling_rate="7" ISO_639_language_code="jpn" ISO_639_language_code_2="eng" text="日本語英語"/>
      <content_descriptor>
        <content content_nibble_level_1="0" content_nibble_level_2="0" user_byte="0xFF"/>
      </content_descriptor>
      <data_content_descriptor data_component_id="0x0008" entry_component="0x30" ISO_639_language_code="jpn" text="">
        <selector_bytes>
          01 13 6A 70 6E
        </selector_bytes>
      </data_content_descriptor>
    </service>
  </selection_information_table>
  <selection_information_table version="21" current="true">
    <metadata PID="31"/>
    <partial_transport_stream_descriptor peak_rate="0x0000EA60"/>
    <ISDB_network_identifier_descriptor country_code="JPN" media_type="TB" network_id="0x7C70"/>
    <TS_information_descriptor remote_control_key_id="0x01" ts_name="ＮＨＫ総合・熊本">
      <transmission_type transmission_type_info="0x0F">
        <service id="0xE000"/>
        <service id="0xE001"/>
        <service id="0xFFF0"/>
      </transmission_type>
      <transmission_type transmission_type_info="0xAF">
        <service id="0xE180"/>
      </transmission_type>
    </TS_information_descriptor>
    <service service_id="0xE000" running_status="undefined">
      <partialTS_time_descriptor event_version_number="61" event_start_time="2025-04-04 18:00:00" duration="00:10:00" other_descriptor_status="false" JST_time="2025-04-04 18:09:58"/>
      <generic_descriptor tag="0x85">
        7C 70 7C 70 06 B5 FF
      </generic_descriptor>
      <service_descriptor service_type="0x01" service_provider_name="" service_name="NHK総合1・熊本"/>
      <extended_broadcaster_descriptor broadcaster_type="0x01" terrestrial_broadcaster_id="0x7C71">
        <affiliation id="0x00"/>
        <affiliation id="0x01"/>
        <broadcaster original_network_id="0x0004" broadcaster_id="0x01"/>
      </extended_broadcaster_descriptor>
      <short_event_descriptor language_code="jpn">
        <event_name>ニュース🈔🈑</event_name>
        <text></text>
      </short_event_descriptor>
      <component_descriptor stream_content="0x01" stream_content_ext="0x0F" component_type="0x03" component_tag="0x00" language_code="jpn" text=""/>
      <audio_component_descriptor stream_content="0x02" component_type="0x02" component_tag="0x10" stream_type="0x0F" main_component="true" quality_indicator="2" sampling_rate="7" ISO_639_language_code="jpn" ISO_639_language_code_2="eng" text="日本語英語"/>
      <content_descriptor>
        <content content_nibble_level_1="0" content_nibble_level_2="0" user_byte="0xFF"/>
      </content_descriptor>
      <data_content_descriptor data_component_id="0x0008" entry_component="0x30" ISO_639_language_code="jpn" text="">
        <selector_bytes>
          01 13 6A 70 6E
        </selector_bytes>
      </data_content_descriptor>
    </service>
  </selection_information_table>
  <selection_information_table version="22" current="true">
    <metadata PID="31"/>
    <partial_transport_stream_descriptor peak_rate="0x0000EA60"/>
    <ISDB_network_identifier_descriptor country_code="JPN" media_type="TB" network_id="0x7C70"/>
    <TS_information_descriptor remote_control_key_id="0x01" ts_name="ＮＨＫ総合・熊本">
      <transmission_type transmission_type_info="0x0F">
        <service id="0xE000"/>
        <service id="0xE001"/>
        <service id="0xFFF0"/>
      </transmission_type>
      <transmission_type transmission_type_info="0xAF">
        <service id="0xE180"/>
      </transmission_type>
    </TS_information_descriptor>
    <service service_id="0xE000" running_status="undefined">
      <partialTS_time_descriptor event_version_number="62" event_start_time="2025-04-04 18:10:00" duration="00:49:00" other_descriptor_status="true" JST_time="2025-04-04 18:10:00"/>
      <generic_descriptor tag="0x85">
        7C 70 7C 70 98 A5 FF
      </generic_descriptor>
      <service_descriptor service_type="0x01" service_provider_name="" service_name="NHK総合1・熊本"/>
      <extended_broadcaster_descriptor broadcaster_type="0x01" terrestrial_broadcaster_id="0x7C71">
        <affiliation id="0x00"/>
        <affiliation id="0x01"/>
        <broadcaster original_network_id="0x0004" broadcaster_id="0x01"/>
      </extended_broadcaster_descriptor>
      <short_event_descriptor language_code="jpn">
        <event_name>クマロク！　▽大相撲　川副と熊本地震　▽週末お出かけ情報！</event_name>
        <text>▽大相撲　川副と熊本地震　▽週末お出かけ情報！</text>
      </short_event_descriptor>
      <extended_event_descriptor descriptor_number="0" last_descriptor_number="1" language_code="jpn">
        <text></text>
        <item>
          <description>番組内容</description>
          <name>大相撲幕下・川副と熊本地震▽週末お出かけ情報▽ほか県内のニュース▽お便りはＦＡＸ番号０９６・３１１・５３７６まで。ＮＨＫ熊本放送局のホームページからも受け付けています。</name>
        </item>
      </extended_event_descriptor>
      <extended_event_descriptor descriptor_number="1" last_descriptor_number="1" language_code="jpn">
        <text></text>
        <item>
          <description>出演者</description>
          <name>【キャスター】石井隆広，吉岡篤史，赤塚安莉，芹口いつみ，時川莉野，【気象キャスター】結城弘汰</name>
        </item>
      </extended_event_descriptor>
      <component_descriptor stream_content="0x01" stream_content_ext="0x0F" component_type="0x03" component_tag="0x00" language_code="jpn" text=""/>
      <audio_component_descriptor stream_content="0x02" component_type="0x01" component_tag="0x10" stream_type="0x0F" main_component="true" quality_indicator="2" sampling_rate="7" ISO_639_language_code="jpn"/>
      <content_descriptor>
        <content content_nibble_level_1="0" content_nibble_level_2="9" user_byte="0xFF"/>
        <content content_nibble_level_1="0" content_nibble_level_2="1" user_byte="0xFF"/>
        <content content_nibble_level_1="1" content_nibble_level_2="0" user_byte="0xFF"/>
      </content_descriptor>
    </service>
  </selection_information_table>
</tsduck>
