<?xml version="1.0" encoding="UTF-8"?>
<tsduck>
  <PMT service_id="20" PCR_PID="221">
    <component elementary_PID="221" stream_type="0x1B"/>
    <component elementary_PID="222" stream_type="0x06">
      <ISO_639_language_descriptor>
        <language code="fra" audio_type="0"/>
      </ISO_639_language_descriptor>
      <DVB_AC3_descriptor component_type="0x42"/>
    </component>
  </PMT>
</tsduck>
