<?xml version="1.0" encoding="UTF-8"?>
<tsduck>
  <EIT type="pf" version="15" current="true" actual="true" service_id="0x0415" transport_stream_id="0x0004" original_network_id="0x20FA" last_table_id="0x4E">
    <metadata PID="18"/>
    <event event_id="0x0047" start_time="2019-01-22 12:45:00" duration="00:55:00" running_status="running" CA_mode="false">
      <short_event_descriptor language_code="fre">
        <event_name>Le magazine de la santé</event_name>
        <text>Magazine de la santé présenté par Marina Carrère d'Encausse, Régis Boxelé.</text>
      </short_event_descriptor>
      <extended_event_descriptor descriptor_number="0" last_descriptor_number="0" language_code="fre">
        <text>Les animateurs abordent les nombreux sujets qui préoccupent les téléspectateurs.</text>
      </extended_event_descriptor>
      <content_descriptor>
        <content content_nibble_level_1="10" content_nibble_level_2="7" user_byte="0x00"/>
      </content_descriptor>
      <parental_rating_descriptor>
        <country country_code="fra" rating="0x00"/>
      </parental_rating_descriptor>
      <component_descriptor stream_content="0x05" stream_content_ext="0x0F" component_type="0x0B" component_tag="0x01" language_code="fre" text="video, 16:9 without pan vector, 25Hz"/>
      <component_descriptor stream_content="0x03" stream_content_ext="0x0F" component_type="0x24" component_tag="0x05" language_code="fre" text="DVB subtitles (for the hard of hearing) for display on 16:9 aspect ratio monitor"/>
      <component_descriptor stream_content="0x04" stream_content_ext="0x0F" component_type="0xC2" component_tag="0x02" language_code="fre" text="stereo"/>
    </event>
    <event event_id="0x0048" start_time="2019-01-22 13:40:00" duration="00:35:00" running_status="not-running" CA_mode="false">
      <short_event_descriptor language_code="fre">
        <event_name>Allô, docteurs !</event_name>
        <text>Magazine de la santé présenté par Marina Carrère d'Encausse, Philippe Charlier.</text>
      </short_event_descriptor>
      <extended_event_descriptor descriptor_number="0" last_descriptor_number="0" language_code="fre">
        <text>Entourés de spécialistes et de témoins, les animateurs répondent aux questions des téléspectateurs concernant la thématique du jour.</text>
      </extended_event_descriptor>
      <content_descriptor>
        <content content_nibble_level_1="10" content_nibble_level_2="7" user_byte="0x00"/>
      </content_descriptor>
      <parental_rating_descriptor>
        <country country_code="fra" rating="0x00"/>
      </parental_rating_descriptor>
      <component_descriptor stream_content="0x05" stream_content_ext="0x0F" component_type="0x0B" component_tag="0x01" language_code="fre" text="video, 16:9 without pan vector, 25Hz"/>
      <component_descriptor stream_content="0x03" stream_content_ext="0x0F" component_type="0x24" component_tag="0x05" language_code="fre" text="DVB subtitles (for the hard of hearing) for display on 16:9 aspect ratio monitor"/>
      <component_descriptor stream_content="0x04" stream_content_ext="0x0F" component_type="0xC2" component_tag="0x02" language_code="fre" text="stereo"/>
    </event>
  </EIT>
  <EIT type="pf" version="9" current="true" actual="true" service_id="0x0416" transport_stream_id="0x0004" original_network_id="0x20FA" last_table_id="0x4E">
    <metadata PID="18"/>
    <event event_id="0x0020" start_time="2019-01-22 12:15:00" duration="00:55:00" running_status="running" CA_mode="false">
      <short_event_descriptor language_code="fre">
        <event_name>La petite maison dans la prairie</event_name>
        <text></text>
      </short_event_descriptor>
      <extended_event_descriptor descriptor_number="0" last_descriptor_number="0" language_code="fre">
        <text>Pour empêcher le divorce de ses parents, le jeune Jordan Herzog fait semblant d'être devenu aveugle. Laura est au courant de la supercherie et elle hésite à garder le secret...</text>
      </extended_event_descriptor>
      <parental_rating_descriptor>
        <country country_code="fra" rating="0x00"/>
      </parental_rating_descriptor>
      <content_descriptor>
        <content content_nibble_level_1="1" content_nibble_level_2="2" user_byte="0x00"/>
        <content content_nibble_level_1="1" content_nibble_level_2="0" user_byte="0x00"/>
      </content_descriptor>
      <component_descriptor stream_content="0x05" stream_content_ext="0x0F" component_type="0x0B" component_tag="0x01" language_code="fre" text="video, 16:9 without pan vector, 25Hz"/>
      <component_descriptor stream_content="0x04" stream_content_ext="0x0F" component_type="0xC5" component_tag="0x02" language_code="fre" text="multi-channel 5.1"/>
    </event>
    <event event_id="0x0021" start_time="2019-01-22 13:10:00" duration="00:55:00" running_status="not-running" CA_mode="false">
      <short_event_descriptor language_code="fre">
        <event_name>La petite maison dans la prairie</event_name>
        <text></text>
      </short_event_descriptor>
      <extended_event_descriptor descriptor_number="0" last_descriptor_number="1" language_code="fre">
        <text>Toby Noe, un homme que la famille Ingalls a rencontré à Winoka, arrive à Walnut Grove. Charles propose de l'héberger provisoirement mais le nouveau pensionnaire prend ses aises. Pour s'en débarrasser, les Ingalls décident de lui faire rencontre</text>
      </extended_event_descriptor>
      <extended_event_descriptor descriptor_number="1" last_descriptor_number="1" language_code="fre">
        <text>r la veuve Cooper...</text>
      </extended_event_descriptor>
      <parental_rating_descriptor>
        <country country_code="fra" rating="0x00"/>
      </parental_rating_descriptor>
      <content_descriptor>
        <content content_nibble_level_1="1" content_nibble_level_2="2" user_byte="0x00"/>
        <content content_nibble_level_1="1" content_nibble_level_2="0" user_byte="0x00"/>
      </content_descriptor>
      <component_descriptor stream_content="0x05" stream_content_ext="0x0F" component_type="0x0B" component_tag="0x01" language_code="fre" text="video, 16:9 without pan vector, 25Hz"/>
      <component_descriptor stream_content="0x04" stream_content_ext="0x0F" component_type="0xC5" component_tag="0x02" language_code="fre" text="multi-channel 5.1"/>
    </event>
  </EIT>
  <EIT type="pf" version="4" current="true" actual="true" service_id="0x0407" transport_stream_id="0x0004" original_network_id="0x20FA" last_table_id="0x4E">
    <metadata PID="18"/>
    <event event_id="0x0030" start_time="2019-01-22 12:37:41" duration="01:59:43" running_status="running" CA_mode="false">
      <short_event_descriptor language_code="fre">
        <event_name>Conte d'été</event_name>
        <text></text>
      </short_event_descriptor>
      <extended_event_descriptor descriptor_number="0" last_descriptor_number="1" language_code="fre">
        <text>Film d'Eric Rohmer (France, 1996, 1h50mn) En vacances à Dinard, Gaspard (à qui il n'arrive jamais rien) se retrouve obligé de choisir entre trois filles : Léna, qu'il dit aimer, Solène, prête à tout pour le séduire, et Margot, qui lui plaît de </text>
      </extended_event_descriptor>
      <extended_event_descriptor descriptor_number="1" last_descriptor_number="1" language_code="fre">
        <text>plus en plus... Éric Rohmer réalise un délicieux marivaudage breton, avec le ténébreux Melvil Poupaud.
AUDIO 1 : FRANÇAIS / AUDIO 2 : ALLEMAND / AUDIO 4 : AUDIOVISION
Sous-titres pour sourds et malentendants disponibles pour ce programme</text>
      </extended_event_descriptor>
      <parental_rating_descriptor>
        <country country_code="fra" rating="0x00"/>
      </parental_rating_descriptor>
      <content_descriptor>
        <content content_nibble_level_1="1" content_nibble_level_2="0" user_byte="0x00"/>
      </content_descriptor>
      <component_descriptor stream_content="0x05" stream_content_ext="0x0F" component_type="0x0B" component_tag="0x01" language_code="fre" text="video, 16:9 without pan vector, 25Hz"/>
      <component_descriptor stream_content="0x04" stream_content_ext="0x0F" component_type="0xC2" component_tag="0x02" language_code="fre" text="stereo"/>
      <component_descriptor stream_content="0x04" stream_content_ext="0x0F" component_type="0xD2" component_tag="0x03" language_code="qad" text="stereo"/>
      <component_descriptor stream_content="0x04" stream_content_ext="0x0F" component_type="0xC2" component_tag="0x07" language_code="deu" text="stereo"/>
      <component_descriptor stream_content="0x03" stream_content_ext="0x0F" component_type="0x24" component_tag="0x05" language_code="fre" text="Sous-titrage malentendant français"/>
      <component_descriptor stream_content="0x03" stream_content_ext="0x0F" component_type="0x14" component_tag="0x08" language_code="deu" text="Sous-titrage partiel allemand"/>
    </event>
    <event event_id="0x0031" start_time="2019-01-22 14:37:24" duration="00:52:16" running_status="not-running" CA_mode="false">
      <short_event_descriptor language_code="fre">
        <event_name>Bhoutan, le royaume du bonheur</event_name>
        <text></text>
      </short_event_descriptor>
      <extended_event_descriptor descriptor_number="0" last_descriptor_number="1" language_code="fre">
        <text>Documentaire de Min Yong-Eung (Corée du Sud, 2011, 52mn) Depuis 1972, le Bhoutan s'efforce d'améliorer son indice BNB (bonheur national brut). À travers le témoignage de plusieurs familles, portrait d'un pays pauvre mais riche sur le plan spiri</text>
      </extended_event_descriptor>
      <extended_event_descriptor descriptor_number="1" last_descriptor_number="1" language_code="fre">
        <text>tuel, qui préfère la lenteur à la croissance et compte plus de moines que de policiers.
AUDIO 1 : FRANÇAIS / AUDIO 2 : ALLEMAND
Sous-titres pour sourds et malentendants disponibles pour ce programme</text>
      </extended_event_descriptor>
      <parental_rating_descriptor>
        <country country_code="fra" rating="0x00"/>
      </parental_rating_descriptor>
      <content_descriptor>
        <content content_nibble_level_1="8" content_nibble_level_2="2" user_byte="0x00"/>
      </content_descriptor>
      <component_descriptor stream_content="0x05" stream_content_ext="0x0F" component_type="0x0B" component_tag="0x01" language_code="fre" text="video, 16:9 without pan vector, 25Hz"/>
      <component_descriptor stream_content="0x04" stream_content_ext="0x0F" component_type="0xC2" component_tag="0x02" language_code="fre" text="stereo"/>
      <component_descriptor stream_content="0x04" stream_content_ext="0x0F" component_type="0xC2" component_tag="0x07" language_code="deu" text="stereo"/>
      <component_descriptor stream_content="0x03" stream_content_ext="0x0F" component_type="0x24" component_tag="0x05" language_code="fre" text="Sous-titrage malentendant français"/>
      <component_descriptor stream_content="0x03" stream_content_ext="0x0F" component_type="0x14" component_tag="0x08" language_code="deu" text="Sous-titrage partiel allemand"/>
    </event>
  </EIT>
  <EIT type="pf" version="3" current="true" actual="true" service_id="0x0402" transport_stream_id="0x0004" original_network_id="0x20FA" last_table_id="0x4E">
    <metadata PID="18"/>
    <event event_id="0x001C" start_time="2019-01-22 12:35:00" duration="00:50:00" running_status="running" CA_mode="false">
      <short_event_descriptor language_code="fre">
        <event_name>NCIS</event_name>
        <text></text>
      </short_event_descriptor>
      <extended_event_descriptor descriptor_number="0" last_descriptor_number="1" language_code="fre">
        <text>McGee découvre qu'un des personnages dont il s'est inspiré pour écrire son dernier roman, un quartier-maître, vient d'être assassiné. Deux autres Marines sont ensuite tués de la manière que dans son récit. Gibbs somme alors son équipe de lire l</text>
      </extended_event_descriptor>
      <extended_event_descriptor descriptor_number="1" last_descriptor_number="1" language_code="fre">
        <text>e manuscrit pour y débusquer l'assassin.</text>
      </extended_event_descriptor>
      <parental_rating_descriptor>
        <country country_code="fra" rating="0x07"/>
      </parental_rating_descriptor>
      <content_descriptor>
        <content content_nibble_level_1="1" content_nibble_level_2="1" user_byte="0x00"/>
      </content_descriptor>
      <component_descriptor stream_content="0x05" stream_content_ext="0x0F" component_type="0x0B" component_tag="0x01" language_code="fre" text="video, 16:9 without pan vector, 25Hz"/>
      <component_descriptor stream_content="0x04" stream_content_ext="0x0F" component_type="0xC5" component_tag="0x02" language_code="fre" text="multi-channel 5.1"/>
      <component_descriptor stream_content="0x03" stream_content_ext="0x0F" component_type="0x24" component_tag="0x05" language_code="fre" text="DVB subtitles (for the hard of hearing) for display on 16:9 aspect ratio monitor"/>
    </event>
    <event event_id="0x001D" start_time="2019-01-22 13:25:00" duration="00:55:00" running_status="not-running" CA_mode="false">
      <short_event_descriptor language_code="fre">
        <event_name>NCIS</event_name>
        <text></text>
      </short_event_descriptor>
      <extended_event_descriptor descriptor_number="0" last_descriptor_number="1" language_code="fre">
        <text>L'informateur qui devait livrer La Grenouille au NCIS a été exécuté sous les yeux de la directrice Shepard, qui avait pris l'initiative de se rendre seule au rendez-vous. Cette dernière, pourtant impliquée dans la fusillade, exerce une forte pr</text>
      </extended_event_descriptor>
      <extended_event_descriptor descriptor_number="1" last_descriptor_number="1" language_code="fre">
        <text>ession sur la CIA et le FBI pour faire avancer son enquête. Pendant ce temps, Tony dîne avec Jeanne et sa mère pour la première fois.</text>
      </extended_event_descriptor>
      <parental_rating_descriptor>
        <country country_code="fra" rating="0x07"/>
      </parental_rating_descriptor>
      <content_descriptor>
        <content content_nibble_level_1="1" content_nibble_level_2="1" user_byte="0x00"/>
      </content_descriptor>
      <component_descriptor stream_content="0x05" stream_content_ext="0x0F" component_type="0x0B" component_tag="0x01" language_code="fre" text="video, 16:9 without pan vector, 25Hz"/>
      <component_descriptor stream_content="0x04" stream_content_ext="0x0F" component_type="0xC5" component_tag="0x02" language_code="fre" text="multi-channel 5.1"/>
      <component_descriptor stream_content="0x03" stream_content_ext="0x0F" component_type="0x24" component_tag="0x05" language_code="fre" text="DVB subtitles (for the hard of hearing) for display on 16:9 aspect ratio monitor"/>
    </event>
  </EIT>
  <EIT type="pf" version="10" current="true" actual="false" service_id="0x0A02" transport_stream_id="0x000A" original_network_id="0x20FA" last_table_id="0x4F">
    <metadata PID="18"/>
    <event event_id="0x0015" start_time="2019-01-22 12:00:00" duration="01:45:00" running_status="running" CA_mode="false">
      <short_event_descriptor language_code="fre">
        <event_name>Biathlon</event_name>
        <text></text>
      </short_event_descriptor>
      <extended_event_descriptor descriptor_number="0" last_descriptor_number="0" language_code="fre">
        <text></text>
      </extended_event_descriptor>
      <content_descriptor>
        <content content_nibble_level_1="4" content_nibble_level_2="0" user_byte="0x2C"/>
      </content_descriptor>
      <parental_rating_descriptor>
        <country country_code="fra" rating="0x00"/>
      </parental_rating_descriptor>
      <component_descriptor stream_content="0x02" stream_content_ext="0x0F" component_type="0x03" component_tag="0x02" language_code="fre" text="AudioTrack"/>
      <component_descriptor stream_content="0x01" stream_content_ext="0x0F" component_type="0x01" component_tag="0x01" language_code="fre" text=""/>
    </event>
    <event event_id="0x0016" start_time="2019-01-22 13:45:00" duration="00:15:00" running_status="not-running" CA_mode="false">
      <short_event_descriptor language_code="fre">
        <event_name>Biathlon</event_name>
        <text>Les Allemands Arnd Peiffer et Benedikt Doll ont à coeur de bien figurer lors de cette étape de la Coupe du monde à Ruhpolding.</text>
      </short_event_descriptor>
      <extended_event_descriptor descriptor_number="0" last_descriptor_number="0" language_code="fre">
        <text></text>
      </extended_event_descriptor>
      <content_descriptor>
        <content content_nibble_level_1="4" content_nibble_level_2="0" user_byte="0x2C"/>
      </content_descriptor>
      <parental_rating_descriptor>
        <country country_code="fra" rating="0x00"/>
      </parental_rating_descriptor>
      <component_descriptor stream_content="0x02" stream_content_ext="0x0F" component_type="0x03" component_tag="0x02" language_code="fre" text="AudioTrack"/>
      <component_descriptor stream_content="0x01" stream_content_ext="0x0F" component_type="0x01" component_tag="0x01" language_code="fre" text=""/>
    </event>
  </EIT>
  <EIT type="pf" version="6" current="true" actual="false" service_id="0x0304" transport_stream_id="0x0003" original_network_id="0x20FA" last_table_id="0x4F">
    <metadata PID="18"/>
    <event event_id="0x402D" start_time="2019-01-22 12:25:00" duration="01:12:00" running_status="running" CA_mode="true">
      <short_event_descriptor language_code="fre">
        <event_name>Priorat</event_name>
        <text>Documentaire espagnol réalisé par David Castro en 2016.</text>
      </short_event_descriptor>
      <component_descriptor stream_content="0x02" stream_content_ext="0x0F" component_type="0x03" component_tag="0x01" language_code="fre" text=""/>
      <component_descriptor stream_content="0x01" stream_content_ext="0x0F" component_type="0x0B" component_tag="0x05" language_code="fre" text=""/>
      <content_descriptor>
        <content content_nibble_level_1="9" content_nibble_level_2="4" user_byte="0x48"/>
        <content content_nibble_level_1="11" content_nibble_level_2="15" user_byte="0x00"/>
      </content_descriptor>
      <extended_event_descriptor descriptor_number="0" last_descriptor_number="0" language_code="fre">
        <text>
REDIFFUSION : le 28 Jan à 13:10</text>
      </extended_event_descriptor>
      <parental_rating_descriptor>
        <country country_code="fra" rating="0x00"/>
      </parental_rating_descriptor>
    </event>
    <event event_id="0x402E" start_time="2019-01-22 13:37:00" duration="00:52:00" running_status="not-running" CA_mode="true">
      <short_event_descriptor language_code="fre">
        <event_name>Le choc des continents</event_name>
        <text>Documentaire britannique réalisé par Arif Nurmohamed, Helen Quinn en 2013 (3/4). "L'Amérique".</text>
      </short_event_descriptor>
      <component_descriptor stream_content="0x02" stream_content_ext="0x0F" component_type="0x03" component_tag="0x01" language_code="fre" text=""/>
      <component_descriptor stream_content="0x01" stream_content_ext="0x0F" component_type="0x0B" component_tag="0x05" language_code="fre" text=""/>
      <content_descriptor>
        <content content_nibble_level_1="9" content_nibble_level_2="2" user_byte="0x44"/>
        <content content_nibble_level_1="11" content_nibble_level_2="15" user_byte="0x00"/>
      </content_descriptor>
      <extended_event_descriptor descriptor_number="0" last_descriptor_number="0" language_code="fre">
        <text>
Episode : 3 / 4
REDIFFUSION : le 28 Jan à 14:20</text>
      </extended_event_descriptor>
      <parental_rating_descriptor>
        <country country_code="fra" rating="0x00"/>
      </parental_rating_descriptor>
    </event>
  </EIT>
  <EIT type="pf" version="28" current="true" actual="false" service_id="0x0201" transport_stream_id="0x0002" original_network_id="0x20FA" last_table_id="0x4F">
    <metadata PID="18"/>
    <event event_id="0x0011" start_time="2019-01-22 12:30:00" duration="00:30:00" running_status="running" CA_mode="false">
      <short_event_descriptor language_code="fre">
        <event_name>William à midi !</event_name>
        <text>Magazine de société présenté par William Leymergie, Caroline Delage.</text>
      </short_event_descriptor>
      <extended_event_descriptor descriptor_number="0" last_descriptor_number="0" language_code="fre">
        <text>Entouré de chroniqueurs, William Leymergie orchestre une pause ludique consacrée aux questions du quotidien.</text>
      </extended_event_descriptor>
      <content_descriptor>
        <content content_nibble_level_1="8" content_nibble_level_2="2" user_byte="0x00"/>
      </content_descriptor>
      <parental_rating_descriptor>
        <country country_code="fra" rating="0x00"/>
      </parental_rating_descriptor>
      <component_descriptor stream_content="0x05" stream_content_ext="0x0F" component_type="0x0B" component_tag="0x01" language_code="fre" text="MPEG4HD"/>
      <component_descriptor stream_content="0x04" stream_content_ext="0x0F" component_type="0xC2" component_tag="0x02" language_code="fre" text="DD+ VF"/>
      <component_descriptor stream_content="0x03" stream_content_ext="0x0F" component_type="0x24" component_tag="0x05" language_code="fre" text="Malentendant"/>
    </event>
    <event event_id="0x0012" start_time="2019-01-22 13:00:00" duration="00:50:00" running_status="not-running" CA_mode="false">
      <short_event_descriptor language_code="fre">
        <event_name>Affaires non classées</event_name>
        <text>Le spectre. Série policière. 2012. Saison 15. 1/6. Après un triple meurtre, Tom Byrne reconnait la signature d'une mystérieuse tueuse en série surnommée «le Spectre», qu'il traque depuis des années.</text>
      </short_event_descriptor>
      <extended_event_descriptor descriptor_number="0" last_descriptor_number="0" language_code="fre">
        <text></text>
      </extended_event_descriptor>
      <content_descriptor>
        <content content_nibble_level_1="1" content_nibble_level_2="1" user_byte="0x00"/>
      </content_descriptor>
      <parental_rating_descriptor>
        <country country_code="fra" rating="0x07"/>
      </parental_rating_descriptor>
      <component_descriptor stream_content="0x05" stream_content_ext="0x0F" component_type="0x0B" component_tag="0x01" language_code="fre" text="MPEG4HD"/>
      <component_descriptor stream_content="0x04" stream_content_ext="0x0F" component_type="0xC2" component_tag="0x02" language_code="fre" text="DD+ VF"/>
      <component_descriptor stream_content="0x04" stream_content_ext="0x0F" component_type="0xC2" component_tag="0x04" language_code="fre" text="DD+ VO"/>
      <component_descriptor stream_content="0x03" stream_content_ext="0x0F" component_type="0x24" component_tag="0x05" language_code="fre" text="Malentendant"/>
      <component_descriptor stream_content="0x03" stream_content_ext="0x0F" component_type="0x14" component_tag="0x06" language_code="fre" text="Multilingue"/>
    </event>
  </EIT>
  <EIT type="pf" version="29" current="true" actual="false" service_id="0x0303" transport_stream_id="0x0003" original_network_id="0x20FA" last_table_id="0x4F">
    <metadata PID="18"/>
    <event event_id="0x1E84" start_time="2019-01-22 11:52:00" duration="01:54:00" running_status="running" CA_mode="true">
      <short_event_descriptor language_code="fre">
        <event_name>Laird Hamilton le surfeur de l'extrême</event_name>
        <text>Laird Hamilton le surfeur de l'extrême Documentaire américain réalisé par Rory Kennedy en 2017.</text>
      </short_event_descriptor>
      <component_descriptor stream_content="0x02" stream_content_ext="0x0F" component_type="0x03" component_tag="0x01" language_code="fre" text=""/>
      <component_descriptor stream_content="0x02" stream_content_ext="0x0F" component_type="0x03" component_tag="0x01" language_code="eng" text=""/>
      <component_descriptor stream_content="0x01" stream_content_ext="0x0F" component_type="0x0B" component_tag="0x05" language_code="fre" text=""/>
      <content_descriptor>
        <content content_nibble_level_1="4" content_nibble_level_2="0" user_byte="0x41"/>
        <content content_nibble_level_1="11" content_nibble_level_2="15" user_byte="0x01"/>
        <content content_nibble_level_1="11" content_nibble_level_2="15" user_byte="0x11"/>
      </content_descriptor>
      <component_descriptor stream_content="0x03" stream_content_ext="0x0F" component_type="0x01" component_tag="0x0C" language_code="fre" text=""/>
      <parental_rating_descriptor>
        <country country_code="fra" rating="0x00"/>
      </parental_rating_descriptor>
    </event>
    <event event_id="0x1E85" start_time="2019-01-22 13:46:00" duration="00:52:00" running_status="not-running" CA_mode="true">
      <short_event_descriptor language_code="fre">
        <event_name>Rallye - Championnat du monde 2019</event_name>
        <text>Championnat du monde 2019. Présentation de la saison.</text>
      </short_event_descriptor>
      <component_descriptor stream_content="0x02" stream_content_ext="0x0F" component_type="0x03" component_tag="0x01" language_code="fre" text=""/>
      <component_descriptor stream_content="0x01" stream_content_ext="0x0F" component_type="0x0B" component_tag="0x05" language_code="fre" text=""/>
      <content_descriptor>
        <content content_nibble_level_1="4" content_nibble_level_2="7" user_byte="0x23"/>
        <content content_nibble_level_1="11" content_nibble_level_2="15" user_byte="0x00"/>
      </content_descriptor>
      <extended_event_descriptor descriptor_number="0" last_descriptor_number="0" language_code="fre">
        <text>
REDIFFUSION : le 22 Jan à 23:50</text>
      </extended_event_descriptor>
      <parental_rating_descriptor>
        <country country_code="fra" rating="0x00"/>
      </parental_rating_descriptor>
    </event>
  </EIT>
</tsduck>
