<?xml version="1.0" encoding="UTF-8"?>
<tsduck>

  <DCT network_id="0x1234" transmission_rate="234"/>

  <DCT network_id="0xABCD" transmission_rate="15">
    <transport_stream id="0xCDEF" DL_PID="0x1234"/>
    <transport_stream id="0x3456" DL_PID="0x1235" ECM_PID="0x1236">
      <model maker_id="1" model_id="2" version_id="3" DLT_size="4"/>
      <model maker_id="0x91" model_id="0x92" version_id="0x93" DLT_size="248"/>
    </transport_stream>
  </DCT>

  <DLT maker_id="1" model_id="2" version_id="3" Lsection_number="4" last_Lsection_number="5"/>

  <DLT maker_id="10" model_id="11" version_id="12" Lsection_number="13" last_Lsection_number="14">
    <model_info>
      DEAD BEEF
    </model_info>
    <code_data>
      0123456789ABCDEF
    </code_data>
  </DLT>

  <AMT/>

  <AMT version="15">
    <service service_id="0x1234" src="101.102.103.104/24" dst="221.222.223.224/15"/>
    <service service_id="0x5678" src="fd00::5cb0:3a35:cbbb:3a9e/64" dst="fe80::e7:b35f:13b2:5b44/64">
      <private_data>
        DEAD BEEF
      </private_data>
    </service>
  </AMT>

  <CAT>
    <ISDB_character_code_descriptor character_code="1"/>
    <ISDB_character_code_descriptor character_code="0xFE"/>

    <hybrid_information_descriptor format="0"/>
    <hybrid_information_descriptor format="1" component_tag="0xAB" module_id="0xCDEF"/>
    <hybrid_information_descriptor format="2" URL="http://foo/bar"/>

    <material_information_descriptor descriptor_number="1" last_descriptor_number="12"/>
    <material_information_descriptor descriptor_number="5" last_descriptor_number="7">
      <material
          material_type="0xAB"
          material_name="Name 1"
          material_code_type="0"
          material_code="Code 1"
          material_url_type="0xCD"
          material_url="URL 1"/>
      <material
          material_type="0x12"
          material_name="Name 2"
          material_code_type="1"
          material_code="Code 2"
          material_period="12:34:56"
          material_url_type="0xEF"
          material_url="URL 2">
        <reserved_future_use>
          DEAD BEEF
        </reserved_future_use>
      </material>
    </material_information_descriptor>

    <ISDB_CA_startup_descriptor
        CA_system_ID="0xABCD"
        CA_program_ID="0x1234"
        load_indicator="0x27"/>
    <ISDB_CA_startup_descriptor
        CA_system_ID="0x5678"
        CA_program_ID="0x1ABC"
        load_indicator="0x28"
        second_CA_program_ID="0x1678"
        second_load_indicator="0x38">
      <exclusion CA_program_ID="0x1234"/>
      <exclusion CA_program_ID="0x0567"/>
      <exclusion CA_program_ID="0x19AB"/>
      <exclusion CA_program_ID="0x0010"/>
      <load_security_info>
        0123456789ABCDEF
      </load_security_info>
      <private_data>
        DEAD BEEF
      </private_data>
    </ISDB_CA_startup_descriptor>

    <ISDB_download_protection_descriptor
        DL_system_ID="0xAB"
        PID="0x1234"
        encrypt_protocol_number="0xCD"/>
    <ISDB_download_protection_descriptor
        DL_system_ID="0x23"
        PID="0x1ABC"
        encrypt_protocol_number="0x23">
      <encrypt_info>
        DEAD BEEF
      </encrypt_info>
    </ISDB_download_protection_descriptor>
  </CAT>

</tsduck>
