<?xml version="1.0" encoding="UTF-8"?>
<tsduck>

  <splice_information_table>
    <splice_null/>
  </splice_information_table>

  <splice_information_table>
    <bandwidth_reservation/>
  </splice_information_table>

  <splice_information_table>
    <time_signal pts_time="123456789"/>
  </splice_information_table>

  <splice_information_table>
    <time_signal/>
  </splice_information_table>

  <splice_information_table>
    <private_command identifier="0xdeadbeef"/>
  </splice_information_table>

  <splice_information_table>
    <private_command identifier="0x12345678">
      98 76 54 32 10
    </private_command>
  </splice_information_table>

  <splice_information_table protocol_version="4" pts_adjustment="456789" tier="0x147">
    <splice_null/>
  </splice_information_table>

  <splice_information_table>
    <splice_insert splice_event_id="0x12345678" splice_event_cancel="true"/>
  </splice_information_table>

  <splice_information_table>
    <splice_insert
        splice_event_id="0x12345678"
        out_of_network="true"
        splice_immediate="true"
        unique_program_id="0x6789"/>
  </splice_information_table>

  <splice_information_table>
    <splice_insert
        splice_event_id="0x12345678"
        out_of_network="true"
        pts_time="789456"
        unique_program_id="0x6754"
        avail_num="1"
        avails_expected="3"/>
  </splice_information_table>

  <splice_information_table>
    <splice_insert
        splice_event_id="0x12345678"
        out_of_network="true"
        unique_program_id="0x6754"
        avail_num="1"
        avails_expected="3">
      <break_duration auto_return="false" duration="456"/>
      <component component_tag="1" pts_time="123789"/>
      <component component_tag="2" pts_time="123751"/>
      <component component_tag="3" pts_time="123801"/>
    </splice_insert>
  </splice_information_table>

  <splice_information_table>
    <splice_schedule/>
  </splice_information_table>

  <splice_information_table>
    <splice_schedule>
      <splice_event
          splice_event_id="0x78912305"
          splice_event_cancel="true"/>
      <splice_event
          splice_event_id="0x78914861"
          out_of_network="true"
          utc_splice_time="1525032898"
          unique_program_id="0x4562">
        <break_duration auto_return="true" duration="64565"/>
      </splice_event>
      <splice_event
          splice_event_id="0x78914861"
          out_of_network="false"
          unique_program_id="0x4562">
        <component component_tag="1" utc_splice_time="1525032891"/>
        <component component_tag="2" utc_splice_time="1525032910"/>
      </splice_event>
    </splice_schedule>
    <splice_avail_descriptor provider_avail_id="0x98765432"/>
    <splice_DTMF_descriptor preroll="8" DTMF="*1234#"/>
    <splice_time_descriptor TAI_seconds="1525032891" TAI_ns="1234" UTC_offset="21"/>
    <splice_segmentation_descriptor
        segmentation_event_id="0xdeadbeef"
        segmentation_event_cancel="true"/>
    <splice_segmentation_descriptor
        segmentation_event_id="0xBEEFBEEF"
        segmentation_type_id="0x10"
        segment_num="0"
        segments_expected="1">
      <segmentation_upid type="0x03">
        01 02 03 04
      </segmentation_upid>
    </splice_segmentation_descriptor>
    <splice_segmentation_descriptor
        segmentation_event_id="0x36985214"
        web_delivery_allowed="true"
        no_regional_blackout="false"
        archive_allowed="false"
        device_restrictions="1"
        segmentation_duration="987654"
        segmentation_type_id="0x34"
        segment_num="1"
        segments_expected="7"
        sub_segment_num="2"
        sub_segments_expected="4">
      <segmentation_upid type="0x0B">
        78 96 54 12 30
      </segmentation_upid>
      <component component_tag="1" pts_offset="123"/>
      <component component_tag="2" pts_offset="456"/>
    </splice_segmentation_descriptor>
  </splice_information_table>

  <!-- See issue #51 -->
  <splice_information_table protocol_version="0" pts_adjustment="0" tier="0x0FFF">
    <splice_insert splice_event_id="0x00000001" out_of_network="true" splice_immediate="true" unique_program_id="0x0001">
      <break_duration auto_return="false" duration="6,750,000"/>
    </splice_insert>
    <splice_avail_descriptor identifier="0x43554549" provider_avail_id="0x00000012"/>
  </splice_information_table>

  <splice_information_table>
    <splice_null/>
    <splice_audio_descriptor/>
    <splice_audio_descriptor>
      <audio component_tag="0x89"
             ISO_code="foo"
             Bit_Stream_Mode="6"
             Num_Channels="14"
             Full_Srvc_Audio="true"/>
      <audio component_tag="0x12"
             ISO_code="bar"
             Bit_Stream_Mode="2"
             Num_Channels="3"
             Full_Srvc_Audio="false"/>
    </splice_audio_descriptor>
  </splice_information_table>

</tsduck>
