<?xml version="1.0" encoding="UTF-8"?>
<tsduck>

  <SAT version="1" current="true" satellite_table_id="0" table_count="0">
 
	<!-- satellite_table_id=0 -> satellite_position_v2_info -->
	<satellite_position_v2_info>
	
		<satellite_position satellite_id="0x192">
			<geostationary orbital_position="19.2" west_east_flag="east"/>
		</satellite_position>
		
		<satellite_position satellite_id="0x123456">
			<earth_orbiting 
				epoch_year="22" day_of_the_year="176" day_fraction="14.75"
				mean_motion_first_derivative="23456.78" mean_motion_second_derivative="123.4567"
				drag_term="0.00001" inclination="35.791"
				right_ascension_of_the_ascending_node="65.12"
				eccentricity="0.34"
				argument_of_perigree="17.89"
				mean_anomaly="0.034" mean_motion="12.345"/>
		</satellite_position>
		
	</satellite_position_v2_info>

  </SAT>

  <SAT version="1" current="true" satellite_table_id="0" table_count="0">
 
	<!-- satellite_table_id=0 -> satellite_position_v2_info -->
	<satellite_position_v2_info>
	
		<satellite_position satellite_id="0x111111">
			<geostationary orbital_position="21.7" west_east_flag="west"/>
		</satellite_position>
				
	</satellite_position_v2_info>

  </SAT>

  <SAT version="1" current="true" satellite_table_id="1" table_count="0">
 
	<!-- satellite_table_id=1 -> cell_fragment_info -->
	<cell_fragment_info>
	
		<cell_fragment cell_fragment_id="1" first_occurence="true" last_occurence="false"
			center_latitude="45234" center_longitude="-19200" max_distance="10000">
			<delivery_system id="0xBEEFBEEF"/>
      <new_delivery_system id="0xDEAD0001">
        <time_of_application base ="1238472730" ext="456"/>
      </new_delivery_system>

      <new_delivery_system id="0xDEAD0002">
        <time_of_application base="22222730" ext="501"/>
      </new_delivery_system>

      <obsolescent_delivery_system id="0x00000001">
        <time_of_obsolescence base="123456789" ext="1"/>
      </obsolescent_delivery_system>
				
		</cell_fragment>
		
	</cell_fragment_info>

  </SAT>


  <SAT version="1" current="true" satellite_table_id="2" table_count="0">
 
	<!-- satellite_table_id=2 -> time_association_info -->
    <time_association_info association_type="0"
      association_timestamp_seconds="12345678901234" association_timestamp_nanoseconds="567890123">
      <ncr base="98765" ext="432"/>
    </time_association_info>
		
  </SAT>


  <SAT version="1" current="true" satellite_table_id="2" table_count="0">
 
	<!-- satellite_table_id=2 -> time_association_info -->
    <time_association_info association_type="1"
      leap59="true" leap61="false" past_leap59="false" past_leap61="true"
      association_timestamp_seconds="200000002" association_timestamp_nanoseconds="200000002">
      <ncr base="65535" ext="255"/>
    </time_association_info>
		
  </SAT>


  <SAT version="1" current="true" satellite_table_id="3" table_count="0">
 
	<!-- satellite_table_id=3 -> beamhopping_timeplan_info -->
	<beamhopping_timeplan_info>
	
		<beamhopping_timeplan
			id="0xDEAD0000">
      <time_of_application base="0x100000000" ext="0x100"/>
      <cycle_duration base="0x100" ext="0x100"/>
      <time_plan_mode_0>
        <dwell_duration base="2000" ext="200"/>
        <on_time base="1000" ext="100"/>
      </time_plan_mode_0>
		</beamhopping_timeplan>

		<beamhopping_timeplan
			id="0xDEAD1000">
      <time_of_application base="0x100000001" ext="0x101"/>
      <cycle_duration base="0x101" ext="0x101"/>     
			<time_plan_mode_1 current_slot="5">
				<slot id="1" transmission_on="true"/>
				<slot id="2" transmission_on="false"/>
				<slot id="3" transmission_on="true"/>
				<slot id="5" transmission_on="true"/>
				<slot id="4" transmission_on="false"/>
				<slot id="6" transmission_on="false"/>
			</time_plan_mode_1>
	</beamhopping_timeplan>

    <beamhopping_timeplan
			id="0xDEAD2000">
      <time_of_application base="0x100000002" ext="0x102"/>
      <cycle_duration base="0x102" ext="0x102"/>
      <time_plan_mode_2>
        <grid_size base="0x1111" ext="0x11"/>
        <revisit_duration base="0x2222" ext="0x22"/>
        <sleep_time base="0x3333" ext="0x33"/>
        <sleep_duration base="0x4444" ext="0x44"/>
      </time_plan_mode_2>
    </beamhopping_timeplan>
		
	</beamhopping_timeplan_info>
	
  </SAT>
    
  <SAT version="1" current="true" satellite_table_id="4" table_count="0">
  
	<!-- satellite_table_id=4 -> satellite_position_v3_info -->
	<satellite_position_v3_info oem_version_major="0" oem_version_minor="0">
	  <creation_date year="24" day="152" day_fraction="0.55"/>
	</satellite_position_v3_info>
	
  </SAT>
  
  <SAT version="1" current="true" satellite_table_id="4" table_count="1">

	<!-- satellite_table_id=4 -> satellite_position_v3_info -->
	<satellite_position_v3_info oem_version_major="15" oem_version_minor="0">
	  <creation_date year="20" day="1" day_fraction="0.57"/>
	  <v3_satellite satellite_id="0x010101">
	    <ephemeris_data 
			ephemeris_x="17.123" ephemeris_y="546.23" ephemeris_z="0"
			ephemeris_x_dot="32.171" ephemeris_y_dot="23.645" ephemeris_z_dot="1000"
			ephemeris_x_ddot="1" ephemeris_y_ddot="1" ephemeris_z_ddot="1">
		  <epoch year="0" day="1" day_fraction="0.00"/>  
	    </ephemeris_data>
	    <ephemeris_data 
			ephemeris_x="1000" ephemeris_y="1000" ephemeris_z="1000"
			ephemeris_x_dot="1" ephemeris_y_dot="1" ephemeris_z_dot="1"
			ephemeris_x_ddot="0.25" ephemeris_y_ddot="0.5" ephemeris_z_ddot="0">
		  <epoch year="99" day="365" day_fraction="0.9999"/>
	    </ephemeris_data>
		
	  </v3_satellite>
	</satellite_position_v3_info>
	
  </SAT>


  <SAT version="1" current="true" satellite_table_id="4" table_count="2">
  
	<!-- satellite_table_id=4 -> satellite_position_v3_info -->
	<satellite_position_v3_info oem_version_major="0" oem_version_minor="0">
	  <creation_date year="24" day="152" day_fraction="0.55"/>
	  <v3_satellite satellite_id="0xfefefe" 
		interpolation_type="Hermite" interpolation_degree="4">
		<!-- metadata -->
		<total_start_time year="00" day="12" day_fraction="0.5"/>
		<total_stop_time year="00" day="12" day_fraction="0.76"/>
		<usable_start_time year="00" day="12" day_fraction="0.52"/>
		<usable_stop_time year="00" day="12" day_fraction="0.75"/>
		
		<covariance>
		  <!-- covariance data (epoch and 20 elements) -->
		  <epoch year="00" day="1" day_fraction="0"/>
		  <element>1.1</element>
		  <element>2.2</element>
		  <element>3.3</element>
		  <element>4.4</element>
		  <element>10.010</element>
		  <element>11.011</element>
		  <element>12.00012</element>
		  <element>13.00013</element>
		  <element>999.99999</element>
		  <element>999.99998</element>
		  <element>999.99997</element>
		  <element>999.99996</element>
		  <element>0</element>
		  <element>1000</element>
		  <element>1000000</element>
		  <element>1000000000</element>
		  <element>1234.56789</element>
		  <element>1234.56789</element>
		  <element>1234.56789</element>
		  <element>1234.56789</element>
		  <element>0.000001</element>
		</covariance>
	  </v3_satellite>
	</satellite_position_v3_info>
	
  </SAT>  
  
</tsduck>
