<?xml version="1.0" encoding="UTF-8"?>
<tsduck>

  <EIT service_id="1" transport_stream_id="1" original_network_id="1">
    <metadata attribute="delete"/>
    <event event_id="1001" start_time="2020-07-01 00:30:00" duration="00:30:00"/>
  </EIT>

</tsduck>
