<?xml version="1.0" encoding="UTF-8"?>
<tsduck>
  <TDT UTC_time="2024-09-08 12:01:02"/>
</tsduck>
