<?xml version="1.0" encoding="UTF-8"?>
<tsduck>

  <CAT>

    <ISDB_access_control_descriptor CA_system_id="4" PID="100"/>

    <ISDB_access_control_descriptor CA_system_id="10" transmission_type="2" PID="200">
      <private_data>
        0123456789
      </private_data>
    </ISDB_access_control_descriptor>

    <data_component_descriptor data_component_id="10"/>

    <data_component_descriptor data_component_id="12">
      <additional_data_component_info>
        23 45 67
      </additional_data_component_info>
    </data_component_descriptor>

    <digital_copy_control_descriptor digital_recording_control_data="3"/>

    <digital_copy_control_descriptor
        digital_recording_control_data="1"
        user_defined="2"
        maximum_bitrate="5">
      <component_control
          component_tag="100"
          digital_recording_control_data="0"
          user_defined="10"/>
      <component_control
          component_tag="101"
          digital_recording_control_data="1"
          user_defined="12"
          maximum_bitrate="40"/>
    </digital_copy_control_descriptor>

    <ISDB_terrestrial_delivery_system_descriptor area_code="0x123" guard_interval="1/32" transmission_mode="8k"/>

    <ISDB_terrestrial_delivery_system_descriptor area_code="0xFED" guard_interval="1/16" transmission_mode="mode1">
      <frequency value="600,000,000"/>
      <frequency value="650,000,000"/>
      <frequency value="700,000,000"/>
      <frequency value="750,000,000"/>
    </ISDB_terrestrial_delivery_system_descriptor>

    <partial_reception_descriptor/>

    <partial_reception_descriptor>
      <service id="0x1234"/>
      <service id="0x5678"/>
      <service id="0x9ABC"/>
    </partial_reception_descriptor>

    <TS_information_descriptor remote_control_key_id="0xAB" ts_name="foo"/>

    <TS_information_descriptor remote_control_key_id="0x12" ts_name="bar">
      <transmission_type transmission_type_info="0xEF">
        <service id="0x1234"/>
        <service id="0x5678"/>
        <service id="0x9ABC"/>
      </transmission_type>
      <transmission_type transmission_type_info="0x23"/>
      <reserved_future_use>
        CD EF 12 56
      </reserved_future_use>
    </TS_information_descriptor>

    <logo_transmission_descriptor
        logo_transmission_type="1"
        logo_id="2"
        logo_version="0xABC"
        download_data_id="0x1234"/>

    <logo_transmission_descriptor logo_transmission_type="2" logo_id="0x123"/>

    <logo_transmission_descriptor logo_transmission_type="3" logo_char="log text"/>

    <logo_transmission_descriptor logo_transmission_type="0xDE">
      <reserved_future_use>
        1234 5678
      </reserved_future_use>
    </logo_transmission_descriptor>

    <video_decode_control_descriptor
        still_picture="true"
        sequence_end_code="false"
        video_encode_format="2"/>

    <video_decode_control_descriptor
        still_picture="false"
        sequence_end_code="true"
        video_encode_format="3"
        reserved_future_use="2"/>

    <system_management_descriptor
        broadcasting_flag="0"
        broadcasting_identifier="1"
        additional_broadcasting_identification="0x23"/>

    <system_management_descriptor
        broadcasting_flag="1"
        broadcasting_identifier="2"
        additional_broadcasting_identification="0xAB">
      <additional_identification_info>
        987654
      </additional_identification_info>
    </system_management_descriptor>

    <broadcaster_name_descriptor name="test name"/>

    <content_availability_descriptor
        copy_restriction_mode="true"
        image_constraint_token="false"
        retention_mode="true"
        retention_state="1"
        encryption_mode="false"/>

    <content_availability_descriptor
        copy_restriction_mode="false"
        image_constraint_token="true"
        retention_mode="false"
        retention_state="2"
        encryption_mode="true">
      <reserved_future_use>
        01 23 5678
      </reserved_future_use>
    </content_availability_descriptor>

  </CAT>

  <BIT original_network_id="0x123" broadcast_view_propriety="false"/>

  <BIT version="23" original_network_id="0x8765" broadcast_view_propriety="true">
    <data_component_descriptor data_component_id="0x1234"/>
    <data_component_descriptor data_component_id="0x5678"/>
    <broadcaster broadcaster_id="0xAB"/>
    <broadcaster broadcaster_id="0xCD">
      <data_component_descriptor data_component_id="0x9ABC"/>
      <data_component_descriptor data_component_id="0xDEF1"/>
      <data_component_descriptor data_component_id="0x2345"/>
    </broadcaster>
  </BIT>

  <NBIT original_network_id="0x1234"/>

  <NBIT version="29" original_network_id="0x5432" body="false">
    <information
        information_id="0x1234"
        information_type="2"
        description_body_location="1"
        user_defined="0x23">
      <data_component_descriptor data_component_id="0x9ABC"/>
      <data_component_descriptor data_component_id="0xDEF1"/>
      <data_component_descriptor data_component_id="0x2345"/>
    </information>
    <information
        information_id="0x5678"
        information_type="3"
        description_body_location="2">
      <key id="0xABCD"/>
      <key id="0x5678"/>
      <data_component_descriptor data_component_id="0x7654"/>
      <data_component_descriptor data_component_id="0x5432"/>
    </information>
  </NBIT>

  <LDT version="1"
       original_service_id="0x1234"
       transport_stream_id="0x5678"
       original_network_id="0x9ABC">
    <description description_id="0xABCD">
      <data_component_descriptor data_component_id="0xEF12"/>
      <data_component_descriptor data_component_id="0x3456"/>
      <data_component_descriptor data_component_id="0x789A"/>
    </description>
    <description description_id="0xDEF1">
      <data_component_descriptor data_component_id="0x2345"/>
      <data_component_descriptor data_component_id="0x6789"/>
    </description>
  </LDT>

  <PCAT service_id="0x1234"
        transport_stream_id="0x5678"
        original_network_id="0x9ABC"
        content_id="0x87654321"/>

  <PCAT version="7"
        service_id="0xABCD"
        transport_stream_id="0xEF12"
        original_network_id="0x3456"
        content_id="0x789ABCDE">
    <version content_version="0x4321"
             content_minor_version="0x8765"
             version_indicator="1"/>
    <version content_version="0x7654"
             content_minor_version="0x6789"
             version_indicator="2">
      <schedule start_time="2020-05-08 12:34:56" duration="01:23:45"/>
      <schedule start_time="2020-06-12 23:45:09" duration="22:52:15"/>
      <schedule start_time="2020-07-16 01:12:47" duration="00:45:54"/>
      <data_component_descriptor data_component_id="0xEF12"/>
      <data_component_descriptor data_component_id="0x3456"/>
      <data_component_descriptor data_component_id="0x789A"/>
    </version>
    <version content_version="0x89AB"
             content_minor_version="0xCDEF"
             version_indicator="3">
      <data_component_descriptor data_component_id="0x2345"/>
    </version>
  </PCAT>

  <ITT event_id="0x1234"/>

  <ITT version="7" event_id="0x9876">
    <data_component_descriptor data_component_id="0xEF12"/>
    <data_component_descriptor data_component_id="0x3456"/>
    <data_component_descriptor data_component_id="0x789A"/>
  </ITT>

  <LIT event_id="0x1234"
       service_id="0x5678"
       transport_stream_id="0x9ABC"
       original_network_id="0xDEF1"/>

  <LIT version="6"
       event_id="0xFEDC"
       service_id="0xBA98"
       transport_stream_id="0x7654"
       original_network_id="0x3210">
    <event local_event_id="0x1289"/>
    <event local_event_id="0x3456">
      <data_component_descriptor data_component_id="0xEF12"/>
      <data_component_descriptor data_component_id="0x3456"/>
      <data_component_descriptor data_component_id="0x789A"/>
    </event>
    <event local_event_id="0x5678">
      <data_component_descriptor data_component_id="0x789A"/>
    </event>
  </LIT>

  <ERT event_relation_id="0x1234"
       information_provider_id="0x5678"
       relation_type="1"/>

  <ERT version="27"
       event_relation_id="0x9876"
       information_provider_id="0x5432"
       relation_type="2">
    <relation
        node_id="0x1234"
        collection_mode="1"
        parent_node_id="0x7894"
        reference_number="0x32"/>
    <relation
        node_id="0x1478"
        collection_mode="2"
        parent_node_id="0x3692"
        reference_number="0x45">
      <data_component_descriptor data_component_id="0xEF12"/>
      <data_component_descriptor data_component_id="0x3456"/>
    </relation>
  </ERT>

  <CAT version="2">

    <audio_component_descriptor
        component_type="0x08"
        component_tag="0x12"
        stream_type="0x04"
        quality_indicator="1"
        sampling_rate="2"
        ISO_639_language_code="jpn"/>

    <audio_component_descriptor
        stream_content="0xE"
        component_type="0x40"
        component_tag="0x34"
        stream_type="0x11"
        simulcast_group_tag="0x45"
        main_component="false"
        quality_indicator="3"
        sampling_rate="6"
        ISO_639_language_code="foo"
        ISO_639_language_code_2="bar"
        text="sample text"/>

	<ISDB_target_region_descriptor region_spec_type="0x03"/>
	
	<ISDB_target_region_descriptor region_spec_type="0x01"
	  regions_mask="00000000000000000000000000000000000000000000000000000000"/>
	  
	<ISDB_target_region_descriptor region_spec_type="0x01"
	  regions_mask="11111111111111111111111111111111111111111111111111111111"/>
	  
	<ISDB_target_region_descriptor region_spec_type="0x01"
	  regions_mask="00000000110011000111100101001000011100110100010001111010"/>
	  
	<ISDB_hyperlink_descriptor hyper_linkage_type="0xAA" link_destination_type="0x55">
		<private_data>aa bb cc dd ee ff</private_data>
	</ISDB_hyperlink_descriptor>
	
	<ISDB_hyperlink_descriptor hyper_linkage_type="0x05" link_destination_type="0x01">
		<Service original_network_id="0xAABB" transport_stream_id="0xCCDD" service_id="0xEEFF"/>
	</ISDB_hyperlink_descriptor>
	
	<ISDB_hyperlink_descriptor hyper_linkage_type="0x09" link_destination_type="0x02">
		<Event original_network_id="0xBEEF" transport_stream_id="0xBEEF" service_id="0xBEEF" event_id="0x1234"/>
	</ISDB_hyperlink_descriptor>
	
	<ISDB_hyperlink_descriptor hyper_linkage_type="0x03" link_destination_type="0x03">
		<Module original_network_id="0x0001" transport_stream_id="0x0001" service_id="0x0003" event_id="0x0004"
				component_tag="0x44" module_id="0x9876"/>
	</ISDB_hyperlink_descriptor>
	
	<ISDB_hyperlink_descriptor hyper_linkage_type="0x07" link_destination_type="0x04">
		<Content original_network_id="0xAABB" transport_stream_id="0xCCDD" service_id="0xEEFF" content_id="0x5555"/>
	</ISDB_hyperlink_descriptor>

	<ISDB_hyperlink_descriptor hyper_linkage_type="0x88" link_destination_type="0x05">
		<ContentModule original_network_id="0xAABB" transport_stream_id="0xCCDD" service_id="0xEEFF" content_id="0x5555"
					   component_tag="0xAA" module_id="0x0BCD"/>
	</ISDB_hyperlink_descriptor>

	<ISDB_hyperlink_descriptor hyper_linkage_type="0x19" link_destination_type="0x06">
		<ERTNode information_provider_id="0xAABB" event_relation_id="0xCCDD" node_id="0xEEFF"/>
	</ISDB_hyperlink_descriptor>

	<ISDB_hyperlink_descriptor hyper_linkage_type="0xEF" link_destination_type="0x07">
		<StoredContent uri="https://tsduck.io/"/>
	</ISDB_hyperlink_descriptor>
 
	<ISDB_LDT_linkage_descriptor original_service_id="0xAABB" transport_stream_id="0xCCDD" original_network_id="0xEEFF"/>
	
	<ISDB_LDT_linkage_descriptor original_service_id="0x1111" transport_stream_id="0x2222" original_network_id="0x3333">
		<Description id="0x9876" type="0x2" user_defined="0"/>
		<Description id="0x1234" type="0xF" user_defined="56"/>
		<Description id="0xBEEF" type="0x1" user_defined="202"/>
	</ISDB_LDT_linkage_descriptor>
	
	<ISDB_connected_transmission_descriptor connected_transmission_group_id="0x7654" segment_type="0x2" modulation_type_A="0x0" modulation_type_B="0x0" modulation_type_C="0x2"/>
	
	<ISDB_connected_transmission_descriptor connected_transmission_group_id="0x1357" segment_type="0x1" modulation_type_A="0x1" modulation_type_B="0x2" modulation_type_C="0x3">
		<addtional_connected_transmission_info> 00 00 de ad be ef 00 00 </addtional_connected_transmission_info>
	</ISDB_connected_transmission_descriptor>
	
	<ISDB_component_group_descriptor component_group_type="0x0"/>
	
	<ISDB_component_group_descriptor component_group_type="0x3">
		<component_group component_group_id="0x0" total_bit_rate="12" explanation="main">
			<CAUnit CA_unit_id="0x1"/>
			<CAUnit CA_unit_id="0x2">
				<component_tags>
					01 02 03 04 05 06 07 08
				</component_tags>
			</CAUnit>
			<CAUnit CA_unit_id="0x3">
				<component_tags>
					70 71 72 73 74 75 76 77 78 79 7a 7b 7c 7d 7e
				</component_tags>
			</CAUnit>
		</component_group> 
		<component_group component_group_id="0x1" total_bit_rate="3" explanation="other"/>
	</ISDB_component_group_descriptor>
	
	<ISDB_component_group_descriptor component_group_type="0x4">
		<component_group component_group_id="0x0" explanation="main 2">
			<CAUnit CA_unit_id="0x1"/>
			<CAUnit CA_unit_id="0x2">
				<component_tags>
					0a 09 08 07 06 05 04 03 02 01
				</component_tags>
			</CAUnit>
			<CAUnit CA_unit_id="0x3">
				<component_tags>
					aa bb cc dd ee ff
				</component_tags>
			</CAUnit>
		</component_group> 
		<component_group component_group_id="0x1" explanation="other 2"/>
	</ISDB_component_group_descriptor>

    <SI_parameter_descriptor parameter_version="0x23" update_time="2020-05-01"/>

    <SI_parameter_descriptor parameter_version="0xFA" update_time="2023-12-07">
      <table id="0x00"/>
      <table id="0x02">
        01
      </table>
      <table id="0x42">
        2345
      </table>
      <table id="0xC4">
        6789 ABCD
      </table>
    </SI_parameter_descriptor>

    <SI_prime_TS_descriptor
        parameter_version="0x23"
        update_time="2020-05-01"
        SI_prime_TS_network_id="0x4567"
        SI_prime_transport_stream_id="0x89AB"/>

    <SI_prime_TS_descriptor
        parameter_version="0xFA"
        update_time="2023-12-07"
        SI_prime_TS_network_id="0x8765"
        SI_prime_transport_stream_id="0x4321">
      <table id="0x00"/>
      <table id="0x02">
        01
      </table>
      <table id="0x42">
        2345
      </table>
      <table id="0xC4">
        6789 ABCD
      </table>
    </SI_prime_TS_descriptor>

    <extended_broadcaster_descriptor broadcaster_type="9"/>

    <extended_broadcaster_descriptor broadcaster_type="12">
      <private_data>
        0147
      </private_data>
    </extended_broadcaster_descriptor>

    <extended_broadcaster_descriptor
        broadcaster_type="1"
        terrestrial_broadcaster_id="0x5678">
      <affiliation id="0x12"/>
      <affiliation id="0x34"/>
      <affiliation id="0x56"/>
      <broadcaster original_network_id="0x789A" broadcaster_id="0xBC"/>
      <broadcaster original_network_id="0xDEF1" broadcaster_id="0x23"/>
      <private_data>
        78965412
      </private_data>
    </extended_broadcaster_descriptor>

    <extended_broadcaster_descriptor
        broadcaster_type="2"
        terrestrial_broadcaster_id="0x3456">
      <affiliation id="0x78"/>
      <affiliation id="0x9A"/>
      <broadcaster original_network_id="0xBCDE" broadcaster_id="0xF0"/>
    </extended_broadcaster_descriptor>

    <CA_EMM_TS_descriptor
        CA_system_id="0x1234"
        transport_stream_id="0x5678"
        original_network_id="0x9ABC"
        power_supply_period="0xDE"/>

    <conditional_playback_descriptor CA_system_id="0xABCD" CA_PID="0x1234"/>

    <conditional_playback_descriptor CA_system_id="0x5678" CA_PID="0x0987">
      <private_data>
        741258
      </private_data>
    </conditional_playback_descriptor>

    <CA_service_descriptor CA_system_id="0xFEDC" ca_broadcaster_group_id="0x89" message_control="20"/>

    <CA_service_descriptor CA_system_id="0x1234" ca_broadcaster_group_id="0xDC" message_control="15">
      <service id="0x9876"/>
      <service id="0x6543"/>
      <service id="0x21FE"/>
    </CA_service_descriptor>

    <CA_contract_info_descriptor CA_system_id="0x5678" CA_unit_id="12"/>

    <CA_contract_info_descriptor CA_system_id="0x3456" CA_unit_id="7" fee_name="Test fee">
      <component tag="0x12"/>
      <component tag="0x34"/>
      <component tag="0x56"/>
      <contract_verification_info>
        753951
      </contract_verification_info>
    </CA_contract_info_descriptor>

    <hierarchical_transmission_descriptor high_quality="true" reference_PID="0x2"/>
    <hierarchical_transmission_descriptor high_quality="false" reference_PID="0x1234"/>

    <board_information_descriptor title="Sample title" text="Foo bar"/>

    <event_group_descriptor group_type="1"/>

    <event_group_descriptor group_type="2">
      <actual service_id="0x1234" event_id="0x5678"/>
      <actual service_id="0x9ABC" event_id="0xDEF1"/>
      <private_data>
        963258
      </private_data>
    </event_group_descriptor>

    <event_group_descriptor group_type="5">
      <actual service_id="0x1234" event_id="0x5678"/>
      <actual service_id="0x9ABC" event_id="0xDEF1"/>
      <actual service_id="0x2345" event_id="0x6789"/>
      <other original_network_id="0x4321"
             transport_stream_id="0x8765"
             service_id="0xFEDC"
             event_id="0xBA98"/>
      <other original_network_id="0x1472"
             transport_stream_id="0x2583"
             service_id="0x3691"
             event_id="0x8527"/>
    </event_group_descriptor>

    <data_content_descriptor
        data_component_id="8"
        entry_component="0xEA"
        ISO_639_language_code="foo"
        text="Description text"/>

    <data_content_descriptor
        data_component_id="12"
        entry_component="2"
        ISO_639_language_code="bar"
        text="Barbatruc">
      <selector_bytes>
        123456
      </selector_bytes>
      <component ref="0x12"/>
      <component ref="0x34"/>
      <component ref="0x56"/>
      <component ref="0x78"/>
    </data_content_descriptor>

    <service_group_descriptor service_group_type="0"/>

    <service_group_descriptor service_group_type="1">
      <service primary_service_id="0x1234" secondary_service_id="0x9ABC"/>
      <service primary_service_id="0x5678" secondary_service_id="0xDEF0"/>
    </service_group_descriptor>

    <service_group_descriptor service_group_type="2">
      <private_data>
        74125896
      </private_data>
    </service_group_descriptor>

    <area_broadcasting_information_descriptor/>

    <area_broadcasting_information_descriptor>
      <station station_id="0x654321" location_code="0xABCD" broadcast_signal_format="0x02">
        <additional_station_info>
          9876543210
        </additional_station_info>
      </station>
      <station station_id="0x741852" location_code="0x1234" broadcast_signal_format="0x05"/>
    </area_broadcasting_information_descriptor>

    <emergency_information_descriptor/>

    <emergency_information_descriptor>
      <event service_id="0x1234" started="true" signal_level="0"/>
      <event service_id="0x5678" started="false" signal_level="1">
        <area code="0x123"/>
        <area code="0x456"/>
        <area code="0x789"/>
        <area code="0xABC"/>
        <area code="0xDEF"/>
      </event>
      <event service_id="0xABCD" started="false" signal_level="0"/>
    </emergency_information_descriptor>

    <series_descriptor
        series_id="0x1234"
        repeat_label="1"
        program_pattern="1"
        episode_number="23"
        last_episode_number="47"/>

    <series_descriptor
        series_id="0x5678"
        repeat_label="0"
        program_pattern="5"
        expire_date="2020-05-30"
        episode_number="289"
        last_episode_number="302"
        series_name="Test series"/>

    <short_node_information_descriptor ISO_639_language_code="foo"/>

    <short_node_information_descriptor
        ISO_639_language_code="bar"
        node_name="Test node name"
        text="And its description"/>

    <reference_descriptor
        information_provider_id="0x1234"
        event_relation_id="0x5678"/>

    <reference_descriptor
        information_provider_id="0x9876"
        event_relation_id="0x5432">
      <reference
          reference_node_id="0x1234"
          reference_number="0x56"
          last_reference_number="0x78"/>
      <reference
          reference_node_id="0x9123"
          reference_number="0x45"
          last_reference_number="0x67"/>
    </reference_descriptor>

    <node_relation_descriptor
        reference_node_id="0x1234"
        reference_number="0x56"/>

    <node_relation_descriptor
        reference_type="7"
        information_provider_id="0x9876"
        event_relation_id="0x5432"
        reference_node_id="0x1987"
        reference_number="0x65"/>

    <basic_local_event_descriptor
        segmentation_mode="1"
        start_time_NPT="0x123456789"
        end_time_NPT="0x198765432">
      <component tag="0xAB"/>
      <component tag="0xCD"/>
      <component tag="0xEF"/>
    </basic_local_event_descriptor>

    <basic_local_event_descriptor
        segmentation_mode="2"
        start_time="12:34:56"
        duration="00:23:45"/>

    <basic_local_event_descriptor
        segmentation_mode="3"
        start_time="02:34:56"
        duration="23:45:12"
        start_time_extension="123"
        duration_extension="456">
      <component tag="0xEF"/>
    </basic_local_event_descriptor>

    <basic_local_event_descriptor
        segmentation_mode="8">
      <reserved_data>
        123456
      </reserved_data>
      <component tag="0xAB"/>
      <component tag="0xCD"/>
    </basic_local_event_descriptor>

    <STC_reference_descriptor
        STC_reference_mode="1"
        external_event_id="0x1234"
        external_service_id="0x5678"
        external_network_id="0x9ABC"
        NPT_reference="0x123456789"
        STC_reference="0x198765432"/>

    <STC_reference_descriptor
        STC_reference_mode="5"
        STC_reference="0x123456789"
        time_reference="12:34:56"
        time_reference_extension="789"/>

    <STC_reference_descriptor
        STC_reference_mode="9">
      <reserved_data>
        12345678
      </reserved_data>
    </STC_reference_descriptor>

  </CAT>

  <CDT download_data_id="0x1234" original_network_id="0x5678" data_type="0x9A"/>

  <CDT download_data_id="0xDEAD" original_network_id="0xBEEF" data_type="0xF0">
    <scrambling_descriptor scrambling_mode="0x01"/>
    <scrambling_descriptor scrambling_mode="0x02"/>
    <scrambling_descriptor scrambling_mode="0x03"/>
    <data_module>
      0123456789ABCDEF
      A0A1A2A3A4A5A6A7
      B8B9BABBBCBDBEBF
    </data_module>
  </CDT>

</tsduck>
