<?xml version="1.0" encoding="UTF-8"?>
<tsduck>

  <DCT network_id="0x1234" transmission_rate="234"/>

  <DCT network_id="0xABCD" transmission_rate="15">
    <transport_stream id="0xCDEF" DL_PID="0x1234"/>
    <transport_stream id="0x3456" DL_PID="0x1235" ECM_PID="0x1236">
      <model maker_id="1" model_id="2" version_id="3" DLT_size="4"/>
      <model maker_id="0x91" model_id="0x92" version_id="0x93" DLT_size="248"/>
    </transport_stream>
  </DCT>

  <DLT maker_id="1" model_id="2" version_id="3" Lsection_number="4" last_Lsection_number="5"/>

  <DLT maker_id="10" model_id="11" version_id="12" Lsection_number="13" last_Lsection_number="14">
    <model_info>
      DEAD BEEF
    </model_info>
    <code_data>
      0123456789ABCDEF
    </code_data>
  </DLT>

</tsduck>
