<?xml version="1.0" encoding="UTF-8"?>
<tsduck>

  <tuner type="DVB-C"/>

  <defaults delivery="DVB-C/B" bandwidth="4,000,000" directory="../tmp"/>

  <channel frequency="700,000,000"
           modulation="32-QAM"
           symbol_rate="22,000,000"
           FEC_inner="2/3"
           file="test-161.cable.1.ts"/>

  <channel frequency="750,000,000"
           modulation="64-QAM"
           symbol_rate="20,000,000"
           FEC_inner="3/4"
           file="test-161.cable.2.ts"/>

</tsduck>
