<?xml version="1.0" encoding="UTF-8"?>
<tsduck>
  <SDT version="16" current="true" transport_stream_id="0x0004" original_network_id="0x20FA" actual="true">
    <metadata PID="17"/>
    <service service_id="0x0401" EIT_schedule="true" EIT_present_following="true" CA_mode="false" running_status="running">
      <service_descriptor service_type="0x19" service_provider_name="Multi4" service_name="M6"/>
    </service>
    <service service_id="0x0402" EIT_schedule="true" EIT_present_following="true" CA_mode="false" running_status="running">
      <service_descriptor service_type="0x19" service_provider_name="Multi4" service_name="W9"/>
    </service>
    <service service_id="0x0407" EIT_schedule="true" EIT_present_following="true" CA_mode="false" running_status="running">
      <service_descriptor service_type="0x19" service_provider_name="Multi4" service_name="Arte"/>
    </service>
    <service service_id="0x0415" EIT_schedule="true" EIT_present_following="true" CA_mode="false" running_status="running">
      <service_descriptor service_type="0x19" service_provider_name="Multi4" service_name="France 5"/>
    </service>
    <service service_id="0x0416" EIT_schedule="true" EIT_present_following="true" CA_mode="false" running_status="running">
      <service_descriptor service_type="0x19" service_provider_name="Multi4" service_name="6ter"/>
    </service>
  </SDT>
  <NIT version="30" current="true" network_id="0x20FA" actual="true">
    <metadata PID="16"/>
    <network_name_descriptor network_name="F"/>
    <transport_stream transport_stream_id="0x0001" original_network_id="0x20FA" preferred_section="0">
      <terrestrial_delivery_system_descriptor centre_frequency="0" bandwidth="8MHz" priority="HP" no_time_slicing="true" no_MPE_FEC="true" constellation="64-QAM" hierarchy_information="0" code_rate_HP_stream="0x05" code_rate_LP_stream="3/4" guard_interval="1/8" transmission_mode="8k" other_frequency="false"/>
      <private_data_specifier_descriptor private_data_specifier="EACEM"/>
      <eacem_logical_channel_number_descriptor>
        <service service_id="0x0101" logical_channel_number="2" visible_service="true"/>
        <service service_id="0x0104" logical_channel_number="14" visible_service="true"/>
        <service service_id="0x0105" logical_channel_number="19" visible_service="true"/>
        <service service_id="0x0106" logical_channel_number="27" visible_service="true"/>
        <service service_id="0x0113" logical_channel_number="3" visible_service="true"/>
        <service service_id="0x0115" logical_channel_number="3" visible_service="true"/>
        <service service_id="0x0119" logical_channel_number="3" visible_service="true"/>
        <service service_id="0x011A" logical_channel_number="3" visible_service="true"/>
        <service service_id="0x0111" logical_channel_number="3" visible_service="true"/>
        <service service_id="0x0112" logical_channel_number="3" visible_service="true"/>
        <service service_id="0x011F" logical_channel_number="3" visible_service="true"/>
        <service service_id="0x0120" logical_channel_number="3" visible_service="true"/>
        <service service_id="0x0124" logical_channel_number="3" visible_service="true"/>
        <service service_id="0x0143" logical_channel_number="33" visible_service="true"/>
        <service service_id="0x0144" logical_channel_number="33" visible_service="true"/>
        <service service_id="0x0170" logical_channel_number="30" visible_service="true"/>
        <service service_id="0x0171" logical_channel_number="31" visible_service="true"/>
        <service service_id="0x0172" logical_channel_number="32" visible_service="true"/>
        <service service_id="0x0173" logical_channel_number="33" visible_service="true"/>
        <service service_id="0x0174" logical_channel_number="34" visible_service="true"/>
        <service service_id="0x0175" logical_channel_number="35" visible_service="true"/>
        <service service_id="0x0176" logical_channel_number="36" visible_service="true"/>
        <service service_id="0x0177" logical_channel_number="37" visible_service="true"/>
        <service service_id="0x0178" logical_channel_number="38" visible_service="true"/>
        <service service_id="0x0145" logical_channel_number="32" visible_service="true"/>
        <service service_id="0x0146" logical_channel_number="32" visible_service="true"/>
      </eacem_logical_channel_number_descriptor>
      <service_list_descriptor>
        <service service_id="0x0101" service_type="0x01"/>
        <service service_id="0x0104" service_type="0x01"/>
        <service service_id="0x0105" service_type="0x01"/>
        <service service_id="0x0106" service_type="0x01"/>
        <service service_id="0x0113" service_type="0x01"/>
        <service service_id="0x0115" service_type="0x01"/>
        <service service_id="0x0119" service_type="0x01"/>
        <service service_id="0x011A" service_type="0x01"/>
        <service service_id="0x0111" service_type="0x01"/>
        <service service_id="0x0112" service_type="0x01"/>
        <service service_id="0x011F" service_type="0x01"/>
        <service service_id="0x0120" service_type="0x01"/>
        <service service_id="0x0124" service_type="0x01"/>
        <service service_id="0x0143" service_type="0x01"/>
        <service service_id="0x0144" service_type="0x01"/>
        <service service_id="0x0170" service_type="0x01"/>
        <service service_id="0x0171" service_type="0x01"/>
        <service service_id="0x0172" service_type="0x01"/>
        <service service_id="0x0173" service_type="0x01"/>
        <service service_id="0x0174" service_type="0x01"/>
        <service service_id="0x0175" service_type="0x01"/>
        <service service_id="0x0176" service_type="0x01"/>
        <service service_id="0x0177" service_type="0x01"/>
        <service service_id="0x0178" service_type="0x01"/>
        <service service_id="0x0145" service_type="0x01"/>
        <service service_id="0x0146" service_type="0x01"/>
      </service_list_descriptor>
    </transport_stream>
    <transport_stream transport_stream_id="0x0002" original_network_id="0x20FA" preferred_section="0">
      <terrestrial_delivery_system_descriptor centre_frequency="0" bandwidth="8MHz" priority="HP" no_time_slicing="true" no_MPE_FEC="true" constellation="64-QAM" hierarchy_information="0" code_rate_HP_stream="0x05" code_rate_LP_stream="3/4" guard_interval="1/8" transmission_mode="8k" other_frequency="false"/>
      <private_data_specifier_descriptor private_data_specifier="EACEM"/>
      <eacem_logical_channel_number_descriptor>
        <service service_id="0x0201" logical_channel_number="8" visible_service="true"/>
        <service service_id="0x0203" logical_channel_number="15" visible_service="true"/>
        <service service_id="0x0204" logical_channel_number="16" visible_service="true"/>
        <service service_id="0x0205" logical_channel_number="17" visible_service="true"/>
        <service service_id="0x0206" logical_channel_number="18" visible_service="true"/>
      </eacem_logical_channel_number_descriptor>
      <service_list_descriptor>
        <service service_id="0x0201" service_type="0x19"/>
        <service service_id="0x0203" service_type="0x19"/>
        <service service_id="0x0204" service_type="0x19"/>
        <service service_id="0x0205" service_type="0x19"/>
        <service service_id="0x0206" service_type="0x19"/>
      </service_list_descriptor>
    </transport_stream>
    <transport_stream transport_stream_id="0x0003" original_network_id="0x20FA" preferred_section="0">
      <terrestrial_delivery_system_descriptor centre_frequency="0" bandwidth="8MHz" priority="HP" no_time_slicing="true" no_MPE_FEC="true" constellation="64-QAM" hierarchy_information="0" code_rate_HP_stream="0x05" code_rate_LP_stream="3/4" guard_interval="1/8" transmission_mode="8k" other_frequency="false"/>
      <private_data_specifier_descriptor private_data_specifier="EACEM"/>
      <eacem_logical_channel_number_descriptor>
        <service service_id="0x0301" logical_channel_number="4" visible_service="true"/>
        <service service_id="0x0302" logical_channel_number="43" visible_service="true"/>
        <service service_id="0x0303" logical_channel_number="42" visible_service="true"/>
        <service service_id="0x0304" logical_channel_number="45" visible_service="true"/>
        <service service_id="0x0308" logical_channel_number="26" visible_service="true"/>
        <service service_id="0x0309" logical_channel_number="41" visible_service="true"/>
      </eacem_logical_channel_number_descriptor>
      <service_list_descriptor>
        <service service_id="0x0301" service_type="0x19"/>
        <service service_id="0x0302" service_type="0x19"/>
        <service service_id="0x0303" service_type="0x19"/>
        <service service_id="0x0304" service_type="0x19"/>
        <service service_id="0x0308" service_type="0x16"/>
        <service service_id="0x0309" service_type="0x16"/>
      </service_list_descriptor>
    </transport_stream>
    <transport_stream transport_stream_id="0x0004" original_network_id="0x20FA" preferred_section="0">
      <terrestrial_delivery_system_descriptor centre_frequency="0" bandwidth="8MHz" priority="HP" no_time_slicing="true" no_MPE_FEC="true" constellation="64-QAM" hierarchy_information="0" code_rate_HP_stream="0x05" code_rate_LP_stream="3/4" guard_interval="1/8" transmission_mode="8k" other_frequency="false"/>
      <private_data_specifier_descriptor private_data_specifier="EACEM"/>
      <eacem_logical_channel_number_descriptor>
        <service service_id="0x0401" logical_channel_number="6" visible_service="true"/>
        <service service_id="0x0402" logical_channel_number="9" visible_service="true"/>
        <service service_id="0x0407" logical_channel_number="7" visible_service="true"/>
        <service service_id="0x0415" logical_channel_number="5" visible_service="true"/>
        <service service_id="0x0416" logical_channel_number="22" visible_service="true"/>
      </eacem_logical_channel_number_descriptor>
      <service_list_descriptor>
        <service service_id="0x0401" service_type="0x19"/>
        <service service_id="0x0402" service_type="0x19"/>
        <service service_id="0x0407" service_type="0x19"/>
        <service service_id="0x0415" service_type="0x19"/>
        <service service_id="0x0416" service_type="0x19"/>
      </service_list_descriptor>
    </transport_stream>
    <transport_stream transport_stream_id="0x0006" original_network_id="0x20FA" preferred_section="0">
      <terrestrial_delivery_system_descriptor centre_frequency="0" bandwidth="8MHz" priority="HP" no_time_slicing="true" no_MPE_FEC="true" constellation="64-QAM" hierarchy_information="0" code_rate_HP_stream="0x05" code_rate_LP_stream="3/4" guard_interval="1/8" transmission_mode="8k" other_frequency="false"/>
      <private_data_specifier_descriptor private_data_specifier="EACEM"/>
      <eacem_logical_channel_number_descriptor>
        <service service_id="0x0601" logical_channel_number="1" visible_service="true"/>
        <service service_id="0x0602" logical_channel_number="12" visible_service="true"/>
        <service service_id="0x0606" logical_channel_number="10" visible_service="true"/>
        <service service_id="0x0608" logical_channel_number="11" visible_service="true"/>
        <service service_id="0x0609" logical_channel_number="13" visible_service="true"/>
      </eacem_logical_channel_number_descriptor>
      <service_list_descriptor>
        <service service_id="0x0601" service_type="0x19"/>
        <service service_id="0x0602" service_type="0x19"/>
        <service service_id="0x0606" service_type="0x19"/>
        <service service_id="0x0608" service_type="0x19"/>
        <service service_id="0x0609" service_type="0x19"/>
      </service_list_descriptor>
    </transport_stream>
    <transport_stream transport_stream_id="0x0008" original_network_id="0x20FA" preferred_section="0">
      <terrestrial_delivery_system_descriptor centre_frequency="0" bandwidth="8MHz" priority="HP" no_time_slicing="true" no_MPE_FEC="true" constellation="64-QAM" hierarchy_information="0" code_rate_HP_stream="0x05" code_rate_LP_stream="3/4" guard_interval="1/32" transmission_mode="8k" other_frequency="false"/>
      <private_data_specifier_descriptor private_data_specifier="EACEM"/>
      <eacem_logical_channel_number_descriptor>
        <service service_id="0x0805" logical_channel_number="34" visible_service="true"/>
        <service service_id="0x0807" logical_channel_number="36" visible_service="true"/>
        <service service_id="0x0801" logical_channel_number="30" visible_service="true"/>
        <service service_id="0x0802" logical_channel_number="31" visible_service="true"/>
        <service service_id="0x0803" logical_channel_number="32" visible_service="true"/>
        <service service_id="0x0804" logical_channel_number="33" visible_service="true"/>
        <service service_id="0x0883" logical_channel_number="32" visible_service="true"/>
      </eacem_logical_channel_number_descriptor>
      <service_list_descriptor>
        <service service_id="0x0805" service_type="0x01"/>
        <service service_id="0x0807" service_type="0x01"/>
        <service service_id="0x0801" service_type="0x01"/>
        <service service_id="0x0802" service_type="0x01"/>
        <service service_id="0x0803" service_type="0x01"/>
        <service service_id="0x0804" service_type="0x01"/>
        <service service_id="0x0883" service_type="0x01"/>
      </service_list_descriptor>
    </transport_stream>
    <transport_stream transport_stream_id="0x000A" original_network_id="0x20FA" preferred_section="0">
      <terrestrial_delivery_system_descriptor centre_frequency="0" bandwidth="8MHz" priority="HP" no_time_slicing="true" no_MPE_FEC="true" constellation="64-QAM" hierarchy_information="0" code_rate_HP_stream="0x05" code_rate_LP_stream="3/4" guard_interval="1/8" transmission_mode="8k" other_frequency="false"/>
      <private_data_specifier_descriptor private_data_specifier="EACEM"/>
      <eacem_logical_channel_number_descriptor>
        <service service_id="0x0A01" logical_channel_number="20" visible_service="true"/>
        <service service_id="0x0A03" logical_channel_number="25" visible_service="true"/>
        <service service_id="0x0A02" logical_channel_number="21" visible_service="true"/>
        <service service_id="0x0A04" logical_channel_number="24" visible_service="true"/>
        <service service_id="0x0A05" logical_channel_number="23" visible_service="true"/>
      </eacem_logical_channel_number_descriptor>
      <service_list_descriptor>
        <service service_id="0x0A01" service_type="0x19"/>
        <service service_id="0x0A03" service_type="0x19"/>
        <service service_id="0x0A02" service_type="0x19"/>
        <service service_id="0x0A04" service_type="0x19"/>
        <service service_id="0x0A05" service_type="0x19"/>
      </service_list_descriptor>
    </transport_stream>
  </NIT>
</tsduck>
