<?xml version="1.0" encoding="UTF-8"?>
<tsduck>
  <!-- In comment: ${TEST_1} -->
  <foo attr="${TEST_2}">
    <service attr1="${TEST_3}" attr2="xxx" attr3="${TEST_4}"/>
    <text>
      In text nodes: TEST3=${TEST_3} TEST4=${TEST_4} TEST5=${TEST_5}
    </text>
  </foo>
</tsduck>
