<?xml version="1.0" encoding="UTF-8"?>
<tsduck>

  <EIT service_id="1" transport_stream_id="1" original_network_id="1">
    <event event_id="2000" start_time="2020-07-01 02:10:20" duration="00:05:05">
      <short_event_descriptor language_code="foo">
        <event_name>Event 2000</event_name>
      </short_event_descriptor>
    </event>
    <event event_id="2001" start_time="2020-07-01 02:15:25" duration="00:05:05">
      <short_event_descriptor language_code="foo">
        <event_name>Event 2001</event_name>
      </short_event_descriptor>
    </event>
  </EIT>

</tsduck>
