<?xml version="1.0" encoding="UTF-8"?>
<tsduck>
  <PAT transport_stream_id="2">
    <service service_id="30" program_map_PID="330"/>
    <service service_id="40" program_map_PID="440"/>
  </PAT>
</tsduck>
