<?xml version="1.0" encoding="UTF-8"?>
<tsduck>
  <TOP a="1">
    <L1 b="11">
      <L2 c="111"/>
      <L2 c="112"/>
      <L2 c="113"/>
    </L1>
    <L1 b="12">
      <L2 c="121"/>
      <L2 c="122"/>
      <L2 c="123"/>
    </L1>
  </TOP>
  <TOP a="2">
    <L1 b="21">
      <L2 c="211"/>
      <L2 c="212"/>
      <L2 c="213"/>
    </L1>
    <L1 b="22">
      <L2 c="221"/>
      <L2 c="222"/>
      <L2 c="223"/>
    </L1>
  </TOP>
  <TOP a="3">
    <L1 b="31">
      <L2 c="311"/>
      <L2 c="312"/>
      <L2 c="313"/>
    </L1>
    <L1 b="32">
      <L2 c="321"/>
      <L2 c="322"/>
      <L2 c="323"/>
    </L1>
  </TOP>
</tsduck>
