<?xml version="1.0" encoding="UTF-8"?>
<tsduck>

  <MGT>

    <ATSC_private_information_descriptor format_identifier="0x12345678"/>
    <ATSC_private_information_descriptor format_identifier="0x89ABCDEF">
      <private_data>
        DEAD BEEF
      </private_data>
    </ATSC_private_information_descriptor>

    <ATSC_data_service_descriptor data_service_profile="1" data_service_level="0x04"/>
    <ATSC_data_service_descriptor data_service_profile="4" data_service_level="0x40">
      <private_data>
        BAD C0FFEE 2
      </private_data>
    </ATSC_data_service_descriptor>

    <ATSC_PID_count_descriptor/>
    <ATSC_PID_count_descriptor total_number_of_PIDs="200" min_number_of_PIDs="4"/>

    <ATSC_download_descriptor download_id="0xDEADBEEF"/>
    <ATSC_download_descriptor download_id="0x12345678" carousel_period="123" control_msg_time_out_value="789"/>

    <ATSC_multiprotocol_encapsulation_descriptor/>
    <ATSC_multiprotocol_encapsulation_descriptor
        deviceId_address_range="3"
        deviceId_IP_mapping_flag="false"
        alignment_indicator="true"
        max_sections_per_datagram="5"/>

    <ATSC_CRC32_descriptor CRC_32="0x12345678"/>

    <ATSC_module_link_descriptor position="0" module_id="0x1234"/>
    <ATSC_module_link_descriptor position="1" module_id="0xABCD"/>
    <ATSC_group_link_descriptor position="2" group_id="0xDEADBEEF"/>

    <ATSC_parameterized_service_descriptor application_tag="0xAB"/>
    <ATSC_parameterized_service_descriptor application_tag="0x12">
      <application_data>
        0123456789ABCDEF
      </application_data>
    </ATSC_parameterized_service_descriptor>

    <ATSC_component_list_descriptor alternate="false"/>
    <ATSC_component_list_descriptor alternate="true">
      <component stream_type="0x12" format_identifier="0xABCDEF89"/>
      <component stream_type="0xCD" format_identifier="0x12345678">
        <stream_info>
          DEAD BEEF
        </stream_info>
      </component>
    </ATSC_component_list_descriptor>

  </MGT>

  <DET source_id="0xABCD"/>
  <DET version="7" source_id="0x3456" protocol_version="7">
    <data data_id="0x3456" start_time="2025-04-12 13:14:15" ETM_location="2" length_in_seconds="12345"/>
    <data data_id="0x1234" start_time="2025-04-14 15:16:17" ETM_location="1" length_in_seconds="780">
      <title_text>
        <string language="eng" text="English title"/>
        <string language="foo" text="Foo title"/>
      </title_text>
      <ATSC_CRC32_descriptor CRC_32="0x12345678"/>
      <ATSC_CRC32_descriptor CRC_32="0xDEADBEEF"/>
      <ATSC_CRC32_descriptor CRC_32="0xBADC0FFE"/>
    </data>
  </DET>

  <LTST table_id_extension="0x1234"/>
  <LTST version="30" table_id_extension="0xCDEF" protocol_version="47">
    <source source_id="0x6789">
      <data data_id="0x3BCD" start_time="2021-03-07 04:05:06" ETM_location="3" length_in_seconds="6789">
        <title_text>
          <string language="eng" text="English title"/>
          <string language="foo" text="Foo title"/>
        </title_text>
        <ATSC_CRC32_descriptor CRC_32="0x12345678"/>
        <ATSC_CRC32_descriptor CRC_32="0xDEADBEEF"/>
        <ATSC_CRC32_descriptor CRC_32="0xBADC0FFE"/>
      </data>
    </source>
    <source source_id="0x8523"/>
    <source source_id="0x1234">
      <data data_id="0x2587" start_time="2021-03-08 14:15:16" ETM_location="1" length_in_seconds="2587">
        <ATSC_CRC32_descriptor CRC_32="1"/>
        <ATSC_CRC32_descriptor CRC_32="2"/>
        <ATSC_CRC32_descriptor CRC_32="3"/>
      </data>
      <data data_id="0x1489" start_time="2021-03-07 04:05:06" ETM_location="3" length_in_seconds="6789">
        <title_text>
          <string language="bar" text="Bar title"/>
        </title_text>
      </data>
    </source>
  </LTST>

  <AETT MGT_tag="0xAB"/>
  <AETT AETT_subtype="3" MGT_tag="0xCD"/>
  <AETT version="29" AETT_subtype="7" MGT_tag="0x12">
    <reserved>
      0123456789
    </reserved>
  </AETT>
  <AETT version="14" MGT_tag="0x89">
    <ETM_data ETM_id="0xDEADBEEF">
      <extended_text_message>
        <string language="foo" text="foo text"/>
        <string language="bar" text="bar text"/>
      </extended_text_message>
    </ETM_data>
    <ETM_data ETM_id="0x12345678"/>
    <ETM_data ETM_id="0x87654321">
      <extended_text_message>
        <string language="eng" text="English text"/>
      </extended_text_message>
    </ETM_data>
  </AETT>

  <SVCT SVCT_id="0x89"/>
  <SVCT version="17" SVCT_subtype="0x9A" SVCT_id="0x12" protocol_version="5">
    <ATSC_CRC32_descriptor CRC_32="0x12345678"/>
    <ATSC_CRC32_descriptor CRC_32="0xDEADBEEF"/>
    <ATSC_CRC32_descriptor CRC_32="0xBADC0FFE"/>
    <channel short_name="FOO"
             major_channel_number="21"
             minor_channel_number="42"
             modulation_mode="9"
             carrier_frequency="12,345,678,900"
             carrier_symbol_rate="53,000,000"
             polarization="3"
             FEC_Inner="8"
             channel_TSID="0x5678"
             program_number="0x2345"
             ETM_location="3"
             hidden="false"
             hide_guide="true"
             service_type="audio"
             source_id="0x2345"
             feed_id="0x9A"/>
    <channel short_name="BAR"
             major_channel_number="12"
             minor_channel_number="22"
             modulation_mode="2"
             carrier_frequency="1,234,567,800"
             carrier_symbol_rate="21,000,000"
             polarization="1"
             FEC_Inner="4"
             channel_TSID="0x1234"
             program_number="0xABCD"
             ETM_location="1"
             hidden="true"
             hide_guide="false"
             service_type="data"
             source_id="0x8765"
             feed_id="0xCD">
      <ATSC_CRC32_descriptor CRC_32="1"/>
      <ATSC_CRC32_descriptor CRC_32="2"/>
    </channel>
  </SVCT>

  <AEIT MGT_tag="0x9A"/>
  <AEIT AEIT_subtype="1" MGT_tag="0x21"/>
  <AEIT version="13" AEIT_subtype="0xEA" MGT_tag="0x12">
    <reserved>
      DEAD BEEF
    </reserved>
  </AEIT>
  <AEIT MGT_tag="2">
    <source source_id="0x6789">
      <event off_air="true" event_id="0x1654" start_time="2025-02-03 21:22:23" duration="840"/>
    </source>
    <source source_id="0x1234"/>
    <source source_id="0x6547">
      <event off_air="false" event_id="0x1478" start_time="2025-01-02 12:22:32" duration="1840">
        <title_text>
          <string language="eng" text="In English"/>
          <string language="foo" text="In Foo"/>
        </title_text>
        <ATSC_CRC32_descriptor CRC_32="1"/>
      </event>
      <event off_air="true" event_id="0x3524" start_time="2025-01-02 02:03:04" duration="127">
        <ATSC_CRC32_descriptor CRC_32="7"/>
        <ATSC_CRC32_descriptor CRC_32="8"/>
      </event>
    </source>
  </AEIT>

  <DST/>
  <DST version="12" table_id_extension="0xABCD" sdf_protocol_version="75">
    <ATSC_CRC32_descriptor CRC_32="1"/>
    <ATSC_CRC32_descriptor CRC_32="2"/>
    <ATSC_CRC32_descriptor CRC_32="3"/>
    <ATSC_CRC32_descriptor CRC_32="4"/>
    <service_private_data>
      DEAD BEEF
    </service_private_data>
  </DST>
  <DST table_id_extension="0x1234">
    <application>
      <compatibilityDescriptor>
        <descriptor descriptorType="1" specifierData="0x123456">
          <subDescriptor subDescriptorType="0xCD">
            0123456789
          </subDescriptor>
          <subDescriptor subDescriptorType="0xCD">
            BAD C0FFE
          </subDescriptor>
        </descriptor>
      </compatibilityDescriptor>
    </application>
    <application>
      <compatibilityDescriptor>
        <descriptor descriptorType="2" specifierType="0x89" specifierData="0xABCDEF" model="0x9ABC" version="0xCDEF">
          <subDescriptor subDescriptorType="0x12">
            0123456789ABCDEF
          </subDescriptor>
          <subDescriptor subDescriptorType="0x34"/>
        </descriptor>
      </compatibilityDescriptor>
      <app_id description="0xA874">
        258963
      </app_id>
      <tap protocol_encapsulation="9" action_type="1" resource_location="true">
        <Tap id="0x1234" use="8" association_tag="0x5678"/>
        <ATSC_CRC32_descriptor CRC_32="5"/>
        <ATSC_CRC32_descriptor CRC_32="6"/>
        <ATSC_CRC32_descriptor CRC_32="7"/>
      </tap>
      <tap protocol_encapsulation="8" action_type="0" resource_location="false">
        <Tap id="0x5678" use="7" association_tag="0x9ABC" selector_type="1" transaction_id="0x12345678" timeout="600"/>
        <ATSC_CRC32_descriptor CRC_32="8"/>
      </tap>
      <tap protocol_encapsulation="9" action_type="1" resource_location="true">
        <Tap id="0x9ABC" use="7" association_tag="0x7896" selector_type="2">
          <selector_bytes>
            DEAD BEEF
          </selector_bytes>
        </Tap>
      </tap>
    </application>
    <ATSC_CRC32_descriptor CRC_32="9"/>
    <ATSC_CRC32_descriptor CRC_32="10"/>
    <ATSC_CRC32_descriptor CRC_32="11"/>
    <ATSC_CRC32_descriptor CRC_32="12"/>
    <service_private_data>
      F00 BAD
    </service_private_data>
  </DST>

  <NRT/>
  <NRT version="11" table_id_extension="0x6543">
    <resource>
      <compatibilityDescriptor>
        <descriptor descriptorType="1" specifierData="0x123456">
          <subDescriptor subDescriptorType="0xCD">
            0123456789
          </subDescriptor>
          <subDescriptor subDescriptorType="0xCD">
            BAD C0FFE
          </subDescriptor>
        </descriptor>
      </compatibilityDescriptor>
      <dsmccResourceDescriptor
          resourceRequestId="0x1234"
          resourceDescriptorType="0xFFFF"
          resourceNum="0x5678"
          associationTag="0x9ABC"
          resourceFlags="0xA5"
          resourceStatus="0x5A"
          resourceDataFieldCount="2"
          typeOwnerId="0x963258"
          typeOwnerValue="0x147852">
        <resourceDescriptorDataFields>
          DEAD BEEF
        </resourceDescriptorDataFields>
      </dsmccResourceDescriptor>
    </resource>
    <resource>
      <compatibilityDescriptor>
        <descriptor descriptorType="2" specifierType="0x89" specifierData="0xABCDEF" model="0x9ABC" version="0xCDEF">
          <subDescriptor subDescriptorType="0x12">
            0123456789ABCDEF
          </subDescriptor>
          <subDescriptor subDescriptorType="0x34"/>
        </descriptor>
      </compatibilityDescriptor>
      <dsmccResourceDescriptor
          resourceRequestId="0x1234"
          resourceDescriptorType="8"
          resourceNum="0xABCD"
          associationTag="0x1234"
          resourceFlags="0x12"
          resourceStatus="0x34"
          resourceDataFieldCount="7">
        <resourceDescriptorDataFields>
          0123456789ABCDEF
        </resourceDescriptorDataFields>
      </dsmccResourceDescriptor>
    </resource>
    <private_data>
      1478523690
    </private_data>
  </NRT>

</tsduck>
