<?xml version="1.0" encoding="UTF-8"?>
<tsduck>
  <SDT transport_stream_id="1" original_network_id="666">
    <service service_id="10" running_status="running">
      <service_descriptor service_type="0x19" service_provider_name="TSDuck" service_name="Service 10"/>
    </service>
    <service service_id="20" running_status="running">
      <service_descriptor service_type="0x19" service_provider_name="TSDuck" service_name="Service 20"/>
    </service>
  </SDT>
</tsduck>
