<?xml version="1.0" encoding="UTF-8"?>
<tsduck>
  <splice_information_table>
    <splice_insert
        splice_event_id="1002"
        splice_event_cancel="false"
        out_of_network="true"
        pts_time="56789"
        unique_program_id="1234"
        avail_num="1"
        avails_expected="3">
      <break_duration
          auto_return="true" 
          duration="0x19BFCC0"/>
    </splice_insert>
  </splice_information_table>
</tsduck>
