<?xml version="1.0" encoding="UTF-8"?>
<tsduck>
  <PAT transport_stream_id="1">
    <service service_id="1" program_map_PID="100"/>
    <service service_id="2" program_map_PID="200"/>
  </PAT>
</tsduck>
