<?xml version="1.0" encoding="UTF-8"?>
<tsduck>

  <EIT service_id="1" transport_stream_id="1" original_network_id="1">
    <event event_id="1000" start_time="2020-07-01 00:10:00" duration="00:20:00">
      <short_event_descriptor language_code="foo">
        <event_name>Event 1000</event_name>
      </short_event_descriptor>
    </event>
    <event event_id="1001" start_time="2020-07-01 00:30:00" duration="00:30:00">
      <short_event_descriptor language_code="foo">
        <event_name>Event 1001</event_name>
      </short_event_descriptor>
    </event>
    <event event_id="1002" start_time="2020-07-01 01:00:00" duration="00:30:00">
      <short_event_descriptor language_code="foo">
        <event_name>Event 1002</event_name>
      </short_event_descriptor>
    </event>
  </EIT>

</tsduck>
