<?xml version="1.0" encoding="UTF-8"?>
<tsduck>

  <MGT>

    <ATSC_private_information_descriptor format_identifier="0x12345678"/>
    <ATSC_private_information_descriptor format_identifier="0x89ABCDEF">
      <private_data>
        DEAD BEEF
      </private_data>
    </ATSC_private_information_descriptor>

    <ATSC_data_service_descriptor data_service_profile="1" data_service_level="0x04"/>
    <ATSC_data_service_descriptor data_service_profile="4" data_service_level="0x40">
      <private_data>
        BAD C0FFEE 2
      </private_data>
    </ATSC_data_service_descriptor>

    <ATSC_PID_count_descriptor/>
    <ATSC_PID_count_descriptor total_number_of_PIDs="200" min_number_of_PIDs="4"/>

    <ATSC_download_descriptor download_id="0xDEADBEEF"/>
    <ATSC_download_descriptor download_id="0x12345678" carousel_period="123" control_msg_time_out_value="789"/>

    <ATSC_multiprotocol_encapsulation_descriptor/>
    <ATSC_multiprotocol_encapsulation_descriptor
        deviceId_address_range="3"
        deviceId_IP_mapping_flag="false"
        alignment_indicator="true"
        max_sections_per_datagram="5"/>

    <ATSC_CRC32_descriptor CRC_32="0x12345678"/>

    <ATSC_module_link_descriptor position="0" module_id="0x1234"/>
    <ATSC_module_link_descriptor position="1" module_id="0xABCD"/>
    <ATSC_group_link_descriptor position="2" group_id="0xDEADBEEF"/>

    <ATSC_parameterized_service_descriptor application_tag="0xAB"/>
    <ATSC_parameterized_service_descriptor application_tag="0x12">
      <application_data>
        0123456789ABCDEF
      </application_data>
    </ATSC_parameterized_service_descriptor>

    <ATSC_component_list_descriptor alternate="false"/>
    <ATSC_component_list_descriptor alternate="true">
      <component stream_type="0x12" format_identifier="0xABCDEF89"/>
      <component stream_type="0xCD" format_identifier="0x12345678">
        <stream_info>
          DEAD BEEF
        </stream_info>
      </component>
    </ATSC_component_list_descriptor>

  </MGT>

  <DET source_id="0xABCD"/>
  <DET version="7" source_id="0x3456" protocol_version="7">
    <data data_id="0x3456" start_time="2025-04-12 13:14:15" ETM_location="2" length_in_seconds="12345"/>
    <data data_id="0x1234" start_time="2025-04-14 15:16:17" ETM_location="1" length_in_seconds="780">
      <title_text>
        <string language="eng" text="English title"/>
        <string language="foo" text="Foo title"/>
      </title_text>
      <ATSC_CRC32_descriptor CRC_32="0x12345678"/>
      <ATSC_CRC32_descriptor CRC_32="0xDEADBEEF"/>
      <ATSC_CRC32_descriptor CRC_32="0xBADC0FFE"/>
    </data>
  </DET>

</tsduck>
