<?xml version="1.0" encoding="UTF-8"?>
<tsduck>

  <container_table container_id="0x1234"/>

  <container_table version="4" container_id="0xABCD">
    <compression_wrapper>
      00
      7B 1F 4D EB 6D BC 8F 48 31 61 49 F3 21 0B 01 DB
      64 4A 26 A9 B7 1A 40 4B DC 21 F6 4E 82 0F 6A B5
      37 06 0E 9C C2 11 57 31 45 D7 6B 48 77 C6 59 E6
      BB AF 7E D6 89 8A AE E3 40 E9 9A 8C 5E D5 E3 D6
      30 36 98 82 FF 19 D5 71 40 A0 AA A7 C9 B2 81 86
      EF 5A B5 68 E7 38 DC ED 52 D9 FA 12 DE 50 01 F1
      7C 91 E7 36 9C 7C DA 3D 03 CE 47 92 61 96 AF 60
      14 33 CD 21 17 73 7B 02 AE BD C8 FD 3F 5F CB C0
      13 7F 56 F3 96 69 E9 0D 44 46 91 2B DB 7C A8 D6
      03 DC B9 D8 AA 27 51 B8 90 D0 53 5A 41 BC 55 FD
      13 2D 6C BD 0E B3 9B AF 9F 4E DA 61 9D 0F C5 38
      A3 1D 62 DD 6A 8F BC 02 36 83 8B 19 71 FB 20 96
      0C 47 F8 3E 89 C3 E7 89 FC 25 F8 7C 86 3A 91 00
      33 30 D7 4F 7B 72 68 50 99 E8 A4 D1 2B 7C 34 86
      B9 90 53 8A 87 64 84 0E AE E2 32 B6 66 7C E7 40
      96 7D 2D F1 53 CD 5F 31 98 EF FE F5 F0 F7 DF 82
      6B E0 8F AD D7 D0 59 0A 2E 0C 6F B5 D5 ED EA D2
      10 4D 95 27 E1 CC AB 84 01 A8 E2 22 F8 59 DF A7
      B5 99 ED 78 1C EC 41 C0 BD 40 D3 84 3F A9 C0 11
      15 55 BF A5 E9 D5 7B B5 DF C5 34 FE 6D 6F 61 A0
      63 5F 83 E6 8D D0 A7 E9 9A E9 16 3F F2 94 00 6C
      85 D7 00 B7 79 73 36 B6 72 ED 56 2E EB 70 BE 41
      F9 64 46 01 E5 56 72 97 AD 02 3C 4C 44 39 51 66
      20 3B AB 7F 66 99 1D A5 3D AF 39 F9 C9 FA BF 3C
      EF 47 55 1F 84 91 C5 FC 2F BC 31 C2 51 68 48 DC
      F5 FF 19 74 FF 7C 6C 58 69 D0 4E 34 7D 6B AC FA
      15 AB 5C 43 39 5B FC 42 22 5E 57 B5 89 E8 9C CC
      C8 3D 6D A3 D4 72 8E A0 90 36 97 AF A2 CC 43 E1
      FD 02 90 4D DE 18 4A BE 5E A6 A3 5B E4 71 BC 27
      01 D0 0B C9 BE F0 28 30 A9 CF 78 8E D6 0E 39 77
      F6 00 3F 23 41 6D 6E D1 A6 CB 11 55 6F 0D AD 39
      07 7B AE 79 99 25 BE 21 A0 22 EF 72 CA 5B 76 77
      01 2C 78 DC EC E4 8F 06 E3 8A 7B 96 60 71 24 C3
      B0 34 95 41 66 51 1F 89 1F F5 79 27 AF 14 E5 CF
      34 E9 B1 8A F8 2D 7D 45 43 E1 A9 7E C5 68 DC E1
      E5 D7 23 02 68 9C A0 73 7E 38 B4 8C 04 B0 F0 76
      45 A8 5A 18 D3 B8 61 05 6F 9C D3 37 0A D9 02 B3
      88 FC 04 2D D5 9D 22 4B BA C4 5C A8 8F B6 2D B5
      D8 67 18 2C 41 48 FB 50 F0 4B C3 53 1B 32 E3 85
      1C 78 23 E6 0C 40 0A 6E D3 13 08 1C E4 D1 A7 B2
      66 6E 63 13 22 50 79 A5 4F BF 3C C2 76 5D 5F 6B
      75 94 A6 66 52 1D 4C DF F8 C9 76 9F FC 36 31 5C
      F4 EA 42 18 D8 25 54 2C D5 0F 8F C8 A1 5F 86 9A
      44 D6 92 C8 55 B9 75 82 CD 4B E0 DF 2D C2 97 4C
      1C 80 B7 C6 81 56 E2 30 ED F7 AF 02 5A 9E BD DA
      6C 80 AE B3 DD 62 02 CC C5 E7 F4 34 34 2A 55 E4
      3A 41 1E A2 9B 00 46 DF 82 F5 8D 56 8D AA B0 D6
      E8 B2 52 E3 CE 9D 24 49 5E A2 92 CC DA D2 01 D0
      6A 91 E4 7D 3E 99 28 08 6E 11 BE 88 8C 84 C3 07
      E1 9A DE 47 E7 96 D3 D8 34 6A 9A C1 78 2D 09 AB
      88 EC DB FA 55 3B 58 97 0E 23 D8 A4 10 48 D4 8B
      CD C1 63 6D 70 F7 D2 93 DC AA AE 87 5C 01 F6 A9
      63 8B 1C 7C BB D5 52 D4 1F 4F 81 B3 FA B7 CE CF
      78 3A D4 94 41 58 29 BD DA F7 DD AB 50 65 50 26
      27 E6 03 2B 3E 73 DD BC 6F C5 37 A8 70 E7 EA 4F
      D1 75 CF B8 EB 64 DF 5C EE 7C 37 BA E8 53 C5 5D
      B4 24 43 C4 36 80 8E B2 BF CB 0D EF CF A3 04 D7
      81 84 94 4B D3 FE EB E1 37 F3 50 95 23 A6 4E 2A
      32 64 6D 5A 01 BA 38 C5 94 7F 32 CC 1D 85 23 3F
      F5 08 B2 77 59 BC 1B AC 28 7F 95 84 91 82 FC FB
      2A 9F 51 EE 29 18 63 4C 0B D6 FE 3E 8C F7 DC FA
      CA 4C 4A 96 19 9A 11 27 76 B5 DB 0D 3E 45 AC BF
      3A AE CA 47 42 B4 30 3F E0 51 94 11 13 9D C0 86
      BD 8A BD 7D 5F E7 B5 01 E1 3D F3 18 10 B8 A1 73
      DD 79 25 92 9E AD 94 61 79 43 30 FA CA 9E 73 9F
      65 A6 E5 0E 26 07 B7 32 DE BA F0 39 31 7F C6 B3
      CB ED 4F ED 13 E7 57 0D 46 79 2C E9 B8 0D 78 CA
      91 30 B0 89 63 0C B2 66 12 77 A7 57 9D EA 2B 15
      71 59 7A 07 FE 1A 82 F3 46 4C 91 BC C5 2C 5C 61
      76 2A 22 05 AC DF 7D 26 68 78 08 E1 F3 27 58 35
      74 F1 B0 7F 3C 33 73 6E 4B CE 61 14 AF 11 2F ED
      33 20 07 22 56 25 AA 5A A9 A3 56 2A 3C 33 EC 97
      0B 32 AC F4 03 54 9E 42 DD 65 98 82 32 75 07 C0
      73 5E C2 B1 51 DB BB F3 8C 92 43 3F 62 57 6D F6
      C0 D2 9E 5B 94 15 4E D9 CF E1 9B BB 9E 7E 00 D7
      4C 66 6E 85 84 4B F1 65 10 D8 EF 73 90 3A 90 C0
      79 8B D1 8D E1 F4 13 1A 79 F5 64 D9 0E 55 75 F4
      30 50 97 28 C4 B6 64 E4 A5 17 2E B1 BC C5 0E 14
      D8 08 9A 15 55 03 0F 9C 32 0D 46 1F A9 CA DA 33
      20 39 F2 E8 DA 97 BC 92 46 7C E1 DA C9 61 1A EE
      DD 97 06 59 E1 E4 91 FA 89 73 16 5C FD 47 DC 73
      A4 9C D4 09 FB B2 70 A2 E9 ED C0 7F 50 17 F1 A2
      58 F7 99 B4 12 C8 52 54 B2 3F 53 16 78 1B BF E1
      B4 7C B2 BA 8E AF 86 E0 14 4C 08 CD 4F EB 68 CF
      5E 92 9C 73 FC 56 57 87 81 B6 4E 55 FD 85 E9 30
      73 3E 43 7B B2 8C A2 DD FF D9 02 26 9F 46 26 A9
      CC 11 F7 4F 7F A9 64 D4 B7 6C 3A C4 17 AE 42 82
      21 15 FE 3D AC 57 73 39 C8 6C F6 EC 61 96 E6 BF
      EB C5 95 2A F0 85 DF 9F 86 A3 13 D5 A0 F2 5C C7
      6F 00 7F C6 91 D4 CC 77 AC 97 05 FD CD FB BB BD
      20 C6 20 D6 0A 41 E7 86 71 E9 71 63 8C 12 DE F6
      86 16 F4 49 70 C5 68 A9 6D E8 32 46 C5 D0 79 1E
      EB AF 43 C7 F0 3A 5F 08 32 E7 F2 FC ED EF ED A0
      17 33 83 E6 88 28 5B 08 EB F4 CF 4F 2A 73 BD 89
      4F DE 0D E6 50 E8 9F 41 51 92 32 FF 9D 54 AE 57
      D8 C0 AF F6 26 29 E1 02 4A 9D 44 53 E8 45 C7 3E
      34 3A 12 A9 E7 3C 71 B4 36 2D 1F 1F F3 44 0E C6
      AA 5D D4 CF 1E 0D EB 9C 26 8A 44 E7 1D FF DE 97
      C8 AE 4F 26 8F C9 28 8D 3D A4 A7 F6 74 B4 0D C2
      8A D8 A9 68 2B D8 64 00 C6 6D B6 95 23 45 FD EE
      08 04 7C 69 D5 2B 29 2E 60 B5 35 F7 27 48 0A DC
      BF 80 CB C1 B7 75 11 C0 5C C9 F5 2D 8D CA F5 18
      C2 E7 85 8F 89 1D 31 CD 77 6D DC 82 F2 1A 55 92
      89 38 92 C9 AC C4 B6 07 00 C5 73 08 A1 88 12 05
      53 C1 EC 62 2D 8D 1C BC 3F 3E AC 0E EC 56 6E 82
      DF 9A 67 22 00 17 19 16 C3 5E 1D E7 B7 8D 02 BB
      6A 19 38 D1 A1 A7 56 EE EA CB BE D6 C3 55 B6 53
      8D CC 66 1C A9 6F 7B AB 5F C3 A9 04 18 BE 8C 51
      4A 6A 83 68 17 AD 3B 0D C1 12 4C 75 B7 99 14 40
      70 F4 BF BE 3F 63 EE 1C 56 45 A8 E2 A5 52 A8 C8
      8F B2 0A 18 75 6A CE B9 7B BC 3F E5 DA 1D 67 73
      32 D1 9B 30 F0 BD BD 87 BF FD 30 9F 82 18 CD 93
      77 CF 78 4A 02 F1 A1 D4 6C 40 84 CD 14 77 24 F4
      E5 85 E5 C8 D0 1E 60 E7 A1 FB D1 3B 7F 3D 85 3B
      24 0B 06 2C 26 50 38 BD 4F 7C 32 E7 BC 18 61 B9
      7E 54 22 F8 07 D5 52 79 C3 C4 DC DD BB 18 CF DC
      14 6D E9 A6 D6 E5 9D 5A AB 8A 50 13 AF 08 88 0B
      67 79 A6 30 A0 29 09 24 7A 27 68 B4 69 B0 3A C2
      45 9F 20 13 3F D9 5F 4E E3 FB 4B 0C D3 9F 4C 2E
      FC 88 8F 28 37 38 D1 3D 3B 30 D3 78 55 FA BB AF
      2B E1 E9 CB D3 0B 09 E9 26 02 42 61 8E 0F 9B 87
      8A 11 03 9C FF A5 F9 F6 D2 82 31 32 9D B7 44 F4
      05 B6 24 C8 A0 5A 85 FD CC 5A 13 D0 97 30 DB 93
      A8 22 81 86 77 A5 2B 7D EC 91 82 16 D7 16 95 4D
      F4 0B 31 1C C3 1D 3A 76 9D 65 1E 4C 1D 54 B3 9C
      97 37 46 F5 A5 33 A7 BD 30 79 C5 86 5F D8 3E 2A
      7E 5E 61 DC 17 6C 48 4A E9 F0 71 24 03 E7 5C C0
      09 7C 18 28 48 D6 70 9B 09 C3 58 9C 03 C0 D5 C4
      98 D4 AC 1F AB E2 57 26 1A C4 16 2F 28 7D AC 0E
      A6 9D E5 88 DE D2 50 20 49 0E A5 D8 52 F6 8D 67
      B4 03 CE D5 AF 53 22 9F 9E 09 A3 43 48 87 4E A6
      D4 A1 D2 9E 4A 8E BC 79 A9 A6 9A FC D3 FA 4F 34
      2E 5C 6B 3D EA 9B EE E1 17 23 58 6A D3 68 7D B8
      60 28 09 2C D3 34 5B E6 5B A8 89 7F EB 20 F5 AC
      76 3C C4 40 46 F1 2A 0C 34 B9 56 5E FE 86 2B 23
      E9 99 2F 1C BD 6A 99 2A BA 6F F8 00 D7 BA 93 BE
      BF 22 E4 5D 5F 65 B3 79 B5 61 4A 93 19 FF 31 E3
      F3 77 E5 4F 77 03 B2 6D 4E 14 00 40 DC CB 50 29
      A9 D3 3A A3 6E 92 76 76 E4 E0 CE D1 7D 33 CC B4
      6B B6 8B BD 3A 21 3F 3A 0A 84 12 88 55 97 3D 42
      CD CD 27 1A A4 13 8F 0D 99 93 8A 11 CC 66 94 05
      AE 41 A7 B1 BF 3C 47 34 CF 30 5B 5C 75 BF A6 69
      96 FE 52 61 00 E5 64 6A D1 D1 46 49 C1 4A A3 03
      7D 77 99 1E DF 59 A1 AC 92 82 57 D4 09 63 DA 26
      62 0E 98 18 FD 40 CB FC 90 AB F0 D1 E7 F2 9D 87
      E0 71 46 BD DA 8F 40 FC D4 69 58 B6 C4 43 D5 D4
      D1 D4 2C 84 2D 2F 77 24 9A AD 0F 16 01 A3 E7 22
      E7 ED D2 C0 0D 8A E4 AC 7C 35 49 F1 65 08 3C AD
      BD 35 1E B4 53 74 84 71 74 3F 4E 61 C0 C8 54 3D
      77 D0 E6 54 78 1F 3A E0 2E 7E 87 FF DF 68 BB 30
      13 15 CC 21 E9 37 19 CA A0 71 69 2D 5D E5 C8 E1
      15 06 72 F3 EB BF A1 E8 53 F2 CF 50 C5 9A AA 58
      D6 71 21 8B A7 F1 94 07 CA F0 EC 22 66 86 50 87
      EB 1B 7E 0C 77 FA 2D E4 2A 8D 06 78 52 72 42 49
      38 C4 27 B6 5B 27 4B BC 60 5A 70 87 72 62 F5 88
      90 44 D2 D6 73 E3 38 87 60 7E 51 D0 00 72 4C FA
      D5 E6 D7 E3 3C 3F DA B2 0A 78 44 D7 61 C8 EC EE
      0F B6 B7 94 9C 2C A5 2B 1B 4B 63 97 25 1C F2 9E
      21 AB 4A 02 3D 39 6B F5 F3 90 F1 10 FB 48 49 36
      11 8A 79 2C 8C CF 34 F2 DA D2 E0 65 23 74 82 F3
      F4 F4 19 86 29 21 C8 16 25 4F 36 B2 51 C8 0B 51
      7C 06 1D 5F E8 5E 6F E1 D8 B2 53 D3 77 CC 98 A0
      BA F6 DC 3E 8D 27 17 FA 37 17 FC D5 B4 9D 01 88
      D5 18 AD 42 C0 CA 0F 9B B9 F6 6F FD 64 3D 2A 48
      6B 06 15 68 E4 EF 7B 61 EF 21 4A 6E C8 78 8A 8C
      1D CB 7A EF D5 A4 DC 3C A9 E3 74 10 FA B8 9D 69
      C0 D1 E2 44 BA B2 3E 36 F9 38 B7 CE 82 36 84 E9
      81 25 DF C2 08 C7 85 95 1E F9 F5 1E F0 F7 5D 0D
      3A 40 68 A0 EB DB 18 D2 2D 59 AA 4E 5D E9 5C DA
      9F B9 9D E3 C9 AC 04 B7 7D C3 89 B5 80 3A 33 F4
      47 0B 2A FD A7 32 DD EE 84 DA 4F A7 DD 96 93 23
      0A BF 6E F9 FD D4 9A 37 0B 4C F0 79 C3 88 7E BA
      01 FB 2E E1 5E 57 6E 82 6B 4E 0F 01 C9 74 09 EE
      33 A0 22 D2 6E 20 3D 1F EE 19 C1 C5 81 FC 64 67
      20 D2 69 41 8D DC 9C 7A 90 CA A9 0B 8E 65 22 F1
      90 A9 F6 CB 9F 3E A8 44 02 9F 1C C9 F5 49 6B A5
      5E 5D 54 76 0E D1 17 14 DE FD 78 43 34 FC D9 30
      43 9D B4 2D 35 D0 C7 30 7E 37 27 85 F6 68 40 13
      4E 4E CD 76 73 68 4A 8A 6E 1C FD 3C 44 C1 8B 34
      3F DE B1 40 EC E7 8A 7C 8D 7B A3 2F 88 65 A3 51
      BD 0D FB C3 4F 0E 18 BE 03 10 BA 15 36 EB 49 F3
      12 55 51 E3 40 4E 28 A7 95 C0 C0 7F B8 48 B4 C0
      7B CD 22 ED 5C F5 FE 18 ED 97 29 F4 56 C1 41 5B
      3D 25 2B A7 40 C8 06 B1 45 10 8B DA 07 3D DF 06
      C1 4D 5F 15 7F C9 86 2A 63 D7 8A 67 D0 2A 5F 43
      CA 0B A9 55 37 76 B7 12 EF 86 AC F4 33 09 36 74
      00 B6 66 75 D4 3A 09 57 B8 DD FC 9C CF 22 12 CC
      3D 9A C0 0A 0F BB FA A4 B2 C5 75 47 58 03 DB 4F
      68 04 37 7E 19 33 74 2D AE 4C 06 0D 52 13 EE 55
      74 06 BC 67 B0 F7 85 A0 91 5A 22 79 ED 6F B2 86
      71 D2 88 A1 67 38 65 E4 C9 6B D1 FF 86 49 4E B5
      5C BC 19 AC 20 D1 5B 19 23 7C 80 12 ED E6 C6 AE
      F9 7D 89 53 DB C1 65 C3 3D 61 76 3D D7 3F B1 DB
      90 C0 1F 5B A1 3E EF 9E A1 B2 2A 78 33 FF 5D 08
      D5 A9 82 FB C5 5C 98 BE A5 9C C4 09 E6 57 50 57
      78 B9 AD 1F E3 53 6F B1 7F EB F3 51 CE 18 28 A0
      73 5A A5 B1 32 D9 A7 87 27 2C BA 98 17 54 B1 B1
      36 5F 1A 5A 1F DA BB 41 BE 24 AD 45 BF 58 B2 76
      5F AF FB C0 75 B0 E4 06 97 98 87 E5 26 78 2A 82
      9E B3 E1 8F 77 F8 46 D2 DC FA EE F2 42 A4 54 D4
      0D EB E6 FC 0E 3F 2D 41 90 D0 A0 C6 91 68 27 CE
      CF 3F 81 3B 12 C2 EB B6 8C EA 1F 60 C2 53 C4 B3
      86 2D BE 40 F3 38 E9 C5 57 EF 8B 21 6E 51 DA 8E
      BE 38 A7 8C 53 A0 8F 23 0D 65 D1 A4 EA 86 BE 68
      65 09 FC 50 0A FB 8D 55 FA 45 79 82 69 19 C6 A5
      5F 11 F3 A7 A0 22 8F F9 B2 9D B6 07 5A E9 56 BE
      F7 46 6F 51 4E 4A 66 E7 05 07 16 8B DA A9 4C F7
      32 43 BD 83 03 1C 06 B8 79 73 B5 EA 5D 93 F4 98
      9F 6B A6 AF 80 60 78 BD F6 00 19 29 FC 11 2B A6
      DE 28 77 50 99 8B 8F 22 3C 3F 8D F2 BE 6D EB 4F
      11 8E 34 98 AF 7B 4C 88 10 B4 72 86 66 60 1E C0
      51 11 F4 A0 F6 A9 5E 97 8C 2E 56 B6 43 2E 90 14
      1D 9B C0 B1 61 C5 87 94 F2 E7 46 69 E5 39 21 99
      94 7B 6B D7 31 02 89 6F 9C A8 C2 3D C3 1E FE 4B
      B9 B9 96 BF 08 38 5B E7 6B E0 E6 46 38 25 55 46
      BE C0 07 CE EB 7C FC F4 67 0E 5B 7B 11 FF 78 8A
      E0 C6 49 B8 BE B6 37 FE 66 D9 4C 5F BA FD 8D 17
      74 DA 4E E7 8C D3 90 01 FF 90 52 B4 F8 7A 69 32
      17 92 B8 0B 57 4D 46 8C A5 F3 7B 0E 6A E5 8C 40
      9F 69 18 C4 E7 02 23 57 25 9A 12 94 D2 D0 34 4A
      8E 23 1D 45 70 19 A2 A2 BA 69 22 38 50 48 61 04
      BF 4B B2 BA 54 02 7B E8 7C 8E D1 76 75 80 D4 85
      07 98 41 EE 50 1F BC 82 5A 92 78 DC 43 6B 8B 14
      83 CB BF 70 4F 8E 1A 8A A4 EE 84 8E 16 93 2A 98
      89 47 84 14 08 F9 0E 20 FB 82 3F BC AE 3C 78 A2
      5E 92 77 E9 97 30 56 F7 63 15 1B FD 8A 4C 63 12
      75 4A C2 3B BB C3 02 22 48 4A 6C 80 80 BC EF 2C
      B3 6C AF AD 7D E4 22 A2 C7 CC 64 A5 88 0D BF B3
      90 E8 FA B9 5A 71 EC DA DC 6E 79 12 86 D9 58 C6
      48 B2 BB 2E 9C F9 08 76 50 D9 BD 92 89 60 52 94
      BD C0 A2 9B 13 A8 E4 95 F6 E6 89 45 43 16 BD 3C
      56 F3 98 71 1A CF 00 50 6E 06 8E E6 03 35 F1 B5
      EA 11 45 D5 9F 2C FC 1B 48 1C C6 7F 3C 51 E8 67
      AC B7 C4 AA 59 FE 93 B6 CC BF 20 83 FA 9F 57 43
      EB F8 2E 74 13 F4 C7 2C 60 D7 89 9B D4 EF 73 3F
      40 43 A5 CD 46 78 93 99 E3 55 4A DA E0 87 0F 88
      CD 07 AA 24 4F 90 71 0D 50 51 E6 2F 3A E6 BB 5F
      0A 53 CA 18 05 52 9C 68 49 AC D6 7D 8B EA AB 38
      12 3C DA 37 70 A7 90 C6 E1 01 F4 30 52 F1 38 1B
      98 9D 9D 8B 71 BC 70 23 68 50 50 7B F6 BF 74 E3
      5A CD FD 3A CA B8 85 32 3C 9C 92 60 91 BD 61 60
      2B C9 64 F3 F0 2A 1C B7 4F 5E B1 F5 51 21 33 86
      27 32 B4 F8 1D E4 5B A6 94 16 3F BA DE C5 E9 AB
      32 1B 8F D0 B6 7C 9C 86 C3 05 30 18 43 B3 3D CB
      AA CF 79 1E 40 C1 36 43 82 A8 2F 73 9B D6 E9 6F
      B9 E3 78 20 78 6F 7C 95 6D 47 BD 34 FB 8F 4C F5
      53 65 6B 94 0C 8E B3 F0 BD 4D 1B 6B 67 CC C5 AB
      65 64 98 AF D2 0C F4 E3 CD 60 D5 0D 68 F4 46 D2
      34 A8 F5 E5 50 72 DE 7E D8 B6 DA A3 AA 19 E6 CF
      A5 54 13 81 55 91 CB 70 BA B7 02 FD 9E 70 60 56
      C5 4A B6 7A E2 05 E1 FA 64 00 46 C4 AA D1 92 C2
      A1 03 6D EA B5 59 04 58 5F 5F 28 9B FF C3 94 19
      D7 1B 96 CD E6 3B 91 59 A2 A3 0B 00 DE 1C 2D 81
      BB 30 FC 29 D5 1C 9A 8A 81 14 FB 3C 02 F5 66 40
      51 38 8D 30 7B 1E 9C A0 CE 26 28 C1 4C F6 B5 E8
      AE 6F B9 15 52 E5 5C F6 4C 6E 23 D5 29 EB 7F 3C
      31 05 1F AF 54 98 3E D6 75 89 AB 0C 6D 3B CF BF
      E3 76 D5 01 B0 50 95 5B 52 7A 1C 1D 5F D8 BE C7
      29 4A F7 CF 4F 24 DB EA EB B9 E1 AD 76 C5 CC 42
      19 73 76 64 8E E8 C2 D2 E0 93 BB F0 08 82 18 94
      FE C6 E4 CF 9E 9C 56 FD A4 09 E7 93 F0 E3 50 1A
      7C C2 DB A6 1A 4D 10 74 BB 78 B5 33 2A 5D 24 15
      F1 3E 46 D1 2F C2 78 A9 CD 02 D9 8B 85 91 98 FD
      94 0B D1 95 C5 65 FA F8 78 D1 E0 C2 67 9B 45 0B
      AE 13 8E 34 70 2E 62 F5 E9 E3 56 AE D8 20 E1 73
      54 08 E1 AA 5E 5A F3 E4 3C 49 54 66 24 25 74 8F
      D3 34 0A EE A9 8A 1F 71 AF 8F F4 07 64 40 4F A1
      4C 62 25 40 3D 12 59 E9 CF 41 05 48 39 D7 73 14
      8E 1D F8 AF C5 94 BC 06 7D 02 3A 73 4D 98 BB 4C
      F0 D2 22 92 6E 83 72 CE 32 BF 4A 80 12 BA D6 AA
      37 56 9C 44 72 FF 81 1F AD FE 5C FA 6D 0C 4F 69
      46 11 17 C0 22 C4 E7 3D 8C 17 54 1E 35 78 3D AD
      33 16 76 82 BC A7 CC A2 3D 32 9F AD 26 22 F9 27
      5E 59 F5 FA 02 97 33 21 54 17 89 9F 58 3F EB BE
      A7 F9 9A A5 18 3F 57 5E 41 54 3B 11 BF 46 92 DC
      9B 3F 14 EC EF 70 C2 97 0E 24 5A 25 92 1A A6 EE
      97 7A 63 4B B9 F0 EC 8D E0 5A 2C E5 0A 16 3E 79
      5B B6 F1 67 B2 59 3A 95 63 44 00 07 D9 42 0B BC
      F5 7E 45 0A C9 B3 35 78 7A D8 67 5D B9 1F 2F 92
      2E 52 1C FF 91 E0 AF 4E D8 A7 DA 92 0B F1 50 29
      18 63 9A 32 F5 64 76 CC 26 FA DD B1 06 B3 D3 98
      42 D3 15 6C 3A EE AA 58 F2 4B 4B DE 25 AE A9 DC
      CD EA A1 6F 55 69 C0 03 09 1C 4A F1 77 4E 11 6A
      BB CB DA D7 74 20 20 28 B9 4D F7 3C 0F 14 49 E0
      FD 36 4D 07 9E 2A 80 A3 02 F4 0D 3D B8 36 7F E3
      1E 46 41 4C 1B D1 1F BB 7B 1D 8A 41 3D BD 7D F3
      E6 B9 51 A8 ED 03 F9 73 6B A6 12 13 C4 5D 3E FF
      91 87 DA 47 20 32 F1 68 91 DE 99 C8 03 FB A7 89
      C0 74 F4 1E 5E 7C 74 E5 A7 94 3E 9C 55 B1 A2 A4
      69 86 FC 8D EE 76 06 66 FA 16 D3 32 4D 02 23 90
      70 CB 23 6B BA 24 1E B2 AA B8 D5 09 44 80 79 67
      F8 5F 9A 39 F5 6C F9 48 83 FF 3A 42 30 77 9C C0
      30 6D 3F FB 1A 82 91 6A 59 E9 AC 22 98 73 30 4C
      B6 5C A3 FF 57 FA D1 6A FA 6C 9D 22 44 F3 01 CA
      93 4A F8 D7 86 48 35 71 D0 B4 5D 41 FB 1F DE 87
      31 91 BB 94 0E 83 D9 AC 6A 0A 58 F7 67 E0 C3 F4
      8A 29 56 0B D4 A8 F6 56 39 F8 5D 73 7F FD 85 8D
      10 84 0D 3A 8A EA 69 7D 13 3B 1D 1D 13 A4 1A B9
      EA 3E A1 CB B2 BE 9A 6B 6F 53 31 2B 1E F5 CB 99
      0A CE 65 47 0A 06 F4 E6 4C 87 A4 8F 00 24 D3 0E
      08 DF 80 66 94 DF B9 37 32 82 57 E8 BD FA B3 4B
      FC 39 84 E7 21 EA 50 86 36 18 B2 F7 EA B5 6F 91
      BB F0 DF 4C 4A 69 D9 A9 98 93 45 66 89 60 AD 16
      CA 9D E7 02 2B 95 13 79 AA AF 29 B8 85 4D 44 40
      DF C0 6D CF 26 79 85 F3 D8 19 35 9B 70 00 55 96
      14 82 3F 12 43 99 37 12 D1 56 F3 16 61 E7 AB BD
      65 A7 0E 1F 1A 86 FC 95 26 2D 9A D0 11 D1 0C 7B
      D9 69 B1 48 BC 2D 88 B7 5D B6 D9 61 2F FA BD 76
      82 24 66 A9 F8 C9 7D 00 1E 44 BF 5A 1E D6 22 61
      C3 A5 B0 35 1F 14 B4 5F 1E 22 34 FF 9B FE 95 90
      D8 A3 56 7A 30 2A F9 6C BE 94 B7 DD AF F6 E1 11
      63 CB 4F 44 74 41 0D 96 4D 06 E5 43 3C D7 CF A1
      DD 24 1A AF 3F B6 10 40
    </compression_wrapper>
  </container_table>

</tsduck>
