<?xml version="1.0" encoding="UTF-8"?>
<tsduck>
  <PAT version="6" current="true" transport_stream_id="0x0004">
    <metadata PID="0"/>
    <service service_id="0x0401" program_map_PID="0x0064"/>
    <service service_id="0x0402" program_map_PID="0x00C8"/>
    <service service_id="0x0407" program_map_PID="0x012C"/>
    <service service_id="0x0415" program_map_PID="0x0190"/>
    <service service_id="0x0416" program_map_PID="0x01F4"/>
  </PAT>
</tsduck>
