<?xml version="1.0" encoding="UTF-8"?>
<tsduck>
  <PAT transport_stream_id="1">
    <service service_id="10" program_map_PID="110"/>
    <service service_id="20" program_map_PID="220"/>
  </PAT>
</tsduck>
