<?xml version="1.0" encoding="UTF-8"?>
<tsduck>

  <MGT>

    <ATSC_private_information_descriptor format_identifier="0x12345678"/>
    <ATSC_private_information_descriptor format_identifier="0x89ABCDEF">
      <private_data>
        DEAD BEEF
      </private_data>
    </ATSC_private_information_descriptor>

    <ATSC_data_service_descriptor data_service_profile="1" data_service_level="0x04"/>
    <ATSC_data_service_descriptor data_service_profile="4" data_service_level="0x40">
      <private_data>
        BAD C0FFEE 2
      </private_data>
    </ATSC_data_service_descriptor>

    <ATSC_PID_count_descriptor/>
    <ATSC_PID_count_descriptor total_number_of_PIDs="200" min_number_of_PIDs="4"/>

    <ATSC_download_descriptor download_id="0xDEADBEEF"/>
    <ATSC_download_descriptor download_id="0x12345678" carousel_period="123" control_msg_time_out_value="789"/>

    <ATSC_multiprotocol_encapsulation_descriptor/>
    <ATSC_multiprotocol_encapsulation_descriptor
        deviceId_address_range="3"
        deviceId_IP_mapping_flag="false"
        alignment_indicator="true"
        max_sections_per_datagram="5"/>

    <ATSC_CRC32_descriptor CRC_32="0x12345678"/>

    <ATSC_module_link_descriptor position="0" module_id="0x1234"/>
    <ATSC_module_link_descriptor position="1" module_id="0xABCD"/>
    <ATSC_group_link_descriptor position="2" group_id="0xDEADBEEF"/>

    <ATSC_parameterized_service_descriptor application_tag="0xAB"/>
    <ATSC_parameterized_service_descriptor application_tag="0x12">
      <application_data>
        0123456789ABCDEF
      </application_data>
    </ATSC_parameterized_service_descriptor>

    <ATSC_component_list_descriptor alternate="false"/>
    <ATSC_component_list_descriptor alternate="true">
      <component stream_type="0x12" format_identifier="0xABCDEF89"/>
      <component stream_type="0xCD" format_identifier="0x12345678">
        <stream_info>
          DEAD BEEF
        </stream_info>
      </component>
    </ATSC_component_list_descriptor>

  </MGT>

  <DET source_id="0xABCD"/>
  <DET version="7" source_id="0x3456" protocol_version="7">
    <data data_id="0x3456" start_time="2025-04-12 13:14:15" ETM_location="2" length_in_seconds="12345"/>
    <data data_id="0x1234" start_time="2025-04-14 15:16:17" ETM_location="1" length_in_seconds="780">
      <title_text>
        <string language="eng" text="English title"/>
        <string language="foo" text="Foo title"/>
      </title_text>
      <ATSC_CRC32_descriptor CRC_32="0x12345678"/>
      <ATSC_CRC32_descriptor CRC_32="0xDEADBEEF"/>
      <ATSC_CRC32_descriptor CRC_32="0xBADC0FFE"/>
    </data>
  </DET>

  <LTST table_id_extension="0x1234"/>
  <LTST version="30" table_id_extension="0xCDEF" protocol_version="47">
    <source source_id="0x6789">
      <data data_id="0x3BCD" start_time="2021-03-07 04:05:06" ETM_location="3" length_in_seconds="6789">
        <title_text>
          <string language="eng" text="English title"/>
          <string language="foo" text="Foo title"/>
        </title_text>
        <ATSC_CRC32_descriptor CRC_32="0x12345678"/>
        <ATSC_CRC32_descriptor CRC_32="0xDEADBEEF"/>
        <ATSC_CRC32_descriptor CRC_32="0xBADC0FFE"/>
      </data>
    </source>
    <source source_id="0x8523"/>
    <source source_id="0x1234">
      <data data_id="0x2587" start_time="2021-03-08 14:15:16" ETM_location="1" length_in_seconds="2587">
        <ATSC_CRC32_descriptor CRC_32="1"/>
        <ATSC_CRC32_descriptor CRC_32="2"/>
        <ATSC_CRC32_descriptor CRC_32="3"/>
      </data>
      <data data_id="0x1489" start_time="2021-03-07 04:05:06" ETM_location="3" length_in_seconds="6789">
        <title_text>
          <string language="bar" text="Bar title"/>
        </title_text>
      </data>
    </source>
  </LTST>

  <AETT MGT_tag="0xAB"/>
  <AETT AETT_subtype="3" MGT_tag="0xCD"/>
  <AETT version="29" AETT_subtype="7" MGT_tag="0x12">
    <reserved>
      0123456789
    </reserved>
  </AETT>
  <AETT version="14" MGT_tag="0x89">
    <ETM_data ETM_id="0xDEADBEEF">
      <extended_text_message>
        <string language="foo" text="foo text"/>
        <string language="bar" text="bar text"/>
      </extended_text_message>
    </ETM_data>
    <ETM_data ETM_id="0x12345678"/>
    <ETM_data ETM_id="0x87654321">
      <extended_text_message>
        <string language="eng" text="English text"/>
      </extended_text_message>
    </ETM_data>
  </AETT>

  <SVCT SVCT_id="0x89"/>
  <SVCT version="17" SVCT_subtype="0x9A" SVCT_id="0x12" protocol_version="5">
    <ATSC_CRC32_descriptor CRC_32="0x12345678"/>
    <ATSC_CRC32_descriptor CRC_32="0xDEADBEEF"/>
    <ATSC_CRC32_descriptor CRC_32="0xBADC0FFE"/>
    <channel short_name="FOO"
             major_channel_number="21"
             minor_channel_number="42"
             modulation_mode="9"
             carrier_frequency="12,345,678,900"
             carrier_symbol_rate="53,000,000"
             polarization="3"
             FEC_Inner="8"
             channel_TSID="0x5678"
             program_number="0x2345"
             ETM_location="3"
             hidden="false"
             hide_guide="true"
             service_type="audio"
             source_id="0x2345"
             feed_id="0x9A"/>
    <channel short_name="BAR"
             major_channel_number="12"
             minor_channel_number="22"
             modulation_mode="2"
             carrier_frequency="1,234,567,800"
             carrier_symbol_rate="21,000,000"
             polarization="1"
             FEC_Inner="4"
             channel_TSID="0x1234"
             program_number="0xABCD"
             ETM_location="1"
             hidden="true"
             hide_guide="false"
             service_type="data"
             source_id="0x8765"
             feed_id="0xCD">
        <ATSC_CRC32_descriptor CRC_32="1"/>
        <ATSC_CRC32_descriptor CRC_32="2"/>
    </channel>
  </SVCT>

</tsduck>
