<?xml version="1.0" encoding="UTF-8"?>
<tsduck>

  <!--
      First byte in DVB strings:
      0x01 ISO/IEC 8859-5  Latin/Cyrillic alphabet
      0x02 ISO/IEC 8859-6  Latin/Arabic alphabet
      0x03 ISO/IEC 8859-7  Latin/Greek alphabet
      0x04 ISO/IEC 8859-8  Latin/Hebrew alphabet
      0x05 ISO/IEC 8859-9  Latin alphabet No. 5
      0x06 ISO/IEC 8859-10 Latin alphabet No. 6
      0x07 ISO/IEC 8859-11 Latin/Thai
      0x09 ISO/IEC 8859-13 Latin alphabet No. 7
      0x0A ISO/IEC 8859-14 Latin alphabet No. 8 (Celtic)
      0x0B ISO/IEC 8859-15 Latin alphabet No. 9
      0x11 ISO/IEC 10646   BMP
      0x12 KS X 1001-2014  Korean character set
      0x13 GB-2312-1980    Simplified Chinese character set
      0x14 Big5            Traditional Chinese character set
      0x15 UTF-8
  -->

  <CAT>
    <network_name_descriptor network_name="ISO-6937: €©µ"/>
    <network_name_descriptor network_name="ISO-8859-15: çéêè"/>
    <network_name_descriptor network_name="ISO-8859-10: ØšÐĸ"/>
    <network_name_descriptor network_name="ISO-8859-13: ŖĶņ"/>
    <network_name_descriptor network_name="ISO-8859-14: ẀṪẄ"/>
    <network_name_descriptor network_name="ISO-8859-5: ЖЉф"/>
    <network_name_descriptor network_name="ISO-8859-7: Ψωλ"/>
    <network_name_descriptor network_name="ISO-8859-8: אבשע"/>
    <network_name_descriptor network_name="ISO-8859-9: ŞşğĞ"/>
    <network_name_descriptor network_name="ISO-8859-6: شي"/>
    <network_name_descriptor network_name="ISO-8859-11: ฦ๕๙"/>
    <network_name_descriptor network_name="All: €©µçéêèØšÐĸŖĶņẀṪẄЖЉфΨωλאבשעŞşğĞشيฦ๕๙"/>"/>
  </CAT>

</tsduck>
