<?xml version="1.0" encoding="UTF-8"?>
<tsduck>
  <SAT version="1" current="true" satellite_table_id="0" table_count="0">
    <satellite_position_v2_info>
      <satellite_position satellite_id="0x00000192">
        <geostationary orbital_position="19.2" west_east_flag="east"/>
      </satellite_position>
      <satellite_position satellite_id="0x00123456">
        <earth_orbiting epoch_year="22" day_of_the_year="176" day_fraction="14.750000" mean_motion_first_derivative="23456.779297" mean_motion_second_derivative="123.456703" drag_term="1.000000e-05" inclination="35.791000" right_ascension_of_the_ascending_node="65.120003" eccentricity="0.340000" argument_of_perigree="17.889999" mean_anomaly="0.034000" mean_motion="12.345000"/>
      </satellite_position>
    </satellite_position_v2_info>
  </SAT>
  <SAT version="1" current="true" satellite_table_id="0" table_count="0">
    <satellite_position_v2_info>
      <satellite_position satellite_id="0x00111111">
        <geostationary orbital_position="21.7" west_east_flag="west"/>
      </satellite_position>
    </satellite_position_v2_info>
  </SAT>
  <SAT version="1" current="true" satellite_table_id="1" table_count="0">
    <cell_fragment_info>
      <cell_fragment cell_fragment_id="0x00000001" first_occurence="true" last_occurence="false" center_latitude="45,234" center_longitude="-19,200" max_distance="10,000">
        <delivery_system id="0xBEEFBEEF"/>
        <new_delivery_system id="0xDEAD0001">
          <time_of_application base="1,238,472,730" ext="456"/>
        </new_delivery_system>
        <new_delivery_system id="0xDEAD0002">
          <time_of_application base="22,222,730" ext="501"/>
        </new_delivery_system>
        <obsolescent_delivery_system id="0x00000001">
          <time_of_obsolescence base="123,456,789" ext="1"/>
        </obsolescent_delivery_system>
      </cell_fragment>
    </cell_fragment_info>
  </SAT>
  <SAT version="1" current="true" satellite_table_id="2" table_count="0">
    <time_association_info association_type="0" association_timestamp_seconds="12,345,678,901,234" association_timestamp_nanoseconds="567,890,123">
      <ncr base="98,765" ext="432"/>
    </time_association_info>
  </SAT>
  <SAT version="1" current="true" satellite_table_id="2" table_count="0">
    <time_association_info association_type="1" association_timestamp_seconds="200,000,002" association_timestamp_nanoseconds="200,000,002" leap59="true" leap61="false" past_leap59="false" past_leap61="true">
      <ncr base="65,535" ext="255"/>
    </time_association_info>
  </SAT>
  <SAT version="1" current="true" satellite_table_id="3" table_count="0">
    <beamhopping_timeplan_info>
      <beamhopping_timeplan id="0xDEAD0000">
        <time_of_application base="4,294,967,296" ext="256"/>
        <cycle_duration base="256" ext="256"/>
        <time_plan_mode_0>
          <dwell_duration base="2,000" ext="200"/>
          <on_time base="1,000" ext="100"/>
        </time_plan_mode_0>
      </beamhopping_timeplan>
      <beamhopping_timeplan id="0xDEAD1000">
        <time_of_application base="4,294,967,297" ext="257"/>
        <cycle_duration base="257" ext="257"/>
        <time_plan_mode_1 current_slot="5">
          <slot id="1" transmission_on="true"/>
          <slot id="2" transmission_on="false"/>
          <slot id="3" transmission_on="true"/>
          <slot id="4" transmission_on="true"/>
          <slot id="5" transmission_on="false"/>
          <slot id="6" transmission_on="false"/>
        </time_plan_mode_1>
      </beamhopping_timeplan>
      <beamhopping_timeplan id="0xDEAD2000">
        <time_of_application base="4,294,967,298" ext="258"/>
        <cycle_duration base="258" ext="258"/>
        <time_plan_mode_2>
          <grid_size base="4,369" ext="17"/>
          <revisit_duration base="8,738" ext="34"/>
          <sleep_time base="13,107" ext="51"/>
          <sleep_duration base="17,476" ext="68"/>
        </time_plan_mode_2>
      </beamhopping_timeplan>
    </beamhopping_timeplan_info>
  </SAT>
  <SAT version="1" current="true" satellite_table_id="4" table_count="0">
    <satellite_position_v3_info oem_version_major="0" oem_version_minor="0">
      <creation_date year="24" day="152" day_fraction="0.550000"/>
    </satellite_position_v3_info>
  </SAT>
  <SAT version="1" current="true" satellite_table_id="4" table_count="1">
    <satellite_position_v3_info oem_version_major="15" oem_version_minor="0">
      <creation_date year="20" day="1" day_fraction="0.570000"/>
      <v3_satellite satellite_id="0x00010101">
        <ephemeris_data ephemeris_x="17.122999" ephemeris_y="546.229980" ephemeris_z="0.000000" ephemeris_x_dot="32.171001" ephemeris_y_dot="23.645000" ephemeris_z_dot="1000.000000" ephemeris_x_ddot="1.000000" ephemeris_y_ddot="1.000000" ephemeris_z_ddot="1.000000">
          <epoch year="0" day="1" day_fraction="0.000000"/>
        </ephemeris_data>
        <ephemeris_data ephemeris_x="1000.000000" ephemeris_y="1000.000000" ephemeris_z="1000.000000" ephemeris_x_dot="1.000000" ephemeris_y_dot="1.000000" ephemeris_z_dot="1.000000" ephemeris_x_ddot="0.250000" ephemeris_y_ddot="0.500000" ephemeris_z_ddot="0.000000">
          <epoch year="99" day="365" day_fraction="0.999900"/>
        </ephemeris_data>
      </v3_satellite>
    </satellite_position_v3_info>
  </SAT>
  <SAT version="1" current="true" satellite_table_id="4" table_count="2">
    <satellite_position_v3_info oem_version_major="0" oem_version_minor="0">
      <creation_date year="24" day="152" day_fraction="0.550000"/>
      <v3_satellite satellite_id="0x00FEFEFE" interpolation_type="Hermite" interpolation_degree="4">
        <total_start_time year="0" day="12" day_fraction="0.500000"/>
        <total_stop_time year="0" day="12" day_fraction="0.760000"/>
        <usable_start_time year="0" day="12" day_fraction="0.520000"/>
        <usable_stop_time year="0" day="12" day_fraction="0.750000"/>
        <covariance>
          <epoch year="0" day="1" day_fraction="0.000000"/>
          <element>1.1</element>
          <element>2.2</element>
          <element>3.3</element>
          <element>4.4</element>
          <element>10.01</element>
          <element>11.011</element>
          <element>12.00012</element>
          <element>13.00013</element>
          <element>1000</element>
          <element>1000</element>
          <element>1000</element>
          <element>999.999939</element>
          <element>0</element>
          <element>1000</element>
          <element>1.0e+6</element>
          <element>1.0e+9</element>
          <element>1234.567871</element>
          <element>1234.567871</element>
          <element>1234.567871</element>
          <element>1234.567871</element>
          <element>1.0e-6</element>
        </covariance>
      </v3_satellite>
    </satellite_position_v3_info>
  </SAT>
</tsduck>
