<?xml version="1.0" encoding="UTF-8"?>
<tsduck>
  <CAT version="0" current="true">
    <network_name_descriptor network_name="foo"/>
    <private_data_specifier_descriptor private_data_specifier="EACEM"/>
    <eacem_logical_channel_number_descriptor>
      <service service_id="0x1234" logical_channel_number="1" visible_service="true"/>
    </eacem_logical_channel_number_descriptor>
    <eacem_HD_simulcast_logical_channel_descriptor>
      <service service_id="0x5678" logical_channel_number="2" visible_service="true"/>
    </eacem_HD_simulcast_logical_channel_descriptor>
    <private_data_specifier_descriptor private_data_specifier="OFCOM"/>
    <dtg_logical_channel_descriptor>
      <service service_id="0x9ABC" logical_channel_number="3" visible_service="true"/>
    </dtg_logical_channel_descriptor>
    <dtg_HD_simulcast_logical_channel_descriptor>
      <service service_id="0xDEF0" logical_channel_number="4" visible_service="true"/>
    </dtg_HD_simulcast_logical_channel_descriptor>
    <private_data_specifier_descriptor private_data_specifier="Astra"/>
    <astra_service_list_name_descriptor language_code="eng" name="List name"/>
    <network_name_descriptor network_name="bar"/>
  </CAT>
</tsduck>
