<?xml version="1.0" encoding="UTF-8"?>
<tsduck>
  <CAT version="0" current="true">
    <network_name_descriptor network_name="foo"/>
    <generic_descriptor tag="0x83">
      12 34 FC 01
    </generic_descriptor>
    <generic_descriptor tag="0x88">
      56 78 FC 02
    </generic_descriptor>
    <generic_descriptor tag="0x83">
      9A BC FC 03
    </generic_descriptor>
    <generic_descriptor tag="0x88">
      DE F0 FC 04
    </generic_descriptor>
    <generic_descriptor tag="0x88">
      65 6E 67 4C 69 73 74 20 6E 61 6D 65
    </generic_descriptor>
    <network_name_descriptor network_name="bar"/>
  </CAT>
</tsduck>
