<?xml version="1.0" encoding="UTF-8"?>
<tsduck>
  <splice_information_table protocol_version="0" pts_adjustment="0" tier="0x0FFF">
    <splice_insert splice_event_id="0x000003EA" splice_event_cancel="false" out_of_network="true" splice_immediate="false" unique_program_id="0x04D2" avail_num="1" avails_expected="3" pts_time="56,789">
      <break_duration auto_return="true" duration="27,000,000"/>
    </splice_insert>
  </splice_information_table>
</tsduck>
