<?xml version="1.0" encoding="UTF-8"?>
<tsduck>
  <DCT version="0" current="true" network_id="0x1234" transmission_rate="234">
    <metadata PID="200"/>
  </DCT>
  <DCT version="0" current="true" network_id="0xABCD" transmission_rate="15">
    <metadata PID="200"/>
    <transport_stream id="0xCDEF" DL_PID="0x1234"/>
    <transport_stream id="0x3456" DL_PID="0x1235" ECM_PID="0x1236">
      <model maker_id="0x01" model_id="0x02" version_id="0x03" DLT_size="0x04"/>
      <model maker_id="0x91" model_id="0x92" version_id="0x93" DLT_size="0xF8"/>
    </transport_stream>
  </DCT>
  <DLT maker_id="0x01" model_id="0x02" version_id="0x03" Lsection_number="4" last_Lsection_number="5">
    <metadata PID="200"/>
    <model_info>
      FF FF FF FF FF FF FF FF FF FF FF FF FF FF FF FF
      FF FF FF FF FF FF FF FF FF FF FF FF FF FF FF FF
      FF FF FF FF FF FF FF FF FF FF FF FF FF FF FF FF
      FF FF FF FF FF FF FF FF FF FF FF FF FF FF FF FF
      FF FF FF FF FF FF FF FF FF FF FF FF FF FF FF FF
      FF FF FF FF FF FF FF FF FF FF FF FF FF FF FF FF
      FF FF FF FF FF FF FF FF FF FF FF FF FF FF FF FF
      FF FF FF FF FF FF FF FF FF FF FF FF FF FF FF FF
      FF FF FF FF FF FF FF FF FF FF FF FF FF FF FF FF
      FF
    </model_info>
    <code_data>
      FF FF FF FF FF FF FF FF FF FF FF FF FF FF FF FF
      FF FF FF FF FF FF FF FF FF FF FF FF FF FF FF FF
      FF FF FF FF FF FF FF FF FF FF FF FF FF FF FF FF
      FF FF FF FF FF FF FF FF FF FF FF FF FF FF FF FF
      FF FF FF FF FF FF FF FF FF FF FF FF FF FF FF FF
      FF FF FF FF FF FF FF FF FF FF FF FF FF FF FF FF
      FF FF FF FF FF FF FF FF FF FF FF FF FF FF FF FF
      FF FF FF FF FF FF FF FF FF FF FF FF FF FF FF FF
      FF FF FF FF FF FF FF FF FF FF FF FF FF FF FF FF
      FF FF FF FF FF FF FF FF FF FF FF FF FF FF FF FF
      FF FF FF FF FF FF FF FF FF FF FF FF FF FF FF FF
      FF FF FF FF FF FF FF FF FF FF FF FF FF FF FF FF
      FF FF FF FF FF FF FF FF FF FF FF FF FF FF FF FF
      FF FF FF FF FF FF FF FF FF FF FF FF FF FF FF FF
      FF FF FF FF FF FF FF FF FF FF FF FF FF FF FF FF
      FF FF FF FF FF FF FF FF FF FF FF FF FF FF FF FF
      FF FF FF FF FF FF FF FF FF FF FF FF FF FF FF FF
      FF FF FF FF FF FF FF FF FF FF FF FF FF FF FF FF
      FF FF FF FF FF FF FF FF FF FF FF FF FF FF FF FF
      FF FF FF FF FF FF FF FF FF FF FF FF FF FF FF FF
      FF FF FF FF FF FF FF FF FF FF FF FF FF FF FF FF
      FF FF FF FF FF FF FF FF FF FF FF FF FF FF FF FF
      FF FF FF FF FF FF FF FF FF FF FF FF FF FF FF FF
      FF FF FF FF FF FF FF FF FF FF FF FF FF FF FF FF
      FF FF FF FF FF FF FF FF FF FF FF FF FF FF FF FF
      FF FF FF FF FF FF FF FF FF FF FF FF FF FF FF FF
      FF FF FF FF FF FF FF FF FF FF FF FF FF FF FF FF
      FF FF FF FF FF FF FF FF FF FF FF FF FF FF FF FF
      FF FF FF FF FF FF FF FF FF FF FF FF FF FF FF FF
      FF FF FF FF FF FF FF FF FF FF FF FF FF FF FF FF
      FF FF FF FF FF FF FF FF FF FF FF FF FF FF FF FF
      FF FF FF FF FF FF FF FF FF FF FF FF FF FF FF FF
      FF FF FF FF FF FF FF FF FF FF FF FF FF FF FF FF
      FF FF FF FF FF FF FF FF FF FF FF FF FF FF FF FF
      FF FF FF FF FF FF FF FF FF FF FF FF FF FF FF FF
      FF FF FF FF FF FF FF FF FF FF FF FF FF FF FF FF
      FF FF FF FF FF FF FF FF FF FF FF FF FF FF FF FF
      FF FF FF FF FF FF FF FF FF FF FF FF FF FF FF FF
      FF FF FF FF FF FF FF FF FF FF FF FF FF FF FF FF
      FF FF FF FF FF FF FF FF FF FF FF FF FF FF FF FF
      FF FF FF FF FF FF FF FF FF FF FF FF FF FF FF FF
      FF FF FF FF FF FF FF FF FF FF FF FF FF FF FF FF
      FF FF FF FF FF FF FF FF FF FF FF FF FF FF FF FF
      FF FF FF FF FF FF FF FF FF FF FF FF FF FF FF FF
      FF FF FF FF FF FF FF FF FF FF FF FF FF FF FF FF
      FF FF FF FF FF FF FF FF FF FF FF FF FF FF FF FF
      FF FF FF FF FF FF FF FF FF FF FF FF FF FF FF FF
      FF FF FF FF FF FF FF FF FF FF FF FF FF FF FF FF
      FF FF FF FF FF FF FF FF FF FF FF FF FF FF FF FF
      FF FF FF FF FF FF FF FF FF FF FF FF FF FF FF FF
      FF FF FF FF FF FF FF FF FF FF FF FF FF FF FF FF
      FF FF FF FF FF FF FF FF FF FF FF FF FF FF FF FF
      FF FF FF FF FF FF FF FF FF FF FF FF FF FF FF FF
      FF FF FF FF FF FF FF FF FF FF FF FF FF FF FF FF
      FF FF FF FF FF FF FF FF FF FF FF FF FF FF FF FF
      FF FF FF FF FF FF FF FF FF FF FF FF FF FF FF FF
      FF FF FF FF FF FF FF FF FF FF FF FF FF FF FF FF
      FF FF FF FF FF FF FF FF FF FF FF FF FF FF FF FF
      FF FF FF FF FF FF FF FF FF FF FF FF FF FF FF FF
      FF FF FF FF FF FF FF FF FF FF FF FF FF FF FF FF
      FF FF FF FF FF FF FF FF FF FF FF FF FF FF FF FF
      FF FF FF FF FF FF FF FF FF FF FF FF FF FF FF FF
      FF FF FF FF FF FF FF FF FF FF FF FF FF FF FF FF
      FF FF FF FF FF FF FF FF FF FF FF FF FF FF FF FF
      FF FF FF FF FF FF FF FF FF FF FF FF FF FF FF FF
      FF FF FF FF FF FF FF FF FF FF FF FF FF FF FF FF
      FF FF FF FF FF FF FF FF FF FF FF FF FF FF FF FF
      FF FF FF FF FF FF FF FF FF FF FF FF FF FF FF FF
      FF FF FF FF FF FF FF FF FF FF FF FF FF FF FF FF
      FF FF FF FF FF FF FF FF FF FF FF FF FF FF FF FF
      FF FF FF FF FF FF FF FF FF FF FF FF FF FF FF FF
      FF FF FF FF FF FF FF FF FF FF FF FF FF FF FF FF
      FF FF FF FF FF FF FF FF FF FF FF FF FF FF FF FF
      FF FF FF FF FF FF FF FF FF FF FF FF FF FF FF FF
      FF FF FF FF FF FF FF FF FF FF FF FF FF FF FF FF
      FF FF FF FF FF FF FF FF FF FF FF FF FF FF FF FF
      FF FF FF FF FF FF FF FF FF FF FF FF FF FF FF FF
      FF FF FF FF FF FF FF FF FF FF FF FF FF FF FF FF
      FF FF FF FF FF FF FF FF FF FF FF FF FF FF FF FF
      FF FF FF FF FF FF FF FF FF FF FF FF FF FF FF FF
      FF FF FF FF FF FF FF FF FF FF FF FF FF FF FF FF
      FF FF FF FF FF FF FF FF FF FF FF FF FF FF FF FF
      FF FF FF FF FF FF FF FF FF FF FF FF FF FF FF FF
      FF FF FF FF FF FF FF FF FF FF FF FF FF FF FF FF
      FF FF FF FF FF FF FF FF FF FF FF FF FF FF FF FF
      FF FF FF FF FF FF FF FF FF FF FF FF FF FF FF FF
      FF FF FF FF FF FF FF FF FF FF FF FF FF FF FF FF
      FF FF FF FF FF FF FF FF FF FF FF FF FF FF FF FF
      FF FF FF FF FF FF FF FF FF FF FF FF FF FF FF FF
      FF FF FF FF FF FF FF FF FF FF FF FF FF FF FF FF
      FF FF FF FF FF FF FF FF FF FF FF FF FF FF FF FF
      FF FF FF FF FF FF FF FF FF FF FF FF FF FF FF FF
      FF FF FF FF FF FF FF FF FF FF FF FF FF FF FF FF
      FF FF FF FF FF FF FF FF FF FF FF FF FF FF FF FF
      FF FF FF FF FF FF FF FF FF FF FF FF FF FF FF FF
      FF FF FF FF FF FF FF FF FF FF FF FF FF FF FF FF
      FF FF FF FF FF FF FF FF FF FF FF FF FF FF FF FF
      FF FF FF FF FF FF FF FF FF FF FF FF FF FF FF FF
      FF FF FF FF FF FF FF FF FF FF FF FF FF FF FF FF
      FF FF FF FF FF FF FF FF FF FF FF FF FF FF FF FF
      FF FF FF FF FF FF FF FF FF FF FF FF FF FF FF FF
      FF FF FF FF FF FF FF FF FF FF FF FF FF FF FF FF
      FF FF FF FF FF FF FF FF FF FF FF FF FF FF FF FF
      FF FF FF FF FF FF FF FF FF FF FF FF FF FF FF FF
      FF FF FF FF FF FF FF FF FF FF FF FF FF FF FF FF
      FF FF FF FF FF FF FF FF FF FF FF FF FF FF FF FF
      FF FF FF FF FF FF FF FF FF FF FF FF FF FF FF FF
      FF FF FF FF FF FF FF FF FF FF FF FF FF FF FF FF
      FF FF FF FF FF FF FF FF FF FF FF FF FF FF FF FF
      FF FF FF FF FF FF FF FF FF FF FF FF FF FF FF FF
      FF FF FF FF FF FF FF FF FF FF FF FF FF FF FF FF
      FF FF FF FF FF FF FF FF FF FF FF FF FF FF FF FF
      FF FF FF FF FF FF FF FF FF FF FF FF FF FF FF FF
      FF FF FF FF FF FF FF FF FF FF FF FF FF FF FF FF
      FF FF FF FF FF FF FF FF FF FF FF FF FF FF FF FF
      FF FF FF FF FF FF FF FF FF FF FF FF FF FF FF FF
      FF FF FF FF FF FF FF FF FF FF FF FF FF FF FF FF
      FF FF FF FF FF FF FF FF FF FF FF FF FF FF FF FF
      FF FF FF FF FF FF FF FF FF FF FF FF FF FF FF FF
      FF FF FF FF FF FF FF FF FF FF FF FF FF FF FF FF
      FF FF FF FF FF FF FF FF FF FF FF FF FF FF FF FF
      FF FF FF FF FF FF FF FF FF FF FF FF FF FF FF FF
      FF FF FF FF FF FF FF FF FF FF FF FF FF FF FF FF
      FF FF FF FF FF FF FF FF FF FF FF FF FF FF FF FF
      FF FF FF FF FF FF FF FF FF FF FF FF FF FF FF FF
      FF FF FF FF FF FF FF FF FF FF FF FF FF FF FF FF
      FF FF FF FF FF FF FF FF FF FF FF FF FF FF FF FF
      FF FF FF FF FF FF FF FF FF FF FF FF FF FF FF FF
    </code_data>
  </DLT>
  <DLT maker_id="0x0A" model_id="0x0B" version_id="0x0C" Lsection_number="13" last_Lsection_number="14">
    <metadata PID="200"/>
    <model_info>
      DE AD BE EF FF FF FF FF FF FF FF FF FF FF FF FF
      FF FF FF FF FF FF FF FF FF FF FF FF FF FF FF FF
      FF FF FF FF FF FF FF FF FF FF FF FF FF FF FF FF
      FF FF FF FF FF FF FF FF FF FF FF FF FF FF FF FF
      FF FF FF FF FF FF FF FF FF FF FF FF FF FF FF FF
      FF FF FF FF FF FF FF FF FF FF FF FF FF FF FF FF
      FF FF FF FF FF FF FF FF FF FF FF FF FF FF FF FF
      FF FF FF FF FF FF FF FF FF FF FF FF FF FF FF FF
      FF FF FF FF FF FF FF FF FF FF FF FF FF FF FF FF
      FF
    </model_info>
    <code_data>
      01 23 45 67 89 AB CD EF FF FF FF FF FF FF FF FF
      FF FF FF FF FF FF FF FF FF FF FF FF FF FF FF FF
      FF FF FF FF FF FF FF FF FF FF FF FF FF FF FF FF
      FF FF FF FF FF FF FF FF FF FF FF FF FF FF FF FF
      FF FF FF FF FF FF FF FF FF FF FF FF FF FF FF FF
      FF FF FF FF FF FF FF FF FF FF FF FF FF FF FF FF
      FF FF FF FF FF FF FF FF FF FF FF FF FF FF FF FF
      FF FF FF FF FF FF FF FF FF FF FF FF FF FF FF FF
      FF FF FF FF FF FF FF FF FF FF FF FF FF FF FF FF
      FF FF FF FF FF FF FF FF FF FF FF FF FF FF FF FF
      FF FF FF FF FF FF FF FF FF FF FF FF FF FF FF FF
      FF FF FF FF FF FF FF FF FF FF FF FF FF FF FF FF
      FF FF FF FF FF FF FF FF FF FF FF FF FF FF FF FF
      FF FF FF FF FF FF FF FF FF FF FF FF FF FF FF FF
      FF FF FF FF FF FF FF FF FF FF FF FF FF FF FF FF
      FF FF FF FF FF FF FF FF FF FF FF FF FF FF FF FF
      FF FF FF FF FF FF FF FF FF FF FF FF FF FF FF FF
      FF FF FF FF FF FF FF FF FF FF FF FF FF FF FF FF
      FF FF FF FF FF FF FF FF FF FF FF FF FF FF FF FF
      FF FF FF FF FF FF FF FF FF FF FF FF FF FF FF FF
      FF FF FF FF FF FF FF FF FF FF FF FF FF FF FF FF
      FF FF FF FF FF FF FF FF FF FF FF FF FF FF FF FF
      FF FF FF FF FF FF FF FF FF FF FF FF FF FF FF FF
      FF FF FF FF FF FF FF FF FF FF FF FF FF FF FF FF
      FF FF FF FF FF FF FF FF FF FF FF FF FF FF FF FF
      FF FF FF FF FF FF FF FF FF FF FF FF FF FF FF FF
      FF FF FF FF FF FF FF FF FF FF FF FF FF FF FF FF
      FF FF FF FF FF FF FF FF FF FF FF FF FF FF FF FF
      FF FF FF FF FF FF FF FF FF FF FF FF FF FF FF FF
      FF FF FF FF FF FF FF FF FF FF FF FF FF FF FF FF
      FF FF FF FF FF FF FF FF FF FF FF FF FF FF FF FF
      FF FF FF FF FF FF FF FF FF FF FF FF FF FF FF FF
      FF FF FF FF FF FF FF FF FF FF FF FF FF FF FF FF
      FF FF FF FF FF FF FF FF FF FF FF FF FF FF FF FF
      FF FF FF FF FF FF FF FF FF FF FF FF FF FF FF FF
      FF FF FF FF FF FF FF FF FF FF FF FF FF FF FF FF
      FF FF FF FF FF FF FF FF FF FF FF FF FF FF FF FF
      FF FF FF FF FF FF FF FF FF FF FF FF FF FF FF FF
      FF FF FF FF FF FF FF FF FF FF FF FF FF FF FF FF
      FF FF FF FF FF FF FF FF FF FF FF FF FF FF FF FF
      FF FF FF FF FF FF FF FF FF FF FF FF FF FF FF FF
      FF FF FF FF FF FF FF FF FF FF FF FF FF FF FF FF
      FF FF FF FF FF FF FF FF FF FF FF FF FF FF FF FF
      FF FF FF FF FF FF FF FF FF FF FF FF FF FF FF FF
      FF FF FF FF FF FF FF FF FF FF FF FF FF FF FF FF
      FF FF FF FF FF FF FF FF FF FF FF FF FF FF FF FF
      FF FF FF FF FF FF FF FF FF FF FF FF FF FF FF FF
      FF FF FF FF FF FF FF FF FF FF FF FF FF FF FF FF
      FF FF FF FF FF FF FF FF FF FF FF FF FF FF FF FF
      FF FF FF FF FF FF FF FF FF FF FF FF FF FF FF FF
      FF FF FF FF FF FF FF FF FF FF FF FF FF FF FF FF
      FF FF FF FF FF FF FF FF FF FF FF FF FF FF FF FF
      FF FF FF FF FF FF FF FF FF FF FF FF FF FF FF FF
      FF FF FF FF FF FF FF FF FF FF FF FF FF FF FF FF
      FF FF FF FF FF FF FF FF FF FF FF FF FF FF FF FF
      FF FF FF FF FF FF FF FF FF FF FF FF FF FF FF FF
      FF FF FF FF FF FF FF FF FF FF FF FF FF FF FF FF
      FF FF FF FF FF FF FF FF FF FF FF FF FF FF FF FF
      FF FF FF FF FF FF FF FF FF FF FF FF FF FF FF FF
      FF FF FF FF FF FF FF FF FF FF FF FF FF FF FF FF
      FF FF FF FF FF FF FF FF FF FF FF FF FF FF FF FF
      FF FF FF FF FF FF FF FF FF FF FF FF FF FF FF FF
      FF FF FF FF FF FF FF FF FF FF FF FF FF FF FF FF
      FF FF FF FF FF FF FF FF FF FF FF FF FF FF FF FF
      FF FF FF FF FF FF FF FF FF FF FF FF FF FF FF FF
      FF FF FF FF FF FF FF FF FF FF FF FF FF FF FF FF
      FF FF FF FF FF FF FF FF FF FF FF FF FF FF FF FF
      FF FF FF FF FF FF FF FF FF FF FF FF FF FF FF FF
      FF FF FF FF FF FF FF FF FF FF FF FF FF FF FF FF
      FF FF FF FF FF FF FF FF FF FF FF FF FF FF FF FF
      FF FF FF FF FF FF FF FF FF FF FF FF FF FF FF FF
      FF FF FF FF FF FF FF FF FF FF FF FF FF FF FF FF
      FF FF FF FF FF FF FF FF FF FF FF FF FF FF FF FF
      FF FF FF FF FF FF FF FF FF FF FF FF FF FF FF FF
      FF FF FF FF FF FF FF FF FF FF FF FF FF FF FF FF
      FF FF FF FF FF FF FF FF FF FF FF FF FF FF FF FF
      FF FF FF FF FF FF FF FF FF FF FF FF FF FF FF FF
      FF FF FF FF FF FF FF FF FF FF FF FF FF FF FF FF
      FF FF FF FF FF FF FF FF FF FF FF FF FF FF FF FF
      FF FF FF FF FF FF FF FF FF FF FF FF FF FF FF FF
      FF FF FF FF FF FF FF FF FF FF FF FF FF FF FF FF
      FF FF FF FF FF FF FF FF FF FF FF FF FF FF FF FF
      FF FF FF FF FF FF FF FF FF FF FF FF FF FF FF FF
      FF FF FF FF FF FF FF FF FF FF FF FF FF FF FF FF
      FF FF FF FF FF FF FF FF FF FF FF FF FF FF FF FF
      FF FF FF FF FF FF FF FF FF FF FF FF FF FF FF FF
      FF FF FF FF FF FF FF FF FF FF FF FF FF FF FF FF
      FF FF FF FF FF FF FF FF FF FF FF FF FF FF FF FF
      FF FF FF FF FF FF FF FF FF FF FF FF FF FF FF FF
      FF FF FF FF FF FF FF FF FF FF FF FF FF FF FF FF
      FF FF FF FF FF FF FF FF FF FF FF FF FF FF FF FF
      FF FF FF FF FF FF FF FF FF FF FF FF FF FF FF FF
      FF FF FF FF FF FF FF FF FF FF FF FF FF FF FF FF
      FF FF FF FF FF FF FF FF FF FF FF FF FF FF FF FF
      FF FF FF FF FF FF FF FF FF FF FF FF FF FF FF FF
      FF FF FF FF FF FF FF FF FF FF FF FF FF FF FF FF
      FF FF FF FF FF FF FF FF FF FF FF FF FF FF FF FF
      FF FF FF FF FF FF FF FF FF FF FF FF FF FF FF FF
      FF FF FF FF FF FF FF FF FF FF FF FF FF FF FF FF
      FF FF FF FF FF FF FF FF FF FF FF FF FF FF FF FF
      FF FF FF FF FF FF FF FF FF FF FF FF FF FF FF FF
      FF FF FF FF FF FF FF FF FF FF FF FF FF FF FF FF
      FF FF FF FF FF FF FF FF FF FF FF FF FF FF FF FF
      FF FF FF FF FF FF FF FF FF FF FF FF FF FF FF FF
      FF FF FF FF FF FF FF FF FF FF FF FF FF FF FF FF
      FF FF FF FF FF FF FF FF FF FF FF FF FF FF FF FF
      FF FF FF FF FF FF FF FF FF FF FF FF FF FF FF FF
      FF FF FF FF FF FF FF FF FF FF FF FF FF FF FF FF
      FF FF FF FF FF FF FF FF FF FF FF FF FF FF FF FF
      FF FF FF FF FF FF FF FF FF FF FF FF FF FF FF FF
      FF FF FF FF FF FF FF FF FF FF FF FF FF FF FF FF
      FF FF FF FF FF FF FF FF FF FF FF FF FF FF FF FF
      FF FF FF FF FF FF FF FF FF FF FF FF FF FF FF FF
      FF FF FF FF FF FF FF FF FF FF FF FF FF FF FF FF
      FF FF FF FF FF FF FF FF FF FF FF FF FF FF FF FF
      FF FF FF FF FF FF FF FF FF FF FF FF FF FF FF FF
      FF FF FF FF FF FF FF FF FF FF FF FF FF FF FF FF
      FF FF FF FF FF FF FF FF FF FF FF FF FF FF FF FF
      FF FF FF FF FF FF FF FF FF FF FF FF FF FF FF FF
      FF FF FF FF FF FF FF FF FF FF FF FF FF FF FF FF
      FF FF FF FF FF FF FF FF FF FF FF FF FF FF FF FF
      FF FF FF FF FF FF FF FF FF FF FF FF FF FF FF FF
      FF FF FF FF FF FF FF FF FF FF FF FF FF FF FF FF
      FF FF FF FF FF FF FF FF FF FF FF FF FF FF FF FF
      FF FF FF FF FF FF FF FF FF FF FF FF FF FF FF FF
      FF FF FF FF FF FF FF FF FF FF FF FF FF FF FF FF
      FF FF FF FF FF FF FF FF FF FF FF FF FF FF FF FF
      FF FF FF FF FF FF FF FF FF FF FF FF FF FF FF FF
    </code_data>
  </DLT>
</tsduck>
