<?xml version="1.0" encoding="UTF-8"?>
<tsduck>
  <CAT version="0" current="true">
    <network_name_descriptor network_name="ISO-6937: €©µ"/>
    <network_name_descriptor network_name="ISO-8859-15: çéêè"/>
    <network_name_descriptor network_name="ISO-8859-10: ØšÐĸ"/>
    <network_name_descriptor network_name="ISO-8859-13: ŖĶņ"/>
    <network_name_descriptor network_name="ISO-8859-14: ẀṪẄ"/>
    <network_name_descriptor network_name="ISO-8859-5: ЖЉф"/>
    <network_name_descriptor network_name="ISO-8859-7: Ψωλ"/>
    <network_name_descriptor network_name="ISO-8859-8: אבשע"/>
    <network_name_descriptor network_name="ISO-8859-9: ŞşğĞ"/>
    <network_name_descriptor network_name="ISO-8859-6: شي"/>
    <network_name_descriptor network_name="ISO-8859-11: ฦ๕๙"/>
    <network_name_descriptor network_name="All: €©µçéêèØšÐĸŖĶņẀṪẄЖЉфΨωλאבשעŞşğĞشيฦ๕๙"/>
  </CAT>
</tsduck>
