<?xml version="1.0" encoding="UTF-8"?>
<tsduck>
  <PMT version="14" current="true" service_id="0x2264" PCR_PID="0x019A">
    <metadata PID="400" first_ts_packet="137" last_ts_packet="137"/>
    <CA_descriptor CA_system_id="0x1811" CA_PID="0x01D2">
      <private_data>
        02 33 15
      </private_data>
    </CA_descriptor>
    <CA_descriptor CA_system_id="0x1863" CA_PID="0x01DC">
      <private_data>
        02 33 42
      </private_data>
    </CA_descriptor>
    <CA_descriptor CA_system_id="0x1883" CA_PID="0x01DD">
      <private_data>
        02 33 11
      </private_data>
    </CA_descriptor>
    <CA_descriptor CA_system_id="0x1863" CA_PID="0x01D7">
      <private_data>
        02 33 43
      </private_data>
    </CA_descriptor>
    <CA_descriptor CA_system_id="0x0500" CA_PID="0x01E0">
      <private_data>
        10 01 01 13 01 20 14 03 03 28 30
      </private_data>
    </CA_descriptor>
    <CA_descriptor CA_system_id="0x0500" CA_PID="0x01E2">
      <private_data>
        10 01 01 13 01 20 14 03 03 29 40
      </private_data>
    </CA_descriptor>
    <CA_descriptor CA_system_id="0x0500" CA_PID="0x01E7">
      <private_data>
        10 01 01 13 01 20 14 03 04 0F 40
      </private_data>
    </CA_descriptor>
    <component elementary_PID="0x019A" stream_type="0x1B"/>
    <component elementary_PID="0x01A5" stream_type="0x06">
      <ISO_639_language_descriptor>
        <language code="fra" audio_type="0x00"/>
      </ISO_639_language_descriptor>
      <DVB_AC3_descriptor component_type="0x42"/>
    </component>
    <component elementary_PID="0x01A6" stream_type="0x06">
      <DVB_AC3_descriptor component_type="0x42"/>
      <ISO_639_language_descriptor>
        <language code="eng" audio_type="0x00"/>
      </ISO_639_language_descriptor>
    </component>
    <component elementary_PID="0x01BA" stream_type="0x06">
      <subtitling_descriptor>
        <subtitling language_code="fra" subtitling_type="0x10" composition_page_id="0x0001" ancillary_page_id="0x0002"/>
      </subtitling_descriptor>
    </component>
    <component elementary_PID="0x01BB" stream_type="0x06">
      <subtitling_descriptor>
        <subtitling language_code="fra" subtitling_type="0x20" composition_page_id="0x0003" ancillary_page_id="0x0004"/>
      </subtitling_descriptor>
    </component>
  </PMT>
  <PMT version="15" current="true" service_id="0x2262" PCR_PID="0x00D2">
    <metadata PID="200" first_ts_packet="200" last_ts_packet="200"/>
    <component elementary_PID="0x00D2" stream_type="0x1B"/>
    <component elementary_PID="0x00DD" stream_type="0x06">
      <ISO_639_language_descriptor>
        <language code="fra" audio_type="0x00"/>
      </ISO_639_language_descriptor>
      <DVB_AC3_descriptor component_type="0x42"/>
    </component>
    <component elementary_PID="0x00DE" stream_type="0x06">
      <DVB_AC3_descriptor component_type="0x42"/>
      <ISO_639_language_descriptor>
        <language code="eng" audio_type="0x00"/>
      </ISO_639_language_descriptor>
    </component>
    <component elementary_PID="0x00F2" stream_type="0x06">
      <subtitling_descriptor>
        <subtitling language_code="fra" subtitling_type="0x10" composition_page_id="0x0001" ancillary_page_id="0x0002"/>
      </subtitling_descriptor>
    </component>
    <component elementary_PID="0x00F3" stream_type="0x06">
      <subtitling_descriptor>
        <subtitling language_code="fra" subtitling_type="0x20" composition_page_id="0x0003" ancillary_page_id="0x0004"/>
      </subtitling_descriptor>
    </component>
  </PMT>
  <PMT version="10" current="true" service_id="0x2261" PCR_PID="0x006E">
    <metadata PID="100" first_ts_packet="257" last_ts_packet="257"/>
    <CA_descriptor CA_system_id="0x1811" CA_PID="0x00A6">
      <private_data>
        02 33 15
      </private_data>
    </CA_descriptor>
    <CA_descriptor CA_system_id="0x1863" CA_PID="0x00B0">
      <private_data>
        02 33 42
      </private_data>
    </CA_descriptor>
    <CA_descriptor CA_system_id="0x1883" CA_PID="0x00B1">
      <private_data>
        02 33 11
      </private_data>
    </CA_descriptor>
    <CA_descriptor CA_system_id="0x1863" CA_PID="0x00AB">
      <private_data>
        02 33 43
      </private_data>
    </CA_descriptor>
    <CA_descriptor CA_system_id="0x0500" CA_PID="0x00B4">
      <private_data>
        10 01 01 13 01 20 14 03 03 28 30
      </private_data>
    </CA_descriptor>
    <CA_descriptor CA_system_id="0x0500" CA_PID="0x00B6">
      <private_data>
        10 01 01 13 01 20 14 03 03 29 40
      </private_data>
    </CA_descriptor>
    <CA_descriptor CA_system_id="0x0500" CA_PID="0x00BB">
      <private_data>
        10 01 01 13 01 20 14 03 04 0F 40
      </private_data>
    </CA_descriptor>
    <component elementary_PID="0x006E" stream_type="0x1B"/>
    <component elementary_PID="0x0079" stream_type="0x06">
      <ISO_639_language_descriptor>
        <language code="fra" audio_type="0x00"/>
      </ISO_639_language_descriptor>
      <DVB_AC3_descriptor component_type="0x44"/>
    </component>
    <component elementary_PID="0x007A" stream_type="0x06">
      <DVB_AC3_descriptor component_type="0x44"/>
      <ISO_639_language_descriptor>
        <language code="eng" audio_type="0x00"/>
      </ISO_639_language_descriptor>
    </component>
    <component elementary_PID="0x007B" stream_type="0x06">
      <ISO_639_language_descriptor>
        <language code="qad" audio_type="0x00"/>
      </ISO_639_language_descriptor>
      <DVB_AC3_descriptor component_type="0x42"/>
    </component>
    <component elementary_PID="0x008E" stream_type="0x06">
      <subtitling_descriptor>
        <subtitling language_code="fra" subtitling_type="0x10" composition_page_id="0x0001" ancillary_page_id="0x0002"/>
      </subtitling_descriptor>
    </component>
    <component elementary_PID="0x008F" stream_type="0x06">
      <subtitling_descriptor>
        <subtitling language_code="fra" subtitling_type="0x20" composition_page_id="0x0003" ancillary_page_id="0x0004"/>
      </subtitling_descriptor>
    </component>
  </PMT>
  <PMT version="7" current="true" service_id="0x2269" PCR_PID="0x038E">
    <metadata PID="900" first_ts_packet="706" last_ts_packet="706"/>
    <CA_descriptor CA_system_id="0x1811" CA_PID="0x03C5">
      <private_data>
        02 33 11
      </private_data>
    </CA_descriptor>
    <CA_descriptor CA_system_id="0x1863" CA_PID="0x03D0">
      <private_data>
        02 33 42
      </private_data>
    </CA_descriptor>
    <CA_descriptor CA_system_id="0x1883" CA_PID="0x03D1">
      <private_data>
        02 33 11
      </private_data>
    </CA_descriptor>
    <CA_descriptor CA_system_id="0x1863" CA_PID="0x03CB">
      <private_data>
        02 33 43
      </private_data>
    </CA_descriptor>
    <CA_descriptor CA_system_id="0x0500" CA_PID="0x03D4">
      <private_data>
        10 01 01 13 01 20 14 03 03 28 30
      </private_data>
    </CA_descriptor>
    <CA_descriptor CA_system_id="0x0500" CA_PID="0x03D5">
      <private_data>
        10 01 01 13 01 20 14 03 03 29 20
      </private_data>
    </CA_descriptor>
    <CA_descriptor CA_system_id="0x0500" CA_PID="0x03D6">
      <private_data>
        10 01 01 13 01 20 14 03 03 29 40
      </private_data>
    </CA_descriptor>
    <component elementary_PID="0x038E" stream_type="0x1B"/>
    <component elementary_PID="0x0399" stream_type="0x06">
      <ISO_639_language_descriptor>
        <language code="fra" audio_type="0x00"/>
      </ISO_639_language_descriptor>
      <DVB_AC3_descriptor component_type="0x42"/>
    </component>
    <component elementary_PID="0x039A" stream_type="0x06">
      <DVB_AC3_descriptor component_type="0x42"/>
      <ISO_639_language_descriptor>
        <language code="eng" audio_type="0x00"/>
      </ISO_639_language_descriptor>
    </component>
    <component elementary_PID="0x03AE" stream_type="0x06">
      <subtitling_descriptor>
        <subtitling language_code="fra" subtitling_type="0x10" composition_page_id="0x0001" ancillary_page_id="0x0002"/>
      </subtitling_descriptor>
    </component>
    <component elementary_PID="0x03AF" stream_type="0x06">
      <subtitling_descriptor>
        <subtitling language_code="fra" subtitling_type="0x20" composition_page_id="0x0003" ancillary_page_id="0x0004"/>
      </subtitling_descriptor>
    </component>
  </PMT>
  <PMT version="7" current="true" service_id="0x2268" PCR_PID="0x032A">
    <metadata PID="800" first_ts_packet="753" last_ts_packet="753"/>
    <CA_descriptor CA_system_id="0x1811" CA_PID="0x0361">
      <private_data>
        02 33 11
      </private_data>
    </CA_descriptor>
    <CA_descriptor CA_system_id="0x1863" CA_PID="0x036C">
      <private_data>
        02 33 42
      </private_data>
    </CA_descriptor>
    <CA_descriptor CA_system_id="0x1883" CA_PID="0x036D">
      <private_data>
        02 33 11
      </private_data>
    </CA_descriptor>
    <CA_descriptor CA_system_id="0x1863" CA_PID="0x0367">
      <private_data>
        02 33 43
      </private_data>
    </CA_descriptor>
    <CA_descriptor CA_system_id="0x0500" CA_PID="0x0370">
      <private_data>
        10 01 01 13 01 20 14 03 03 28 30
      </private_data>
    </CA_descriptor>
    <CA_descriptor CA_system_id="0x0500" CA_PID="0x0371">
      <private_data>
        10 01 01 13 01 20 14 03 03 29 20
      </private_data>
    </CA_descriptor>
    <CA_descriptor CA_system_id="0x0500" CA_PID="0x0372">
      <private_data>
        10 01 01 13 01 20 14 03 03 29 40
      </private_data>
    </CA_descriptor>
    <component elementary_PID="0x032A" stream_type="0x1B"/>
    <component elementary_PID="0x0335" stream_type="0x06">
      <ISO_639_language_descriptor>
        <language code="fra" audio_type="0x00"/>
      </ISO_639_language_descriptor>
      <DVB_AC3_descriptor component_type="0x42"/>
    </component>
    <component elementary_PID="0x0336" stream_type="0x06">
      <DVB_AC3_descriptor component_type="0x42"/>
      <ISO_639_language_descriptor>
        <language code="eng" audio_type="0x00"/>
      </ISO_639_language_descriptor>
    </component>
    <component elementary_PID="0x034A" stream_type="0x06">
      <subtitling_descriptor>
        <subtitling language_code="fra" subtitling_type="0x10" composition_page_id="0x0001" ancillary_page_id="0x0002"/>
      </subtitling_descriptor>
    </component>
    <component elementary_PID="0x034B" stream_type="0x06">
      <subtitling_descriptor>
        <subtitling language_code="fra" subtitling_type="0x20" composition_page_id="0x0003" ancillary_page_id="0x0004"/>
      </subtitling_descriptor>
    </component>
  </PMT>
  <PMT version="1" current="true" service_id="0x226A" PCR_PID="0x03F2">
    <metadata PID="1,000" first_ts_packet="799" last_ts_packet="799"/>
    <component elementary_PID="0x03F2" stream_type="0x1B"/>
    <component elementary_PID="0x03FD" stream_type="0x06">
      <ISO_639_language_descriptor>
        <language code="fra" audio_type="0x00"/>
      </ISO_639_language_descriptor>
      <DVB_AC3_descriptor component_type="0x42"/>
    </component>
    <component elementary_PID="0x0413" stream_type="0x06">
      <subtitling_descriptor>
        <subtitling language_code="fra" subtitling_type="0x20" composition_page_id="0x0003" ancillary_page_id="0x0004"/>
      </subtitling_descriptor>
    </component>
  </PMT>
  <PMT version="13" current="true" service_id="0x2263" PCR_PID="0x0136">
    <metadata PID="300" first_ts_packet="1,612" last_ts_packet="1,612"/>
    <CA_descriptor CA_system_id="0x1811" CA_PID="0x016E">
      <private_data>
        02 33 15
      </private_data>
    </CA_descriptor>
    <CA_descriptor CA_system_id="0x1863" CA_PID="0x0178">
      <private_data>
        02 33 42
      </private_data>
    </CA_descriptor>
    <CA_descriptor CA_system_id="0x1883" CA_PID="0x0179">
      <private_data>
        02 33 11
      </private_data>
    </CA_descriptor>
    <CA_descriptor CA_system_id="0x1863" CA_PID="0x0173">
      <private_data>
        02 33 43
      </private_data>
    </CA_descriptor>
    <CA_descriptor CA_system_id="0x0500" CA_PID="0x017C">
      <private_data>
        10 01 01 13 01 20 14 03 03 28 30
      </private_data>
    </CA_descriptor>
    <CA_descriptor CA_system_id="0x0500" CA_PID="0x017E">
      <private_data>
        10 01 01 13 01 20 14 03 03 29 40
      </private_data>
    </CA_descriptor>
    <CA_descriptor CA_system_id="0x0500" CA_PID="0x0183">
      <private_data>
        10 01 01 13 01 20 14 03 04 0F 40
      </private_data>
    </CA_descriptor>
    <component elementary_PID="0x0136" stream_type="0x1B"/>
    <component elementary_PID="0x0141" stream_type="0x06">
      <ISO_639_language_descriptor>
        <language code="fra" audio_type="0x00"/>
      </ISO_639_language_descriptor>
      <DVB_AC3_descriptor component_type="0x44"/>
    </component>
    <component elementary_PID="0x0142" stream_type="0x06">
      <DVB_AC3_descriptor component_type="0x42"/>
      <ISO_639_language_descriptor>
        <language code="eng" audio_type="0x00"/>
      </ISO_639_language_descriptor>
    </component>
    <component elementary_PID="0x0156" stream_type="0x06">
      <subtitling_descriptor>
        <subtitling language_code="fra" subtitling_type="0x10" composition_page_id="0x0001" ancillary_page_id="0x0002"/>
      </subtitling_descriptor>
    </component>
    <component elementary_PID="0x0157" stream_type="0x06">
      <subtitling_descriptor>
        <subtitling language_code="fra" subtitling_type="0x20" composition_page_id="0x0003" ancillary_page_id="0x0004"/>
      </subtitling_descriptor>
    </component>
  </PMT>
  <PMT version="0" current="true" service_id="0x22C3">
    <metadata PID="4,099" first_ts_packet="1,649" last_ts_packet="1,649"/>
    <component elementary_PID="0x0FA5" stream_type="0x05">
      <data_broadcast_id_descriptor data_broadcast_id="0x0140">
        <selector_bytes>
          07 1B 05 01 04 6E 61 6D 65 04 6D 65 73 73
        </selector_bytes>
      </data_broadcast_id_descriptor>
    </component>
  </PMT>
  <PAT version="12" current="true" transport_stream_id="0x0438" network_PID="0x0010">
    <metadata PID="0" first_ts_packet="2,466" last_ts_packet="2,466"/>
    <service service_id="0x2261" program_map_PID="0x0064"/>
    <service service_id="0x2262" program_map_PID="0x00C8"/>
    <service service_id="0x2263" program_map_PID="0x012C"/>
    <service service_id="0x2264" program_map_PID="0x0190"/>
    <service service_id="0x2265" program_map_PID="0x01F4"/>
    <service service_id="0x2266" program_map_PID="0x0258"/>
    <service service_id="0x2267" program_map_PID="0x02BC"/>
    <service service_id="0x2268" program_map_PID="0x0320"/>
    <service service_id="0x2269" program_map_PID="0x0384"/>
    <service service_id="0x226A" program_map_PID="0x03E8"/>
    <service service_id="0x22C3" program_map_PID="0x1003"/>
  </PAT>
  <PMT version="8" current="true" service_id="0x2266" PCR_PID="0x0262">
    <metadata PID="600" first_ts_packet="2,529" last_ts_packet="2,529"/>
    <CA_descriptor CA_system_id="0x1811" CA_PID="0x029A">
      <private_data>
        02 33 15
      </private_data>
    </CA_descriptor>
    <CA_descriptor CA_system_id="0x1863" CA_PID="0x02A4">
      <private_data>
        02 33 42
      </private_data>
    </CA_descriptor>
    <CA_descriptor CA_system_id="0x1883" CA_PID="0x02A5">
      <private_data>
        02 33 11
      </private_data>
    </CA_descriptor>
    <CA_descriptor CA_system_id="0x1863" CA_PID="0x029F">
      <private_data>
        02 33 43
      </private_data>
    </CA_descriptor>
    <CA_descriptor CA_system_id="0x0500" CA_PID="0x02A8">
      <private_data>
        10 01 01 13 01 20 14 03 03 28 30
      </private_data>
    </CA_descriptor>
    <CA_descriptor CA_system_id="0x0500" CA_PID="0x02AA">
      <private_data>
        10 01 01 13 01 20 14 03 03 29 40
      </private_data>
    </CA_descriptor>
    <CA_descriptor CA_system_id="0x0500" CA_PID="0x02AF">
      <private_data>
        10 01 01 13 01 20 14 03 04 0F 40
      </private_data>
    </CA_descriptor>
    <component elementary_PID="0x0262" stream_type="0x1B"/>
    <component elementary_PID="0x026D" stream_type="0x06">
      <ISO_639_language_descriptor>
        <language code="fra" audio_type="0x00"/>
      </ISO_639_language_descriptor>
      <DVB_AC3_descriptor component_type="0x42"/>
    </component>
    <component elementary_PID="0x026E" stream_type="0x06">
      <DVB_AC3_descriptor component_type="0x42"/>
      <ISO_639_language_descriptor>
        <language code="eng" audio_type="0x00"/>
      </ISO_639_language_descriptor>
    </component>
    <component elementary_PID="0x0282" stream_type="0x06">
      <subtitling_descriptor>
        <subtitling language_code="fra" subtitling_type="0x10" composition_page_id="0x0001" ancillary_page_id="0x0002"/>
      </subtitling_descriptor>
    </component>
    <component elementary_PID="0x0283" stream_type="0x06">
      <subtitling_descriptor>
        <subtitling language_code="fra" subtitling_type="0x20" composition_page_id="0x0003" ancillary_page_id="0x0004"/>
      </subtitling_descriptor>
    </component>
  </PMT>
  <PMT version="30" current="true" service_id="0x2265" PCR_PID="0x01FE">
    <metadata PID="500" first_ts_packet="2,591" last_ts_packet="2,591"/>
    <CA_descriptor CA_system_id="0x1811" CA_PID="0x0236">
      <private_data>
        02 33 15
      </private_data>
    </CA_descriptor>
    <CA_descriptor CA_system_id="0x1863" CA_PID="0x0240">
      <private_data>
        02 33 42
      </private_data>
    </CA_descriptor>
    <CA_descriptor CA_system_id="0x1883" CA_PID="0x0241">
      <private_data>
        02 33 11
      </private_data>
    </CA_descriptor>
    <CA_descriptor CA_system_id="0x1863" CA_PID="0x023B">
      <private_data>
        02 33 43
      </private_data>
    </CA_descriptor>
    <CA_descriptor CA_system_id="0x0500" CA_PID="0x0244">
      <private_data>
        10 01 01 13 01 20 14 03 03 28 30
      </private_data>
    </CA_descriptor>
    <CA_descriptor CA_system_id="0x0500" CA_PID="0x0246">
      <private_data>
        10 01 01 13 01 20 14 03 03 29 40
      </private_data>
    </CA_descriptor>
    <CA_descriptor CA_system_id="0x0500" CA_PID="0x024B">
      <private_data>
        10 01 01 13 01 20 14 03 04 0F 40
      </private_data>
    </CA_descriptor>
    <component elementary_PID="0x01FE" stream_type="0x1B"/>
    <component elementary_PID="0x0209" stream_type="0x06">
      <ISO_639_language_descriptor>
        <language code="fra" audio_type="0x00"/>
      </ISO_639_language_descriptor>
      <DVB_AC3_descriptor component_type="0x42"/>
    </component>
    <component elementary_PID="0x020A" stream_type="0x06">
      <DVB_AC3_descriptor component_type="0x42"/>
      <ISO_639_language_descriptor>
        <language code="eng" audio_type="0x00"/>
      </ISO_639_language_descriptor>
    </component>
    <component elementary_PID="0x021E" stream_type="0x06">
      <subtitling_descriptor>
        <subtitling language_code="fra" subtitling_type="0x10" composition_page_id="0x0001" ancillary_page_id="0x0002"/>
      </subtitling_descriptor>
    </component>
    <component elementary_PID="0x021F" stream_type="0x06">
      <subtitling_descriptor>
        <subtitling language_code="fra" subtitling_type="0x20" composition_page_id="0x0003" ancillary_page_id="0x0004"/>
      </subtitling_descriptor>
    </component>
  </PMT>
  <CAT version="8" current="true">
    <metadata PID="1" first_ts_packet="2,651" last_ts_packet="2,651"/>
    <CA_descriptor CA_system_id="0x1811" CA_PID="0x1449">
      <private_data>
        02 FE 22
      </private_data>
    </CA_descriptor>
    <CA_descriptor CA_system_id="0x1811" CA_PID="0x164E">
      <private_data>
        02 33 41
      </private_data>
    </CA_descriptor>
    <CA_descriptor CA_system_id="0x1811" CA_PID="0x1647">
      <private_data>
        02 33 17
      </private_data>
    </CA_descriptor>
    <CA_descriptor CA_system_id="0x1811" CA_PID="0x1646">
      <private_data>
        02 33 15
      </private_data>
    </CA_descriptor>
    <CA_descriptor CA_system_id="0x1811" CA_PID="0x1645">
      <private_data>
        02 33 11
      </private_data>
    </CA_descriptor>
    <CA_descriptor CA_system_id="0x1863" CA_PID="0x1650">
      <private_data>
        06 33 41 33 42 33 43
      </private_data>
    </CA_descriptor>
    <CA_descriptor CA_system_id="0x0500" CA_PID="0x168A">
      <private_data>
        13 01 20 14 03 04 0F 40
      </private_data>
    </CA_descriptor>
    <CA_descriptor CA_system_id="0x0500" CA_PID="0x1690">
      <private_data>
        13 01 20 14 03 03 28 30 14 03 D0 00 C0
      </private_data>
    </CA_descriptor>
    <CA_descriptor CA_system_id="0x0500" CA_PID="0x168F">
      <private_data>
        13 01 20 14 03 03 29 40
      </private_data>
    </CA_descriptor>
    <CA_descriptor CA_system_id="0x0500" CA_PID="0x1699">
      <private_data>
        13 01 20 14 03 03 29 20
      </private_data>
    </CA_descriptor>
    <CA_descriptor CA_system_id="0x0500" CA_PID="0x168C">
      <private_data>
        13 01 20 14 03 03 0B 00 14 03 03 28 30
      </private_data>
    </CA_descriptor>
    <CA_descriptor CA_system_id="0x1883" CA_PID="0x165D">
      <private_data>
        06 33 41 33 11 33 15
      </private_data>
    </CA_descriptor>
  </CAT>
  <PMT version="5" current="true" service_id="0x2267" PCR_PID="0x02C6">
    <metadata PID="700" first_ts_packet="5,053" last_ts_packet="5,053"/>
    <CA_descriptor CA_system_id="0x1811" CA_PID="0x02FD">
      <private_data>
        02 33 11
      </private_data>
    </CA_descriptor>
    <CA_descriptor CA_system_id="0x1863" CA_PID="0x0308">
      <private_data>
        02 33 42
      </private_data>
    </CA_descriptor>
    <CA_descriptor CA_system_id="0x1883" CA_PID="0x0309">
      <private_data>
        02 33 11
      </private_data>
    </CA_descriptor>
    <CA_descriptor CA_system_id="0x1863" CA_PID="0x0303">
      <private_data>
        02 33 43
      </private_data>
    </CA_descriptor>
    <CA_descriptor CA_system_id="0x0500" CA_PID="0x030C">
      <private_data>
        10 01 01 13 01 20 14 03 03 28 30
      </private_data>
    </CA_descriptor>
    <CA_descriptor CA_system_id="0x0500" CA_PID="0x030D">
      <private_data>
        10 01 01 13 01 20 14 03 03 29 20
      </private_data>
    </CA_descriptor>
    <CA_descriptor CA_system_id="0x0500" CA_PID="0x030E">
      <private_data>
        10 01 01 13 01 20 14 03 03 29 40
      </private_data>
    </CA_descriptor>
    <component elementary_PID="0x02C6" stream_type="0x1B"/>
    <component elementary_PID="0x02D1" stream_type="0x06">
      <ISO_639_language_descriptor>
        <language code="fra" audio_type="0x00"/>
      </ISO_639_language_descriptor>
      <DVB_AC3_descriptor component_type="0x42"/>
    </component>
    <component elementary_PID="0x02D2" stream_type="0x06">
      <DVB_AC3_descriptor component_type="0x42"/>
      <ISO_639_language_descriptor>
        <language code="eng" audio_type="0x00"/>
      </ISO_639_language_descriptor>
    </component>
    <component elementary_PID="0x02E6" stream_type="0x06">
      <subtitling_descriptor>
        <subtitling language_code="fra" subtitling_type="0x10" composition_page_id="0x0001" ancillary_page_id="0x0002"/>
      </subtitling_descriptor>
    </component>
    <component elementary_PID="0x02E7" stream_type="0x06">
      <subtitling_descriptor>
        <subtitling language_code="fra" subtitling_type="0x20" composition_page_id="0x0003" ancillary_page_id="0x0004"/>
      </subtitling_descriptor>
    </component>
  </PMT>
  <NIT version="26" current="true" network_id="0x0001" actual="true">
    <metadata PID="16" first_ts_packet="1,707" last_ts_packet="10,632"/>
    <network_name_descriptor network_name="ASTRA 1"/>
    <linkage_descriptor transport_stream_id="0x0454" original_network_id="0x0001" service_id="0x000C" linkage_type="0x01"/>
    <linkage_descriptor transport_stream_id="0x0457" original_network_id="0x0001" service_id="0x000D" linkage_type="0x01"/>
    <linkage_descriptor transport_stream_id="0x0457" original_network_id="0x0001" service_id="0x0000" linkage_type="0x04"/>
    <linkage_descriptor transport_stream_id="0x0454" original_network_id="0x0001" service_id="0x0000" linkage_type="0x04">
      <private_data>
        4E 4F
      </private_data>
    </linkage_descriptor>
    <linkage_descriptor transport_stream_id="0x0457" original_network_id="0x0001" service_id="0x0000" linkage_type="0x0A">
      <private_data>
        02
      </private_data>
    </linkage_descriptor>
    <linkage_descriptor transport_stream_id="0x0460" original_network_id="0x0001" service_id="0x0000" linkage_type="0x0C">
      <private_data>
        02 FF FF
      </private_data>
    </linkage_descriptor>
    <linkage_descriptor transport_stream_id="0x0460" original_network_id="0x0001" service_id="0x1776" linkage_type="0x07"/>
    <private_data_specifier_descriptor private_data_specifier="Astra"/>
    <linkage_descriptor transport_stream_id="0x0457" original_network_id="0x0001" service_id="0x1EE6" linkage_type="0x90"/>
    <linkage_descriptor transport_stream_id="0x03EF" original_network_id="0x0001" service_id="0x1337" linkage_type="0x91"/>
    <linkage_descriptor transport_stream_id="0x0457" original_network_id="0x0001" service_id="0x1EE7" linkage_type="0x93"/>
    <linkage_descriptor transport_stream_id="0x0406" original_network_id="0x0001" service_id="0x11F7" linkage_type="0xA2"/>
    <linkage_descriptor transport_stream_id="0x0406" original_network_id="0x0001" service_id="0x11EE" linkage_type="0x09">
      <private_data>
        0A 00 07 0B 06 00 26 00 01 80 1D
      </private_data>
    </linkage_descriptor>
    <network_name_descriptor network_name="ASTRA 1"/>
    <network_name_descriptor network_name="ASTRA 1"/>
    <transport_stream transport_stream_id="0x03EA" original_network_id="0x0001" preferred_section="1">
      <satellite_delivery_system_descriptor frequency="11,229,000,000" orbital_position="19.2" west_east_flag="east" polarization="vertical" roll_off="0.35" modulation_system="DVB-S2" modulation_type="8PSK" symbol_rate="22,000,000" FEC_inner="2/3"/>
    </transport_stream>
    <transport_stream transport_stream_id="0x03EB" original_network_id="0x0001" preferred_section="0">
      <satellite_delivery_system_descriptor frequency="11,243,750,000" orbital_position="19.2" west_east_flag="east" polarization="horizontal" modulation_system="DVB-S" modulation_type="QPSK" symbol_rate="22,000,000" FEC_inner="5/6"/>
    </transport_stream>
    <transport_stream transport_stream_id="0x03EC" original_network_id="0x0001" preferred_section="0">
      <satellite_delivery_system_descriptor frequency="11,258,500,000" orbital_position="19.2" west_east_flag="east" polarization="vertical" roll_off="0.35" modulation_system="DVB-S2" modulation_type="8PSK" symbol_rate="22,000,000" FEC_inner="2/3"/>
    </transport_stream>
    <transport_stream transport_stream_id="0x03ED" original_network_id="0x0001" preferred_section="0">
      <satellite_delivery_system_descriptor frequency="11,273,250,000" orbital_position="19.2" west_east_flag="east" polarization="horizontal" roll_off="0.35" modulation_system="DVB-S2" modulation_type="8PSK" symbol_rate="22,000,000" FEC_inner="2/3"/>
    </transport_stream>
    <transport_stream transport_stream_id="0x03EE" original_network_id="0x0001" preferred_section="0">
      <satellite_delivery_system_descriptor frequency="11,288,000,000" orbital_position="19.2" west_east_flag="east" polarization="vertical" roll_off="0.20" modulation_system="DVB-S2" modulation_type="8PSK" symbol_rate="22,000,000" FEC_inner="2/3"/>
    </transport_stream>
    <transport_stream transport_stream_id="0x03EF" original_network_id="0x0001" preferred_section="0">
      <satellite_delivery_system_descriptor frequency="11,302,750,000" orbital_position="19.2" west_east_flag="east" polarization="horizontal" roll_off="0.35" modulation_system="DVB-S2" modulation_type="8PSK" symbol_rate="22,000,000" FEC_inner="2/3"/>
    </transport_stream>
    <transport_stream transport_stream_id="0x03F0" original_network_id="0x0001" preferred_section="0">
      <satellite_delivery_system_descriptor frequency="11,317,500,000" orbital_position="19.2" west_east_flag="east" polarization="vertical" modulation_system="DVB-S" modulation_type="QPSK" symbol_rate="22,000,000" FEC_inner="5/6"/>
    </transport_stream>
    <transport_stream transport_stream_id="0x03F2" original_network_id="0x0001" preferred_section="0">
      <satellite_delivery_system_descriptor frequency="11,347,000,000" orbital_position="19.2" west_east_flag="east" polarization="vertical" roll_off="0.35" modulation_system="DVB-S2" modulation_type="8PSK" symbol_rate="22,000,000" FEC_inner="2/3"/>
    </transport_stream>
    <transport_stream transport_stream_id="0x03F3" original_network_id="0x0001" preferred_section="0">
      <satellite_delivery_system_descriptor frequency="11,361,750,000" orbital_position="19.2" west_east_flag="east" polarization="horizontal" roll_off="0.35" modulation_system="DVB-S2" modulation_type="8PSK" symbol_rate="22,000,000" FEC_inner="2/3"/>
    </transport_stream>
    <transport_stream transport_stream_id="0x03F4" original_network_id="0x0001" preferred_section="0">
      <satellite_delivery_system_descriptor frequency="11,376,500,000" orbital_position="19.2" west_east_flag="east" polarization="vertical" roll_off="0.35" modulation_system="DVB-S2" modulation_type="8PSK" symbol_rate="22,000,000" FEC_inner="2/3"/>
    </transport_stream>
    <transport_stream transport_stream_id="0x03F5" original_network_id="0x0001" preferred_section="0">
      <satellite_delivery_system_descriptor frequency="11,391,250,000" orbital_position="19.2" west_east_flag="east" polarization="horizontal" modulation_system="DVB-S" modulation_type="QPSK" symbol_rate="22,000,000" FEC_inner="5/6"/>
    </transport_stream>
    <transport_stream transport_stream_id="0x03F7" original_network_id="0x0001" preferred_section="0">
      <satellite_delivery_system_descriptor frequency="11,420,750,000" orbital_position="19.2" west_east_flag="east" polarization="horizontal" modulation_system="DVB-S" modulation_type="QPSK" symbol_rate="22,000,000" FEC_inner="5/6"/>
    </transport_stream>
    <transport_stream transport_stream_id="0x03F8" original_network_id="0x0001" preferred_section="0">
      <satellite_delivery_system_descriptor frequency="11,435,500,000" orbital_position="19.2" west_east_flag="east" polarization="vertical" roll_off="0.35" modulation_system="DVB-S2" modulation_type="8PSK" symbol_rate="22,000,000" FEC_inner="2/3"/>
    </transport_stream>
    <transport_stream transport_stream_id="0x03F9" original_network_id="0x0001" preferred_section="0">
      <satellite_delivery_system_descriptor frequency="11,464,250,000" orbital_position="19.2" west_east_flag="east" polarization="horizontal" roll_off="0.35" modulation_system="DVB-S2" modulation_type="8PSK" symbol_rate="22,000,000" FEC_inner="2/3"/>
    </transport_stream>
    <transport_stream transport_stream_id="0x03FB" original_network_id="0x0001" preferred_section="0">
      <satellite_delivery_system_descriptor frequency="11,493,750,000" orbital_position="19.2" west_east_flag="east" polarization="horizontal" roll_off="0.35" modulation_system="DVB-S2" modulation_type="8PSK" symbol_rate="22,000,000" FEC_inner="2/3"/>
    </transport_stream>
    <transport_stream transport_stream_id="0x03FC" original_network_id="0x0001" preferred_section="0">
      <satellite_delivery_system_descriptor frequency="11,508,500,000" orbital_position="19.2" west_east_flag="east" polarization="vertical" modulation_system="DVB-S" modulation_type="QPSK" symbol_rate="22,000,000" FEC_inner="5/6"/>
    </transport_stream>
    <transport_stream transport_stream_id="0x03FD" original_network_id="0x0001" preferred_section="0">
      <satellite_delivery_system_descriptor frequency="11,523,250,000" orbital_position="19.2" west_east_flag="east" polarization="horizontal" modulation_system="DVB-S" modulation_type="QPSK" symbol_rate="22,000,000" FEC_inner="5/6"/>
    </transport_stream>
    <transport_stream transport_stream_id="0x03FE" original_network_id="0x0001" preferred_section="0">
      <satellite_delivery_system_descriptor frequency="11,538,000,000" orbital_position="19.2" west_east_flag="east" polarization="vertical" modulation_system="DVB-S" modulation_type="QPSK" symbol_rate="22,000,000" FEC_inner="5/6"/>
    </transport_stream>
    <transport_stream transport_stream_id="0x0401" original_network_id="0x0001" preferred_section="0">
      <satellite_delivery_system_descriptor frequency="11,582,250,000" orbital_position="19.2" west_east_flag="east" polarization="horizontal" roll_off="0.35" modulation_system="DVB-S2" modulation_type="8PSK" symbol_rate="22,000,000" FEC_inner="2/3"/>
    </transport_stream>
    <transport_stream transport_stream_id="0x0402" original_network_id="0x0001" preferred_section="0">
      <satellite_delivery_system_descriptor frequency="11,597,000,000" orbital_position="19.2" west_east_flag="east" polarization="vertical" modulation_system="DVB-S" modulation_type="QPSK" symbol_rate="22,000,000" FEC_inner="5/6"/>
    </transport_stream>
    <transport_stream transport_stream_id="0x0403" original_network_id="0x0001" preferred_section="0">
      <satellite_delivery_system_descriptor frequency="11,611,750,000" orbital_position="19.2" west_east_flag="east" polarization="horizontal" modulation_system="DVB-S" modulation_type="QPSK" symbol_rate="22,000,000" FEC_inner="5/6"/>
    </transport_stream>
    <transport_stream transport_stream_id="0x0404" original_network_id="0x0001" preferred_section="0">
      <satellite_delivery_system_descriptor frequency="11,626,500,000" orbital_position="19.2" west_east_flag="east" polarization="vertical" modulation_system="DVB-S" modulation_type="QPSK" symbol_rate="22,000,000" FEC_inner="5/6"/>
    </transport_stream>
    <transport_stream transport_stream_id="0x0406" original_network_id="0x0001" preferred_section="2">
      <satellite_delivery_system_descriptor frequency="11,656,000,000" orbital_position="19.2" west_east_flag="east" polarization="vertical" roll_off="0.35" modulation_system="DVB-S2" modulation_type="8PSK" symbol_rate="22,000,000" FEC_inner="2/3"/>
    </transport_stream>
    <transport_stream transport_stream_id="0x0407" original_network_id="0x0001" preferred_section="0">
      <satellite_delivery_system_descriptor frequency="11,670,750,000" orbital_position="19.2" west_east_flag="east" polarization="horizontal" roll_off="0.35" modulation_system="DVB-S2" modulation_type="8PSK" symbol_rate="22,000,000" FEC_inner="2/3"/>
    </transport_stream>
    <transport_stream transport_stream_id="0x0408" original_network_id="0x0001" preferred_section="0">
      <satellite_delivery_system_descriptor frequency="11,685,500,000" orbital_position="19.2" west_east_flag="east" polarization="vertical" modulation_system="DVB-S" modulation_type="QPSK" symbol_rate="22,000,000" FEC_inner="5/6"/>
    </transport_stream>
    <transport_stream transport_stream_id="0x0409" original_network_id="0x0001" preferred_section="0">
      <satellite_delivery_system_descriptor frequency="10,964,250,000" orbital_position="19.2" west_east_flag="east" polarization="horizontal" roll_off="0.35" modulation_system="DVB-S2" modulation_type="8PSK" symbol_rate="22,000,000" FEC_inner="2/3"/>
    </transport_stream>
    <transport_stream transport_stream_id="0x040A" original_network_id="0x0001" preferred_section="0">
      <satellite_delivery_system_descriptor frequency="10,979,000,000" orbital_position="19.2" west_east_flag="east" polarization="vertical" modulation_system="DVB-S" modulation_type="QPSK" symbol_rate="22,000,000" FEC_inner="5/6"/>
    </transport_stream>
    <transport_stream transport_stream_id="0x040B" original_network_id="0x0001" preferred_section="2">
      <satellite_delivery_system_descriptor frequency="10,993,750,000" orbital_position="19.2" west_east_flag="east" polarization="horizontal" roll_off="0.35" modulation_system="DVB-S2" modulation_type="8PSK" symbol_rate="22,000,000" FEC_inner="5/6"/>
    </transport_stream>
    <transport_stream transport_stream_id="0x040E" original_network_id="0x0001" preferred_section="0">
      <satellite_delivery_system_descriptor frequency="11,038,000,000" orbital_position="19.2" west_east_flag="east" polarization="vertical" modulation_system="DVB-S" modulation_type="QPSK" symbol_rate="22,000,000" FEC_inner="5/6"/>
    </transport_stream>
    <transport_stream transport_stream_id="0x040F" original_network_id="0x0001" preferred_section="0">
      <satellite_delivery_system_descriptor frequency="11,052,750,000" orbital_position="19.2" west_east_flag="east" polarization="horizontal" roll_off="0.35" modulation_system="DVB-S2" modulation_type="8PSK" symbol_rate="22,000,000" FEC_inner="2/3"/>
    </transport_stream>
    <transport_stream transport_stream_id="0x0410" original_network_id="0x0001" preferred_section="0">
      <satellite_delivery_system_descriptor frequency="11,067,500,000" orbital_position="19.2" west_east_flag="east" polarization="vertical" modulation_system="DVB-S" modulation_type="QPSK" symbol_rate="22,000,000" FEC_inner="5/6"/>
    </transport_stream>
    <transport_stream transport_stream_id="0x0411" original_network_id="0x0001" preferred_section="0">
      <satellite_delivery_system_descriptor frequency="11,082,250,000" orbital_position="19.2" west_east_flag="east" polarization="horizontal" roll_off="0.20" modulation_system="DVB-S2" modulation_type="8PSK" symbol_rate="22,000,000" FEC_inner="3/4"/>
    </transport_stream>
    <transport_stream transport_stream_id="0x0412" original_network_id="0x0001" preferred_section="0">
      <satellite_delivery_system_descriptor frequency="11,097,000,000" orbital_position="19.2" west_east_flag="east" polarization="vertical" modulation_system="DVB-S" modulation_type="QPSK" symbol_rate="22,000,000" FEC_inner="5/6"/>
    </transport_stream>
    <transport_stream transport_stream_id="0x0413" original_network_id="0x0001" preferred_section="1">
      <satellite_delivery_system_descriptor frequency="11,111,750,000" orbital_position="19.2" west_east_flag="east" polarization="horizontal" roll_off="0.35" modulation_system="DVB-S2" modulation_type="8PSK" symbol_rate="22,000,000" FEC_inner="2/3"/>
    </transport_stream>
    <transport_stream transport_stream_id="0x0414" original_network_id="0x0001" preferred_section="0">
      <satellite_delivery_system_descriptor frequency="11,126,500,000" orbital_position="19.2" west_east_flag="east" polarization="vertical" roll_off="0.35" modulation_system="DVB-S2" modulation_type="8PSK" symbol_rate="22,000,000" FEC_inner="2/3"/>
    </transport_stream>
    <transport_stream transport_stream_id="0x0416" original_network_id="0x0001" preferred_section="0">
      <satellite_delivery_system_descriptor frequency="11,156,000,000" orbital_position="19.2" west_east_flag="east" polarization="vertical" modulation_system="DVB-S" modulation_type="QPSK" symbol_rate="22,000,000" FEC_inner="5/6"/>
    </transport_stream>
    <transport_stream transport_stream_id="0x0418" original_network_id="0x0001" preferred_section="0">
      <satellite_delivery_system_descriptor frequency="11,185,500,000" orbital_position="19.2" west_east_flag="east" polarization="vertical" modulation_system="DVB-S" modulation_type="QPSK" symbol_rate="22,000,000" FEC_inner="5/6"/>
    </transport_stream>
    <transport_stream transport_stream_id="0x041A" original_network_id="0x0001" preferred_section="0">
      <satellite_delivery_system_descriptor frequency="10,729,000,000" orbital_position="19.2" west_east_flag="east" polarization="vertical" roll_off="0.35" modulation_system="DVB-S2" modulation_type="8PSK" symbol_rate="22,000,000" FEC_inner="2/3"/>
    </transport_stream>
    <transport_stream transport_stream_id="0x041B" original_network_id="0x0001" preferred_section="0">
      <satellite_delivery_system_descriptor frequency="10,743,750,000" orbital_position="19.2" west_east_flag="east" polarization="horizontal" modulation_system="DVB-S" modulation_type="QPSK" symbol_rate="22,000,000" FEC_inner="5/6"/>
    </transport_stream>
    <transport_stream transport_stream_id="0x041C" original_network_id="0x0001" preferred_section="0">
      <satellite_delivery_system_descriptor frequency="10,758,500,000" orbital_position="19.2" west_east_flag="east" polarization="vertical" modulation_system="DVB-S" modulation_type="QPSK" symbol_rate="22,000,000" FEC_inner="5/6"/>
    </transport_stream>
    <transport_stream transport_stream_id="0x041D" original_network_id="0x0001" preferred_section="0">
      <satellite_delivery_system_descriptor frequency="10,773,250,000" orbital_position="19.2" west_east_flag="east" polarization="horizontal" roll_off="0.20" modulation_system="DVB-S2" modulation_type="8PSK" symbol_rate="22,000,000" FEC_inner="3/4"/>
    </transport_stream>
    <transport_stream transport_stream_id="0x041E" original_network_id="0x0001" preferred_section="0">
      <satellite_delivery_system_descriptor frequency="10,788,000,000" orbital_position="19.2" west_east_flag="east" polarization="vertical" modulation_system="DVB-S" modulation_type="QPSK" symbol_rate="22,000,000" FEC_inner="5/6"/>
    </transport_stream>
    <transport_stream transport_stream_id="0x041F" original_network_id="0x0001" preferred_section="0">
      <satellite_delivery_system_descriptor frequency="10,802,750,000" orbital_position="19.2" west_east_flag="east" polarization="horizontal" roll_off="0.35" modulation_system="DVB-S2" modulation_type="8PSK" symbol_rate="22,000,000" FEC_inner="3/4"/>
    </transport_stream>
    <transport_stream transport_stream_id="0x0420" original_network_id="0x0001" preferred_section="0">
      <satellite_delivery_system_descriptor frequency="10,817,500,000" orbital_position="19.2" west_east_flag="east" polarization="vertical" roll_off="0.35" modulation_system="DVB-S2" modulation_type="8PSK" symbol_rate="22,000,000" FEC_inner="2/3"/>
    </transport_stream>
    <transport_stream transport_stream_id="0x0421" original_network_id="0x0001" preferred_section="0">
      <satellite_delivery_system_descriptor frequency="10,832,250,000" orbital_position="19.2" west_east_flag="east" polarization="horizontal" roll_off="0.35" modulation_system="DVB-S2" modulation_type="8PSK" symbol_rate="22,000,000" FEC_inner="2/3"/>
    </transport_stream>
    <transport_stream transport_stream_id="0x0422" original_network_id="0x0001" preferred_section="0">
      <satellite_delivery_system_descriptor frequency="10,847,000,000" orbital_position="19.2" west_east_flag="east" polarization="vertical" modulation_system="DVB-S" modulation_type="QPSK" symbol_rate="22,000,000" FEC_inner="5/6"/>
    </transport_stream>
    <transport_stream transport_stream_id="0x0424" original_network_id="0x0001" preferred_section="0">
      <satellite_delivery_system_descriptor frequency="10,876,500,000" orbital_position="19.2" west_east_flag="east" polarization="vertical" modulation_system="DVB-S" modulation_type="QPSK" symbol_rate="22,000,000" FEC_inner="5/6"/>
    </transport_stream>
    <transport_stream transport_stream_id="0x0425" original_network_id="0x0001" preferred_section="0">
      <satellite_delivery_system_descriptor frequency="10,891,250,000" orbital_position="19.2" west_east_flag="east" polarization="horizontal" roll_off="0.35" modulation_system="DVB-S2" modulation_type="8PSK" symbol_rate="22,000,000" FEC_inner="2/3"/>
    </transport_stream>
    <transport_stream transport_stream_id="0x0426" original_network_id="0x0001" preferred_section="2">
      <satellite_delivery_system_descriptor frequency="10,906,000,000" orbital_position="19.2" west_east_flag="east" polarization="vertical" roll_off="0.35" modulation_system="DVB-S2" modulation_type="8PSK" symbol_rate="22,000,000" FEC_inner="2/3"/>
    </transport_stream>
    <transport_stream transport_stream_id="0x0428" original_network_id="0x0001" preferred_section="1">
      <satellite_delivery_system_descriptor frequency="10,935,500,000" orbital_position="19.2" west_east_flag="east" polarization="vertical" roll_off="0.35" modulation_system="DVB-S2" modulation_type="8PSK" symbol_rate="22,000,000" FEC_inner="2/3"/>
    </transport_stream>
    <transport_stream transport_stream_id="0x042A" original_network_id="0x0001" preferred_section="1">
      <satellite_delivery_system_descriptor frequency="11,739,000,000" orbital_position="19.2" west_east_flag="east" polarization="vertical" modulation_system="DVB-S" modulation_type="QPSK" symbol_rate="27,500,000" FEC_inner="3/4"/>
    </transport_stream>
    <transport_stream transport_stream_id="0x042E" original_network_id="0x0001" preferred_section="1">
      <satellite_delivery_system_descriptor frequency="11,817,000,000" orbital_position="19.2" west_east_flag="east" polarization="vertical" roll_off="0.25" modulation_system="DVB-S2" modulation_type="QPSK" symbol_rate="29,700,000" FEC_inner="5/6"/>
    </transport_stream>
    <transport_stream transport_stream_id="0x0430" original_network_id="0x0001" preferred_section="1">
      <satellite_delivery_system_descriptor frequency="11,856,000,000" orbital_position="19.2" west_east_flag="east" polarization="vertical" roll_off="0.25" modulation_system="DVB-S2" modulation_type="QPSK" symbol_rate="29,700,000" FEC_inner="5/6"/>
    </transport_stream>
    <transport_stream transport_stream_id="0x0431" original_network_id="0x0001" preferred_section="1">
      <satellite_delivery_system_descriptor frequency="12,109,500,000" orbital_position="19.2" west_east_flag="east" polarization="horizontal" modulation_system="DVB-S" modulation_type="QPSK" symbol_rate="27,500,000" FEC_inner="3/4"/>
    </transport_stream>
    <transport_stream transport_stream_id="0x0432" original_network_id="0x0001" preferred_section="1">
      <satellite_delivery_system_descriptor frequency="11,895,000,000" orbital_position="19.2" west_east_flag="east" polarization="vertical" roll_off="0.25" modulation_system="DVB-S2" modulation_type="QPSK" symbol_rate="29,700,000" FEC_inner="5/6"/>
    </transport_stream>
    <transport_stream transport_stream_id="0x0434" original_network_id="0x0001" preferred_section="1">
      <satellite_delivery_system_descriptor frequency="11,934,000,000" orbital_position="19.2" west_east_flag="east" polarization="vertical" roll_off="0.25" modulation_system="DVB-S2" modulation_type="QPSK" symbol_rate="29,700,000" FEC_inner="5/6"/>
    </transport_stream>
    <transport_stream transport_stream_id="0x0436" original_network_id="0x0001" preferred_section="1">
      <satellite_delivery_system_descriptor frequency="11,973,000,000" orbital_position="19.2" west_east_flag="east" polarization="vertical" modulation_system="DVB-S" modulation_type="QPSK" symbol_rate="27,500,000" FEC_inner="3/4"/>
    </transport_stream>
    <transport_stream transport_stream_id="0x0437" original_network_id="0x0001" preferred_section="1">
      <satellite_delivery_system_descriptor frequency="11,953,500,000" orbital_position="19.2" west_east_flag="east" polarization="horizontal" modulation_system="DVB-S" modulation_type="QPSK" symbol_rate="27,500,000" FEC_inner="3/4"/>
    </transport_stream>
    <transport_stream transport_stream_id="0x0438" original_network_id="0x0001" preferred_section="1">
      <satellite_delivery_system_descriptor frequency="12,012,000,000" orbital_position="19.2" west_east_flag="east" polarization="vertical" roll_off="0.25" modulation_system="DVB-S2" modulation_type="QPSK" symbol_rate="29,700,000" FEC_inner="5/6"/>
    </transport_stream>
    <transport_stream transport_stream_id="0x043A" original_network_id="0x0001" preferred_section="1">
      <satellite_delivery_system_descriptor frequency="12,051,000,000" orbital_position="19.2" west_east_flag="east" polarization="vertical" modulation_system="DVB-S" modulation_type="QPSK" symbol_rate="27,500,000" FEC_inner="3/4"/>
    </transport_stream>
    <transport_stream transport_stream_id="0x043C" original_network_id="0x0001" preferred_section="1">
      <satellite_delivery_system_descriptor frequency="12,090,000,000" orbital_position="19.2" west_east_flag="east" polarization="vertical" roll_off="0.25" modulation_system="DVB-S2" modulation_type="QPSK" symbol_rate="29,700,000" FEC_inner="5/6"/>
    </transport_stream>
    <transport_stream transport_stream_id="0x043E" original_network_id="0x0001" preferred_section="1">
      <satellite_delivery_system_descriptor frequency="12,129,000,000" orbital_position="19.2" west_east_flag="east" polarization="vertical" roll_off="0.25" modulation_system="DVB-S2" modulation_type="QPSK" symbol_rate="29,700,000" FEC_inner="5/6"/>
    </transport_stream>
    <transport_stream transport_stream_id="0x0440" original_network_id="0x0001" preferred_section="1">
      <satellite_delivery_system_descriptor frequency="12,168,000,000" orbital_position="19.2" west_east_flag="east" polarization="vertical" roll_off="0.25" modulation_system="DVB-S2" modulation_type="8PSK" symbol_rate="29,700,000" FEC_inner="2/3"/>
    </transport_stream>
    <transport_stream transport_stream_id="0x0441" original_network_id="0x0001" preferred_section="1">
      <satellite_delivery_system_descriptor frequency="12,187,500,000" orbital_position="19.2" west_east_flag="east" polarization="horizontal" modulation_system="DVB-S" modulation_type="QPSK" symbol_rate="27,500,000" FEC_inner="3/4"/>
    </transport_stream>
    <transport_stream transport_stream_id="0x0442" original_network_id="0x0001" preferred_section="1">
      <satellite_delivery_system_descriptor frequency="12,207,000,000" orbital_position="19.2" west_east_flag="east" polarization="vertical" roll_off="0.25" modulation_system="DVB-S2" modulation_type="QPSK" symbol_rate="29,700,000" FEC_inner="5/6"/>
    </transport_stream>
    <transport_stream transport_stream_id="0x0443" original_network_id="0x0001" preferred_section="1">
      <satellite_delivery_system_descriptor frequency="12,226,500,000" orbital_position="19.2" west_east_flag="east" polarization="horizontal" modulation_system="DVB-S" modulation_type="QPSK" symbol_rate="27,500,000" FEC_inner="3/4"/>
    </transport_stream>
    <transport_stream transport_stream_id="0x0444" original_network_id="0x0001" preferred_section="1">
      <satellite_delivery_system_descriptor frequency="12,246,000,000" orbital_position="19.2" west_east_flag="east" polarization="vertical" roll_off="0.25" modulation_system="DVB-S2" modulation_type="QPSK" symbol_rate="29,700,000" FEC_inner="5/6"/>
    </transport_stream>
    <transport_stream transport_stream_id="0x0445" original_network_id="0x0001" preferred_section="1">
      <satellite_delivery_system_descriptor frequency="12,265,500,000" orbital_position="19.2" west_east_flag="east" polarization="horizontal" modulation_system="DVB-S" modulation_type="QPSK" symbol_rate="27,500,000" FEC_inner="3/4"/>
    </transport_stream>
    <transport_stream transport_stream_id="0x0446" original_network_id="0x0001" preferred_section="1">
      <satellite_delivery_system_descriptor frequency="12,285,000,000" orbital_position="19.2" west_east_flag="east" polarization="vertical" roll_off="0.25" modulation_system="DVB-S2" modulation_type="8PSK" symbol_rate="29,700,000" FEC_inner="2/3"/>
    </transport_stream>
    <transport_stream transport_stream_id="0x0448" original_network_id="0x0001" preferred_section="1">
      <satellite_delivery_system_descriptor frequency="12,324,000,000" orbital_position="19.2" west_east_flag="east" polarization="vertical" roll_off="0.25" modulation_system="DVB-S2" modulation_type="8PSK" symbol_rate="29,700,000" FEC_inner="2/3"/>
    </transport_stream>
    <transport_stream transport_stream_id="0x0449" original_network_id="0x0001" preferred_section="2">
      <satellite_delivery_system_descriptor frequency="12,343,500,000" orbital_position="19.2" west_east_flag="east" polarization="horizontal" roll_off="0.20" modulation_system="DVB-S2" modulation_type="8PSK" symbol_rate="30,000,000" FEC_inner="2/3"/>
    </transport_stream>
    <transport_stream transport_stream_id="0x044A" original_network_id="0x0001" preferred_section="1">
      <satellite_delivery_system_descriptor frequency="12,363,000,000" orbital_position="19.2" west_east_flag="east" polarization="vertical" modulation_system="DVB-S" modulation_type="QPSK" symbol_rate="27,500,000" FEC_inner="3/4"/>
    </transport_stream>
    <transport_stream transport_stream_id="0x044C" original_network_id="0x0001" preferred_section="1">
      <satellite_delivery_system_descriptor frequency="12,402,000,000" orbital_position="19.2" west_east_flag="east" polarization="vertical" roll_off="0.25" modulation_system="DVB-S2" modulation_type="QPSK" symbol_rate="29,700,000" FEC_inner="5/6"/>
    </transport_stream>
    <transport_stream transport_stream_id="0x044D" original_network_id="0x0001" preferred_section="1">
      <satellite_delivery_system_descriptor frequency="11,836,500,000" orbital_position="19.2" west_east_flag="east" polarization="horizontal" modulation_system="DVB-S" modulation_type="QPSK" symbol_rate="27,500,000" FEC_inner="3/4"/>
    </transport_stream>
    <transport_stream transport_stream_id="0x044E" original_network_id="0x0001" preferred_section="1">
      <satellite_delivery_system_descriptor frequency="12,441,000,000" orbital_position="19.2" west_east_flag="east" polarization="vertical" roll_off="0.25" modulation_system="DVB-S2" modulation_type="QPSK" symbol_rate="29,700,000" FEC_inner="5/6"/>
    </transport_stream>
    <transport_stream transport_stream_id="0x0453" original_network_id="0x0001" preferred_section="1">
      <satellite_delivery_system_descriptor frequency="12,544,750,000" orbital_position="19.2" west_east_flag="east" polarization="horizontal" modulation_system="DVB-S" modulation_type="QPSK" symbol_rate="22,000,000" FEC_inner="5/6"/>
    </transport_stream>
    <transport_stream transport_stream_id="0x0454" original_network_id="0x0001" preferred_section="1">
      <satellite_delivery_system_descriptor frequency="12,551,500,000" orbital_position="19.2" west_east_flag="east" polarization="vertical" modulation_system="DVB-S" modulation_type="QPSK" symbol_rate="22,000,000" FEC_inner="5/6"/>
    </transport_stream>
    <transport_stream transport_stream_id="0x0455" original_network_id="0x0001" preferred_section="1">
      <satellite_delivery_system_descriptor frequency="12,574,250,000" orbital_position="19.2" west_east_flag="east" polarization="horizontal" roll_off="0.35" modulation_system="DVB-S2" modulation_type="8PSK" symbol_rate="22,000,000" FEC_inner="2/3"/>
    </transport_stream>
    <transport_stream transport_stream_id="0x0456" original_network_id="0x0001" preferred_section="1">
      <satellite_delivery_system_descriptor frequency="12,581,000,000" orbital_position="19.2" west_east_flag="east" polarization="vertical" roll_off="0.35" modulation_system="DVB-S2" modulation_type="8PSK" symbol_rate="22,000,000" FEC_inner="2/3"/>
    </transport_stream>
    <transport_stream transport_stream_id="0x0457" original_network_id="0x0001" preferred_section="1">
      <satellite_delivery_system_descriptor frequency="12,603,750,000" orbital_position="19.2" west_east_flag="east" polarization="horizontal" modulation_system="DVB-S" modulation_type="QPSK" symbol_rate="22,000,000" FEC_inner="5/6"/>
    </transport_stream>
    <transport_stream transport_stream_id="0x0459" original_network_id="0x0001" preferred_section="1">
      <satellite_delivery_system_descriptor frequency="12,633,250,000" orbital_position="19.2" west_east_flag="east" polarization="horizontal" modulation_system="DVB-S" modulation_type="QPSK" symbol_rate="22,000,000" FEC_inner="5/6"/>
    </transport_stream>
    <transport_stream transport_stream_id="0x045B" original_network_id="0x0001" preferred_section="1">
      <satellite_delivery_system_descriptor frequency="12,662,750,000" orbital_position="19.2" west_east_flag="east" polarization="horizontal" modulation_system="DVB-S" modulation_type="QPSK" symbol_rate="22,000,000" FEC_inner="5/6"/>
    </transport_stream>
    <transport_stream transport_stream_id="0x045D" original_network_id="0x0001" preferred_section="1">
      <satellite_delivery_system_descriptor frequency="12,692,250,000" orbital_position="19.2" west_east_flag="east" polarization="horizontal" modulation_system="DVB-S" modulation_type="QPSK" symbol_rate="22,000,000" FEC_inner="5/6"/>
    </transport_stream>
    <transport_stream transport_stream_id="0x045E" original_network_id="0x0001" preferred_section="1">
      <satellite_delivery_system_descriptor frequency="12,699,000,000" orbital_position="19.2" west_east_flag="east" polarization="vertical" roll_off="0.35" modulation_system="DVB-S2" modulation_type="8PSK" symbol_rate="22,000,000" FEC_inner="2/3"/>
    </transport_stream>
    <transport_stream transport_stream_id="0x045F" original_network_id="0x0001" preferred_section="1">
      <satellite_delivery_system_descriptor frequency="12,721,750,000" orbital_position="19.2" west_east_flag="east" polarization="horizontal" roll_off="0.35" modulation_system="DVB-S2" modulation_type="8PSK" symbol_rate="22,000,000" FEC_inner="2/3"/>
    </transport_stream>
    <transport_stream transport_stream_id="0x0460" original_network_id="0x0001" preferred_section="1">
      <satellite_delivery_system_descriptor frequency="12,728,500,000" orbital_position="19.2" west_east_flag="east" polarization="vertical" roll_off="0.35" modulation_system="DVB-S2" modulation_type="8PSK" symbol_rate="22,000,000" FEC_inner="2/3"/>
    </transport_stream>
    <transport_stream transport_stream_id="0x04B1" original_network_id="0x0001" preferred_section="1">
      <satellite_delivery_system_descriptor frequency="12,421,500,000" orbital_position="19.2" west_east_flag="east" polarization="horizontal" modulation_system="DVB-S" modulation_type="QPSK" symbol_rate="27,500,000" FEC_inner="3/4"/>
    </transport_stream>
    <transport_stream transport_stream_id="0x0451" original_network_id="0x0035" preferred_section="1">
      <satellite_delivery_system_descriptor frequency="12,515,250,000" orbital_position="19.2" west_east_flag="east" polarization="horizontal" modulation_system="DVB-S" modulation_type="QPSK" symbol_rate="22,000,000" FEC_inner="5/6"/>
    </transport_stream>
    <transport_stream transport_stream_id="0x0002" original_network_id="0x0085" preferred_section="2">
      <satellite_delivery_system_descriptor frequency="11,758,500,000" orbital_position="19.2" west_east_flag="east" polarization="horizontal" roll_off="0.35" modulation_system="DVB-S2" modulation_type="QPSK" symbol_rate="27,500,000" FEC_inner="9/10"/>
    </transport_stream>
    <transport_stream transport_stream_id="0x0003" original_network_id="0x0085" preferred_section="1">
      <satellite_delivery_system_descriptor frequency="11,719,500,000" orbital_position="19.2" west_east_flag="east" polarization="horizontal" roll_off="0.35" modulation_system="DVB-S2" modulation_type="QPSK" symbol_rate="27,500,000" FEC_inner="9/10"/>
    </transport_stream>
    <transport_stream transport_stream_id="0x0004" original_network_id="0x0085" preferred_section="1">
      <satellite_delivery_system_descriptor frequency="12,031,500,000" orbital_position="19.2" west_east_flag="east" polarization="horizontal" roll_off="0.35" modulation_system="DVB-S2" modulation_type="QPSK" symbol_rate="27,500,000" FEC_inner="9/10"/>
    </transport_stream>
    <transport_stream transport_stream_id="0x0005" original_network_id="0x0085" preferred_section="1">
      <satellite_delivery_system_descriptor frequency="12,460,500,000" orbital_position="19.2" west_east_flag="east" polarization="horizontal" modulation_system="DVB-S" modulation_type="QPSK" symbol_rate="27,500,000" FEC_inner="3/4"/>
    </transport_stream>
    <transport_stream transport_stream_id="0x0006" original_network_id="0x0085" preferred_section="1">
      <satellite_delivery_system_descriptor frequency="11,914,500,000" orbital_position="19.2" west_east_flag="east" polarization="horizontal" roll_off="0.35" modulation_system="DVB-S2" modulation_type="QPSK" symbol_rate="27,500,000" FEC_inner="9/10"/>
    </transport_stream>
    <transport_stream transport_stream_id="0x0007" original_network_id="0x0085" preferred_section="1">
      <satellite_delivery_system_descriptor frequency="12,148,500,000" orbital_position="19.2" west_east_flag="east" polarization="horizontal" modulation_system="DVB-S" modulation_type="QPSK" symbol_rate="27,500,000" FEC_inner="3/4"/>
    </transport_stream>
    <transport_stream transport_stream_id="0x0008" original_network_id="0x0085" preferred_section="2">
      <satellite_delivery_system_descriptor frequency="12,070,500,000" orbital_position="19.2" west_east_flag="east" polarization="horizontal" roll_off="0.35" modulation_system="DVB-S2" modulation_type="QPSK" symbol_rate="27,500,000" FEC_inner="9/10"/>
    </transport_stream>
    <transport_stream transport_stream_id="0x0009" original_network_id="0x0085" preferred_section="1">
      <satellite_delivery_system_descriptor frequency="11,170,750,000" orbital_position="19.2" west_east_flag="east" polarization="horizontal" roll_off="0.35" modulation_system="DVB-S2" modulation_type="8PSK" symbol_rate="22,000,000" FEC_inner="3/4"/>
    </transport_stream>
    <transport_stream transport_stream_id="0x000A" original_network_id="0x0085" preferred_section="0">
      <satellite_delivery_system_descriptor frequency="11,332,250,000" orbital_position="19.2" west_east_flag="east" polarization="horizontal" roll_off="0.35" modulation_system="DVB-S2" modulation_type="8PSK" symbol_rate="22,000,000" FEC_inner="3/4"/>
    </transport_stream>
    <transport_stream transport_stream_id="0x000B" original_network_id="0x0085" preferred_section="1">
      <satellite_delivery_system_descriptor frequency="12,382,500,000" orbital_position="19.2" west_east_flag="east" polarization="horizontal" roll_off="0.35" modulation_system="DVB-S2" modulation_type="QPSK" symbol_rate="27,500,000" FEC_inner="9/10"/>
    </transport_stream>
    <transport_stream transport_stream_id="0x000C" original_network_id="0x0085" preferred_section="1">
      <satellite_delivery_system_descriptor frequency="12,304,500,000" orbital_position="19.2" west_east_flag="east" polarization="horizontal" roll_off="0.35" modulation_system="DVB-S2" modulation_type="QPSK" symbol_rate="27,500,000" FEC_inner="9/10"/>
    </transport_stream>
    <transport_stream transport_stream_id="0x000D" original_network_id="0x0085" preferred_section="1">
      <satellite_delivery_system_descriptor frequency="11,992,500,000" orbital_position="19.2" west_east_flag="east" polarization="horizontal" roll_off="0.35" modulation_system="DVB-S2" modulation_type="QPSK" symbol_rate="27,500,000" FEC_inner="9/10"/>
    </transport_stream>
    <transport_stream transport_stream_id="0x000E" original_network_id="0x0085" preferred_section="1">
      <satellite_delivery_system_descriptor frequency="11,875,500,000" orbital_position="19.2" west_east_flag="east" polarization="horizontal" roll_off="0.35" modulation_system="DVB-S2" modulation_type="8PSK" symbol_rate="27,500,000" FEC_inner="3/4"/>
    </transport_stream>
    <transport_stream transport_stream_id="0x000F" original_network_id="0x0085" preferred_section="1">
      <satellite_delivery_system_descriptor frequency="10,920,750,000" orbital_position="19.2" west_east_flag="east" polarization="horizontal" modulation_system="DVB-S" modulation_type="QPSK" symbol_rate="22,000,000" FEC_inner="7/8"/>
    </transport_stream>
    <transport_stream transport_stream_id="0x0010" original_network_id="0x0085" preferred_section="2">
      <satellite_delivery_system_descriptor frequency="11,797,500,000" orbital_position="19.2" west_east_flag="east" polarization="horizontal" roll_off="0.35" modulation_system="DVB-S2" modulation_type="QPSK" symbol_rate="27,500,000" FEC_inner="9/10"/>
    </transport_stream>
    <transport_stream transport_stream_id="0x0021" original_network_id="0x0085" preferred_section="1">
      <satellite_delivery_system_descriptor frequency="12,480,000,000" orbital_position="19.2" west_east_flag="east" polarization="vertical" modulation_system="DVB-S" modulation_type="QPSK" symbol_rate="27,500,000" FEC_inner="3/4"/>
    </transport_stream>
  </NIT>
  <EIT type="pf" version="6" current="true" actual="true" service_id="0x226A" transport_stream_id="0x0438" original_network_id="0x0001" last_table_id="0x4E">
    <metadata PID="18" first_ts_packet="3,845" last_ts_packet="24,100"/>
    <event event_id="0x7531" start_time="2017-08-23 11:00:00" duration="02:00:00" running_status="running" CA_mode="false">
      <short_event_descriptor language_code="fre">
        <event_name>LA NEWSROOM</event_name>
        <text>EN DIRECT.  TXT0.</text>
      </short_event_descriptor>
      <extended_event_descriptor descriptor_number="0" last_descriptor_number="0" language_code="fre">
        <text>EN DIRECT.  TXT0.</text>
        <item>
          <description>PrØsentateur</description>
          <name>Julien Desvages</name>
        </item>
      </extended_event_descriptor>
      <component_descriptor stream_content="0x01" stream_content_ext="0x0F" component_type="0x01" component_tag="0x01" language_code="fre" text=""/>
      <component_descriptor stream_content="0x02" stream_content_ext="0x0F" component_type="0x01" component_tag="0x01" language_code="fre" text=""/>
      <content_descriptor>
        <content content_nibble_level_1="9" content_nibble_level_2="1" user_byte="0x00"/>
        <content content_nibble_level_1="11" content_nibble_level_2="15" user_byte="0x00"/>
      </content_descriptor>
      <parental_rating_descriptor>
        <country country_code="FRA" rating="0x10"/>
      </parental_rating_descriptor>
    </event>
    <event event_id="0x7532" start_time="2017-08-23 13:00:00" duration="02:00:00" running_status="not-running" CA_mode="false">
      <short_event_descriptor language_code="fre">
        <event_name>LA NEWSROOM</event_name>
        <text>EN DIRECT.  TXT0.</text>
      </short_event_descriptor>
      <extended_event_descriptor descriptor_number="0" last_descriptor_number="0" language_code="fre">
        <text>EN DIRECT.  TXT0.</text>
        <item>
          <description>PrØsentateur</description>
          <name>Julien Desvages</name>
        </item>
      </extended_event_descriptor>
      <component_descriptor stream_content="0x01" stream_content_ext="0x0F" component_type="0x01" component_tag="0x01" language_code="fre" text=""/>
      <component_descriptor stream_content="0x02" stream_content_ext="0x0F" component_type="0x01" component_tag="0x01" language_code="fre" text=""/>
      <content_descriptor>
        <content content_nibble_level_1="9" content_nibble_level_2="1" user_byte="0x00"/>
        <content content_nibble_level_1="11" content_nibble_level_2="15" user_byte="0x00"/>
      </content_descriptor>
      <parental_rating_descriptor>
        <country country_code="FRA" rating="0x10"/>
      </parental_rating_descriptor>
    </event>
  </EIT>
  <EIT type="pf" version="2" current="true" actual="true" service_id="0x2264" transport_stream_id="0x0438" original_network_id="0x0001" last_table_id="0x4E">
    <metadata PID="18" first_ts_packet="3,845" last_ts_packet="24,286"/>
    <event event_id="0xB6E5" start_time="2017-08-23 11:22:00" duration="01:17:00" running_status="running" CA_mode="true">
      <short_event_descriptor language_code="fre">
        <event_name>GANT D'OR 2017</event_name>
        <text>DIFFUSE EN HD.  Gant d'Or 2017. Finale. A Biarritz (PyrØnØes-Atlantiques).</text>
      </short_event_descriptor>
      <extended_event_descriptor descriptor_number="0" last_descriptor_number="0" language_code="fre">
        <text>DIFFUSE EN HD.  Gant d'Or 2017. Finale. A Biarritz (PyrØnØes-Atlantiques).</text>
      </extended_event_descriptor>
      <component_descriptor stream_content="0x01" stream_content_ext="0x0F" component_type="0x0B" component_tag="0x01" language_code="fre" text=""/>
      <component_descriptor stream_content="0x02" stream_content_ext="0x0F" component_type="0x03" component_tag="0x01" language_code="fre" text=""/>
      <content_descriptor>
        <content content_nibble_level_1="2" content_nibble_level_2="0" user_byte="0x00"/>
        <content content_nibble_level_1="11" content_nibble_level_2="15" user_byte="0x00"/>
        <content content_nibble_level_1="11" content_nibble_level_2="15" user_byte="0x30"/>
      </content_descriptor>
      <parental_rating_descriptor>
        <country country_code="FRA" rating="0x10"/>
      </parental_rating_descriptor>
    </event>
    <event event_id="0xB659" start_time="2017-08-23 12:39:00" duration="01:43:00" running_status="not-running" CA_mode="true">
      <short_event_descriptor language_code="fre">
        <event_name>LORIENT (L2) / LENS (L2)</event_name>
        <text>DIFFUSE EN HD.  Lorient (L2) / Lens (L2) Coupe de la Ligue. 2e tour.</text>
      </short_event_descriptor>
      <extended_event_descriptor descriptor_number="0" last_descriptor_number="0" language_code="fre">
        <text>DIFFUSE EN HD.  Lorient (L2) / Lens (L2) Coupe de la Ligue. 2e tour.</text>
      </extended_event_descriptor>
      <component_descriptor stream_content="0x01" stream_content_ext="0x0F" component_type="0x0B" component_tag="0x01" language_code="fre" text=""/>
      <component_descriptor stream_content="0x02" stream_content_ext="0x0F" component_type="0x03" component_tag="0x01" language_code="fre" text=""/>
      <content_descriptor>
        <content content_nibble_level_1="2" content_nibble_level_2="1" user_byte="0x00"/>
        <content content_nibble_level_1="11" content_nibble_level_2="15" user_byte="0x00"/>
        <content content_nibble_level_1="11" content_nibble_level_2="15" user_byte="0x30"/>
      </content_descriptor>
      <parental_rating_descriptor>
        <country country_code="FRA" rating="0x10"/>
      </parental_rating_descriptor>
      <private_data_specifier_descriptor private_data_specifier="CanalPlus"/>
      <generic_descriptor tag="0xE0">
        E2 85 10 00 00 22 64 04 38 00 01 06 21 00 BF 00
        BF 30 04 F2 03 F1 0B
      </generic_descriptor>
    </event>
  </EIT>
  <EIT type="pf" version="28" current="true" actual="true" service_id="0x2265" transport_stream_id="0x0438" original_network_id="0x0001" last_table_id="0x4E">
    <metadata PID="18" first_ts_packet="4,122" last_ts_packet="24,544"/>
    <event event_id="0x089E" start_time="2017-08-23 11:17:00" duration="01:18:00" running_status="running" CA_mode="true">
      <short_event_descriptor language_code="fre">
        <event_name>GARFIELD LE FILM</event_name>
        <text>DIFFUSE EN HD.  RØalisØ par Peter Hewitt en 2004. Avec Breckin Meyer, Jennifer Love Hewitt, Stephen Tobolowsky. ComØdie amØricaine.</text>
      </short_event_descriptor>
      <extended_event_descriptor descriptor_number="0" last_descriptor_number="1" language_code="fre">
        <text>DIFFUSE EN HD.  RØalisØ par Peter Hewitt en 2004. Avec Breckin Meyer, Jennifer Love Hewitt, Stephen Tobolowsky. ComØdie amØricaine. Un chat, habituØ Ω vivre seul avec son maŊtre, est jaloux quand celui-ci adopte u</text>
        <item>
          <description>AnnØe</description>
          <name>2004</name>
        </item>
        <item>
          <description>RØalisateur</description>
          <name>Peter Hewitt</name>
        </item>
      </extended_event_descriptor>
      <extended_event_descriptor descriptor_number="1" last_descriptor_number="1" language_code="fre">
        <text>n chien. Il s'en dØbarrasse rapidement. Pris de remords, il dØcide de l'aider.</text>
      </extended_event_descriptor>
      <component_descriptor stream_content="0x01" stream_content_ext="0x0F" component_type="0x0B" component_tag="0x01" language_code="fre" text=""/>
      <component_descriptor stream_content="0x02" stream_content_ext="0x0F" component_type="0x03" component_tag="0x01" language_code="fre" text=""/>
      <component_descriptor stream_content="0x02" stream_content_ext="0x0F" component_type="0x03" component_tag="0x01" language_code="eng" text=""/>
      <component_descriptor stream_content="0x03" stream_content_ext="0x0F" component_type="0x22" component_tag="0x01" language_code="fre" text=""/>
      <content_descriptor>
        <content content_nibble_level_1="1" content_nibble_level_2="4" user_byte="0x00"/>
        <content content_nibble_level_1="11" content_nibble_level_2="15" user_byte="0x01"/>
        <content content_nibble_level_1="11" content_nibble_level_2="15" user_byte="0x11"/>
        <content content_nibble_level_1="11" content_nibble_level_2="15" user_byte="0x30"/>
      </content_descriptor>
      <parental_rating_descriptor>
        <country country_code="FRA" rating="0x10"/>
      </parental_rating_descriptor>
      <private_data_specifier_descriptor private_data_specifier="CanalPlus"/>
      <generic_descriptor tag="0xE0">
        E2 86 12 40 00 22 65 04 38 00 01 08 14 00 BF 01
        BF 11 BF 30 06 F3 22 F2 03 F1 0B
      </generic_descriptor>
      <generic_descriptor tag="0xE0">
        E2 88 06 15 00 22 65 04 38 00 01 08 14 00 BF 01
        BF 11 BF 30 06 F3 22 F2 03 F1 0B
      </generic_descriptor>
      <generic_descriptor tag="0xE0">
        E2 8E 17 35 00 22 65 04 38 00 01 08 14 00 BF 01
        BF 11 BF 30 06 F3 22 F2 03 F1 0B
      </generic_descriptor>
    </event>
    <event event_id="0x0CCF" start_time="2017-08-23 12:35:00" duration="00:27:00" running_status="not-running" CA_mode="true">
      <short_event_descriptor language_code="fre">
        <event_name>KAMEL LE MAGICIEN</event_name>
        <text>DIFFUSE EN HD.  "EtØ 2011".</text>
      </short_event_descriptor>
      <extended_event_descriptor descriptor_number="0" last_descriptor_number="0" language_code="fre">
        <text>DIFFUSE EN HD.  "EtØ 2011". Avec l'humour et la tchatche qui le caractØrisent, Kamel, intervenant rØgulier du «Grand Journal», propose des tours de magie rØalisØs dans des lieux insolites.</text>
      </extended_event_descriptor>
      <component_descriptor stream_content="0x01" stream_content_ext="0x0F" component_type="0x0B" component_tag="0x01" language_code="fre" text=""/>
      <component_descriptor stream_content="0x02" stream_content_ext="0x0F" component_type="0x03" component_tag="0x01" language_code="fre" text=""/>
      <component_descriptor stream_content="0x03" stream_content_ext="0x0F" component_type="0x22" component_tag="0x01" language_code="fre" text=""/>
      <content_descriptor>
        <content content_nibble_level_1="7" content_nibble_level_2="0" user_byte="0x00"/>
        <content content_nibble_level_1="11" content_nibble_level_2="15" user_byte="0x00"/>
        <content content_nibble_level_1="11" content_nibble_level_2="15" user_byte="0x11"/>
        <content content_nibble_level_1="11" content_nibble_level_2="15" user_byte="0x30"/>
      </content_descriptor>
      <parental_rating_descriptor>
        <country country_code="FRA" rating="0x10"/>
      </parental_rating_descriptor>
      <private_data_specifier_descriptor private_data_specifier="CanalPlus"/>
      <generic_descriptor tag="0xE0">
        E2 8C 03 00 00 22 65 04 38 00 01 08 70 00 BF 00
        BF 11 BF 30 06 F3 22 F2 03 F1 0B
      </generic_descriptor>
    </event>
  </EIT>
  <EIT type="pf" version="22" current="true" actual="true" service_id="0x2261" transport_stream_id="0x0438" original_network_id="0x0001" last_table_id="0x4E">
    <metadata PID="18" first_ts_packet="7,818" last_ts_packet="28,153"/>
    <event event_id="0x8E7F" start_time="2017-08-23 11:45:00" duration="01:40:00" running_status="running" CA_mode="true">
      <short_event_descriptor language_code="fre">
        <event_name>PETER ET ELLIOTT LE DRAGON</event_name>
        <text>DIFFUSE EN HD.  Peter et Elliott le dragon RØalisØ par David Lowery en 2016. Avec Bryce Dallas Howard, Oakes Fegley. Film pour la jeunesse amØricain.</text>
      </short_event_descriptor>
      <extended_event_descriptor descriptor_number="0" last_descriptor_number="1" language_code="fre">
        <text>DIFFUSE EN HD.  Peter et Elliott le dragon RØalisØ par David Lowery en 2016. Avec Bryce Dallas Howard, Oakes Fegley. Film pour la jeunesse amØricain. Une femme garde forestier dØcouvre un garĿon d'une dizaine d'an</text>
        <item>
          <description>AnnØe</description>
          <name>2016</name>
        </item>
        <item>
          <description>RØalisateur</description>
          <name>David Lowery</name>
        </item>
      </extended_event_descriptor>
      <extended_event_descriptor descriptor_number="1" last_descriptor_number="1" language_code="fre">
        <text>nØes dans les bois. Sans famille, il prØtend avoir ØtØ ØlevØ par un dragon gØant.</text>
      </extended_event_descriptor>
      <component_descriptor stream_content="0x01" stream_content_ext="0x0F" component_type="0x0B" component_tag="0x01" language_code="fre" text=""/>
      <component_descriptor stream_content="0x02" stream_content_ext="0x0F" component_type="0x04" component_tag="0x01" language_code="fre" text=""/>
      <component_descriptor stream_content="0x02" stream_content_ext="0x0F" component_type="0x04" component_tag="0x01" language_code="eng" text=""/>
      <component_descriptor stream_content="0x03" stream_content_ext="0x0F" component_type="0x22" component_tag="0x01" language_code="fre" text=""/>
      <content_descriptor>
        <content content_nibble_level_1="1" content_nibble_level_2="7" user_byte="0x00"/>
        <content content_nibble_level_1="11" content_nibble_level_2="15" user_byte="0x01"/>
        <content content_nibble_level_1="11" content_nibble_level_2="15" user_byte="0x11"/>
        <content content_nibble_level_1="11" content_nibble_level_2="15" user_byte="0x30"/>
      </content_descriptor>
      <parental_rating_descriptor>
        <country country_code="FRA" rating="0x10"/>
      </parental_rating_descriptor>
    </event>
    <event event_id="0x8E80" start_time="2017-08-23 13:25:00" duration="01:33:00" running_status="not-running" CA_mode="true">
      <short_event_descriptor language_code="fre">
        <event_name>L'AGE DE GLACE 5 : LES LOIS DE L'UNIVERS</event_name>
        <text>DIFFUSE EN HD.  L'Đge de glace 5 : les lois de l'univers RØalisØ par Mike Thurmeier, Galen T Chu en 2016. Film d'animation amØricain.</text>
      </short_event_descriptor>
      <extended_event_descriptor descriptor_number="0" last_descriptor_number="1" language_code="fre">
        <text>DIFFUSE EN HD.  L'Đge de glace 5 : les lois de l'univers RØalisØ par Mike Thurmeier, Galen T Chu en 2016. Film d'animation amØricain. AprŁs que Scrat a provoquØ la dØviation d'un gros astØroŉde vers la Terre, Si</text>
        <item>
          <description>AnnØe</description>
          <name>2016</name>
        </item>
        <item>
          <description>RØalisateur</description>
          <name>Mike Thurmeier</name>
        </item>
      </extended_event_descriptor>
      <extended_event_descriptor descriptor_number="1" last_descriptor_number="1" language_code="fre">
        <text>d, Diego, Manny et leurs amis cherchent un moyen de stopper l'apocalypse imminente.</text>
      </extended_event_descriptor>
      <component_descriptor stream_content="0x01" stream_content_ext="0x0F" component_type="0x0B" component_tag="0x01" language_code="fre" text=""/>
      <component_descriptor stream_content="0x02" stream_content_ext="0x0F" component_type="0x04" component_tag="0x01" language_code="fre" text=""/>
      <component_descriptor stream_content="0x02" stream_content_ext="0x0F" component_type="0x04" component_tag="0x01" language_code="eng" text=""/>
      <component_descriptor stream_content="0x03" stream_content_ext="0x0F" component_type="0x22" component_tag="0x01" language_code="fre" text=""/>
      <content_descriptor>
        <content content_nibble_level_1="1" content_nibble_level_2="7" user_byte="0x00"/>
        <content content_nibble_level_1="11" content_nibble_level_2="15" user_byte="0x01"/>
        <content content_nibble_level_1="11" content_nibble_level_2="15" user_byte="0x11"/>
        <content content_nibble_level_1="11" content_nibble_level_2="15" user_byte="0x30"/>
      </content_descriptor>
      <parental_rating_descriptor>
        <country country_code="FRA" rating="0x10"/>
      </parental_rating_descriptor>
    </event>
  </EIT>
  <EIT type="pf" version="16" current="true" actual="true" service_id="0x2268" transport_stream_id="0x0438" original_network_id="0x0001" last_table_id="0x4E">
    <metadata PID="18" first_ts_packet="8,217" last_ts_packet="28,595"/>
    <event event_id="0x7808" start_time="2017-08-23 11:30:00" duration="01:38:00" running_status="running" CA_mode="true">
      <short_event_descriptor language_code="fre">
        <event_name>ARTHUR 3 : LA GUERRE DES DEUX MONDES</event_name>
        <text>DIFFUSE EN HD.  Arthur 3 : la guerre des deux mondes RØalisØ par Luc Besson en 2010. Avec Freddie Highmore, Mia Farrow, Robert Stanton. Film franĿais.</text>
      </short_event_descriptor>
      <extended_event_descriptor descriptor_number="0" last_descriptor_number="1" language_code="fre">
        <text>DIFFUSE EN HD.  Arthur 3 : la guerre des deux mondes RØalisØ par Luc Besson en 2010. Avec Freddie Highmore, Mia Farrow, Robert Stanton. Film franĿais. Un petit Œtre et ses minuscules amis cherchent un moyen de grand</text>
        <item>
          <description>AnnØe</description>
          <name>2010</name>
        </item>
        <item>
          <description>RØalisateur</description>
          <name>Luc Besson</name>
        </item>
      </extended_event_descriptor>
      <extended_event_descriptor descriptor_number="1" last_descriptor_number="1" language_code="fre">
        <text>ir afin de pouvoir combattre un cruel ennemi qui menace le monde des humains.</text>
      </extended_event_descriptor>
      <component_descriptor stream_content="0x01" stream_content_ext="0x0F" component_type="0x0B" component_tag="0x01" language_code="fre" text=""/>
      <component_descriptor stream_content="0x02" stream_content_ext="0x0F" component_type="0x04" component_tag="0x01" language_code="fre" text=""/>
      <component_descriptor stream_content="0x03" stream_content_ext="0x0F" component_type="0x22" component_tag="0x01" language_code="fre" text=""/>
      <content_descriptor>
        <content content_nibble_level_1="1" content_nibble_level_2="2" user_byte="0x00"/>
        <content content_nibble_level_1="11" content_nibble_level_2="15" user_byte="0x00"/>
        <content content_nibble_level_1="11" content_nibble_level_2="15" user_byte="0x11"/>
        <content content_nibble_level_1="11" content_nibble_level_2="15" user_byte="0x30"/>
      </content_descriptor>
      <parental_rating_descriptor>
        <country country_code="FRA" rating="0x10"/>
      </parental_rating_descriptor>
      <private_data_specifier_descriptor private_data_specifier="CanalPlus"/>
      <generic_descriptor tag="0xE0">
        E2 8C 23 40 00 22 68 04 38 00 01 08 12 00 BF 00
        BF 11 BF 30 06 F3 22 F2 04 F1 0B
      </generic_descriptor>
      <generic_descriptor tag="0xE0">
        E2 8E 06 30 00 22 68 04 38 00 01 08 12 00 BF 00
        BF 11 BF 30 06 F3 22 F2 04 F1 0B
      </generic_descriptor>
    </event>
    <event event_id="0x7809" start_time="2017-08-23 13:08:00" duration="01:43:00" running_status="not-running" CA_mode="true">
      <short_event_descriptor language_code="fre">
        <event_name>LE PETIT PRINCE</event_name>
        <text>DIFFUSE EN HD.  RØalisØ par Mark Osborne en 2015. Film d'animation franĿais.</text>
      </short_event_descriptor>
      <extended_event_descriptor descriptor_number="0" last_descriptor_number="1" language_code="fre">
        <text>DIFFUSE EN HD.  RØalisØ par Mark Osborne en 2015. Film d'animation franĿais. Une fillette sØrieuse fait la rencontre d'un vieil aviateur, excentrique et facØtieux. Celui-ci lui conte l'histoire d'un mystØrieux Pet</text>
        <item>
          <description>AnnØe</description>
          <name>2015</name>
        </item>
        <item>
          <description>RØalisateur</description>
          <name>Mark Osborne</name>
        </item>
      </extended_event_descriptor>
      <extended_event_descriptor descriptor_number="1" last_descriptor_number="1" language_code="fre">
        <text>it Prince.</text>
      </extended_event_descriptor>
      <component_descriptor stream_content="0x01" stream_content_ext="0x0F" component_type="0x0B" component_tag="0x01" language_code="fre" text=""/>
      <component_descriptor stream_content="0x02" stream_content_ext="0x0F" component_type="0x04" component_tag="0x01" language_code="fre" text=""/>
      <component_descriptor stream_content="0x03" stream_content_ext="0x0F" component_type="0x22" component_tag="0x01" language_code="fre" text=""/>
      <content_descriptor>
        <content content_nibble_level_1="1" content_nibble_level_2="7" user_byte="0x00"/>
        <content content_nibble_level_1="11" content_nibble_level_2="15" user_byte="0x00"/>
        <content content_nibble_level_1="11" content_nibble_level_2="15" user_byte="0x11"/>
        <content content_nibble_level_1="11" content_nibble_level_2="15" user_byte="0x30"/>
      </content_descriptor>
      <parental_rating_descriptor>
        <country country_code="FRA" rating="0x10"/>
      </parental_rating_descriptor>
      <private_data_specifier_descriptor private_data_specifier="CanalPlus"/>
      <generic_descriptor tag="0xE0">
        E2 88 16 45 00 22 68 04 38 00 01 08 17 00 BF 00
        BF 11 BF 30 06 F3 22 F2 04 F1 0B
      </generic_descriptor>
      <generic_descriptor tag="0xE0">
        E2 89 06 30 00 22 68 04 38 00 01 08 17 00 BF 00
        BF 11 BF 30 06 F3 22 F2 04 F1 0B
      </generic_descriptor>
    </event>
  </EIT>
  <SDT version="10" current="true" transport_stream_id="0x0438" original_network_id="0x0001" actual="true">
    <metadata PID="17" first_ts_packet="29,627" last_ts_packet="29,677"/>
    <service service_id="0x2261" EIT_schedule="true" EIT_present_following="true" CA_mode="true" running_status="running">
      <service_descriptor service_type="0x19" service_provider_name="CSAT" service_name="CANAL+"/>
    </service>
    <service service_id="0x2262" EIT_schedule="true" EIT_present_following="true" CA_mode="true" running_status="running">
      <service_descriptor service_type="0x19" service_provider_name="CSAT" service_name="CANAL+ DECALE"/>
    </service>
    <service service_id="0x2263" EIT_schedule="true" EIT_present_following="true" CA_mode="true" running_status="running">
      <service_descriptor service_type="0x19" service_provider_name="CSAT" service_name="CANAL+ CINEMA"/>
    </service>
    <service service_id="0x2264" EIT_schedule="true" EIT_present_following="true" CA_mode="true" running_status="running">
      <service_descriptor service_type="0x19" service_provider_name="CSAT" service_name="CANAL+ SPORT"/>
    </service>
    <service service_id="0x2265" EIT_schedule="true" EIT_present_following="true" CA_mode="true" running_status="running">
      <service_descriptor service_type="0x19" service_provider_name="CSAT" service_name="CANAL+ FAMILY"/>
    </service>
    <service service_id="0x2266" EIT_schedule="true" EIT_present_following="true" CA_mode="true" running_status="running">
      <service_descriptor service_type="0x19" service_provider_name="CSAT" service_name="CANAL+ SERIES"/>
    </service>
    <service service_id="0x2267" EIT_schedule="true" EIT_present_following="true" CA_mode="true" running_status="running">
      <service_descriptor service_type="0x19" service_provider_name="CSAT" service_name="CINE+ FRISSON"/>
    </service>
    <service service_id="0x2268" EIT_schedule="true" EIT_present_following="true" CA_mode="true" running_status="running">
      <service_descriptor service_type="0x19" service_provider_name="CSAT" service_name="CINE+ FAMIZ"/>
    </service>
    <service service_id="0x2269" EIT_schedule="true" EIT_present_following="true" CA_mode="true" running_status="running">
      <service_descriptor service_type="0x19" service_provider_name="CSAT" service_name="CINE+ CLASSIC"/>
    </service>
    <service service_id="0x226A" EIT_schedule="true" EIT_present_following="true" CA_mode="false" running_status="running">
      <service_descriptor service_type="0x19" service_provider_name="CSAT" service_name="CNEWS"/>
    </service>
    <service service_id="0x22C3" EIT_schedule="false" EIT_present_following="false" CA_mode="true" running_status="running">
      <service_descriptor service_type="0x0C" service_provider_name="CSAT" service_name="DATASYSTEM"/>
    </service>
  </SDT>
  <EIT type="pf" version="22" current="true" actual="true" service_id="0x2262" transport_stream_id="0x0438" original_network_id="0x0001" last_table_id="0x4E">
    <metadata PID="18" first_ts_packet="11,749" last_ts_packet="31,651"/>
    <event event_id="0x7891" start_time="2017-08-23 11:51:00" duration="00:13:00" running_status="running" CA_mode="false">
      <short_event_descriptor language_code="fre">
        <event_name>LE GROS JOURNAL</event_name>
        <text>DIFFUSE EN HD.  PrØsentØ par Mouloud Achour. InvitØ : Michel Serres (philosophe et acadØmicien, pour l'exposition «HergØ»).</text>
      </short_event_descriptor>
      <extended_event_descriptor descriptor_number="0" last_descriptor_number="1" language_code="fre">
        <text>DIFFUSE EN HD.  PrØsentØ par Mouloud Achour. InvitØ : Michel Serres (philosophe et acadØmicien, pour l'exposition «HergØ»). Mouloud Achour propose une alternative aux JT traditionnels en racontant l'actualitØ en direct du monde depuis son bureau m</text>
      </extended_event_descriptor>
      <extended_event_descriptor descriptor_number="1" last_descriptor_number="1" language_code="fre">
        <text>obile.</text>
      </extended_event_descriptor>
      <component_descriptor stream_content="0x01" stream_content_ext="0x0F" component_type="0x0B" component_tag="0x01" language_code="fre" text=""/>
      <component_descriptor stream_content="0x02" stream_content_ext="0x0F" component_type="0x03" component_tag="0x01" language_code="fre" text=""/>
      <component_descriptor stream_content="0x03" stream_content_ext="0x0F" component_type="0x22" component_tag="0x01" language_code="fre" text=""/>
      <content_descriptor>
        <content content_nibble_level_1="7" content_nibble_level_2="0" user_byte="0x00"/>
        <content content_nibble_level_1="11" content_nibble_level_2="15" user_byte="0x00"/>
        <content content_nibble_level_1="11" content_nibble_level_2="15" user_byte="0x11"/>
        <content content_nibble_level_1="11" content_nibble_level_2="15" user_byte="0x30"/>
      </content_descriptor>
      <parental_rating_descriptor>
        <country country_code="FRA" rating="0x10"/>
      </parental_rating_descriptor>
    </event>
    <event event_id="0x7892" start_time="2017-08-23 12:04:00" duration="00:56:00" running_status="not-running" CA_mode="false">
      <short_event_descriptor language_code="fre">
        <event_name>LES NOUVEAUX EXPLORATEURS</event_name>
        <text>DIFFUSE EN HD.  Les nouveaux explorateurs Documentaire franĿais rØalisØ par TimothØe Janssen en 2007 (Ep. 5). "Fred Chesneau au Japon".</text>
      </short_event_descriptor>
      <extended_event_descriptor descriptor_number="0" last_descriptor_number="1" language_code="fre">
        <text>DIFFUSE EN HD.  Les nouveaux explorateurs Documentaire franĿais rØalisØ par TimothØe Janssen en 2007 (Ep. 5). "Fred Chesneau au Japon". Kit de survie de cuisine en poche, Fred Chesneau traverse le Japon dans </text>
        <item>
          <description>AnnØe</description>
          <name>2007</name>
        </item>
        <item>
          <description>RØalisateur</description>
          <name>TimothØe Janssen</name>
        </item>
      </extended_event_descriptor>
      <extended_event_descriptor descriptor_number="1" last_descriptor_number="1" language_code="fre">
        <text>le but de percer le secret de la subtile «nihon ryħri», la cuisine nippone.</text>
      </extended_event_descriptor>
      <component_descriptor stream_content="0x01" stream_content_ext="0x0F" component_type="0x0B" component_tag="0x01" language_code="fre" text=""/>
      <component_descriptor stream_content="0x02" stream_content_ext="0x0F" component_type="0x03" component_tag="0x01" language_code="fre" text=""/>
      <component_descriptor stream_content="0x03" stream_content_ext="0x0F" component_type="0x22" component_tag="0x01" language_code="fre" text=""/>
      <content_descriptor>
        <content content_nibble_level_1="4" content_nibble_level_2="0" user_byte="0x00"/>
        <content content_nibble_level_1="11" content_nibble_level_2="15" user_byte="0x00"/>
        <content content_nibble_level_1="11" content_nibble_level_2="15" user_byte="0x11"/>
        <content content_nibble_level_1="11" content_nibble_level_2="15" user_byte="0x30"/>
      </content_descriptor>
      <parental_rating_descriptor>
        <country country_code="FRA" rating="0x10"/>
      </parental_rating_descriptor>
      <private_data_specifier_descriptor private_data_specifier="CanalPlus"/>
      <generic_descriptor tag="0xE0">
        E2 85 05 30 00 22 62 04 38 00 01 08 40 00 BF 00
        BF 11 BF 30 06 F3 22 F2 03 F1 0B
      </generic_descriptor>
    </event>
  </EIT>
  <EIT type="pf" version="2" current="true" actual="true" service_id="0x2266" transport_stream_id="0x0438" original_network_id="0x0001" last_table_id="0x4E">
    <metadata PID="18" first_ts_packet="12,195" last_ts_packet="32,195"/>
    <event event_id="0x1516" start_time="2017-08-23 11:41:00" duration="00:21:00" running_status="running" CA_mode="true">
      <short_event_descriptor language_code="fre">
        <event_name>BROOKLYN NINE-NINE</event_name>
        <text>DIFFUSE EN HD.  SØrie humoristique amØricaine avec Zooey Deschanel, Andy Samberg, Andre Braugher. Saison 4. (4/22). "Horaires de nuit".</text>
      </short_event_descriptor>
      <extended_event_descriptor descriptor_number="0" last_descriptor_number="1" language_code="fre">
        <text>DIFFUSE EN HD.  SØrie humoristique amØricaine avec Zooey Deschanel, Andy Samberg, Andre Braugher. Saison 4. (4/22). "Horaires de nuit". Jake se fait aider par Jessica Day, en visite Ω New York, pour son re</text>
        <item>
          <description>NationalitØ</description>
          <name>Etats-Unis</name>
        </item>
        <item>
          <description>TDE</description>
          <name>Horaires de nuit</name>
        </item>
      </extended_event_descriptor>
      <extended_event_descriptor descriptor_number="1" last_descriptor_number="1" language_code="fre">
        <text>tour au commissariat. Amy s'interroge sur les longues pauses effectuØes par Rosa.</text>
      </extended_event_descriptor>
      <component_descriptor stream_content="0x01" stream_content_ext="0x0F" component_type="0x0B" component_tag="0x01" language_code="fre" text=""/>
      <component_descriptor stream_content="0x02" stream_content_ext="0x0F" component_type="0x03" component_tag="0x01" language_code="fre" text=""/>
      <component_descriptor stream_content="0x02" stream_content_ext="0x0F" component_type="0x03" component_tag="0x01" language_code="eng" text=""/>
      <component_descriptor stream_content="0x03" stream_content_ext="0x0F" component_type="0x22" component_tag="0x01" language_code="fre" text=""/>
      <content_descriptor>
        <content content_nibble_level_1="5" content_nibble_level_2="3" user_byte="0x00"/>
        <content content_nibble_level_1="11" content_nibble_level_2="15" user_byte="0x01"/>
        <content content_nibble_level_1="11" content_nibble_level_2="15" user_byte="0x11"/>
        <content content_nibble_level_1="11" content_nibble_level_2="15" user_byte="0x20"/>
        <content content_nibble_level_1="11" content_nibble_level_2="15" user_byte="0x30"/>
      </content_descriptor>
      <parental_rating_descriptor>
        <country country_code="FRA" rating="0x10"/>
      </parental_rating_descriptor>
      <private_data_specifier_descriptor private_data_specifier="CanalPlus"/>
      <generic_descriptor tag="0xE0">
        E2 84 16 10 00 22 66 04 38 00 01 0A 53 00 BF 01
        BF 11 BF 20 BF 30 06 F3 22 F2 03 F1 0B
      </generic_descriptor>
    </event>
    <event event_id="0x1517" start_time="2017-08-23 12:02:00" duration="00:20:00" running_status="not-running" CA_mode="true">
      <short_event_descriptor language_code="fre">
        <event_name>BROOKLYN NINE-NINE</event_name>
        <text>DIFFUSE EN HD.  SØrie humoristique amØricaine avec Andy Samberg, Andre Braugher, Terry Crews. Saison 4. (5/22). "Halloween IV".</text>
      </short_event_descriptor>
      <extended_event_descriptor descriptor_number="0" last_descriptor_number="1" language_code="fre">
        <text>DIFFUSE EN HD.  SØrie humoristique amØricaine avec Andy Samberg, Andre Braugher, Terry Crews. Saison 4. (5/22). "Halloween IV". L'Øquipe se prØpare Ω honorer la tradition d'Halloween, impliquant le vol d'obj</text>
        <item>
          <description>NationalitØ</description>
          <name>Etats-Unis</name>
        </item>
        <item>
          <description>TDE</description>
          <name>Halloween IV</name>
        </item>
      </extended_event_descriptor>
      <extended_event_descriptor descriptor_number="1" last_descriptor_number="1" language_code="fre">
        <text>ets au sein du commissariat. Chacun se dØmŁne pour avoir le trophØe en jeu.</text>
      </extended_event_descriptor>
      <component_descriptor stream_content="0x01" stream_content_ext="0x0F" component_type="0x0B" component_tag="0x01" language_code="fre" text=""/>
      <component_descriptor stream_content="0x02" stream_content_ext="0x0F" component_type="0x03" component_tag="0x01" language_code="fre" text=""/>
      <component_descriptor stream_content="0x02" stream_content_ext="0x0F" component_type="0x03" component_tag="0x01" language_code="eng" text=""/>
      <component_descriptor stream_content="0x03" stream_content_ext="0x0F" component_type="0x22" component_tag="0x01" language_code="fre" text=""/>
      <content_descriptor>
        <content content_nibble_level_1="5" content_nibble_level_2="3" user_byte="0x00"/>
        <content content_nibble_level_1="11" content_nibble_level_2="15" user_byte="0x01"/>
        <content content_nibble_level_1="11" content_nibble_level_2="15" user_byte="0x11"/>
        <content content_nibble_level_1="11" content_nibble_level_2="15" user_byte="0x20"/>
        <content content_nibble_level_1="11" content_nibble_level_2="15" user_byte="0x30"/>
      </content_descriptor>
      <parental_rating_descriptor>
        <country country_code="FRA" rating="0x10"/>
      </parental_rating_descriptor>
      <private_data_specifier_descriptor private_data_specifier="CanalPlus"/>
      <generic_descriptor tag="0xE0">
        E2 84 16 30 00 22 66 04 38 00 01 0A 53 00 BF 01
        BF 11 BF 20 BF 30 06 F3 22 F2 03 F1 0B
      </generic_descriptor>
    </event>
  </EIT>
  <EIT type="pf" version="2" current="true" actual="true" service_id="0x2263" transport_stream_id="0x0438" original_network_id="0x0001" last_table_id="0x4E">
    <metadata PID="18" first_ts_packet="16,670" last_ts_packet="36,541"/>
    <event event_id="0xAC37" start_time="2017-08-23 11:30:00" duration="01:35:00" running_status="running" CA_mode="true">
      <short_event_descriptor language_code="fre">
        <event_name>LE FILS DE JEAN</event_name>
        <text>RØalisØ par Philippe Lioret en 2016. Avec Pierre Deladonchamps, Gabriel Arcand, Catherine de LØan. Drame franco-canadien.</text>
      </short_event_descriptor>
      <extended_event_descriptor descriptor_number="0" last_descriptor_number="1" language_code="fre">
        <text>RØalisØ par Philippe Lioret en 2016. Avec Pierre Deladonchamps, Gabriel Arcand, Catherine de LØan. Drame franco-canadien. Un mØdecin franĿais de 33 ans apprend la mort de son pŁre, un Canadien, qu'il n'a jamai</text>
        <item>
          <description>AnnØe</description>
          <name>2016</name>
        </item>
        <item>
          <description>RØalisateur</description>
          <name>Philippe Lioret</name>
        </item>
      </extended_event_descriptor>
      <extended_event_descriptor descriptor_number="1" last_descriptor_number="1" language_code="fre">
        <text>s connu. Il se rend Ω MontrØal afin d'en savoir plus sur lui.</text>
      </extended_event_descriptor>
      <component_descriptor stream_content="0x01" stream_content_ext="0x0F" component_type="0x01" component_tag="0x01" language_code="fre" text=""/>
      <component_descriptor stream_content="0x02" stream_content_ext="0x0F" component_type="0x01" component_tag="0x01" language_code="fre" text=""/>
      <component_descriptor stream_content="0x03" stream_content_ext="0x0F" component_type="0x21" component_tag="0x01" language_code="fre" text=""/>
      <content_descriptor>
        <content content_nibble_level_1="1" content_nibble_level_2="0" user_byte="0x00"/>
        <content content_nibble_level_1="11" content_nibble_level_2="15" user_byte="0x00"/>
        <content content_nibble_level_1="11" content_nibble_level_2="15" user_byte="0x11"/>
      </content_descriptor>
      <parental_rating_descriptor>
        <country country_code="FRA" rating="0x10"/>
      </parental_rating_descriptor>
      <private_data_specifier_descriptor private_data_specifier="CanalPlus"/>
      <generic_descriptor tag="0xE0">
        E2 8C 07 55 00 22 63 04 38 00 01 06 10 00 BF 00
        BF 11 06 F3 21 F2 01 F1 01
      </generic_descriptor>
    </event>
    <event event_id="0xAC38" start_time="2017-08-23 13:05:00" duration="01:45:00" running_status="not-running" CA_mode="true">
      <short_event_descriptor language_code="fre">
        <event_name>LA FILLE INCONNUE</event_name>
        <text>(-10)  RØalisØ par Jean-Pierre et Luc Dardenne en 2016. Avec AdŁle Haenel, Olivier Bonnaud, JØrØmie Renier. Drame franco-belge.</text>
      </short_event_descriptor>
      <extended_event_descriptor descriptor_number="0" last_descriptor_number="1" language_code="fre">
        <text>(-10)  RØalisØ par Jean-Pierre et Luc Dardenne en 2016. Avec AdŁle Haenel, Olivier Bonnaud, JØrØmie Renier. Drame franco-belge. Une mØdecin n'ouvre pas sa porte Ω une femme, retrouvØe morte le lendemain. P</text>
        <item>
          <description>AnnØe</description>
          <name>2016</name>
        </item>
        <item>
          <description>RØalisateur</description>
          <name>Jean-Pierre Dardenne</name>
        </item>
      </extended_event_descriptor>
      <extended_event_descriptor descriptor_number="1" last_descriptor_number="1" language_code="fre">
        <text>rise de remords, la praticienne dØcide d'enquŒter sur l'inconnue.</text>
      </extended_event_descriptor>
      <component_descriptor stream_content="0x01" stream_content_ext="0x0F" component_type="0x01" component_tag="0x01" language_code="fre" text=""/>
      <component_descriptor stream_content="0x02" stream_content_ext="0x0F" component_type="0x03" component_tag="0x01" language_code="fre" text=""/>
      <component_descriptor stream_content="0x03" stream_content_ext="0x0F" component_type="0x21" component_tag="0x01" language_code="fre" text=""/>
      <content_descriptor>
        <content content_nibble_level_1="1" content_nibble_level_2="0" user_byte="0x00"/>
        <content content_nibble_level_1="11" content_nibble_level_2="15" user_byte="0x00"/>
        <content content_nibble_level_1="11" content_nibble_level_2="15" user_byte="0x11"/>
      </content_descriptor>
      <parental_rating_descriptor>
        <country country_code="FRA" rating="0x11"/>
      </parental_rating_descriptor>
      <private_data_specifier_descriptor private_data_specifier="CanalPlus"/>
      <generic_descriptor tag="0xE0">
        E2 86 15 00 00 22 63 04 38 00 01 06 10 00 BF 00
        BF 11 06 F3 21 F2 03 F1 01
      </generic_descriptor>
      <generic_descriptor tag="0xE0">
        E2 88 21 40 00 22 63 04 38 00 01 06 10 00 BF 00
        BF 11 06 F3 21 F2 03 F1 01
      </generic_descriptor>
      <generic_descriptor tag="0xE0">
        E2 8A 09 20 00 22 63 04 38 00 01 06 10 00 BF 00
        BF 11 06 F3 21 F2 03 F1 01
      </generic_descriptor>
      <generic_descriptor tag="0xE0">
        E2 8B 17 00 00 22 63 04 38 00 01 06 10 00 BF 00
        BF 11 06 F3 21 F2 03 F1 01
      </generic_descriptor>
      <generic_descriptor tag="0xE0">
        E2 8C 06 10 00 22 63 04 38 00 01 06 10 00 BF 00
        BF 11 06 F3 21 F2 03 F1 01
      </generic_descriptor>
      <generic_descriptor tag="0xE0">
        E2 8D 21 25 00 22 63 04 38 00 01 06 10 00 BF 00
        BF 11 06 F3 21 F2 03 F1 01
      </generic_descriptor>
    </event>
  </EIT>
  <EIT type="pf" version="19" current="true" actual="true" service_id="0x2267" transport_stream_id="0x0438" original_network_id="0x0001" last_table_id="0x4E">
    <metadata PID="18" first_ts_packet="17,069" last_ts_packet="37,154"/>
    <event event_id="0x7A3E" start_time="2017-08-23 11:30:00" duration="01:19:00" running_status="running" CA_mode="true">
      <short_event_descriptor language_code="fre">
        <event_name>JONAH HEX</event_name>
        <text>DIFFUSE EN HD.  RØalisØ par Jimmy Hayward en 2010. Avec Josh Brolin, John Malkovich, Megan Fox. Film fantastique amØricain.</text>
      </short_event_descriptor>
      <extended_event_descriptor descriptor_number="0" last_descriptor_number="1" language_code="fre">
        <text>DIFFUSE EN HD.  RØalisØ par Jimmy Hayward en 2010. Avec Josh Brolin, John Malkovich, Megan Fox. Film fantastique amØricain. Aux Etats-Unis, sous la prØsidence d'Ulysses S. Grant, un chasseur de primes est chargØ </text>
        <item>
          <description>AnnØe</description>
          <name>2010</name>
        </item>
        <item>
          <description>RØalisateur</description>
          <name>Jimmy Hayward</name>
        </item>
      </extended_event_descriptor>
      <extended_event_descriptor descriptor_number="1" last_descriptor_number="1" language_code="fre">
        <text>d'arrŒter un soldat sudiste qui a massacrØ sa famille.</text>
      </extended_event_descriptor>
      <component_descriptor stream_content="0x01" stream_content_ext="0x0F" component_type="0x0B" component_tag="0x01" language_code="fre" text=""/>
      <component_descriptor stream_content="0x02" stream_content_ext="0x0F" component_type="0x03" component_tag="0x01" language_code="fre" text=""/>
      <component_descriptor stream_content="0x02" stream_content_ext="0x0F" component_type="0x03" component_tag="0x01" language_code="eng" text=""/>
      <component_descriptor stream_content="0x03" stream_content_ext="0x0F" component_type="0x22" component_tag="0x01" language_code="fre" text=""/>
      <content_descriptor>
        <content content_nibble_level_1="1" content_nibble_level_2="14" user_byte="0x00"/>
        <content content_nibble_level_1="11" content_nibble_level_2="15" user_byte="0x01"/>
        <content content_nibble_level_1="11" content_nibble_level_2="15" user_byte="0x11"/>
        <content content_nibble_level_1="11" content_nibble_level_2="15" user_byte="0x30"/>
      </content_descriptor>
      <parental_rating_descriptor>
        <country country_code="FRA" rating="0x10"/>
      </parental_rating_descriptor>
      <private_data_specifier_descriptor private_data_specifier="CanalPlus"/>
      <generic_descriptor tag="0xE0">
        E2 88 20 30 00 22 67 04 38 00 01 08 1E 00 BF 01
        BF 11 BF 30 06 F3 22 F2 03 F1 0B
      </generic_descriptor>
      <generic_descriptor tag="0xE0">
        E2 89 08 25 00 22 67 04 38 00 01 08 1E 00 BF 01
        BF 11 BF 30 06 F3 22 F2 03 F1 0B
      </generic_descriptor>
    </event>
    <event event_id="0x7A3F" start_time="2017-08-23 12:49:00" duration="01:45:00" running_status="not-running" CA_mode="true">
      <short_event_descriptor language_code="fre">
        <event_name>THE INFORMANT !</event_name>
        <text>DIFFUSE EN HD.  RØalisØ par Steven Soderbergh en 2009. Avec Matt Damon, Scott Bakula, Joel McHale. ComØdie amØricaine.</text>
      </short_event_descriptor>
      <extended_event_descriptor descriptor_number="0" last_descriptor_number="1" language_code="fre">
        <text>DIFFUSE EN HD.  RØalisØ par Steven Soderbergh en 2009. Avec Matt Damon, Scott Bakula, Joel McHale. ComØdie amØricaine. Un cadre de l'agroalimentaire part en guerre contre son employeur et s'improvise espion </text>
        <item>
          <description>AnnØe</description>
          <name>2009</name>
        </item>
        <item>
          <description>RØalisateur</description>
          <name>Steven Soderbergh</name>
        </item>
      </extended_event_descriptor>
      <extended_event_descriptor descriptor_number="1" last_descriptor_number="1" language_code="fre">
        <text>pour fournir au FBI les preuves nØcessaires Ω un Øventuel procŁs.</text>
      </extended_event_descriptor>
      <component_descriptor stream_content="0x01" stream_content_ext="0x0F" component_type="0x0B" component_tag="0x01" language_code="fre" text=""/>
      <component_descriptor stream_content="0x02" stream_content_ext="0x0F" component_type="0x03" component_tag="0x01" language_code="fre" text=""/>
      <component_descriptor stream_content="0x02" stream_content_ext="0x0F" component_type="0x03" component_tag="0x01" language_code="eng" text=""/>
      <component_descriptor stream_content="0x03" stream_content_ext="0x0F" component_type="0x22" component_tag="0x01" language_code="fre" text=""/>
      <content_descriptor>
        <content content_nibble_level_1="1" content_nibble_level_2="4" user_byte="0x00"/>
        <content content_nibble_level_1="11" content_nibble_level_2="15" user_byte="0x01"/>
        <content content_nibble_level_1="11" content_nibble_level_2="15" user_byte="0x11"/>
        <content content_nibble_level_1="11" content_nibble_level_2="15" user_byte="0x30"/>
      </content_descriptor>
      <parental_rating_descriptor>
        <country country_code="FRA" rating="0x10"/>
      </parental_rating_descriptor>
      <private_data_specifier_descriptor private_data_specifier="CanalPlus"/>
      <generic_descriptor tag="0xE0">
        E2 8E 11 50 00 22 67 04 38 00 01 08 14 00 BF 01
        BF 11 BF 30 06 F3 22 F2 03 F1 0B
      </generic_descriptor>
    </event>
  </EIT>
  <EIT type="pf" version="19" current="true" actual="true" service_id="0x2269" transport_stream_id="0x0438" original_network_id="0x0001" last_table_id="0x4E">
    <metadata PID="18" first_ts_packet="20,431" last_ts_packet="40,342"/>
    <event event_id="0x7142" start_time="2017-08-23 11:30:00" duration="01:39:00" running_status="running" CA_mode="true">
      <short_event_descriptor language_code="fre">
        <event_name>L'IMPOSSIBLE MONSIEUR BEBE</event_name>
        <text>DIFFUSE EN HD.  L'impossible monsieur BØbØ RØalisØ par Howard Hawks en 1938. Avec Cary Grant, Katharine Hepburn. ComØdie amØricaine.</text>
      </short_event_descriptor>
      <extended_event_descriptor descriptor_number="0" last_descriptor_number="1" language_code="fre">
        <text>DIFFUSE EN HD.  L'impossible monsieur BØbØ RØalisØ par Howard Hawks en 1938. Avec Cary Grant, Katharine Hepburn. ComØdie amØricaine. Un palØontologue est sur le point de se fiancer avec son assistante quand il ren</text>
        <item>
          <description>AnnØe</description>
          <name>1938</name>
        </item>
        <item>
          <description>RØalisateur</description>
          <name>Howard Hawks</name>
        </item>
      </extended_event_descriptor>
      <extended_event_descriptor descriptor_number="1" last_descriptor_number="1" language_code="fre">
        <text>contre une jeune hØritiŁre extravagante et son gentil lØopard.</text>
      </extended_event_descriptor>
      <component_descriptor stream_content="0x01" stream_content_ext="0x0F" component_type="0x0B" component_tag="0x01" language_code="fre" text=""/>
      <component_descriptor stream_content="0x02" stream_content_ext="0x0F" component_type="0x03" component_tag="0x01" language_code="fre" text=""/>
      <component_descriptor stream_content="0x02" stream_content_ext="0x0F" component_type="0x03" component_tag="0x01" language_code="eng" text=""/>
      <component_descriptor stream_content="0x03" stream_content_ext="0x0F" component_type="0x22" component_tag="0x01" language_code="fre" text=""/>
      <content_descriptor>
        <content content_nibble_level_1="1" content_nibble_level_2="4" user_byte="0x00"/>
        <content content_nibble_level_1="11" content_nibble_level_2="15" user_byte="0x01"/>
        <content content_nibble_level_1="11" content_nibble_level_2="15" user_byte="0x11"/>
        <content content_nibble_level_1="11" content_nibble_level_2="15" user_byte="0x30"/>
      </content_descriptor>
      <parental_rating_descriptor>
        <country country_code="FRA" rating="0x10"/>
      </parental_rating_descriptor>
      <private_data_specifier_descriptor private_data_specifier="CanalPlus"/>
      <generic_descriptor tag="0xE0">
        E2 88 07 05 00 22 69 04 38 00 01 08 14 00 BF 01
        BF 11 BF 30 06 F3 22 F2 03 F1 0B
      </generic_descriptor>
      <generic_descriptor tag="0xE0">
        E2 8A 14 45 00 22 69 04 38 00 01 08 14 00 BF 01
        BF 11 BF 30 06 F3 22 F2 03 F1 0B
      </generic_descriptor>
      <generic_descriptor tag="0xE0">
        E2 8D 20 25 00 22 69 04 38 00 01 08 14 00 BF 01
        BF 11 BF 30 06 F3 22 F2 03 F1 0B
      </generic_descriptor>
    </event>
    <event event_id="0x7143" start_time="2017-08-23 13:09:00" duration="02:13:00" running_status="not-running" CA_mode="true">
      <short_event_descriptor language_code="fre">
        <event_name>EVE</event_name>
        <text>DIFFUSE EN HD.  RØalisØ par Joseph L. Mankiewicz en  1950. Avec Bette Davis, Anne Baxter, George Sanders. Drame amØricain.</text>
      </short_event_descriptor>
      <extended_event_descriptor descriptor_number="0" last_descriptor_number="1" language_code="fre">
        <text>DIFFUSE EN HD.  RØalisØ par Joseph L. Mankiewicz en  1950. Avec Bette Davis, Anne Baxter, George Sanders. Drame amØricain. Une jeune arriviste prŒte Ω tout pour gravir les marches de la gloire s'immisce ins</text>
        <item>
          <description>AnnØe</description>
          <name>1950</name>
        </item>
        <item>
          <description>RØalisateur</description>
          <name>Joseph L Mankiewicz</name>
        </item>
      </extended_event_descriptor>
      <extended_event_descriptor descriptor_number="1" last_descriptor_number="1" language_code="fre">
        <text>idieusement dans l'intimitØ d'une vedette de thØĐtre sur le dØclin.</text>
      </extended_event_descriptor>
      <component_descriptor stream_content="0x01" stream_content_ext="0x0F" component_type="0x0B" component_tag="0x01" language_code="fre" text=""/>
      <component_descriptor stream_content="0x02" stream_content_ext="0x0F" component_type="0x03" component_tag="0x01" language_code="fre" text=""/>
      <component_descriptor stream_content="0x02" stream_content_ext="0x0F" component_type="0x03" component_tag="0x01" language_code="eng" text=""/>
      <component_descriptor stream_content="0x03" stream_content_ext="0x0F" component_type="0x22" component_tag="0x01" language_code="fre" text=""/>
      <content_descriptor>
        <content content_nibble_level_1="1" content_nibble_level_2="0" user_byte="0x00"/>
        <content content_nibble_level_1="11" content_nibble_level_2="15" user_byte="0x01"/>
        <content content_nibble_level_1="11" content_nibble_level_2="15" user_byte="0x11"/>
        <content content_nibble_level_1="11" content_nibble_level_2="15" user_byte="0x30"/>
      </content_descriptor>
      <parental_rating_descriptor>
        <country country_code="FRA" rating="0x10"/>
      </parental_rating_descriptor>
      <private_data_specifier_descriptor private_data_specifier="CanalPlus"/>
      <generic_descriptor tag="0xE0">
        E2 86 22 10 00 22 69 04 38 00 01 08 10 00 BF 01
        BF 11 BF 30 06 F3 22 F2 03 F1 0B
      </generic_descriptor>
    </event>
  </EIT>
  <EIT type="pf" version="4" current="true" actual="false" service_id="0x1B00" transport_stream_id="0x03FE" original_network_id="0x0001" last_table_id="0x4F">
    <metadata PID="18" first_ts_packet="163" last_ts_packet="58,838"/>
    <event event_id="0x3A2C" start_time="2017-08-23 10:00:00" duration="03:00:00" running_status="running" CA_mode="true">
      <short_event_descriptor language_code="fre">
        <event_name>CHAINE CHINOISE DE DOCUMENTAIRES EN ANGLAIS</event_name>
        <text>Information non disponible.</text>
      </short_event_descriptor>
      <extended_event_descriptor descriptor_number="0" last_descriptor_number="0" language_code="fre">
        <text>Information non disponible.</text>
      </extended_event_descriptor>
      <component_descriptor stream_content="0x01" stream_content_ext="0x0F" component_type="0x01" component_tag="0x01" language_code="fre" text=""/>
      <component_descriptor stream_content="0x02" stream_content_ext="0x0F" component_type="0x01" component_tag="0x01" language_code="fre" text=""/>
      <content_descriptor>
        <content content_nibble_level_1="7" content_nibble_level_2="0" user_byte="0x00"/>
        <content content_nibble_level_1="11" content_nibble_level_2="15" user_byte="0x00"/>
      </content_descriptor>
      <parental_rating_descriptor>
        <country country_code="FRA" rating="0x10"/>
      </parental_rating_descriptor>
    </event>
    <event event_id="0x3A2D" start_time="2017-08-23 13:00:00" duration="03:00:00" running_status="not-running" CA_mode="true">
      <short_event_descriptor language_code="fre">
        <event_name>CHAINE CHINOISE DE DOCUMENTAIRES EN ANGLAIS</event_name>
        <text>Information non disponible.</text>
      </short_event_descriptor>
      <extended_event_descriptor descriptor_number="0" last_descriptor_number="0" language_code="fre">
        <text>Information non disponible.</text>
      </extended_event_descriptor>
      <component_descriptor stream_content="0x01" stream_content_ext="0x0F" component_type="0x01" component_tag="0x01" language_code="fre" text=""/>
      <component_descriptor stream_content="0x02" stream_content_ext="0x0F" component_type="0x01" component_tag="0x01" language_code="fre" text=""/>
      <content_descriptor>
        <content content_nibble_level_1="7" content_nibble_level_2="0" user_byte="0x00"/>
        <content content_nibble_level_1="11" content_nibble_level_2="15" user_byte="0x00"/>
      </content_descriptor>
      <parental_rating_descriptor>
        <country country_code="FRA" rating="0x10"/>
      </parental_rating_descriptor>
    </event>
  </EIT>
  <EIT type="pf" version="22" current="true" actual="false" service_id="0x2203" transport_stream_id="0x044C" original_network_id="0x0001" last_table_id="0x4F">
    <metadata PID="18" first_ts_packet="291" last_ts_packet="59,296"/>
    <event event_id="0x4CA1" start_time="2017-08-23 11:51:00" duration="00:24:00" running_status="running" CA_mode="true">
      <short_event_descriptor language_code="fre">
        <event_name>LITTLEST PETSHOP, DES ANIMAUX TROP MIGNONS</event_name>
        <text>Littlest Petshop, des animaux trop mignons SØrie d'animation amØricaine. Saison 3. (25/26). "Le dØfi de Blythe".</text>
      </short_event_descriptor>
      <extended_event_descriptor descriptor_number="0" last_descriptor_number="1" language_code="fre">
        <text>Littlest Petshop, des animaux trop mignons SØrie d'animation amØricaine. Saison 3. (25/26). "Le dØfi de Blythe". AprŁs une rencontre avec une nouvelle pensionnaire de la garderie, le rŒve de Blythe se rØa</text>
        <item>
          <description>NationalitØ</description>
          <name>Etats-Unis</name>
        </item>
        <item>
          <description>TDE</description>
          <name>Le dØfi de Blythe</name>
        </item>
      </extended_event_descriptor>
      <extended_event_descriptor descriptor_number="1" last_descriptor_number="1" language_code="fre">
        <text>lise. Elle peut organiser un grand festival des animaux.</text>
      </extended_event_descriptor>
      <component_descriptor stream_content="0x01" stream_content_ext="0x0F" component_type="0x01" component_tag="0x01" language_code="fre" text=""/>
      <component_descriptor stream_content="0x02" stream_content_ext="0x0F" component_type="0x01" component_tag="0x01" language_code="fre" text=""/>
      <content_descriptor>
        <content content_nibble_level_1="3" content_nibble_level_2="5" user_byte="0x00"/>
        <content content_nibble_level_1="11" content_nibble_level_2="15" user_byte="0x00"/>
        <content content_nibble_level_1="11" content_nibble_level_2="15" user_byte="0x21"/>
      </content_descriptor>
      <parental_rating_descriptor>
        <country country_code="FRA" rating="0x10"/>
      </parental_rating_descriptor>
    </event>
    <event event_id="0x4CA2" start_time="2017-08-23 12:15:00" duration="00:21:00" running_status="not-running" CA_mode="true">
      <short_event_descriptor language_code="fre">
        <event_name>LES NOUVELLES AVENTURES DE PETER PAN</event_name>
        <text>Les nouvelles aventures de Peter Pan SØrie d'animation franco-indo-allemande. Saison 1. (11/26). "La chasse au  trØsor".</text>
      </short_event_descriptor>
      <extended_event_descriptor descriptor_number="0" last_descriptor_number="1" language_code="fre">
        <text>Les nouvelles aventures de Peter Pan SØrie d'animation franco-indo-allemande. Saison 1. (11/26). "La chasse au  trØsor". A Londres le ton monte entre John et Michael. Afin de leur chang</text>
        <item>
          <description>NationalitØ</description>
          <name>France - Inde - Allemagne</name>
        </item>
        <item>
          <description>TDE</description>
          <name>La chasse au trØsor</name>
        </item>
      </extended_event_descriptor>
      <extended_event_descriptor descriptor_number="1" last_descriptor_number="1" language_code="fre">
        <text>er les idØes, Peter Pan organise une chasse au trØsor sur Neverland..</text>
      </extended_event_descriptor>
      <component_descriptor stream_content="0x01" stream_content_ext="0x0F" component_type="0x01" component_tag="0x01" language_code="fre" text=""/>
      <component_descriptor stream_content="0x02" stream_content_ext="0x0F" component_type="0x01" component_tag="0x01" language_code="fre" text=""/>
      <content_descriptor>
        <content content_nibble_level_1="3" content_nibble_level_2="5" user_byte="0x00"/>
        <content content_nibble_level_1="11" content_nibble_level_2="15" user_byte="0x00"/>
        <content content_nibble_level_1="11" content_nibble_level_2="15" user_byte="0x21"/>
      </content_descriptor>
      <parental_rating_descriptor>
        <country country_code="FRA" rating="0x10"/>
      </parental_rating_descriptor>
    </event>
  </EIT>
  <EIT type="pf" version="1" current="true" actual="false" service_id="0x2329" transport_stream_id="0x0442" original_network_id="0x0001" last_table_id="0x4F">
    <metadata PID="18" first_ts_packet="766" last_ts_packet="59,694"/>
    <event event_id="0x4F53" start_time="2017-08-23 11:55:00" duration="01:45:00" running_status="running" CA_mode="false">
      <short_event_descriptor language_code="fre">
        <event_name>WILLIAM &amp; KATE : ROMANCE ROYALE</event_name>
        <text>William &amp; Kate : Romance royale RØalisØ par Linda Yellen en 2011. Avec Dan Amboyer, Alice St Clair. TØlØfilm sentimental amØricain.</text>
      </short_event_descriptor>
      <extended_event_descriptor descriptor_number="0" last_descriptor_number="1" language_code="fre">
        <text>William &amp; Kate : Romance royale RØalisØ par Linda Yellen en 2011. Avec Dan Amboyer, Alice St Clair. TØlØfilm sentimental amØricain. La rencontre du prince William et d'une ravissante Øtudiante donne lieu Ω une bel</text>
        <item>
          <description>AnnØe</description>
          <name>2011</name>
        </item>
        <item>
          <description>RØalisateur</description>
          <name>Linda Yellen</name>
        </item>
      </extended_event_descriptor>
      <extended_event_descriptor descriptor_number="1" last_descriptor_number="1" language_code="fre">
        <text>le amitiØ, qui se transforme ensuite en un amour vØritable : un conte de fØe.</text>
      </extended_event_descriptor>
      <component_descriptor stream_content="0x01" stream_content_ext="0x0F" component_type="0x01" component_tag="0x01" language_code="fre" text=""/>
      <component_descriptor stream_content="0x02" stream_content_ext="0x0F" component_type="0x03" component_tag="0x01" language_code="fre" text=""/>
      <component_descriptor stream_content="0x03" stream_content_ext="0x0F" component_type="0x21" component_tag="0x01" language_code="fre" text=""/>
      <content_descriptor>
        <content content_nibble_level_1="1" content_nibble_level_2="4" user_byte="0x00"/>
        <content content_nibble_level_1="11" content_nibble_level_2="15" user_byte="0x00"/>
        <content content_nibble_level_1="11" content_nibble_level_2="15" user_byte="0x11"/>
      </content_descriptor>
      <parental_rating_descriptor>
        <country country_code="FRA" rating="0x10"/>
      </parental_rating_descriptor>
    </event>
    <event event_id="0x4F54" start_time="2017-08-23 13:40:00" duration="01:30:00" running_status="not-running" CA_mode="false">
      <short_event_descriptor language_code="fre">
        <event_name>DE MERES EN FILLES</event_name>
        <text>RØalisØ par James Hayman en 2009. Avec Lucy Hale, Courtney Thorne-Smith, Amanda Schull. TØlØfilm humoristique amØricain.</text>
      </short_event_descriptor>
      <extended_event_descriptor descriptor_number="0" last_descriptor_number="1" language_code="fre">
        <text>RØalisØ par James Hayman en 2009. Avec Lucy Hale, Courtney Thorne-Smith, Amanda Schull. TØlØfilm humoristique amØricain. Une Øtudiante, qui s'apprŒte Ω intØgrer le prestigieux club Delta Beta Theta fondØ par sa mŁ</text>
        <item>
          <description>AnnØe</description>
          <name>2009</name>
        </item>
        <item>
          <description>RØalisateur</description>
          <name>James Hayman</name>
        </item>
      </extended_event_descriptor>
      <extended_event_descriptor descriptor_number="1" last_descriptor_number="1" language_code="fre">
        <text>re, dØcouvre et dØnonce les manigances de la future prØsidente.</text>
      </extended_event_descriptor>
      <component_descriptor stream_content="0x01" stream_content_ext="0x0F" component_type="0x01" component_tag="0x01" language_code="fre" text=""/>
      <component_descriptor stream_content="0x02" stream_content_ext="0x0F" component_type="0x03" component_tag="0x01" language_code="fre" text=""/>
      <component_descriptor stream_content="0x03" stream_content_ext="0x0F" component_type="0x21" component_tag="0x01" language_code="fre" text=""/>
      <content_descriptor>
        <content content_nibble_level_1="1" content_nibble_level_2="4" user_byte="0x00"/>
        <content content_nibble_level_1="11" content_nibble_level_2="15" user_byte="0x00"/>
        <content content_nibble_level_1="11" content_nibble_level_2="15" user_byte="0x11"/>
      </content_descriptor>
      <parental_rating_descriptor>
        <country country_code="FRA" rating="0x10"/>
      </parental_rating_descriptor>
    </event>
  </EIT>
  <EIT type="pf" version="22" current="true" actual="false" service_id="0x1F4C" transport_stream_id="0x042E" original_network_id="0x0001" last_table_id="0x4F">
    <metadata PID="18" first_ts_packet="1,144" last_ts_packet="59,834"/>
    <event event_id="0x0BAA" start_time="2017-08-23 07:45:00" duration="07:30:00" running_status="running" CA_mode="true">
      <short_event_descriptor language_code="fre">
        <event_name>PLAYLIST</event_name>
        <text>Information non disponible.</text>
      </short_event_descriptor>
      <extended_event_descriptor descriptor_number="0" last_descriptor_number="0" language_code="fre">
        <text>Information non disponible.</text>
      </extended_event_descriptor>
      <component_descriptor stream_content="0x01" stream_content_ext="0x0F" component_type="0x01" component_tag="0x01" language_code="fre" text=""/>
      <component_descriptor stream_content="0x02" stream_content_ext="0x0F" component_type="0x01" component_tag="0x01" language_code="fre" text=""/>
      <content_descriptor>
        <content content_nibble_level_1="8" content_nibble_level_2="6" user_byte="0x00"/>
        <content content_nibble_level_1="11" content_nibble_level_2="15" user_byte="0x00"/>
      </content_descriptor>
      <parental_rating_descriptor>
        <country country_code="FRA" rating="0x10"/>
      </parental_rating_descriptor>
      <private_data_specifier_descriptor private_data_specifier="CanalPlus"/>
      <generic_descriptor tag="0xE0">
        E2 84 18 00 00 1F 4C 04 2E 00 01 04 86 00 BF 00
        04 F2 01 F1 01
      </generic_descriptor>
      <generic_descriptor tag="0xE0">
        E2 84 21 30 00 1F 4C 04 2E 00 01 04 86 00 BF 00
        04 F2 01 F1 01
      </generic_descriptor>
      <generic_descriptor tag="0xE0">
        E2 85 03 00 00 1F 4C 04 2E 00 01 04 86 00 BF 00
        04 F2 01 F1 01
      </generic_descriptor>
      <generic_descriptor tag="0xE0">
        E2 85 07 45 00 1F 4C 04 2E 00 01 04 86 00 BF 00
        04 F2 01 F1 01
      </generic_descriptor>
      <generic_descriptor tag="0xE0">
        E2 85 18 00 00 1F 4C 04 2E 00 01 04 86 00 BF 00
        04 F2 01 F1 01
      </generic_descriptor>
      <generic_descriptor tag="0xE0">
        E2 85 21 30 00 1F 4C 04 2E 00 01 04 86 00 BF 00
        04 F2 01 F1 01
      </generic_descriptor>
    </event>
    <event event_id="0x0BAB" start_time="2017-08-23 15:15:00" duration="00:45:00" running_status="not-running" CA_mode="true">
      <short_event_descriptor language_code="fre">
        <event_name>AFRICAN HIT 10</event_name>
        <text>Information non disponible.</text>
      </short_event_descriptor>
      <extended_event_descriptor descriptor_number="0" last_descriptor_number="0" language_code="fre">
        <text>Information non disponible.</text>
      </extended_event_descriptor>
      <component_descriptor stream_content="0x01" stream_content_ext="0x0F" component_type="0x01" component_tag="0x01" language_code="fre" text=""/>
      <component_descriptor stream_content="0x02" stream_content_ext="0x0F" component_type="0x01" component_tag="0x01" language_code="fre" text=""/>
      <content_descriptor>
        <content content_nibble_level_1="4" content_nibble_level_2="9" user_byte="0x00"/>
        <content content_nibble_level_1="11" content_nibble_level_2="15" user_byte="0x00"/>
      </content_descriptor>
      <parental_rating_descriptor>
        <country country_code="FRA" rating="0x10"/>
      </parental_rating_descriptor>
      <private_data_specifier_descriptor private_data_specifier="CanalPlus"/>
      <generic_descriptor tag="0xE0">
        E2 85 07 00 00 1F 4C 04 2E 00 01 04 49 00 BF 00
        04 F2 01 F1 01
      </generic_descriptor>
      <generic_descriptor tag="0xE0">
        E2 85 15 15 00 1F 4C 04 2E 00 01 04 49 00 BF 00
        04 F2 01 F1 01
      </generic_descriptor>
      <generic_descriptor tag="0xE0">
        E2 86 07 00 00 1F 4C 04 2E 00 01 04 49 00 BF 00
        04 F2 01 F1 01
      </generic_descriptor>
      <generic_descriptor tag="0xE0">
        E2 86 15 15 00 1F 4C 04 2E 00 01 04 49 00 BF 00
        04 F2 01 F1 01
      </generic_descriptor>
      <generic_descriptor tag="0xE0">
        E2 87 15 15 00 1F 4C 04 2E 00 01 04 49 00 BF 00
        04 F2 01 F1 01
      </generic_descriptor>
      <generic_descriptor tag="0xE0">
        E2 88 15 15 00 1F 4C 04 2E 00 01 04 49 00 BF 00
        04 F2 01 F1 01
      </generic_descriptor>
    </event>
  </EIT>
  <EIT type="pf" version="13" current="true" actual="false" service_id="0x275F" transport_stream_id="0x0402" original_network_id="0x0001" last_table_id="0x4F">
    <metadata PID="18" first_ts_packet="1,481" last_ts_packet="60,595"/>
    <event event_id="0xA5DA" start_time="2017-08-23 11:50:00" duration="00:50:00" running_status="running" CA_mode="true">
      <short_event_descriptor language_code="fre">
        <event_name>PECHE XXL</event_name>
        <text>Documentaire canadien rØalisØ par Cyril Chauquet en 2014 (7/12). "Le rouleau de la mort".</text>
      </short_event_descriptor>
      <extended_event_descriptor descriptor_number="0" last_descriptor_number="1" language_code="fre">
        <text>Documentaire canadien rØalisØ par Cyril Chauquet en 2014 (7/12). "Le rouleau de la mort". RecrutØ par des chercheurs, Cyril doit effectuer des prØlŁvements de salive entre les canines de requins ; il doit s'en a</text>
        <item>
          <description>AnnØe</description>
          <name>2014</name>
        </item>
        <item>
          <description>RØalisateur</description>
          <name>Cyril Chauquet</name>
        </item>
      </extended_event_descriptor>
      <extended_event_descriptor descriptor_number="1" last_descriptor_number="1" language_code="fre">
        <text>pprocher le plus prŁs possible.</text>
      </extended_event_descriptor>
      <component_descriptor stream_content="0x01" stream_content_ext="0x0F" component_type="0x01" component_tag="0x01" language_code="fre" text=""/>
      <component_descriptor stream_content="0x02" stream_content_ext="0x0F" component_type="0x03" component_tag="0x01" language_code="fre" text=""/>
      <component_descriptor stream_content="0x03" stream_content_ext="0x0F" component_type="0x21" component_tag="0x01" language_code="fre" text=""/>
      <content_descriptor>
        <content content_nibble_level_1="4" content_nibble_level_2="0" user_byte="0x00"/>
        <content content_nibble_level_1="11" content_nibble_level_2="15" user_byte="0x00"/>
        <content content_nibble_level_1="11" content_nibble_level_2="15" user_byte="0x11"/>
      </content_descriptor>
      <parental_rating_descriptor>
        <country country_code="FRA" rating="0x10"/>
      </parental_rating_descriptor>
    </event>
    <event event_id="0xA5DB" start_time="2017-08-23 12:40:00" duration="00:50:00" running_status="not-running" CA_mode="true">
      <short_event_descriptor language_code="fre">
        <event_name>PECHE XXL</event_name>
        <text>Documentaire canadien rØalisØ par Cyril Chauquet en 2014 (8/12). "Alligator prØhistorique".</text>
      </short_event_descriptor>
      <extended_event_descriptor descriptor_number="0" last_descriptor_number="1" language_code="fre">
        <text>Documentaire canadien rØalisØ par Cyril Chauquet en 2014 (8/12). "Alligator prØhistorique". N'utilisant que ses mains et ses pieds en guise d'appĐt, Cyril est en mission pour capturer un poisson qui peut faire l</text>
        <item>
          <description>AnnØe</description>
          <name>2014</name>
        </item>
        <item>
          <description>RØalisateur</description>
          <name>Cyril Chauquet</name>
        </item>
      </extended_event_descriptor>
      <extended_event_descriptor descriptor_number="1" last_descriptor_number="1" language_code="fre">
        <text>a taille d'un homme : le poisson-chat.</text>
      </extended_event_descriptor>
      <component_descriptor stream_content="0x01" stream_content_ext="0x0F" component_type="0x01" component_tag="0x01" language_code="fre" text=""/>
      <component_descriptor stream_content="0x02" stream_content_ext="0x0F" component_type="0x03" component_tag="0x01" language_code="fre" text=""/>
      <component_descriptor stream_content="0x03" stream_content_ext="0x0F" component_type="0x21" component_tag="0x01" language_code="fre" text=""/>
      <content_descriptor>
        <content content_nibble_level_1="4" content_nibble_level_2="0" user_byte="0x00"/>
        <content content_nibble_level_1="11" content_nibble_level_2="15" user_byte="0x00"/>
        <content content_nibble_level_1="11" content_nibble_level_2="15" user_byte="0x11"/>
      </content_descriptor>
      <parental_rating_descriptor>
        <country country_code="FRA" rating="0x10"/>
      </parental_rating_descriptor>
    </event>
  </EIT>
  <EIT type="pf" version="1" current="true" actual="false" service_id="0x2071" transport_stream_id="0x0432" original_network_id="0x0001" last_table_id="0x4F">
    <metadata PID="18" first_ts_packet="1,678" last_ts_packet="60,702"/>
    <event event_id="0x2E73" start_time="2017-08-23 07:00:00" duration="12:00:00" running_status="running" CA_mode="true">
      <short_event_descriptor language_code="fre">
        <event_name>BEIN SPORTS, LE PLUS GRAND DES SPECTACLES</event_name>
        <text>beIN SPORTS, le plus grand des spectacles.</text>
      </short_event_descriptor>
      <extended_event_descriptor descriptor_number="0" last_descriptor_number="0" language_code="fre">
        <text>beIN SPORTS, le plus grand des spectacles.</text>
      </extended_event_descriptor>
      <component_descriptor stream_content="0x01" stream_content_ext="0x0F" component_type="0x01" component_tag="0x01" language_code="fre" text=""/>
      <component_descriptor stream_content="0x02" stream_content_ext="0x0F" component_type="0x01" component_tag="0x01" language_code="fre" text=""/>
      <content_descriptor>
        <content content_nibble_level_1="7" content_nibble_level_2="0" user_byte="0x00"/>
        <content content_nibble_level_1="11" content_nibble_level_2="15" user_byte="0x00"/>
      </content_descriptor>
      <parental_rating_descriptor>
        <country country_code="FRA" rating="0x10"/>
      </parental_rating_descriptor>
    </event>
    <event event_id="0x2E74" start_time="2017-08-23 19:00:00" duration="06:00:00" running_status="not-running" CA_mode="true">
      <short_event_descriptor language_code="fre">
        <event_name>BEIN SPORTS, LE PLUS GRAND DES SPECTACLES</event_name>
        <text>beIN SPORTS, le plus grand des spectacles.</text>
      </short_event_descriptor>
      <extended_event_descriptor descriptor_number="0" last_descriptor_number="0" language_code="fre">
        <text>beIN SPORTS, le plus grand des spectacles.</text>
      </extended_event_descriptor>
      <component_descriptor stream_content="0x01" stream_content_ext="0x0F" component_type="0x01" component_tag="0x01" language_code="fre" text=""/>
      <component_descriptor stream_content="0x02" stream_content_ext="0x0F" component_type="0x01" component_tag="0x01" language_code="fre" text=""/>
      <content_descriptor>
        <content content_nibble_level_1="7" content_nibble_level_2="0" user_byte="0x00"/>
        <content content_nibble_level_1="11" content_nibble_level_2="15" user_byte="0x00"/>
      </content_descriptor>
      <parental_rating_descriptor>
        <country country_code="FRA" rating="0x10"/>
      </parental_rating_descriptor>
    </event>
  </EIT>
  <EIT type="pf" version="28" current="true" actual="false" service_id="0x427F" transport_stream_id="0x0446" original_network_id="0x0001" last_table_id="0x4F">
    <metadata PID="18" first_ts_packet="1,828" last_ts_packet="60,987"/>
    <event event_id="0x2BD0" start_time="2017-08-23 11:25:00" duration="00:55:00" running_status="running" CA_mode="true">
      <short_event_descriptor language_code="fre">
        <event_name>LE GLUTEN, FAUT-IL EN AVOIR PEUR ?</event_name>
        <text>Le gluten, faut-il en avoir peur ? Documentaire franĿais rØalisØ par Marie-France BarriØ en 2011.</text>
      </short_event_descriptor>
      <extended_event_descriptor descriptor_number="0" last_descriptor_number="1" language_code="fre">
        <text>Le gluten, faut-il en avoir peur ? Documentaire franĿais rØalisØ par Marie-France BarriØ en 2011. Le gluten, une protØine naturellement prØsente dans le blØ, provoque une intolØrance alimentaire qui touche </text>
        <item>
          <description>AnnØe</description>
          <name>2011</name>
        </item>
        <item>
          <description>RØalisateur</description>
          <name>Marie-France BarriØ</name>
        </item>
      </extended_event_descriptor>
      <extended_event_descriptor descriptor_number="1" last_descriptor_number="1" language_code="fre">
        <text>prŁs de 1% de la population du monde occidental.</text>
      </extended_event_descriptor>
      <component_descriptor stream_content="0x01" stream_content_ext="0x0F" component_type="0x01" component_tag="0x01" language_code="fre" text=""/>
      <component_descriptor stream_content="0x02" stream_content_ext="0x0F" component_type="0x01" component_tag="0x01" language_code="fre" text=""/>
      <content_descriptor>
        <content content_nibble_level_1="4" content_nibble_level_2="0" user_byte="0x00"/>
        <content content_nibble_level_1="11" content_nibble_level_2="15" user_byte="0x00"/>
      </content_descriptor>
      <parental_rating_descriptor>
        <country country_code="FRA" rating="0x10"/>
      </parental_rating_descriptor>
      <private_data_specifier_descriptor private_data_specifier="CanalPlus"/>
      <generic_descriptor tag="0xE0">
        E2 86 00 50 00 42 7F 04 46 00 01 04 40 00 BF 00
        04 F2 01 F1 01
      </generic_descriptor>
      <generic_descriptor tag="0xE0">
        E2 8A 21 21 00 42 7F 04 46 00 01 04 40 00 BF 00
        04 F2 01 F1 01
      </generic_descriptor>
      <generic_descriptor tag="0xE0">
        E2 8B 05 03 00 42 7F 04 46 00 01 04 40 00 BF 00
        04 F2 01 F1 01
      </generic_descriptor>
    </event>
    <event event_id="0x2BD1" start_time="2017-08-23 12:20:00" duration="00:28:00" running_status="not-running" CA_mode="true">
      <short_event_descriptor language_code="fre">
        <event_name>LE MAG DE LA SCIENCE : HEBDO</event_name>
        <text>Le mag de la science : hebdo PrØsentØ par JØrħme Bonaldi.</text>
      </short_event_descriptor>
      <extended_event_descriptor descriptor_number="0" last_descriptor_number="0" language_code="fre">
        <text>Le mag de la science : hebdo PrØsentØ par JØrħme Bonaldi. Au sommaire : "Pirogue en Picardie". - "Le caoutchouc". - "Le latex". - "Le camØlØon".</text>
        <item>
          <description>PrØsentateur</description>
          <name>JØrħme Bonaldi</name>
        </item>
      </extended_event_descriptor>
      <component_descriptor stream_content="0x01" stream_content_ext="0x0F" component_type="0x01" component_tag="0x01" language_code="fre" text=""/>
      <component_descriptor stream_content="0x02" stream_content_ext="0x0F" component_type="0x01" component_tag="0x01" language_code="fre" text=""/>
      <content_descriptor>
        <content content_nibble_level_1="4" content_nibble_level_2="0" user_byte="0x00"/>
        <content content_nibble_level_1="11" content_nibble_level_2="15" user_byte="0x00"/>
      </content_descriptor>
      <parental_rating_descriptor>
        <country country_code="FRA" rating="0x10"/>
      </parental_rating_descriptor>
      <private_data_specifier_descriptor private_data_specifier="CanalPlus"/>
      <generic_descriptor tag="0xE0">
        E2 84 17 02 00 42 7F 04 46 00 01 04 40 00 BF 00
        04 F2 01 F1 01
      </generic_descriptor>
      <generic_descriptor tag="0xE0">
        E2 8B 12 45 00 42 7F 04 46 00 01 04 40 00 BF 00
        04 F2 01 F1 01
      </generic_descriptor>
    </event>
  </EIT>
  <EIT type="pf" version="9" current="true" actual="false" service_id="0x26B8" transport_stream_id="0x043E" original_network_id="0x0001" last_table_id="0x4F">
    <metadata PID="18" first_ts_packet="2,420" last_ts_packet="61,400"/>
    <event event_id="0x50EF" start_time="2017-08-23 11:42:00" duration="00:45:00" running_status="running" CA_mode="true">
      <short_event_descriptor language_code="fre">
        <event_name>CHASSEURS D'OVNIS</event_name>
        <text>DIFFUSE EN HD.  Documentaire amØricain rØalisØ en 2009 (7/13). "Reliques d'ovnis".</text>
      </short_event_descriptor>
      <extended_event_descriptor descriptor_number="0" last_descriptor_number="1" language_code="fre">
        <text>DIFFUSE EN HD.  Documentaire amØricain rØalisØ en 2009 (7/13). "Reliques d'ovnis". A la recherche de microscopiques particules ou de grandes piŁces faites de mØtal inconnu sur Terre, qui constituent les preuves des visites extraterre</text>
        <item>
          <description>AnnØe</description>
          <name>2009</name>
        </item>
      </extended_event_descriptor>
      <extended_event_descriptor descriptor_number="1" last_descriptor_number="1" language_code="fre">
        <text>stres.</text>
      </extended_event_descriptor>
      <component_descriptor stream_content="0x01" stream_content_ext="0x0F" component_type="0x0B" component_tag="0x01" language_code="fre" text=""/>
      <component_descriptor stream_content="0x02" stream_content_ext="0x0F" component_type="0x03" component_tag="0x01" language_code="fre" text=""/>
      <content_descriptor>
        <content content_nibble_level_1="4" content_nibble_level_2="0" user_byte="0x00"/>
        <content content_nibble_level_1="11" content_nibble_level_2="15" user_byte="0x00"/>
        <content content_nibble_level_1="11" content_nibble_level_2="15" user_byte="0x21"/>
        <content content_nibble_level_1="11" content_nibble_level_2="15" user_byte="0x30"/>
      </content_descriptor>
      <parental_rating_descriptor>
        <country country_code="FRA" rating="0x10"/>
      </parental_rating_descriptor>
    </event>
    <event event_id="0x50F0" start_time="2017-08-23 12:27:00" duration="00:57:00" running_status="not-running" CA_mode="true">
      <short_event_descriptor language_code="fre">
        <event_name>LE GRAND RETOUR</event_name>
        <text>Documentaire franĿais rØalisØ par Eric Robin en 2009.</text>
      </short_event_descriptor>
      <extended_event_descriptor descriptor_number="0" last_descriptor_number="0" language_code="fre">
        <text>Documentaire franĿais rØalisØ par Eric Robin en 2009. Des tØmoignages surprenants de personnes ayant connu une expØrience de mort imminente, un phØnomŁne qui fascine et qui divise la communautØ scientifique.</text>
        <item>
          <description>AnnØe</description>
          <name>2009</name>
        </item>
        <item>
          <description>RØalisateur</description>
          <name>Eric Robin</name>
        </item>
      </extended_event_descriptor>
      <component_descriptor stream_content="0x01" stream_content_ext="0x0F" component_type="0x03" component_tag="0x01" language_code="fre" text=""/>
      <component_descriptor stream_content="0x02" stream_content_ext="0x0F" component_type="0x03" component_tag="0x01" language_code="fre" text=""/>
      <component_descriptor stream_content="0x03" stream_content_ext="0x0F" component_type="0x22" component_tag="0x01" language_code="fre" text=""/>
      <content_descriptor>
        <content content_nibble_level_1="4" content_nibble_level_2="0" user_byte="0x00"/>
        <content content_nibble_level_1="11" content_nibble_level_2="15" user_byte="0x00"/>
        <content content_nibble_level_1="11" content_nibble_level_2="15" user_byte="0x11"/>
      </content_descriptor>
      <parental_rating_descriptor>
        <country country_code="FRA" rating="0x10"/>
      </parental_rating_descriptor>
      <private_data_specifier_descriptor private_data_specifier="CanalPlus"/>
      <generic_descriptor tag="0xE0">
        E2 8A 22 10 00 26 B8 04 3E 00 01 06 40 00 BF 00
        BF 11 06 F3 22 F2 03 F1 03
      </generic_descriptor>
    </event>
  </EIT>
  <EIT type="pf" version="23" current="true" actual="false" service_id="0x22C8" transport_stream_id="0x0434" original_network_id="0x0001" last_table_id="0x4F">
    <metadata PID="18" first_ts_packet="2,701" last_ts_packet="61,566"/>
    <event event_id="0xB10A" start_time="2017-08-23 11:45:00" duration="00:15:00" running_status="running" CA_mode="true">
      <short_event_descriptor language_code="fre">
        <event_name>QUIZZ ACADEMY</event_name>
        <text>Football.</text>
      </short_event_descriptor>
      <extended_event_descriptor descriptor_number="0" last_descriptor_number="0" language_code="fre">
        <text>Football.</text>
      </extended_event_descriptor>
      <component_descriptor stream_content="0x01" stream_content_ext="0x0F" component_type="0x01" component_tag="0x01" language_code="fre" text=""/>
      <component_descriptor stream_content="0x02" stream_content_ext="0x0F" component_type="0x01" component_tag="0x01" language_code="fre" text=""/>
      <content_descriptor>
        <content content_nibble_level_1="6" content_nibble_level_2="1" user_byte="0x00"/>
        <content content_nibble_level_1="11" content_nibble_level_2="15" user_byte="0x00"/>
      </content_descriptor>
      <parental_rating_descriptor>
        <country country_code="FRA" rating="0x10"/>
      </parental_rating_descriptor>
    </event>
    <event event_id="0xB10B" start_time="2017-08-23 12:00:00" duration="00:10:00" running_status="not-running" CA_mode="true">
      <short_event_descriptor language_code="fre">
        <event_name>L1 CONFIDENTIAL</event_name>
        <text>"La Chine". Football.</text>
      </short_event_descriptor>
      <extended_event_descriptor descriptor_number="0" last_descriptor_number="0" language_code="fre">
        <text>"La Chine". Football.</text>
      </extended_event_descriptor>
      <component_descriptor stream_content="0x01" stream_content_ext="0x0F" component_type="0x01" component_tag="0x01" language_code="fre" text=""/>
      <component_descriptor stream_content="0x02" stream_content_ext="0x0F" component_type="0x01" component_tag="0x01" language_code="fre" text=""/>
      <content_descriptor>
        <content content_nibble_level_1="6" content_nibble_level_2="1" user_byte="0x00"/>
        <content content_nibble_level_1="11" content_nibble_level_2="15" user_byte="0x00"/>
      </content_descriptor>
      <parental_rating_descriptor>
        <country country_code="FRA" rating="0x10"/>
      </parental_rating_descriptor>
      <private_data_specifier_descriptor private_data_specifier="CanalPlus"/>
      <generic_descriptor tag="0xE0">
        E2 84 16 45 00 22 C8 04 34 00 01 04 61 00 BF 00
        04 F2 01 F1 01
      </generic_descriptor>
      <generic_descriptor tag="0xE0">
        E2 85 06 25 00 22 C8 04 34 00 01 04 61 00 BF 00
        04 F2 01 F1 01
      </generic_descriptor>
    </event>
  </EIT>
  <EIT type="pf" version="2" current="true" actual="false" service_id="0x19CB" transport_stream_id="0x0444" original_network_id="0x0001" last_table_id="0x4F">
    <metadata PID="18" first_ts_packet="3,299" last_ts_packet="61,971"/>
    <event event_id="0xBBEF" start_time="2017-08-23 11:50:00" duration="00:40:00" running_status="running" CA_mode="true">
      <short_event_descriptor language_code="fre">
        <event_name>REVELATIONS</event_name>
        <text>(-10)  SØrie fantastique amØricaine avec Bill Pullman, Natascha McElhone. Saison 1. (3/6). "Chapitre 3".</text>
      </short_event_descriptor>
      <extended_event_descriptor descriptor_number="0" last_descriptor_number="1" language_code="fre">
        <text>(-10)  SØrie fantastique amØricaine avec Bill Pullman, Natascha McElhone. Saison 1. (3/6). "Chapitre 3". Le docteur Massey et soeur Josepha partent en Italie rencontrer la mŁre de l'enfant qui a survØcu au naufr</text>
        <item>
          <description>NationalitØ</description>
          <name>Etats-Unis</name>
        </item>
        <item>
          <description>TDE</description>
          <name>Chapitre 3</name>
        </item>
      </extended_event_descriptor>
      <extended_event_descriptor descriptor_number="1" last_descriptor_number="1" language_code="fre">
        <text>age. La femme leur parle d'une ombre mystØrieuse.</text>
      </extended_event_descriptor>
      <component_descriptor stream_content="0x01" stream_content_ext="0x0F" component_type="0x01" component_tag="0x01" language_code="fre" text=""/>
      <component_descriptor stream_content="0x02" stream_content_ext="0x0F" component_type="0x01" component_tag="0x01" language_code="fre" text=""/>
      <component_descriptor stream_content="0x02" stream_content_ext="0x0F" component_type="0x01" component_tag="0x01" language_code="eng" text=""/>
      <content_descriptor>
        <content content_nibble_level_1="5" content_nibble_level_2="6" user_byte="0x00"/>
        <content content_nibble_level_1="11" content_nibble_level_2="15" user_byte="0x01"/>
      </content_descriptor>
      <parental_rating_descriptor>
        <country country_code="FRA" rating="0x11"/>
      </parental_rating_descriptor>
      <private_data_specifier_descriptor private_data_specifier="CanalPlus"/>
      <generic_descriptor tag="0xE0">
        E2 87 16 25 00 19 CB 04 44 00 01 04 56 00 BF 01
        04 F2 01 F1 01
      </generic_descriptor>
      <generic_descriptor tag="0xE0">
        E2 8A 13 15 00 19 CB 04 44 00 01 04 56 00 BF 01
        04 F2 01 F1 01
      </generic_descriptor>
      <generic_descriptor tag="0xE0">
        E2 8B 07 05 00 19 CB 04 44 00 01 04 56 00 BF 01
        04 F2 01 F1 01
      </generic_descriptor>
    </event>
    <event event_id="0xBBF0" start_time="2017-08-23 12:30:00" duration="00:45:00" running_status="not-running" CA_mode="true">
      <short_event_descriptor language_code="fre">
        <event_name>REVELATIONS</event_name>
        <text>(-10)  SØrie fantastique amØricaine avec Bill Pullman, Natascha McElhone, Michael Massee. Saison 1. (4/6). "Chapitre 4".</text>
      </short_event_descriptor>
      <extended_event_descriptor descriptor_number="0" last_descriptor_number="1" language_code="fre">
        <text>(-10)  SØrie fantastique amØricaine avec Bill Pullman, Natascha McElhone, Michael Massee. Saison 1. (4/6). "Chapitre 4". Henry est toujours aux mains de ses ravisseurs. Tandis que soeur Josepha et l'astrophysici</text>
        <item>
          <description>NationalitØ</description>
          <name>Etats-Unis</name>
        </item>
        <item>
          <description>TDE</description>
          <name>Chapitre 4</name>
        </item>
      </extended_event_descriptor>
      <extended_event_descriptor descriptor_number="1" last_descriptor_number="1" language_code="fre">
        <text>en sont Ω sa recherche, il est placØ face Ω un choix impossible.</text>
      </extended_event_descriptor>
      <component_descriptor stream_content="0x01" stream_content_ext="0x0F" component_type="0x01" component_tag="0x01" language_code="fre" text=""/>
      <component_descriptor stream_content="0x02" stream_content_ext="0x0F" component_type="0x01" component_tag="0x01" language_code="fre" text=""/>
      <component_descriptor stream_content="0x02" stream_content_ext="0x0F" component_type="0x01" component_tag="0x01" language_code="eng" text=""/>
      <content_descriptor>
        <content content_nibble_level_1="5" content_nibble_level_2="6" user_byte="0x00"/>
        <content content_nibble_level_1="11" content_nibble_level_2="15" user_byte="0x01"/>
      </content_descriptor>
      <parental_rating_descriptor>
        <country country_code="FRA" rating="0x11"/>
      </parental_rating_descriptor>
      <private_data_specifier_descriptor private_data_specifier="CanalPlus"/>
      <generic_descriptor tag="0xE0">
        E2 87 17 05 00 19 CB 04 44 00 01 04 56 00 BF 01
        04 F2 01 F1 01
      </generic_descriptor>
      <generic_descriptor tag="0xE0">
        E2 8A 14 00 00 19 CB 04 44 00 01 04 56 00 BF 01
        04 F2 01 F1 01
      </generic_descriptor>
      <generic_descriptor tag="0xE0">
        E2 8B 07 45 00 19 CB 04 44 00 01 04 56 00 BF 01
        04 F2 01 F1 01
      </generic_descriptor>
    </event>
  </EIT>
  <EIT type="pf" version="13" current="true" actual="false" service_id="0x1AFA" transport_stream_id="0x03FE" original_network_id="0x0001" last_table_id="0x4F">
    <metadata PID="18" first_ts_packet="3,718" last_ts_packet="61,971"/>
    <event event_id="0x995C" start_time="2017-08-23 11:51:00" duration="00:07:00" running_status="running" CA_mode="true">
      <short_event_descriptor language_code="fre">
        <event_name>SPORTS</event_name>
        <text>TXT0.</text>
      </short_event_descriptor>
      <extended_event_descriptor descriptor_number="0" last_descriptor_number="0" language_code="fre">
        <text>TXT0.</text>
      </extended_event_descriptor>
      <component_descriptor stream_content="0x01" stream_content_ext="0x0F" component_type="0x01" component_tag="0x01" language_code="fre" text=""/>
      <component_descriptor stream_content="0x02" stream_content_ext="0x0F" component_type="0x01" component_tag="0x01" language_code="fre" text=""/>
      <content_descriptor>
        <content content_nibble_level_1="6" content_nibble_level_2="1" user_byte="0x00"/>
        <content content_nibble_level_1="11" content_nibble_level_2="15" user_byte="0x00"/>
      </content_descriptor>
      <parental_rating_descriptor>
        <country country_code="FRA" rating="0x10"/>
      </parental_rating_descriptor>
    </event>
    <event event_id="0x995D" start_time="2017-08-23 11:58:00" duration="00:02:00" running_status="not-running" CA_mode="true">
      <short_event_descriptor language_code="fre">
        <event_name>WEATHER</event_name>
        <text>TXT0.</text>
      </short_event_descriptor>
      <extended_event_descriptor descriptor_number="0" last_descriptor_number="0" language_code="fre">
        <text>TXT0.</text>
      </extended_event_descriptor>
      <component_descriptor stream_content="0x01" stream_content_ext="0x0F" component_type="0x01" component_tag="0x01" language_code="fre" text=""/>
      <component_descriptor stream_content="0x02" stream_content_ext="0x0F" component_type="0x01" component_tag="0x01" language_code="fre" text=""/>
      <content_descriptor>
        <content content_nibble_level_1="9" content_nibble_level_2="1" user_byte="0x00"/>
        <content content_nibble_level_1="11" content_nibble_level_2="15" user_byte="0x00"/>
      </content_descriptor>
      <parental_rating_descriptor>
        <country country_code="FRA" rating="0x10"/>
      </parental_rating_descriptor>
    </event>
  </EIT>
  <EIT type="pf" version="22" current="true" actual="false" service_id="0x2206" transport_stream_id="0x044C" original_network_id="0x0001" last_table_id="0x4F">
    <metadata PID="18" first_ts_packet="4,524" last_ts_packet="62,930"/>
    <event event_id="0x8234" start_time="2017-08-23 11:55:00" duration="00:50:00" running_status="running" CA_mode="true">
      <short_event_descriptor language_code="fre">
        <event_name>MELODY CHIC AFTERNOON</event_name>
        <text>Clips.</text>
      </short_event_descriptor>
      <extended_event_descriptor descriptor_number="0" last_descriptor_number="0" language_code="fre">
        <text>Clips.</text>
      </extended_event_descriptor>
      <component_descriptor stream_content="0x01" stream_content_ext="0x0F" component_type="0x01" component_tag="0x01" language_code="fre" text=""/>
      <component_descriptor stream_content="0x02" stream_content_ext="0x0F" component_type="0x01" component_tag="0x01" language_code="fre" text=""/>
      <content_descriptor>
        <content content_nibble_level_1="8" content_nibble_level_2="6" user_byte="0x00"/>
        <content content_nibble_level_1="11" content_nibble_level_2="15" user_byte="0x00"/>
      </content_descriptor>
      <parental_rating_descriptor>
        <country country_code="FRA" rating="0x10"/>
      </parental_rating_descriptor>
      <private_data_specifier_descriptor private_data_specifier="CanalPlus"/>
      <generic_descriptor tag="0xE0">
        E2 84 13 45 00 22 06 04 4C 00 01 04 86 00 BF 00
        04 F2 01 F1 01
      </generic_descriptor>
      <generic_descriptor tag="0xE0">
        E2 85 11 15 00 22 06 04 4C 00 01 04 86 00 BF 00
        04 F2 01 F1 01
      </generic_descriptor>
      <generic_descriptor tag="0xE0">
        E2 85 13 50 00 22 06 04 4C 00 01 04 86 00 BF 00
        04 F2 01 F1 01
      </generic_descriptor>
      <generic_descriptor tag="0xE0">
        E2 86 11 55 00 22 06 04 4C 00 01 04 86 00 BF 00
        04 F2 01 F1 01
      </generic_descriptor>
      <generic_descriptor tag="0xE0">
        E2 86 14 05 00 22 06 04 4C 00 01 04 86 00 BF 00
        04 F2 01 F1 01
      </generic_descriptor>
      <generic_descriptor tag="0xE0">
        E2 87 11 50 00 22 06 04 4C 00 01 04 86 00 BF 00
        04 F2 01 F1 01
      </generic_descriptor>
    </event>
    <event event_id="0x8235" start_time="2017-08-23 12:45:00" duration="00:10:00" running_status="not-running" CA_mode="true">
      <short_event_descriptor language_code="fre">
        <event_name>MELODY STORY</event_name>
        <text>"Sous le ciel de Paris (Yvette Giraud)". Chaque jour, FrØdØric Zeitoun retrace l'histoire d'une chanson sous un angle souvent original et inattendu.</text>
      </short_event_descriptor>
      <extended_event_descriptor descriptor_number="0" last_descriptor_number="1" language_code="fre">
        <text>"Sous le ciel de Paris (Yvette Giraud)". Chaque jour, FrØdØric Zeitoun retrace l'histoire d'une chanson sous un angle souvent original et inattendu. Chaque jour, FrØdØric Zeitoun retrace l'histoire d'une chanson sous un angle souvent original et ina</text>
      </extended_event_descriptor>
      <extended_event_descriptor descriptor_number="1" last_descriptor_number="1" language_code="fre">
        <text>ttendu.</text>
      </extended_event_descriptor>
      <component_descriptor stream_content="0x01" stream_content_ext="0x0F" component_type="0x01" component_tag="0x01" language_code="fre" text=""/>
      <component_descriptor stream_content="0x02" stream_content_ext="0x0F" component_type="0x01" component_tag="0x01" language_code="fre" text=""/>
      <content_descriptor>
        <content content_nibble_level_1="4" content_nibble_level_2="9" user_byte="0x00"/>
        <content content_nibble_level_1="11" content_nibble_level_2="15" user_byte="0x00"/>
      </content_descriptor>
      <parental_rating_descriptor>
        <country country_code="FRA" rating="0x10"/>
      </parental_rating_descriptor>
      <private_data_specifier_descriptor private_data_specifier="CanalPlus"/>
      <generic_descriptor tag="0xE0">
        E2 86 08 45 00 22 06 04 4C 00 01 04 49 00 BF 00
        04 F2 01 F1 01
      </generic_descriptor>
    </event>
  </EIT>
  <EIT type="pf" version="21" current="true" actual="false" service_id="0x2520" transport_stream_id="0x045E" original_network_id="0x0001" last_table_id="0x4F">
    <metadata PID="18" first_ts_packet="4,870" last_ts_packet="63,068"/>
    <event event_id="0x4702" start_time="2017-08-23 10:00:00" duration="03:00:00" running_status="running" CA_mode="true">
      <short_event_descriptor language_code="fre">
        <event_name>MATCH A VENIR</event_name>
        <text>Information non disponible.</text>
      </short_event_descriptor>
      <extended_event_descriptor descriptor_number="0" last_descriptor_number="0" language_code="fre">
        <text>Information non disponible.</text>
      </extended_event_descriptor>
      <component_descriptor stream_content="0x01" stream_content_ext="0x0F" component_type="0x01" component_tag="0x01" language_code="fre" text=""/>
      <component_descriptor stream_content="0x02" stream_content_ext="0x0F" component_type="0x01" component_tag="0x01" language_code="fre" text=""/>
      <content_descriptor>
        <content content_nibble_level_1="7" content_nibble_level_2="0" user_byte="0x00"/>
        <content content_nibble_level_1="11" content_nibble_level_2="15" user_byte="0x00"/>
      </content_descriptor>
      <parental_rating_descriptor>
        <country country_code="FRA" rating="0x10"/>
      </parental_rating_descriptor>
    </event>
    <event event_id="0x4703" start_time="2017-08-23 13:00:00" duration="03:00:00" running_status="not-running" CA_mode="true">
      <short_event_descriptor language_code="fre">
        <event_name>MATCH A VENIR</event_name>
        <text>Information non disponible.</text>
      </short_event_descriptor>
      <extended_event_descriptor descriptor_number="0" last_descriptor_number="0" language_code="fre">
        <text>Information non disponible.</text>
      </extended_event_descriptor>
      <component_descriptor stream_content="0x01" stream_content_ext="0x0F" component_type="0x01" component_tag="0x01" language_code="fre" text=""/>
      <component_descriptor stream_content="0x02" stream_content_ext="0x0F" component_type="0x01" component_tag="0x01" language_code="fre" text=""/>
      <content_descriptor>
        <content content_nibble_level_1="7" content_nibble_level_2="0" user_byte="0x00"/>
        <content content_nibble_level_1="11" content_nibble_level_2="15" user_byte="0x00"/>
      </content_descriptor>
      <parental_rating_descriptor>
        <country country_code="FRA" rating="0x10"/>
      </parental_rating_descriptor>
    </event>
  </EIT>
  <EIT type="pf" version="0" current="true" actual="false" service_id="0x232D" transport_stream_id="0x0442" original_network_id="0x0001" last_table_id="0x4F">
    <metadata PID="18" first_ts_packet="4,870" last_ts_packet="63,211"/>
    <event event_id="0x162A" start_time="2017-08-23 10:00:00" duration="02:15:00" running_status="running" CA_mode="true">
      <short_event_descriptor language_code="fre">
        <event_name>UNIVERSIADE D'ETE 2017</event_name>
        <text>EN DIRECT.  1er jour. A Taŉwan.</text>
      </short_event_descriptor>
      <extended_event_descriptor descriptor_number="0" last_descriptor_number="0" language_code="fre">
        <text>EN DIRECT.  1er jour. A Taŉwan.</text>
        <item>
          <description>Direct</description>
          <name>Direct</name>
        </item>
      </extended_event_descriptor>
      <component_descriptor stream_content="0x01" stream_content_ext="0x0F" component_type="0x01" component_tag="0x01" language_code="fre" text=""/>
      <component_descriptor stream_content="0x02" stream_content_ext="0x0F" component_type="0x03" component_tag="0x01" language_code="fre" text=""/>
      <content_descriptor>
        <content content_nibble_level_1="2" content_nibble_level_2="4" user_byte="0x00"/>
        <content content_nibble_level_1="11" content_nibble_level_2="15" user_byte="0x00"/>
      </content_descriptor>
      <parental_rating_descriptor>
        <country country_code="FRA" rating="0x10"/>
      </parental_rating_descriptor>
    </event>
    <event event_id="0x162B" start_time="2017-08-23 12:15:00" duration="00:15:00" running_status="not-running" CA_mode="true">
      <short_event_descriptor language_code="fre">
        <event_name>TOUR D'ESPAGNE 2017</event_name>
        <text>4e Øtape : Escaldes-Engordany (And) - Tarragone (198,2 km).</text>
      </short_event_descriptor>
      <extended_event_descriptor descriptor_number="0" last_descriptor_number="0" language_code="fre">
        <text>4e Øtape : Escaldes-Engordany (And) - Tarragone (198,2 km).</text>
      </extended_event_descriptor>
      <component_descriptor stream_content="0x01" stream_content_ext="0x0F" component_type="0x01" component_tag="0x01" language_code="fre" text=""/>
      <component_descriptor stream_content="0x02" stream_content_ext="0x0F" component_type="0x03" component_tag="0x01" language_code="fre" text=""/>
      <content_descriptor>
        <content content_nibble_level_1="2" content_nibble_level_2="9" user_byte="0x00"/>
        <content content_nibble_level_1="11" content_nibble_level_2="15" user_byte="0x00"/>
      </content_descriptor>
      <parental_rating_descriptor>
        <country country_code="FRA" rating="0x10"/>
      </parental_rating_descriptor>
    </event>
  </EIT>
  <EIT type="pf" version="8" current="true" actual="false" service_id="0x2532" transport_stream_id="0x045E" original_network_id="0x0001" last_table_id="0x4F">
    <metadata PID="18" first_ts_packet="4,976" last_ts_packet="63,651"/>
    <event event_id="0xB5FF" start_time="2017-08-23 11:35:00" duration="01:40:00" running_status="running" CA_mode="true">
      <short_event_descriptor language_code="fre">
        <event_name>VIPERE AU POING</event_name>
        <text>RØalisØ par Philippe de Broca en 2004. Avec Catherine Frot, Jacques Villeret, Jules Sitruk, Sabine Haudepin. Drame franco-britannique.</text>
      </short_event_descriptor>
      <extended_event_descriptor descriptor_number="0" last_descriptor_number="1" language_code="fre">
        <text>RØalisØ par Philippe de Broca en 2004. Avec Catherine Frot, Jacques Villeret, Jules Sitruk, Sabine Haudepin. Drame franco-britannique. Dans les annØes 1920. AprŁs le dØcŁs de leur grand-mŁre, deux frŁres retr</text>
        <item>
          <description>AnnØe</description>
          <name>2004</name>
        </item>
        <item>
          <description>RØalisateur</description>
          <name>Philippe de Broca</name>
        </item>
      </extended_event_descriptor>
      <extended_event_descriptor descriptor_number="1" last_descriptor_number="1" language_code="fre">
        <text>ouvent leur mŁre, une femme cruelle qui leur impose une Øducation tyrannique.</text>
      </extended_event_descriptor>
      <component_descriptor stream_content="0x01" stream_content_ext="0x0F" component_type="0x01" component_tag="0x01" language_code="fre" text=""/>
      <component_descriptor stream_content="0x02" stream_content_ext="0x0F" component_type="0x03" component_tag="0x01" language_code="fre" text=""/>
      <content_descriptor>
        <content content_nibble_level_1="1" content_nibble_level_2="0" user_byte="0x00"/>
        <content content_nibble_level_1="11" content_nibble_level_2="15" user_byte="0x00"/>
        <content content_nibble_level_1="11" content_nibble_level_2="15" user_byte="0x21"/>
      </content_descriptor>
      <parental_rating_descriptor>
        <country country_code="FRA" rating="0x10"/>
      </parental_rating_descriptor>
    </event>
    <event event_id="0xB600" start_time="2017-08-23 13:15:00" duration="01:40:00" running_status="not-running" CA_mode="true">
      <short_event_descriptor language_code="fre">
        <event_name>BEL AMI</event_name>
        <text>RØalisØ par D. Donnellan, N. Ormerod en 2012. Avec Robert Pattinson. Drame britannico-franco-italien.</text>
      </short_event_descriptor>
      <extended_event_descriptor descriptor_number="0" last_descriptor_number="1" language_code="fre">
        <text>RØalisØ par D. Donnellan, N. Ormerod en 2012. Avec Robert Pattinson. Drame britannico-franco-italien. Dans le Paris de la Belle Epoque, un ancien marØchal des logis gravit l'Øchelle sociale en sØduisant les </text>
        <item>
          <description>AnnØe</description>
          <name>2012</name>
        </item>
        <item>
          <description>RØalisateur</description>
          <name>Declan Donnellan</name>
        </item>
      </extended_event_descriptor>
      <extended_event_descriptor descriptor_number="1" last_descriptor_number="1" language_code="fre">
        <text>femmes qui peuvent lui Œtre utiles.</text>
      </extended_event_descriptor>
      <component_descriptor stream_content="0x01" stream_content_ext="0x0F" component_type="0x01" component_tag="0x01" language_code="fre" text=""/>
      <component_descriptor stream_content="0x02" stream_content_ext="0x0F" component_type="0x03" component_tag="0x01" language_code="fre" text=""/>
      <component_descriptor stream_content="0x02" stream_content_ext="0x0F" component_type="0x03" component_tag="0x01" language_code="eng" text=""/>
      <content_descriptor>
        <content content_nibble_level_1="1" content_nibble_level_2="0" user_byte="0x00"/>
        <content content_nibble_level_1="11" content_nibble_level_2="15" user_byte="0x01"/>
      </content_descriptor>
      <parental_rating_descriptor>
        <country country_code="FRA" rating="0x10"/>
      </parental_rating_descriptor>
      <private_data_specifier_descriptor private_data_specifier="CanalPlus"/>
      <generic_descriptor tag="0xE0">
        E2 85 06 32 00 25 32 04 5E 00 01 04 10 00 BF 01
        04 F2 03 F1 01
      </generic_descriptor>
    </event>
  </EIT>
  <EIT type="pf" version="1" current="true" actual="false" service_id="0x245D" transport_stream_id="0x0440" original_network_id="0x0001" last_table_id="0x4F">
    <metadata PID="18" first_ts_packet="5,401" last_ts_packet="64,079"/>
    <event event_id="0x1B9B" start_time="2017-08-23 11:45:00" duration="00:45:00" running_status="running" CA_mode="true">
      <short_event_descriptor language_code="fre">
        <event_name>MICK BRISGAU</event_name>
        <text>DIFFUSE EN HD.  SØrie policiŁre allemande avec Henning Baum, Maximilian Grill, Jþrgen Tarrach. Saison 5. (2/8). "Ce n'est qu'un jeu".</text>
      </short_event_descriptor>
      <extended_event_descriptor descriptor_number="0" last_descriptor_number="1" language_code="fre">
        <text>DIFFUSE EN HD.  SØrie policiŁre allemande avec Henning Baum, Maximilian Grill, Jþrgen Tarrach. Saison 5. (2/8). "Ce n'est qu'un jeu". Mick rØussit Ω convaincre Andreas de ne pas dØmissionner afin d'enquŒt</text>
        <item>
          <description>NationalitØ</description>
          <name>Allemagne</name>
        </item>
        <item>
          <description>TDE</description>
          <name>Ce n'est qu'un jeu</name>
        </item>
      </extended_event_descriptor>
      <extended_event_descriptor descriptor_number="1" last_descriptor_number="1" language_code="fre">
        <text>er sur la mort de Koller. Mais Brawitsch et Gĳrnemann portent plainte contre le policier.</text>
      </extended_event_descriptor>
      <component_descriptor stream_content="0x01" stream_content_ext="0x0F" component_type="0x0B" component_tag="0x01" language_code="fre" text=""/>
      <component_descriptor stream_content="0x02" stream_content_ext="0x0F" component_type="0x03" component_tag="0x01" language_code="fre" text=""/>
      <component_descriptor stream_content="0x03" stream_content_ext="0x0F" component_type="0x22" component_tag="0x01" language_code="fre" text=""/>
      <content_descriptor>
        <content content_nibble_level_1="5" content_nibble_level_2="4" user_byte="0x00"/>
        <content content_nibble_level_1="11" content_nibble_level_2="15" user_byte="0x00"/>
        <content content_nibble_level_1="11" content_nibble_level_2="15" user_byte="0x11"/>
        <content content_nibble_level_1="11" content_nibble_level_2="15" user_byte="0x30"/>
      </content_descriptor>
      <parental_rating_descriptor>
        <country country_code="FRA" rating="0x10"/>
      </parental_rating_descriptor>
    </event>
    <event event_id="0x1B9C" start_time="2017-08-23 12:30:00" duration="01:35:00" running_status="not-running" CA_mode="true">
      <short_event_descriptor language_code="fre">
        <event_name>BOULEVARD DU PALAIS</event_name>
        <text>DIFFUSE EN HD.  RØalisØ par B. d'Aubert en 2002. Avec Anne Richard, Jean-FranĿois Balmer. TØlØfilm policier franĿais. "Revers de mØdaille".</text>
      </short_event_descriptor>
      <extended_event_descriptor descriptor_number="0" last_descriptor_number="1" language_code="fre">
        <text>DIFFUSE EN HD.  RØalisØ par B. d'Aubert en 2002. Avec Anne Richard, Jean-FranĿois Balmer. TØlØfilm policier franĿais. "Revers de mØdaille". La mort de la directrice des ressources humaines d'une entreprise </text>
        <item>
          <description>NationalitØ</description>
          <name>France</name>
        </item>
        <item>
          <description>TDE</description>
          <name>Revers de mØdaille</name>
        </item>
      </extended_event_descriptor>
      <extended_event_descriptor descriptor_number="1" last_descriptor_number="1" language_code="fre">
        <text>de piŁces automobiles plonge Nadia et RovŁre dans une profonde perplexitØ.</text>
      </extended_event_descriptor>
      <component_descriptor stream_content="0x01" stream_content_ext="0x0F" component_type="0x0B" component_tag="0x01" language_code="fre" text=""/>
      <component_descriptor stream_content="0x02" stream_content_ext="0x0F" component_type="0x03" component_tag="0x01" language_code="fre" text=""/>
      <component_descriptor stream_content="0x03" stream_content_ext="0x0F" component_type="0x22" component_tag="0x01" language_code="fre" text=""/>
      <content_descriptor>
        <content content_nibble_level_1="1" content_nibble_level_2="5" user_byte="0x00"/>
        <content content_nibble_level_1="11" content_nibble_level_2="15" user_byte="0x00"/>
        <content content_nibble_level_1="11" content_nibble_level_2="15" user_byte="0x11"/>
        <content content_nibble_level_1="11" content_nibble_level_2="15" user_byte="0x30"/>
      </content_descriptor>
      <parental_rating_descriptor>
        <country country_code="FRA" rating="0x10"/>
      </parental_rating_descriptor>
    </event>
  </EIT>
  <EIT type="pf" version="6" current="true" actual="false" service_id="0x2073" transport_stream_id="0x0432" original_network_id="0x0001" last_table_id="0x4F">
    <metadata PID="18" first_ts_packet="5,957" last_ts_packet="64,201"/>
    <event event_id="0x2D7A" start_time="2017-08-23 07:00:00" duration="12:00:00" running_status="running" CA_mode="true">
      <short_event_descriptor language_code="fre">
        <event_name>BEIN SPORTS, LE PLUS GRAND DES SPECTACLES</event_name>
        <text>beIN SPORTS, le plus grand des spectacles.</text>
      </short_event_descriptor>
      <extended_event_descriptor descriptor_number="0" last_descriptor_number="0" language_code="fre">
        <text>beIN SPORTS, le plus grand des spectacles.</text>
      </extended_event_descriptor>
      <component_descriptor stream_content="0x01" stream_content_ext="0x0F" component_type="0x01" component_tag="0x01" language_code="fre" text=""/>
      <component_descriptor stream_content="0x02" stream_content_ext="0x0F" component_type="0x01" component_tag="0x01" language_code="fre" text=""/>
      <content_descriptor>
        <content content_nibble_level_1="7" content_nibble_level_2="0" user_byte="0x00"/>
        <content content_nibble_level_1="11" content_nibble_level_2="15" user_byte="0x00"/>
      </content_descriptor>
      <parental_rating_descriptor>
        <country country_code="FRA" rating="0x10"/>
      </parental_rating_descriptor>
    </event>
    <event event_id="0x2D7B" start_time="2017-08-23 19:00:00" duration="06:00:00" running_status="not-running" CA_mode="true">
      <short_event_descriptor language_code="fre">
        <event_name>BEIN SPORTS, LE PLUS GRAND DES SPECTACLES</event_name>
        <text>beIN SPORTS, le plus grand des spectacles.</text>
      </short_event_descriptor>
      <extended_event_descriptor descriptor_number="0" last_descriptor_number="0" language_code="fre">
        <text>beIN SPORTS, le plus grand des spectacles.</text>
      </extended_event_descriptor>
      <component_descriptor stream_content="0x01" stream_content_ext="0x0F" component_type="0x01" component_tag="0x01" language_code="fre" text=""/>
      <component_descriptor stream_content="0x02" stream_content_ext="0x0F" component_type="0x01" component_tag="0x01" language_code="fre" text=""/>
      <content_descriptor>
        <content content_nibble_level_1="7" content_nibble_level_2="0" user_byte="0x00"/>
        <content content_nibble_level_1="11" content_nibble_level_2="15" user_byte="0x00"/>
      </content_descriptor>
      <parental_rating_descriptor>
        <country country_code="FRA" rating="0x10"/>
      </parental_rating_descriptor>
    </event>
  </EIT>
  <EIT type="pf" version="27" current="true" actual="false" service_id="0x2081" transport_stream_id="0x0432" original_network_id="0x0001" last_table_id="0x4F">
    <metadata PID="18" first_ts_packet="6,078" last_ts_packet="64,669"/>
    <event event_id="0x320D" start_time="2017-08-23 11:35:00" duration="02:00:00" running_status="running" CA_mode="false">
      <short_event_descriptor language_code="fre">
        <event_name>COUP DE FOUDRE A NOTTING HILL</event_name>
        <text>Coup de foudre Ω Notting Hill RØalisØ par R. Michell en 1999. Avec Julia Roberts, Hugh Grant. ComØdie sentimentale britannico-amØricaine.</text>
      </short_event_descriptor>
      <extended_event_descriptor descriptor_number="0" last_descriptor_number="1" language_code="fre">
        <text>Coup de foudre Ω Notting Hill RØalisØ par R. Michell en 1999. Avec Julia Roberts, Hugh Grant. ComØdie sentimentale britannico-amØricaine. La rencontre Ølectrique d'un petit libraire londonien et d'une grande st</text>
        <item>
          <description>AnnØe</description>
          <name>1999</name>
        </item>
        <item>
          <description>RØalisateur</description>
          <name>Roger Michell</name>
        </item>
      </extended_event_descriptor>
      <extended_event_descriptor descriptor_number="1" last_descriptor_number="1" language_code="fre">
        <text>ar hollywoodienne donne lieu Ω une romance aussi inattendue que mouvementØe.</text>
      </extended_event_descriptor>
      <component_descriptor stream_content="0x01" stream_content_ext="0x0F" component_type="0x01" component_tag="0x01" language_code="fre" text=""/>
      <component_descriptor stream_content="0x02" stream_content_ext="0x0F" component_type="0x01" component_tag="0x01" language_code="fre" text=""/>
      <component_descriptor stream_content="0x02" stream_content_ext="0x0F" component_type="0x01" component_tag="0x01" language_code="eng" text=""/>
      <component_descriptor stream_content="0x03" stream_content_ext="0x0F" component_type="0x21" component_tag="0x01" language_code="fre" text=""/>
      <content_descriptor>
        <content content_nibble_level_1="1" content_nibble_level_2="4" user_byte="0x00"/>
        <content content_nibble_level_1="11" content_nibble_level_2="15" user_byte="0x01"/>
        <content content_nibble_level_1="11" content_nibble_level_2="15" user_byte="0x11"/>
      </content_descriptor>
      <parental_rating_descriptor>
        <country country_code="FRA" rating="0x10"/>
      </parental_rating_descriptor>
      <private_data_specifier_descriptor private_data_specifier="CanalPlus"/>
      <generic_descriptor tag="0xE0">
        E2 8A 11 35 00 20 81 04 32 00 01 06 14 00 BF 01
        BF 11 06 F3 21 F2 01 F1 01
      </generic_descriptor>
    </event>
    <event event_id="0x320E" start_time="2017-08-23 13:35:00" duration="00:55:00" running_status="not-running" CA_mode="false">
      <short_event_descriptor language_code="fre">
        <event_name>MAXIMILIEN D'AUTRICHE</event_name>
        <text>Documentaire autrichien rØalisØ par Manfred Corrine en 2017. "Amour et pouvoir Ω la Renaissance".</text>
      </short_event_descriptor>
      <extended_event_descriptor descriptor_number="0" last_descriptor_number="1" language_code="fre">
        <text>Documentaire autrichien rØalisØ par Manfred Corrine en 2017. "Amour et pouvoir Ω la Renaissance". Portrait de l'empereur Maximilien Ier, surnommØ «le dernier chevalier», qu</text>
        <item>
          <description>AnnØe</description>
          <name>2017</name>
        </item>
        <item>
          <description>TDE</description>
          <name>Amour et pouvoir Ω la Renaissance</name>
        </item>
        <item>
          <description>RØalisateur</description>
          <name>Manfred Corrine</name>
        </item>
      </extended_event_descriptor>
      <extended_event_descriptor descriptor_number="1" last_descriptor_number="1" language_code="fre">
        <text>i a oeuvrØ toute sa vie pour renforcer l'hØgØmonie des Habsbourg sur l'Europe.</text>
      </extended_event_descriptor>
      <component_descriptor stream_content="0x01" stream_content_ext="0x0F" component_type="0x01" component_tag="0x01" language_code="fre" text=""/>
      <component_descriptor stream_content="0x02" stream_content_ext="0x0F" component_type="0x01" component_tag="0x01" language_code="fre" text=""/>
      <content_descriptor>
        <content content_nibble_level_1="4" content_nibble_level_2="0" user_byte="0x00"/>
        <content content_nibble_level_1="11" content_nibble_level_2="15" user_byte="0x00"/>
      </content_descriptor>
      <parental_rating_descriptor>
        <country country_code="FRA" rating="0x10"/>
      </parental_rating_descriptor>
    </event>
  </EIT>
  <EIT type="pf" version="20" current="true" actual="false" service_id="0x24BB" transport_stream_id="0x043C" original_network_id="0x0001" last_table_id="0x4F">
    <metadata PID="18" first_ts_packet="6,538" last_ts_packet="64,803"/>
    <event event_id="0x5926" start_time="2017-08-23 03:00:00" duration="19:01:00" running_status="running" CA_mode="true">
      <short_event_descriptor language_code="fre">
        <event_name>FIN DES PROGRAMMES</event_name>
        <text>(-18)  Information non disponible.</text>
      </short_event_descriptor>
      <extended_event_descriptor descriptor_number="0" last_descriptor_number="0" language_code="fre">
        <text>(-18)  Information non disponible.</text>
      </extended_event_descriptor>
      <component_descriptor stream_content="0x01" stream_content_ext="0x0F" component_type="0x01" component_tag="0x01" language_code="fre" text=""/>
      <component_descriptor stream_content="0x02" stream_content_ext="0x0F" component_type="0x01" component_tag="0x01" language_code="fre" text=""/>
      <content_descriptor>
        <content content_nibble_level_1="7" content_nibble_level_2="0" user_byte="0x00"/>
        <content content_nibble_level_1="11" content_nibble_level_2="15" user_byte="0x00"/>
      </content_descriptor>
      <parental_rating_descriptor>
        <country country_code="FRA" rating="0x14"/>
      </parental_rating_descriptor>
    </event>
    <event event_id="0x5927" start_time="2017-08-23 22:01:00" duration="00:03:00" running_status="not-running" CA_mode="true">
      <short_event_descriptor language_code="fre">
        <event_name>SEXO TIPS : LA MINUTE DU DOCTEUR #18</event_name>
        <text>(-18)  Information non disponible.</text>
      </short_event_descriptor>
      <extended_event_descriptor descriptor_number="0" last_descriptor_number="0" language_code="fre">
        <text>(-18)  Information non disponible.</text>
      </extended_event_descriptor>
      <component_descriptor stream_content="0x01" stream_content_ext="0x0F" component_type="0x01" component_tag="0x01" language_code="fre" text=""/>
      <component_descriptor stream_content="0x02" stream_content_ext="0x0F" component_type="0x03" component_tag="0x01" language_code="fre" text=""/>
      <content_descriptor>
        <content content_nibble_level_1="1" content_nibble_level_2="13" user_byte="0x00"/>
        <content content_nibble_level_1="11" content_nibble_level_2="15" user_byte="0x00"/>
      </content_descriptor>
      <parental_rating_descriptor>
        <country country_code="FRA" rating="0x14"/>
      </parental_rating_descriptor>
    </event>
  </EIT>
  <EIT type="pf" version="23" current="true" actual="false" service_id="0x26C1" transport_stream_id="0x043E" original_network_id="0x0001" last_table_id="0x4F">
    <metadata PID="18" first_ts_packet="6,690" last_ts_packet="64,943"/>
    <event event_id="0x48AB" start_time="2017-08-23 10:00:00" duration="03:00:00" running_status="running" CA_mode="true">
      <short_event_descriptor language_code="fre">
        <event_name>MATCH A VENIR</event_name>
        <text>Information non disponible.</text>
      </short_event_descriptor>
      <extended_event_descriptor descriptor_number="0" last_descriptor_number="0" language_code="fre">
        <text>Information non disponible.</text>
      </extended_event_descriptor>
      <component_descriptor stream_content="0x01" stream_content_ext="0x0F" component_type="0x01" component_tag="0x01" language_code="fre" text=""/>
      <component_descriptor stream_content="0x02" stream_content_ext="0x0F" component_type="0x01" component_tag="0x01" language_code="fre" text=""/>
      <content_descriptor>
        <content content_nibble_level_1="7" content_nibble_level_2="0" user_byte="0x00"/>
        <content content_nibble_level_1="11" content_nibble_level_2="15" user_byte="0x00"/>
      </content_descriptor>
      <parental_rating_descriptor>
        <country country_code="FRA" rating="0x10"/>
      </parental_rating_descriptor>
    </event>
    <event event_id="0x48AC" start_time="2017-08-23 13:00:00" duration="03:00:00" running_status="not-running" CA_mode="true">
      <short_event_descriptor language_code="fre">
        <event_name>MATCH A VENIR</event_name>
        <text>Information non disponible.</text>
      </short_event_descriptor>
      <extended_event_descriptor descriptor_number="0" last_descriptor_number="0" language_code="fre">
        <text>Information non disponible.</text>
      </extended_event_descriptor>
      <component_descriptor stream_content="0x01" stream_content_ext="0x0F" component_type="0x01" component_tag="0x01" language_code="fre" text=""/>
      <component_descriptor stream_content="0x02" stream_content_ext="0x0F" component_type="0x01" component_tag="0x01" language_code="fre" text=""/>
      <content_descriptor>
        <content content_nibble_level_1="7" content_nibble_level_2="0" user_byte="0x00"/>
        <content content_nibble_level_1="11" content_nibble_level_2="15" user_byte="0x00"/>
      </content_descriptor>
      <parental_rating_descriptor>
        <country country_code="FRA" rating="0x10"/>
      </parental_rating_descriptor>
    </event>
  </EIT>
  <EIT type="pf" version="14" current="true" actual="false" service_id="0x24C4" transport_stream_id="0x043C" original_network_id="0x0001" last_table_id="0x4F">
    <metadata PID="18" first_ts_packet="6,940" last_ts_packet="65,395"/>
    <event event_id="0xBF9B" start_time="2017-08-23 11:50:00" duration="00:10:00" running_status="running" CA_mode="true">
      <short_event_descriptor language_code="fre">
        <event_name>LES CRUMPETS</event_name>
        <text>SØrie d'animation franĿaise. Saison 1. (4/52). "La mort m'a tuer".</text>
      </short_event_descriptor>
      <extended_event_descriptor descriptor_number="0" last_descriptor_number="1" language_code="fre">
        <text>SØrie d'animation franĿaise. Saison 1. (4/52). "La mort m'a tuer". Tandis que Grand-Ma tente de faire du buzz sur la toile grĐce Ω des vidØo-gags truquØs de « bØbØ P'tit Der », RosØnoir dØcouvre malgrØ elle le</text>
        <item>
          <description>NationalitØ</description>
          <name>France</name>
        </item>
        <item>
          <description>TDE</description>
          <name>La mort m'a tuer</name>
        </item>
      </extended_event_descriptor>
      <extended_event_descriptor descriptor_number="1" last_descriptor_number="1" language_code="fre">
        <text> filon qui « like Ω mort » : le suicide loupØ.</text>
      </extended_event_descriptor>
      <component_descriptor stream_content="0x01" stream_content_ext="0x0F" component_type="0x01" component_tag="0x01" language_code="fre" text=""/>
      <component_descriptor stream_content="0x02" stream_content_ext="0x0F" component_type="0x03" component_tag="0x01" language_code="fre" text=""/>
      <component_descriptor stream_content="0x03" stream_content_ext="0x0F" component_type="0x21" component_tag="0x01" language_code="fre" text=""/>
      <content_descriptor>
        <content content_nibble_level_1="3" content_nibble_level_2="5" user_byte="0x00"/>
        <content content_nibble_level_1="11" content_nibble_level_2="15" user_byte="0x00"/>
        <content content_nibble_level_1="11" content_nibble_level_2="15" user_byte="0x11"/>
      </content_descriptor>
      <parental_rating_descriptor>
        <country country_code="FRA" rating="0x10"/>
      </parental_rating_descriptor>
    </event>
    <event event_id="0xBF9C" start_time="2017-08-23 12:00:00" duration="00:10:00" running_status="not-running" CA_mode="true">
      <short_event_descriptor language_code="fre">
        <event_name>LES CRUMPETS</event_name>
        <text>SØrie d'animation franĿaise. Saison 2. (n°24). "Supernawak".</text>
      </short_event_descriptor>
      <extended_event_descriptor descriptor_number="0" last_descriptor_number="0" language_code="fre">
        <text>SØrie d'animation franĿaise. Saison 2. (n°24). "Supernawak". Les jumeaux font croire Ω Oulala, le plus maladroit des Crumpets, qu'il vient d'hØriter d'un super-pouvoir : le Grand Porte Nawak.</text>
        <item>
          <description>NationalitØ</description>
          <name>France</name>
        </item>
        <item>
          <description>TDE</description>
          <name>Supernawak</name>
        </item>
      </extended_event_descriptor>
      <component_descriptor stream_content="0x01" stream_content_ext="0x0F" component_type="0x01" component_tag="0x01" language_code="fre" text=""/>
      <component_descriptor stream_content="0x02" stream_content_ext="0x0F" component_type="0x03" component_tag="0x01" language_code="fre" text=""/>
      <component_descriptor stream_content="0x03" stream_content_ext="0x0F" component_type="0x21" component_tag="0x01" language_code="fre" text=""/>
      <content_descriptor>
        <content content_nibble_level_1="3" content_nibble_level_2="5" user_byte="0x00"/>
        <content content_nibble_level_1="11" content_nibble_level_2="15" user_byte="0x00"/>
        <content content_nibble_level_1="11" content_nibble_level_2="15" user_byte="0x11"/>
      </content_descriptor>
      <parental_rating_descriptor>
        <country country_code="FRA" rating="0x10"/>
      </parental_rating_descriptor>
      <private_data_specifier_descriptor private_data_specifier="CanalPlus"/>
      <generic_descriptor tag="0xE0">
        E2 88 08 10 00 24 C4 04 3C 00 01 06 35 00 BF 00
        BF 11 06 F3 21 F2 03 F1 01
      </generic_descriptor>
    </event>
  </EIT>
  <EIT type="pf" version="4" current="true" actual="false" service_id="0x19D0" transport_stream_id="0x0444" original_network_id="0x0001" last_table_id="0x4F">
    <metadata PID="18" first_ts_packet="7,217" last_ts_packet="65,497"/>
    <event event_id="0x0403" start_time="2017-08-23 03:00:00" duration="19:00:00" running_status="running" CA_mode="true">
      <short_event_descriptor language_code="fre">
        <event_name>INTERRUPTION DES PROGRAMMES</event_name>
        <text>(-18)  Information non disponible.</text>
      </short_event_descriptor>
      <extended_event_descriptor descriptor_number="0" last_descriptor_number="0" language_code="fre">
        <text>(-18)  Information non disponible.</text>
      </extended_event_descriptor>
      <component_descriptor stream_content="0x01" stream_content_ext="0x0F" component_type="0x01" component_tag="0x01" language_code="fre" text=""/>
      <component_descriptor stream_content="0x02" stream_content_ext="0x0F" component_type="0x01" component_tag="0x01" language_code="fre" text=""/>
      <content_descriptor>
        <content content_nibble_level_1="7" content_nibble_level_2="0" user_byte="0x00"/>
        <content content_nibble_level_1="11" content_nibble_level_2="15" user_byte="0x00"/>
      </content_descriptor>
      <parental_rating_descriptor>
        <country country_code="FRA" rating="0x14"/>
      </parental_rating_descriptor>
    </event>
    <event event_id="0x0404" start_time="2017-08-23 22:00:00" duration="01:32:00" running_status="not-running" CA_mode="true">
      <short_event_descriptor language_code="fre">
        <event_name>HONEYPOT 3D</event_name>
        <text>DIFFUSE EN HD. (-18)  Information non disponible.</text>
      </short_event_descriptor>
      <extended_event_descriptor descriptor_number="0" last_descriptor_number="0" language_code="fre">
        <text>DIFFUSE EN HD. (-18)  Information non disponible.</text>
        <item>
          <description>AnnØe</description>
          <name>2016</name>
        </item>
      </extended_event_descriptor>
      <component_descriptor stream_content="0x01" stream_content_ext="0x0F" component_type="0x0B" component_tag="0x01" language_code="fre" text=""/>
      <component_descriptor stream_content="0x02" stream_content_ext="0x0F" component_type="0x03" component_tag="0x01" language_code="fre" text=""/>
      <content_descriptor>
        <content content_nibble_level_1="1" content_nibble_level_2="13" user_byte="0x00"/>
        <content content_nibble_level_1="11" content_nibble_level_2="15" user_byte="0x00"/>
        <content content_nibble_level_1="11" content_nibble_level_2="15" user_byte="0x30"/>
      </content_descriptor>
      <parental_rating_descriptor>
        <country country_code="FRA" rating="0x14"/>
      </parental_rating_descriptor>
    </event>
  </EIT>
  <EIT type="pf" version="20" current="true" actual="false" service_id="0x19DD" transport_stream_id="0x0444" original_network_id="0x0001" last_table_id="0x4F">
    <metadata PID="18" first_ts_packet="7,330" last_ts_packet="65,615"/>
    <event event_id="0x4783" start_time="2017-08-23 10:00:00" duration="03:00:00" running_status="running" CA_mode="true">
      <short_event_descriptor language_code="fre">
        <event_name>MATCH A VENIR</event_name>
        <text>Information non disponible.</text>
      </short_event_descriptor>
      <extended_event_descriptor descriptor_number="0" last_descriptor_number="0" language_code="fre">
        <text>Information non disponible.</text>
      </extended_event_descriptor>
      <component_descriptor stream_content="0x01" stream_content_ext="0x0F" component_type="0x01" component_tag="0x01" language_code="fre" text=""/>
      <component_descriptor stream_content="0x02" stream_content_ext="0x0F" component_type="0x01" component_tag="0x01" language_code="fre" text=""/>
      <content_descriptor>
        <content content_nibble_level_1="7" content_nibble_level_2="0" user_byte="0x00"/>
        <content content_nibble_level_1="11" content_nibble_level_2="15" user_byte="0x00"/>
      </content_descriptor>
      <parental_rating_descriptor>
        <country country_code="FRA" rating="0x10"/>
      </parental_rating_descriptor>
    </event>
    <event event_id="0x4784" start_time="2017-08-23 13:00:00" duration="03:00:00" running_status="not-running" CA_mode="true">
      <short_event_descriptor language_code="fre">
        <event_name>MATCH A VENIR</event_name>
        <text>Information non disponible.</text>
      </short_event_descriptor>
      <extended_event_descriptor descriptor_number="0" last_descriptor_number="0" language_code="fre">
        <text>Information non disponible.</text>
      </extended_event_descriptor>
      <component_descriptor stream_content="0x01" stream_content_ext="0x0F" component_type="0x01" component_tag="0x01" language_code="fre" text=""/>
      <component_descriptor stream_content="0x02" stream_content_ext="0x0F" component_type="0x01" component_tag="0x01" language_code="fre" text=""/>
      <content_descriptor>
        <content content_nibble_level_1="7" content_nibble_level_2="0" user_byte="0x00"/>
        <content content_nibble_level_1="11" content_nibble_level_2="15" user_byte="0x00"/>
      </content_descriptor>
      <parental_rating_descriptor>
        <country country_code="FRA" rating="0x10"/>
      </parental_rating_descriptor>
    </event>
  </EIT>
  <EIT type="pf" version="23" current="true" actual="false" service_id="0x21FE" transport_stream_id="0x044C" original_network_id="0x0001" last_table_id="0x4F">
    <metadata PID="18" first_ts_packet="7,539" last_ts_packet="65,946"/>
    <event event_id="0x325A" start_time="2017-08-23 11:45:00" duration="01:25:00" running_status="running" CA_mode="false">
      <short_event_descriptor language_code="fre">
        <event_name>CONFESSIONS INTIMES</event_name>
        <text>PrØsentØ par Christophe Beaugrand.</text>
      </short_event_descriptor>
      <extended_event_descriptor descriptor_number="0" last_descriptor_number="0" language_code="fre">
        <text>PrØsentØ par Christophe Beaugrand. Christophe Beaugrand revient sur les reportages marquants de «Confessions intimes», les sØquences inoubliables de l'Ømission, ainsi que sur ses personnages extravagants.</text>
        <item>
          <description>PrØsentateur</description>
          <name>Christophe Beaugrand</name>
        </item>
      </extended_event_descriptor>
      <component_descriptor stream_content="0x01" stream_content_ext="0x0F" component_type="0x01" component_tag="0x01" language_code="fre" text=""/>
      <component_descriptor stream_content="0x02" stream_content_ext="0x0F" component_type="0x01" component_tag="0x01" language_code="fre" text=""/>
      <component_descriptor stream_content="0x03" stream_content_ext="0x0F" component_type="0x21" component_tag="0x01" language_code="fre" text=""/>
      <content_descriptor>
        <content content_nibble_level_1="4" content_nibble_level_2="0" user_byte="0x00"/>
        <content content_nibble_level_1="11" content_nibble_level_2="15" user_byte="0x00"/>
        <content content_nibble_level_1="11" content_nibble_level_2="15" user_byte="0x11"/>
      </content_descriptor>
      <parental_rating_descriptor>
        <country country_code="FRA" rating="0x10"/>
      </parental_rating_descriptor>
    </event>
    <event event_id="0x325B" start_time="2017-08-23 13:10:00" duration="01:35:00" running_status="not-running" CA_mode="false">
      <short_event_descriptor language_code="fre">
        <event_name>CONFESSIONS INTIMES</event_name>
        <text>PrØsentØ par Christophe Beaugrand.</text>
      </short_event_descriptor>
      <extended_event_descriptor descriptor_number="0" last_descriptor_number="1" language_code="fre">
        <text>PrØsentØ par Christophe Beaugrand. Au sommaire : Je suis amoureuse de mon idole. A 48 ans, Pascale voue un culte au chanteur Claude Barzotti. - Je veux me libØrer de mes complexes. - Je vis sous la haute surveillanc</text>
        <item>
          <description>PrØsentateur</description>
          <name>Christophe Beaugrand</name>
        </item>
      </extended_event_descriptor>
      <extended_event_descriptor descriptor_number="1" last_descriptor_number="1" language_code="fre">
        <text>e de mon homme.</text>
      </extended_event_descriptor>
      <component_descriptor stream_content="0x01" stream_content_ext="0x0F" component_type="0x01" component_tag="0x01" language_code="fre" text=""/>
      <component_descriptor stream_content="0x02" stream_content_ext="0x0F" component_type="0x01" component_tag="0x01" language_code="fre" text=""/>
      <component_descriptor stream_content="0x03" stream_content_ext="0x0F" component_type="0x21" component_tag="0x01" language_code="fre" text=""/>
      <content_descriptor>
        <content content_nibble_level_1="4" content_nibble_level_2="0" user_byte="0x00"/>
        <content content_nibble_level_1="11" content_nibble_level_2="15" user_byte="0x00"/>
        <content content_nibble_level_1="11" content_nibble_level_2="15" user_byte="0x11"/>
      </content_descriptor>
      <parental_rating_descriptor>
        <country country_code="FRA" rating="0x10"/>
      </parental_rating_descriptor>
    </event>
  </EIT>
  <EIT type="pf" version="27" current="true" actual="false" service_id="0x251D" transport_stream_id="0x045E" original_network_id="0x0001" last_table_id="0x4F">
    <metadata PID="18" first_ts_packet="8,773" last_ts_packet="67,176"/>
    <event event_id="0xE609" start_time="2017-08-23 11:29:00" duration="02:03:00" running_status="running" CA_mode="true">
      <short_event_descriptor language_code="fre">
        <event_name>POLICE PYTHON 357</event_name>
        <text>DIFFUSE EN HD.  Information non disponible.</text>
      </short_event_descriptor>
      <extended_event_descriptor descriptor_number="0" last_descriptor_number="0" language_code="fre">
        <text>DIFFUSE EN HD.  Information non disponible.</text>
      </extended_event_descriptor>
      <component_descriptor stream_content="0x01" stream_content_ext="0x0F" component_type="0x0B" component_tag="0x01" language_code="fre" text=""/>
      <component_descriptor stream_content="0x02" stream_content_ext="0x0F" component_type="0x03" component_tag="0x01" language_code="fre" text=""/>
      <content_descriptor>
        <content content_nibble_level_1="1" content_nibble_level_2="0" user_byte="0x00"/>
        <content content_nibble_level_1="11" content_nibble_level_2="15" user_byte="0x00"/>
        <content content_nibble_level_1="11" content_nibble_level_2="15" user_byte="0x30"/>
      </content_descriptor>
      <parental_rating_descriptor>
        <country country_code="FRA" rating="0x10"/>
      </parental_rating_descriptor>
    </event>
    <event event_id="0x74F8" start_time="2017-08-23 13:32:00" duration="01:44:00" running_status="not-running" CA_mode="true">
      <short_event_descriptor language_code="fre">
        <event_name>LE BON PLAISIR</event_name>
        <text>DIFFUSE EN HD.  RØalisØ par Francis Girod en 1984. Avec Catherine Deneuve, Jean-Louis Trintignant, Michel Serrault. ComØdie dramatique franĿaise.</text>
      </short_event_descriptor>
      <extended_event_descriptor descriptor_number="0" last_descriptor_number="1" language_code="fre">
        <text>DIFFUSE EN HD.  RØalisØ par Francis Girod en 1984. Avec Catherine Deneuve, Jean-Louis Trintignant, Michel Serrault. ComØdie dramatique franĿaise. Le prØsident de la RØpublique craint d'Œtre compromis par une miss</text>
        <item>
          <description>AnnØe</description>
          <name>1984</name>
        </item>
        <item>
          <description>RØalisateur</description>
          <name>Francis Girod</name>
        </item>
      </extended_event_descriptor>
      <extended_event_descriptor descriptor_number="1" last_descriptor_number="1" language_code="fre">
        <text>ive signØe de sa main, dØrobØe par un jeune homme avec le sac d'une passante.</text>
      </extended_event_descriptor>
      <component_descriptor stream_content="0x01" stream_content_ext="0x0F" component_type="0x0B" component_tag="0x01" language_code="fre" text=""/>
      <component_descriptor stream_content="0x02" stream_content_ext="0x0F" component_type="0x03" component_tag="0x01" language_code="fre" text=""/>
      <content_descriptor>
        <content content_nibble_level_1="1" content_nibble_level_2="0" user_byte="0x00"/>
        <content content_nibble_level_1="11" content_nibble_level_2="15" user_byte="0x00"/>
        <content content_nibble_level_1="11" content_nibble_level_2="15" user_byte="0x30"/>
      </content_descriptor>
      <parental_rating_descriptor>
        <country country_code="FRA" rating="0x10"/>
      </parental_rating_descriptor>
      <private_data_specifier_descriptor private_data_specifier="CanalPlus"/>
      <generic_descriptor tag="0xE0">
        E2 8B 09 35 00 25 1D 04 5E 00 01 06 10 00 BF 00
        BF 30 04 F2 03 F1 0B
      </generic_descriptor>
      <generic_descriptor tag="0xE0">
        E2 8E 02 20 00 25 1D 04 5E 00 01 06 10 00 BF 00
        BF 30 04 F2 03 F1 0B
      </generic_descriptor>
    </event>
  </EIT>
  <EIT type="pf" version="5" current="true" actual="false" service_id="0x232F" transport_stream_id="0x0442" original_network_id="0x0001" last_table_id="0x4F">
    <metadata PID="18" first_ts_packet="8,943" last_ts_packet="67,486"/>
    <event event_id="0x3419" start_time="2017-08-23 11:54:00" duration="00:04:00" running_status="running" CA_mode="true">
      <short_event_descriptor language_code="fre">
        <event_name>A TABLE LES ENFANTS</event_name>
        <text>Saison 2. "Le flageolet".</text>
      </short_event_descriptor>
      <extended_event_descriptor descriptor_number="0" last_descriptor_number="0" language_code="fre">
        <text>Saison 2. "Le flageolet". Les fruits et lØgumes prennent la parole en racontant leur vie aux enfants.</text>
        <item>
          <description>NationalitØ</description>
          <name>France</name>
        </item>
      </extended_event_descriptor>
      <component_descriptor stream_content="0x01" stream_content_ext="0x0F" component_type="0x01" component_tag="0x01" language_code="fre" text=""/>
      <component_descriptor stream_content="0x02" stream_content_ext="0x0F" component_type="0x05" component_tag="0x01" language_code="fre" text=""/>
      <content_descriptor>
        <content content_nibble_level_1="3" content_nibble_level_2="1" user_byte="0x00"/>
        <content content_nibble_level_1="11" content_nibble_level_2="15" user_byte="0x00"/>
      </content_descriptor>
      <parental_rating_descriptor>
        <country country_code="FRA" rating="0x10"/>
      </parental_rating_descriptor>
    </event>
    <event event_id="0x341A" start_time="2017-08-23 11:58:00" duration="00:03:00" running_status="not-running" CA_mode="true">
      <short_event_descriptor language_code="fre">
        <event_name>LES ARTS MARTIAUX DES MINI-NINJAS</event_name>
        <text>Les arts martiaux des mini-ninjas SØrie d'animation franĿais. Saison 1. (n°11). "L'hapkido".</text>
      </short_event_descriptor>
      <extended_event_descriptor descriptor_number="0" last_descriptor_number="0" language_code="fre">
        <text>Les arts martiaux des mini-ninjas SØrie d'animation franĿais. Saison 1. (n°11). "L'hapkido". Le maŊtre raconte l'origine et les rŁgles de l'hapkido.</text>
        <item>
          <description>NationalitØ</description>
          <name>France</name>
        </item>
        <item>
          <description>TDE</description>
          <name>L'hapkido</name>
        </item>
      </extended_event_descriptor>
      <component_descriptor stream_content="0x01" stream_content_ext="0x0F" component_type="0x01" component_tag="0x01" language_code="fre" text=""/>
      <component_descriptor stream_content="0x02" stream_content_ext="0x0F" component_type="0x03" component_tag="0x01" language_code="fre" text=""/>
      <content_descriptor>
        <content content_nibble_level_1="3" content_nibble_level_2="5" user_byte="0x00"/>
        <content content_nibble_level_1="11" content_nibble_level_2="15" user_byte="0x00"/>
      </content_descriptor>
      <parental_rating_descriptor>
        <country country_code="FRA" rating="0x10"/>
      </parental_rating_descriptor>
    </event>
  </EIT>
  <EIT type="pf" version="10" current="true" actual="false" service_id="0x1F44" transport_stream_id="0x042E" original_network_id="0x0001" last_table_id="0x4F">
    <metadata PID="18" first_ts_packet="9,070" last_ts_packet="67,750"/>
    <event event_id="0x8F7D" start_time="2017-08-23 11:15:00" duration="00:45:00" running_status="running" CA_mode="true">
      <short_event_descriptor language_code="fre">
        <event_name>17 ANS ET MAMAN</event_name>
        <text>SØrie de tØlØrØalitØ amØricaine. Saison 6. (n°5). "Bonjour, au revoir".</text>
      </short_event_descriptor>
      <extended_event_descriptor descriptor_number="0" last_descriptor_number="1" language_code="fre">
        <text>SØrie de tØlØrØalitØ amØricaine. Saison 6. (n°5). "Bonjour, au revoir". Catelynn part dans un centre pour soigner sa dØpression. Maci et Taylor achŁtent une plus grande maison. Matt organise une fŒte d'</text>
        <item>
          <description>NationalitØ</description>
          <name>Etats-Unis</name>
        </item>
        <item>
          <description>TDE</description>
          <name>Bonjour, au revoir</name>
        </item>
      </extended_event_descriptor>
      <extended_event_descriptor descriptor_number="1" last_descriptor_number="1" language_code="fre">
        <text>anniversaire surprise pour Amber.</text>
      </extended_event_descriptor>
      <component_descriptor stream_content="0x01" stream_content_ext="0x0F" component_type="0x01" component_tag="0x01" language_code="fre" text=""/>
      <component_descriptor stream_content="0x02" stream_content_ext="0x0F" component_type="0x03" component_tag="0x01" language_code="fre" text=""/>
      <content_descriptor>
        <content content_nibble_level_1="7" content_nibble_level_2="0" user_byte="0x00"/>
        <content content_nibble_level_1="11" content_nibble_level_2="15" user_byte="0x00"/>
      </content_descriptor>
      <parental_rating_descriptor>
        <country country_code="FRA" rating="0x10"/>
      </parental_rating_descriptor>
      <private_data_specifier_descriptor private_data_specifier="CanalPlus"/>
      <generic_descriptor tag="0xE0">
        E2 85 08 00 00 1F 44 04 2E 00 01 04 70 00 BF 00
        04 F2 03 F1 01
      </generic_descriptor>
    </event>
    <event event_id="0x8F7E" start_time="2017-08-23 12:00:00" duration="00:20:00" running_status="not-running" CA_mode="true">
      <short_event_descriptor language_code="fre">
        <event_name>RENCARD D'ENFER</event_name>
        <text>TØlØrØalitØ. "Episode 20".</text>
      </short_event_descriptor>
      <extended_event_descriptor descriptor_number="0" last_descriptor_number="0" language_code="fre">
        <text>TØlØrØalitØ. "Episode 20". Un jeune homme se fait piØger en plein rencard par son meilleur ami, qui doit tout faire pour gĐcher son rendez-vous.</text>
      </extended_event_descriptor>
      <component_descriptor stream_content="0x01" stream_content_ext="0x0F" component_type="0x01" component_tag="0x01" language_code="fre" text=""/>
      <component_descriptor stream_content="0x02" stream_content_ext="0x0F" component_type="0x03" component_tag="0x01" language_code="fre" text=""/>
      <content_descriptor>
        <content content_nibble_level_1="7" content_nibble_level_2="0" user_byte="0x00"/>
        <content content_nibble_level_1="11" content_nibble_level_2="15" user_byte="0x00"/>
      </content_descriptor>
      <parental_rating_descriptor>
        <country country_code="FRA" rating="0x10"/>
      </parental_rating_descriptor>
    </event>
  </EIT>
  <EIT type="pf" version="30" current="true" actual="false" service_id="0x245B" transport_stream_id="0x0440" original_network_id="0x0001" last_table_id="0x4F">
    <metadata PID="18" first_ts_packet="9,481" last_ts_packet="68,146"/>
    <event event_id="0x7294" start_time="2017-08-23 11:30:00" duration="01:40:00" running_status="running" CA_mode="true">
      <short_event_descriptor language_code="fre">
        <event_name>JE VOUS SOUHAITE D'ETRE FOLLEMENT AIMEE</event_name>
        <text>DIFFUSE EN HD.  Je vous souhaite d'Œtre follement aimØe RØalisØ par Ounie Lecomte en 2015. Avec CØline Sallette, Anne BenoŊt, E. Aguis. Drame franĿais.</text>
      </short_event_descriptor>
      <extended_event_descriptor descriptor_number="0" last_descriptor_number="1" language_code="fre">
        <text>DIFFUSE EN HD.  Je vous souhaite d'Œtre follement aimØe RØalisØ par Ounie Lecomte en 2015. Avec CØline Sallette, Anne BenoŊt, E. Aguis. Drame franĿais. A Dunkerque, une kinØsithØrapeute, abandonnØe sous X, part Ω</text>
        <item>
          <description>AnnØe</description>
          <name>2015</name>
        </item>
        <item>
          <description>RØalisateur</description>
          <name>Ounie Lecomte</name>
        </item>
      </extended_event_descriptor>
      <extended_event_descriptor descriptor_number="1" last_descriptor_number="1" language_code="fre">
        <text> la recherche de sa vraie mŁre, une femme timide qu'elle va retrouver par hasard.</text>
      </extended_event_descriptor>
      <component_descriptor stream_content="0x01" stream_content_ext="0x0F" component_type="0x0B" component_tag="0x01" language_code="fre" text=""/>
      <component_descriptor stream_content="0x02" stream_content_ext="0x0F" component_type="0x04" component_tag="0x01" language_code="fre" text=""/>
      <component_descriptor stream_content="0x03" stream_content_ext="0x0F" component_type="0x22" component_tag="0x01" language_code="fre" text=""/>
      <content_descriptor>
        <content content_nibble_level_1="1" content_nibble_level_2="0" user_byte="0x00"/>
        <content content_nibble_level_1="11" content_nibble_level_2="15" user_byte="0x00"/>
        <content content_nibble_level_1="11" content_nibble_level_2="15" user_byte="0x11"/>
        <content content_nibble_level_1="11" content_nibble_level_2="15" user_byte="0x30"/>
      </content_descriptor>
      <parental_rating_descriptor>
        <country country_code="FRA" rating="0x10"/>
      </parental_rating_descriptor>
      <private_data_specifier_descriptor private_data_specifier="CanalPlus"/>
      <generic_descriptor tag="0xE0">
        E2 88 01 40 00 24 5B 04 40 00 01 08 10 00 BF 00
        BF 11 BF 30 06 F3 22 F2 04 F1 0B
      </generic_descriptor>
      <generic_descriptor tag="0xE0">
        E2 8C 13 25 00 24 5B 04 40 00 01 08 10 00 BF 00
        BF 11 BF 30 06 F3 22 F2 04 F1 0B
      </generic_descriptor>
    </event>
    <event event_id="0x7295" start_time="2017-08-23 13:10:00" duration="01:35:00" running_status="not-running" CA_mode="true">
      <short_event_descriptor language_code="fre">
        <event_name>ANNA OZ</event_name>
        <text>DIFFUSE EN HD.  RØalisØ par Eric Rochant en 1996. Avec Charlotte Gainsbourg, GØrard Lanvin, Sami Bouajila. ComØdie dramatique franĿaise.</text>
      </short_event_descriptor>
      <extended_event_descriptor descriptor_number="0" last_descriptor_number="1" language_code="fre">
        <text>DIFFUSE EN HD.  RØalisØ par Eric Rochant en 1996. Avec Charlotte Gainsbourg, GØrard Lanvin, Sami Bouajila. ComØdie dramatique franĿaise. Une femme est poursuivie toutes les nuits par un rŒve obsØdant. Elle rØalise</text>
        <item>
          <description>AnnØe</description>
          <name>1996</name>
        </item>
        <item>
          <description>RØalisateur</description>
          <name>Eric Rochant</name>
        </item>
      </extended_event_descriptor>
      <extended_event_descriptor descriptor_number="1" last_descriptor_number="1" language_code="fre">
        <text> bientħt que le double de son rŒve tente de la supprimer.</text>
      </extended_event_descriptor>
      <component_descriptor stream_content="0x01" stream_content_ext="0x0F" component_type="0x0B" component_tag="0x01" language_code="fre" text=""/>
      <component_descriptor stream_content="0x02" stream_content_ext="0x0F" component_type="0x03" component_tag="0x01" language_code="fre" text=""/>
      <content_descriptor>
        <content content_nibble_level_1="1" content_nibble_level_2="0" user_byte="0x00"/>
        <content content_nibble_level_1="11" content_nibble_level_2="15" user_byte="0x00"/>
        <content content_nibble_level_1="11" content_nibble_level_2="15" user_byte="0x30"/>
      </content_descriptor>
      <parental_rating_descriptor>
        <country country_code="FRA" rating="0x10"/>
      </parental_rating_descriptor>
      <private_data_specifier_descriptor private_data_specifier="CanalPlus"/>
      <generic_descriptor tag="0xE0">
        E2 89 04 55 00 24 5B 04 40 00 01 06 10 00 BF 00
        BF 30 04 F2 03 F1 0B
      </generic_descriptor>
    </event>
  </EIT>
  <EIT type="pf" version="17" current="true" actual="false" service_id="0x427C" transport_stream_id="0x0446" original_network_id="0x0001" last_table_id="0x4F">
    <metadata PID="18" first_ts_packet="9,905" last_ts_packet="68,415"/>
    <event event_id="0x2439" start_time="2017-08-23 11:00:00" duration="01:00:00" running_status="running" CA_mode="true">
      <short_event_descriptor language_code="fre">
        <event_name>EUROSHOPPING</event_name>
        <text>L'Ømission propose une sØlection des meilleurs produits, de l'ØlectromØnager aux cosmØtiques.</text>
      </short_event_descriptor>
      <extended_event_descriptor descriptor_number="0" last_descriptor_number="0" language_code="fre">
        <text>L'Ømission propose une sØlection des meilleurs produits, de l'ØlectromØnager aux cosmØtiques.</text>
      </extended_event_descriptor>
      <component_descriptor stream_content="0x01" stream_content_ext="0x0F" component_type="0x01" component_tag="0x01" language_code="fre" text=""/>
      <component_descriptor stream_content="0x02" stream_content_ext="0x0F" component_type="0x01" component_tag="0x01" language_code="fre" text=""/>
      <content_descriptor>
        <content content_nibble_level_1="6" content_nibble_level_2="9" user_byte="0x00"/>
        <content content_nibble_level_1="11" content_nibble_level_2="15" user_byte="0x00"/>
      </content_descriptor>
      <parental_rating_descriptor>
        <country country_code="FRA" rating="0x10"/>
      </parental_rating_descriptor>
      <private_data_specifier_descriptor private_data_specifier="CanalPlus"/>
      <generic_descriptor tag="0xE0">
        E2 85 07 00 00 42 7C 04 46 00 01 04 69 00 BF 00
        04 F2 01 F1 01
      </generic_descriptor>
      <generic_descriptor tag="0xE0">
        E2 85 11 00 00 42 7C 04 46 00 01 04 69 00 BF 00
        04 F2 01 F1 01
      </generic_descriptor>
      <generic_descriptor tag="0xE0">
        E2 86 07 00 00 42 7C 04 46 00 01 04 69 00 BF 00
        04 F2 01 F1 01
      </generic_descriptor>
      <generic_descriptor tag="0xE0">
        E2 86 11 00 00 42 7C 04 46 00 01 04 69 00 BF 00
        04 F2 01 F1 01
      </generic_descriptor>
      <generic_descriptor tag="0xE0">
        E2 87 07 00 00 42 7C 04 46 00 01 04 69 00 BF 00
        04 F2 01 F1 01
      </generic_descriptor>
      <generic_descriptor tag="0xE0">
        E2 88 07 00 00 42 7C 04 46 00 01 04 69 00 BF 00
        04 F2 01 F1 01
      </generic_descriptor>
    </event>
    <event event_id="0x243A" start_time="2017-08-23 12:00:00" duration="01:00:00" running_status="not-running" CA_mode="true">
      <short_event_descriptor language_code="fre">
        <event_name>MONSTER GARAGE</event_name>
        <text>PrØsentØ par Jesse James. "NASCAR".</text>
      </short_event_descriptor>
      <extended_event_descriptor descriptor_number="0" last_descriptor_number="0" language_code="fre">
        <text>PrØsentØ par Jesse James. "NASCAR". Le principe : rØunir les mØcaniciens les plus incroyables, les ingØnieurs les plus extrŒmes, les plus grands innovateurs de l'automobile, dans un garage surØquipØ, et leur proposer de supers challenges.</text>
      </extended_event_descriptor>
      <component_descriptor stream_content="0x01" stream_content_ext="0x0F" component_type="0x01" component_tag="0x01" language_code="fre" text=""/>
      <component_descriptor stream_content="0x02" stream_content_ext="0x0F" component_type="0x01" component_tag="0x01" language_code="fre" text=""/>
      <content_descriptor>
        <content content_nibble_level_1="7" content_nibble_level_2="0" user_byte="0x00"/>
        <content content_nibble_level_1="11" content_nibble_level_2="15" user_byte="0x00"/>
      </content_descriptor>
      <parental_rating_descriptor>
        <country country_code="FRA" rating="0x10"/>
      </parental_rating_descriptor>
      <private_data_specifier_descriptor private_data_specifier="CanalPlus"/>
      <generic_descriptor tag="0xE0">
        E2 86 20 30 00 42 7C 04 46 00 01 04 70 00 BF 00
        04 F2 01 F1 01
      </generic_descriptor>
    </event>
  </EIT>
  <EIT type="pf" version="17" current="true" actual="false" service_id="0x26AD" transport_stream_id="0x043E" original_network_id="0x0001" last_table_id="0x4F">
    <metadata PID="18" first_ts_packet="10,368" last_ts_packet="68,554"/>
    <event event_id="0x4A19" start_time="2017-08-23 11:30:00" duration="00:30:00" running_status="running" CA_mode="true">
      <short_event_descriptor language_code="fre">
        <event_name>SKETCHBOOK : L'OEIL</event_name>
        <text>Information non disponible.</text>
      </short_event_descriptor>
      <extended_event_descriptor descriptor_number="0" last_descriptor_number="0" language_code="fre">
        <text>Information non disponible.</text>
      </extended_event_descriptor>
      <component_descriptor stream_content="0x01" stream_content_ext="0x0F" component_type="0x01" component_tag="0x01" language_code="fre" text=""/>
      <component_descriptor stream_content="0x02" stream_content_ext="0x0F" component_type="0x03" component_tag="0x01" language_code="fre" text=""/>
      <content_descriptor>
        <content content_nibble_level_1="6" content_nibble_level_2="5" user_byte="0x00"/>
        <content content_nibble_level_1="11" content_nibble_level_2="15" user_byte="0x00"/>
      </content_descriptor>
      <parental_rating_descriptor>
        <country country_code="FRA" rating="0x10"/>
      </parental_rating_descriptor>
      <private_data_specifier_descriptor private_data_specifier="CanalPlus"/>
      <generic_descriptor tag="0xE0">
        E2 84 16 30 00 26 AD 04 3E 00 01 04 65 00 BF 00
        04 F2 03 F1 01
      </generic_descriptor>
    </event>
    <event event_id="0x4A1A" start_time="2017-08-23 12:00:00" duration="00:30:00" running_status="not-running" CA_mode="true">
      <short_event_descriptor language_code="fre">
        <event_name>ARCHITECTURE : LA PHILHARMONIE DE LUXEMBOURG</event_name>
        <text>TXTCOURT.</text>
      </short_event_descriptor>
      <extended_event_descriptor descriptor_number="0" last_descriptor_number="0" language_code="fre">
        <text>TXTCOURT.</text>
        <item>
          <description>TDE</description>
          <name>Architectures</name>
        </item>
      </extended_event_descriptor>
      <component_descriptor stream_content="0x01" stream_content_ext="0x0F" component_type="0x01" component_tag="0x01" language_code="fre" text=""/>
      <component_descriptor stream_content="0x02" stream_content_ext="0x0F" component_type="0x03" component_tag="0x01" language_code="fre" text=""/>
      <content_descriptor>
        <content content_nibble_level_1="6" content_nibble_level_2="5" user_byte="0x00"/>
        <content content_nibble_level_1="11" content_nibble_level_2="15" user_byte="0x00"/>
      </content_descriptor>
      <parental_rating_descriptor>
        <country country_code="FRA" rating="0x10"/>
      </parental_rating_descriptor>
    </event>
  </EIT>
  <EIT type="pf" version="7" current="true" actual="false" service_id="0x24C3" transport_stream_id="0x043C" original_network_id="0x0001" last_table_id="0x4F">
    <metadata PID="18" first_ts_packet="10,757" last_ts_packet="69,276"/>
    <event event_id="0xA26C" start_time="2017-08-23 11:31:00" duration="00:29:00" running_status="running" CA_mode="true">
      <short_event_descriptor language_code="fre">
        <event_name>LE GRAND DEFITOON</event_name>
        <text>DIFFUSE EN HD.  PrØsentØ par Marie-Eve Musy, SØbastien Giray.</text>
      </short_event_descriptor>
      <extended_event_descriptor descriptor_number="0" last_descriptor_number="1" language_code="fre">
        <text>DIFFUSE EN HD.  PrØsentØ par Marie-Eve Musy, SØbastien Giray. Marie-Eve et SØbastien proposent aux enfants de s'amuser au cours d'une aventure sportive et ludique ponctuØe de rendez-vous avec tous les hØros animØs de TØlØ</text>
        <item>
          <description>PrØsentateur</description>
          <name>Marie-Eve Musy</name>
        </item>
      </extended_event_descriptor>
      <extended_event_descriptor descriptor_number="1" last_descriptor_number="1" language_code="fre">
        <text>toon+.</text>
      </extended_event_descriptor>
      <component_descriptor stream_content="0x01" stream_content_ext="0x0F" component_type="0x0B" component_tag="0x01" language_code="fre" text=""/>
      <component_descriptor stream_content="0x02" stream_content_ext="0x0F" component_type="0x03" component_tag="0x01" language_code="fre" text=""/>
      <content_descriptor>
        <content content_nibble_level_1="3" content_nibble_level_2="0" user_byte="0x00"/>
        <content content_nibble_level_1="11" content_nibble_level_2="15" user_byte="0x00"/>
        <content content_nibble_level_1="11" content_nibble_level_2="15" user_byte="0x20"/>
        <content content_nibble_level_1="11" content_nibble_level_2="15" user_byte="0x30"/>
      </content_descriptor>
      <parental_rating_descriptor>
        <country country_code="FRA" rating="0x10"/>
      </parental_rating_descriptor>
    </event>
    <event event_id="0xA26D" start_time="2017-08-23 12:00:00" duration="00:12:00" running_status="not-running" CA_mode="true">
      <short_event_descriptor language_code="fre">
        <event_name>COPY CUT</event_name>
        <text>DIFFUSE EN HD.  SØrie d'animation franĿaise. Saison 1. (41/52). "Ecosse Play".</text>
      </short_event_descriptor>
      <extended_event_descriptor descriptor_number="0" last_descriptor_number="1" language_code="fre">
        <text>DIFFUSE EN HD.  SØrie d'animation franĿaise. Saison 1. (41/52). "Ecosse Play". Quatre adolescents parcourent le monde avec une passion commune : le cosplay, les conventions, les communautØs de geeks prŒts Ω tout po</text>
        <item>
          <description>NationalitØ</description>
          <name>France</name>
        </item>
        <item>
          <description>TDE</description>
          <name>Ecosse Play</name>
        </item>
      </extended_event_descriptor>
      <extended_event_descriptor descriptor_number="1" last_descriptor_number="1" language_code="fre">
        <text>ur gagner le prix du meilleur costume.</text>
      </extended_event_descriptor>
      <component_descriptor stream_content="0x01" stream_content_ext="0x0F" component_type="0x0B" component_tag="0x01" language_code="fre" text=""/>
      <component_descriptor stream_content="0x02" stream_content_ext="0x0F" component_type="0x03" component_tag="0x01" language_code="fre" text=""/>
      <component_descriptor stream_content="0x03" stream_content_ext="0x0F" component_type="0x22" component_tag="0x01" language_code="fre" text=""/>
      <content_descriptor>
        <content content_nibble_level_1="3" content_nibble_level_2="5" user_byte="0x00"/>
        <content content_nibble_level_1="11" content_nibble_level_2="15" user_byte="0x00"/>
        <content content_nibble_level_1="11" content_nibble_level_2="15" user_byte="0x11"/>
        <content content_nibble_level_1="11" content_nibble_level_2="15" user_byte="0x30"/>
      </content_descriptor>
      <parental_rating_descriptor>
        <country country_code="FRA" rating="0x10"/>
      </parental_rating_descriptor>
    </event>
  </EIT>
  <EIT type="pf" version="20" current="true" actual="false" service_id="0x22CF" transport_stream_id="0x0434" original_network_id="0x0001" last_table_id="0x4F">
    <metadata PID="18" first_ts_packet="11,017" last_ts_packet="69,431"/>
    <event event_id="0xA2BB" start_time="2017-08-23 11:35:00" duration="00:25:00" running_status="running" CA_mode="true">
      <short_event_descriptor language_code="fre">
        <event_name>QUOI DE NEUF, SCOOBY-DOO ?</event_name>
        <text>Quoi de neuf, Scooby-Doo ? Saison 1. (6/14). "Vive Las Vegas".</text>
      </short_event_descriptor>
      <extended_event_descriptor descriptor_number="0" last_descriptor_number="0" language_code="fre">
        <text>Quoi de neuf, Scooby-Doo ? Saison 1. (6/14). "Vive Las Vegas". La premiŁre du spectacle d'une grande vedette est sabotØe Ω Las Vegas par un fantħme qui a connu le lointain passØ de la ville.</text>
        <item>
          <description>NationalitØ</description>
          <name>Etats-Unis</name>
        </item>
        <item>
          <description>Numero de l'Øpisode</description>
          <name>6</name>
        </item>
      </extended_event_descriptor>
      <component_descriptor stream_content="0x01" stream_content_ext="0x0F" component_type="0x01" component_tag="0x01" language_code="fre" text=""/>
      <component_descriptor stream_content="0x02" stream_content_ext="0x0F" component_type="0x03" component_tag="0x01" language_code="fre" text=""/>
      <component_descriptor stream_content="0x02" stream_content_ext="0x0F" component_type="0x03" component_tag="0x01" language_code="eng" text=""/>
      <content_descriptor>
        <content content_nibble_level_1="3" content_nibble_level_2="1" user_byte="0x00"/>
        <content content_nibble_level_1="11" content_nibble_level_2="15" user_byte="0x01"/>
      </content_descriptor>
      <parental_rating_descriptor>
        <country country_code="FRA" rating="0x10"/>
      </parental_rating_descriptor>
      <private_data_specifier_descriptor private_data_specifier="CanalPlus"/>
      <generic_descriptor tag="0xE0">
        E2 8A 20 35 00 22 CF 04 34 00 01 04 31 00 BF 01
        04 F2 03 F1 01
      </generic_descriptor>
    </event>
    <event event_id="0xA2BC" start_time="2017-08-23 12:00:00" duration="01:00:00" running_status="not-running" CA_mode="true">
      <short_event_descriptor language_code="fre">
        <event_name>MEGAPREM</event_name>
        <text>"SpØcial Supernoobs".</text>
      </short_event_descriptor>
      <extended_event_descriptor descriptor_number="0" last_descriptor_number="0" language_code="fre">
        <text>"SpØcial Supernoobs". Mini-marathon des meilleures Øpisodes des «Supernoobs».</text>
      </extended_event_descriptor>
      <component_descriptor stream_content="0x01" stream_content_ext="0x0F" component_type="0x01" component_tag="0x01" language_code="fre" text=""/>
      <component_descriptor stream_content="0x02" stream_content_ext="0x0F" component_type="0x03" component_tag="0x01" language_code="fre" text=""/>
      <component_descriptor stream_content="0x02" stream_content_ext="0x0F" component_type="0x03" component_tag="0x01" language_code="eng" text=""/>
      <content_descriptor>
        <content content_nibble_level_1="3" content_nibble_level_2="0" user_byte="0x00"/>
        <content content_nibble_level_1="11" content_nibble_level_2="15" user_byte="0x01"/>
      </content_descriptor>
      <parental_rating_descriptor>
        <country country_code="FRA" rating="0x10"/>
      </parental_rating_descriptor>
      <private_data_specifier_descriptor private_data_specifier="CanalPlus"/>
      <generic_descriptor tag="0xE0">
        E2 85 12 00 00 22 CF 04 34 00 01 04 30 00 BF 01
        04 F2 03 F1 01
      </generic_descriptor>
      <generic_descriptor tag="0xE0">
        E2 86 12 00 00 22 CF 04 34 00 01 04 30 00 BF 01
        04 F2 03 F1 01
      </generic_descriptor>
      <generic_descriptor tag="0xE0">
        E2 87 12 00 00 22 CF 04 34 00 01 04 30 00 BF 01
        04 F2 03 F1 01
      </generic_descriptor>
      <generic_descriptor tag="0xE0">
        E2 88 12 00 00 22 CF 04 34 00 01 04 30 00 BF 01
        04 F2 03 F1 01
      </generic_descriptor>
    </event>
  </EIT>
  <EIT type="pf" version="20" current="true" actual="false" service_id="0x21FF" transport_stream_id="0x044C" original_network_id="0x0001" last_table_id="0x4F">
    <metadata PID="18" first_ts_packet="11,287" last_ts_packet="69,855"/>
    <event event_id="0x1BD9" start_time="2017-08-23 11:25:00" duration="01:50:00" running_status="running" CA_mode="false">
      <short_event_descriptor language_code="fre">
        <event_name>UNE FEMME D'HONNEUR</event_name>
        <text>RØalisØ par Michael Perrotta en 2004. Avec Corinne Touzet, Yves Beneyton. TØlØfilm policier franĿais. "ComplicitØ de viol".</text>
      </short_event_descriptor>
      <extended_event_descriptor descriptor_number="0" last_descriptor_number="1" language_code="fre">
        <text>RØalisØ par Michael Perrotta en 2004. Avec Corinne Touzet, Yves Beneyton. TØlØfilm policier franĿais. "ComplicitØ de viol". Un directeur commercial, qui vient d'Œtre retrouvØ assassinØ, est accusØ par un cor</text>
        <item>
          <description>NationalitØ</description>
          <name>France</name>
        </item>
        <item>
          <description>TDE</description>
          <name>ComplicitØ de viol</name>
        </item>
      </extended_event_descriptor>
      <extended_event_descriptor descriptor_number="1" last_descriptor_number="1" language_code="fre">
        <text>beau d'avoir commanditØ l'assassinat d'une stagiaire, trois ans auparavant.</text>
      </extended_event_descriptor>
      <component_descriptor stream_content="0x01" stream_content_ext="0x0F" component_type="0x01" component_tag="0x01" language_code="fre" text=""/>
      <component_descriptor stream_content="0x02" stream_content_ext="0x0F" component_type="0x01" component_tag="0x01" language_code="fre" text=""/>
      <component_descriptor stream_content="0x03" stream_content_ext="0x0F" component_type="0x21" component_tag="0x01" language_code="fre" text=""/>
      <content_descriptor>
        <content content_nibble_level_1="5" content_nibble_level_2="4" user_byte="0x00"/>
        <content content_nibble_level_1="11" content_nibble_level_2="15" user_byte="0x00"/>
        <content content_nibble_level_1="11" content_nibble_level_2="15" user_byte="0x11"/>
      </content_descriptor>
      <parental_rating_descriptor>
        <country country_code="FRA" rating="0x10"/>
      </parental_rating_descriptor>
    </event>
    <event event_id="0x1BDA" start_time="2017-08-23 13:15:00" duration="01:45:00" running_status="not-running" CA_mode="false">
      <short_event_descriptor language_code="fre">
        <event_name>UNE FEMME D'HONNEUR</event_name>
        <text>RØalisØ par Michael Perrotta en 2004. Avec Corinne Touzet, Marie Lenoir, Fabrice Eberhard. TØlØfilm franĿais. "Les liens du sang".</text>
      </short_event_descriptor>
      <extended_event_descriptor descriptor_number="0" last_descriptor_number="1" language_code="fre">
        <text>RØalisØ par Michael Perrotta en 2004. Avec Corinne Touzet, Marie Lenoir, Fabrice Eberhard. TØlØfilm franĿais. "Les liens du sang". Isabelle Florent et ses hommes enquŒtent sur un double meurtre, mais l'affai</text>
        <item>
          <description>NationalitØ</description>
          <name>France</name>
        </item>
        <item>
          <description>TDE</description>
          <name>Les liens du sang</name>
        </item>
      </extended_event_descriptor>
      <extended_event_descriptor descriptor_number="1" last_descriptor_number="1" language_code="fre">
        <text>re se complique lorsque l'enfant des victimes, un bØbØ, est enlevØ par des inconnus.</text>
      </extended_event_descriptor>
      <component_descriptor stream_content="0x01" stream_content_ext="0x0F" component_type="0x01" component_tag="0x01" language_code="fre" text=""/>
      <component_descriptor stream_content="0x02" stream_content_ext="0x0F" component_type="0x01" component_tag="0x01" language_code="fre" text=""/>
      <component_descriptor stream_content="0x03" stream_content_ext="0x0F" component_type="0x21" component_tag="0x01" language_code="fre" text=""/>
      <content_descriptor>
        <content content_nibble_level_1="5" content_nibble_level_2="4" user_byte="0x00"/>
        <content content_nibble_level_1="11" content_nibble_level_2="15" user_byte="0x00"/>
        <content content_nibble_level_1="11" content_nibble_level_2="15" user_byte="0x11"/>
      </content_descriptor>
      <parental_rating_descriptor>
        <country country_code="FRA" rating="0x10"/>
      </parental_rating_descriptor>
    </event>
  </EIT>
  <EIT type="pf" version="2" current="true" actual="false" service_id="0x2009" transport_stream_id="0x0430" original_network_id="0x0001" last_table_id="0x4F">
    <metadata PID="18" first_ts_packet="12,583" last_ts_packet="70,987"/>
    <event event_id="0x36E0" start_time="2017-08-23 10:00:00" duration="06:00:00" running_status="running" CA_mode="true">
      <short_event_descriptor language_code="fre">
        <event_name>BEIN SPORTS, LE PLUS GRAND DES SPECTACLES</event_name>
        <text>beIN SPORTS, le plus grand des spectacles.</text>
      </short_event_descriptor>
      <extended_event_descriptor descriptor_number="0" last_descriptor_number="0" language_code="fre">
        <text>beIN SPORTS, le plus grand des spectacles.</text>
      </extended_event_descriptor>
      <component_descriptor stream_content="0x01" stream_content_ext="0x0F" component_type="0x01" component_tag="0x01" language_code="fre" text=""/>
      <component_descriptor stream_content="0x02" stream_content_ext="0x0F" component_type="0x01" component_tag="0x01" language_code="fre" text=""/>
      <content_descriptor>
        <content content_nibble_level_1="7" content_nibble_level_2="0" user_byte="0x00"/>
        <content content_nibble_level_1="11" content_nibble_level_2="15" user_byte="0x00"/>
      </content_descriptor>
      <parental_rating_descriptor>
        <country country_code="FRA" rating="0x10"/>
      </parental_rating_descriptor>
    </event>
    <event event_id="0x36E1" start_time="2017-08-23 16:00:00" duration="02:30:00" running_status="not-running" CA_mode="true">
      <short_event_descriptor language_code="fre">
        <event_name>BEIN SPORTS, LE PLUS GRAND DES SPECTACLES</event_name>
        <text>beIN SPORTS, le plus grand des spectacles.</text>
      </short_event_descriptor>
      <extended_event_descriptor descriptor_number="0" last_descriptor_number="0" language_code="fre">
        <text>beIN SPORTS, le plus grand des spectacles.</text>
      </extended_event_descriptor>
      <component_descriptor stream_content="0x01" stream_content_ext="0x0F" component_type="0x01" component_tag="0x01" language_code="fre" text=""/>
      <component_descriptor stream_content="0x02" stream_content_ext="0x0F" component_type="0x01" component_tag="0x01" language_code="fre" text=""/>
      <content_descriptor>
        <content content_nibble_level_1="7" content_nibble_level_2="0" user_byte="0x00"/>
        <content content_nibble_level_1="11" content_nibble_level_2="15" user_byte="0x00"/>
      </content_descriptor>
      <parental_rating_descriptor>
        <country country_code="FRA" rating="0x10"/>
      </parental_rating_descriptor>
    </event>
  </EIT>
  <EIT type="pf" version="0" current="true" actual="false" service_id="0x2521" transport_stream_id="0x045E" original_network_id="0x0001" last_table_id="0x4F">
    <metadata PID="18" first_ts_packet="12,706" last_ts_packet="71,140"/>
    <event event_id="0x470C" start_time="2017-08-23 10:00:00" duration="03:00:00" running_status="running" CA_mode="true">
      <short_event_descriptor language_code="fre">
        <event_name>MATCH A VENIR</event_name>
        <text>Information non disponible.</text>
      </short_event_descriptor>
      <extended_event_descriptor descriptor_number="0" last_descriptor_number="0" language_code="fre">
        <text>Information non disponible.</text>
      </extended_event_descriptor>
      <component_descriptor stream_content="0x01" stream_content_ext="0x0F" component_type="0x01" component_tag="0x01" language_code="fre" text=""/>
      <component_descriptor stream_content="0x02" stream_content_ext="0x0F" component_type="0x01" component_tag="0x01" language_code="fre" text=""/>
      <content_descriptor>
        <content content_nibble_level_1="7" content_nibble_level_2="0" user_byte="0x00"/>
        <content content_nibble_level_1="11" content_nibble_level_2="15" user_byte="0x00"/>
      </content_descriptor>
      <parental_rating_descriptor>
        <country country_code="FRA" rating="0x10"/>
      </parental_rating_descriptor>
    </event>
    <event event_id="0x470D" start_time="2017-08-23 13:00:00" duration="03:00:00" running_status="not-running" CA_mode="true">
      <short_event_descriptor language_code="fre">
        <event_name>MATCH A VENIR</event_name>
        <text>Information non disponible.</text>
      </short_event_descriptor>
      <extended_event_descriptor descriptor_number="0" last_descriptor_number="0" language_code="fre">
        <text>Information non disponible.</text>
      </extended_event_descriptor>
      <component_descriptor stream_content="0x01" stream_content_ext="0x0F" component_type="0x01" component_tag="0x01" language_code="fre" text=""/>
      <component_descriptor stream_content="0x02" stream_content_ext="0x0F" component_type="0x01" component_tag="0x01" language_code="fre" text=""/>
      <content_descriptor>
        <content content_nibble_level_1="7" content_nibble_level_2="0" user_byte="0x00"/>
        <content content_nibble_level_1="11" content_nibble_level_2="15" user_byte="0x00"/>
      </content_descriptor>
      <parental_rating_descriptor>
        <country country_code="FRA" rating="0x10"/>
      </parental_rating_descriptor>
    </event>
  </EIT>
  <EIT type="pf" version="10" current="true" actual="false" service_id="0x232E" transport_stream_id="0x0442" original_network_id="0x0001" last_table_id="0x4F">
    <metadata PID="18" first_ts_packet="12,876" last_ts_packet="71,557"/>
    <event event_id="0x0641" start_time="2017-08-23 11:43:00" duration="00:30:00" running_status="running" CA_mode="true">
      <short_event_descriptor language_code="fre">
        <event_name>VERY FOOD TRIP</event_name>
        <text>DIFFUSE EN HD.  Documentaire franĿais rØalisØ par Marine Mandrila, Louis Martin en 2016 (2/8). "Mexique".</text>
      </short_event_descriptor>
      <extended_event_descriptor descriptor_number="0" last_descriptor_number="1" language_code="fre">
        <text>DIFFUSE EN HD.  Documentaire franĿais rØalisØ par Marine Mandrila, Louis Martin en 2016 (2/8). "Mexique". Louis et Marine s'apprŒtent Ω dØcouvrir la cuisine mexicaine, l'une des rares, avec la cuisine franĿaise</text>
        <item>
          <description>AnnØe</description>
          <name>2016</name>
        </item>
        <item>
          <description>RØalisateur</description>
          <name>Marine Mandrila</name>
        </item>
      </extended_event_descriptor>
      <extended_event_descriptor descriptor_number="1" last_descriptor_number="1" language_code="fre">
        <text>, Ω Œtre inscrite au patrimoine mondial de l'Unesco.</text>
      </extended_event_descriptor>
      <component_descriptor stream_content="0x01" stream_content_ext="0x0F" component_type="0x0B" component_tag="0x01" language_code="fre" text=""/>
      <component_descriptor stream_content="0x02" stream_content_ext="0x0F" component_type="0x03" component_tag="0x01" language_code="fre" text=""/>
      <component_descriptor stream_content="0x03" stream_content_ext="0x0F" component_type="0x22" component_tag="0x01" language_code="fre" text=""/>
      <content_descriptor>
        <content content_nibble_level_1="4" content_nibble_level_2="0" user_byte="0x00"/>
        <content content_nibble_level_1="11" content_nibble_level_2="15" user_byte="0x00"/>
        <content content_nibble_level_1="11" content_nibble_level_2="15" user_byte="0x11"/>
        <content content_nibble_level_1="11" content_nibble_level_2="15" user_byte="0x30"/>
      </content_descriptor>
      <parental_rating_descriptor>
        <country country_code="FRA" rating="0x10"/>
      </parental_rating_descriptor>
      <private_data_specifier_descriptor private_data_specifier="CanalPlus"/>
      <generic_descriptor tag="0xE0">
        E2 8B 02 10 00 23 2E 04 42 00 01 08 40 00 BF 00
        BF 11 BF 30 06 F3 22 F2 03 F1 0B
      </generic_descriptor>
    </event>
    <event event_id="0x0642" start_time="2017-08-23 12:13:00" duration="00:54:00" running_status="not-running" CA_mode="true">
      <short_event_descriptor language_code="fre">
        <event_name>EXPEDITION NOUVELLE-GUINEE</event_name>
        <text>DIFFUSE EN HD.  ExpØdition Nouvelle-GuinØe Documentaire britannique rØalisØ par Annie Backhouse, Jonny Keeling en 2009 (1/3). "Un Øquilibre fragile".</text>
      </short_event_descriptor>
      <extended_event_descriptor descriptor_number="0" last_descriptor_number="1" language_code="fre">
        <text>DIFFUSE EN HD.  ExpØdition Nouvelle-GuinØe Documentaire britannique rØalisØ par Annie Backhouse, Jonny Keeling en 2009 (1/3). "Un Øquilibre fragile". Une Øquipe de scientifiques part durant neuf mois en Nouvel</text>
        <item>
          <description>AnnØe</description>
          <name>2009</name>
        </item>
        <item>
          <description>RØalisateur</description>
          <name>Annie Backhouse</name>
        </item>
      </extended_event_descriptor>
      <extended_event_descriptor descriptor_number="1" last_descriptor_number="1" language_code="fre">
        <text>le-GuinØe, afin de dØcouvrir de nouvelles espŁces animales et rØpertorier celles qui sont menacØes.</text>
      </extended_event_descriptor>
      <component_descriptor stream_content="0x01" stream_content_ext="0x0F" component_type="0x0B" component_tag="0x01" language_code="fre" text=""/>
      <component_descriptor stream_content="0x02" stream_content_ext="0x0F" component_type="0x03" component_tag="0x01" language_code="fre" text=""/>
      <content_descriptor>
        <content content_nibble_level_1="4" content_nibble_level_2="0" user_byte="0x00"/>
        <content content_nibble_level_1="11" content_nibble_level_2="15" user_byte="0x00"/>
        <content content_nibble_level_1="11" content_nibble_level_2="15" user_byte="0x30"/>
      </content_descriptor>
      <parental_rating_descriptor>
        <country country_code="FRA" rating="0x10"/>
      </parental_rating_descriptor>
      <private_data_specifier_descriptor private_data_specifier="CanalPlus"/>
      <generic_descriptor tag="0xE0">
        E2 8A 12 15 00 23 2E 04 42 00 01 06 40 00 BF 00
        BF 30 04 F2 03 F1 0B
      </generic_descriptor>
    </event>
  </EIT>
  <EIT type="pf" version="24" current="true" actual="false" service_id="0x2455" transport_stream_id="0x0440" original_network_id="0x0001" last_table_id="0x4F">
    <metadata PID="18" first_ts_packet="13,310" last_ts_packet="71,712"/>
    <event event_id="0x96EE" start_time="2017-08-23 11:45:00" duration="01:15:00" running_status="running" CA_mode="true">
      <short_event_descriptor language_code="fre">
        <event_name>WORLD SERIES 2017</event_name>
        <text>World Series 2017. 5e manche. Epreuve dames. A Hambourg (Allemagne).</text>
      </short_event_descriptor>
      <extended_event_descriptor descriptor_number="0" last_descriptor_number="0" language_code="fre">
        <text>World Series 2017. 5e manche. Epreuve dames. A Hambourg (Allemagne).</text>
      </extended_event_descriptor>
      <component_descriptor stream_content="0x01" stream_content_ext="0x0F" component_type="0x01" component_tag="0x01" language_code="fre" text=""/>
      <component_descriptor stream_content="0x02" stream_content_ext="0x0F" component_type="0x01" component_tag="0x01" language_code="fre" text=""/>
      <content_descriptor>
        <content content_nibble_level_1="2" content_nibble_level_2="0" user_byte="0x00"/>
        <content content_nibble_level_1="11" content_nibble_level_2="15" user_byte="0x00"/>
      </content_descriptor>
      <parental_rating_descriptor>
        <country country_code="FRA" rating="0x10"/>
      </parental_rating_descriptor>
    </event>
    <event event_id="0x96EF" start_time="2017-08-23 13:00:00" duration="01:15:00" running_status="not-running" CA_mode="true">
      <short_event_descriptor language_code="fre">
        <event_name>WORLD SERIES 2017</event_name>
        <text>World Series 2017. 5e manche. Epreuve messieurs. A Hambourg (Allemagne).</text>
      </short_event_descriptor>
      <extended_event_descriptor descriptor_number="0" last_descriptor_number="0" language_code="fre">
        <text>World Series 2017. 5e manche. Epreuve messieurs. A Hambourg (Allemagne).</text>
      </extended_event_descriptor>
      <component_descriptor stream_content="0x01" stream_content_ext="0x0F" component_type="0x01" component_tag="0x01" language_code="fre" text=""/>
      <component_descriptor stream_content="0x02" stream_content_ext="0x0F" component_type="0x01" component_tag="0x01" language_code="fre" text=""/>
      <content_descriptor>
        <content content_nibble_level_1="2" content_nibble_level_2="0" user_byte="0x00"/>
        <content content_nibble_level_1="11" content_nibble_level_2="15" user_byte="0x00"/>
      </content_descriptor>
      <parental_rating_descriptor>
        <country country_code="FRA" rating="0x10"/>
      </parental_rating_descriptor>
    </event>
  </EIT>
  <EIT type="pf" version="23" current="true" actual="false" service_id="0x245E" transport_stream_id="0x0440" original_network_id="0x0001" last_table_id="0x4F">
    <metadata PID="18" first_ts_packet="13,444" last_ts_packet="72,112"/>
    <event event_id="0x5EA9" start_time="2017-08-23 11:00:00" duration="01:00:00" running_status="running" CA_mode="false">
      <short_event_descriptor language_code="fre">
        <event_name>LA FRANCE QUI REUSSIT</event_name>
        <text>"Sous les briques : un avenir  numØrique".</text>
      </short_event_descriptor>
      <extended_event_descriptor descriptor_number="0" last_descriptor_number="0" language_code="fre">
        <text>"Sous les briques : un avenir  numØrique". A la dØcouverte des entreprises performantes de France et des hommes et des femmes qui les animent.</text>
      </extended_event_descriptor>
      <component_descriptor stream_content="0x01" stream_content_ext="0x0F" component_type="0x01" component_tag="0x01" language_code="fre" text=""/>
      <component_descriptor stream_content="0x02" stream_content_ext="0x0F" component_type="0x01" component_tag="0x01" language_code="fre" text=""/>
      <content_descriptor>
        <content content_nibble_level_1="6" content_nibble_level_2="8" user_byte="0x00"/>
        <content content_nibble_level_1="11" content_nibble_level_2="15" user_byte="0x00"/>
      </content_descriptor>
      <parental_rating_descriptor>
        <country country_code="FRA" rating="0x10"/>
      </parental_rating_descriptor>
    </event>
    <event event_id="0x5EAA" start_time="2017-08-23 12:00:00" duration="00:15:00" running_status="not-running" CA_mode="false">
      <short_event_descriptor language_code="fre">
        <event_name>LE JOURNAL DE LA DEFENSE</event_name>
        <text>Le journal de la DØfense "OpØration Barkhane, au plus prŁs de l'armØe malienne".</text>
      </short_event_descriptor>
      <extended_event_descriptor descriptor_number="0" last_descriptor_number="0" language_code="fre">
        <text>Le journal de la DØfense "OpØration Barkhane, au plus prŁs de l'armØe malienne". Entre reportages et tØmoignages, un point complet de l'actualitØ de la DØfense.</text>
      </extended_event_descriptor>
      <component_descriptor stream_content="0x01" stream_content_ext="0x0F" component_type="0x01" component_tag="0x01" language_code="fre" text=""/>
      <component_descriptor stream_content="0x02" stream_content_ext="0x0F" component_type="0x01" component_tag="0x01" language_code="fre" text=""/>
      <content_descriptor>
        <content content_nibble_level_1="6" content_nibble_level_2="15" user_byte="0x00"/>
        <content content_nibble_level_1="11" content_nibble_level_2="15" user_byte="0x00"/>
      </content_descriptor>
      <parental_rating_descriptor>
        <country country_code="FRA" rating="0x10"/>
      </parental_rating_descriptor>
      <private_data_specifier_descriptor private_data_specifier="CanalPlus"/>
      <generic_descriptor tag="0xE0">
        E2 86 17 45 00 24 5E 04 40 00 01 04 6F 00 BF 00
        04 F2 01 F1 01
      </generic_descriptor>
      <generic_descriptor tag="0xE0">
        E2 87 10 45 00 24 5E 04 40 00 01 04 6F 00 BF 00
        04 F2 01 F1 01
      </generic_descriptor>
      <generic_descriptor tag="0xE0">
        E2 88 05 15 00 24 5E 04 40 00 01 04 6F 00 BF 00
        04 F2 01 F1 01
      </generic_descriptor>
      <generic_descriptor tag="0xE0">
        E2 88 14 45 00 24 5E 04 40 00 01 04 6F 00 BF 00
        04 F2 01 F1 01
      </generic_descriptor>
    </event>
  </EIT>
  <EIT type="pf" version="1" current="true" actual="false" service_id="0x196B" transport_stream_id="0x044E" original_network_id="0x0001" last_table_id="0x4F">
    <metadata PID="18" first_ts_packet="13,709" last_ts_packet="72,112"/>
    <event event_id="0x06B1" start_time="2017-08-23 03:00:00" duration="19:00:00" running_status="running" CA_mode="true">
      <short_event_descriptor language_code="fre">
        <event_name>FIN DES PROGRAMMES</event_name>
        <text>(-18)  Information non disponible.</text>
      </short_event_descriptor>
      <extended_event_descriptor descriptor_number="0" last_descriptor_number="0" language_code="fre">
        <text>(-18)  Information non disponible.</text>
      </extended_event_descriptor>
      <component_descriptor stream_content="0x01" stream_content_ext="0x0F" component_type="0x01" component_tag="0x01" language_code="fre" text=""/>
      <component_descriptor stream_content="0x02" stream_content_ext="0x0F" component_type="0x01" component_tag="0x01" language_code="fre" text=""/>
      <content_descriptor>
        <content content_nibble_level_1="7" content_nibble_level_2="0" user_byte="0x00"/>
        <content content_nibble_level_1="11" content_nibble_level_2="15" user_byte="0x00"/>
      </content_descriptor>
      <parental_rating_descriptor>
        <country country_code="FRA" rating="0x14"/>
      </parental_rating_descriptor>
    </event>
    <event event_id="0x06B2" start_time="2017-08-23 22:00:00" duration="01:41:00" running_status="not-running" CA_mode="true">
      <short_event_descriptor language_code="fre">
        <event_name>TWINKS R US</event_name>
        <text>(-18)  TXTCOURT.</text>
      </short_event_descriptor>
      <extended_event_descriptor descriptor_number="0" last_descriptor_number="0" language_code="fre">
        <text>(-18)  TXTCOURT.</text>
        <item>
          <description>AnnØe</description>
          <name>2015</name>
        </item>
      </extended_event_descriptor>
      <component_descriptor stream_content="0x01" stream_content_ext="0x0F" component_type="0x01" component_tag="0x01" language_code="fre" text=""/>
      <component_descriptor stream_content="0x02" stream_content_ext="0x0F" component_type="0x01" component_tag="0x01" language_code="fre" text=""/>
      <content_descriptor>
        <content content_nibble_level_1="1" content_nibble_level_2="13" user_byte="0x00"/>
        <content content_nibble_level_1="11" content_nibble_level_2="15" user_byte="0x00"/>
      </content_descriptor>
      <parental_rating_descriptor>
        <country country_code="FRA" rating="0x14"/>
      </parental_rating_descriptor>
    </event>
  </EIT>
  <EIT type="pf" version="21" current="true" actual="false" service_id="0x196F" transport_stream_id="0x044E" original_network_id="0x0001" last_table_id="0x4F">
    <metadata PID="18" first_ts_packet="13,865" last_ts_packet="72,521"/>
    <event event_id="0xA2B6" start_time="2017-08-23 11:48:00" duration="00:12:00" running_status="running" CA_mode="true">
      <short_event_descriptor language_code="fre">
        <event_name>LA BOUCLE INFERNALE</event_name>
        <text>SØrie d'animation canadienne. Saison 1. (30/52). "Boucler la boucle".</text>
      </short_event_descriptor>
      <extended_event_descriptor descriptor_number="0" last_descriptor_number="0" language_code="fre">
        <text>SØrie d'animation canadienne. Saison 1. (30/52). "Boucler la boucle". Luc et ThØo s'emparent de la station de tØlØvision de Gerry Rivers, mais cela risque d'entraŊner la fin de Port Doover et de la boucle.</text>
        <item>
          <description>NationalitØ</description>
          <name>Canada</name>
        </item>
        <item>
          <description>TDE</description>
          <name>Boucler la boucle</name>
        </item>
      </extended_event_descriptor>
      <component_descriptor stream_content="0x01" stream_content_ext="0x0F" component_type="0x01" component_tag="0x01" language_code="fre" text=""/>
      <component_descriptor stream_content="0x02" stream_content_ext="0x0F" component_type="0x01" component_tag="0x01" language_code="fre" text=""/>
      <content_descriptor>
        <content content_nibble_level_1="3" content_nibble_level_2="5" user_byte="0x00"/>
        <content content_nibble_level_1="11" content_nibble_level_2="15" user_byte="0x00"/>
      </content_descriptor>
      <parental_rating_descriptor>
        <country country_code="FRA" rating="0x10"/>
      </parental_rating_descriptor>
    </event>
    <event event_id="0xA2B7" start_time="2017-08-23 12:00:00" duration="00:11:00" running_status="not-running" CA_mode="true">
      <short_event_descriptor language_code="fre">
        <event_name>LA BOUCLE INFERNALE</event_name>
        <text>SØrie d'animation canadienne. Saison 1. (31/52). "CrĐneur".</text>
      </short_event_descriptor>
      <extended_event_descriptor descriptor_number="0" last_descriptor_number="0" language_code="fre">
        <text>SØrie d'animation canadienne. Saison 1. (31/52). "CrĐneur". Luc se rase la tŒte pour ressembler Ω son idole, Cosmo Kaboum, mais en bouclant la boucle le crĐne rasØ, il provoque une anomalie.</text>
        <item>
          <description>NationalitØ</description>
          <name>Canada</name>
        </item>
        <item>
          <description>TDE</description>
          <name>CrĐneur</name>
        </item>
      </extended_event_descriptor>
      <component_descriptor stream_content="0x01" stream_content_ext="0x0F" component_type="0x01" component_tag="0x01" language_code="fre" text=""/>
      <component_descriptor stream_content="0x02" stream_content_ext="0x0F" component_type="0x01" component_tag="0x01" language_code="fre" text=""/>
      <content_descriptor>
        <content content_nibble_level_1="3" content_nibble_level_2="5" user_byte="0x00"/>
        <content content_nibble_level_1="11" content_nibble_level_2="15" user_byte="0x00"/>
      </content_descriptor>
      <parental_rating_descriptor>
        <country country_code="FRA" rating="0x10"/>
      </parental_rating_descriptor>
    </event>
  </EIT>
  <EIT type="pf" version="10" current="true" actual="false" service_id="0x4286" transport_stream_id="0x0446" original_network_id="0x0001" last_table_id="0x4F">
    <metadata PID="18" first_ts_packet="14,110" last_ts_packet="72,926"/>
    <event event_id="0x7A22" start_time="2017-08-23 10:40:00" duration="02:18:00" running_status="running" CA_mode="true">
      <short_event_descriptor language_code="fre">
        <event_name>LES BERETS VERTS</event_name>
        <text>RØalisØ par Ray Kellogg, John Wayne en 1968. Avec John Wayne, David Janssen, Edward Faulkner. Film de guerre amØricain.</text>
      </short_event_descriptor>
      <extended_event_descriptor descriptor_number="0" last_descriptor_number="1" language_code="fre">
        <text>RØalisØ par Ray Kellogg, John Wayne en 1968. Avec John Wayne, David Janssen, Edward Faulkner. Film de guerre amØricain. En mission au ViŒtnam, les forces spØciales d'intervention amØricaines affrontent moult Øpreu</text>
        <item>
          <description>AnnØe</description>
          <name>1968</name>
        </item>
        <item>
          <description>RØalisateur</description>
          <name>Ray Kellogg</name>
        </item>
      </extended_event_descriptor>
      <extended_event_descriptor descriptor_number="1" last_descriptor_number="1" language_code="fre">
        <text>ves, accompagnØes par un journaliste opposØ Ω la guerre.</text>
      </extended_event_descriptor>
      <component_descriptor stream_content="0x01" stream_content_ext="0x0F" component_type="0x01" component_tag="0x01" language_code="fre" text=""/>
      <component_descriptor stream_content="0x02" stream_content_ext="0x0F" component_type="0x01" component_tag="0x01" language_code="fre" text=""/>
      <content_descriptor>
        <content content_nibble_level_1="1" content_nibble_level_2="2" user_byte="0x00"/>
        <content content_nibble_level_1="11" content_nibble_level_2="15" user_byte="0x00"/>
        <content content_nibble_level_1="11" content_nibble_level_2="15" user_byte="0x21"/>
      </content_descriptor>
      <parental_rating_descriptor>
        <country country_code="FRA" rating="0x10"/>
      </parental_rating_descriptor>
    </event>
    <event event_id="0x7A23" start_time="2017-08-23 12:58:00" duration="02:54:00" running_status="not-running" CA_mode="true">
      <short_event_descriptor language_code="fre">
        <event_name>LA CHUTE DE L'EMPIRE ROMAIN</event_name>
        <text>La chute de l'Empire romain RØalisØ par Anthony Mann en 1964. Avec Sophia Loren, Stephen Boyd. PØplum amØricain.</text>
      </short_event_descriptor>
      <extended_event_descriptor descriptor_number="0" last_descriptor_number="1" language_code="fre">
        <text>La chute de l'Empire romain RØalisØ par Anthony Mann en 1964. Avec Sophia Loren, Stephen Boyd. PØplum amØricain. Sur le point de mourir, Marc AurŁle envisage de passer le pouvoir Ω Livius plutħt qu'Ω son fils Comm</text>
        <item>
          <description>AnnØe</description>
          <name>1964</name>
        </item>
        <item>
          <description>RØalisateur</description>
          <name>Anthony Mann</name>
        </item>
      </extended_event_descriptor>
      <extended_event_descriptor descriptor_number="1" last_descriptor_number="1" language_code="fre">
        <text>ode, qui accŁde pourtant au trħne en le faisant assassiner.</text>
      </extended_event_descriptor>
      <component_descriptor stream_content="0x01" stream_content_ext="0x0F" component_type="0x01" component_tag="0x01" language_code="fre" text=""/>
      <component_descriptor stream_content="0x02" stream_content_ext="0x0F" component_type="0x01" component_tag="0x01" language_code="fre" text=""/>
      <content_descriptor>
        <content content_nibble_level_1="1" content_nibble_level_2="0" user_byte="0x00"/>
        <content content_nibble_level_1="11" content_nibble_level_2="15" user_byte="0x00"/>
      </content_descriptor>
      <parental_rating_descriptor>
        <country country_code="FRA" rating="0x10"/>
      </parental_rating_descriptor>
      <private_data_specifier_descriptor private_data_specifier="CanalPlus"/>
      <generic_descriptor tag="0xE0">
        E2 86 06 47 00 42 86 04 46 00 01 04 10 00 BF 00
        04 F2 01 F1 01
      </generic_descriptor>
      <generic_descriptor tag="0xE0">
        E2 89 06 50 00 42 86 04 46 00 01 04 10 00 BF 00
        04 F2 01 F1 01
      </generic_descriptor>
      <generic_descriptor tag="0xE0">
        E2 8A 20 24 00 42 86 04 46 00 01 04 10 00 BF 00
        04 F2 01 F1 01
      </generic_descriptor>
      <generic_descriptor tag="0xE0">
        E2 8B 06 07 00 42 86 04 46 00 01 04 10 00 BF 00
        04 F2 01 F1 01
      </generic_descriptor>
      <generic_descriptor tag="0xE0">
        E2 8C 08 46 00 42 86 04 46 00 01 04 10 00 BF 00
        04 F2 01 F1 01
      </generic_descriptor>
    </event>
  </EIT>
  <EIT type="pf" version="11" current="true" actual="false" service_id="0x24BD" transport_stream_id="0x043C" original_network_id="0x0001" last_table_id="0x4F">
    <metadata PID="18" first_ts_packet="14,573" last_ts_packet="73,246"/>
    <event event_id="0x192C" start_time="2017-08-23 11:15:00" duration="00:45:00" running_status="running" CA_mode="true">
      <short_event_descriptor language_code="fre">
        <event_name>LIFESTYLE</event_name>
        <text>PrØsentØ par Claire de Saint-Chamaran.</text>
      </short_event_descriptor>
      <extended_event_descriptor descriptor_number="0" last_descriptor_number="0" language_code="fre">
        <text>PrØsentØ par Claire de Saint-Chamaran. Lifestyle, c'est le magazine quotidien sur les derniŁres tendances mode, beautØ, dØco, voyage et bien-Œtre prØsentØ par Claire de Saint Chamaran.</text>
        <item>
          <description>PrØsentateur</description>
          <name>Claire de Saint-Chamaran</name>
        </item>
      </extended_event_descriptor>
      <component_descriptor stream_content="0x01" stream_content_ext="0x0F" component_type="0x01" component_tag="0x01" language_code="fre" text=""/>
      <component_descriptor stream_content="0x02" stream_content_ext="0x0F" component_type="0x03" component_tag="0x01" language_code="fre" text=""/>
      <content_descriptor>
        <content content_nibble_level_1="6" content_nibble_level_2="5" user_byte="0x00"/>
        <content content_nibble_level_1="11" content_nibble_level_2="15" user_byte="0x00"/>
      </content_descriptor>
      <parental_rating_descriptor>
        <country country_code="FRA" rating="0x10"/>
      </parental_rating_descriptor>
    </event>
    <event event_id="0x192D" start_time="2017-08-23 12:00:00" duration="00:15:00" running_status="not-running" CA_mode="true">
      <short_event_descriptor language_code="fre">
        <event_name>NON STOP INFO</event_name>
        <text>Des histoires, des news, des cØlØbritØs. Pour tout savoir sur l'actualitØ des stars en France et partout dans le  monde.</text>
      </short_event_descriptor>
      <extended_event_descriptor descriptor_number="0" last_descriptor_number="0" language_code="fre">
        <text>Des histoires, des news, des cØlØbritØs. Pour tout savoir sur l'actualitØ des stars en France et partout dans le  monde.</text>
      </extended_event_descriptor>
      <component_descriptor stream_content="0x01" stream_content_ext="0x0F" component_type="0x01" component_tag="0x01" language_code="fre" text=""/>
      <component_descriptor stream_content="0x02" stream_content_ext="0x0F" component_type="0x03" component_tag="0x01" language_code="fre" text=""/>
      <content_descriptor>
        <content content_nibble_level_1="9" content_nibble_level_2="1" user_byte="0x00"/>
        <content content_nibble_level_1="11" content_nibble_level_2="15" user_byte="0x00"/>
      </content_descriptor>
      <parental_rating_descriptor>
        <country country_code="FRA" rating="0x10"/>
      </parental_rating_descriptor>
    </event>
  </EIT>
  <EIT type="pf" version="18" current="true" actual="false" service_id="0x22C9" transport_stream_id="0x0434" original_network_id="0x0001" last_table_id="0x4F">
    <metadata PID="18" first_ts_packet="14,837" last_ts_packet="73,549"/>
    <event event_id="0xB3A0" start_time="2017-08-23 11:55:00" duration="00:30:00" running_status="running" CA_mode="true">
      <short_event_descriptor language_code="fre">
        <event_name>HERO CORP</event_name>
        <text>(-10)  SØrie humoristique franĿaise avec Simon Astier, AgnŁs Boury, SØbastien Lalanne. Saison 2. (5/15). "Au pied des murs".</text>
      </short_event_descriptor>
      <extended_event_descriptor descriptor_number="0" last_descriptor_number="1" language_code="fre">
        <text>(-10)  SØrie humoristique franĿaise avec Simon Astier, AgnŁs Boury, SØbastien Lalanne. Saison 2. (5/15). "Au pied des murs". Pour parvenir Ω ses fins, John est contraint de montrer qu'il est le plus rusØ de t</text>
        <item>
          <description>NationalitØ</description>
          <name>France</name>
        </item>
        <item>
          <description>TDE</description>
          <name>Au pied des murs</name>
        </item>
      </extended_event_descriptor>
      <extended_event_descriptor descriptor_number="1" last_descriptor_number="1" language_code="fre">
        <text>ous.</text>
      </extended_event_descriptor>
      <component_descriptor stream_content="0x01" stream_content_ext="0x0F" component_type="0x01" component_tag="0x01" language_code="fre" text=""/>
      <component_descriptor stream_content="0x02" stream_content_ext="0x0F" component_type="0x03" component_tag="0x01" language_code="fre" text=""/>
      <content_descriptor>
        <content content_nibble_level_1="5" content_nibble_level_2="3" user_byte="0x00"/>
        <content content_nibble_level_1="11" content_nibble_level_2="15" user_byte="0x00"/>
      </content_descriptor>
      <parental_rating_descriptor>
        <country country_code="FRA" rating="0x11"/>
      </parental_rating_descriptor>
    </event>
    <event event_id="0xB3A1" start_time="2017-08-23 12:25:00" duration="00:25:00" running_status="not-running" CA_mode="true">
      <short_event_descriptor language_code="fre">
        <event_name>HERO CORP</event_name>
        <text>(-10)  SØrie humoristique franĿaise avec Simon Astier, AgnŁs Boury, SØbastien Lalanne. Saison 2. (6/15). "Nouveau toit".</text>
      </short_event_descriptor>
      <extended_event_descriptor descriptor_number="0" last_descriptor_number="1" language_code="fre">
        <text>(-10)  SØrie humoristique franĿaise avec Simon Astier, AgnŁs Boury, SØbastien Lalanne. Saison 2. (6/15). "Nouveau toit". La tension baisse d'un cran, mais John n'en a pas fini avec ses ennemis. Il va devoir rØgler</text>
        <item>
          <description>NationalitØ</description>
          <name>France</name>
        </item>
        <item>
          <description>TDE</description>
          <name>Nouveau toit</name>
        </item>
      </extended_event_descriptor>
      <extended_event_descriptor descriptor_number="1" last_descriptor_number="1" language_code="fre">
        <text> ses comptes.</text>
      </extended_event_descriptor>
      <component_descriptor stream_content="0x01" stream_content_ext="0x0F" component_type="0x01" component_tag="0x01" language_code="fre" text=""/>
      <component_descriptor stream_content="0x02" stream_content_ext="0x0F" component_type="0x03" component_tag="0x01" language_code="fre" text=""/>
      <content_descriptor>
        <content content_nibble_level_1="5" content_nibble_level_2="3" user_byte="0x00"/>
        <content content_nibble_level_1="11" content_nibble_level_2="15" user_byte="0x00"/>
      </content_descriptor>
      <parental_rating_descriptor>
        <country country_code="FRA" rating="0x11"/>
      </parental_rating_descriptor>
    </event>
  </EIT>
  <EIT type="pf" version="5" current="true" actual="false" service_id="0x19D3" transport_stream_id="0x0444" original_network_id="0x0001" last_table_id="0x4F">
    <metadata PID="18" first_ts_packet="16,116" last_ts_packet="73,950"/>
    <event event_id="0x9C8E" start_time="2017-08-23 06:40:00" duration="06:15:00" running_status="running" CA_mode="true">
      <short_event_descriptor language_code="fre">
        <event_name>CHAMPIONNATS D'EUROPE 2017</event_name>
        <text>EN DIRECT.  Championnats d'Europe 2017. Saut. Epreuves individuelles et par Øquipes. Qualifications. A Gĳteborg (SuŁde).</text>
      </short_event_descriptor>
      <extended_event_descriptor descriptor_number="0" last_descriptor_number="1" language_code="fre">
        <text>EN DIRECT.  Championnats d'Europe 2017. Saut. Epreuves individuelles et par Øquipes. Qualifications. A Gĳteborg (SuŁde). Gĳteborg, en SuŁde, accueille les championnats d'Europe de saut d'obstacles. Un an aprŁs leur sacre olympique de R</text>
        <item>
          <description>Direct</description>
          <name>Direct</name>
        </item>
      </extended_event_descriptor>
      <extended_event_descriptor descriptor_number="1" last_descriptor_number="1" language_code="fre">
        <text>io, les FranĿais auront des ambitions plus limitØes. Mais Kevin Staut, n°3 mondial et quelques autres couples performants peuvent briller.</text>
      </extended_event_descriptor>
      <component_descriptor stream_content="0x01" stream_content_ext="0x0F" component_type="0x01" component_tag="0x01" language_code="fre" text=""/>
      <component_descriptor stream_content="0x02" stream_content_ext="0x0F" component_type="0x01" component_tag="0x01" language_code="fre" text=""/>
      <content_descriptor>
        <content content_nibble_level_1="2" content_nibble_level_2="11" user_byte="0x00"/>
        <content content_nibble_level_1="11" content_nibble_level_2="15" user_byte="0x00"/>
      </content_descriptor>
      <parental_rating_descriptor>
        <country country_code="FRA" rating="0x10"/>
      </parental_rating_descriptor>
    </event>
    <event event_id="0x9C8F" start_time="2017-08-23 12:55:00" duration="04:00:00" running_status="not-running" CA_mode="true">
      <short_event_descriptor language_code="fre">
        <event_name>GRAND PRIX</event_name>
        <text>EN DIRECT.  Championnats d'Europe 2017. Dressage. Grand Prix. 2e jour. 1re partie. A Gĳteborg (SuŁde).</text>
      </short_event_descriptor>
      <extended_event_descriptor descriptor_number="0" last_descriptor_number="1" language_code="fre">
        <text>EN DIRECT.  Championnats d'Europe 2017. Dressage. Grand Prix. 2e jour. 1re partie. A Gĳteborg (SuŁde). Gĳteborg, en SuŁde, accueille les championnats d'Europe de dressage. Souverains lors des derniŁres compØtitions internationales, les</text>
        <item>
          <description>Direct</description>
          <name>Direct</name>
        </item>
      </extended_event_descriptor>
      <extended_event_descriptor descriptor_number="1" last_descriptor_number="1" language_code="fre">
        <text> Allemands se prØsenteront comme les grands favoris. La France aura des ambitions plus modestes avec de nouveaux couples.</text>
      </extended_event_descriptor>
      <component_descriptor stream_content="0x01" stream_content_ext="0x0F" component_type="0x01" component_tag="0x01" language_code="fre" text=""/>
      <component_descriptor stream_content="0x02" stream_content_ext="0x0F" component_type="0x01" component_tag="0x01" language_code="fre" text=""/>
      <content_descriptor>
        <content content_nibble_level_1="2" content_nibble_level_2="11" user_byte="0x00"/>
        <content content_nibble_level_1="11" content_nibble_level_2="15" user_byte="0x00"/>
        <content content_nibble_level_1="11" content_nibble_level_2="15" user_byte="0x20"/>
      </content_descriptor>
      <parental_rating_descriptor>
        <country country_code="FRA" rating="0x10"/>
      </parental_rating_descriptor>
    </event>
  </EIT>
  <EIT type="pf" version="18" current="true" actual="false" service_id="0x200D" transport_stream_id="0x0430" original_network_id="0x0001" last_table_id="0x4F">
    <metadata PID="18" first_ts_packet="17,497" last_ts_packet="75,363"/>
    <event event_id="0x2787" start_time="2017-08-23 11:00:00" duration="01:40:00" running_status="running" CA_mode="true">
      <short_event_descriptor language_code="fre">
        <event_name>MY LEFT FOOT</event_name>
        <text>RØalisØ par Jim Sheridan en 1989. Avec Daniel Day-Lewis, Ray McAnally, Brenda Fricker. ComØdie dramatique irlando-britannique.</text>
      </short_event_descriptor>
      <extended_event_descriptor descriptor_number="0" last_descriptor_number="1" language_code="fre">
        <text>RØalisØ par Jim Sheridan en 1989. Avec Daniel Day-Lewis, Ray McAnally, Brenda Fricker. ComØdie dramatique irlando-britannique. A l'occasion d'une soirØe organisØe en son honneur, un paralytique, peintre et Øcri</text>
        <item>
          <description>AnnØe</description>
          <name>1989</name>
        </item>
        <item>
          <description>RØalisateur</description>
          <name>Jim Sheridan</name>
        </item>
      </extended_event_descriptor>
      <extended_event_descriptor descriptor_number="1" last_descriptor_number="1" language_code="fre">
        <text>vain, prØsente Ω son infirmiŁre son livre, qui raconte l'histoire de sa vie.</text>
      </extended_event_descriptor>
      <component_descriptor stream_content="0x01" stream_content_ext="0x0F" component_type="0x01" component_tag="0x01" language_code="fre" text=""/>
      <component_descriptor stream_content="0x02" stream_content_ext="0x0F" component_type="0x01" component_tag="0x01" language_code="gle" text=""/>
      <component_descriptor stream_content="0x03" stream_content_ext="0x0F" component_type="0x11" component_tag="0x01" language_code="fre" text=""/>
      <content_descriptor>
        <content content_nibble_level_1="1" content_nibble_level_2="0" user_byte="0x00"/>
        <content content_nibble_level_1="11" content_nibble_level_2="0" user_byte="0x10"/>
        <content content_nibble_level_1="11" content_nibble_level_2="15" user_byte="0x10"/>
      </content_descriptor>
      <parental_rating_descriptor>
        <country country_code="FRA" rating="0x10"/>
      </parental_rating_descriptor>
    </event>
    <event event_id="0x2788" start_time="2017-08-23 12:40:00" duration="01:30:00" running_status="not-running" CA_mode="true">
      <short_event_descriptor language_code="fre">
        <event_name>LA GUNGUNA</event_name>
        <text>RØalisØ par Ernesto Alemany en 2015. Avec Patricia Ascuasiati, Nashla Bogaert, Francisco Cruz. Film d'action dominicain.</text>
      </short_event_descriptor>
      <extended_event_descriptor descriptor_number="0" last_descriptor_number="1" language_code="fre">
        <text>RØalisØ par Ernesto Alemany en 2015. Avec Patricia Ascuasiati, Nashla Bogaert, Francisco Cruz. Film d'action dominicain. Un pistolet de calibre 22 semble porter malheur Ω toutes les personnes qui entrent en sa </text>
        <item>
          <description>AnnØe</description>
          <name>2015</name>
        </item>
        <item>
          <description>RØalisateur</description>
          <name>Ernesto Alemany</name>
        </item>
      </extended_event_descriptor>
      <extended_event_descriptor descriptor_number="1" last_descriptor_number="1" language_code="fre">
        <text>possession.</text>
      </extended_event_descriptor>
      <component_descriptor stream_content="0x01" stream_content_ext="0x0F" component_type="0x01" component_tag="0x01" language_code="fre" text=""/>
      <component_descriptor stream_content="0x02" stream_content_ext="0x0F" component_type="0x01" component_tag="0x01" language_code="spa" text=""/>
      <component_descriptor stream_content="0x03" stream_content_ext="0x0F" component_type="0x11" component_tag="0x01" language_code="fre" text=""/>
      <content_descriptor>
        <content content_nibble_level_1="1" content_nibble_level_2="2" user_byte="0x00"/>
        <content content_nibble_level_1="11" content_nibble_level_2="0" user_byte="0x10"/>
        <content content_nibble_level_1="11" content_nibble_level_2="15" user_byte="0x10"/>
      </content_descriptor>
      <parental_rating_descriptor>
        <country country_code="FRA" rating="0x10"/>
      </parental_rating_descriptor>
    </event>
  </EIT>
  <EIT type="pf" version="21" current="true" actual="false" service_id="0x1F45" transport_stream_id="0x042E" original_network_id="0x0001" last_table_id="0x4F">
    <metadata PID="18" first_ts_packet="17,909" last_ts_packet="75,530"/>
    <event event_id="0x1144" start_time="2017-08-23 10:00:00" duration="03:00:00" running_status="running" CA_mode="true">
      <short_event_descriptor language_code="fre">
        <event_name>FRANCEINFO: DEUX POINTS OUVREZ L'INFO</event_name>
        <text>Information non disponible.</text>
      </short_event_descriptor>
      <extended_event_descriptor descriptor_number="0" last_descriptor_number="0" language_code="fre">
        <text>Information non disponible.</text>
        <item>
          <description>PrØsentateur</description>
          <name>ClØmence de La Baume</name>
        </item>
      </extended_event_descriptor>
      <component_descriptor stream_content="0x01" stream_content_ext="0x0F" component_type="0x01" component_tag="0x01" language_code="fre" text=""/>
      <component_descriptor stream_content="0x02" stream_content_ext="0x0F" component_type="0x01" component_tag="0x01" language_code="fre" text=""/>
      <content_descriptor>
        <content content_nibble_level_1="9" content_nibble_level_2="1" user_byte="0x00"/>
        <content content_nibble_level_1="11" content_nibble_level_2="15" user_byte="0x00"/>
      </content_descriptor>
      <parental_rating_descriptor>
        <country country_code="FRA" rating="0x10"/>
      </parental_rating_descriptor>
    </event>
    <event event_id="0x1145" start_time="2017-08-23 13:00:00" duration="03:00:00" running_status="not-running" CA_mode="true">
      <short_event_descriptor language_code="fre">
        <event_name>FRANCEINFO: DEUX POINTS OUVREZ L'INFO</event_name>
        <text>Information non disponible.</text>
      </short_event_descriptor>
      <extended_event_descriptor descriptor_number="0" last_descriptor_number="0" language_code="fre">
        <text>Information non disponible.</text>
        <item>
          <description>PrØsentateur</description>
          <name>ClØmence de La Baume</name>
        </item>
      </extended_event_descriptor>
      <component_descriptor stream_content="0x01" stream_content_ext="0x0F" component_type="0x01" component_tag="0x01" language_code="fre" text=""/>
      <component_descriptor stream_content="0x02" stream_content_ext="0x0F" component_type="0x01" component_tag="0x01" language_code="fre" text=""/>
      <content_descriptor>
        <content content_nibble_level_1="9" content_nibble_level_2="1" user_byte="0x00"/>
        <content content_nibble_level_1="11" content_nibble_level_2="15" user_byte="0x00"/>
      </content_descriptor>
      <parental_rating_descriptor>
        <country country_code="FRA" rating="0x10"/>
      </parental_rating_descriptor>
    </event>
  </EIT>
  <BAT version="15" current="true" bouquet_id="0xC001">
    <metadata PID="17" first_ts_packet="75,740" last_ts_packet="75,740"/>
    <bouquet_name_descriptor bouquet_name="CanalSatellite"/>
    <private_data_specifier_descriptor private_data_specifier="CanalPlus"/>
    <linkage_descriptor transport_stream_id="0x044A" original_network_id="0x0001" service_id="0x0000" linkage_type="0x81"/>
    <linkage_descriptor transport_stream_id="0x044A" original_network_id="0x0001" service_id="0x0000" linkage_type="0x8B"/>
  </BAT>
  <EIT type="pf" version="7" current="true" actual="false" service_id="0x1F4B" transport_stream_id="0x042E" original_network_id="0x0001" last_table_id="0x4F">
    <metadata PID="18" first_ts_packet="18,050" last_ts_packet="76,099"/>
    <event event_id="0x9BEE" start_time="2017-08-23 11:45:00" duration="01:05:00" running_status="running" CA_mode="true">
      <short_event_descriptor language_code="fre">
        <event_name>LA PETITE MAISON DANS LA PRAIRIE</event_name>
        <text>DIFFUSE EN HD.  La petite maison dans la prairie SØrie sentimentale amØricaine avec Michael Landon, Moses Gunn. Saison 4. (10/22). "Le boxeur".</text>
      </short_event_descriptor>
      <extended_event_descriptor descriptor_number="0" last_descriptor_number="1" language_code="fre">
        <text>DIFFUSE EN HD.  La petite maison dans la prairie SØrie sentimentale amØricaine avec Michael Landon, Moses Gunn. Saison 4. (10/22). "Le boxeur". Le grand boxeur Joe Kagan, de passage Ω Walnut Grove, va participe</text>
        <item>
          <description>NationalitØ</description>
          <name>Etats-Unis</name>
        </item>
        <item>
          <description>TDE</description>
          <name>Le boxeur</name>
        </item>
      </extended_event_descriptor>
      <extended_event_descriptor descriptor_number="1" last_descriptor_number="1" language_code="fre">
        <text>r Ω un concours : l'homme qui arrivera Ω le vaincre gagnera un superbe prix.</text>
      </extended_event_descriptor>
      <component_descriptor stream_content="0x01" stream_content_ext="0x0F" component_type="0x0B" component_tag="0x01" language_code="fre" text=""/>
      <component_descriptor stream_content="0x02" stream_content_ext="0x0F" component_type="0x01" component_tag="0x01" language_code="fre" text=""/>
      <component_descriptor stream_content="0x03" stream_content_ext="0x0F" component_type="0x22" component_tag="0x01" language_code="fre" text=""/>
      <content_descriptor>
        <content content_nibble_level_1="5" content_nibble_level_2="0" user_byte="0x00"/>
        <content content_nibble_level_1="11" content_nibble_level_2="15" user_byte="0x00"/>
        <content content_nibble_level_1="11" content_nibble_level_2="15" user_byte="0x11"/>
        <content content_nibble_level_1="11" content_nibble_level_2="15" user_byte="0x30"/>
      </content_descriptor>
      <parental_rating_descriptor>
        <country country_code="FRA" rating="0x10"/>
      </parental_rating_descriptor>
      <private_data_specifier_descriptor private_data_specifier="CanalPlus"/>
      <generic_descriptor tag="0xE0">
        E2 85 10 40 00 1F 4B 04 2E 00 01 08 50 00 BF 00
        BF 11 BF 30 06 F3 22 F2 01 F1 0B
      </generic_descriptor>
      <generic_descriptor tag="0xE0">
        E2 86 09 50 00 1F 4B 04 2E 00 01 08 50 00 BF 00
        BF 11 BF 30 06 F3 22 F2 01 F1 0B
      </generic_descriptor>
    </event>
    <event event_id="0x9BEF" start_time="2017-08-23 12:50:00" duration="01:00:00" running_status="not-running" CA_mode="true">
      <short_event_descriptor language_code="fre">
        <event_name>LA PETITE MAISON DANS LA PRAIRIE</event_name>
        <text>DIFFUSE EN HD.  La petite maison dans la prairie SØrie sentimentale amØricaine avec Michael Landon, Alison Arngrim. Saison 4. (12/22). "Vive la mariØe".</text>
      </short_event_descriptor>
      <extended_event_descriptor descriptor_number="0" last_descriptor_number="1" language_code="fre">
        <text>DIFFUSE EN HD.  La petite maison dans la prairie SØrie sentimentale amØricaine avec Michael Landon, Alison Arngrim. Saison 4. (12/22). "Vive la mariØe". Nellie Oleson frØquente Luke Simms. Ses parents n'app</text>
        <item>
          <description>NationalitØ</description>
          <name>Etats-Unis</name>
        </item>
        <item>
          <description>TDE</description>
          <name>Vive la mariØe</name>
        </item>
      </extended_event_descriptor>
      <extended_event_descriptor descriptor_number="1" last_descriptor_number="1" language_code="fre">
        <text>rouvant pas du tout cette relation, Nellie envisage de fuguer avec le jeune homme et de se marier.</text>
      </extended_event_descriptor>
      <component_descriptor stream_content="0x01" stream_content_ext="0x0F" component_type="0x0B" component_tag="0x01" language_code="fre" text=""/>
      <component_descriptor stream_content="0x02" stream_content_ext="0x0F" component_type="0x01" component_tag="0x01" language_code="fre" text=""/>
      <component_descriptor stream_content="0x03" stream_content_ext="0x0F" component_type="0x22" component_tag="0x01" language_code="fre" text=""/>
      <content_descriptor>
        <content content_nibble_level_1="5" content_nibble_level_2="0" user_byte="0x00"/>
        <content content_nibble_level_1="11" content_nibble_level_2="15" user_byte="0x00"/>
        <content content_nibble_level_1="11" content_nibble_level_2="15" user_byte="0x11"/>
        <content content_nibble_level_1="11" content_nibble_level_2="15" user_byte="0x30"/>
      </content_descriptor>
      <parental_rating_descriptor>
        <country country_code="FRA" rating="0x10"/>
      </parental_rating_descriptor>
      <private_data_specifier_descriptor private_data_specifier="CanalPlus"/>
      <generic_descriptor tag="0xE0">
        E2 85 11 45 00 1F 4B 04 2E 00 01 08 50 00 BF 00
        BF 11 BF 30 06 F3 22 F2 01 F1 0B
      </generic_descriptor>
      <generic_descriptor tag="0xE0">
        E2 86 10 40 00 1F 4B 04 2E 00 01 08 50 00 BF 00
        BF 11 BF 30 06 F3 22 F2 01 F1 0B
      </generic_descriptor>
      <generic_descriptor tag="0xE0">
        E2 89 09 50 00 1F 4B 04 2E 00 01 08 50 00 BF 00
        BF 11 BF 30 06 F3 22 F2 01 F1 0B
      </generic_descriptor>
    </event>
  </EIT>
  <EIT type="pf" version="25" current="true" actual="false" service_id="0x196C" transport_stream_id="0x044E" original_network_id="0x0001" last_table_id="0x4F">
    <metadata PID="18" first_ts_packet="18,597" last_ts_packet="76,493"/>
    <event event_id="0x2B4D" start_time="2017-08-23 11:42:00" duration="01:30:00" running_status="running" CA_mode="true">
      <short_event_descriptor language_code="fre">
        <event_name>PASCAL LEGITIMUS : ALONE MAN SHOW</event_name>
        <text>DIFFUSE EN HD.  Pascal LØgitimus : Alone Man Show Spectacle. Humour. Avec Pascal LØgitimus. EnregistrØ Ω Bobino, Ω Paris, le 30 mai 2015.</text>
      </short_event_descriptor>
      <extended_event_descriptor descriptor_number="0" last_descriptor_number="0" language_code="fre">
        <text>DIFFUSE EN HD.  Pascal LØgitimus : Alone Man Show Spectacle. Humour. Avec Pascal LØgitimus. EnregistrØ Ω Bobino, Ω Paris, le 30 mai 2015. Mise en scŁne de Gil Galliot.</text>
        <item>
          <description>InterprŁte</description>
          <name>Pascal LØgitimus</name>
        </item>
      </extended_event_descriptor>
      <component_descriptor stream_content="0x01" stream_content_ext="0x0F" component_type="0x0B" component_tag="0x01" language_code="fre" text=""/>
      <component_descriptor stream_content="0x02" stream_content_ext="0x0F" component_type="0x03" component_tag="0x01" language_code="fre" text=""/>
      <content_descriptor>
        <content content_nibble_level_1="7" content_nibble_level_2="2" user_byte="0x00"/>
        <content content_nibble_level_1="11" content_nibble_level_2="15" user_byte="0x00"/>
        <content content_nibble_level_1="11" content_nibble_level_2="15" user_byte="0x30"/>
      </content_descriptor>
      <parental_rating_descriptor>
        <country country_code="FRA" rating="0x10"/>
      </parental_rating_descriptor>
    </event>
    <event event_id="0x2B4E" start_time="2017-08-23 13:12:00" duration="01:50:00" running_status="not-running" CA_mode="true">
      <short_event_descriptor language_code="fre">
        <event_name>STEPHANE ROUSSEAU : ONE MAN SHOW AU BATACLAN</event_name>
        <text>StØphane Rousseau : One Man Show au Bataclan Spectacle. Avec S. Rousseau, M. Saint-Germain. EnregistrØ au Bataclan, Ω Paris, en  2006.</text>
      </short_event_descriptor>
      <extended_event_descriptor descriptor_number="0" last_descriptor_number="1" language_code="fre">
        <text>StØphane Rousseau : One Man Show au Bataclan Spectacle. Avec S. Rousseau, M. Saint-Germain. EnregistrØ au Bataclan, Ω Paris, en  2006. Comique, danseur, chanteur et comØdien, StØphane Rousseau maŊtrise comme personne le</text>
        <item>
          <description>InterprŁte</description>
          <name>StØphane Rousseau</name>
        </item>
      </extended_event_descriptor>
      <extended_event_descriptor descriptor_number="1" last_descriptor_number="1" language_code="fre">
        <text>s arts du spectacle.</text>
      </extended_event_descriptor>
      <component_descriptor stream_content="0x01" stream_content_ext="0x0F" component_type="0x03" component_tag="0x01" language_code="fre" text=""/>
      <component_descriptor stream_content="0x02" stream_content_ext="0x0F" component_type="0x03" component_tag="0x01" language_code="fre" text=""/>
      <content_descriptor>
        <content content_nibble_level_1="7" content_nibble_level_2="2" user_byte="0x00"/>
        <content content_nibble_level_1="11" content_nibble_level_2="15" user_byte="0x00"/>
        <content content_nibble_level_1="11" content_nibble_level_2="15" user_byte="0x20"/>
      </content_descriptor>
      <parental_rating_descriptor>
        <country country_code="FRA" rating="0x10"/>
      </parental_rating_descriptor>
      <private_data_specifier_descriptor private_data_specifier="CanalPlus"/>
      <generic_descriptor tag="0xE0">
        E2 8E 12 55 00 19 6C 04 4E 00 01 06 72 00 BF 00
        BF 20 04 F2 03 F1 03
      </generic_descriptor>
    </event>
  </EIT>
  <EIT type="pf" version="5" current="true" actual="false" service_id="0x2083" transport_stream_id="0x0432" original_network_id="0x0001" last_table_id="0x4F">
    <metadata PID="18" first_ts_packet="18,900" last_ts_packet="76,875"/>
    <event event_id="0x2CA8" start_time="2017-08-23 11:55:00" duration="00:11:00" running_status="running" CA_mode="false">
      <short_event_descriptor language_code="fre">
        <event_name>REKKIT</event_name>
        <text>SØrie d'animation franĿaise. Saison 2. (9/26). "Les justiciers masquØs".</text>
      </short_event_descriptor>
      <extended_event_descriptor descriptor_number="0" last_descriptor_number="0" language_code="fre">
        <text>SØrie d'animation franĿaise. Saison 2. (9/26). "Les justiciers masquØs". Jay et Rekkit dØcident d'utiliser la magie pour lutter contre la criminalitØ et se transforment en un duo de pourfendeurs masquØs.</text>
        <item>
          <description>NationalitØ</description>
          <name>France</name>
        </item>
        <item>
          <description>TDE</description>
          <name>Les justiciers masquØs</name>
        </item>
      </extended_event_descriptor>
      <component_descriptor stream_content="0x01" stream_content_ext="0x0F" component_type="0x01" component_tag="0x01" language_code="fre" text=""/>
      <component_descriptor stream_content="0x02" stream_content_ext="0x0F" component_type="0x01" component_tag="0x01" language_code="fre" text=""/>
      <content_descriptor>
        <content content_nibble_level_1="3" content_nibble_level_2="5" user_byte="0x00"/>
        <content content_nibble_level_1="11" content_nibble_level_2="15" user_byte="0x00"/>
      </content_descriptor>
      <parental_rating_descriptor>
        <country country_code="FRA" rating="0x10"/>
      </parental_rating_descriptor>
      <private_data_specifier_descriptor private_data_specifier="CanalPlus"/>
      <generic_descriptor tag="0xE0">
        E2 84 23 21 00 20 83 04 32 00 01 04 35 00 BF 00
        04 F2 01 F1 01
      </generic_descriptor>
      <generic_descriptor tag="0xE0">
        E2 89 01 11 00 20 83 04 32 00 01 04 35 00 BF 00
        04 F2 01 F1 01
      </generic_descriptor>
    </event>
    <event event_id="0x2CA9" start_time="2017-08-23 12:06:00" duration="00:15:00" running_status="not-running" CA_mode="false">
      <short_event_descriptor language_code="fre">
        <event_name>REKKIT</event_name>
        <text>SØrie d'animation franĿaise. Saison 2. (10/26). "Une vie de star".</text>
      </short_event_descriptor>
      <extended_event_descriptor descriptor_number="0" last_descriptor_number="1" language_code="fre">
        <text>SØrie d'animation franĿaise. Saison 2. (10/26). "Une vie de star". Suite Ω une discussion pour savoir qui est l'acteur phare du moment, Rekkit fait sortir de l'Øcran la diva, Tallulah Monsoon et la fait venir Ω</text>
        <item>
          <description>NationalitØ</description>
          <name>France</name>
        </item>
        <item>
          <description>TDE</description>
          <name>Une vie de star</name>
        </item>
      </extended_event_descriptor>
      <extended_event_descriptor descriptor_number="1" last_descriptor_number="1" language_code="fre">
        <text> Boucan-Les-Bains.</text>
      </extended_event_descriptor>
      <component_descriptor stream_content="0x01" stream_content_ext="0x0F" component_type="0x01" component_tag="0x01" language_code="fre" text=""/>
      <component_descriptor stream_content="0x02" stream_content_ext="0x0F" component_type="0x01" component_tag="0x01" language_code="fre" text=""/>
      <content_descriptor>
        <content content_nibble_level_1="3" content_nibble_level_2="5" user_byte="0x00"/>
        <content content_nibble_level_1="11" content_nibble_level_2="15" user_byte="0x00"/>
      </content_descriptor>
      <parental_rating_descriptor>
        <country country_code="FRA" rating="0x10"/>
      </parental_rating_descriptor>
      <private_data_specifier_descriptor private_data_specifier="CanalPlus"/>
      <generic_descriptor tag="0xE0">
        E2 85 23 00 00 20 83 04 32 00 01 04 35 00 BF 00
        04 F2 01 F1 01
      </generic_descriptor>
      <generic_descriptor tag="0xE0">
        E2 89 01 22 00 20 83 04 32 00 01 04 35 00 BF 00
        04 F2 01 F1 01
      </generic_descriptor>
    </event>
  </EIT>
  <EIT type="pf" version="26" current="true" actual="false" service_id="0x26B4" transport_stream_id="0x043E" original_network_id="0x0001" last_table_id="0x4F">
    <metadata PID="18" first_ts_packet="19,197" last_ts_packet="77,209"/>
    <event event_id="0x917C" start_time="2017-08-23 11:00:00" duration="01:10:00" running_status="running" CA_mode="true">
      <short_event_descriptor language_code="fre">
        <event_name>REGULAR SHOW XXL</event_name>
        <text>SØrie d'animation. (n°1).</text>
      </short_event_descriptor>
      <extended_event_descriptor descriptor_number="0" last_descriptor_number="1" language_code="fre">
        <text>SØrie d'animation. (n°1). AprŁs la diffusion du dernier Øpisode lors du weekend spØcial du 8 et 9 juillet, Cartoon Network propose, pendant tout l'ØtØ, de retrouver l'intØgralitØ de cette sØrie qui compte plus de 250 Øpisodes </text>
        <item>
          <description>Numero de l'Øpisode</description>
          <name>1</name>
        </item>
      </extended_event_descriptor>
      <extended_event_descriptor descriptor_number="1" last_descriptor_number="1" language_code="fre">
        <text>et un film.</text>
      </extended_event_descriptor>
      <component_descriptor stream_content="0x01" stream_content_ext="0x0F" component_type="0x01" component_tag="0x01" language_code="fre" text=""/>
      <component_descriptor stream_content="0x02" stream_content_ext="0x0F" component_type="0x03" component_tag="0x01" language_code="fre" text=""/>
      <component_descriptor stream_content="0x02" stream_content_ext="0x0F" component_type="0x03" component_tag="0x01" language_code="eng" text=""/>
      <content_descriptor>
        <content content_nibble_level_1="3" content_nibble_level_2="5" user_byte="0x00"/>
        <content content_nibble_level_1="11" content_nibble_level_2="15" user_byte="0x01"/>
      </content_descriptor>
      <parental_rating_descriptor>
        <country country_code="FRA" rating="0x10"/>
      </parental_rating_descriptor>
      <private_data_specifier_descriptor private_data_specifier="CanalPlus"/>
      <generic_descriptor tag="0xE0">
        E2 85 11 00 00 26 B4 04 3E 00 01 04 35 00 BF 01
        04 F2 03 F1 01
      </generic_descriptor>
      <generic_descriptor tag="0xE0">
        E2 86 11 00 00 26 B4 04 3E 00 01 04 35 00 BF 01
        04 F2 03 F1 01
      </generic_descriptor>
      <generic_descriptor tag="0xE0">
        E2 87 11 00 00 26 B4 04 3E 00 01 04 35 00 BF 01
        04 F2 03 F1 01
      </generic_descriptor>
      <generic_descriptor tag="0xE0">
        E2 88 11 00 00 26 B4 04 3E 00 01 04 35 00 BF 01
        04 F2 03 F1 01
      </generic_descriptor>
      <generic_descriptor tag="0xE0">
        E2 89 11 00 00 26 B4 04 3E 00 01 04 35 00 BF 01
        04 F2 03 F1 01
      </generic_descriptor>
      <generic_descriptor tag="0xE0">
        E2 8A 11 00 00 26 B4 04 3E 00 01 04 35 00 BF 01
        04 F2 03 F1 01
      </generic_descriptor>
    </event>
    <event event_id="0x917D" start_time="2017-08-23 12:10:00" duration="00:10:00" running_status="not-running" CA_mode="true">
      <short_event_descriptor language_code="fre">
        <event_name>ADVENTURE TIME</event_name>
        <text>SØrie d'animation amØricaine. Saison 1. (21/26). "Le larbin".</text>
      </short_event_descriptor>
      <extended_event_descriptor descriptor_number="0" last_descriptor_number="0" language_code="fre">
        <text>SØrie d'animation amØricaine. Saison 1. (21/26). "Le larbin". Finn devient le nouveau larbin de Marceline : il l'embarque avec elle et son armØe de squelettes et le contraint de faire le mal partout oø il passe.</text>
        <item>
          <description>NationalitØ</description>
          <name>Etats-Unis</name>
        </item>
        <item>
          <description>TDE</description>
          <name>Le larbin</name>
        </item>
      </extended_event_descriptor>
      <component_descriptor stream_content="0x01" stream_content_ext="0x0F" component_type="0x01" component_tag="0x01" language_code="fre" text=""/>
      <component_descriptor stream_content="0x02" stream_content_ext="0x0F" component_type="0x03" component_tag="0x01" language_code="fre" text=""/>
      <component_descriptor stream_content="0x02" stream_content_ext="0x0F" component_type="0x03" component_tag="0x01" language_code="eng" text=""/>
      <content_descriptor>
        <content content_nibble_level_1="3" content_nibble_level_2="5" user_byte="0x00"/>
        <content content_nibble_level_1="11" content_nibble_level_2="15" user_byte="0x01"/>
      </content_descriptor>
      <parental_rating_descriptor>
        <country country_code="FRA" rating="0x10"/>
      </parental_rating_descriptor>
      <private_data_specifier_descriptor private_data_specifier="CanalPlus"/>
      <generic_descriptor tag="0xE0">
        E2 85 04 20 00 26 B4 04 3E 00 01 04 35 00 BF 01
        04 F2 03 F1 01
      </generic_descriptor>
      <generic_descriptor tag="0xE0">
        E2 8E 21 00 00 26 B4 04 3E 00 01 04 35 00 BF 01
        04 F2 03 F1 01
      </generic_descriptor>
    </event>
  </EIT>
  <EIT type="pf" version="28" current="true" actual="false" service_id="0x22CA" transport_stream_id="0x0434" original_network_id="0x0001" last_table_id="0x4F">
    <metadata PID="18" first_ts_packet="19,571" last_ts_packet="77,466"/>
    <event event_id="0x139D" start_time="2017-08-23 11:29:00" duration="00:31:00" running_status="running" CA_mode="true">
      <short_event_descriptor language_code="fre">
        <event_name>PRINCESSE SOFIA</event_name>
        <text>Saison 2. (n°9). "Les inventions de Gwen".</text>
      </short_event_descriptor>
      <extended_event_descriptor descriptor_number="0" last_descriptor_number="0" language_code="fre">
        <text>Saison 2. (n°9). "Les inventions de Gwen". Sofia rencontre Gwen, une jeune cuisiniŁre qui invente des ustensiles de cuisine. Sofia encourage vivement Gwen Ω poursuivre ses crØations.</text>
        <item>
          <description>NationalitØ</description>
          <name>Etats-Unis</name>
        </item>
        <item>
          <description>Numero de l'Øpisode</description>
          <name>9</name>
        </item>
      </extended_event_descriptor>
      <component_descriptor stream_content="0x01" stream_content_ext="0x0F" component_type="0x01" component_tag="0x01" language_code="fre" text=""/>
      <component_descriptor stream_content="0x02" stream_content_ext="0x0F" component_type="0x03" component_tag="0x01" language_code="fre" text=""/>
      <component_descriptor stream_content="0x02" stream_content_ext="0x0F" component_type="0x03" component_tag="0x01" language_code="eng" text=""/>
      <content_descriptor>
        <content content_nibble_level_1="3" content_nibble_level_2="1" user_byte="0x00"/>
        <content content_nibble_level_1="11" content_nibble_level_2="15" user_byte="0x01"/>
      </content_descriptor>
      <parental_rating_descriptor>
        <country country_code="FRA" rating="0x10"/>
      </parental_rating_descriptor>
    </event>
    <event event_id="0x139E" start_time="2017-08-23 12:00:00" duration="00:16:00" running_status="not-running" CA_mode="true">
      <short_event_descriptor language_code="fre">
        <event_name>DOCTEUR LA PELUCHE</event_name>
        <text>SØrie d'animation amØricaine. Saison 3. "Le dragon ØgratignØ".</text>
      </short_event_descriptor>
      <extended_event_descriptor descriptor_number="0" last_descriptor_number="0" language_code="fre">
        <text>SØrie d'animation amØricaine. Saison 3. "Le dragon ØgratignØ". Toufy s'Øgratigne le ventre au cours d'une partie de ping-pong contre Hallie.</text>
        <item>
          <description>NationalitØ</description>
          <name>Etats-Unis</name>
        </item>
        <item>
          <description>TDE</description>
          <name>Le dragon ØgratignØ</name>
        </item>
      </extended_event_descriptor>
      <component_descriptor stream_content="0x01" stream_content_ext="0x0F" component_type="0x01" component_tag="0x01" language_code="fre" text=""/>
      <component_descriptor stream_content="0x02" stream_content_ext="0x0F" component_type="0x03" component_tag="0x01" language_code="fre" text=""/>
      <component_descriptor stream_content="0x02" stream_content_ext="0x0F" component_type="0x03" component_tag="0x01" language_code="eng" text=""/>
      <content_descriptor>
        <content content_nibble_level_1="3" content_nibble_level_2="5" user_byte="0x00"/>
        <content content_nibble_level_1="11" content_nibble_level_2="15" user_byte="0x01"/>
      </content_descriptor>
      <parental_rating_descriptor>
        <country country_code="FRA" rating="0x10"/>
      </parental_rating_descriptor>
    </event>
  </EIT>
  <EIT type="pf" version="28" current="true" actual="false" service_id="0x19D1" transport_stream_id="0x0444" original_network_id="0x0001" last_table_id="0x4F">
    <metadata PID="18" first_ts_packet="19,921" last_ts_packet="77,869"/>
    <event event_id="0x5F53" start_time="2017-08-23 11:20:00" duration="01:25:00" running_status="running" CA_mode="true">
      <short_event_descriptor language_code="fre">
        <event_name>FESTIVAL DE RADIO FRANCE ET MONTPELLIER 2013</event_name>
        <text>Festival de Radio France et Montpellier "Musique sacrØe de l'Espagne mØdiØvale : le «Llibre Vermell» et les «Cantigas de Santa Maria»".</text>
      </short_event_descriptor>
      <extended_event_descriptor descriptor_number="0" last_descriptor_number="1" language_code="fre">
        <text>Festival de Radio France et Montpellier "Musique sacrØe de l'Espagne mØdiØvale : le «Llibre Vermell» et les «Cantigas de Santa Maria»". EnregistrØ en la cathØdrale d'Elne, le 19 juillet 2013. Au programme : Extraits de «Liv</text>
        <item>
          <description>InterprŁte</description>
          <name>Simone Sorini</name>
        </item>
      </extended_event_descriptor>
      <extended_event_descriptor descriptor_number="1" last_descriptor_number="1" language_code="fre">
        <text>re Vermeil», de Montserrat. RØalisation d'Olivier Simonnet.</text>
      </extended_event_descriptor>
      <component_descriptor stream_content="0x01" stream_content_ext="0x0F" component_type="0x01" component_tag="0x01" language_code="fre" text=""/>
      <component_descriptor stream_content="0x02" stream_content_ext="0x0F" component_type="0x03" component_tag="0x01" language_code="fre" text=""/>
      <content_descriptor>
        <content content_nibble_level_1="8" content_nibble_level_2="2" user_byte="0x00"/>
        <content content_nibble_level_1="11" content_nibble_level_2="15" user_byte="0x00"/>
      </content_descriptor>
      <parental_rating_descriptor>
        <country country_code="FRA" rating="0x10"/>
      </parental_rating_descriptor>
      <private_data_specifier_descriptor private_data_specifier="CanalPlus"/>
      <generic_descriptor tag="0xE0">
        E2 89 15 25 00 19 D1 04 44 00 01 04 82 00 BF 00
        04 F2 03 F1 01
      </generic_descriptor>
    </event>
    <event event_id="0x5F54" start_time="2017-08-23 12:45:00" duration="01:00:00" running_status="not-running" CA_mode="true">
      <short_event_descriptor language_code="fre">
        <event_name>EN DIRECT DE... L'ERE DE LA MUSIQUE</event_name>
        <text>En direct de... l'Ere de la musique Documentaire franĿais rØalisØ par Reiner Moritz en 2012.</text>
      </short_event_descriptor>
      <extended_event_descriptor descriptor_number="0" last_descriptor_number="1" language_code="fre">
        <text>En direct de... l'Ere de la musique Documentaire franĿais rØalisØ par Reiner Moritz en 2012. De la captation en direct d'un concert d'Arturo Toscanini en 1948 Ω la retransmission d'opØras dans les salles de cinØm</text>
        <item>
          <description>AnnØe</description>
          <name>2012</name>
        </item>
        <item>
          <description>RØalisateur</description>
          <name>Reiner Moritz</name>
        </item>
      </extended_event_descriptor>
      <extended_event_descriptor descriptor_number="1" last_descriptor_number="1" language_code="fre">
        <text>a de nos jours : histoire musicale de la tØlØvision.</text>
      </extended_event_descriptor>
      <component_descriptor stream_content="0x01" stream_content_ext="0x0F" component_type="0x01" component_tag="0x01" language_code="fre" text=""/>
      <component_descriptor stream_content="0x02" stream_content_ext="0x0F" component_type="0x03" component_tag="0x01" language_code="fre" text=""/>
      <content_descriptor>
        <content content_nibble_level_1="4" content_nibble_level_2="9" user_byte="0x00"/>
        <content content_nibble_level_1="11" content_nibble_level_2="15" user_byte="0x00"/>
      </content_descriptor>
      <parental_rating_descriptor>
        <country country_code="FRA" rating="0x10"/>
      </parental_rating_descriptor>
      <private_data_specifier_descriptor private_data_specifier="CanalPlus"/>
      <generic_descriptor tag="0xE0">
        E2 87 08 35 00 19 D1 04 44 00 01 04 49 00 BF 00
        04 F2 03 F1 01
      </generic_descriptor>
    </event>
  </EIT>
  <EIT type="pf" version="23" current="true" actual="false" service_id="0x2200" transport_stream_id="0x044C" original_network_id="0x0001" last_table_id="0x4F">
    <metadata PID="18" first_ts_packet="20,845" last_ts_packet="78,738"/>
    <event event_id="0xA1EF" start_time="2017-08-23 11:20:00" duration="01:40:00" running_status="running" CA_mode="false">
      <short_event_descriptor language_code="fre">
        <event_name>TELLEMENT VRAI</event_name>
        <text>Aventures peu banales ou expØriences partagØes par de nombreuses personnes, «Tellement vrai» s'intØresse Ω quatre destins.</text>
      </short_event_descriptor>
      <extended_event_descriptor descriptor_number="0" last_descriptor_number="0" language_code="fre">
        <text>Aventures peu banales ou expØriences partagØes par de nombreuses personnes, «Tellement vrai» s'intØresse Ω quatre destins.</text>
      </extended_event_descriptor>
      <component_descriptor stream_content="0x01" stream_content_ext="0x0F" component_type="0x03" component_tag="0x01" language_code="fre" text=""/>
      <component_descriptor stream_content="0x02" stream_content_ext="0x0F" component_type="0x03" component_tag="0x01" language_code="fre" text=""/>
      <content_descriptor>
        <content content_nibble_level_1="4" content_nibble_level_2="0" user_byte="0x00"/>
        <content content_nibble_level_1="11" content_nibble_level_2="15" user_byte="0x00"/>
      </content_descriptor>
      <parental_rating_descriptor>
        <country country_code="FRA" rating="0x10"/>
      </parental_rating_descriptor>
    </event>
    <event event_id="0xA1F0" start_time="2017-08-23 13:00:00" duration="01:30:00" running_status="not-running" CA_mode="false">
      <short_event_descriptor language_code="fre">
        <event_name>TELLEMENT VRAI</event_name>
        <text>Aventures peu banales ou expØriences partagØes par de nombreuses personnes, «Tellement vrai» s'intØresse Ω quatre destins.</text>
      </short_event_descriptor>
      <extended_event_descriptor descriptor_number="0" last_descriptor_number="0" language_code="fre">
        <text>Aventures peu banales ou expØriences partagØes par de nombreuses personnes, «Tellement vrai» s'intØresse Ω quatre destins.</text>
      </extended_event_descriptor>
      <component_descriptor stream_content="0x01" stream_content_ext="0x0F" component_type="0x03" component_tag="0x01" language_code="fre" text=""/>
      <component_descriptor stream_content="0x02" stream_content_ext="0x0F" component_type="0x03" component_tag="0x01" language_code="fre" text=""/>
      <content_descriptor>
        <content content_nibble_level_1="4" content_nibble_level_2="0" user_byte="0x00"/>
        <content content_nibble_level_1="11" content_nibble_level_2="15" user_byte="0x00"/>
      </content_descriptor>
      <parental_rating_descriptor>
        <country country_code="FRA" rating="0x10"/>
      </parental_rating_descriptor>
    </event>
  </EIT>
  <EIT type="pf" version="15" current="true" actual="false" service_id="0x2204" transport_stream_id="0x044C" original_network_id="0x0001" last_table_id="0x4F">
    <metadata PID="18" first_ts_packet="21,144" last_ts_packet="78,738"/>
    <event event_id="0x1E22" start_time="2017-08-23 04:34:00" duration="16:57:00" running_status="running" CA_mode="true">
      <short_event_descriptor language_code="fre">
        <event_name>FIN DES PROGRAMMES</event_name>
        <text>(-18)  Information non disponible.</text>
      </short_event_descriptor>
      <extended_event_descriptor descriptor_number="0" last_descriptor_number="0" language_code="fre">
        <text>(-18)  Information non disponible.</text>
      </extended_event_descriptor>
      <component_descriptor stream_content="0x01" stream_content_ext="0x0F" component_type="0x01" component_tag="0x01" language_code="fre" text=""/>
      <component_descriptor stream_content="0x02" stream_content_ext="0x0F" component_type="0x01" component_tag="0x01" language_code="fre" text=""/>
      <content_descriptor>
        <content content_nibble_level_1="7" content_nibble_level_2="0" user_byte="0x00"/>
        <content content_nibble_level_1="11" content_nibble_level_2="15" user_byte="0x00"/>
      </content_descriptor>
      <parental_rating_descriptor>
        <country country_code="FRA" rating="0x14"/>
      </parental_rating_descriptor>
    </event>
    <event event_id="0x1E23" start_time="2017-08-23 21:31:00" duration="00:01:00" running_status="not-running" CA_mode="true">
      <short_event_descriptor language_code="fre">
        <event_name>100% TEENS</event_name>
        <text>(-18)  Information non disponible.</text>
      </short_event_descriptor>
      <extended_event_descriptor descriptor_number="0" last_descriptor_number="0" language_code="fre">
        <text>(-18)  Information non disponible.</text>
      </extended_event_descriptor>
      <component_descriptor stream_content="0x01" stream_content_ext="0x0F" component_type="0x01" component_tag="0x01" language_code="fre" text=""/>
      <component_descriptor stream_content="0x02" stream_content_ext="0x0F" component_type="0x01" component_tag="0x01" language_code="fre" text=""/>
      <content_descriptor>
        <content content_nibble_level_1="1" content_nibble_level_2="13" user_byte="0x00"/>
        <content content_nibble_level_1="11" content_nibble_level_2="15" user_byte="0x00"/>
      </content_descriptor>
      <parental_rating_descriptor>
        <country country_code="FRA" rating="0x14"/>
      </parental_rating_descriptor>
    </event>
  </EIT>
  <EIT type="pf" version="26" current="true" actual="false" service_id="0x2208" transport_stream_id="0x044C" original_network_id="0x0001" last_table_id="0x4F">
    <metadata PID="18" first_ts_packet="21,144" last_ts_packet="78,863"/>
    <event event_id="0x6823" start_time="2017-08-23 11:30:00" duration="01:45:00" running_status="running" CA_mode="true">
      <short_event_descriptor language_code="fre">
        <event_name>NANCY (L2) / ORLEANS (L2)</event_name>
        <text>Nancy (L2) / OrlØans (L2) Coupe de la Ligue. 2e tour.</text>
      </short_event_descriptor>
      <extended_event_descriptor descriptor_number="0" last_descriptor_number="0" language_code="fre">
        <text>Nancy (L2) / OrlØans (L2) Coupe de la Ligue. 2e tour.</text>
      </extended_event_descriptor>
      <component_descriptor stream_content="0x01" stream_content_ext="0x0F" component_type="0x01" component_tag="0x01" language_code="fre" text=""/>
      <component_descriptor stream_content="0x02" stream_content_ext="0x0F" component_type="0x01" component_tag="0x01" language_code="fre" text=""/>
      <content_descriptor>
        <content content_nibble_level_1="2" content_nibble_level_2="1" user_byte="0x00"/>
        <content content_nibble_level_1="11" content_nibble_level_2="15" user_byte="0x00"/>
      </content_descriptor>
      <parental_rating_descriptor>
        <country country_code="FRA" rating="0x10"/>
      </parental_rating_descriptor>
    </event>
    <event event_id="0x6824" start_time="2017-08-23 13:15:00" duration="01:45:00" running_status="not-running" CA_mode="true">
      <short_event_descriptor language_code="fre">
        <event_name>TOURS (L2) / LE HAVRE (L2)</event_name>
        <text>Tours (L2) / Le Havre (L2) Coupe de la Ligue. 2e tour.</text>
      </short_event_descriptor>
      <extended_event_descriptor descriptor_number="0" last_descriptor_number="0" language_code="fre">
        <text>Tours (L2) / Le Havre (L2) Coupe de la Ligue. 2e tour.</text>
      </extended_event_descriptor>
      <component_descriptor stream_content="0x01" stream_content_ext="0x0F" component_type="0x01" component_tag="0x01" language_code="fre" text=""/>
      <component_descriptor stream_content="0x02" stream_content_ext="0x0F" component_type="0x01" component_tag="0x01" language_code="fre" text=""/>
      <content_descriptor>
        <content content_nibble_level_1="2" content_nibble_level_2="1" user_byte="0x00"/>
        <content content_nibble_level_1="11" content_nibble_level_2="15" user_byte="0x00"/>
      </content_descriptor>
      <parental_rating_descriptor>
        <country country_code="FRA" rating="0x10"/>
      </parental_rating_descriptor>
    </event>
  </EIT>
  <EIT type="pf" version="5" current="true" actual="false" service_id="0x2013" transport_stream_id="0x0430" original_network_id="0x0001" last_table_id="0x4F">
    <metadata PID="18" first_ts_packet="21,452" last_ts_packet="79,298"/>
    <event event_id="0x518B" start_time="2017-08-23 11:00:00" duration="02:45:00" running_status="running" CA_mode="true">
      <short_event_descriptor language_code="fre">
        <event_name>NEW YORK GIANTS / CLEVELAND BROWNS</event_name>
        <text>NFL. PrØsaison. 2e journØe. New York Giants / Cleveland Browns.</text>
      </short_event_descriptor>
      <extended_event_descriptor descriptor_number="0" last_descriptor_number="0" language_code="fre">
        <text>NFL. PrØsaison. 2e journØe. New York Giants / Cleveland Browns.</text>
      </extended_event_descriptor>
      <component_descriptor stream_content="0x01" stream_content_ext="0x0F" component_type="0x01" component_tag="0x01" language_code="fre" text=""/>
      <component_descriptor stream_content="0x02" stream_content_ext="0x0F" component_type="0x01" component_tag="0x01" language_code="fre" text=""/>
      <content_descriptor>
        <content content_nibble_level_1="2" content_nibble_level_2="0" user_byte="0x00"/>
        <content content_nibble_level_1="11" content_nibble_level_2="15" user_byte="0x00"/>
      </content_descriptor>
      <parental_rating_descriptor>
        <country country_code="FRA" rating="0x10"/>
      </parental_rating_descriptor>
      <private_data_specifier_descriptor private_data_specifier="CanalPlus"/>
      <generic_descriptor tag="0xE0">
        E2 85 06 45 00 20 13 04 30 00 01 04 20 00 BF 00
        04 F2 01 F1 01
      </generic_descriptor>
      <generic_descriptor tag="0xE0">
        E2 86 11 30 00 20 13 04 30 00 01 04 20 00 BF 00
        04 F2 01 F1 01
      </generic_descriptor>
    </event>
    <event event_id="0x518A" start_time="2017-08-23 13:45:00" duration="02:15:00" running_status="not-running" CA_mode="true">
      <short_event_descriptor language_code="fre">
        <event_name>PITTSBURGH PIRATES / ST LOUIS CARDINALS</event_name>
        <text>Major League Baseball 2017. Pittsburgh Pirates / St Louis Cardinals.</text>
      </short_event_descriptor>
      <extended_event_descriptor descriptor_number="0" last_descriptor_number="0" language_code="fre">
        <text>Major League Baseball 2017. Pittsburgh Pirates / St Louis Cardinals. Les St Louis Cardinals, qui avaient brillØ la saison derniŁre, se retrouvent un peu en milieu de classement de la National League, dans la partie centrale de leur championnat.</text>
      </extended_event_descriptor>
      <component_descriptor stream_content="0x01" stream_content_ext="0x0F" component_type="0x01" component_tag="0x01" language_code="fre" text=""/>
      <component_descriptor stream_content="0x02" stream_content_ext="0x0F" component_type="0x01" component_tag="0x01" language_code="fre" text=""/>
      <content_descriptor>
        <content content_nibble_level_1="2" content_nibble_level_2="0" user_byte="0x00"/>
        <content content_nibble_level_1="11" content_nibble_level_2="15" user_byte="0x00"/>
      </content_descriptor>
      <parental_rating_descriptor>
        <country country_code="FRA" rating="0x10"/>
      </parental_rating_descriptor>
      <private_data_specifier_descriptor private_data_specifier="CanalPlus"/>
      <generic_descriptor tag="0xE0">
        E2 85 11 45 00 20 13 04 30 00 01 04 20 00 BF 00
        04 F2 01 F1 01
      </generic_descriptor>
    </event>
  </EIT>
  <EIT type="pf" version="14" current="true" actual="false" service_id="0x2332" transport_stream_id="0x0442" original_network_id="0x0001" last_table_id="0x4F">
    <metadata PID="18" first_ts_packet="21,591" last_ts_packet="79,412"/>
    <event event_id="0x034A" start_time="2017-08-23 08:00:00" duration="06:00:00" running_status="running" CA_mode="true">
      <short_event_descriptor language_code="fre">
        <event_name>LE JT</event_name>
        <text>JT sport.</text>
      </short_event_descriptor>
      <extended_event_descriptor descriptor_number="0" last_descriptor_number="0" language_code="fre">
        <text>JT sport.</text>
      </extended_event_descriptor>
      <component_descriptor stream_content="0x01" stream_content_ext="0x0F" component_type="0x01" component_tag="0x01" language_code="fre" text=""/>
      <component_descriptor stream_content="0x02" stream_content_ext="0x0F" component_type="0x01" component_tag="0x01" language_code="fre" text=""/>
      <content_descriptor>
        <content content_nibble_level_1="2" content_nibble_level_2="0" user_byte="0x00"/>
        <content content_nibble_level_1="11" content_nibble_level_2="15" user_byte="0x00"/>
      </content_descriptor>
      <parental_rating_descriptor>
        <country country_code="FRA" rating="0x10"/>
      </parental_rating_descriptor>
    </event>
    <event event_id="0x034B" start_time="2017-08-23 14:00:00" duration="00:15:00" running_status="not-running" CA_mode="true">
      <short_event_descriptor language_code="fre">
        <event_name>JOURNAL EN LANGUE DES SIGNES</event_name>
        <text>EN DIRECT.  Journal en langue des signes JT sport.</text>
      </short_event_descriptor>
      <extended_event_descriptor descriptor_number="0" last_descriptor_number="0" language_code="fre">
        <text>EN DIRECT.  Journal en langue des signes JT sport.</text>
      </extended_event_descriptor>
      <component_descriptor stream_content="0x01" stream_content_ext="0x0F" component_type="0x01" component_tag="0x01" language_code="fre" text=""/>
      <component_descriptor stream_content="0x02" stream_content_ext="0x0F" component_type="0x01" component_tag="0x01" language_code="fre" text=""/>
      <content_descriptor>
        <content content_nibble_level_1="2" content_nibble_level_2="0" user_byte="0x00"/>
        <content content_nibble_level_1="11" content_nibble_level_2="15" user_byte="0x00"/>
      </content_descriptor>
      <parental_rating_descriptor>
        <country country_code="FRA" rating="0x10"/>
      </parental_rating_descriptor>
    </event>
  </EIT>
  <EIT type="pf" version="26" current="true" actual="false" service_id="0x1F42" transport_stream_id="0x042E" original_network_id="0x0001" last_table_id="0x4F">
    <metadata PID="18" first_ts_packet="21,728" last_ts_packet="79,536"/>
    <event event_id="0xB9EE" start_time="2017-08-23 11:55:00" duration="00:05:00" running_status="running" CA_mode="true">
      <short_event_descriptor language_code="fre">
        <event_name>EH LES HOMMES EH LES FEMMES</event_name>
        <text>Eh les hommes eh les femmes SØrie humoristique. (n°32).</text>
      </short_event_descriptor>
      <extended_event_descriptor descriptor_number="0" last_descriptor_number="0" language_code="fre">
        <text>Eh les hommes eh les femmes SØrie humoristique. (n°32).</text>
        <item>
          <description>Numero de l'Øpisode</description>
          <name>32</name>
        </item>
      </extended_event_descriptor>
      <component_descriptor stream_content="0x01" stream_content_ext="0x0F" component_type="0x01" component_tag="0x01" language_code="fre" text=""/>
      <component_descriptor stream_content="0x02" stream_content_ext="0x0F" component_type="0x03" component_tag="0x01" language_code="fre" text=""/>
      <content_descriptor>
        <content content_nibble_level_1="5" content_nibble_level_2="3" user_byte="0x00"/>
        <content content_nibble_level_1="11" content_nibble_level_2="15" user_byte="0x00"/>
      </content_descriptor>
      <parental_rating_descriptor>
        <country country_code="FRA" rating="0x10"/>
      </parental_rating_descriptor>
    </event>
    <event event_id="0xB9EF" start_time="2017-08-23 12:00:00" duration="00:20:00" running_status="not-running" CA_mode="true">
      <short_event_descriptor language_code="fre">
        <event_name>LES DELICES DE L'AMOUR</event_name>
        <text>SØrie sentimentale. (n°132).</text>
      </short_event_descriptor>
      <extended_event_descriptor descriptor_number="0" last_descriptor_number="0" language_code="fre">
        <text>SØrie sentimentale. (n°132).</text>
        <item>
          <description>Numero de l'Øpisode</description>
          <name>132</name>
        </item>
      </extended_event_descriptor>
      <component_descriptor stream_content="0x01" stream_content_ext="0x0F" component_type="0x01" component_tag="0x01" language_code="fre" text=""/>
      <component_descriptor stream_content="0x02" stream_content_ext="0x0F" component_type="0x03" component_tag="0x01" language_code="fre" text=""/>
      <content_descriptor>
        <content content_nibble_level_1="5" content_nibble_level_2="0" user_byte="0x00"/>
        <content content_nibble_level_1="11" content_nibble_level_2="15" user_byte="0x00"/>
      </content_descriptor>
      <parental_rating_descriptor>
        <country country_code="FRA" rating="0x10"/>
      </parental_rating_descriptor>
      <private_data_specifier_descriptor private_data_specifier="CanalPlus"/>
      <generic_descriptor tag="0xE0">
        E2 85 00 20 00 1F 42 04 2E 00 01 04 50 00 BF 00
        04 F2 03 F1 01
      </generic_descriptor>
      <generic_descriptor tag="0xE0">
        E2 87 21 50 00 1F 42 04 2E 00 01 04 50 00 BF 00
        04 F2 03 F1 01
      </generic_descriptor>
    </event>
  </EIT>
  <BAT version="9" current="true" bouquet_id="0xC01D">
    <metadata PID="17" first_ts_packet="854" last_ts_packet="79,702"/>
    <bouquet_name_descriptor bouquet_name="CANAL PRO Phase 2"/>
    <linkage_descriptor transport_stream_id="0x044A" original_network_id="0x0001" service_id="0x23AE" linkage_type="0x09">
      <private_data>
        08 00 01 17 04 00 16 00 1B
      </private_data>
    </linkage_descriptor>
    <linkage_descriptor transport_stream_id="0x0430" original_network_id="0x0001" service_id="0x0000" linkage_type="0x0A">
      <private_data>
        02
      </private_data>
    </linkage_descriptor>
    <private_data_specifier_descriptor private_data_specifier="0x00000036"/>
    <linkage_descriptor transport_stream_id="0x0000" original_network_id="0x0000" service_id="0x0001" linkage_type="0x91">
      <private_data>
        03 03 00 16 FF
      </private_data>
    </linkage_descriptor>
    <linkage_descriptor transport_stream_id="0x044A" original_network_id="0x0001" service_id="0x23AF" linkage_type="0x91">
      <private_data>
        06
      </private_data>
    </linkage_descriptor>
    <linkage_descriptor transport_stream_id="0x0430" original_network_id="0x0001" service_id="0x0000" linkage_type="0x92"/>
    <linkage_descriptor transport_stream_id="0x0438" original_network_id="0x0001" service_id="0x0000" linkage_type="0x92"/>
    <generic_descriptor tag="0x94">
      00 15 00 06 FF FF 00 00 00 01 00 00 00 02
    </generic_descriptor>
    <generic_descriptor tag="0x94">
      00 16 00 09 FF FF 00 01 00 01 00 00 15 06 00 09
      FF FF 00 02 00 01 00 00 15 06 00 09 FF FF 00 03
      00 01 00 00 01 DB 00 1B FF FF 01 15 31 11 51 81
      15 10
    </generic_descriptor>
    <transport_stream transport_stream_id="0x03EA" original_network_id="0x0001" preferred_section="0">
      <private_data_specifier_descriptor private_data_specifier="0x00000036"/>
      <generic_descriptor tag="0x8E">
        02 13 89 01 0F 04 08 03 CE 00 01 10 45 4E 47 05
        03 02 4D 3F 13 9D 01 0F 04 08 03 CE 00 01 10 45
        4E 47 05 03 02 8E 3F 13 A7 01 13 04 0C 03 CE 00
        02 10 45 4E 47 11 45 4E 47 05 03 02 A3 3F
      </generic_descriptor>
    </transport_stream>
    <transport_stream transport_stream_id="0x03F2" original_network_id="0x0001" preferred_section="0">
      <private_data_specifier_descriptor private_data_specifier="0x00000036"/>
      <generic_descriptor tag="0x8E">
        02 2B A2 01 14 04 08 03 CE 00 01 01 47 45 52 05
        08 2B A2 FF FD C0 01 1E E7
      </generic_descriptor>
    </transport_stream>
    <transport_stream transport_stream_id="0x03F4" original_network_id="0x0001" preferred_section="0">
      <private_data_specifier_descriptor private_data_specifier="0x00000036"/>
      <generic_descriptor tag="0x8E">
        02 18 ED 01 0F 04 08 03 CE 00 01 11 45 4E 47 05
        03 01 DF 3F
      </generic_descriptor>
    </transport_stream>
    <transport_stream transport_stream_id="0x03FB" original_network_id="0x0001" preferred_section="0">
      <private_data_specifier_descriptor private_data_specifier="0x00000036"/>
      <generic_descriptor tag="0x8E">
        02 28 3D 01 0F 04 08 03 CE 00 01 01 47 45 52 05
        03 28 3D 3F
      </generic_descriptor>
    </transport_stream>
    <transport_stream transport_stream_id="0x03FC" original_network_id="0x0001" preferred_section="0">
      <private_data_specifier_descriptor private_data_specifier="0x00000036"/>
      <generic_descriptor tag="0x8E">
        02 1B 61 01 0F 04 08 01 C7 00 01 00 41 52 41 05
        03 00 E4 3F 1B 63 01 0F 04 08 02 C7 00 01 01 46
        52 41 05 03 00 FC 3F 1B 66 01 0F 04 08 01 C7 00
        01 01 45 4E 47 05 03 1B 66 3F
      </generic_descriptor>
    </transport_stream>
    <transport_stream transport_stream_id="0x03FE" original_network_id="0x0001" preferred_section="0">
      <private_data_specifier_descriptor private_data_specifier="0x00000036"/>
      <generic_descriptor tag="0x8E">
        02 1A F8 01 0F 04 08 01 C7 00 01 00 45 4E 47 05
        03 1A F8 3F 1A F9 01 0F 04 08 01 C7 00 01 02 46
        52 41 05 03 01 36 3F 1A FA 01 0F 04 08 01 C7 00
        01 00 45 4E 47 05 03 01 37 3F 1A FE 01 0F 04 08
        01 C7 00 01 00 41 52 41 05 03 01 10 3F 1B 00 01
        0F 04 08 01 C7 00 01 00 43 48 49 05 03 01 14 3F
        1B 01 01 0F 04 08 01 C7 00 01 00 46 52 41 05 03
        1B 01 3F 1B 02 01 0F 04 08 01 C7 00 01 00 45 4E
        47 05 03 03 C8 3F 1B 06 01 0F 04 08 03 C7 00 01
        01 45 4E 47 05 03 02 AC 3F
      </generic_descriptor>
    </transport_stream>
    <transport_stream transport_stream_id="0x0401" original_network_id="0x0001" preferred_section="0">
      <private_data_specifier_descriptor private_data_specifier="0x00000036"/>
      <generic_descriptor tag="0x8E">
        02 28 57 01 0F 04 08 03 CE 00 01 01 47 45 52 05
        03 28 57 3F 28 5B 01 0F 04 08 03 CE 00 01 01 47
        45 52 05 03 28 5B 3F
      </generic_descriptor>
    </transport_stream>
    <transport_stream transport_stream_id="0x0402" original_network_id="0x0001" preferred_section="0">
      <private_data_specifier_descriptor private_data_specifier="0x00000036"/>
      <generic_descriptor tag="0x8E">
        02 27 2E 01 0F 04 08 01 C7 00 01 01 45 4E 47 05
        03 00 40 3F 27 42 01 0F 04 08 01 C7 00 01 00 45
        4E 47 05 03 00 63 3F 27 53 01 0F 04 08 01 C7 00
        01 01 45 4E 47 05 03 00 2F 3F 27 5F 02 16 04 0C
        03 CE 00 02 10 46 52 41 10 45 4E 47 05 06 02 53
        7F 01 01 B6 27 62 01 13 04 0C 01 C7 00 02 00 46
        52 45 00 41 52 41 05 03 01 FB 3F 27 63 01 13 04
        0C 01 C7 00 02 00 46 52 45 00 41 52 41 05 03 01
        FD 3F
      </generic_descriptor>
    </transport_stream>
    <transport_stream transport_stream_id="0x0403" original_network_id="0x0001" preferred_section="0">
      <private_data_specifier_descriptor private_data_specifier="0x00000036"/>
      <generic_descriptor tag="0x8E">
        02 13 F9 01 0F 04 08 01 C7 00 01 01 54 55 52 05
        03 01 BF 3F
      </generic_descriptor>
    </transport_stream>
    <transport_stream transport_stream_id="0x0404" original_network_id="0x0001" preferred_section="0">
      <private_data_specifier_descriptor private_data_specifier="0x00000036"/>
      <generic_descriptor tag="0x8E">
        02 11 31 01 0F 04 08 01 C7 00 01 00 53 50 41 05
        03 00 47 3F 11 32 01 13 04 0C 01 C7 00 02 00 53
        50 41 00 45 4E 47 05 03 01 F0 3F 11 46 01 0F 04
        08 01 C7 00 01 00 45 4E 47 05 03 00 1E 3F 11 4E
        01 0F 04 08 01 C7 00 01 02 47 45 52 05 03 00 3E
        3F 11 58 01 0F 04 08 01 C7 00 01 02 45 4E 47 05
        03 01 34 3F
      </generic_descriptor>
    </transport_stream>
    <transport_stream transport_stream_id="0x040F" original_network_id="0x0001" preferred_section="0">
      <private_data_specifier_descriptor private_data_specifier="0x00000036"/>
      <generic_descriptor tag="0x8E">
        02 28 88 01 0F 04 08 03 CE 00 01 01 47 45 52 05
        03 02 95 3F 28 8A 01 0F 04 08 03 CE 00 01 01 47
        45 52 05 03 02 98 3F
      </generic_descriptor>
    </transport_stream>
    <transport_stream transport_stream_id="0x0410" original_network_id="0x0001" preferred_section="1">
      <private_data_specifier_descriptor private_data_specifier="0x00000036"/>
      <generic_descriptor tag="0x8E">
        02 7A 48 01 0F 04 08 01 C7 00 01 00 53 50 41 05
        03 1B 00 3F 7A 4A 01 0F 04 08 01 C7 00 01 00 53
        50 41 05 03 7D 7A 3F
      </generic_descriptor>
    </transport_stream>
    <transport_stream transport_stream_id="0x0418" original_network_id="0x0001" preferred_section="1">
      <private_data_specifier_descriptor private_data_specifier="0x00000036"/>
      <generic_descriptor tag="0x8E">
        02 10 E0 01 0F 04 08 01 C7 00 01 01 44 55 54 05
        03 00 7A 3F
      </generic_descriptor>
    </transport_stream>
    <transport_stream transport_stream_id="0x0425" original_network_id="0x0001" preferred_section="1">
      <private_data_specifier_descriptor private_data_specifier="0x00000036"/>
      <generic_descriptor tag="0x8E">
        02 28 6F 01 0F 04 08 03 CE 00 01 01 47 45 52 05
        03 02 96 3F 28 71 01 0F 04 08 03 CE 00 01 01 47
        45 52 05 03 02 9A 3F 28 73 01 0F 04 08 03 CE 00
        01 01 47 45 52 05 03 02 97 3F
      </generic_descriptor>
    </transport_stream>
    <transport_stream transport_stream_id="0x042E" original_network_id="0x0001" preferred_section="1">
      <private_data_specifier_descriptor private_data_specifier="0x00000036"/>
      <generic_descriptor tag="0x8E">
        02 1F 41 02 0F 04 08 03 CE 00 01 10 46 52 41 05
        03 02 74 3F 1F 42 02 0F 04 08 03 CE 00 01 10 46
        52 41 05 03 02 7F 3F 1F 43 02 13 04 0C 03 CE 00
        02 10 46 52 41 10 45 4E 47 05 03 02 75 3F 1F 44
        02 12 04 08 03 CE 00 01 10 46 52 41 05 06 01 D6
        7F 01 00 27 1F 45 02 0F 04 08 03 CE 00 01 10 46
        52 41 05 03 02 9E 3F 1F 46 02 12 04 08 03 CE 00
        01 10 46 52 41 05 06 02 26 7F 01 00 D2 1F 47 02
        13 04 0C 03 CE 00 02 11 46 52 41 11 45 4E 47 05
        03 01 D3 3F 1F 48 02 12 04 08 03 CE 00 01 10 46
        52 41 05 06 02 4F 7F 01 00 F0 1F 49 06 12 04 08
        03 CE 00 01 10 46 52 41 05 06 02 3F 7F 01 00 81
        1F 4A 02 12 04 08 03 CE 00 01 10 46 52 41 05 06
        02 30 7F 01 00 12 1F 4B 02 19 04 10 03 CE 00 03
        11 46 52 41 10 45 4E 47 10 51 41 44 05 05 02 09
        BF FC 16
      </generic_descriptor>
    </transport_stream>
    <transport_stream transport_stream_id="0x0430" original_network_id="0x0001" preferred_section="1">
      <private_data_specifier_descriptor private_data_specifier="0x00000036"/>
      <generic_descriptor tag="0x8E">
        02 20 09 02 12 04 08 03 CE 00 01 10 46 52 41 05
        06 02 54 7F 01 01 9D 20 0A 02 12 04 08 03 CE 00
        01 10 46 52 41 05 06 02 55 7F 01 01 9E 20 0B 02
        12 04 08 03 CE 00 01 10 46 52 41 05 06 02 56 7F
        01 01 9F 20 0C 02 12 04 08 03 CE 00 01 10 46 52
        41 05 06 02 39 7F 01 01 53 20 0D 02 0F 04 08 03
        CE 00 01 11 46 52 41 05 03 02 81 3F 20 0F 02 0F
        04 08 03 CE 00 01 10 46 52 41 05 03 02 A5 3F 20
        10 02 0F 04 08 03 CE 00 01 10 46 52 41 05 03 02
        A8 3F 20 11 02 12 04 08 03 CA 00 01 01 46 52 41
        05 06 01 7D 7F 01 01 7C 20 12 02 12 04 08 03 CA
        00 01 01 46 52 41 05 06 01 80 7F 01 01 7F 20 13
        02 0F 04 08 03 CA 00 01 01 46 52 41 05 03 02 04
        3F
      </generic_descriptor>
    </transport_stream>
    <transport_stream transport_stream_id="0x0432" original_network_id="0x0001" preferred_section="1">
      <private_data_specifier_descriptor private_data_specifier="0x00000036"/>
      <generic_descriptor tag="0x8E">
        02 20 6D 01 12 04 08 03 CE 00 01 10 46 52 41 05
        06 02 79 7F 01 00 F7 20 6F 01 0F 04 08 03 CE 00
        01 10 46 52 41 05 03 02 85 3F 20 71 02 12 04 08
        03 CE 00 01 10 46 52 41 05 06 02 57 7F 01 01 A0
        20 72 02 12 04 08 03 CE 00 01 10 46 52 41 05 06
        02 5B 7F 01 01 A1 20 73 02 12 04 08 03 CE 00 01
        10 46 52 41 05 06 02 5C 7F 01 01 A2 20 74 02 12
        04 08 03 CE 00 01 10 46 52 41 05 06 02 5D 7F 01
        01 A3 20 75 02 15 04 0C 03 CE 00 02 10 46 52 41
        10 45 4E 47 05 05 02 3B BF FC 17 20 81 02 1D 04
        14 03 CE 00 04 10 46 52 41 11 45 4E 47 10 47 45
        52 10 51 41 44 05 05 00 9A BF FC 07 20 82 02 11
        04 08 03 CE 00 01 10 46 52 41 05 05 02 22 BF FC
        13 20 83 02 11 04 08 03 CE 00 01 10 46 52 41 05
        05 02 25 BF FC 12
      </generic_descriptor>
    </transport_stream>
    <transport_stream transport_stream_id="0x0434" original_network_id="0x0001" preferred_section="2">
      <private_data_specifier_descriptor private_data_specifier="0x00000036"/>
      <generic_descriptor tag="0x8E">
        02 22 C6 02 0F 04 08 03 CE 00 01 10 46 52 41 05
        03 02 28 3F 22 C7 02 13 04 0C 03 CE 00 02 10 46
        52 41 10 45 4E 47 05 03 02 0C 3F 22 C8 02 0F 04
        08 03 CE 00 01 10 46 52 41 05 03 02 24 3F 22 C9
        02 0F 04 08 03 CE 00 01 10 46 52 41 05 03 02 50
        3F 22 CA 02 1A 04 10 03 CE 00 03 10 46 52 41 10
        45 4E 47 10 51 41 44 05 06 01 12 7F 01 00 E0 22
        CB 02 0F 04 08 03 CE 00 01 10 46 52 41 05 03 02
        49 3F 22 CC 02 16 04 0C 03 CE 00 02 10 46 52 41
        10 45 4E 47 05 06 02 12 7F 01 01 4A 22 CE 02 16
        04 0C 03 CE 00 02 10 46 52 41 10 45 4E 47 05 06
        02 31 7F 01 00 D5 22 CF 02 16 04 0C 03 CE 00 02
        10 46 52 41 10 45 4E 47 05 06 02 11 7F 01 01 1F
        22 D0 02 12 04 08 03 CE 00 01 10 46 52 41 05 06
        02 51 7F 01 00 AD
      </generic_descriptor>
    </transport_stream>
    <transport_stream transport_stream_id="0x0438" original_network_id="0x0001" preferred_section="2">
      <private_data_specifier_descriptor private_data_specifier="0x00000036"/>
      <generic_descriptor tag="0x8E">
        02 22 61 06 1C 04 10 03 CE 00 03 11 46 52 41 11
        45 4E 47 10 51 41 44 05 08 01 2D FF FC 04 01 00
        01 22 62 06 16 04 0C 03 CE 00 02 11 46 52 41 11
        45 4E 47 05 06 01 01 7F 01 00 02 22 63 02 18 04
        0C 03 CE 00 02 11 46 52 41 11 45 4E 47 05 08 00
        C6 FF FC 2B 01 00 03 22 64 02 18 04 0C 03 CE 00
        02 11 46 52 41 11 45 4E 47 05 08 00 B1 FF FC 2A
        01 01 16 22 65 02 16 04 0C 03 CE 00 02 11 46 52
        41 11 45 4E 47 05 06 01 03 7F 01 01 4B 22 66 02
        13 04 0C 03 CE 00 02 10 46 52 41 10 45 4E 47 05
        03 01 E1 3F 22 67 06 16 04 0C 03 CE 00 02 11 46
        52 41 11 45 4E 47 05 06 01 8E 7F 01 00 19 22 68
        02 16 04 0C 03 CE 00 02 10 46 52 41 10 45 4E 47
        05 06 02 15 7F 01 00 D8 22 69 02 16 04 0C 03 CE
        00 02 10 46 52 41 10 45 4E 47 05 06 02 13 7F 01
        00 10
      </generic_descriptor>
      <generic_descriptor tag="0x8E">
        02 22 6A 01 11 04 08 03 CE 00 01 10 46 52 41 05
        05 01 E0 BF FC 10
      </generic_descriptor>
    </transport_stream>
    <transport_stream transport_stream_id="0x043C" original_network_id="0x0001" preferred_section="2">
      <private_data_specifier_descriptor private_data_specifier="0x00000036"/>
      <generic_descriptor tag="0x8E">
        02 24 B9 02 16 04 0C 03 CE 00 02 10 46 52 41 10
        45 4E 47 05 06 01 1C 7F 01 00 44 24 BA 02 1A 04
        10 03 CE 00 03 10 46 52 41 10 45 4E 47 10 51 41
        44 05 06 01 54 7F 01 01 48 24 BB 06 12 04 08 03
        CE 00 01 10 46 52 41 05 06 02 23 7F 01 00 A6 24
        BC 06 13 04 0C 03 CE 00 02 11 46 52 41 11 45 4E
        47 05 03 01 D2 3F 24 BD 02 0F 04 08 03 CE 00 01
        10 46 52 41 05 03 01 B2 3F 24 BE 02 12 04 08 03
        CE 00 01 11 46 52 41 05 06 01 B4 7F 01 01 3A 24
        BF 02 0F 04 08 03 CE 00 01 10 46 52 41 05 03 FF
        FB 3F 24 C0 02 16 04 0C 03 CE 00 02 10 46 52 41
        10 45 4E 47 05 06 02 17 7F 01 00 E2 24 C1 02 12
        04 08 03 CE 00 01 10 46 52 41 05 06 02 4B 7F 01
        01 50 24 C2 02 0F 04 08 03 CE 00 01 10 46 52 41
        05 03 01 C7 3F 24 C3 02 12 04 08 03 CE 00 01 10
        46 52 41 05 06 02 45 7F 01 03 FC
      </generic_descriptor>
      <generic_descriptor tag="0x8E">
        02 24 C4 02 12 04 08 03 CE 00 01 10 46 52 41 05
        06 02 46 7F 01 01 3D
      </generic_descriptor>
    </transport_stream>
    <transport_stream transport_stream_id="0x043E" original_network_id="0x0001" preferred_section="3">
      <private_data_specifier_descriptor private_data_specifier="0x00000036"/>
      <generic_descriptor tag="0x8E">
        02 26 AD 02 0F 04 08 03 CE 00 01 10 46 52 41 05
        03 FF FA 3F 26 AE 02 16 04 0C 03 CE 00 02 11 46
        52 41 10 45 4E 47 05 06 01 76 7F 01 00 30 26 AF
        02 12 04 08 03 CE 00 01 10 46 52 41 05 06 01 7A
        7F 01 01 79 26 B1 02 1A 04 10 03 CE 00 03 11 46
        52 41 10 45 4E 47 10 51 41 44 05 06 01 24 7F 01
        00 DD 26 B2 02 0F 04 08 03 CE 00 01 10 46 52 41
        05 03 01 E4 3F 26 B3 06 0F 04 08 03 CE 00 01 10
        46 52 41 05 03 00 A7 3F 26 B4 02 1A 04 10 03 CE
        00 03 10 46 52 45 10 45 4E 47 10 51 41 44 05 06
        01 F6 7F 01 00 24 26 B5 02 12 04 08 03 CE 00 01
        10 46 52 41 05 06 02 3E 7F 01 01 30 26 B6 01 12
        04 08 03 CE 00 01 10 46 52 41 05 06 02 08 7F 01
        00 38 26 B8 02 12 04 08 03 CE 00 01 10 46 52 41
        05 06 02 4C 7F 01 00 D1 26 C1 02 0F 04 08 03 CE
        00 01 10 46 52 41 05 03 02 36 3F
      </generic_descriptor>
      <generic_descriptor tag="0x8E">
        02 26 C2 02 13 04 0C 03 CE 00 02 10 46 52 41 10
        45 4E 47 05 03 02 AB 3F
      </generic_descriptor>
    </transport_stream>
    <transport_stream transport_stream_id="0x0440" original_network_id="0x0001" preferred_section="3">
      <private_data_specifier_descriptor private_data_specifier="0x00000036"/>
      <generic_descriptor tag="0x8E">
        02 24 55 02 14 04 08 03 CE 00 01 10 46 52 41 05
        08 FF F5 FF FC 15 01 00 54 24 56 02 16 04 0C 03
        CE 00 02 11 46 52 41 11 45 4E 47 05 06 01 42 7F
        01 00 0E 24 57 02 19 04 10 03 CE 00 03 11 46 52
        41 10 45 4E 47 10 51 41 44 05 05 01 39 BF FC 06
        24 58 02 19 04 10 03 CE 00 03 11 46 52 41 10 45
        4E 47 10 51 41 44 05 05 01 28 BF FC 09 24 59 02
        12 04 08 03 CE 00 01 10 46 52 41 05 06 00 8E 7F
        01 01 6E 24 5A 02 19 04 10 03 CE 00 03 10 46 52
        41 10 45 4E 47 10 51 41 44 05 05 00 1A BF FC 02
        24 5B 02 16 04 0C 03 CE 00 02 10 46 52 41 10 45
        4E 47 05 06 01 8C 7F 01 00 0F 24 5C 02 15 04 0C
        03 CE 00 02 10 46 52 41 10 45 4E 47 05 05 02 01
        BF FC 11 24 5D 02 15 04 0C 03 CE 00 02 10 46 52
        41 10 51 41 44 05 05 02 1F BF FC 03
      </generic_descriptor>
      <generic_descriptor tag="0x8E">
        02 24 5E 01 11 04 08 03 CE 00 01 10 46 52 41 05
        05 02 2A BF FC 0D 24 5F 02 12 04 08 01 CE 00 01
        01 46 52 41 05 06 02 92 7F 01 02 4E
      </generic_descriptor>
    </transport_stream>
    <transport_stream transport_stream_id="0x0441" original_network_id="0x0001" preferred_section="3">
      <private_data_specifier_descriptor private_data_specifier="0x00000036"/>
      <generic_descriptor tag="0x8E">
        02 2E E3 01 0F 04 08 02 C7 00 01 01 46 52 41 05
        03 00 7B 3F
      </generic_descriptor>
    </transport_stream>
    <transport_stream transport_stream_id="0x0442" original_network_id="0x0001" preferred_section="3">
      <private_data_specifier_descriptor private_data_specifier="0x00000036"/>
      <generic_descriptor tag="0x8E">
        02 23 29 02 19 04 10 03 CE 00 03 10 46 52 41 10
        45 4E 47 10 51 41 44 05 05 01 38 BF FC 01 23 2A
        02 12 04 08 03 CE 00 01 11 46 52 41 05 06 01 2E
        7F 01 00 AE 23 2B 02 19 04 10 03 CE 00 03 10 46
        52 41 10 45 4E 47 10 51 41 44 05 05 02 0E BF FC
        14 23 2C 02 1C 04 10 03 CE 00 03 11 46 52 41 10
        45 4E 47 10 51 41 44 05 08 01 26 FF FC 29 01 00
        11 23 2D 02 12 04 08 03 CE 00 01 11 46 52 41 05
        06 00 65 7F 01 00 04 23 2E 02 14 04 08 03 CE 00
        01 10 46 52 41 05 08 01 0E FF FC 2D 01 00 06 23
        2F 02 16 04 0C 03 CE 00 02 10 46 52 41 10 45 4E
        47 05 06 01 1A 7F 01 00 33 23 30 02 15 04 0C 03
        CE 00 02 10 46 52 41 10 51 41 44 05 05 02 21 BF
        FC 05 23 31 01 11 04 08 03 CE 00 01 10 46 52 41
        05 05 02 29 BF FC 2E 23 32 02 12 04 08 03 CE 00
        01 10 46 52 41 05 06 02 27 7F 01 01 2A
      </generic_descriptor>
      <generic_descriptor tag="0x8E">
        02 23 34 02 19 04 10 03 CE 00 03 10 46 52 41 10
        45 4E 47 10 51 41 44 05 05 01 C2 BF FC 08
      </generic_descriptor>
    </transport_stream>
    <transport_stream transport_stream_id="0x0443" original_network_id="0x0001" preferred_section="3">
      <private_data_specifier_descriptor private_data_specifier="0x00000036"/>
      <generic_descriptor tag="0x8E">
        02 79 F4 01 1F 04 18 01 C7 00 05 00 47 45 52 00
        45 4E 47 00 46 52 41 00 49 54 41 00 53 50 41 05
        03 01 44 3F
      </generic_descriptor>
    </transport_stream>
    <transport_stream transport_stream_id="0x0444" original_network_id="0x0001" preferred_section="4">
      <private_data_specifier_descriptor private_data_specifier="0x00000036"/>
      <generic_descriptor tag="0x8E">
        02 19 C9 02 16 04 0C 03 CE 00 02 10 46 52 41 10
        45 4E 47 05 06 01 56 7F 01 00 45 19 CB 02 16 04
        0C 03 CE 00 02 10 46 52 41 10 45 4E 47 05 06 01
        55 7F 01 00 F3 19 CC 02 13 04 0C 03 CE 00 02 11
        46 52 41 11 45 4E 47 05 03 01 D4 3F 19 CD 02 12
        04 08 03 CE 00 01 10 46 52 41 05 06 01 DD 7F 01
        00 1D 19 CE 02 13 04 0C 03 CE 00 02 10 46 52 41
        10 45 4E 47 05 03 01 E7 3F 19 CF 06 12 04 08 03
        CE 00 01 10 46 52 41 05 06 02 2B 7F 01 01 09 19
        D0 06 0F 04 08 03 CE 00 01 10 46 52 41 05 03 FF
        FC 3F 19 D1 02 13 04 0C 03 CE 00 02 10 46 52 41
        10 45 4E 47 05 03 FF F9 3F 19 D2 02 12 04 08 03
        CE 00 01 10 46 52 41 05 06 02 41 7F 01 00 2B 19
        D3 02 12 04 08 03 CE 00 01 10 46 52 41 05 06 02
        1B 7F 01 01 19 19 D4 02 12 04 08 03 CE 00 01 10
        46 52 41 05 06 02 1C 7F 01 00 2C
      </generic_descriptor>
      <generic_descriptor tag="0x8E">
        02 19 DD 02 0F 04 08 03 CE 00 01 10 46 52 41 05
        03 02 37 3F
      </generic_descriptor>
    </transport_stream>
    <transport_stream transport_stream_id="0x0446" original_network_id="0x0001" preferred_section="4">
      <private_data_specifier_descriptor private_data_specifier="0x00000036"/>
      <generic_descriptor tag="0x8E">
        02 42 7C 02 12 04 08 03 CE 00 01 10 46 52 41 05
        06 02 64 7F 01 00 5A 42 7D 02 12 04 08 03 CE 00
        01 10 46 52 41 05 06 02 63 7F 01 00 4C 42 7E 02
        12 04 08 03 CE 00 01 10 46 52 41 05 06 01 F7 7F
        01 00 4F 42 7F 02 12 04 08 03 CE 00 01 10 46 52
        41 05 06 02 66 7F 01 01 89 42 80 06 12 04 08 03
        CE 00 01 10 46 52 41 05 06 02 68 7F 01 00 51 42
        81 02 12 04 08 03 CE 00 01 10 46 52 41 05 06 02
        67 7F 01 00 50 42 82 02 12 04 08 03 CE 00 01 10
        46 52 41 05 06 02 6C 7F 01 00 4E 42 86 02 12 04
        08 03 CE 00 01 10 46 52 41 05 06 01 F8 7F 01 00
        77 42 87 02 12 04 08 03 CE 00 01 10 46 52 41 05
        06 02 65 7F 01 00 C8 42 8B 02 16 04 0C 03 CE 00
        02 11 46 52 41 10 45 4E 47 05 06 01 F9 7F 01 00
        D4 42 8C 02 0F 04 08 03 CE 00 01 10 46 52 41 05
        03 02 A9 3F
      </generic_descriptor>
    </transport_stream>
    <transport_stream transport_stream_id="0x0448" original_network_id="0x0001" preferred_section="4">
      <private_data_specifier_descriptor private_data_specifier="0x00000036"/>
      <generic_descriptor tag="0x8E">
        02 21 99 02 0F 04 08 03 CE 00 01 10 46 52 41 05
        03 02 2E 3F 21 9A 02 12 04 08 03 CE 00 01 10 46
        52 41 05 06 02 2C 7F 01 00 0B
      </generic_descriptor>
    </transport_stream>
    <transport_stream transport_stream_id="0x044C" original_network_id="0x0001" preferred_section="4">
      <private_data_specifier_descriptor private_data_specifier="0x00000036"/>
      <generic_descriptor tag="0x8E">
        02 21 FD 02 15 04 0C 03 CE 00 02 10 46 52 41 10
        45 4E 47 05 05 02 20 BF FC 0E 21 FE 02 15 04 0C
        03 CE 00 02 10 46 52 41 10 45 4E 47 05 05 02 3A
        BF FC 0B 21 FF 02 19 04 10 03 CE 00 03 10 46 52
        41 10 45 4E 47 10 51 41 44 05 05 02 48 BF FC 0A
        22 00 02 11 04 08 03 CE 00 01 10 46 52 41 05 05
        02 38 BF FC 0C 22 01 02 0F 04 08 03 CE 00 01 10
        46 52 41 05 03 02 4A 3F 22 02 02 0F 04 08 03 CE
        00 01 10 46 52 41 05 03 02 2D 3F 22 03 02 0F 04
        08 03 CE 00 01 10 46 52 41 05 03 02 47 3F 22 04
        06 0F 04 08 03 CE 00 01 10 46 52 41 05 03 02 19
        3F 22 05 06 0F 04 08 03 CE 00 01 10 46 52 41 05
        03 02 18 3F 22 06 02 12 04 08 03 CE 00 01 10 46
        52 41 05 06 02 44 7F 01 00 D3 22 07 02 0F 04 08
        03 CE 00 01 10 46 52 41 05 03 02 0F 3F
      </generic_descriptor>
      <generic_descriptor tag="0x8E">
        02 22 08 02 0F 04 08 03 CE 00 01 10 46 52 41 05
        03 02 1E 3F
      </generic_descriptor>
    </transport_stream>
    <transport_stream transport_stream_id="0x044E" original_network_id="0x0001" preferred_section="5">
      <private_data_specifier_descriptor private_data_specifier="0x00000036"/>
      <generic_descriptor tag="0x8E">
        02 19 65 02 0F 04 08 03 CE 00 01 11 46 52 41 05
        03 01 22 3F 19 66 02 0F 04 08 03 CE 00 01 10 46
        52 41 05 03 01 0C 3F 19 67 02 12 04 08 03 CE 00
        01 10 46 52 41 05 06 01 60 7F 01 01 41 19 68 02
        0F 04 08 03 CE 00 01 10 46 52 41 05 03 01 97 3F
        19 69 02 16 04 0C 03 CE 00 02 10 46 52 41 10 45
        4E 47 05 06 01 64 7F 01 01 3F 19 6C 02 16 04 0C
        03 CE 00 02 10 46 52 41 10 45 4E 47 05 06 02 16
        7F 01 00 46 19 6D 02 12 04 08 03 CE 00 01 10 46
        52 41 05 06 02 1D 7F 01 01 EF 19 6E 02 12 04 08
        03 CE 00 01 10 46 52 41 05 06 02 40 7F 01 04 02
        19 6F 02 12 04 08 03 CE 00 01 10 46 52 41 05 06
        02 0D 7F 01 00 0D 19 70 02 0F 04 08 03 CE 00 01
        10 46 52 41 05 03 02 06 3F
      </generic_descriptor>
    </transport_stream>
    <transport_stream transport_stream_id="0x0453" original_network_id="0x0001" preferred_section="5">
      <private_data_specifier_descriptor private_data_specifier="0x00000036"/>
      <generic_descriptor tag="0x8E">
        02 44 5C 01 13 04 0C 01 C7 00 02 01 47 45 52 11
        47 45 52 05 03 00 7C 3F
      </generic_descriptor>
    </transport_stream>
    <transport_stream transport_stream_id="0x0454" original_network_id="0x0001" preferred_section="5">
      <private_data_specifier_descriptor private_data_specifier="0x00000036"/>
      <generic_descriptor tag="0x8E">
        02 2F 6C 02 15 04 0C 03 CE 00 02 11 46 52 41 11
        45 4E 47 05 05 01 B8 BF FC 19
      </generic_descriptor>
    </transport_stream>
    <transport_stream transport_stream_id="0x045E" original_network_id="0x0001" preferred_section="5">
      <private_data_specifier_descriptor private_data_specifier="0x00000036"/>
      <generic_descriptor tag="0x8E">
        02 25 1D 02 16 04 0C 03 CE 00 02 10 46 52 41 10
        45 4E 47 05 06 02 14 7F 01 00 D7 25 1E 02 0F 04
        08 03 CE 00 01 10 46 52 41 05 03 02 32 3F 25 1F
        02 0F 04 08 03 CE 00 01 10 46 52 41 05 03 02 33
        3F 25 20 02 0F 04 08 03 CE 00 01 10 46 52 41 05
        03 02 34 3F 25 21 02 0F 04 08 03 CE 00 01 10 46
        52 41 05 03 02 35 3F 25 24 06 0F 04 08 03 CE 00
        01 10 46 52 41 05 03 02 83 3F 25 25 02 12 04 08
        03 CE 00 01 10 46 52 41 05 06 02 3C 7F 01 00 EA
        25 26 02 12 04 08 03 CE 00 01 10 46 52 41 05 06
        02 3D 7F 01 00 68 25 31 02 0F 04 08 03 CE 00 01
        11 46 52 41 05 03 00 A5 3F 25 32 06 13 04 0C 03
        CE 00 02 11 46 52 41 11 45 4E 47 05 03 01 74 3F
      </generic_descriptor>
    </transport_stream>
    <transport_stream transport_stream_id="0x0460" original_network_id="0x0001" preferred_section="5">
      <private_data_specifier_descriptor private_data_specifier="0x00000036"/>
      <generic_descriptor tag="0x8E">
        02 26 49 02 0F 04 08 02 C4 00 01 10 46 52 41 05
        03 03 9B 3F 26 4A 02 0F 04 08 02 C4 00 01 10 46
        52 41 05 03 03 A5 3F 26 4B 02 0F 04 08 02 C4 00
        01 10 46 52 41 05 03 03 A6 3F 26 4C 02 0F 04 08
        02 C4 00 01 10 46 52 41 05 03 03 A7 3F 26 4D 02
        0F 04 08 02 C4 00 01 10 46 52 41 05 03 03 9D 3F
        26 4E 02 0F 04 08 02 C4 00 01 10 46 52 41 05 03
        03 A9 3F 26 4F 02 0F 04 08 02 C4 00 01 10 46 52
        41 05 03 03 AA 3F 26 50 02 0F 04 08 02 C4 00 01
        10 46 52 41 05 03 03 9E 3F 26 51 02 0F 04 08 02
        C4 00 01 10 46 52 41 05 03 03 9F 3F 26 52 02 0F
        04 08 02 C4 00 01 10 46 52 41 05 03 03 AD 3F 26
        53 02 0F 04 08 02 C4 00 01 10 46 52 41 05 03 03
        A3 3F 26 54 02 0F 04 08 02 C4 00 01 10 46 52 41
        05 03 03 AF 3F 26 55 02 0F 04 08 02 C4 00 01 10
        46 52 41 05 03 03 A2 3F
      </generic_descriptor>
      <generic_descriptor tag="0x8E">
        02 26 56 02 0F 04 08 02 C4 00 01 10 46 52 41 05
        03 03 AC 3F 26 57 02 0F 04 08 02 C4 00 01 10 46
        52 41 05 03 03 9A 3F 26 58 02 0F 04 08 02 C4 00
        01 10 46 52 41 05 03 03 9C 3F 26 59 02 0F 04 08
        02 C4 00 01 10 46 52 41 05 03 03 AB 3F 26 5A 02
        0F 04 08 02 C4 00 01 10 46 52 41 05 03 03 A0 3F
        26 5B 02 0F 04 08 02 C4 00 01 10 46 52 41 05 03
        03 A4 3F 26 5C 02 0F 04 08 02 C4 00 01 10 46 52
        41 05 03 03 AE 3F 26 5D 02 0F 04 08 02 C4 00 01
        10 46 52 41 05 03 03 A8 3F 26 5E 02 0F 04 08 02
        C4 00 01 10 46 52 41 05 03 03 98 3F 26 5F 02 0F
        04 08 02 C4 00 01 10 46 52 41 05 03 03 A1 3F 26
        60 02 0F 04 08 02 C4 00 01 10 46 52 41 05 03 03
        99 3F
      </generic_descriptor>
    </transport_stream>
    <transport_stream transport_stream_id="0x00C8" original_network_id="0x013E" preferred_section="6">
      <satellite_delivery_system_descriptor frequency="11,240,000,000" orbital_position="13.0" west_east_flag="east" polarization="vertical" modulation_system="DVB-S" modulation_type="QPSK" symbol_rate="27,500,000" FEC_inner="3/4"/>
      <private_data_specifier_descriptor private_data_specifier="0x00000036"/>
      <generic_descriptor tag="0x8E">
        02 36 7E 01 0A 04 08 01 C7 00 01 00 41 52 41
      </generic_descriptor>
    </transport_stream>
    <transport_stream transport_stream_id="0x02BC" original_network_id="0x013E" preferred_section="6">
      <satellite_delivery_system_descriptor frequency="11,334,000,000" orbital_position="13.0" west_east_flag="east" polarization="horizontal" modulation_system="DVB-S" modulation_type="QPSK" symbol_rate="27,500,000" FEC_inner="3/4"/>
      <private_data_specifier_descriptor private_data_specifier="0x00000036"/>
      <generic_descriptor tag="0x8E">
        02 00 0A 01 0A 04 08 01 C7 00 01 01 50 4F 52
      </generic_descriptor>
    </transport_stream>
    <transport_stream transport_stream_id="0x1518" original_network_id="0x013E" preferred_section="6">
      <satellite_delivery_system_descriptor frequency="11,804,000,000" orbital_position="13.0" west_east_flag="east" polarization="vertical" modulation_system="DVB-S" modulation_type="QPSK" symbol_rate="27,500,000" FEC_inner="2/3"/>
      <private_data_specifier_descriptor private_data_specifier="0x00000036"/>
      <generic_descriptor tag="0x8E">
        02 0C EC 01 0A 04 08 01 C7 00 01 01 49 54 41
      </generic_descriptor>
    </transport_stream>
    <transport_stream transport_stream_id="0x1C20" original_network_id="0x013E" preferred_section="6">
      <satellite_delivery_system_descriptor frequency="12,149,000,000" orbital_position="13.0" west_east_flag="east" polarization="vertical" modulation_system="DVB-S" modulation_type="auto" symbol_rate="27,500,000" FEC_inner="3/4"/>
      <private_data_specifier_descriptor private_data_specifier="0x00000036"/>
      <generic_descriptor tag="0x8E">
        02 1C 22 01 0A 04 08 01 C7 00 01 01 41 52 41 1C
        38 01 0A 04 08 01 C7 00 01 00 45 4E 47
      </generic_descriptor>
    </transport_stream>
    <transport_stream transport_stream_id="0x3070" original_network_id="0x013E" preferred_section="6">
      <satellite_delivery_system_descriptor frequency="10,992,160,000" orbital_position="13.0" west_east_flag="east" polarization="vertical" modulation_system="DVB-S" modulation_type="QPSK" symbol_rate="27,500,000" FEC_inner="2/3"/>
      <private_data_specifier_descriptor private_data_specifier="0x00000036"/>
      <generic_descriptor tag="0x8E">
        02 21 3F 02 0A 04 08 02 C4 00 01 01 49 54 41
      </generic_descriptor>
    </transport_stream>
    <transport_stream transport_stream_id="0x3138" original_network_id="0x013E" preferred_section="6">
      <satellite_delivery_system_descriptor frequency="11,034,000,000" orbital_position="13.0" west_east_flag="east" polarization="vertical" modulation_system="DVB-S" modulation_type="auto" symbol_rate="27,500,000" FEC_inner="3/4"/>
      <private_data_specifier_descriptor private_data_specifier="0x00000036"/>
      <generic_descriptor tag="0x8E">
        02 06 A9 01 0E 04 0C 01 C7 00 02 01 46 52 41 01
        41 52 41 06 AC 01 0A 04 08 01 C7 00 01 01 52 55
        53
      </generic_descriptor>
    </transport_stream>
    <transport_stream transport_stream_id="0x3BC4" original_network_id="0x013E" preferred_section="6">
      <satellite_delivery_system_descriptor frequency="11,566,000,000" orbital_position="13.0" west_east_flag="east" polarization="horizontal" roll_off="0.35" modulation_system="DVB-S2" modulation_type="8PSK" symbol_rate="29,900,000" FEC_inner="3/4"/>
      <private_data_specifier_descriptor private_data_specifier="0x00000036"/>
      <generic_descriptor tag="0x8E">
        02 03 21 02 0F 04 08 03 C0 00 01 30 45 4E 47 05
        03 FF F8 3F
      </generic_descriptor>
    </transport_stream>
  </BAT>
  <EIT type="pf" version="22" current="true" actual="false" service_id="0x1F4A" transport_stream_id="0x042E" original_network_id="0x0001" last_table_id="0x4F">
    <metadata PID="18" first_ts_packet="21,851" last_ts_packet="80,000"/>
    <event event_id="0x86AC" start_time="2017-08-23 11:20:00" duration="01:25:00" running_status="running" CA_mode="true">
      <short_event_descriptor language_code="fre">
        <event_name>FESTIVAL DE RADIO FRANCE ET MONTPELLIER 2013</event_name>
        <text>Festival de Radio France et Montpellier "Musique sacrØe de l'Espagne mØdiØvale : le «Llibre Vermell» et les «Cantigas de Santa Maria»".</text>
      </short_event_descriptor>
      <extended_event_descriptor descriptor_number="0" last_descriptor_number="1" language_code="fre">
        <text>Festival de Radio France et Montpellier "Musique sacrØe de l'Espagne mØdiØvale : le «Llibre Vermell» et les «Cantigas de Santa Maria»". EnregistrØ en la cathØdrale d'Elne, le 19 juillet 2013. Au programme : Extraits de «Liv</text>
        <item>
          <description>InterprŁte</description>
          <name>Simone Sorini</name>
        </item>
      </extended_event_descriptor>
      <extended_event_descriptor descriptor_number="1" last_descriptor_number="1" language_code="fre">
        <text>re Vermeil», de Montserrat. RØalisation d'Olivier Simonnet.</text>
      </extended_event_descriptor>
      <component_descriptor stream_content="0x01" stream_content_ext="0x0F" component_type="0x01" component_tag="0x01" language_code="fre" text=""/>
      <component_descriptor stream_content="0x02" stream_content_ext="0x0F" component_type="0x03" component_tag="0x01" language_code="fre" text=""/>
      <content_descriptor>
        <content content_nibble_level_1="8" content_nibble_level_2="2" user_byte="0x00"/>
        <content content_nibble_level_1="11" content_nibble_level_2="15" user_byte="0x00"/>
      </content_descriptor>
      <parental_rating_descriptor>
        <country country_code="FRA" rating="0x10"/>
      </parental_rating_descriptor>
      <private_data_specifier_descriptor private_data_specifier="CanalPlus"/>
      <generic_descriptor tag="0xE0">
        E2 89 15 25 00 1F 4A 04 2E 00 01 04 82 00 BF 00
        04 F2 03 F1 01
      </generic_descriptor>
    </event>
    <event event_id="0x86AD" start_time="2017-08-23 12:45:00" duration="01:00:00" running_status="not-running" CA_mode="true">
      <short_event_descriptor language_code="fre">
        <event_name>EN DIRECT DE... L'ERE DE LA MUSIQUE</event_name>
        <text>En direct de... l'Ere de la musique Documentaire franĿais rØalisØ par Reiner Moritz en 2012.</text>
      </short_event_descriptor>
      <extended_event_descriptor descriptor_number="0" last_descriptor_number="1" language_code="fre">
        <text>En direct de... l'Ere de la musique Documentaire franĿais rØalisØ par Reiner Moritz en 2012. De la captation en direct d'un concert d'Arturo Toscanini en 1948 Ω la retransmission d'opØras dans les salles de cinØm</text>
        <item>
          <description>AnnØe</description>
          <name>2012</name>
        </item>
        <item>
          <description>RØalisateur</description>
          <name>Reiner Moritz</name>
        </item>
      </extended_event_descriptor>
      <extended_event_descriptor descriptor_number="1" last_descriptor_number="1" language_code="fre">
        <text>a de nos jours : histoire musicale de la tØlØvision.</text>
      </extended_event_descriptor>
      <component_descriptor stream_content="0x01" stream_content_ext="0x0F" component_type="0x01" component_tag="0x01" language_code="fre" text=""/>
      <component_descriptor stream_content="0x02" stream_content_ext="0x0F" component_type="0x03" component_tag="0x01" language_code="fre" text=""/>
      <content_descriptor>
        <content content_nibble_level_1="4" content_nibble_level_2="9" user_byte="0x00"/>
        <content content_nibble_level_1="11" content_nibble_level_2="15" user_byte="0x00"/>
      </content_descriptor>
      <parental_rating_descriptor>
        <country country_code="FRA" rating="0x10"/>
      </parental_rating_descriptor>
      <private_data_specifier_descriptor private_data_specifier="CanalPlus"/>
      <generic_descriptor tag="0xE0">
        E2 87 08 35 00 1F 4A 04 2E 00 01 04 49 00 BF 00
        04 F2 03 F1 01
      </generic_descriptor>
    </event>
  </EIT>
  <EIT type="pf" version="22" current="true" actual="false" service_id="0x1969" transport_stream_id="0x044E" original_network_id="0x0001" last_table_id="0x4F">
    <metadata PID="18" first_ts_packet="22,256" last_ts_packet="80,551"/>
    <event event_id="0xA6D0" start_time="2017-08-23 10:35:00" duration="01:25:00" running_status="running" CA_mode="true">
      <short_event_descriptor language_code="fre">
        <event_name>JULIE LESCAUT</event_name>
        <text>RØalisØ par Didier DelaŊtre en 2010. Avec VØronique Genest, Guillaume  Gabriel. TØlØfilm policier franĿais. "ImmunitØ diplomatique".</text>
      </short_event_descriptor>
      <extended_event_descriptor descriptor_number="0" last_descriptor_number="1" language_code="fre">
        <text>RØalisØ par Didier DelaŊtre en 2010. Avec VØronique Genest, Guillaume  Gabriel. TØlØfilm policier franĿais. "ImmunitØ diplomatique". Julie Lescaut dØcouvre les rŁgles de l'immunitØ diplomatique lorsqu'ell</text>
        <item>
          <description>NationalitØ</description>
          <name>France</name>
        </item>
        <item>
          <description>TDE</description>
          <name>ImmunitØ diplomatique</name>
        </item>
      </extended_event_descriptor>
      <extended_event_descriptor descriptor_number="1" last_descriptor_number="1" language_code="fre">
        <text>e enquŒte sur l'ambassadeur du Belize, suspect dans une affaire de meurtre.</text>
      </extended_event_descriptor>
      <component_descriptor stream_content="0x01" stream_content_ext="0x0F" component_type="0x01" component_tag="0x01" language_code="fre" text=""/>
      <component_descriptor stream_content="0x02" stream_content_ext="0x0F" component_type="0x03" component_tag="0x01" language_code="fre" text=""/>
      <component_descriptor stream_content="0x03" stream_content_ext="0x0F" component_type="0x21" component_tag="0x01" language_code="fre" text=""/>
      <content_descriptor>
        <content content_nibble_level_1="5" content_nibble_level_2="4" user_byte="0x00"/>
        <content content_nibble_level_1="11" content_nibble_level_2="15" user_byte="0x00"/>
        <content content_nibble_level_1="11" content_nibble_level_2="15" user_byte="0x11"/>
      </content_descriptor>
      <parental_rating_descriptor>
        <country country_code="FRA" rating="0x10"/>
      </parental_rating_descriptor>
      <private_data_specifier_descriptor private_data_specifier="CanalPlus"/>
      <generic_descriptor tag="0xE0">
        E2 85 09 00 00 19 69 04 4E 00 01 06 54 00 BF 00
        BF 11 06 F3 21 F2 03 F1 01
      </generic_descriptor>
    </event>
    <event event_id="0xA6D1" start_time="2017-08-23 12:00:00" duration="01:35:00" running_status="not-running" CA_mode="true">
      <short_event_descriptor language_code="fre">
        <event_name>JULIE LESCAUT</event_name>
        <text>RØalisØ par Christophe Barbier en 2010. Avec VØronique Genest, Jean-Charles Chagachbanian. TØlØfilm policier franĿais. "Sortie de Seine".</text>
      </short_event_descriptor>
      <extended_event_descriptor descriptor_number="0" last_descriptor_number="1" language_code="fre">
        <text>RØalisØ par Christophe Barbier en 2010. Avec VØronique Genest, Jean-Charles Chagachbanian. TØlØfilm policier franĿais. "Sortie de Seine". Julie enquŒte sur l'assassinat d'une femme, repŒchØe dans la Seine par l</text>
        <item>
          <description>NationalitØ</description>
          <name>France</name>
        </item>
        <item>
          <description>TDE</description>
          <name>Sortie de Seine</name>
        </item>
      </extended_event_descriptor>
      <extended_event_descriptor descriptor_number="1" last_descriptor_number="1" language_code="fre">
        <text>a brigade fluviale, maŊtresse d'un policier retrouvØ mort Ω son tour.</text>
      </extended_event_descriptor>
      <component_descriptor stream_content="0x01" stream_content_ext="0x0F" component_type="0x01" component_tag="0x01" language_code="fre" text=""/>
      <component_descriptor stream_content="0x02" stream_content_ext="0x0F" component_type="0x03" component_tag="0x01" language_code="fre" text=""/>
      <component_descriptor stream_content="0x03" stream_content_ext="0x0F" component_type="0x21" component_tag="0x01" language_code="fre" text=""/>
      <content_descriptor>
        <content content_nibble_level_1="5" content_nibble_level_2="4" user_byte="0x00"/>
        <content content_nibble_level_1="11" content_nibble_level_2="15" user_byte="0x00"/>
        <content content_nibble_level_1="11" content_nibble_level_2="15" user_byte="0x11"/>
      </content_descriptor>
      <parental_rating_descriptor>
        <country country_code="FRA" rating="0x10"/>
      </parental_rating_descriptor>
      <private_data_specifier_descriptor private_data_specifier="CanalPlus"/>
      <generic_descriptor tag="0xE0">
        E2 85 10 35 00 19 69 04 4E 00 01 06 54 00 BF 00
        BF 11 06 F3 21 F2 03 F1 01
      </generic_descriptor>
      <generic_descriptor tag="0xE0">
        E2 86 09 00 00 19 69 04 4E 00 01 06 54 00 BF 00
        BF 11 06 F3 21 F2 03 F1 01
      </generic_descriptor>
    </event>
  </EIT>
  <EIT type="pf" version="25" current="true" actual="false" service_id="0x4287" transport_stream_id="0x0446" original_network_id="0x0001" last_table_id="0x4F">
    <metadata PID="18" first_ts_packet="22,654" last_ts_packet="80,800"/>
    <event event_id="0x28A1" start_time="2017-08-23 11:35:00" duration="00:25:00" running_status="running" CA_mode="true">
      <short_event_descriptor language_code="fre">
        <event_name>L'ECOLE DES CHAMPIONS</event_name>
        <text>Saison 1. (34/52). "Les nouveaux hommes du monde".</text>
      </short_event_descriptor>
      <extended_event_descriptor descriptor_number="0" last_descriptor_number="0" language_code="fre">
        <text>Saison 1. (34/52). "Les nouveaux hommes du monde". Benjamin et le docteur Robson reviennent d'Angleterre. Bertini leur apprend qu'Erik n'est pas sØlectionnØ dans l'Øquipe scandinave.</text>
        <item>
          <description>NationalitØ</description>
          <name>France - Japon</name>
        </item>
        <item>
          <description>Numero de l'Øpisode</description>
          <name>34</name>
        </item>
      </extended_event_descriptor>
      <component_descriptor stream_content="0x01" stream_content_ext="0x0F" component_type="0x01" component_tag="0x01" language_code="fre" text=""/>
      <component_descriptor stream_content="0x02" stream_content_ext="0x0F" component_type="0x01" component_tag="0x01" language_code="fre" text=""/>
      <content_descriptor>
        <content content_nibble_level_1="3" content_nibble_level_2="1" user_byte="0x00"/>
        <content content_nibble_level_1="11" content_nibble_level_2="15" user_byte="0x00"/>
      </content_descriptor>
      <parental_rating_descriptor>
        <country country_code="FRA" rating="0x10"/>
      </parental_rating_descriptor>
      <private_data_specifier_descriptor private_data_specifier="CanalPlus"/>
      <generic_descriptor tag="0xE0">
        E2 84 23 15 00 42 87 04 46 00 01 04 31 00 BF 00
        04 F2 01 F1 01
      </generic_descriptor>
    </event>
    <event event_id="0x28A2" start_time="2017-08-23 12:00:00" duration="00:25:00" running_status="not-running" CA_mode="true">
      <short_event_descriptor language_code="fre">
        <event_name>SHERLOCK HOLMES</event_name>
        <text>Les aventures de Sherlock Holmes Saison 1. (25/26). "Le monstre de la Tamise".</text>
      </short_event_descriptor>
      <extended_event_descriptor descriptor_number="0" last_descriptor_number="1" language_code="fre">
        <text>Les aventures de Sherlock Holmes Saison 1. (25/26). "Le monstre de la Tamise". Un monstre terrorise les plaisanciers de la Tamise. Refusant les dires de la presse, Sherlock Holmes soupĿonne Moriarty </text>
        <item>
          <description>NationalitØ</description>
          <name>Italie - Japon</name>
        </item>
        <item>
          <description>Numero de l'Øpisode</description>
          <name>25</name>
        </item>
      </extended_event_descriptor>
      <extended_event_descriptor descriptor_number="1" last_descriptor_number="1" language_code="fre">
        <text>d'Œtre Ω l'origine de ces remous.</text>
      </extended_event_descriptor>
      <component_descriptor stream_content="0x01" stream_content_ext="0x0F" component_type="0x01" component_tag="0x01" language_code="fre" text=""/>
      <component_descriptor stream_content="0x02" stream_content_ext="0x0F" component_type="0x01" component_tag="0x01" language_code="fre" text=""/>
      <content_descriptor>
        <content content_nibble_level_1="3" content_nibble_level_2="1" user_byte="0x00"/>
        <content content_nibble_level_1="11" content_nibble_level_2="15" user_byte="0x00"/>
      </content_descriptor>
      <parental_rating_descriptor>
        <country country_code="FRA" rating="0x10"/>
      </parental_rating_descriptor>
      <private_data_specifier_descriptor private_data_specifier="CanalPlus"/>
      <generic_descriptor tag="0xE0">
        E2 88 01 55 00 42 87 04 46 00 01 04 31 00 BF 00
        04 F2 01 F1 01
      </generic_descriptor>
    </event>
  </EIT>
  <EIT type="pf" version="10" current="true" actual="false" service_id="0x26B6" transport_stream_id="0x043E" original_network_id="0x0001" last_table_id="0x4F">
    <metadata PID="18" first_ts_packet="23,128" last_ts_packet="81,275"/>
    <event event_id="0x5E18" start_time="2017-08-23 11:30:00" duration="00:34:00" running_status="running" CA_mode="true">
      <short_event_descriptor language_code="fre">
        <event_name>JOURNAL (RTBF)</event_name>
        <text>Un point sur l'actualitØ dans le monde et en Belgique par la rØdaction de la RTBF.</text>
      </short_event_descriptor>
      <extended_event_descriptor descriptor_number="0" last_descriptor_number="0" language_code="fre">
        <text>Un point sur l'actualitØ dans le monde et en Belgique par la rØdaction de la RTBF.</text>
      </extended_event_descriptor>
      <component_descriptor stream_content="0x01" stream_content_ext="0x0F" component_type="0x01" component_tag="0x01" language_code="fre" text=""/>
      <component_descriptor stream_content="0x02" stream_content_ext="0x0F" component_type="0x01" component_tag="0x01" language_code="fre" text=""/>
      <content_descriptor>
        <content content_nibble_level_1="9" content_nibble_level_2="1" user_byte="0x00"/>
        <content content_nibble_level_1="11" content_nibble_level_2="15" user_byte="0x00"/>
      </content_descriptor>
      <parental_rating_descriptor>
        <country country_code="FRA" rating="0x10"/>
      </parental_rating_descriptor>
    </event>
    <event event_id="0x5E19" start_time="2017-08-23 12:04:00" duration="01:35:00" running_status="not-running" CA_mode="true">
      <short_event_descriptor language_code="fre">
        <event_name>MEURTRES A L'ABBAYE DE ROUEN</event_name>
        <text>Meurtres Ω l'abbaye de Rouen RØalisØ par Christian Bonnet en 2013. Avec FrØdØric Diefenthal, Isabel Otero. TØlØfilm policier franĿais.</text>
      </short_event_descriptor>
      <extended_event_descriptor descriptor_number="0" last_descriptor_number="1" language_code="fre">
        <text>Meurtres Ω l'abbaye de Rouen RØalisØ par Christian Bonnet en 2013. Avec FrØdØric Diefenthal, Isabel Otero. TØlØfilm policier franĿais. De retour Ω Rouen pour se rapprocher de son pŁre malade, un capitaine de p</text>
        <item>
          <description>AnnØe</description>
          <name>2013</name>
        </item>
        <item>
          <description>RØalisateur</description>
          <name>Christian Bonnet</name>
        </item>
      </extended_event_descriptor>
      <extended_event_descriptor descriptor_number="1" last_descriptor_number="1" language_code="fre">
        <text>olice est amenØ Ω tenter de rØsoudre une Øtrange affaire de meurtre.</text>
      </extended_event_descriptor>
      <component_descriptor stream_content="0x01" stream_content_ext="0x0F" component_type="0x01" component_tag="0x01" language_code="fre" text=""/>
      <component_descriptor stream_content="0x02" stream_content_ext="0x0F" component_type="0x01" component_tag="0x01" language_code="fre" text=""/>
      <content_descriptor>
        <content content_nibble_level_1="1" content_nibble_level_2="5" user_byte="0x00"/>
        <content content_nibble_level_1="11" content_nibble_level_2="15" user_byte="0x00"/>
      </content_descriptor>
      <parental_rating_descriptor>
        <country country_code="FRA" rating="0x10"/>
      </parental_rating_descriptor>
    </event>
  </EIT>
  <EIT type="pf" version="0" current="true" actual="false" service_id="0x24C2" transport_stream_id="0x043C" original_network_id="0x0001" last_table_id="0x4F">
    <metadata PID="18" first_ts_packet="23,286" last_ts_packet="81,402"/>
    <event event_id="0x1F8D" start_time="2017-08-23 11:30:00" duration="00:30:00" running_status="running" CA_mode="true">
      <short_event_descriptor language_code="fre">
        <event_name>RESTONS NATURE</event_name>
        <text>PrØsentØ par Diane Gouffrant.</text>
      </short_event_descriptor>
      <extended_event_descriptor descriptor_number="0" last_descriptor_number="0" language_code="fre">
        <text>PrØsentØ par Diane Gouffrant. Tout ce qu'il faut savoir sur la biodiversitØ et la protection des espŁces animales et vØgØtales.</text>
        <item>
          <description>PrØsentateur</description>
          <name>Diane Gouffrant</name>
        </item>
      </extended_event_descriptor>
      <component_descriptor stream_content="0x01" stream_content_ext="0x0F" component_type="0x01" component_tag="0x01" language_code="fre" text=""/>
      <component_descriptor stream_content="0x02" stream_content_ext="0x0F" component_type="0x01" component_tag="0x01" language_code="fre" text=""/>
      <content_descriptor>
        <content content_nibble_level_1="4" content_nibble_level_2="0" user_byte="0x00"/>
        <content content_nibble_level_1="11" content_nibble_level_2="15" user_byte="0x00"/>
      </content_descriptor>
      <parental_rating_descriptor>
        <country country_code="FRA" rating="0x10"/>
      </parental_rating_descriptor>
    </event>
    <event event_id="0x1F8E" start_time="2017-08-23 12:00:00" duration="00:30:00" running_status="not-running" CA_mode="true">
      <short_event_descriptor language_code="fre">
        <event_name>PAYSANS DU MONDE</event_name>
        <text>Information non disponible.</text>
      </short_event_descriptor>
      <extended_event_descriptor descriptor_number="0" last_descriptor_number="0" language_code="fre">
        <text>Information non disponible.</text>
      </extended_event_descriptor>
      <component_descriptor stream_content="0x01" stream_content_ext="0x0F" component_type="0x01" component_tag="0x01" language_code="fre" text=""/>
      <component_descriptor stream_content="0x02" stream_content_ext="0x0F" component_type="0x01" component_tag="0x01" language_code="fre" text=""/>
      <content_descriptor>
        <content content_nibble_level_1="4" content_nibble_level_2="0" user_byte="0x00"/>
        <content content_nibble_level_1="11" content_nibble_level_2="15" user_byte="0x00"/>
      </content_descriptor>
      <parental_rating_descriptor>
        <country country_code="FRA" rating="0x10"/>
      </parental_rating_descriptor>
    </event>
  </EIT>
  <EIT type="pf" version="31" current="true" actual="false" service_id="0x22CB" transport_stream_id="0x0434" original_network_id="0x0001" last_table_id="0x4F">
    <metadata PID="18" first_ts_packet="23,424" last_ts_packet="81,671"/>
    <event event_id="0xB444" start_time="2017-08-23 04:00:00" duration="11:00:00" running_status="running" CA_mode="true">
      <short_event_descriptor language_code="fre">
        <event_name>PLAYLIST</event_name>
        <text>Clips.</text>
      </short_event_descriptor>
      <extended_event_descriptor descriptor_number="0" last_descriptor_number="0" language_code="fre">
        <text>Clips. 100% musique, 100% clips.</text>
      </extended_event_descriptor>
      <component_descriptor stream_content="0x01" stream_content_ext="0x0F" component_type="0x01" component_tag="0x01" language_code="fre" text=""/>
      <component_descriptor stream_content="0x02" stream_content_ext="0x0F" component_type="0x03" component_tag="0x01" language_code="fre" text=""/>
      <content_descriptor>
        <content content_nibble_level_1="8" content_nibble_level_2="6" user_byte="0x00"/>
        <content content_nibble_level_1="11" content_nibble_level_2="15" user_byte="0x00"/>
      </content_descriptor>
      <parental_rating_descriptor>
        <country country_code="FRA" rating="0x10"/>
      </parental_rating_descriptor>
    </event>
    <event event_id="0xB445" start_time="2017-08-23 15:00:00" duration="01:15:00" running_status="not-running" CA_mode="true">
      <short_event_descriptor language_code="fre">
        <event_name>TRACE REQUEST</event_name>
        <text>Clips.</text>
      </short_event_descriptor>
      <extended_event_descriptor descriptor_number="0" last_descriptor_number="0" language_code="fre">
        <text>Clips. Les tØlespectateurs ont le pouvoir! Chaque semaine rendez-vous sur www.tracerequest.com pour Ølire vos 15 chansons prØfØrØes et faites apparaitre vos tweets en LIVE Ω l'antenne avec le</text>
      </extended_event_descriptor>
      <component_descriptor stream_content="0x01" stream_content_ext="0x0F" component_type="0x01" component_tag="0x01" language_code="fre" text=""/>
      <component_descriptor stream_content="0x02" stream_content_ext="0x0F" component_type="0x03" component_tag="0x01" language_code="fre" text=""/>
      <content_descriptor>
        <content content_nibble_level_1="8" content_nibble_level_2="6" user_byte="0x00"/>
        <content content_nibble_level_1="11" content_nibble_level_2="15" user_byte="0x00"/>
      </content_descriptor>
      <parental_rating_descriptor>
        <country country_code="FRA" rating="0x10"/>
      </parental_rating_descriptor>
    </event>
  </EIT>
  <EIT type="pf" version="11" current="true" actual="false" service_id="0x19CD" transport_stream_id="0x0444" original_network_id="0x0001" last_table_id="0x4F">
    <metadata PID="18" first_ts_packet="23,534" last_ts_packet="81,950"/>
    <event event_id="0x2D00" start_time="2017-08-23 11:35:00" duration="00:55:00" running_status="running" CA_mode="true">
      <short_event_descriptor language_code="fre">
        <event_name>DECOUVRIR LE MONDE</event_name>
        <text>Documentaire franĿais rØalisØ en 2016 (Ep. 3). "Colombie".</text>
      </short_event_descriptor>
      <extended_event_descriptor descriptor_number="0" last_descriptor_number="0" language_code="fre">
        <text>Documentaire franĿais rØalisØ en 2016 (Ep. 3). "Colombie". Loin des clichØs, la Colombie affiche l'un des taux de croissance les plus forts d'AmØrique Latine ; visite d'un pays dotØ d'une variØtØ de paysages insoupĿonnØe.</text>
        <item>
          <description>AnnØe</description>
          <name>2016</name>
        </item>
      </extended_event_descriptor>
      <component_descriptor stream_content="0x01" stream_content_ext="0x0F" component_type="0x01" component_tag="0x01" language_code="fre" text=""/>
      <component_descriptor stream_content="0x02" stream_content_ext="0x0F" component_type="0x03" component_tag="0x01" language_code="fre" text=""/>
      <content_descriptor>
        <content content_nibble_level_1="4" content_nibble_level_2="0" user_byte="0x00"/>
        <content content_nibble_level_1="11" content_nibble_level_2="15" user_byte="0x00"/>
      </content_descriptor>
      <parental_rating_descriptor>
        <country country_code="FRA" rating="0x10"/>
      </parental_rating_descriptor>
      <private_data_specifier_descriptor private_data_specifier="CanalPlus"/>
      <generic_descriptor tag="0xE0">
        E2 84 20 50 00 19 CD 04 44 00 01 04 40 00 BF 00
        04 F2 03 F1 01
      </generic_descriptor>
      <generic_descriptor tag="0xE0">
        E2 8B 21 55 00 19 CD 04 44 00 01 04 40 00 BF 00
        04 F2 03 F1 01
      </generic_descriptor>
    </event>
    <event event_id="0x2D01" start_time="2017-08-23 12:30:00" duration="00:30:00" running_status="not-running" CA_mode="true">
      <short_event_descriptor language_code="fre">
        <event_name>CITY TWO</event_name>
        <text>Documentaire franĿais rØalisØ par Christophe Obry en 2016 (5/20). "Bruxelles".</text>
      </short_event_descriptor>
      <extended_event_descriptor descriptor_number="0" last_descriptor_number="1" language_code="fre">
        <text>Documentaire franĿais rØalisØ par Christophe Obry en 2016 (5/20). "Bruxelles". Sans guide imprimØ, uniquement Ω partir d'applications prØsentes sur le smartphone, Odile et Lucas s'offrent un week-end de derniŁr</text>
        <item>
          <description>AnnØe</description>
          <name>2016</name>
        </item>
        <item>
          <description>RØalisateur</description>
          <name>Christophe Obry</name>
        </item>
      </extended_event_descriptor>
      <extended_event_descriptor descriptor_number="1" last_descriptor_number="1" language_code="fre">
        <text>e minute.</text>
      </extended_event_descriptor>
      <component_descriptor stream_content="0x01" stream_content_ext="0x0F" component_type="0x01" component_tag="0x01" language_code="fre" text=""/>
      <component_descriptor stream_content="0x02" stream_content_ext="0x0F" component_type="0x03" component_tag="0x01" language_code="fre" text=""/>
      <content_descriptor>
        <content content_nibble_level_1="4" content_nibble_level_2="0" user_byte="0x00"/>
        <content content_nibble_level_1="11" content_nibble_level_2="15" user_byte="0x00"/>
      </content_descriptor>
      <parental_rating_descriptor>
        <country country_code="FRA" rating="0x10"/>
      </parental_rating_descriptor>
    </event>
  </EIT>
  <EIT type="pf" version="12" current="true" actual="false" service_id="0x1AF9" transport_stream_id="0x03FE" original_network_id="0x0001" last_table_id="0x4F">
    <metadata PID="18" first_ts_packet="23,836" last_ts_packet="82,090"/>
    <event event_id="0x5919" start_time="2017-08-23 11:51:00" duration="00:07:00" running_status="running" CA_mode="true">
      <short_event_descriptor language_code="fre">
        <event_name>EXTRAIT MAGAZINE</event_name>
        <text>Information non disponible.</text>
      </short_event_descriptor>
      <extended_event_descriptor descriptor_number="0" last_descriptor_number="0" language_code="fre">
        <text>Information non disponible.</text>
      </extended_event_descriptor>
      <component_descriptor stream_content="0x01" stream_content_ext="0x0F" component_type="0x01" component_tag="0x01" language_code="fre" text=""/>
      <component_descriptor stream_content="0x02" stream_content_ext="0x0F" component_type="0x01" component_tag="0x01" language_code="fre" text=""/>
      <content_descriptor>
        <content content_nibble_level_1="4" content_nibble_level_2="0" user_byte="0x00"/>
        <content content_nibble_level_1="11" content_nibble_level_2="15" user_byte="0x00"/>
      </content_descriptor>
      <parental_rating_descriptor>
        <country country_code="FRA" rating="0x10"/>
      </parental_rating_descriptor>
    </event>
    <event event_id="0x591A" start_time="2017-08-23 11:58:00" duration="00:02:00" running_status="not-running" CA_mode="true">
      <short_event_descriptor language_code="fre">
        <event_name>METEO</event_name>
        <text>Information non disponible.</text>
      </short_event_descriptor>
      <extended_event_descriptor descriptor_number="0" last_descriptor_number="0" language_code="fre">
        <text>Information non disponible.</text>
      </extended_event_descriptor>
      <component_descriptor stream_content="0x01" stream_content_ext="0x0F" component_type="0x01" component_tag="0x01" language_code="fre" text=""/>
      <component_descriptor stream_content="0x02" stream_content_ext="0x0F" component_type="0x01" component_tag="0x01" language_code="fre" text=""/>
      <content_descriptor>
        <content content_nibble_level_1="9" content_nibble_level_2="1" user_byte="0x00"/>
        <content content_nibble_level_1="11" content_nibble_level_2="15" user_byte="0x00"/>
      </content_descriptor>
      <parental_rating_descriptor>
        <country country_code="FRA" rating="0x10"/>
      </parental_rating_descriptor>
    </event>
  </EIT>
  <EIT type="pf" version="27" current="true" actual="false" service_id="0x2202" transport_stream_id="0x044C" original_network_id="0x0001" last_table_id="0x4F">
    <metadata PID="18" first_ts_packet="24,544" last_ts_packet="83,100"/>
    <event event_id="0x3F3E" start_time="2017-08-23 10:00:00" duration="03:00:00" running_status="running" CA_mode="true">
      <short_event_descriptor language_code="fre">
        <event_name>CLIPS</event_name>
        <text>Clips. "Le meilleur des hits sur RFM".</text>
      </short_event_descriptor>
      <extended_event_descriptor descriptor_number="0" last_descriptor_number="0" language_code="fre">
        <text>Clips. "Le meilleur des hits sur RFM". Une Ømission 100% clips, 100% tubes pour avoir la forme toute la journØe.</text>
      </extended_event_descriptor>
      <component_descriptor stream_content="0x01" stream_content_ext="0x0F" component_type="0x01" component_tag="0x01" language_code="fre" text=""/>
      <component_descriptor stream_content="0x02" stream_content_ext="0x0F" component_type="0x01" component_tag="0x01" language_code="fre" text=""/>
      <content_descriptor>
        <content content_nibble_level_1="8" content_nibble_level_2="6" user_byte="0x00"/>
        <content content_nibble_level_1="11" content_nibble_level_2="15" user_byte="0x00"/>
      </content_descriptor>
      <parental_rating_descriptor>
        <country country_code="FRA" rating="0x10"/>
      </parental_rating_descriptor>
    </event>
    <event event_id="0x3F3F" start_time="2017-08-23 13:00:00" duration="03:00:00" running_status="not-running" CA_mode="true">
      <short_event_descriptor language_code="fre">
        <event_name>CLIPS</event_name>
        <text>Clips. "Le meilleur des hits sur RFM".</text>
      </short_event_descriptor>
      <extended_event_descriptor descriptor_number="0" last_descriptor_number="0" language_code="fre">
        <text>Clips. "Le meilleur des hits sur RFM". Une Ømission 100% clips, 100% tubes pour avoir la forme toute la journØe.</text>
      </extended_event_descriptor>
      <component_descriptor stream_content="0x01" stream_content_ext="0x0F" component_type="0x01" component_tag="0x01" language_code="fre" text=""/>
      <component_descriptor stream_content="0x02" stream_content_ext="0x0F" component_type="0x01" component_tag="0x01" language_code="fre" text=""/>
      <content_descriptor>
        <content content_nibble_level_1="8" content_nibble_level_2="6" user_byte="0x00"/>
        <content content_nibble_level_1="11" content_nibble_level_2="15" user_byte="0x00"/>
      </content_descriptor>
      <parental_rating_descriptor>
        <country country_code="FRA" rating="0x10"/>
      </parental_rating_descriptor>
    </event>
  </EIT>
  <EIT type="pf" version="0" current="true" actual="false" service_id="0x2205" transport_stream_id="0x044C" original_network_id="0x0001" last_table_id="0x4F">
    <metadata PID="18" first_ts_packet="24,807" last_ts_packet="83,100"/>
    <event event_id="0x3F91" start_time="2017-08-23 03:00:00" duration="18:02:00" running_status="running" CA_mode="true">
      <short_event_descriptor language_code="fre">
        <event_name>INTERRUPTION DES PROGRAMMES</event_name>
        <text>(-18)  Information non disponible.</text>
      </short_event_descriptor>
      <extended_event_descriptor descriptor_number="0" last_descriptor_number="0" language_code="fre">
        <text>(-18)  Information non disponible.</text>
      </extended_event_descriptor>
      <component_descriptor stream_content="0x01" stream_content_ext="0x0F" component_type="0x01" component_tag="0x01" language_code="fre" text=""/>
      <component_descriptor stream_content="0x02" stream_content_ext="0x0F" component_type="0x01" component_tag="0x01" language_code="fre" text=""/>
      <content_descriptor>
        <content content_nibble_level_1="7" content_nibble_level_2="0" user_byte="0x00"/>
        <content content_nibble_level_1="11" content_nibble_level_2="15" user_byte="0x00"/>
      </content_descriptor>
      <parental_rating_descriptor>
        <country country_code="FRA" rating="0x14"/>
      </parental_rating_descriptor>
    </event>
    <event event_id="0x3F92" start_time="2017-08-23 21:02:00" duration="00:19:00" running_status="not-running" CA_mode="true">
      <short_event_descriptor language_code="fre">
        <event_name>SEXY STORY</event_name>
        <text>(-16)  Information non disponible.</text>
      </short_event_descriptor>
      <extended_event_descriptor descriptor_number="0" last_descriptor_number="0" language_code="fre">
        <text>(-16)  Information non disponible.</text>
      </extended_event_descriptor>
      <component_descriptor stream_content="0x01" stream_content_ext="0x0F" component_type="0x01" component_tag="0x01" language_code="fre" text=""/>
      <component_descriptor stream_content="0x02" stream_content_ext="0x0F" component_type="0x03" component_tag="0x01" language_code="fre" text=""/>
      <content_descriptor>
        <content content_nibble_level_1="1" content_nibble_level_2="6" user_byte="0x00"/>
        <content content_nibble_level_1="11" content_nibble_level_2="15" user_byte="0x00"/>
      </content_descriptor>
      <parental_rating_descriptor>
        <country country_code="FRA" rating="0x13"/>
      </parental_rating_descriptor>
    </event>
  </EIT>
  <EIT type="pf" version="6" current="true" actual="false" service_id="0x200C" transport_stream_id="0x0430" original_network_id="0x0001" last_table_id="0x4F">
    <metadata PID="18" first_ts_packet="24,942" last_ts_packet="83,242"/>
    <event event_id="0x417F" start_time="2017-08-23 10:00:00" duration="03:00:00" running_status="running" CA_mode="true">
      <short_event_descriptor language_code="fre">
        <event_name>HIT MUSIC ONLY</event_name>
        <text>Clips.</text>
      </short_event_descriptor>
      <extended_event_descriptor descriptor_number="0" last_descriptor_number="0" language_code="fre">
        <text>Clips.</text>
      </extended_event_descriptor>
      <component_descriptor stream_content="0x01" stream_content_ext="0x0F" component_type="0x01" component_tag="0x01" language_code="fre" text=""/>
      <component_descriptor stream_content="0x02" stream_content_ext="0x0F" component_type="0x01" component_tag="0x01" language_code="fre" text=""/>
      <content_descriptor>
        <content content_nibble_level_1="8" content_nibble_level_2="6" user_byte="0x00"/>
        <content content_nibble_level_1="11" content_nibble_level_2="15" user_byte="0x00"/>
      </content_descriptor>
      <parental_rating_descriptor>
        <country country_code="FRA" rating="0x10"/>
      </parental_rating_descriptor>
    </event>
    <event event_id="0x4180" start_time="2017-08-23 13:00:00" duration="02:00:00" running_status="not-running" CA_mode="true">
      <short_event_descriptor language_code="fre">
        <event_name>HIT MUSIC ONLY</event_name>
        <text>Clips.</text>
      </short_event_descriptor>
      <extended_event_descriptor descriptor_number="0" last_descriptor_number="0" language_code="fre">
        <text>Clips.</text>
      </extended_event_descriptor>
      <component_descriptor stream_content="0x01" stream_content_ext="0x0F" component_type="0x01" component_tag="0x01" language_code="fre" text=""/>
      <component_descriptor stream_content="0x02" stream_content_ext="0x0F" component_type="0x01" component_tag="0x01" language_code="fre" text=""/>
      <content_descriptor>
        <content content_nibble_level_1="8" content_nibble_level_2="6" user_byte="0x00"/>
        <content content_nibble_level_1="11" content_nibble_level_2="15" user_byte="0x00"/>
      </content_descriptor>
      <parental_rating_descriptor>
        <country country_code="FRA" rating="0x10"/>
      </parental_rating_descriptor>
    </event>
  </EIT>
  <EIT type="pf" version="14" current="true" actual="false" service_id="0x2012" transport_stream_id="0x0430" original_network_id="0x0001" last_table_id="0x4F">
    <metadata PID="18" first_ts_packet="24,942" last_ts_packet="83,359"/>
    <event event_id="0x997E" start_time="2017-08-23 10:00:00" duration="02:00:00" running_status="running" CA_mode="true">
      <short_event_descriptor language_code="fre">
        <event_name>PARIS-SG / TOULOUSE</event_name>
        <text>Ligue 1. 3e journØe.</text>
      </short_event_descriptor>
      <extended_event_descriptor descriptor_number="0" last_descriptor_number="0" language_code="fre">
        <text>Ligue 1. 3e journØe. PremiŁre apprition pour Neymar sur la pelouse du Parc des Princes, Ω l'occasion de ce duel face Ω Toulouse. DØcisif lors de la 2e journØe, le BrØsilien devrait logiquement rØgaler les supporters du PSG.</text>
      </extended_event_descriptor>
      <component_descriptor stream_content="0x01" stream_content_ext="0x0F" component_type="0x01" component_tag="0x01" language_code="fre" text=""/>
      <component_descriptor stream_content="0x02" stream_content_ext="0x0F" component_type="0x01" component_tag="0x01" language_code="fre" text=""/>
      <content_descriptor>
        <content content_nibble_level_1="2" content_nibble_level_2="1" user_byte="0x00"/>
        <content content_nibble_level_1="11" content_nibble_level_2="15" user_byte="0x00"/>
      </content_descriptor>
      <parental_rating_descriptor>
        <country country_code="FRA" rating="0x10"/>
      </parental_rating_descriptor>
      <private_data_specifier_descriptor private_data_specifier="CanalPlus"/>
      <generic_descriptor tag="0xE0">
        E2 84 16 00 00 20 12 04 30 00 01 04 21 00 BF 00
        04 F2 01 F1 01
      </generic_descriptor>
      <generic_descriptor tag="0xE0">
        E2 85 18 15 00 20 12 04 30 00 01 04 21 00 BF 00
        04 F2 01 F1 01
      </generic_descriptor>
    </event>
    <event event_id="0x997F" start_time="2017-08-23 12:00:00" duration="02:00:00" running_status="not-running" CA_mode="true">
      <short_event_descriptor language_code="fre">
        <event_name>BAYERN MUNICH / BAYER LEVERKUSEN</event_name>
        <text>Bayern Munich / Bayer Leverkusen Bundesliga. 1re journØe.</text>
      </short_event_descriptor>
      <extended_event_descriptor descriptor_number="0" last_descriptor_number="0" language_code="fre">
        <text>Bayern Munich / Bayer Leverkusen Bundesliga. 1re journØe.</text>
      </extended_event_descriptor>
      <component_descriptor stream_content="0x01" stream_content_ext="0x0F" component_type="0x01" component_tag="0x01" language_code="fre" text=""/>
      <component_descriptor stream_content="0x02" stream_content_ext="0x0F" component_type="0x01" component_tag="0x01" language_code="fre" text=""/>
      <content_descriptor>
        <content content_nibble_level_1="2" content_nibble_level_2="1" user_byte="0x00"/>
        <content content_nibble_level_1="11" content_nibble_level_2="15" user_byte="0x00"/>
      </content_descriptor>
      <parental_rating_descriptor>
        <country country_code="FRA" rating="0x10"/>
      </parental_rating_descriptor>
    </event>
  </EIT>
  <EIT type="pf" version="30" current="true" actual="false" service_id="0x1F41" transport_stream_id="0x042E" original_network_id="0x0001" last_table_id="0x4F">
    <metadata PID="18" first_ts_packet="25,205" last_ts_packet="83,499"/>
    <event event_id="0x8788" start_time="2017-08-23 11:30:00" duration="00:30:00" running_status="running" CA_mode="true">
      <short_event_descriptor language_code="fre">
        <event_name>LET'S STAY TOGETHER</event_name>
        <text>SØrie humoristique amØricaine avec Bert Belasco, Joyful Drake, Nadine Ellis. Saison 3. (4/10). "Troy Story".</text>
      </short_event_descriptor>
      <extended_event_descriptor descriptor_number="0" last_descriptor_number="1" language_code="fre">
        <text>SØrie humoristique amØricaine avec Bert Belasco, Joyful Drake, Nadine Ellis. Saison 3. (4/10). "Troy Story". Stacy et Charles jouent les entremetteurs pour Kita qui se demande si elle doit parler de sa relation </text>
        <item>
          <description>NationalitØ</description>
          <name>Etats-Unis</name>
        </item>
        <item>
          <description>TDE</description>
          <name>Troy Story</name>
        </item>
      </extended_event_descriptor>
      <extended_event_descriptor descriptor_number="1" last_descriptor_number="1" language_code="fre">
        <text>avec Troy. Tasha devient la coach en relooking de Crystal.</text>
      </extended_event_descriptor>
      <component_descriptor stream_content="0x01" stream_content_ext="0x0F" component_type="0x01" component_tag="0x01" language_code="fre" text=""/>
      <component_descriptor stream_content="0x02" stream_content_ext="0x0F" component_type="0x03" component_tag="0x01" language_code="eng" text=""/>
      <component_descriptor stream_content="0x03" stream_content_ext="0x0F" component_type="0x11" component_tag="0x01" language_code="fre" text=""/>
      <component_descriptor stream_content="0x03" stream_content_ext="0x0F" component_type="0x21" component_tag="0x01" language_code="fre" text=""/>
      <content_descriptor>
        <content content_nibble_level_1="5" content_nibble_level_2="3" user_byte="0x00"/>
        <content content_nibble_level_1="11" content_nibble_level_2="0" user_byte="0x10"/>
        <content content_nibble_level_1="11" content_nibble_level_2="15" user_byte="0x10"/>
        <content content_nibble_level_1="11" content_nibble_level_2="15" user_byte="0x11"/>
      </content_descriptor>
      <parental_rating_descriptor>
        <country country_code="FRA" rating="0x10"/>
      </parental_rating_descriptor>
      <private_data_specifier_descriptor private_data_specifier="CanalPlus"/>
      <generic_descriptor tag="0xE0">
        E2 84 18 40 00 1F 41 04 2E 00 01 08 53 00 B0 10
        BF 10 BF 11 08 F3 11 F3 21 F2 03 F1 01
      </generic_descriptor>
      <generic_descriptor tag="0xE0">
        E2 85 10 40 00 1F 41 04 2E 00 01 08 53 00 B0 10
        BF 10 BF 11 08 F3 11 F3 21 F2 03 F1 01
      </generic_descriptor>
      <generic_descriptor tag="0xE0">
        E2 85 17 50 00 1F 41 04 2E 00 01 08 53 00 B0 10
        BF 10 BF 11 08 F3 11 F3 21 F2 03 F1 01
      </generic_descriptor>
      <generic_descriptor tag="0xE0">
        E2 86 10 00 00 1F 41 04 2E 00 01 08 53 00 B0 10
        BF 10 BF 11 08 F3 11 F3 21 F2 03 F1 01
      </generic_descriptor>
      <generic_descriptor tag="0xE0">
        E2 86 17 10 00 1F 41 04 2E 00 01 08 53 00 B0 10
        BF 10 BF 11 08 F3 11 F3 21 F2 03 F1 01
      </generic_descriptor>
      <generic_descriptor tag="0xE0">
        E2 87 14 47 00 1F 41 04 2E 00 01 08 53 00 B0 10
        BF 10 BF 11 08 F3 11 F3 21 F2 03 F1 01
      </generic_descriptor>
    </event>
    <event event_id="0x8789" start_time="2017-08-23 12:00:00" duration="01:50:00" running_status="not-running" CA_mode="true">
      <short_event_descriptor language_code="fre">
        <event_name>SUMMER SELECTION</event_name>
        <text>Clips.</text>
      </short_event_descriptor>
      <extended_event_descriptor descriptor_number="0" last_descriptor_number="0" language_code="fre">
        <text>Clips.</text>
      </extended_event_descriptor>
      <component_descriptor stream_content="0x01" stream_content_ext="0x0F" component_type="0x01" component_tag="0x01" language_code="fre" text=""/>
      <component_descriptor stream_content="0x02" stream_content_ext="0x0F" component_type="0x01" component_tag="0x01" language_code="fre" text=""/>
      <content_descriptor>
        <content content_nibble_level_1="8" content_nibble_level_2="6" user_byte="0x00"/>
        <content content_nibble_level_1="11" content_nibble_level_2="15" user_byte="0x00"/>
      </content_descriptor>
      <parental_rating_descriptor>
        <country country_code="FRA" rating="0x10"/>
      </parental_rating_descriptor>
    </event>
  </EIT>
  <EIT type="pf" version="16" current="true" actual="false" service_id="0x1966" transport_stream_id="0x044E" original_network_id="0x0001" last_table_id="0x4F">
    <metadata PID="18" first_ts_packet="25,810" last_ts_packet="84,035"/>
    <event event_id="0x835F" start_time="2017-08-23 11:00:00" duration="02:30:00" running_status="running" CA_mode="true">
      <short_event_descriptor language_code="fre">
        <event_name>ORATORIO DE NOEL DE BACH</event_name>
        <text>Oratorio de Noºl de Bach Solistes : Dorothee Mields, Damien Guillon, Thomas Hobbs. InterprØtØ par le Collegium Vocale Gent.</text>
      </short_event_descriptor>
      <extended_event_descriptor descriptor_number="0" last_descriptor_number="0" language_code="fre">
        <text>Oratorio de Noºl de Bach Solistes : Dorothee Mields, Damien Guillon, Thomas Hobbs. InterprØtØ par le Collegium Vocale Gent. EnregistrØ au Palais des Beaux-Arts de Bruxelles en 2013.</text>
        <item>
          <description>Chef d'orchestre</description>
          <name>Philippe Herreweghe</name>
        </item>
      </extended_event_descriptor>
      <component_descriptor stream_content="0x01" stream_content_ext="0x0F" component_type="0x01" component_tag="0x01" language_code="fre" text=""/>
      <component_descriptor stream_content="0x02" stream_content_ext="0x0F" component_type="0x03" component_tag="0x01" language_code="fre" text=""/>
      <content_descriptor>
        <content content_nibble_level_1="8" content_nibble_level_2="1" user_byte="0x00"/>
        <content content_nibble_level_1="11" content_nibble_level_2="15" user_byte="0x00"/>
      </content_descriptor>
      <parental_rating_descriptor>
        <country country_code="FRA" rating="0x10"/>
      </parental_rating_descriptor>
      <private_data_specifier_descriptor private_data_specifier="CanalPlus"/>
      <generic_descriptor tag="0xE0">
        E2 85 18 30 00 19 66 04 4E 00 01 04 81 00 BF 00
        04 F2 03 F1 01
      </generic_descriptor>
      <generic_descriptor tag="0xE0">
        E2 86 15 00 00 19 66 04 4E 00 01 04 81 00 BF 00
        04 F2 03 F1 01
      </generic_descriptor>
    </event>
    <event event_id="0x8360" start_time="2017-08-23 13:30:00" duration="00:35:00" running_status="not-running" CA_mode="true">
      <short_event_descriptor language_code="fre">
        <event_name>FESTIVAL DE LA GRANGE DE MESLAY 2014</event_name>
        <text>Festival de La Grange de Meslay 2014 "RØcital Nelson Freire". EnregistrØ Ω ParĿay-Meslay, le 14 juin 2014. Avec Nelson Freire (piano).</text>
      </short_event_descriptor>
      <extended_event_descriptor descriptor_number="0" last_descriptor_number="1" language_code="fre">
        <text>Festival de La Grange de Meslay 2014 "RØcital Nelson Freire". EnregistrØ Ω ParĿay-Meslay, le 14 juin 2014. Avec Nelson Freire (piano). Au programme : Oeuvres de Beethoven, Debussy, Rachmaninov, Chopin, Gluck/Sgambati, Albeni</text>
        <item>
          <description>InterprŁte</description>
          <name>Nelson Freire</name>
        </item>
      </extended_event_descriptor>
      <extended_event_descriptor descriptor_number="1" last_descriptor_number="1" language_code="fre">
        <text>z/Godowsky, Villa Lobos. RØalisation de FranĿois-RenØ Martin.</text>
      </extended_event_descriptor>
      <component_descriptor stream_content="0x01" stream_content_ext="0x0F" component_type="0x01" component_tag="0x01" language_code="fre" text=""/>
      <component_descriptor stream_content="0x02" stream_content_ext="0x0F" component_type="0x03" component_tag="0x01" language_code="fre" text=""/>
      <content_descriptor>
        <content content_nibble_level_1="8" content_nibble_level_2="2" user_byte="0x00"/>
        <content content_nibble_level_1="11" content_nibble_level_2="15" user_byte="0x00"/>
      </content_descriptor>
      <parental_rating_descriptor>
        <country country_code="FRA" rating="0x10"/>
      </parental_rating_descriptor>
      <private_data_specifier_descriptor private_data_specifier="CanalPlus"/>
      <generic_descriptor tag="0xE0">
        E2 85 20 55 00 19 66 04 4E 00 01 04 82 00 BF 00
        04 F2 03 F1 01
      </generic_descriptor>
      <generic_descriptor tag="0xE0">
        E2 86 17 25 00 19 66 04 4E 00 01 04 82 00 BF 00
        04 F2 03 F1 01
      </generic_descriptor>
      <generic_descriptor tag="0xE0">
        E2 86 22 00 00 19 66 04 4E 00 01 04 82 00 BF 00
        04 F2 03 F1 01
      </generic_descriptor>
      <generic_descriptor tag="0xE0">
        E2 88 15 00 00 19 66 04 4E 00 01 04 82 00 BF 00
        04 F2 03 F1 01
      </generic_descriptor>
      <generic_descriptor tag="0xE0">
        E2 8A 18 30 00 19 66 04 4E 00 01 04 82 00 BF 00
        04 F2 03 F1 01
      </generic_descriptor>
      <generic_descriptor tag="0xE0">
        E2 8C 11 00 00 19 66 04 4E 00 01 04 82 00 BF 00
        04 F2 03 F1 01
      </generic_descriptor>
    </event>
  </EIT>
  <EIT type="pf" version="2" current="true" actual="false" service_id="0x427D" transport_stream_id="0x0446" original_network_id="0x0001" last_table_id="0x4F">
    <metadata PID="18" first_ts_packet="26,210" last_ts_packet="84,510"/>
    <event event_id="0x6806" start_time="2017-08-23 11:50:00" duration="00:30:00" running_status="running" CA_mode="true">
      <short_event_descriptor language_code="fre">
        <event_name>LES NOUVELLES FILLES D'A COTE</event_name>
        <text>Les nouvelles filles d'Ω cħtØ SØrie franĿaise avec Christiane Jean, Vincent Latorre, Marie Chevalier. (34/156). "Les bons comptes".</text>
      </short_event_descriptor>
      <extended_event_descriptor descriptor_number="0" last_descriptor_number="1" language_code="fre">
        <text>Les nouvelles filles d'Ω cħtØ SØrie franĿaise avec Christiane Jean, Vincent Latorre, Marie Chevalier. (34/156). "Les bons comptes". Vincent a empruntØ de l'argent Ω tous ses amis. Il prØtend que sa mŁre a oubl</text>
        <item>
          <description>NationalitØ</description>
          <name>France</name>
        </item>
        <item>
          <description>TDE</description>
          <name>Les bons comptes</name>
        </item>
      </extended_event_descriptor>
      <extended_event_descriptor descriptor_number="1" last_descriptor_number="1" language_code="fre">
        <text>iØ de lui donner de l'argent de poche. la nouvelle arrive aux oreilles de Claire.</text>
      </extended_event_descriptor>
      <component_descriptor stream_content="0x01" stream_content_ext="0x0F" component_type="0x01" component_tag="0x01" language_code="fre" text=""/>
      <component_descriptor stream_content="0x02" stream_content_ext="0x0F" component_type="0x03" component_tag="0x01" language_code="fre" text=""/>
      <content_descriptor>
        <content content_nibble_level_1="5" content_nibble_level_2="3" user_byte="0x00"/>
        <content content_nibble_level_1="11" content_nibble_level_2="15" user_byte="0x00"/>
        <content content_nibble_level_1="11" content_nibble_level_2="15" user_byte="0x20"/>
      </content_descriptor>
      <parental_rating_descriptor>
        <country country_code="FRA" rating="0x10"/>
      </parental_rating_descriptor>
      <private_data_specifier_descriptor private_data_specifier="CanalPlus"/>
      <generic_descriptor tag="0xE0">
        E2 87 07 40 00 42 7D 04 46 00 01 06 53 00 BF 00
        BF 20 04 F2 03 F1 01
      </generic_descriptor>
    </event>
    <event event_id="0x6807" start_time="2017-08-23 12:20:00" duration="00:50:00" running_status="not-running" CA_mode="true">
      <short_event_descriptor language_code="fre">
        <event_name>LES MYSTERES DE L'AMOUR</event_name>
        <text>SØrie sentimentale franĿaise avec Laure Guibert, Patrick Puydebat, Philippe Vasseur. Saison 9. (4/28). "Chocs en sØrie".</text>
      </short_event_descriptor>
      <extended_event_descriptor descriptor_number="0" last_descriptor_number="1" language_code="fre">
        <text>SØrie sentimentale franĿaise avec Laure Guibert, Patrick Puydebat, Philippe Vasseur. Saison 9. (4/28). "Chocs en sØrie". Cathy annonce Ω JosØ une nouvelle qui le bouleverse totalement. BØnØdicte doit elle aussi </text>
        <item>
          <description>NationalitØ</description>
          <name>France</name>
        </item>
        <item>
          <description>TDE</description>
          <name>Chocs en sØrie</name>
        </item>
      </extended_event_descriptor>
      <extended_event_descriptor descriptor_number="1" last_descriptor_number="1" language_code="fre">
        <text>affronter une Øpreuve et demande conseil auprŁs de ses amies.</text>
      </extended_event_descriptor>
      <component_descriptor stream_content="0x01" stream_content_ext="0x0F" component_type="0x01" component_tag="0x01" language_code="fre" text=""/>
      <component_descriptor stream_content="0x02" stream_content_ext="0x0F" component_type="0x03" component_tag="0x01" language_code="fre" text=""/>
      <content_descriptor>
        <content content_nibble_level_1="5" content_nibble_level_2="0" user_byte="0x00"/>
        <content content_nibble_level_1="11" content_nibble_level_2="15" user_byte="0x00"/>
        <content content_nibble_level_1="11" content_nibble_level_2="15" user_byte="0x20"/>
      </content_descriptor>
      <parental_rating_descriptor>
        <country country_code="FRA" rating="0x10"/>
      </parental_rating_descriptor>
      <private_data_specifier_descriptor private_data_specifier="CanalPlus"/>
      <generic_descriptor tag="0xE0">
        E2 87 12 05 00 42 7D 04 46 00 01 06 50 00 BF 00
        BF 20 04 F2 03 F1 01
      </generic_descriptor>
    </event>
  </EIT>
  <EIT type="pf" version="29" current="true" actual="false" service_id="0x26B5" transport_stream_id="0x043E" original_network_id="0x0001" last_table_id="0x4F">
    <metadata PID="18" first_ts_packet="26,614" last_ts_packet="84,603"/>
    <event event_id="0x5344" start_time="2017-08-23 11:45:00" duration="00:15:00" running_status="running" CA_mode="true">
      <short_event_descriptor language_code="fre">
        <event_name>MAG ASCO</event_name>
        <text>"L'Øcole de foot et la prØ-formation". Football.</text>
      </short_event_descriptor>
      <extended_event_descriptor descriptor_number="0" last_descriptor_number="0" language_code="fre">
        <text>"L'Øcole de foot et la prØ-formation". Football.</text>
      </extended_event_descriptor>
      <component_descriptor stream_content="0x01" stream_content_ext="0x0F" component_type="0x01" component_tag="0x01" language_code="fre" text=""/>
      <component_descriptor stream_content="0x02" stream_content_ext="0x0F" component_type="0x01" component_tag="0x01" language_code="fre" text=""/>
      <content_descriptor>
        <content content_nibble_level_1="6" content_nibble_level_2="1" user_byte="0x00"/>
        <content content_nibble_level_1="11" content_nibble_level_2="15" user_byte="0x00"/>
      </content_descriptor>
      <parental_rating_descriptor>
        <country country_code="FRA" rating="0x10"/>
      </parental_rating_descriptor>
    </event>
    <event event_id="0x553E" start_time="2017-08-23 12:00:00" duration="00:15:00" running_status="not-running" CA_mode="true">
      <short_event_descriptor language_code="fre">
        <event_name>MAG ASNL</event_name>
        <text>"Les coulisses de Nancy / Sochaux". Football.</text>
      </short_event_descriptor>
      <extended_event_descriptor descriptor_number="0" last_descriptor_number="0" language_code="fre">
        <text>"Les coulisses de Nancy / Sochaux". Football.</text>
      </extended_event_descriptor>
      <component_descriptor stream_content="0x01" stream_content_ext="0x0F" component_type="0x01" component_tag="0x01" language_code="fre" text=""/>
      <component_descriptor stream_content="0x02" stream_content_ext="0x0F" component_type="0x01" component_tag="0x01" language_code="fre" text=""/>
      <content_descriptor>
        <content content_nibble_level_1="6" content_nibble_level_2="1" user_byte="0x00"/>
        <content content_nibble_level_1="11" content_nibble_level_2="15" user_byte="0x00"/>
      </content_descriptor>
      <parental_rating_descriptor>
        <country country_code="FRA" rating="0x10"/>
      </parental_rating_descriptor>
      <private_data_specifier_descriptor private_data_specifier="CanalPlus"/>
      <generic_descriptor tag="0xE0">
        E2 87 17 15 00 26 B5 04 3E 00 01 04 61 00 BF 00
        04 F2 01 F1 01
      </generic_descriptor>
      <generic_descriptor tag="0xE0">
        E2 87 19 00 00 26 B5 04 3E 00 01 04 61 00 BF 00
        04 F2 01 F1 01
      </generic_descriptor>
      <generic_descriptor tag="0xE0">
        E2 87 20 45 00 26 B5 04 3E 00 01 04 61 00 BF 00
        04 F2 01 F1 01
      </generic_descriptor>
      <generic_descriptor tag="0xE0">
        E2 88 05 00 00 26 B5 04 3E 00 01 04 61 00 BF 00
        04 F2 01 F1 01
      </generic_descriptor>
      <generic_descriptor tag="0xE0">
        E2 88 06 45 00 26 B5 04 3E 00 01 04 61 00 BF 00
        04 F2 01 F1 01
      </generic_descriptor>
      <generic_descriptor tag="0xE0">
        E2 88 12 00 00 26 B5 04 3E 00 01 04 61 00 BF 00
        04 F2 01 F1 01
      </generic_descriptor>
    </event>
  </EIT>
  <EIT type="pf" version="25" current="true" actual="false" service_id="0x24C1" transport_stream_id="0x043C" original_network_id="0x0001" last_table_id="0x4F">
    <metadata PID="18" first_ts_packet="26,869" last_ts_packet="85,159"/>
    <event event_id="0x035C" start_time="2017-08-23 11:11:00" duration="00:51:00" running_status="running" CA_mode="true">
      <short_event_descriptor language_code="fre">
        <event_name>LES GRANDES ESCROQUERIES</event_name>
        <text>Les grandes escroqueries Documentaire franĿais rØalisØ en 2010 (1/10). "Michel Maure, l'esthØtique du pire".</text>
      </short_event_descriptor>
      <extended_event_descriptor descriptor_number="0" last_descriptor_number="1" language_code="fre">
        <text>Les grandes escroqueries Documentaire franĿais rØalisØ en 2010 (1/10). "Michel Maure, l'esthØtique du pire". Pendant des annØes, le docteur Michel Maure s'est fait passer pour un chirurgien esthØtique renommØ, sans diplħmes et dans une cl</text>
        <item>
          <description>AnnØe</description>
          <name>2010</name>
        </item>
      </extended_event_descriptor>
      <extended_event_descriptor descriptor_number="1" last_descriptor_number="1" language_code="fre">
        <text>inique officiellement fermØe.</text>
      </extended_event_descriptor>
      <component_descriptor stream_content="0x01" stream_content_ext="0x0F" component_type="0x03" component_tag="0x01" language_code="fre" text=""/>
      <component_descriptor stream_content="0x02" stream_content_ext="0x0F" component_type="0x03" component_tag="0x01" language_code="fre" text=""/>
      <component_descriptor stream_content="0x03" stream_content_ext="0x0F" component_type="0x22" component_tag="0x01" language_code="fre" text=""/>
      <content_descriptor>
        <content content_nibble_level_1="4" content_nibble_level_2="0" user_byte="0x00"/>
        <content content_nibble_level_1="11" content_nibble_level_2="15" user_byte="0x00"/>
        <content content_nibble_level_1="11" content_nibble_level_2="15" user_byte="0x11"/>
      </content_descriptor>
      <parental_rating_descriptor>
        <country country_code="FRA" rating="0x10"/>
      </parental_rating_descriptor>
    </event>
    <event event_id="0x035D" start_time="2017-08-23 12:02:00" duration="01:05:00" running_status="not-running" CA_mode="true">
      <short_event_descriptor language_code="fre">
        <event_name>DEVOIR D'ENQUETE</event_name>
        <text>DIFFUSE EN HD. (-10)  Documentaire belge rØalisØ par Bernadette Saint-RØmi, Adrien Lasserre, Jean Dewoele en 2015. "L'affaire Dutroux, 20 ans aprŁs".</text>
      </short_event_descriptor>
      <extended_event_descriptor descriptor_number="0" last_descriptor_number="1" language_code="fre">
        <text>DIFFUSE EN HD. (-10)  Documentaire belge rØalisØ par Bernadette Saint-RØmi, Adrien Lasserre, Jean Dewoele en 2015. "L'affaire Dutroux, 20 ans aprŁs". De juin 1995 Ω aoß</text>
        <item>
          <description>AnnØe</description>
          <name>2015</name>
        </item>
        <item>
          <description>TDE</description>
          <name>L'affaire Dutroux, 20 ans aprŁs</name>
        </item>
        <item>
          <description>RØalisateur</description>
          <name>Bernadette Saint-RØmi</name>
        </item>
      </extended_event_descriptor>
      <extended_event_descriptor descriptor_number="1" last_descriptor_number="1" language_code="fre">
        <text>t 1996, Marc Dutroux a enlevØ six filles ĐgØes de 8 Ω 19 ans, Julie, MØlissa, An, Eefje, Sabine et Laetitia, et tuØ quatre d'entre elles.</text>
      </extended_event_descriptor>
      <component_descriptor stream_content="0x01" stream_content_ext="0x0F" component_type="0x0B" component_tag="0x01" language_code="fre" text=""/>
      <component_descriptor stream_content="0x02" stream_content_ext="0x0F" component_type="0x03" component_tag="0x01" language_code="fre" text=""/>
      <content_descriptor>
        <content content_nibble_level_1="4" content_nibble_level_2="0" user_byte="0x00"/>
        <content content_nibble_level_1="11" content_nibble_level_2="15" user_byte="0x00"/>
        <content content_nibble_level_1="11" content_nibble_level_2="15" user_byte="0x20"/>
        <content content_nibble_level_1="11" content_nibble_level_2="15" user_byte="0x30"/>
      </content_descriptor>
      <parental_rating_descriptor>
        <country country_code="FRA" rating="0x11"/>
      </parental_rating_descriptor>
    </event>
  </EIT>
  <EIT type="pf" version="30" current="true" actual="false" service_id="0x19CE" transport_stream_id="0x0444" original_network_id="0x0001" last_table_id="0x4F">
    <metadata PID="18" first_ts_packet="27,217" last_ts_packet="85,616"/>
    <event event_id="0x506F" start_time="2017-08-23 11:08:00" duration="01:27:00" running_status="running" CA_mode="true">
      <short_event_descriptor language_code="fre">
        <event_name>CENDRILLON AUX GRANDS PIEDS</event_name>
        <text>Cendrillon aux grands pieds RØalisØ par Frank Tashlin en 1960. Avec Jerry Lewis, Ed Wynn. ComØdie amØricaine.</text>
      </short_event_descriptor>
      <extended_event_descriptor descriptor_number="0" last_descriptor_number="1" language_code="fre">
        <text>Cendrillon aux grands pieds RØalisØ par Frank Tashlin en 1960. Avec Jerry Lewis, Ed Wynn. ComØdie amØricaine. Fella, exploitØ par sa belle-mŁre et ses demi-frŁres, mŁne une triste existence. Son parrain exauce so</text>
        <item>
          <description>AnnØe</description>
          <name>1960</name>
        </item>
        <item>
          <description>RØalisateur</description>
          <name>Frank Tashlin</name>
        </item>
      </extended_event_descriptor>
      <extended_event_descriptor descriptor_number="1" last_descriptor_number="1" language_code="fre">
        <text>n voeu le plus cher : rencontrer la princesse charmante.</text>
      </extended_event_descriptor>
      <component_descriptor stream_content="0x01" stream_content_ext="0x0F" component_type="0x01" component_tag="0x01" language_code="fre" text=""/>
      <component_descriptor stream_content="0x02" stream_content_ext="0x0F" component_type="0x03" component_tag="0x01" language_code="fre" text=""/>
      <component_descriptor stream_content="0x02" stream_content_ext="0x0F" component_type="0x03" component_tag="0x01" language_code="eng" text=""/>
      <component_descriptor stream_content="0x03" stream_content_ext="0x0F" component_type="0x21" component_tag="0x01" language_code="fre" text=""/>
      <content_descriptor>
        <content content_nibble_level_1="1" content_nibble_level_2="4" user_byte="0x00"/>
        <content content_nibble_level_1="11" content_nibble_level_2="15" user_byte="0x01"/>
        <content content_nibble_level_1="11" content_nibble_level_2="15" user_byte="0x11"/>
      </content_descriptor>
      <parental_rating_descriptor>
        <country country_code="FRA" rating="0x10"/>
      </parental_rating_descriptor>
      <private_data_specifier_descriptor private_data_specifier="CanalPlus"/>
      <generic_descriptor tag="0xE0">
        E2 88 17 08 00 19 CE 04 44 00 01 06 14 00 BF 01
        BF 11 06 F3 21 F2 03 F1 01
      </generic_descriptor>
      <generic_descriptor tag="0xE0">
        E2 8B 12 47 00 19 CE 04 44 00 01 06 14 00 BF 01
        BF 11 06 F3 21 F2 03 F1 01
      </generic_descriptor>
      <generic_descriptor tag="0xE0">
        E2 8D 05 32 00 19 CE 04 44 00 01 06 14 00 BF 01
        BF 11 06 F3 21 F2 03 F1 01
      </generic_descriptor>
    </event>
    <event event_id="0x5070" start_time="2017-08-23 12:35:00" duration="01:57:00" running_status="not-running" CA_mode="true">
      <short_event_descriptor language_code="fre">
        <event_name>THE THING CALLED LOVE</event_name>
        <text>RØalisØ par Peter Bogdanovich en 1993. Avec River Phoenix, Samantha Mathis, Sandra Bullock. Drame amØricain.</text>
      </short_event_descriptor>
      <extended_event_descriptor descriptor_number="0" last_descriptor_number="1" language_code="fre">
        <text>RØalisØ par Peter Bogdanovich en 1993. Avec River Phoenix, Samantha Mathis, Sandra Bullock. Drame amØricain. Les aventures d'un Øtonnant chanteur de country en route vers la gloire. Le succŁs remportØ dans un</text>
        <item>
          <description>AnnØe</description>
          <name>1993</name>
        </item>
        <item>
          <description>RØalisateur</description>
          <name>Peter Bogdanovich</name>
        </item>
      </extended_event_descriptor>
      <extended_event_descriptor descriptor_number="1" last_descriptor_number="1" language_code="fre">
        <text> bar mythique lui ouvre toutes les portes.</text>
      </extended_event_descriptor>
      <component_descriptor stream_content="0x01" stream_content_ext="0x0F" component_type="0x01" component_tag="0x01" language_code="fre" text=""/>
      <component_descriptor stream_content="0x02" stream_content_ext="0x0F" component_type="0x03" component_tag="0x01" language_code="fre" text=""/>
      <component_descriptor stream_content="0x02" stream_content_ext="0x0F" component_type="0x03" component_tag="0x01" language_code="eng" text=""/>
      <component_descriptor stream_content="0x03" stream_content_ext="0x0F" component_type="0x21" component_tag="0x01" language_code="fre" text=""/>
      <content_descriptor>
        <content content_nibble_level_1="1" content_nibble_level_2="0" user_byte="0x00"/>
        <content content_nibble_level_1="11" content_nibble_level_2="15" user_byte="0x01"/>
        <content content_nibble_level_1="11" content_nibble_level_2="15" user_byte="0x11"/>
      </content_descriptor>
      <parental_rating_descriptor>
        <country country_code="FRA" rating="0x10"/>
      </parental_rating_descriptor>
      <private_data_specifier_descriptor private_data_specifier="CanalPlus"/>
      <generic_descriptor tag="0xE0">
        E2 8B 14 18 00 19 CE 04 44 00 01 06 10 00 BF 01
        BF 11 06 F3 21 F2 03 F1 01
      </generic_descriptor>
    </event>
  </EIT>
  <EIT type="pf" version="20" current="true" actual="false" service_id="0x200B" transport_stream_id="0x0430" original_network_id="0x0001" last_table_id="0x4F">
    <metadata PID="18" first_ts_packet="28,595" last_ts_packet="86,736"/>
    <event event_id="0x2FE2" start_time="2017-08-23 10:00:00" duration="06:00:00" running_status="running" CA_mode="true">
      <short_event_descriptor language_code="fre">
        <event_name>BEIN SPORTS, LE PLUS GRAND DES SPECTACLES</event_name>
        <text>beIN SPORTS, le plus grand des spectacles.</text>
      </short_event_descriptor>
      <extended_event_descriptor descriptor_number="0" last_descriptor_number="0" language_code="fre">
        <text>beIN SPORTS, le plus grand des spectacles.</text>
      </extended_event_descriptor>
      <component_descriptor stream_content="0x01" stream_content_ext="0x0F" component_type="0x01" component_tag="0x01" language_code="fre" text=""/>
      <component_descriptor stream_content="0x02" stream_content_ext="0x0F" component_type="0x01" component_tag="0x01" language_code="fre" text=""/>
      <content_descriptor>
        <content content_nibble_level_1="7" content_nibble_level_2="0" user_byte="0x00"/>
        <content content_nibble_level_1="11" content_nibble_level_2="15" user_byte="0x00"/>
      </content_descriptor>
      <parental_rating_descriptor>
        <country country_code="FRA" rating="0x10"/>
      </parental_rating_descriptor>
    </event>
    <event event_id="0x2FE3" start_time="2017-08-23 16:00:00" duration="04:45:00" running_status="not-running" CA_mode="true">
      <short_event_descriptor language_code="fre">
        <event_name>BEIN SPORTS, LE PLUS GRAND DES SPECTACLES</event_name>
        <text>beIN SPORTS, le plus grand des spectacles.</text>
      </short_event_descriptor>
      <extended_event_descriptor descriptor_number="0" last_descriptor_number="0" language_code="fre">
        <text>beIN SPORTS, le plus grand des spectacles.</text>
      </extended_event_descriptor>
      <component_descriptor stream_content="0x01" stream_content_ext="0x0F" component_type="0x01" component_tag="0x01" language_code="fre" text=""/>
      <component_descriptor stream_content="0x02" stream_content_ext="0x0F" component_type="0x01" component_tag="0x01" language_code="fre" text=""/>
      <content_descriptor>
        <content content_nibble_level_1="7" content_nibble_level_2="0" user_byte="0x00"/>
        <content content_nibble_level_1="11" content_nibble_level_2="15" user_byte="0x00"/>
      </content_descriptor>
      <parental_rating_descriptor>
        <country country_code="FRA" rating="0x10"/>
      </parental_rating_descriptor>
    </event>
  </EIT>
  <EIT type="pf" version="15" current="true" actual="false" service_id="0x2525" transport_stream_id="0x045E" original_network_id="0x0001" last_table_id="0x4F">
    <metadata PID="18" first_ts_packet="28,733" last_ts_packet="86,841"/>
    <event event_id="0xB79E" start_time="2017-08-23 11:45:00" duration="01:45:00" running_status="running" CA_mode="true">
      <short_event_descriptor language_code="fre">
        <event_name>SUR LA ROUTE</event_name>
        <text>Football.</text>
      </short_event_descriptor>
      <extended_event_descriptor descriptor_number="0" last_descriptor_number="0" language_code="fre">
        <text>Football.</text>
      </extended_event_descriptor>
      <component_descriptor stream_content="0x01" stream_content_ext="0x0F" component_type="0x01" component_tag="0x01" language_code="fre" text=""/>
      <component_descriptor stream_content="0x02" stream_content_ext="0x0F" component_type="0x01" component_tag="0x01" language_code="fre" text=""/>
      <content_descriptor>
        <content content_nibble_level_1="6" content_nibble_level_2="1" user_byte="0x00"/>
        <content content_nibble_level_1="11" content_nibble_level_2="15" user_byte="0x00"/>
      </content_descriptor>
      <parental_rating_descriptor>
        <country country_code="FRA" rating="0x10"/>
      </parental_rating_descriptor>
    </event>
    <event event_id="0xB79F" start_time="2017-08-23 13:30:00" duration="02:00:00" running_status="not-running" CA_mode="true">
      <short_event_descriptor language_code="fre">
        <event_name>LYON / DIJON</event_name>
        <text>Championnat de France Ligue 1. 26e journØe.</text>
      </short_event_descriptor>
      <extended_event_descriptor descriptor_number="0" last_descriptor_number="0" language_code="fre">
        <text>Championnat de France Ligue 1. 26e journØe.</text>
      </extended_event_descriptor>
      <component_descriptor stream_content="0x01" stream_content_ext="0x0F" component_type="0x01" component_tag="0x01" language_code="fre" text=""/>
      <component_descriptor stream_content="0x02" stream_content_ext="0x0F" component_type="0x01" component_tag="0x01" language_code="fre" text=""/>
      <content_descriptor>
        <content content_nibble_level_1="2" content_nibble_level_2="1" user_byte="0x00"/>
        <content content_nibble_level_1="11" content_nibble_level_2="15" user_byte="0x00"/>
      </content_descriptor>
      <parental_rating_descriptor>
        <country country_code="FRA" rating="0x10"/>
      </parental_rating_descriptor>
      <private_data_specifier_descriptor private_data_specifier="CanalPlus"/>
      <generic_descriptor tag="0xE0">
        E2 84 18 15 00 25 25 04 5E 00 01 04 21 00 BF 00
        04 F2 01 F1 01
      </generic_descriptor>
    </event>
  </EIT>
  <EIT type="pf" version="5" current="true" actual="false" service_id="0x232A" transport_stream_id="0x0442" original_network_id="0x0001" last_table_id="0x4F">
    <metadata PID="18" first_ts_packet="28,733" last_ts_packet="87,271"/>
    <event event_id="0x295F" start_time="2017-08-23 11:55:00" duration="00:55:00" running_status="running" CA_mode="true">
      <short_event_descriptor language_code="fre">
        <event_name>COSMOS : UNE ODYSSEE A TRAVERS L'UNIVERS</event_name>
        <text>Cosmos : une odyssØe Ω travers l'univers Documentaire amØricain rØalisØ en 2013 (3/13). "La connaissance contre la peur".</text>
      </short_event_descriptor>
      <extended_event_descriptor descriptor_number="0" last_descriptor_number="1" language_code="fre">
        <text>Cosmos : une odyssØe Ω travers l'univers Documentaire amØricain rØalisØ en 2013 (3/13). "La connaissance contre la peur". Pendant des millØnaires, les ØvØnements naturels Øtaient interprØtØs comme des consØquence</text>
        <item>
          <description>AnnØe</description>
          <name>2013</name>
        </item>
        <item>
          <description>RØalisateur</description>
          <name>Brannon Braga</name>
        </item>
      </extended_event_descriptor>
      <extended_event_descriptor descriptor_number="1" last_descriptor_number="1" language_code="fre">
        <text>s du mØcontentement divin : c'est la science qui a bouleversØ ces croyances.</text>
      </extended_event_descriptor>
      <component_descriptor stream_content="0x01" stream_content_ext="0x0F" component_type="0x01" component_tag="0x01" language_code="fre" text=""/>
      <component_descriptor stream_content="0x02" stream_content_ext="0x0F" component_type="0x01" component_tag="0x01" language_code="fre" text=""/>
      <content_descriptor>
        <content content_nibble_level_1="4" content_nibble_level_2="0" user_byte="0x00"/>
        <content content_nibble_level_1="11" content_nibble_level_2="15" user_byte="0x00"/>
        <content content_nibble_level_1="11" content_nibble_level_2="15" user_byte="0x21"/>
      </content_descriptor>
      <parental_rating_descriptor>
        <country country_code="FRA" rating="0x10"/>
      </parental_rating_descriptor>
    </event>
    <event event_id="0x2960" start_time="2017-08-23 12:50:00" duration="00:55:00" running_status="not-running" CA_mode="true">
      <short_event_descriptor language_code="fre">
        <event_name>COSMOS : UNE ODYSSEE A TRAVERS L'UNIVERS</event_name>
        <text>Cosmos : une odyssØe Ω travers l'univers Documentaire amØricain rØalisØ en 2013 (5/13). "CachØ dans la lumiŁre".</text>
      </short_event_descriptor>
      <extended_event_descriptor descriptor_number="0" last_descriptor_number="1" language_code="fre">
        <text>Cosmos : une odyssØe Ω travers l'univers Documentaire amØricain rØalisØ en 2013 (5/13). "CachØ dans la lumiŁre". Un certain nombre de clØs de l'univers rØsident dans la lumiŁre, mais avant d'en prendre conscience</text>
        <item>
          <description>AnnØe</description>
          <name>2013</name>
        </item>
        <item>
          <description>RØalisateur</description>
          <name>Brannon Braga</name>
        </item>
      </extended_event_descriptor>
      <extended_event_descriptor descriptor_number="1" last_descriptor_number="1" language_code="fre">
        <text>, l'Œtre humain a d'abord dß dØchiffrer les lois ØlØmentaires de la science.</text>
      </extended_event_descriptor>
      <component_descriptor stream_content="0x01" stream_content_ext="0x0F" component_type="0x01" component_tag="0x01" language_code="fre" text=""/>
      <component_descriptor stream_content="0x02" stream_content_ext="0x0F" component_type="0x01" component_tag="0x01" language_code="fre" text=""/>
      <content_descriptor>
        <content content_nibble_level_1="4" content_nibble_level_2="0" user_byte="0x00"/>
        <content content_nibble_level_1="11" content_nibble_level_2="15" user_byte="0x00"/>
      </content_descriptor>
      <parental_rating_descriptor>
        <country country_code="FRA" rating="0x10"/>
      </parental_rating_descriptor>
      <private_data_specifier_descriptor private_data_specifier="CanalPlus"/>
      <generic_descriptor tag="0xE0">
        E2 84 13 45 00 23 2A 04 42 00 01 04 40 00 BF 00
        04 F2 01 F1 01
      </generic_descriptor>
    </event>
  </EIT>
  <EIT type="pf" version="30" current="true" actual="false" service_id="0x2654" transport_stream_id="0x0460" original_network_id="0x0001" last_table_id="0x4F">
    <metadata PID="18" first_ts_packet="29,259" last_ts_packet="87,675"/>
    <event event_id="0x48E1" start_time="2017-08-23 11:55:00" duration="00:10:00" running_status="running" CA_mode="true">
      <short_event_descriptor language_code="fre">
        <event_name>CORSICA PRIMA</event_name>
        <text>Information non disponible.</text>
      </short_event_descriptor>
      <extended_event_descriptor descriptor_number="0" last_descriptor_number="0" language_code="fre">
        <text>Information non disponible.</text>
      </extended_event_descriptor>
      <component_descriptor stream_content="0x01" stream_content_ext="0x0F" component_type="0x01" component_tag="0x01" language_code="fre" text=""/>
      <component_descriptor stream_content="0x02" stream_content_ext="0x0F" component_type="0x03" component_tag="0x01" language_code="fre" text=""/>
      <content_descriptor>
        <content content_nibble_level_1="9" content_nibble_level_2="1" user_byte="0x00"/>
        <content content_nibble_level_1="11" content_nibble_level_2="15" user_byte="0x00"/>
      </content_descriptor>
      <parental_rating_descriptor>
        <country country_code="FRA" rating="0x10"/>
      </parental_rating_descriptor>
    </event>
    <event event_id="0x48E2" start_time="2017-08-23 12:05:00" duration="00:50:00" running_status="not-running" CA_mode="true">
      <short_event_descriptor language_code="fre">
        <event_name>EXPRESSIONS</event_name>
        <text>PrØsentØ par Serge Bonavita. "«La PoØtesse aux pieds nus», de Bernard Louargant".</text>
      </short_event_descriptor>
      <extended_event_descriptor descriptor_number="0" last_descriptor_number="1" language_code="fre">
        <text>PrØsentØ par Serge Bonavita. "«La PoØtesse aux pieds nus», de Bernard Louargant". Maram Al Masri, nØe en Syrie, est une poØtesse et Øcrivaine contemporaine. Elle s'est installØe Ω Paris en 1982 aprŁs des Øtudes en littØra</text>
        <item>
          <description>PrØsentateur</description>
          <name>Serge Bonavita</name>
        </item>
      </extended_event_descriptor>
      <extended_event_descriptor descriptor_number="1" last_descriptor_number="1" language_code="fre">
        <text>ture anglaise Ω Damas.</text>
      </extended_event_descriptor>
      <component_descriptor stream_content="0x01" stream_content_ext="0x0F" component_type="0x01" component_tag="0x01" language_code="fre" text=""/>
      <component_descriptor stream_content="0x02" stream_content_ext="0x0F" component_type="0x03" component_tag="0x01" language_code="fre" text=""/>
      <content_descriptor>
        <content content_nibble_level_1="4" content_nibble_level_2="0" user_byte="0x00"/>
        <content content_nibble_level_1="11" content_nibble_level_2="15" user_byte="0x00"/>
      </content_descriptor>
      <parental_rating_descriptor>
        <country country_code="FRA" rating="0x10"/>
      </parental_rating_descriptor>
    </event>
  </EIT>
  <EIT type="pf" version="7" current="true" actual="false" service_id="0x2459" transport_stream_id="0x0440" original_network_id="0x0001" last_table_id="0x4F">
    <metadata PID="18" first_ts_packet="29,259" last_ts_packet="87,956"/>
    <event event_id="0x295E" start_time="2017-08-23 11:45:00" duration="01:40:00" running_status="running" CA_mode="true">
      <short_event_descriptor language_code="fre">
        <event_name>FREEDOM, L'ENVOL D'UN AIGLE</event_name>
        <text>Freedom, l'envol d'un aigle Documentaire franĿais rØalisØ par Muriel Barra, Jacques-Olivier Travers en 2015.</text>
      </short_event_descriptor>
      <extended_event_descriptor descriptor_number="0" last_descriptor_number="1" language_code="fre">
        <text>Freedom, l'envol d'un aigle Documentaire franĿais rØalisØ par Muriel Barra, Jacques-Olivier Travers en 2015. L'histoire d'une rencontre improbable : celle du dernier aigle pŒcheur en libertØ avec un oiseau de la m</text>
        <item>
          <description>AnnØe</description>
          <name>2015</name>
        </item>
        <item>
          <description>RØalisateur</description>
          <name>Muriel Barra</name>
        </item>
      </extended_event_descriptor>
      <extended_event_descriptor descriptor_number="1" last_descriptor_number="1" language_code="fre">
        <text>Œme espŁce, mais lui, captif depuis des annØes.</text>
      </extended_event_descriptor>
      <component_descriptor stream_content="0x01" stream_content_ext="0x0F" component_type="0x01" component_tag="0x01" language_code="fre" text=""/>
      <component_descriptor stream_content="0x02" stream_content_ext="0x0F" component_type="0x01" component_tag="0x01" language_code="fre" text=""/>
      <content_descriptor>
        <content content_nibble_level_1="4" content_nibble_level_2="0" user_byte="0x00"/>
        <content content_nibble_level_1="11" content_nibble_level_2="15" user_byte="0x00"/>
      </content_descriptor>
      <parental_rating_descriptor>
        <country country_code="FRA" rating="0x10"/>
      </parental_rating_descriptor>
      <private_data_specifier_descriptor private_data_specifier="CanalPlus"/>
      <generic_descriptor tag="0xE0">
        E2 87 11 20 00 24 59 04 40 00 01 04 40 00 BF 00
        04 F2 01 F1 01
      </generic_descriptor>
    </event>
    <event event_id="0x295F" start_time="2017-08-23 13:25:00" duration="00:55:00" running_status="not-running" CA_mode="true">
      <short_event_descriptor language_code="fre">
        <event_name>LA QUETE DES VENTS</event_name>
        <text>Documentaire franĿais rØalisØ en 2015 (3/8). "Irlande".</text>
      </short_event_descriptor>
      <extended_event_descriptor descriptor_number="0" last_descriptor_number="0" language_code="fre">
        <text>Documentaire franĿais rØalisØ en 2015 (3/8). "Irlande". Antoine Auriol brave l'hiver irlandais et part Ω la rencontre des vents de l'Atlantique sur la cħte Ouest du pays, au milieu des landes, des Ŋles abandonnØes et d'un ocØan dØchainØ.</text>
        <item>
          <description>AnnØe</description>
          <name>2015</name>
        </item>
      </extended_event_descriptor>
      <component_descriptor stream_content="0x01" stream_content_ext="0x0F" component_type="0x01" component_tag="0x01" language_code="fre" text=""/>
      <component_descriptor stream_content="0x02" stream_content_ext="0x0F" component_type="0x01" component_tag="0x01" language_code="fre" text=""/>
      <content_descriptor>
        <content content_nibble_level_1="4" content_nibble_level_2="0" user_byte="0x00"/>
        <content content_nibble_level_1="11" content_nibble_level_2="15" user_byte="0x00"/>
      </content_descriptor>
      <parental_rating_descriptor>
        <country country_code="FRA" rating="0x10"/>
      </parental_rating_descriptor>
      <private_data_specifier_descriptor private_data_specifier="CanalPlus"/>
      <generic_descriptor tag="0xE0">
        E2 89 14 15 00 24 59 04 40 00 01 04 40 00 BF 00
        04 F2 01 F1 01
      </generic_descriptor>
    </event>
  </EIT>
  <EIT type="pf" version="2" current="true" actual="false" service_id="0x206F" transport_stream_id="0x0432" original_network_id="0x0001" last_table_id="0x4F">
    <metadata PID="18" first_ts_packet="29,676" last_ts_packet="88,271"/>
    <event event_id="0x892C" start_time="2017-08-23 11:00:00" duration="01:00:00" running_status="running" CA_mode="true">
      <short_event_descriptor language_code="fre">
        <event_name>LES EXPERTS</event_name>
        <text>PrØsentØ par Nicolas Doze.</text>
      </short_event_descriptor>
      <extended_event_descriptor descriptor_number="0" last_descriptor_number="0" language_code="fre">
        <text>PrØsentØ par Nicolas Doze. DØbats et controverses sur BFM Business. Faites le plein d'arguments pour la journØe avec Les Experts.</text>
        <item>
          <description>PrØsentateur</description>
          <name>Nicolas Doze</name>
        </item>
      </extended_event_descriptor>
      <component_descriptor stream_content="0x01" stream_content_ext="0x0F" component_type="0x01" component_tag="0x01" language_code="fre" text=""/>
      <component_descriptor stream_content="0x02" stream_content_ext="0x0F" component_type="0x01" component_tag="0x01" language_code="fre" text=""/>
      <content_descriptor>
        <content content_nibble_level_1="6" content_nibble_level_2="8" user_byte="0x00"/>
        <content content_nibble_level_1="11" content_nibble_level_2="15" user_byte="0x00"/>
      </content_descriptor>
      <parental_rating_descriptor>
        <country country_code="FRA" rating="0x10"/>
      </parental_rating_descriptor>
    </event>
    <event event_id="0x892D" start_time="2017-08-23 12:00:00" duration="01:00:00" running_status="not-running" CA_mode="true">
      <short_event_descriptor language_code="fre">
        <event_name>LA LIBRAIRIE DE L'ECO</event_name>
        <text>PrØsentØ par Emmanuel Lechypre.</text>
      </short_event_descriptor>
      <extended_event_descriptor descriptor_number="0" last_descriptor_number="0" language_code="fre">
        <text>PrØsentØ par Emmanuel Lechypre. Emmanuel Lechypre prØsente le meilleur de la littØrature Øconomique avec des auteurs invitØs et les chroniqueurs de l'Ømission.</text>
        <item>
          <description>PrØsentateur</description>
          <name>Emmanuel Lechypre</name>
        </item>
      </extended_event_descriptor>
      <component_descriptor stream_content="0x01" stream_content_ext="0x0F" component_type="0x01" component_tag="0x01" language_code="fre" text=""/>
      <component_descriptor stream_content="0x02" stream_content_ext="0x0F" component_type="0x01" component_tag="0x01" language_code="fre" text=""/>
      <content_descriptor>
        <content content_nibble_level_1="6" content_nibble_level_2="8" user_byte="0x00"/>
        <content content_nibble_level_1="11" content_nibble_level_2="15" user_byte="0x00"/>
      </content_descriptor>
      <parental_rating_descriptor>
        <country country_code="FRA" rating="0x10"/>
      </parental_rating_descriptor>
    </event>
  </EIT>
  <EIT type="pf" version="2" current="true" actual="false" service_id="0x4280" transport_stream_id="0x0446" original_network_id="0x0001" last_table_id="0x4F">
    <metadata PID="18" first_ts_packet="29,980" last_ts_packet="88,271"/>
    <event event_id="0x359A" start_time="2017-08-23 04:00:00" duration="16:30:00" running_status="running" CA_mode="true">
      <short_event_descriptor language_code="fre">
        <event_name>FIN DES PROGRAMMES</event_name>
        <text>(-18)  Information non disponible.</text>
      </short_event_descriptor>
      <extended_event_descriptor descriptor_number="0" last_descriptor_number="0" language_code="fre">
        <text>(-18)  Information non disponible.</text>
      </extended_event_descriptor>
      <component_descriptor stream_content="0x01" stream_content_ext="0x0F" component_type="0x01" component_tag="0x01" language_code="fre" text=""/>
      <component_descriptor stream_content="0x02" stream_content_ext="0x0F" component_type="0x01" component_tag="0x01" language_code="fre" text=""/>
      <content_descriptor>
        <content content_nibble_level_1="7" content_nibble_level_2="0" user_byte="0x00"/>
        <content content_nibble_level_1="11" content_nibble_level_2="15" user_byte="0x00"/>
      </content_descriptor>
      <parental_rating_descriptor>
        <country country_code="FRA" rating="0x14"/>
      </parental_rating_descriptor>
    </event>
    <event event_id="0x359B" start_time="2017-08-23 20:30:00" duration="00:45:00" running_status="not-running" CA_mode="true">
      <short_event_descriptor language_code="fre">
        <event_name>SOFT BLOCK</event_name>
        <text>(-16)  Information non disponible.</text>
      </short_event_descriptor>
      <extended_event_descriptor descriptor_number="0" last_descriptor_number="0" language_code="fre">
        <text>(-16)  Information non disponible.</text>
      </extended_event_descriptor>
      <component_descriptor stream_content="0x01" stream_content_ext="0x0F" component_type="0x01" component_tag="0x01" language_code="fre" text=""/>
      <component_descriptor stream_content="0x02" stream_content_ext="0x0F" component_type="0x01" component_tag="0x01" language_code="fre" text=""/>
      <content_descriptor>
        <content content_nibble_level_1="1" content_nibble_level_2="6" user_byte="0x00"/>
        <content content_nibble_level_1="11" content_nibble_level_2="15" user_byte="0x00"/>
      </content_descriptor>
      <parental_rating_descriptor>
        <country country_code="FRA" rating="0x13"/>
      </parental_rating_descriptor>
    </event>
  </EIT>
  <EIT type="pf" version="31" current="true" actual="false" service_id="0x428C" transport_stream_id="0x0446" original_network_id="0x0001" last_table_id="0x4F">
    <metadata PID="18" first_ts_packet="30,139" last_ts_packet="88,559"/>
    <event event_id="0x2FE5" start_time="2017-08-23 11:31:00" duration="00:25:00" running_status="running" CA_mode="true">
      <short_event_descriptor language_code="fre">
        <event_name>FRANCK ET JULIEN PECHENT A LA TIRETTE</event_name>
        <text>TXTCOURT.</text>
      </short_event_descriptor>
      <extended_event_descriptor descriptor_number="0" last_descriptor_number="0" language_code="fre">
        <text>TXTCOURT.</text>
        <item>
          <description>AnnØe</description>
          <name>2015</name>
        </item>
        <item>
          <description>RØalisateur</description>
          <name>Gilbert Di Nino</name>
        </item>
      </extended_event_descriptor>
      <component_descriptor stream_content="0x01" stream_content_ext="0x0F" component_type="0x01" component_tag="0x01" language_code="fre" text=""/>
      <component_descriptor stream_content="0x02" stream_content_ext="0x0F" component_type="0x01" component_tag="0x01" language_code="fre" text=""/>
      <content_descriptor>
        <content content_nibble_level_1="4" content_nibble_level_2="0" user_byte="0x00"/>
        <content content_nibble_level_1="11" content_nibble_level_2="15" user_byte="0x00"/>
      </content_descriptor>
      <parental_rating_descriptor>
        <country country_code="FRA" rating="0x10"/>
      </parental_rating_descriptor>
      <private_data_specifier_descriptor private_data_specifier="CanalPlus"/>
      <generic_descriptor tag="0xE0">
        E2 85 05 25 00 42 8C 04 46 00 01 04 40 00 BF 00
        04 F2 01 F1 01
      </generic_descriptor>
      <generic_descriptor tag="0xE0">
        E2 85 12 43 00 42 8C 04 46 00 01 04 40 00 BF 00
        04 F2 01 F1 01
      </generic_descriptor>
      <generic_descriptor tag="0xE0">
        E2 86 14 51 00 42 8C 04 46 00 01 04 40 00 BF 00
        04 F2 01 F1 01
      </generic_descriptor>
    </event>
    <event event_id="0x2FE6" start_time="2017-08-23 11:56:00" duration="00:24:00" running_status="not-running" CA_mode="true">
      <short_event_descriptor language_code="fre">
        <event_name>QUEBEC A VOL D'OISEAU</event_name>
        <text>Information non disponible.</text>
      </short_event_descriptor>
      <extended_event_descriptor descriptor_number="0" last_descriptor_number="0" language_code="fre">
        <text>Information non disponible.</text>
        <item>
          <description>AnnØe</description>
          <name>2015</name>
        </item>
      </extended_event_descriptor>
      <component_descriptor stream_content="0x01" stream_content_ext="0x0F" component_type="0x01" component_tag="0x01" language_code="fre" text=""/>
      <component_descriptor stream_content="0x02" stream_content_ext="0x0F" component_type="0x01" component_tag="0x01" language_code="fre" text=""/>
      <content_descriptor>
        <content content_nibble_level_1="4" content_nibble_level_2="0" user_byte="0x00"/>
        <content content_nibble_level_1="11" content_nibble_level_2="15" user_byte="0x00"/>
      </content_descriptor>
      <parental_rating_descriptor>
        <country country_code="FRA" rating="0x10"/>
      </parental_rating_descriptor>
      <private_data_specifier_descriptor private_data_specifier="CanalPlus"/>
      <generic_descriptor tag="0xE0">
        E2 85 05 49 00 42 8C 04 46 00 01 04 40 00 BF 00
        04 F2 01 F1 01
      </generic_descriptor>
      <generic_descriptor tag="0xE0">
        E2 85 13 08 00 42 8C 04 46 00 01 04 40 00 BF 00
        04 F2 01 F1 01
      </generic_descriptor>
      <generic_descriptor tag="0xE0">
        E2 86 15 16 00 42 8C 04 46 00 01 04 40 00 BF 00
        04 F2 01 F1 01
      </generic_descriptor>
      <generic_descriptor tag="0xE0">
        E2 87 23 37 00 42 8C 04 46 00 01 04 40 00 BF 00
        04 F2 01 F1 01
      </generic_descriptor>
      <generic_descriptor tag="0xE0">
        E2 8B 21 52 00 42 8C 04 46 00 01 04 40 00 BF 00
        04 F2 01 F1 01
      </generic_descriptor>
    </event>
  </EIT>
  <EIT type="pf" version="18" current="true" actual="false" service_id="0x26AF" transport_stream_id="0x043E" original_network_id="0x0001" last_table_id="0x4F">
    <metadata PID="18" first_ts_packet="30,254" last_ts_packet="88,692"/>
    <event event_id="0x489B" start_time="2017-08-23 08:30:00" duration="04:00:00" running_status="running" CA_mode="true">
      <short_event_descriptor language_code="fre">
        <event_name>PAUL LAWRIE MATCH PLAY</event_name>
        <text>Circuit europØen 2017. 4e tour. Fin. A Bad Griesbach (Allemagne).</text>
      </short_event_descriptor>
      <extended_event_descriptor descriptor_number="0" last_descriptor_number="0" language_code="fre">
        <text>Circuit europØen 2017. 4e tour. Fin. A Bad Griesbach (Allemagne).</text>
      </extended_event_descriptor>
      <component_descriptor stream_content="0x01" stream_content_ext="0x0F" component_type="0x01" component_tag="0x01" language_code="fre" text=""/>
      <component_descriptor stream_content="0x02" stream_content_ext="0x0F" component_type="0x01" component_tag="0x01" language_code="fre" text=""/>
      <content_descriptor>
        <content content_nibble_level_1="2" content_nibble_level_2="15" user_byte="0x00"/>
        <content content_nibble_level_1="11" content_nibble_level_2="15" user_byte="0x00"/>
      </content_descriptor>
      <parental_rating_descriptor>
        <country country_code="FRA" rating="0x10"/>
      </parental_rating_descriptor>
    </event>
    <event event_id="0x489C" start_time="2017-08-23 12:30:00" duration="01:00:00" running_status="not-running" CA_mode="true">
      <short_event_descriptor language_code="fre">
        <event_name>GOLF+, LE MAG</event_name>
        <text>Golf. PrØsentØ par Pauline Sanzey.</text>
      </short_event_descriptor>
      <extended_event_descriptor descriptor_number="0" last_descriptor_number="0" language_code="fre">
        <text>Golf. PrØsentØ par Pauline Sanzey.</text>
      </extended_event_descriptor>
      <component_descriptor stream_content="0x01" stream_content_ext="0x0F" component_type="0x01" component_tag="0x01" language_code="fre" text=""/>
      <component_descriptor stream_content="0x02" stream_content_ext="0x0F" component_type="0x01" component_tag="0x01" language_code="fre" text=""/>
      <content_descriptor>
        <content content_nibble_level_1="6" content_nibble_level_2="1" user_byte="0x00"/>
        <content content_nibble_level_1="11" content_nibble_level_2="15" user_byte="0x00"/>
      </content_descriptor>
      <parental_rating_descriptor>
        <country country_code="FRA" rating="0x10"/>
      </parental_rating_descriptor>
      <private_data_specifier_descriptor private_data_specifier="CanalPlus"/>
      <generic_descriptor tag="0xE0">
        E2 84 21 00 00 26 AF 04 3E 00 01 04 61 00 BF 00
        04 F2 01 F1 01
      </generic_descriptor>
      <generic_descriptor tag="0xE0">
        E2 85 06 00 00 26 AF 04 3E 00 01 04 61 00 BF 00
        04 F2 01 F1 01
      </generic_descriptor>
    </event>
  </EIT>
  <EIT type="pf" version="1" current="true" actual="false" service_id="0x24BA" transport_stream_id="0x043C" original_network_id="0x0001" last_table_id="0x4F">
    <metadata PID="18" first_ts_packet="30,383" last_ts_packet="89,227"/>
    <event event_id="0x0223" start_time="2017-08-23 11:51:00" duration="01:27:00" running_status="running" CA_mode="true">
      <short_event_descriptor language_code="fre">
        <event_name>MON MARTIEN FAVORI</event_name>
        <text>RØalisØ par Donald Petrie en 1999. Avec Christopher Lloyd, Jeff Daniels, Elizabeth Hurley. ComØdie amØricaine.</text>
      </short_event_descriptor>
      <extended_event_descriptor descriptor_number="0" last_descriptor_number="1" language_code="fre">
        <text>RØalisØ par Donald Petrie en 1999. Avec Christopher Lloyd, Jeff Daniels, Elizabeth Hurley. ComØdie amØricaine. Un journaliste de tØlØvision ambitieux, qui vient de se faire licencier, est convaincu de favoriser </text>
        <item>
          <description>AnnØe</description>
          <name>1999</name>
        </item>
        <item>
          <description>RØalisateur</description>
          <name>Donald Petrie</name>
        </item>
      </extended_event_descriptor>
      <extended_event_descriptor descriptor_number="1" last_descriptor_number="1" language_code="fre">
        <text>sa carriŁre en recueillant un Martien tombØ du ciel.</text>
      </extended_event_descriptor>
      <component_descriptor stream_content="0x01" stream_content_ext="0x0F" component_type="0x01" component_tag="0x01" language_code="fre" text=""/>
      <component_descriptor stream_content="0x02" stream_content_ext="0x0F" component_type="0x01" component_tag="0x01" language_code="fre" text=""/>
      <component_descriptor stream_content="0x02" stream_content_ext="0x0F" component_type="0x01" component_tag="0x01" language_code="eng" text=""/>
      <content_descriptor>
        <content content_nibble_level_1="1" content_nibble_level_2="4" user_byte="0x00"/>
        <content content_nibble_level_1="11" content_nibble_level_2="15" user_byte="0x01"/>
      </content_descriptor>
      <parental_rating_descriptor>
        <country country_code="FRA" rating="0x10"/>
      </parental_rating_descriptor>
      <private_data_specifier_descriptor private_data_specifier="CanalPlus"/>
      <generic_descriptor tag="0xE0">
        E2 8D 15 37 00 24 BA 04 3C 00 01 04 14 00 BF 01
        04 F2 01 F1 01
      </generic_descriptor>
    </event>
    <event event_id="0x0224" start_time="2017-08-23 13:18:00" duration="01:32:00" running_status="not-running" CA_mode="true">
      <short_event_descriptor language_code="fre">
        <event_name>LE MAITRE DES LIEUX</event_name>
        <text>RØalisØ par James Orr en 1995. Avec Chevy Chase, Farrah Fawcett, Jonathan Taylor Thomas. ComØdie amØricaine.</text>
      </short_event_descriptor>
      <extended_event_descriptor descriptor_number="0" last_descriptor_number="1" language_code="fre">
        <text>RØalisØ par James Orr en 1995. Avec Chevy Chase, Farrah Fawcett, Jonathan Taylor Thomas. ComØdie amØricaine. Un adolescent jaloux fait, dans un premier temps, un trŁs mauvais accueil au fiancØ de sa mŁre. Celui-ci s'</text>
        <item>
          <description>AnnØe</description>
          <name>1995</name>
        </item>
        <item>
          <description>RØalisateur</description>
          <name>James Orr</name>
        </item>
      </extended_event_descriptor>
      <extended_event_descriptor descriptor_number="1" last_descriptor_number="1" language_code="fre">
        <text>efforce d'amadouer son futur beau-fils.</text>
      </extended_event_descriptor>
      <component_descriptor stream_content="0x01" stream_content_ext="0x0F" component_type="0x01" component_tag="0x01" language_code="fre" text=""/>
      <component_descriptor stream_content="0x02" stream_content_ext="0x0F" component_type="0x01" component_tag="0x01" language_code="fre" text=""/>
      <component_descriptor stream_content="0x02" stream_content_ext="0x0F" component_type="0x01" component_tag="0x01" language_code="eng" text=""/>
      <content_descriptor>
        <content content_nibble_level_1="1" content_nibble_level_2="4" user_byte="0x00"/>
        <content content_nibble_level_1="11" content_nibble_level_2="15" user_byte="0x01"/>
      </content_descriptor>
      <parental_rating_descriptor>
        <country country_code="FRA" rating="0x10"/>
      </parental_rating_descriptor>
    </event>
  </EIT>
  <EIT type="pf" version="22" current="true" actual="false" service_id="0x19CC" transport_stream_id="0x0444" original_network_id="0x0001" last_table_id="0x4F">
    <metadata PID="18" first_ts_packet="30,787" last_ts_packet="89,796"/>
    <event event_id="0x8EB7" start_time="2017-08-23 11:00:00" duration="01:00:00" running_status="running" CA_mode="true">
      <short_event_descriptor language_code="fre">
        <event_name>INGENUES ET FEMMES FATALES D'HIER ET D'AUJOURD'HUI</event_name>
        <text>IngØnues et femmes fatales d'hier et d'aujourd'hui Documentaire franĿais rØalisØ par Mei Chen Chalais, Gilles Nadeau en 2000.</text>
      </short_event_descriptor>
      <extended_event_descriptor descriptor_number="0" last_descriptor_number="1" language_code="fre">
        <text>IngØnues et femmes fatales d'hier et d'aujourd'hui Documentaire franĿais rØalisØ par Mei Chen Chalais, Gilles Nadeau en 2000. Un hommage Ω la beautØ des femmes et aux fantasmes qu'elles inspirent, grĐce Ω des </text>
        <item>
          <description>AnnØe</description>
          <name>2000</name>
        </item>
        <item>
          <description>RØalisateur</description>
          <name>Mei-Chen Chalais</name>
        </item>
      </extended_event_descriptor>
      <extended_event_descriptor descriptor_number="1" last_descriptor_number="1" language_code="fre">
        <text>images d'archives dressant le portrait de plusieurs stars du cinØma.</text>
      </extended_event_descriptor>
      <component_descriptor stream_content="0x01" stream_content_ext="0x0F" component_type="0x01" component_tag="0x01" language_code="fre" text=""/>
      <component_descriptor stream_content="0x02" stream_content_ext="0x0F" component_type="0x01" component_tag="0x01" language_code="fre" text=""/>
      <content_descriptor>
        <content content_nibble_level_1="4" content_nibble_level_2="0" user_byte="0x00"/>
        <content content_nibble_level_1="11" content_nibble_level_2="15" user_byte="0x00"/>
        <content content_nibble_level_1="11" content_nibble_level_2="15" user_byte="0x21"/>
      </content_descriptor>
      <parental_rating_descriptor>
        <country country_code="FRA" rating="0x10"/>
      </parental_rating_descriptor>
    </event>
    <event event_id="0x8EB8" start_time="2017-08-23 12:00:00" duration="03:05:00" running_status="not-running" CA_mode="true">
      <short_event_descriptor language_code="fre">
        <event_name>LE ROUGE ET LE NOIR</event_name>
        <text>RØalisØ par Claude Autant-Lara en 1954. Avec GØrard Philipe, Danielle Darrieux, Jean Martinelli. Drame franĿais.</text>
      </short_event_descriptor>
      <extended_event_descriptor descriptor_number="0" last_descriptor_number="1" language_code="fre">
        <text>RØalisØ par Claude Autant-Lara en 1954. Avec GØrard Philipe, Danielle Darrieux, Jean Martinelli. Drame franĿais. Sous la Restauration, l'humble et ardent fils d'un charpentier, dØvorØ d'ambition, s'Øprend de</text>
        <item>
          <description>AnnØe</description>
          <name>1954</name>
        </item>
        <item>
          <description>RØalisateur</description>
          <name>Claude Autant-Lara</name>
        </item>
      </extended_event_descriptor>
      <extended_event_descriptor descriptor_number="1" last_descriptor_number="1" language_code="fre">
        <text> deux aristocrates et dØlaisse l'une pour l'autre.</text>
      </extended_event_descriptor>
      <component_descriptor stream_content="0x01" stream_content_ext="0x0F" component_type="0x01" component_tag="0x01" language_code="fre" text=""/>
      <component_descriptor stream_content="0x02" stream_content_ext="0x0F" component_type="0x01" component_tag="0x01" language_code="fre" text=""/>
      <component_descriptor stream_content="0x03" stream_content_ext="0x0F" component_type="0x21" component_tag="0x01" language_code="fre" text=""/>
      <content_descriptor>
        <content content_nibble_level_1="1" content_nibble_level_2="0" user_byte="0x00"/>
        <content content_nibble_level_1="11" content_nibble_level_2="15" user_byte="0x00"/>
        <content content_nibble_level_1="11" content_nibble_level_2="15" user_byte="0x11"/>
      </content_descriptor>
      <parental_rating_descriptor>
        <country country_code="FRA" rating="0x10"/>
      </parental_rating_descriptor>
      <private_data_specifier_descriptor private_data_specifier="CanalPlus"/>
      <generic_descriptor tag="0xE0">
        E2 86 20 18 00 19 CC 04 44 00 01 06 10 00 BF 00
        BF 11 06 F3 21 F2 01 F1 01
      </generic_descriptor>
      <generic_descriptor tag="0xE0">
        E2 8A 15 34 00 19 CC 04 44 00 01 06 10 00 BF 00
        BF 11 06 F3 21 F2 01 F1 01
      </generic_descriptor>
      <generic_descriptor tag="0xE0">
        E2 8C 21 53 00 19 CC 04 44 00 01 06 10 00 BF 00
        BF 11 06 F3 21 F2 01 F1 01
      </generic_descriptor>
    </event>
  </EIT>
  <EIT type="pf" version="28" current="true" actual="false" service_id="0x2010" transport_stream_id="0x0430" original_network_id="0x0001" last_table_id="0x4F">
    <metadata PID="18" first_ts_packet="32,195" last_ts_packet="90,644"/>
    <event event_id="0x3FAA" start_time="2017-08-23 11:35:00" duration="00:25:00" running_status="running" CA_mode="true">
      <short_event_descriptor language_code="fre">
        <event_name>LES THUNDERMAN</event_name>
        <text>TXTLONG.</text>
      </short_event_descriptor>
      <extended_event_descriptor descriptor_number="0" last_descriptor_number="0" language_code="fre">
        <text>TXTLONG.</text>
        <item>
          <description>NationalitØ</description>
          <name>Etats-Unis</name>
        </item>
      </extended_event_descriptor>
      <component_descriptor stream_content="0x01" stream_content_ext="0x0F" component_type="0x01" component_tag="0x01" language_code="fre" text=""/>
      <component_descriptor stream_content="0x02" stream_content_ext="0x0F" component_type="0x01" component_tag="0x01" language_code="fre" text=""/>
      <content_descriptor>
        <content content_nibble_level_1="5" content_nibble_level_2="6" user_byte="0x00"/>
        <content content_nibble_level_1="11" content_nibble_level_2="15" user_byte="0x00"/>
      </content_descriptor>
      <parental_rating_descriptor>
        <country country_code="FRA" rating="0x10"/>
      </parental_rating_descriptor>
    </event>
    <event event_id="0x3FAB" start_time="2017-08-23 12:00:00" duration="00:25:00" running_status="not-running" CA_mode="true">
      <short_event_descriptor language_code="fre">
        <event_name>BOB L'EPONGE</event_name>
        <text>TXTCOURT.</text>
      </short_event_descriptor>
      <extended_event_descriptor descriptor_number="0" last_descriptor_number="0" language_code="fre">
        <text>TXTCOURT.</text>
        <item>
          <description>NationalitØ</description>
          <name>Etats-Unis</name>
        </item>
      </extended_event_descriptor>
      <component_descriptor stream_content="0x01" stream_content_ext="0x0F" component_type="0x01" component_tag="0x01" language_code="fre" text=""/>
      <component_descriptor stream_content="0x02" stream_content_ext="0x0F" component_type="0x01" component_tag="0x01" language_code="fre" text=""/>
      <component_descriptor stream_content="0x03" stream_content_ext="0x0F" component_type="0x21" component_tag="0x01" language_code="fre" text=""/>
      <content_descriptor>
        <content content_nibble_level_1="3" content_nibble_level_2="1" user_byte="0x00"/>
        <content content_nibble_level_1="11" content_nibble_level_2="15" user_byte="0x00"/>
        <content content_nibble_level_1="11" content_nibble_level_2="15" user_byte="0x11"/>
      </content_descriptor>
      <parental_rating_descriptor>
        <country country_code="FRA" rating="0x10"/>
      </parental_rating_descriptor>
    </event>
  </EIT>
  <EIT type="pf" version="0" current="true" actual="false" service_id="0x2526" transport_stream_id="0x045E" original_network_id="0x0001" last_table_id="0x4F">
    <metadata PID="18" first_ts_packet="32,324" last_ts_packet="90,870"/>
    <event event_id="0xAE94" start_time="2017-08-23 10:00:00" duration="02:00:00" running_status="running" CA_mode="true">
      <short_event_descriptor language_code="fre">
        <event_name>OMTV</event_name>
        <text>Football.</text>
      </short_event_descriptor>
      <extended_event_descriptor descriptor_number="0" last_descriptor_number="0" language_code="fre">
        <text>Football. Des analyses et des commentaires des rencontres de l'Olympique de Marseille, des rediffusions des plus grands matchs de l'OM d'hier et d'aujourd'hui : toute l'actualitØ de l'OM est sur OMtv.</text>
      </extended_event_descriptor>
      <component_descriptor stream_content="0x01" stream_content_ext="0x0F" component_type="0x01" component_tag="0x01" language_code="fre" text=""/>
      <component_descriptor stream_content="0x02" stream_content_ext="0x0F" component_type="0x01" component_tag="0x01" language_code="fre" text=""/>
      <content_descriptor>
        <content content_nibble_level_1="6" content_nibble_level_2="1" user_byte="0x00"/>
        <content content_nibble_level_1="11" content_nibble_level_2="15" user_byte="0x00"/>
      </content_descriptor>
      <parental_rating_descriptor>
        <country country_code="FRA" rating="0x10"/>
      </parental_rating_descriptor>
    </event>
    <event event_id="0xAE95" start_time="2017-08-23 12:00:00" duration="02:00:00" running_status="not-running" CA_mode="true">
      <short_event_descriptor language_code="fre">
        <event_name>OMTV</event_name>
        <text>Football.</text>
      </short_event_descriptor>
      <extended_event_descriptor descriptor_number="0" last_descriptor_number="0" language_code="fre">
        <text>Football. Des analyses et des commentaires des rencontres de l'Olympique de Marseille, des rediffusions des plus grands matchs de l'OM d'hier et d'aujourd'hui : toute l'actualitØ de l'OM est sur OMtv.</text>
      </extended_event_descriptor>
      <component_descriptor stream_content="0x01" stream_content_ext="0x0F" component_type="0x01" component_tag="0x01" language_code="fre" text=""/>
      <component_descriptor stream_content="0x02" stream_content_ext="0x0F" component_type="0x01" component_tag="0x01" language_code="fre" text=""/>
      <content_descriptor>
        <content content_nibble_level_1="6" content_nibble_level_2="1" user_byte="0x00"/>
        <content content_nibble_level_1="11" content_nibble_level_2="15" user_byte="0x00"/>
      </content_descriptor>
      <parental_rating_descriptor>
        <country country_code="FRA" rating="0x10"/>
      </parental_rating_descriptor>
    </event>
  </EIT>
  <EIT type="pf" version="29" current="true" actual="false" service_id="0x2334" transport_stream_id="0x0442" original_network_id="0x0001" last_table_id="0x4F">
    <metadata PID="18" first_ts_packet="32,514" last_ts_packet="91,341"/>
    <event event_id="0x9271" start_time="2017-08-23 11:25:00" duration="01:40:00" running_status="running" CA_mode="false">
      <short_event_descriptor language_code="fre">
        <event_name>MEURTRES A L'ANGLAISE</event_name>
        <text>SØrie policiŁre britannique avec Nathaniel Parker, Sharon Small, Mark Brighton. Saison 2. (1/4). "SolidaritØ oblige".</text>
      </short_event_descriptor>
      <extended_event_descriptor descriptor_number="0" last_descriptor_number="1" language_code="fre">
        <text>SØrie policiŁre britannique avec Nathaniel Parker, Sharon Small, Mark Brighton. Saison 2. (1/4). "SolidaritØ oblige". Un cØlŁbre joueur de cricket meurt par asphyxie au cours d'un incendie. L'enquŒte</text>
        <item>
          <description>NationalitØ</description>
          <name>Grande-Bretagne</name>
        </item>
        <item>
          <description>TDE</description>
          <name>SolidaritØ oblige</name>
        </item>
      </extended_event_descriptor>
      <extended_event_descriptor descriptor_number="1" last_descriptor_number="1" language_code="fre">
        <text> de Havers et Lynley rØvŁle qu'il a en rØalitØ ØtØ assassinØ.</text>
      </extended_event_descriptor>
      <component_descriptor stream_content="0x01" stream_content_ext="0x0F" component_type="0x01" component_tag="0x01" language_code="fre" text=""/>
      <component_descriptor stream_content="0x02" stream_content_ext="0x0F" component_type="0x03" component_tag="0x01" language_code="fre" text=""/>
      <component_descriptor stream_content="0x02" stream_content_ext="0x0F" component_type="0x03" component_tag="0x01" language_code="eng" text=""/>
      <content_descriptor>
        <content content_nibble_level_1="5" content_nibble_level_2="4" user_byte="0x00"/>
        <content content_nibble_level_1="11" content_nibble_level_2="15" user_byte="0x01"/>
        <content content_nibble_level_1="11" content_nibble_level_2="15" user_byte="0x20"/>
      </content_descriptor>
      <parental_rating_descriptor>
        <country country_code="FRA" rating="0x10"/>
      </parental_rating_descriptor>
    </event>
    <event event_id="0x9272" start_time="2017-08-23 13:05:00" duration="01:35:00" running_status="not-running" CA_mode="false">
      <short_event_descriptor language_code="fre">
        <event_name>MEURTRES A L'ANGLAISE</event_name>
        <text>SØrie policiŁre britannique avec Nathaniel Parker, Sharon Small, James Hazeldine. Saison 2. (2/4). "EnquŒte en haut lieu".</text>
      </short_event_descriptor>
      <extended_event_descriptor descriptor_number="0" last_descriptor_number="1" language_code="fre">
        <text>SØrie policiŁre britannique avec Nathaniel Parker, Sharon Small, James Hazeldine. Saison 2. (2/4). "EnquŒte en haut lieu". L'inspecteur Lynley et la sØmillante Barbara Havers enquŒtent sur le kidn</text>
        <item>
          <description>NationalitØ</description>
          <name>Grande-Bretagne</name>
        </item>
        <item>
          <description>TDE</description>
          <name>EnquŒte en haut lieu</name>
        </item>
      </extended_event_descriptor>
      <extended_event_descriptor descriptor_number="1" last_descriptor_number="1" language_code="fre">
        <text>apping et le meurtre de l'enfant illØgitime d'un Øminent membre du parlement.</text>
      </extended_event_descriptor>
      <component_descriptor stream_content="0x01" stream_content_ext="0x0F" component_type="0x01" component_tag="0x01" language_code="fre" text=""/>
      <component_descriptor stream_content="0x02" stream_content_ext="0x0F" component_type="0x03" component_tag="0x01" language_code="fre" text=""/>
      <component_descriptor stream_content="0x02" stream_content_ext="0x0F" component_type="0x03" component_tag="0x01" language_code="eng" text=""/>
      <content_descriptor>
        <content content_nibble_level_1="5" content_nibble_level_2="4" user_byte="0x00"/>
        <content content_nibble_level_1="11" content_nibble_level_2="15" user_byte="0x01"/>
        <content content_nibble_level_1="11" content_nibble_level_2="15" user_byte="0x20"/>
      </content_descriptor>
      <parental_rating_descriptor>
        <country country_code="FRA" rating="0x10"/>
      </parental_rating_descriptor>
      <private_data_specifier_descriptor private_data_specifier="CanalPlus"/>
      <generic_descriptor tag="0xE0">
        E2 8C 11 25 00 23 34 04 42 00 01 06 54 00 BF 01
        BF 20 04 F2 03 F1 01
      </generic_descriptor>
    </event>
  </EIT>
  <EIT type="pf" version="12" current="true" actual="false" service_id="0x245C" transport_stream_id="0x0440" original_network_id="0x0001" last_table_id="0x4F">
    <metadata PID="18" first_ts_packet="32,910" last_ts_packet="91,469"/>
    <event event_id="0x90D6" start_time="2017-08-23 10:15:00" duration="02:55:00" running_status="running" CA_mode="false">
      <short_event_descriptor language_code="fre">
        <event_name>TOP CLIP</event_name>
        <text>Clips.</text>
      </short_event_descriptor>
      <extended_event_descriptor descriptor_number="0" last_descriptor_number="0" language_code="fre">
        <text>Clips. Dance, pop-rock, R'n'b, hip-hop, rap : «Top clip» offre une programmation Øclectique.</text>
      </extended_event_descriptor>
      <component_descriptor stream_content="0x01" stream_content_ext="0x0F" component_type="0x01" component_tag="0x01" language_code="fre" text=""/>
      <component_descriptor stream_content="0x02" stream_content_ext="0x0F" component_type="0x03" component_tag="0x01" language_code="fre" text=""/>
      <content_descriptor>
        <content content_nibble_level_1="8" content_nibble_level_2="6" user_byte="0x00"/>
        <content content_nibble_level_1="11" content_nibble_level_2="15" user_byte="0x00"/>
      </content_descriptor>
      <parental_rating_descriptor>
        <country country_code="FRA" rating="0x10"/>
      </parental_rating_descriptor>
    </event>
    <event event_id="0x90D7" start_time="2017-08-23 13:10:00" duration="01:10:00" running_status="not-running" CA_mode="false">
      <short_event_descriptor language_code="fre">
        <event_name>TOP HIP HOP</event_name>
        <text>Une sØlection des meilleurs clips hip-hop du moment.</text>
      </short_event_descriptor>
      <extended_event_descriptor descriptor_number="0" last_descriptor_number="0" language_code="fre">
        <text>Une sØlection des meilleurs clips hip-hop du moment.</text>
      </extended_event_descriptor>
      <component_descriptor stream_content="0x01" stream_content_ext="0x0F" component_type="0x01" component_tag="0x01" language_code="fre" text=""/>
      <component_descriptor stream_content="0x02" stream_content_ext="0x0F" component_type="0x03" component_tag="0x01" language_code="fre" text=""/>
      <content_descriptor>
        <content content_nibble_level_1="8" content_nibble_level_2="6" user_byte="0x00"/>
        <content content_nibble_level_1="11" content_nibble_level_2="15" user_byte="0x00"/>
      </content_descriptor>
      <parental_rating_descriptor>
        <country country_code="FRA" rating="0x10"/>
      </parental_rating_descriptor>
    </event>
  </EIT>
  <EIT type="pf" version="17" current="true" actual="false" service_id="0x1965" transport_stream_id="0x044E" original_network_id="0x0001" last_table_id="0x4F">
    <metadata PID="18" first_ts_packet="33,056" last_ts_packet="91,996"/>
    <event event_id="0x260C" start_time="2017-08-23 11:35:00" duration="00:50:00" running_status="running" CA_mode="true">
      <short_event_descriptor language_code="fre">
        <event_name>MA VIE EST UN ZOO !</event_name>
        <text>Documentaire amØricain rØalisØ en 2009. "OpØration tigre blanc".</text>
      </short_event_descriptor>
      <extended_event_descriptor descriptor_number="0" last_descriptor_number="0" language_code="fre">
        <text>Documentaire amØricain rØalisØ en 2009. "OpØration tigre blanc". Bud et Carrie prØparent, non sans mal, la salle d'opØration dans laquelle Emo, le tigre blanc, doit subir une dØlicate intervention chirurgicale.</text>
        <item>
          <description>AnnØe</description>
          <name>2009</name>
        </item>
        <item>
          <description>TDE</description>
          <name>OpØration tigre blanc</name>
        </item>
      </extended_event_descriptor>
      <component_descriptor stream_content="0x01" stream_content_ext="0x0F" component_type="0x01" component_tag="0x01" language_code="fre" text=""/>
      <component_descriptor stream_content="0x02" stream_content_ext="0x0F" component_type="0x01" component_tag="0x01" language_code="fre" text=""/>
      <content_descriptor>
        <content content_nibble_level_1="4" content_nibble_level_2="0" user_byte="0x00"/>
        <content content_nibble_level_1="11" content_nibble_level_2="15" user_byte="0x00"/>
        <content content_nibble_level_1="11" content_nibble_level_2="15" user_byte="0x20"/>
      </content_descriptor>
      <parental_rating_descriptor>
        <country country_code="FRA" rating="0x10"/>
      </parental_rating_descriptor>
    </event>
    <event event_id="0x260D" start_time="2017-08-23 12:25:00" duration="00:30:00" running_status="not-running" CA_mode="true">
      <short_event_descriptor language_code="fre">
        <event_name>TRESORS D'AFRIQUE</event_name>
        <text>Documentaire belge rØalisØ en 2014  (1/6). "Nazinga".</text>
      </short_event_descriptor>
      <extended_event_descriptor descriptor_number="0" last_descriptor_number="0" language_code="fre">
        <text>Documentaire belge rØalisØ en 2014  (1/6). "Nazinga". Dans le sud du Burkina Faso, le ranch Nazinga fait figure d'exception en Afrique de l'Ouest : les troupeaux d'ØlØphants ne cessent de s'agrandir.</text>
        <item>
          <description>AnnØe</description>
          <name>2014</name>
        </item>
      </extended_event_descriptor>
      <component_descriptor stream_content="0x01" stream_content_ext="0x0F" component_type="0x01" component_tag="0x01" language_code="fre" text=""/>
      <component_descriptor stream_content="0x02" stream_content_ext="0x0F" component_type="0x01" component_tag="0x01" language_code="fre" text=""/>
      <content_descriptor>
        <content content_nibble_level_1="4" content_nibble_level_2="0" user_byte="0x00"/>
        <content content_nibble_level_1="11" content_nibble_level_2="15" user_byte="0x00"/>
      </content_descriptor>
      <parental_rating_descriptor>
        <country country_code="FRA" rating="0x10"/>
      </parental_rating_descriptor>
      <private_data_specifier_descriptor private_data_specifier="CanalPlus"/>
      <generic_descriptor tag="0xE0">
        E2 88 08 55 00 19 65 04 4E 00 01 04 40 00 BF 00
        04 F2 01 F1 01
      </generic_descriptor>
      <generic_descriptor tag="0xE0">
        E2 89 09 00 00 19 65 04 4E 00 01 04 40 00 BF 00
        04 F2 01 F1 01
      </generic_descriptor>
    </event>
  </EIT>
  <EIT type="pf" version="8" current="true" actual="false" service_id="0x2075" transport_stream_id="0x0432" original_network_id="0x0001" last_table_id="0x4F">
    <metadata PID="18" first_ts_packet="33,314" last_ts_packet="92,332"/>
    <event event_id="0xB0E6" start_time="2017-08-23 11:05:00" duration="01:40:00" running_status="running" CA_mode="true">
      <short_event_descriptor language_code="fre">
        <event_name>GROS PLAN SUR</event_name>
        <text>"Les puces de Saint-Ouen".</text>
      </short_event_descriptor>
      <extended_event_descriptor descriptor_number="0" last_descriptor_number="0" language_code="fre">
        <text>"Les puces de Saint-Ouen". Une incursion dans les coulisses du marchØ aux puces de Saint-Ouen.</text>
      </extended_event_descriptor>
      <component_descriptor stream_content="0x01" stream_content_ext="0x0F" component_type="0x01" component_tag="0x01" language_code="fre" text=""/>
      <component_descriptor stream_content="0x02" stream_content_ext="0x0F" component_type="0x01" component_tag="0x01" language_code="fre" text=""/>
      <component_descriptor stream_content="0x03" stream_content_ext="0x0F" component_type="0x21" component_tag="0x01" language_code="fre" text=""/>
      <content_descriptor>
        <content content_nibble_level_1="4" content_nibble_level_2="0" user_byte="0x00"/>
        <content content_nibble_level_1="11" content_nibble_level_2="15" user_byte="0x00"/>
        <content content_nibble_level_1="11" content_nibble_level_2="15" user_byte="0x11"/>
      </content_descriptor>
      <parental_rating_descriptor>
        <country country_code="FRA" rating="0x10"/>
      </parental_rating_descriptor>
      <private_data_specifier_descriptor private_data_specifier="CanalPlus"/>
      <generic_descriptor tag="0xE0">
        E2 8A 11 30 00 20 75 04 32 00 01 06 40 00 BF 00
        BF 11 06 F3 21 F2 01 F1 01
      </generic_descriptor>
    </event>
    <event event_id="0xB0E7" start_time="2017-08-23 12:45:00" duration="01:40:00" running_status="not-running" CA_mode="true">
      <short_event_descriptor language_code="fre">
        <event_name>GROS PLAN SUR</event_name>
        <text>"L'autoroute des vacances".</text>
      </short_event_descriptor>
      <extended_event_descriptor descriptor_number="0" last_descriptor_number="0" language_code="fre">
        <text>"L'autoroute des vacances". Durant les vacances scolaires, les automobilistes pressØs de profiter du soleil et du grand air prennent possession des autoroutes franĿaises.</text>
      </extended_event_descriptor>
      <component_descriptor stream_content="0x01" stream_content_ext="0x0F" component_type="0x01" component_tag="0x01" language_code="fre" text=""/>
      <component_descriptor stream_content="0x02" stream_content_ext="0x0F" component_type="0x01" component_tag="0x01" language_code="fre" text=""/>
      <component_descriptor stream_content="0x03" stream_content_ext="0x0F" component_type="0x21" component_tag="0x01" language_code="fre" text=""/>
      <content_descriptor>
        <content content_nibble_level_1="4" content_nibble_level_2="0" user_byte="0x00"/>
        <content content_nibble_level_1="11" content_nibble_level_2="15" user_byte="0x00"/>
        <content content_nibble_level_1="11" content_nibble_level_2="15" user_byte="0x11"/>
      </content_descriptor>
      <parental_rating_descriptor>
        <country country_code="FRA" rating="0x10"/>
      </parental_rating_descriptor>
      <private_data_specifier_descriptor private_data_specifier="CanalPlus"/>
      <generic_descriptor tag="0xE0">
        E2 89 12 40 00 20 75 04 32 00 01 06 40 00 BF 00
        BF 11 06 F3 21 F2 01 F1 01
      </generic_descriptor>
    </event>
  </EIT>
  <EIT type="pf" version="15" current="true" actual="false" service_id="0x2082" transport_stream_id="0x0432" original_network_id="0x0001" last_table_id="0x4F">
    <metadata PID="18" first_ts_packet="33,582" last_ts_packet="92,727"/>
    <event event_id="0x0547" start_time="2017-08-23 11:35:00" duration="00:55:00" running_status="running" CA_mode="true">
      <short_event_descriptor language_code="fre">
        <event_name>FAMILLE D'ACCUEIL</event_name>
        <text>SØrie dramatique franĿaise avec Virginie Lemoine, Christian Charmetant, Lou LØvy. Saison 10. (6/10). "Mal de mŁre".</text>
      </short_event_descriptor>
      <extended_event_descriptor descriptor_number="0" last_descriptor_number="1" language_code="fre">
        <text>SØrie dramatique franĿaise avec Virginie Lemoine, Christian Charmetant, Lou LØvy. Saison 10. (6/10). "Mal de mŁre". Une adolescente perd sa mŁre dans un accident de voiture. Elle est victime du syndrome de stress p</text>
        <item>
          <description>NationalitØ</description>
          <name>France</name>
        </item>
        <item>
          <description>TDE</description>
          <name>Mal de mŁre</name>
        </item>
      </extended_event_descriptor>
      <extended_event_descriptor descriptor_number="1" last_descriptor_number="1" language_code="fre">
        <text>ost-traumatique consØcutif au drame qu'elle vient de vivre.</text>
      </extended_event_descriptor>
      <component_descriptor stream_content="0x01" stream_content_ext="0x0F" component_type="0x01" component_tag="0x01" language_code="fre" text=""/>
      <component_descriptor stream_content="0x02" stream_content_ext="0x0F" component_type="0x03" component_tag="0x01" language_code="fre" text=""/>
      <component_descriptor stream_content="0x03" stream_content_ext="0x0F" component_type="0x21" component_tag="0x01" language_code="fre" text=""/>
      <content_descriptor>
        <content content_nibble_level_1="5" content_nibble_level_2="0" user_byte="0x00"/>
        <content content_nibble_level_1="11" content_nibble_level_2="15" user_byte="0x00"/>
        <content content_nibble_level_1="11" content_nibble_level_2="15" user_byte="0x11"/>
      </content_descriptor>
      <parental_rating_descriptor>
        <country country_code="FRA" rating="0x10"/>
      </parental_rating_descriptor>
      <private_data_specifier_descriptor private_data_specifier="CanalPlus"/>
      <generic_descriptor tag="0xE0">
        E2 87 10 15 00 20 82 04 32 00 01 06 50 00 BF 00
        BF 11 06 F3 21 F2 03 F1 01
      </generic_descriptor>
    </event>
    <event event_id="0x0548" start_time="2017-08-23 12:30:00" duration="00:25:00" running_status="not-running" CA_mode="true">
      <short_event_descriptor language_code="fre">
        <event_name>PLUS BELLE LA VIE, LA COLLEC'</event_name>
        <text>Feuilleton rØaliste franĿais avec ThØo Bertrand, Virgile Bayle, LØa FranĿois. Saison 12. (n°2970).</text>
      </short_event_descriptor>
      <extended_event_descriptor descriptor_number="0" last_descriptor_number="1" language_code="fre">
        <text>Feuilleton rØaliste franĿais avec ThØo Bertrand, Virgile Bayle, LØa FranĿois. Saison 12. (n°2970). Les adolescents craignent que Kevin ne coure au dØsastre. Guillaume se rend compte qu'il est encore trŁs l</text>
        <item>
          <description>NationalitØ</description>
          <name>France</name>
        </item>
        <item>
          <description>Numero de l'Øpisode</description>
          <name>2970</name>
        </item>
      </extended_event_descriptor>
      <extended_event_descriptor descriptor_number="1" last_descriptor_number="1" language_code="fre">
        <text>oin d'atteindre ses objectifs. Quant Ω Francesco, son attitude dØroute Barbara.</text>
      </extended_event_descriptor>
      <component_descriptor stream_content="0x01" stream_content_ext="0x0F" component_type="0x01" component_tag="0x01" language_code="fre" text=""/>
      <component_descriptor stream_content="0x02" stream_content_ext="0x0F" component_type="0x03" component_tag="0x01" language_code="fre" text=""/>
      <component_descriptor stream_content="0x03" stream_content_ext="0x0F" component_type="0x21" component_tag="0x01" language_code="fre" text=""/>
      <content_descriptor>
        <content content_nibble_level_1="5" content_nibble_level_2="0" user_byte="0x00"/>
        <content content_nibble_level_1="11" content_nibble_level_2="15" user_byte="0x00"/>
        <content content_nibble_level_1="11" content_nibble_level_2="15" user_byte="0x11"/>
      </content_descriptor>
      <parental_rating_descriptor>
        <country country_code="FRA" rating="0x10"/>
      </parental_rating_descriptor>
    </event>
  </EIT>
  <EIT type="pf" version="11" current="true" actual="false" service_id="0x24BC" transport_stream_id="0x043C" original_network_id="0x0001" last_table_id="0x4F">
    <metadata PID="18" first_ts_packet="35,132" last_ts_packet="93,148"/>
    <event event_id="0xB0DA" start_time="2017-08-23 11:20:00" duration="01:35:00" running_status="running" CA_mode="true">
      <short_event_descriptor language_code="fre">
        <event_name>LE TRANSPORTEUR : HERITAGE</event_name>
        <text>Le transporteur : hØritage RØalisØ par Camille Delamarre en 2015. Avec Ed Skrein, Loan Chabanol. Film d'action franco-chinois.</text>
      </short_event_descriptor>
      <extended_event_descriptor descriptor_number="0" last_descriptor_number="1" language_code="fre">
        <text>Le transporteur : hØritage RØalisØ par Camille Delamarre en 2015. Avec Ed Skrein, Loan Chabanol. Film d'action franco-chinois. Un as du volant participe malgrØ lui Ω un braquage de banque sophistiquØ. Le mafi</text>
        <item>
          <description>AnnØe</description>
          <name>2015</name>
        </item>
        <item>
          <description>RØalisateur</description>
          <name>Camille Delamarre</name>
        </item>
      </extended_event_descriptor>
      <extended_event_descriptor descriptor_number="1" last_descriptor_number="1" language_code="fre">
        <text>eux lØsØ veut rØcupØrer son argent et enlŁve le pŁre du pilote.</text>
      </extended_event_descriptor>
      <component_descriptor stream_content="0x01" stream_content_ext="0x0F" component_type="0x01" component_tag="0x01" language_code="fre" text=""/>
      <component_descriptor stream_content="0x02" stream_content_ext="0x0F" component_type="0x05" component_tag="0x01" language_code="fre" text=""/>
      <component_descriptor stream_content="0x02" stream_content_ext="0x0F" component_type="0x05" component_tag="0x01" language_code="chi" text=""/>
      <component_descriptor stream_content="0x03" stream_content_ext="0x0F" component_type="0x21" component_tag="0x01" language_code="fre" text=""/>
      <content_descriptor>
        <content content_nibble_level_1="1" content_nibble_level_2="2" user_byte="0x00"/>
        <content content_nibble_level_1="11" content_nibble_level_2="15" user_byte="0x01"/>
        <content content_nibble_level_1="11" content_nibble_level_2="15" user_byte="0x11"/>
      </content_descriptor>
      <parental_rating_descriptor>
        <country country_code="FRA" rating="0x10"/>
      </parental_rating_descriptor>
      <private_data_specifier_descriptor private_data_specifier="CanalPlus"/>
      <generic_descriptor tag="0xE0">
        E2 88 05 57 00 24 BC 04 3C 00 01 06 12 00 BF 01
        BF 11 06 F3 21 F2 05 F1 01
      </generic_descriptor>
      <generic_descriptor tag="0xE0">
        E2 8A 10 06 00 24 BC 04 3C 00 01 06 12 00 BF 01
        BF 11 06 F3 21 F2 05 F1 01
      </generic_descriptor>
      <generic_descriptor tag="0xE0">
        E2 8D 17 04 00 24 BC 04 3C 00 01 06 12 00 BF 01
        BF 11 06 F3 21 F2 05 F1 01
      </generic_descriptor>
    </event>
    <event event_id="0xB0DB" start_time="2017-08-23 12:55:00" duration="01:45:00" running_status="not-running" CA_mode="true">
      <short_event_descriptor language_code="fre">
        <event_name>THE NOVEMBER MAN</event_name>
        <text>(-10)  RØalisØ par Roger Donaldson en 2014. Avec Pierce Brosnan, Luke Bracey, Olga Kurylenko. Thriller amØricain.</text>
      </short_event_descriptor>
      <extended_event_descriptor descriptor_number="0" last_descriptor_number="1" language_code="fre">
        <text>(-10)  RØalisØ par Roger Donaldson en 2014. Avec Pierce Brosnan, Luke Bracey, Olga Kurylenko. Thriller amØricain. ChargØ de protØger une jeune femme qui en sait trop sur un politicien russe, un ex-agent de la </text>
        <item>
          <description>AnnØe</description>
          <name>2014</name>
        </item>
        <item>
          <description>RØalisateur</description>
          <name>Roger Donaldson</name>
        </item>
      </extended_event_descriptor>
      <extended_event_descriptor descriptor_number="1" last_descriptor_number="1" language_code="fre">
        <text>CIA est poursuivi par un espion qu'il a lui-mŒme formØ.</text>
      </extended_event_descriptor>
      <component_descriptor stream_content="0x01" stream_content_ext="0x0F" component_type="0x01" component_tag="0x01" language_code="fre" text=""/>
      <component_descriptor stream_content="0x02" stream_content_ext="0x0F" component_type="0x05" component_tag="0x01" language_code="fre" text=""/>
      <component_descriptor stream_content="0x02" stream_content_ext="0x0F" component_type="0x05" component_tag="0x01" language_code="eng" text=""/>
      <content_descriptor>
        <content content_nibble_level_1="1" content_nibble_level_2="5" user_byte="0x00"/>
        <content content_nibble_level_1="11" content_nibble_level_2="15" user_byte="0x01"/>
      </content_descriptor>
      <parental_rating_descriptor>
        <country country_code="FRA" rating="0x11"/>
      </parental_rating_descriptor>
      <private_data_specifier_descriptor private_data_specifier="CanalPlus"/>
      <generic_descriptor tag="0xE0">
        E2 87 10 16 00 24 BC 04 3C 00 01 04 15 00 BF 01
        04 F2 05 F1 01
      </generic_descriptor>
    </event>
  </EIT>
  <EIT type="pf" version="11" current="true" actual="false" service_id="0x19CF" transport_stream_id="0x0444" original_network_id="0x0001" last_table_id="0x4F">
    <metadata PID="18" first_ts_packet="35,593" last_ts_packet="93,265"/>
    <event event_id="0x53D3" start_time="2017-08-23 03:00:00" duration="19:01:00" running_status="running" CA_mode="true">
      <short_event_descriptor language_code="fre">
        <event_name>FIN DES PROGRAMMES</event_name>
        <text>(-18)  Information non disponible.</text>
      </short_event_descriptor>
      <extended_event_descriptor descriptor_number="0" last_descriptor_number="0" language_code="fre">
        <text>(-18)  Information non disponible.</text>
      </extended_event_descriptor>
      <component_descriptor stream_content="0x01" stream_content_ext="0x0F" component_type="0x01" component_tag="0x01" language_code="fre" text=""/>
      <component_descriptor stream_content="0x02" stream_content_ext="0x0F" component_type="0x01" component_tag="0x01" language_code="fre" text=""/>
      <content_descriptor>
        <content content_nibble_level_1="7" content_nibble_level_2="0" user_byte="0x00"/>
        <content content_nibble_level_1="11" content_nibble_level_2="15" user_byte="0x00"/>
      </content_descriptor>
      <parental_rating_descriptor>
        <country country_code="FRA" rating="0x14"/>
      </parental_rating_descriptor>
    </event>
    <event event_id="0x53D4" start_time="2017-08-23 22:01:00" duration="00:28:00" running_status="not-running" CA_mode="true">
      <short_event_descriptor language_code="fre">
        <event_name>SOS FANTASMES : JEUNE FLIQUETTE EN PETITE TENUE</event_name>
        <text>(-18)  Information non disponible.</text>
      </short_event_descriptor>
      <extended_event_descriptor descriptor_number="0" last_descriptor_number="0" language_code="fre">
        <text>(-18)  Information non disponible.</text>
      </extended_event_descriptor>
      <component_descriptor stream_content="0x01" stream_content_ext="0x0F" component_type="0x01" component_tag="0x01" language_code="fre" text=""/>
      <component_descriptor stream_content="0x02" stream_content_ext="0x0F" component_type="0x03" component_tag="0x01" language_code="fre" text=""/>
      <content_descriptor>
        <content content_nibble_level_1="1" content_nibble_level_2="13" user_byte="0x00"/>
        <content content_nibble_level_1="11" content_nibble_level_2="15" user_byte="0x00"/>
      </content_descriptor>
      <parental_rating_descriptor>
        <country country_code="FRA" rating="0x14"/>
      </parental_rating_descriptor>
    </event>
  </EIT>
  <EIT type="pf" version="0" current="true" actual="false" service_id="0x19D2" transport_stream_id="0x0444" original_network_id="0x0001" last_table_id="0x4F">
    <metadata PID="18" first_ts_packet="35,738" last_ts_packet="93,657"/>
    <event event_id="0x8099" start_time="2017-08-23 11:35:00" duration="00:53:00" running_status="running" CA_mode="true">
      <short_event_descriptor language_code="fre">
        <event_name>ITINERANCE PYRENEENNE</event_name>
        <text>Documentaire franĿais rØalisØ par Fabrice Du Peloux en 2014.</text>
      </short_event_descriptor>
      <extended_event_descriptor descriptor_number="0" last_descriptor_number="1" language_code="fre">
        <text>Documentaire franĿais rØalisØ par Fabrice Du Peloux en 2014. Des gaves pyrØnØens aux lacs de moyenne ou de haute montagne, Marc, pŒcheur de truites, partage avec un plaisir Øvident ses connaissances techniq</text>
        <item>
          <description>AnnØe</description>
          <name>2014</name>
        </item>
        <item>
          <description>RØalisateur</description>
          <name>Fabrice Du Peloux</name>
        </item>
      </extended_event_descriptor>
      <extended_event_descriptor descriptor_number="1" last_descriptor_number="1" language_code="fre">
        <text>ues.</text>
      </extended_event_descriptor>
      <component_descriptor stream_content="0x01" stream_content_ext="0x0F" component_type="0x03" component_tag="0x01" language_code="fre" text=""/>
      <component_descriptor stream_content="0x02" stream_content_ext="0x0F" component_type="0x03" component_tag="0x01" language_code="fre" text=""/>
      <content_descriptor>
        <content content_nibble_level_1="4" content_nibble_level_2="0" user_byte="0x00"/>
        <content content_nibble_level_1="11" content_nibble_level_2="15" user_byte="0x00"/>
      </content_descriptor>
      <parental_rating_descriptor>
        <country country_code="FRA" rating="0x10"/>
      </parental_rating_descriptor>
      <private_data_specifier_descriptor private_data_specifier="CanalPlus"/>
      <generic_descriptor tag="0xE0">
        E2 88 13 30 00 19 D2 04 44 00 01 04 40 00 BF 00
        04 F2 03 F1 03
      </generic_descriptor>
      <generic_descriptor tag="0xE0">
        E2 8C 19 30 00 19 D2 04 44 00 01 04 40 00 BF 00
        04 F2 03 F1 03
      </generic_descriptor>
    </event>
    <event event_id="0x809A" start_time="2017-08-23 12:28:00" duration="00:54:00" running_status="not-running" CA_mode="true">
      <short_event_descriptor language_code="fre">
        <event_name>DANY, L'ILE ET LA MER, PECHE EN RE</event_name>
        <text>Dany, l'Ŋle et la mer, pŒche en RØ Documentaire franĿais rØalisØ par Mathieu Labeyrie en 2014.</text>
      </short_event_descriptor>
      <extended_event_descriptor descriptor_number="0" last_descriptor_number="1" language_code="fre">
        <text>Dany, l'Ŋle et la mer, pŒche en RØ Documentaire franĿais rØalisØ par Mathieu Labeyrie en 2014. Sur l'Ŋle de RØ, Dany le pŒcheur touche-Ω-tout, nous invite Ω dØcouvrir un environnement riche et variØ, mais Øgal</text>
        <item>
          <description>AnnØe</description>
          <name>2014</name>
        </item>
        <item>
          <description>RØalisateur</description>
          <name>Mathieu Labeyrie</name>
        </item>
      </extended_event_descriptor>
      <extended_event_descriptor descriptor_number="1" last_descriptor_number="1" language_code="fre">
        <text>ement extrŒmement fragile.</text>
      </extended_event_descriptor>
      <component_descriptor stream_content="0x01" stream_content_ext="0x0F" component_type="0x03" component_tag="0x01" language_code="fre" text=""/>
      <component_descriptor stream_content="0x02" stream_content_ext="0x0F" component_type="0x03" component_tag="0x01" language_code="fre" text=""/>
      <content_descriptor>
        <content content_nibble_level_1="4" content_nibble_level_2="0" user_byte="0x00"/>
        <content content_nibble_level_1="11" content_nibble_level_2="15" user_byte="0x00"/>
      </content_descriptor>
      <parental_rating_descriptor>
        <country country_code="FRA" rating="0x10"/>
      </parental_rating_descriptor>
      <private_data_specifier_descriptor private_data_specifier="CanalPlus"/>
      <generic_descriptor tag="0xE0">
        E2 86 18 10 00 19 D2 04 44 00 01 04 40 00 BF 00
        04 F2 03 F1 03
      </generic_descriptor>
      <generic_descriptor tag="0xE0">
        E2 87 19 45 00 19 D2 04 44 00 01 04 40 00 BF 00
        04 F2 03 F1 03
      </generic_descriptor>
      <generic_descriptor tag="0xE0">
        E2 8A 14 45 00 19 D2 04 44 00 01 04 40 00 BF 00
        04 F2 03 F1 03
      </generic_descriptor>
      <generic_descriptor tag="0xE0">
        E2 8C 08 35 00 19 D2 04 44 00 01 04 40 00 BF 00
        04 F2 03 F1 03
      </generic_descriptor>
    </event>
  </EIT>
  <EIT type="pf" version="11" current="true" actual="false" service_id="0x251F" transport_stream_id="0x045E" original_network_id="0x0001" last_table_id="0x4F">
    <metadata PID="18" first_ts_packet="37,154" last_ts_packet="94,678"/>
    <event event_id="0x497C" start_time="2017-08-23 10:00:00" duration="03:00:00" running_status="running" CA_mode="true">
      <short_event_descriptor language_code="fre">
        <event_name>MATCH A VENIR</event_name>
        <text>Information non disponible.</text>
      </short_event_descriptor>
      <extended_event_descriptor descriptor_number="0" last_descriptor_number="0" language_code="fre">
        <text>Information non disponible.</text>
      </extended_event_descriptor>
      <component_descriptor stream_content="0x01" stream_content_ext="0x0F" component_type="0x01" component_tag="0x01" language_code="fre" text=""/>
      <component_descriptor stream_content="0x02" stream_content_ext="0x0F" component_type="0x01" component_tag="0x01" language_code="fre" text=""/>
      <content_descriptor>
        <content content_nibble_level_1="7" content_nibble_level_2="0" user_byte="0x00"/>
        <content content_nibble_level_1="11" content_nibble_level_2="15" user_byte="0x00"/>
      </content_descriptor>
      <parental_rating_descriptor>
        <country country_code="FRA" rating="0x10"/>
      </parental_rating_descriptor>
    </event>
    <event event_id="0x497D" start_time="2017-08-23 13:00:00" duration="03:00:00" running_status="not-running" CA_mode="true">
      <short_event_descriptor language_code="fre">
        <event_name>MATCH A VENIR</event_name>
        <text>Information non disponible.</text>
      </short_event_descriptor>
      <extended_event_descriptor descriptor_number="0" last_descriptor_number="0" language_code="fre">
        <text>Information non disponible.</text>
      </extended_event_descriptor>
      <component_descriptor stream_content="0x01" stream_content_ext="0x0F" component_type="0x01" component_tag="0x01" language_code="fre" text=""/>
      <component_descriptor stream_content="0x02" stream_content_ext="0x0F" component_type="0x01" component_tag="0x01" language_code="fre" text=""/>
      <content_descriptor>
        <content content_nibble_level_1="7" content_nibble_level_2="0" user_byte="0x00"/>
        <content content_nibble_level_1="11" content_nibble_level_2="15" user_byte="0x00"/>
      </content_descriptor>
      <parental_rating_descriptor>
        <country country_code="FRA" rating="0x10"/>
      </parental_rating_descriptor>
    </event>
  </EIT>
  <EIT type="pf" version="14" current="true" actual="false" service_id="0x232C" transport_stream_id="0x0442" original_network_id="0x0001" last_table_id="0x4F">
    <metadata PID="18" first_ts_packet="37,154" last_ts_packet="95,258"/>
    <event event_id="0x9DA7" start_time="2017-08-23 11:55:00" duration="00:45:00" running_status="running" CA_mode="true">
      <short_event_descriptor language_code="fre">
        <event_name>PERCEPTION</event_name>
        <text>DIFFUSE EN HD. (-10)  SØrie policiŁre amØricaine avec Eric McCormack, Rachael Leigh Cook, Kelly Rowan. Saison 1. (6/10). "Le philtre de mort".</text>
      </short_event_descriptor>
      <extended_event_descriptor descriptor_number="0" last_descriptor_number="1" language_code="fre">
        <text>DIFFUSE EN HD. (-10)  SØrie policiŁre amØricaine avec Eric McCormack, Rachael Leigh Cook, Kelly Rowan. Saison 1. (6/10). "Le philtre de mort". Pendant que Pierce collabore avec le FBI sur un meurtre, Hal</text>
        <item>
          <description>NationalitØ</description>
          <name>Etats-Unis</name>
        </item>
        <item>
          <description>TDE</description>
          <name>Le philtre de mort</name>
        </item>
      </extended_event_descriptor>
      <extended_event_descriptor descriptor_number="1" last_descriptor_number="1" language_code="fre">
        <text>ey lui demande de l'aider Ω convaincre une riche veuve de faire une donation Ω l'universitØ.</text>
      </extended_event_descriptor>
      <component_descriptor stream_content="0x01" stream_content_ext="0x0F" component_type="0x0B" component_tag="0x01" language_code="fre" text=""/>
      <component_descriptor stream_content="0x02" stream_content_ext="0x0F" component_type="0x01" component_tag="0x01" language_code="fre" text=""/>
      <component_descriptor stream_content="0x02" stream_content_ext="0x0F" component_type="0x01" component_tag="0x01" language_code="eng" text=""/>
      <component_descriptor stream_content="0x03" stream_content_ext="0x0F" component_type="0x22" component_tag="0x01" language_code="fre" text=""/>
      <content_descriptor>
        <content content_nibble_level_1="5" content_nibble_level_2="4" user_byte="0x00"/>
        <content content_nibble_level_1="11" content_nibble_level_2="15" user_byte="0x01"/>
        <content content_nibble_level_1="11" content_nibble_level_2="15" user_byte="0x11"/>
        <content content_nibble_level_1="11" content_nibble_level_2="15" user_byte="0x30"/>
      </content_descriptor>
      <parental_rating_descriptor>
        <country country_code="FRA" rating="0x11"/>
      </parental_rating_descriptor>
    </event>
    <event event_id="0x9DA8" start_time="2017-08-23 12:40:00" duration="00:40:00" running_status="not-running" CA_mode="true">
      <short_event_descriptor language_code="fre">
        <event_name>PERCEPTION</event_name>
        <text>DIFFUSE EN HD. (-10)  SØrie policiŁre amØricaine avec Eric McCormack, Rachael Leigh Cook, Kelly Rowan. Saison 1. (7/10). "Nemesis".</text>
      </short_event_descriptor>
      <extended_event_descriptor descriptor_number="0" last_descriptor_number="1" language_code="fre">
        <text>DIFFUSE EN HD. (-10)  SØrie policiŁre amØricaine avec Eric McCormack, Rachael Leigh Cook, Kelly Rowan. Saison 1. (7/10). "Nemesis". Tandis que Pierce rØflØchit Ω son propre cas en collaborant Ω une enquŒte sur un s</text>
        <item>
          <description>NationalitØ</description>
          <name>Etats-Unis</name>
        </item>
        <item>
          <description>TDE</description>
          <name>Nemesis</name>
        </item>
      </extended_event_descriptor>
      <extended_event_descriptor descriptor_number="1" last_descriptor_number="1" language_code="fre">
        <text>chizophrŁne, Moretti met tout en oeuvre pour impressionner son nouveau chef.</text>
      </extended_event_descriptor>
      <component_descriptor stream_content="0x01" stream_content_ext="0x0F" component_type="0x0B" component_tag="0x01" language_code="fre" text=""/>
      <component_descriptor stream_content="0x02" stream_content_ext="0x0F" component_type="0x01" component_tag="0x01" language_code="fre" text=""/>
      <component_descriptor stream_content="0x02" stream_content_ext="0x0F" component_type="0x01" component_tag="0x01" language_code="eng" text=""/>
      <component_descriptor stream_content="0x03" stream_content_ext="0x0F" component_type="0x22" component_tag="0x01" language_code="fre" text=""/>
      <content_descriptor>
        <content content_nibble_level_1="5" content_nibble_level_2="4" user_byte="0x00"/>
        <content content_nibble_level_1="11" content_nibble_level_2="15" user_byte="0x01"/>
        <content content_nibble_level_1="11" content_nibble_level_2="15" user_byte="0x11"/>
        <content content_nibble_level_1="11" content_nibble_level_2="15" user_byte="0x20"/>
        <content content_nibble_level_1="11" content_nibble_level_2="15" user_byte="0x30"/>
      </content_descriptor>
      <parental_rating_descriptor>
        <country country_code="FRA" rating="0x11"/>
      </parental_rating_descriptor>
      <private_data_specifier_descriptor private_data_specifier="CanalPlus"/>
      <generic_descriptor tag="0xE0">
        E2 85 11 15 00 23 2C 04 42 00 01 0A 54 00 BF 01
        BF 11 BF 20 BF 30 06 F3 22 F2 01 F1 0B
      </generic_descriptor>
    </event>
  </EIT>
  <EIT type="pf" version="5" current="true" actual="false" service_id="0x2456" transport_stream_id="0x0440" original_network_id="0x0001" last_table_id="0x4F">
    <metadata PID="18" first_ts_packet="37,689" last_ts_packet="95,670"/>
    <event event_id="0x790F" start_time="2017-08-23 11:30:00" duration="01:36:00" running_status="running" CA_mode="true">
      <short_event_descriptor language_code="fre">
        <event_name>SOLARIS</event_name>
        <text>DIFFUSE EN HD.  RØalisØ par Steven Soderbergh en 2002. Avec George Clooney, Natascha McElhone. Film de science-fiction amØricain.</text>
      </short_event_descriptor>
      <extended_event_descriptor descriptor_number="0" last_descriptor_number="1" language_code="fre">
        <text>DIFFUSE EN HD.  RØalisØ par Steven Soderbergh en 2002. Avec George Clooney, Natascha McElhone. Film de science-fiction amØricain. Un psychologue, envoyØ au secours d'une mission spatiale en orbite autour de l</text>
        <item>
          <description>AnnØe</description>
          <name>2002</name>
        </item>
        <item>
          <description>RØalisateur</description>
          <name>Steven Soderbergh</name>
        </item>
      </extended_event_descriptor>
      <extended_event_descriptor descriptor_number="1" last_descriptor_number="1" language_code="fre">
        <text>a planŁte Solaris, y dØcouvre d'Øtranges visiteurs, sortis de ses souvenirs.</text>
      </extended_event_descriptor>
      <component_descriptor stream_content="0x01" stream_content_ext="0x0F" component_type="0x0B" component_tag="0x01" language_code="fre" text=""/>
      <component_descriptor stream_content="0x02" stream_content_ext="0x0F" component_type="0x04" component_tag="0x01" language_code="fre" text=""/>
      <component_descriptor stream_content="0x02" stream_content_ext="0x0F" component_type="0x04" component_tag="0x01" language_code="eng" text=""/>
      <component_descriptor stream_content="0x03" stream_content_ext="0x0F" component_type="0x22" component_tag="0x01" language_code="fre" text=""/>
      <content_descriptor>
        <content content_nibble_level_1="1" content_nibble_level_2="14" user_byte="0x00"/>
        <content content_nibble_level_1="11" content_nibble_level_2="15" user_byte="0x01"/>
        <content content_nibble_level_1="11" content_nibble_level_2="15" user_byte="0x11"/>
        <content content_nibble_level_1="11" content_nibble_level_2="15" user_byte="0x30"/>
      </content_descriptor>
      <parental_rating_descriptor>
        <country country_code="FRA" rating="0x10"/>
      </parental_rating_descriptor>
      <private_data_specifier_descriptor private_data_specifier="CanalPlus"/>
      <generic_descriptor tag="0xE0">
        E2 8D 06 30 00 24 56 04 40 00 01 08 1E 00 BF 01
        BF 11 BF 30 06 F3 22 F2 04 F1 0B
      </generic_descriptor>
    </event>
    <event event_id="0x7910" start_time="2017-08-23 13:06:00" duration="01:41:00" running_status="not-running" CA_mode="true">
      <short_event_descriptor language_code="fre">
        <event_name>APPARITIONS</event_name>
        <text>DIFFUSE EN HD.  RØalisØ par Tom Shadyac en 2001. Avec Kevin Costner, Joe Morton, Ron Rifkin. Film fantastique amØricain.</text>
      </short_event_descriptor>
      <extended_event_descriptor descriptor_number="0" last_descriptor_number="1" language_code="fre">
        <text>DIFFUSE EN HD.  RØalisØ par Tom Shadyac en 2001. Avec Kevin Costner, Joe Morton, Ron Rifkin. Film fantastique amØricain. Un mØdecin rØputØ croit que son Øpouse, rØcemment dØcØdØe, tente d'entrer en contact avec lui</text>
        <item>
          <description>AnnØe</description>
          <name>2001</name>
        </item>
        <item>
          <description>RØalisateur</description>
          <name>Tom Shadyac</name>
        </item>
      </extended_event_descriptor>
      <extended_event_descriptor descriptor_number="1" last_descriptor_number="1" language_code="fre">
        <text>. Aussi entreprend-il de partir Ω sa recherche.</text>
      </extended_event_descriptor>
      <component_descriptor stream_content="0x01" stream_content_ext="0x0F" component_type="0x0B" component_tag="0x01" language_code="fre" text=""/>
      <component_descriptor stream_content="0x02" stream_content_ext="0x0F" component_type="0x03" component_tag="0x01" language_code="fre" text=""/>
      <component_descriptor stream_content="0x02" stream_content_ext="0x0F" component_type="0x03" component_tag="0x01" language_code="eng" text=""/>
      <component_descriptor stream_content="0x03" stream_content_ext="0x0F" component_type="0x22" component_tag="0x01" language_code="fre" text=""/>
      <content_descriptor>
        <content content_nibble_level_1="1" content_nibble_level_2="14" user_byte="0x00"/>
        <content content_nibble_level_1="11" content_nibble_level_2="15" user_byte="0x01"/>
        <content content_nibble_level_1="11" content_nibble_level_2="15" user_byte="0x11"/>
        <content content_nibble_level_1="11" content_nibble_level_2="15" user_byte="0x30"/>
      </content_descriptor>
      <parental_rating_descriptor>
        <country country_code="FRA" rating="0x10"/>
      </parental_rating_descriptor>
      <private_data_specifier_descriptor private_data_specifier="CanalPlus"/>
      <generic_descriptor tag="0xE0">
        E2 85 22 30 00 24 56 04 40 00 01 08 1E 00 BF 01
        BF 11 BF 30 06 F3 22 F2 03 F1 0B
      </generic_descriptor>
    </event>
  </EIT>
  <EIT type="pf" version="17" current="true" actual="false" service_id="0x196D" transport_stream_id="0x044E" original_network_id="0x0001" last_table_id="0x4F">
    <metadata PID="18" first_ts_packet="38,127" last_ts_packet="95,809"/>
    <event event_id="0x6E5B" start_time="2017-08-23 11:40:00" duration="00:25:00" running_status="running" CA_mode="true">
      <short_event_descriptor language_code="fre">
        <event_name>SPORTS ADVENTURE</event_name>
        <text>Sports extrŒmes.</text>
      </short_event_descriptor>
      <extended_event_descriptor descriptor_number="0" last_descriptor_number="0" language_code="fre">
        <text>Sports extrŒmes.</text>
      </extended_event_descriptor>
      <component_descriptor stream_content="0x01" stream_content_ext="0x0F" component_type="0x01" component_tag="0x01" language_code="fre" text=""/>
      <component_descriptor stream_content="0x02" stream_content_ext="0x0F" component_type="0x03" component_tag="0x01" language_code="fre" text=""/>
      <content_descriptor>
        <content content_nibble_level_1="2" content_nibble_level_2="6" user_byte="0x00"/>
        <content content_nibble_level_1="11" content_nibble_level_2="15" user_byte="0x00"/>
      </content_descriptor>
      <parental_rating_descriptor>
        <country country_code="FRA" rating="0x10"/>
      </parental_rating_descriptor>
      <private_data_specifier_descriptor private_data_specifier="CanalPlus"/>
      <generic_descriptor tag="0xE0">
        E2 84 12 05 00 19 6D 04 4E 00 01 04 26 00 BF 00
        04 F2 03 F1 01
      </generic_descriptor>
      <generic_descriptor tag="0xE0">
        E2 84 15 50 00 19 6D 04 4E 00 01 04 26 00 BF 00
        04 F2 03 F1 01
      </generic_descriptor>
      <generic_descriptor tag="0xE0">
        E2 84 16 15 00 19 6D 04 4E 00 01 04 26 00 BF 00
        04 F2 03 F1 01
      </generic_descriptor>
      <generic_descriptor tag="0xE0">
        E2 84 19 10 00 19 6D 04 4E 00 01 04 26 00 BF 00
        04 F2 03 F1 01
      </generic_descriptor>
      <generic_descriptor tag="0xE0">
        E2 84 19 35 00 19 6D 04 4E 00 01 04 26 00 BF 00
        04 F2 03 F1 01
      </generic_descriptor>
      <generic_descriptor tag="0xE0">
        E2 84 22 30 00 19 6D 04 4E 00 01 04 26 00 BF 00
        04 F2 03 F1 01
      </generic_descriptor>
    </event>
    <event event_id="0x6E5C" start_time="2017-08-23 12:05:00" duration="00:25:00" running_status="not-running" CA_mode="true">
      <short_event_descriptor language_code="fre">
        <event_name>SPORTS ADVENTURE</event_name>
        <text>Sports extrŒmes.</text>
      </short_event_descriptor>
      <extended_event_descriptor descriptor_number="0" last_descriptor_number="0" language_code="fre">
        <text>Sports extrŒmes.</text>
      </extended_event_descriptor>
      <component_descriptor stream_content="0x01" stream_content_ext="0x0F" component_type="0x01" component_tag="0x01" language_code="fre" text=""/>
      <component_descriptor stream_content="0x02" stream_content_ext="0x0F" component_type="0x03" component_tag="0x01" language_code="fre" text=""/>
      <content_descriptor>
        <content content_nibble_level_1="2" content_nibble_level_2="6" user_byte="0x00"/>
        <content content_nibble_level_1="11" content_nibble_level_2="15" user_byte="0x00"/>
      </content_descriptor>
      <parental_rating_descriptor>
        <country country_code="FRA" rating="0x10"/>
      </parental_rating_descriptor>
      <private_data_specifier_descriptor private_data_specifier="CanalPlus"/>
      <generic_descriptor tag="0xE0">
        E2 84 15 50 00 19 6D 04 4E 00 01 04 26 00 BF 00
        04 F2 03 F1 01
      </generic_descriptor>
      <generic_descriptor tag="0xE0">
        E2 84 16 15 00 19 6D 04 4E 00 01 04 26 00 BF 00
        04 F2 03 F1 01
      </generic_descriptor>
      <generic_descriptor tag="0xE0">
        E2 84 19 10 00 19 6D 04 4E 00 01 04 26 00 BF 00
        04 F2 03 F1 01
      </generic_descriptor>
      <generic_descriptor tag="0xE0">
        E2 84 19 35 00 19 6D 04 4E 00 01 04 26 00 BF 00
        04 F2 03 F1 01
      </generic_descriptor>
      <generic_descriptor tag="0xE0">
        E2 84 22 30 00 19 6D 04 4E 00 01 04 26 00 BF 00
        04 F2 03 F1 01
      </generic_descriptor>
      <generic_descriptor tag="0xE0">
        E2 84 22 55 00 19 6D 04 4E 00 01 04 26 00 BF 00
        04 F2 03 F1 01
      </generic_descriptor>
    </event>
  </EIT>
  <EIT type="pf" version="11" current="true" actual="false" service_id="0x427E" transport_stream_id="0x0446" original_network_id="0x0001" last_table_id="0x4F">
    <metadata PID="18" first_ts_packet="38,295" last_ts_packet="96,222"/>
    <event event_id="0x3AF3" start_time="2017-08-23 11:55:00" duration="00:30:00" running_status="running" CA_mode="true">
      <short_event_descriptor language_code="fre">
        <event_name>AU SECOURS DES ANIMAUX</event_name>
        <text>Documentaire irlandais rØalisØ par Andrea Hayes en 2015 (6/12).</text>
      </short_event_descriptor>
      <extended_event_descriptor descriptor_number="0" last_descriptor_number="1" language_code="fre">
        <text>Documentaire irlandais rØalisØ par Andrea Hayes en 2015 (6/12). Une Øquipe de choc parcourt l'Irlande pour porter secours aux animaux maltraitØs et met tout en oeuvre pour lutter contre la cruautØ des hommes enver</text>
        <item>
          <description>AnnØe</description>
          <name>2015</name>
        </item>
        <item>
          <description>RØalisateur</description>
          <name>Andrea Hayes</name>
        </item>
      </extended_event_descriptor>
      <extended_event_descriptor descriptor_number="1" last_descriptor_number="1" language_code="fre">
        <text>s eux.</text>
      </extended_event_descriptor>
      <component_descriptor stream_content="0x01" stream_content_ext="0x0F" component_type="0x01" component_tag="0x01" language_code="fre" text=""/>
      <component_descriptor stream_content="0x02" stream_content_ext="0x0F" component_type="0x01" component_tag="0x01" language_code="fre" text=""/>
      <content_descriptor>
        <content content_nibble_level_1="4" content_nibble_level_2="0" user_byte="0x00"/>
        <content content_nibble_level_1="11" content_nibble_level_2="15" user_byte="0x00"/>
      </content_descriptor>
      <parental_rating_descriptor>
        <country country_code="FRA" rating="0x10"/>
      </parental_rating_descriptor>
      <private_data_specifier_descriptor private_data_specifier="CanalPlus"/>
      <generic_descriptor tag="0xE0">
        E2 87 13 15 00 42 7E 04 46 00 01 04 40 00 BF 00
        04 F2 01 F1 01
      </generic_descriptor>
      <generic_descriptor tag="0xE0">
        E2 87 17 35 00 42 7E 04 46 00 01 04 40 00 BF 00
        04 F2 01 F1 01
      </generic_descriptor>
      <generic_descriptor tag="0xE0">
        E2 8A 22 15 00 42 7E 04 46 00 01 04 40 00 BF 00
        04 F2 01 F1 01
      </generic_descriptor>
      <generic_descriptor tag="0xE0">
        E2 8C 09 15 00 42 7E 04 46 00 01 04 40 00 BF 00
        04 F2 01 F1 01
      </generic_descriptor>
      <generic_descriptor tag="0xE0">
        E2 8D 11 55 00 42 7E 04 46 00 01 04 40 00 BF 00
        04 F2 01 F1 01
      </generic_descriptor>
    </event>
    <event event_id="0x3AF4" start_time="2017-08-23 12:25:00" duration="00:25:00" running_status="not-running" CA_mode="true">
      <short_event_descriptor language_code="fre">
        <event_name>DOCS A BUSCH GARDENS</event_name>
        <text>Documentaire amØricain rØalisØ en 2015 (Ep. 8). "ProblŁmes de peau".</text>
      </short_event_descriptor>
      <extended_event_descriptor descriptor_number="0" last_descriptor_number="0" language_code="fre">
        <text>Documentaire amØricain rØalisØ en 2015 (Ep. 8). "ProblŁmes de peau". DØcouverte de la naissance d'un pingouin et de son apprentissage de la nage ; rencontre ensuite avec un fennec et un chien chanteur de Nouvelle-GuinØe.</text>
        <item>
          <description>AnnØe</description>
          <name>2015</name>
        </item>
      </extended_event_descriptor>
      <component_descriptor stream_content="0x01" stream_content_ext="0x0F" component_type="0x01" component_tag="0x01" language_code="fre" text=""/>
      <component_descriptor stream_content="0x02" stream_content_ext="0x0F" component_type="0x01" component_tag="0x01" language_code="fre" text=""/>
      <content_descriptor>
        <content content_nibble_level_1="4" content_nibble_level_2="0" user_byte="0x00"/>
        <content content_nibble_level_1="11" content_nibble_level_2="15" user_byte="0x00"/>
        <content content_nibble_level_1="11" content_nibble_level_2="15" user_byte="0x20"/>
      </content_descriptor>
      <parental_rating_descriptor>
        <country country_code="FRA" rating="0x10"/>
      </parental_rating_descriptor>
      <private_data_specifier_descriptor private_data_specifier="CanalPlus"/>
      <generic_descriptor tag="0xE0">
        E2 85 17 40 00 42 7E 04 46 00 01 06 40 00 BF 00
        BF 20 04 F2 01 F1 01
      </generic_descriptor>
      <generic_descriptor tag="0xE0">
        E2 86 19 20 00 42 7E 04 46 00 01 06 40 00 BF 00
        BF 20 04 F2 01 F1 01
      </generic_descriptor>
      <generic_descriptor tag="0xE0">
        E2 87 10 55 00 42 7E 04 46 00 01 06 40 00 BF 00
        BF 20 04 F2 01 F1 01
      </generic_descriptor>
      <generic_descriptor tag="0xE0">
        E2 88 17 40 00 42 7E 04 46 00 01 06 40 00 BF 00
        BF 20 04 F2 01 F1 01
      </generic_descriptor>
    </event>
  </EIT>
  <EIT type="pf" version="4" current="true" actual="false" service_id="0x26B3" transport_stream_id="0x043E" original_network_id="0x0001" last_table_id="0x4F">
    <metadata PID="18" first_ts_packet="38,690" last_ts_packet="96,357"/>
    <event event_id="0x2E22" start_time="2017-08-23 03:00:00" duration="19:01:00" running_status="running" CA_mode="true">
      <short_event_descriptor language_code="fre">
        <event_name>INTERRUPTION DES PROGRAMMES</event_name>
        <text>(-18)  Information non disponible.</text>
      </short_event_descriptor>
      <extended_event_descriptor descriptor_number="0" last_descriptor_number="0" language_code="fre">
        <text>(-18)  Information non disponible.</text>
      </extended_event_descriptor>
      <component_descriptor stream_content="0x01" stream_content_ext="0x0F" component_type="0x01" component_tag="0x01" language_code="fre" text=""/>
      <component_descriptor stream_content="0x02" stream_content_ext="0x0F" component_type="0x01" component_tag="0x01" language_code="fre" text=""/>
      <content_descriptor>
        <content content_nibble_level_1="7" content_nibble_level_2="0" user_byte="0x00"/>
        <content content_nibble_level_1="11" content_nibble_level_2="15" user_byte="0x00"/>
      </content_descriptor>
      <parental_rating_descriptor>
        <country country_code="FRA" rating="0x14"/>
      </parental_rating_descriptor>
    </event>
    <event event_id="0x2E23" start_time="2017-08-23 22:01:00" duration="01:42:00" running_status="not-running" CA_mode="true">
      <short_event_descriptor language_code="fre">
        <event_name>FUCK TOYS</event_name>
        <text>DIFFUSE EN HD. (-18)  Information non disponible.</text>
      </short_event_descriptor>
      <extended_event_descriptor descriptor_number="0" last_descriptor_number="0" language_code="fre">
        <text>DIFFUSE EN HD. (-18)  Information non disponible.</text>
        <item>
          <description>AnnØe</description>
          <name>2013</name>
        </item>
      </extended_event_descriptor>
      <component_descriptor stream_content="0x01" stream_content_ext="0x0F" component_type="0x0B" component_tag="0x01" language_code="fre" text=""/>
      <component_descriptor stream_content="0x02" stream_content_ext="0x0F" component_type="0x03" component_tag="0x01" language_code="fre" text=""/>
      <content_descriptor>
        <content content_nibble_level_1="1" content_nibble_level_2="13" user_byte="0x00"/>
        <content content_nibble_level_1="11" content_nibble_level_2="15" user_byte="0x00"/>
        <content content_nibble_level_1="11" content_nibble_level_2="15" user_byte="0x30"/>
      </content_descriptor>
      <parental_rating_descriptor>
        <country country_code="FRA" rating="0x14"/>
      </parental_rating_descriptor>
    </event>
  </EIT>
  <EIT type="pf" version="4" current="true" actual="false" service_id="0x24BE" transport_stream_id="0x043C" original_network_id="0x0001" last_table_id="0x4F">
    <metadata PID="18" first_ts_packet="38,818" last_ts_packet="96,487"/>
    <event event_id="0x0B06" start_time="2017-08-23 11:00:00" duration="02:00:00" running_status="running" CA_mode="true">
      <short_event_descriptor language_code="fre">
        <event_name>UNIVERSIADE D'ETE 2017</event_name>
        <text>EN DIRECT.  Universiade d'ØtØ 2017. 4e jour. A Taŉwan.</text>
      </short_event_descriptor>
      <extended_event_descriptor descriptor_number="0" last_descriptor_number="0" language_code="fre">
        <text>EN DIRECT.  Universiade d'ØtØ 2017. 4e jour. A Taŉwan.</text>
        <item>
          <description>Direct</description>
          <name>Direct</name>
        </item>
      </extended_event_descriptor>
      <component_descriptor stream_content="0x01" stream_content_ext="0x0F" component_type="0x01" component_tag="0x01" language_code="fre" text=""/>
      <component_descriptor stream_content="0x02" stream_content_ext="0x0F" component_type="0x01" component_tag="0x01" language_code="fre" text=""/>
      <content_descriptor>
        <content content_nibble_level_1="2" content_nibble_level_2="0" user_byte="0x00"/>
        <content content_nibble_level_1="11" content_nibble_level_2="15" user_byte="0x00"/>
      </content_descriptor>
      <parental_rating_descriptor>
        <country country_code="FRA" rating="0x10"/>
      </parental_rating_descriptor>
      <private_data_specifier_descriptor private_data_specifier="CanalPlus"/>
      <generic_descriptor tag="0xE0">
        E2 84 15 45 00 24 BE 04 3C 00 01 04 20 00 BF 00
        04 F2 01 F1 01
      </generic_descriptor>
      <generic_descriptor tag="0xE0">
        E2 84 22 30 00 24 BE 04 3C 00 01 04 20 00 BF 00
        04 F2 01 F1 01
      </generic_descriptor>
      <generic_descriptor tag="0xE0">
        E2 85 04 30 00 24 BE 04 3C 00 01 04 20 00 BF 00
        04 F2 01 F1 01
      </generic_descriptor>
    </event>
    <event event_id="0x0B07" start_time="2017-08-23 13:00:00" duration="01:15:00" running_status="not-running" CA_mode="true">
      <short_event_descriptor language_code="fre">
        <event_name>UNIVERSIADE D'ETE 2017</event_name>
        <text>Universiade d'ØtØ 2017. Finale par appareils. A Taŉwan.</text>
      </short_event_descriptor>
      <extended_event_descriptor descriptor_number="0" last_descriptor_number="0" language_code="fre">
        <text>Universiade d'ØtØ 2017. Finale par appareils. A Taŉwan.</text>
      </extended_event_descriptor>
      <component_descriptor stream_content="0x01" stream_content_ext="0x0F" component_type="0x01" component_tag="0x01" language_code="fre" text=""/>
      <component_descriptor stream_content="0x02" stream_content_ext="0x0F" component_type="0x01" component_tag="0x01" language_code="fre" text=""/>
      <content_descriptor>
        <content content_nibble_level_1="2" content_nibble_level_2="0" user_byte="0x00"/>
        <content content_nibble_level_1="11" content_nibble_level_2="15" user_byte="0x00"/>
      </content_descriptor>
      <parental_rating_descriptor>
        <country country_code="FRA" rating="0x10"/>
      </parental_rating_descriptor>
    </event>
  </EIT>
  <EIT type="pf" version="18" current="true" actual="false" service_id="0x22C7" transport_stream_id="0x0434" original_network_id="0x0001" last_table_id="0x4F">
    <metadata PID="18" first_ts_packet="39,208" last_ts_packet="96,962"/>
    <event event_id="0x875A" start_time="2017-08-23 11:50:00" duration="00:35:00" running_status="running" CA_mode="true">
      <short_event_descriptor language_code="fre">
        <event_name>FOUDRE</event_name>
        <text>SØrie jeunesse franĿaise avec Charles Templon, JosØphine Jobert, David  Tournay. Saison 4. (17/26). "J'ai vu un  massacre".</text>
      </short_event_descriptor>
      <extended_event_descriptor descriptor_number="0" last_descriptor_number="1" language_code="fre">
        <text>SØrie jeunesse franĿaise avec Charles Templon, JosØphine Jobert, David  Tournay. Saison 4. (17/26). "J'ai vu un  massacre". De retour Ω NoumØa, Alex se comporte Øtrangement vis-Ω-vis d'Alice et de ses amis.</text>
        <item>
          <description>NationalitØ</description>
          <name>France</name>
        </item>
        <item>
          <description>TDE</description>
          <name>J'ai vu un massacre</name>
        </item>
      </extended_event_descriptor>
      <extended_event_descriptor descriptor_number="1" last_descriptor_number="1" language_code="fre">
        <text> Qu'est-il arrivØ au Vanuatu pour qu'il soit transformØ Ω ce point ?.</text>
      </extended_event_descriptor>
      <component_descriptor stream_content="0x01" stream_content_ext="0x0F" component_type="0x01" component_tag="0x01" language_code="fre" text=""/>
      <component_descriptor stream_content="0x02" stream_content_ext="0x0F" component_type="0x01" component_tag="0x01" language_code="fre" text=""/>
      <content_descriptor>
        <content content_nibble_level_1="3" content_nibble_level_2="5" user_byte="0x00"/>
        <content content_nibble_level_1="11" content_nibble_level_2="15" user_byte="0x00"/>
      </content_descriptor>
      <parental_rating_descriptor>
        <country country_code="FRA" rating="0x10"/>
      </parental_rating_descriptor>
      <private_data_specifier_descriptor private_data_specifier="CanalPlus"/>
      <generic_descriptor tag="0xE0">
        E2 88 05 30 00 22 C7 04 34 00 01 04 35 00 BF 00
        04 F2 01 F1 01
      </generic_descriptor>
      <generic_descriptor tag="0xE0">
        E2 88 07 30 00 22 C7 04 34 00 01 04 35 00 BF 00
        04 F2 01 F1 01
      </generic_descriptor>
    </event>
    <event event_id="0x875B" start_time="2017-08-23 12:25:00" duration="00:25:00" running_status="not-running" CA_mode="true">
      <short_event_descriptor language_code="fre">
        <event_name>FOUDRE</event_name>
        <text>SØrie jeunesse franĿaise avec Charles Templon, JosØphine Jobert, David  Tournay. Saison 4. (18/26). "C'est mon destin ?".</text>
      </short_event_descriptor>
      <extended_event_descriptor descriptor_number="0" last_descriptor_number="1" language_code="fre">
        <text>SØrie jeunesse franĿaise avec Charles Templon, JosØphine Jobert, David  Tournay. Saison 4. (18/26). "C'est mon destin ?". Alex est tiraillØ entre l'amour qu'il Øprouve pour Alice et le destin qui l'appelle e</text>
        <item>
          <description>NationalitØ</description>
          <name>France</name>
        </item>
        <item>
          <description>TDE</description>
          <name>C'est mon destin ?</name>
        </item>
      </extended_event_descriptor>
      <extended_event_descriptor descriptor_number="1" last_descriptor_number="1" language_code="fre">
        <text>n Australie. Lola confie Ω LØo qu'elle pense avoir trouvØ l'homme qu'il lui faut.</text>
      </extended_event_descriptor>
      <component_descriptor stream_content="0x01" stream_content_ext="0x0F" component_type="0x01" component_tag="0x01" language_code="fre" text=""/>
      <component_descriptor stream_content="0x02" stream_content_ext="0x0F" component_type="0x01" component_tag="0x01" language_code="fre" text=""/>
      <content_descriptor>
        <content content_nibble_level_1="3" content_nibble_level_2="5" user_byte="0x00"/>
        <content content_nibble_level_1="11" content_nibble_level_2="15" user_byte="0x00"/>
      </content_descriptor>
      <parental_rating_descriptor>
        <country country_code="FRA" rating="0x10"/>
      </parental_rating_descriptor>
      <private_data_specifier_descriptor private_data_specifier="CanalPlus"/>
      <generic_descriptor tag="0xE0">
        E2 85 11 00 00 22 C7 04 34 00 01 04 35 00 BF 00
        04 F2 01 F1 01
      </generic_descriptor>
      <generic_descriptor tag="0xE0">
        E2 88 05 55 00 22 C7 04 34 00 01 04 35 00 BF 00
        04 F2 01 F1 01
      </generic_descriptor>
      <generic_descriptor tag="0xE0">
        E2 88 07 50 00 22 C7 04 34 00 01 04 35 00 BF 00
        04 F2 01 F1 01
      </generic_descriptor>
    </event>
  </EIT>
  <EIT type="pf" version="25" current="true" actual="false" service_id="0x19D4" transport_stream_id="0x0444" original_network_id="0x0001" last_table_id="0x4F">
    <metadata PID="18" first_ts_packet="39,673" last_ts_packet="97,235"/>
    <event event_id="0x977C" start_time="2017-08-23 11:00:00" duration="01:00:00" running_status="running" CA_mode="true">
      <short_event_descriptor language_code="fre">
        <event_name>UN JOUR AUX COURSES</event_name>
        <text>EN DIRECT.  Toutes les courses depuis l'hippodrome de Saint-Malo. "RØunion de Saint-Malo". Hippisme.</text>
      </short_event_descriptor>
      <extended_event_descriptor descriptor_number="0" last_descriptor_number="0" language_code="fre">
        <text>EN DIRECT.  Toutes les courses depuis l'hippodrome de Saint-Malo. "RØunion de Saint-Malo". Hippisme. Mixte.</text>
      </extended_event_descriptor>
      <component_descriptor stream_content="0x01" stream_content_ext="0x0F" component_type="0x01" component_tag="0x01" language_code="fre" text=""/>
      <component_descriptor stream_content="0x02" stream_content_ext="0x0F" component_type="0x03" component_tag="0x01" language_code="fre" text=""/>
      <content_descriptor>
        <content content_nibble_level_1="6" content_nibble_level_2="1" user_byte="0x00"/>
        <content content_nibble_level_1="11" content_nibble_level_2="15" user_byte="0x00"/>
      </content_descriptor>
      <parental_rating_descriptor>
        <country country_code="FRA" rating="0x10"/>
      </parental_rating_descriptor>
    </event>
    <event event_id="0x977D" start_time="2017-08-23 12:00:00" duration="01:00:00" running_status="not-running" CA_mode="true">
      <short_event_descriptor language_code="fre">
        <event_name>UN JOUR AUX COURSES</event_name>
        <text>EN DIRECT.  Toutes les courses depuis l'hippodromede Vincennes (QuintØ+). "RØunion de Vincennes". Hippisme.</text>
      </short_event_descriptor>
      <extended_event_descriptor descriptor_number="0" last_descriptor_number="0" language_code="fre">
        <text>EN DIRECT.  Toutes les courses depuis l'hippodromede Vincennes (QuintØ+). "RØunion de Vincennes". Hippisme. Trot.</text>
      </extended_event_descriptor>
      <component_descriptor stream_content="0x01" stream_content_ext="0x0F" component_type="0x01" component_tag="0x01" language_code="fre" text=""/>
      <component_descriptor stream_content="0x02" stream_content_ext="0x0F" component_type="0x03" component_tag="0x01" language_code="fre" text=""/>
      <content_descriptor>
        <content content_nibble_level_1="6" content_nibble_level_2="1" user_byte="0x00"/>
        <content content_nibble_level_1="11" content_nibble_level_2="15" user_byte="0x00"/>
      </content_descriptor>
      <parental_rating_descriptor>
        <country country_code="FRA" rating="0x10"/>
      </parental_rating_descriptor>
    </event>
  </EIT>
  <EIT type="pf" version="24" current="true" actual="false" service_id="0x2201" transport_stream_id="0x044C" original_network_id="0x0001" last_table_id="0x4F">
    <metadata PID="18" first_ts_packet="40,342" last_ts_packet="98,111"/>
    <event event_id="0xA451" start_time="2017-08-23 11:50:00" duration="01:20:00" running_status="running" CA_mode="true">
      <short_event_descriptor language_code="fre">
        <event_name>UNE FAMILLE FORMIDABLE</event_name>
        <text>RØalisØ par Joºl Santoni en 2010. Avec Anny Duperey, Bernard Le Coq, B Agenin. TØlØfilm sentimental franĿais. "Retour aux sources". (24).</text>
      </short_event_descriptor>
      <extended_event_descriptor descriptor_number="0" last_descriptor_number="1" language_code="fre">
        <text>RØalisØ par Joºl Santoni en 2010. Avec Anny Duperey, Bernard Le Coq, B Agenin. TØlØfilm sentimental franĿais. "Retour aux sources". (24). Jacques et Catherine sont de retour en France. Ils ont le plus grand </text>
        <item>
          <description>NationalitØ</description>
          <name>France</name>
        </item>
        <item>
          <description>TDE</description>
          <name>Retour aux sources</name>
        </item>
      </extended_event_descriptor>
      <extended_event_descriptor descriptor_number="1" last_descriptor_number="1" language_code="fre">
        <text>mal Ω se faire Ω leur condition de jeunes retraitØs. Quant Ω Manon, elle se dØvergonde.</text>
      </extended_event_descriptor>
      <component_descriptor stream_content="0x01" stream_content_ext="0x0F" component_type="0x01" component_tag="0x01" language_code="fre" text=""/>
      <component_descriptor stream_content="0x02" stream_content_ext="0x0F" component_type="0x03" component_tag="0x01" language_code="fre" text=""/>
      <component_descriptor stream_content="0x03" stream_content_ext="0x0F" component_type="0x21" component_tag="0x01" language_code="fre" text=""/>
      <content_descriptor>
        <content content_nibble_level_1="5" content_nibble_level_2="0" user_byte="0x00"/>
        <content content_nibble_level_1="11" content_nibble_level_2="15" user_byte="0x00"/>
        <content content_nibble_level_1="11" content_nibble_level_2="15" user_byte="0x11"/>
      </content_descriptor>
      <parental_rating_descriptor>
        <country country_code="FRA" rating="0x10"/>
      </parental_rating_descriptor>
    </event>
    <event event_id="0xA452" start_time="2017-08-23 13:10:00" duration="02:25:00" running_status="not-running" CA_mode="true">
      <short_event_descriptor language_code="fre">
        <event_name>UNE FAMILLE FORMIDABLE</event_name>
        <text>RØalisØ par Joºl Santoni en 2012. Avec Anny Duperey, Bernard Le Coq, BØatrice Agenin. TØlØfilm sentimental. "Vive la crise !". (25).</text>
      </short_event_descriptor>
      <extended_event_descriptor descriptor_number="0" last_descriptor_number="1" language_code="fre">
        <text>RØalisØ par Joºl Santoni en 2012. Avec Anny Duperey, Bernard Le Coq, BØatrice Agenin. TØlØfilm sentimental. "Vive la crise !". (25). InstallØs dans un village de Bourgogne, Jacques et Catherine s'adaptent Ω leu</text>
        <item>
          <description>NationalitØ</description>
          <name>France</name>
        </item>
        <item>
          <description>TDE</description>
          <name>Vive la crise !</name>
        </item>
      </extended_event_descriptor>
      <extended_event_descriptor descriptor_number="1" last_descriptor_number="1" language_code="fre">
        <text>r nouvelle vie, ce qui se rØvŁle plus difficile pour l'un que pour l'autre.</text>
      </extended_event_descriptor>
      <component_descriptor stream_content="0x01" stream_content_ext="0x0F" component_type="0x01" component_tag="0x01" language_code="fre" text=""/>
      <component_descriptor stream_content="0x02" stream_content_ext="0x0F" component_type="0x03" component_tag="0x01" language_code="fre" text=""/>
      <component_descriptor stream_content="0x03" stream_content_ext="0x0F" component_type="0x21" component_tag="0x01" language_code="fre" text=""/>
      <content_descriptor>
        <content content_nibble_level_1="5" content_nibble_level_2="0" user_byte="0x00"/>
        <content content_nibble_level_1="11" content_nibble_level_2="15" user_byte="0x00"/>
        <content content_nibble_level_1="11" content_nibble_level_2="15" user_byte="0x11"/>
      </content_descriptor>
      <parental_rating_descriptor>
        <country country_code="FRA" rating="0x10"/>
      </parental_rating_descriptor>
    </event>
  </EIT>
  <EIT type="pf" version="19" current="true" actual="false" service_id="0x2011" transport_stream_id="0x0430" original_network_id="0x0001" last_table_id="0x4F">
    <metadata PID="18" first_ts_packet="40,752" last_ts_packet="98,374"/>
    <event event_id="0xBE67" start_time="2017-08-23 11:30:00" duration="00:30:00" running_status="running" CA_mode="true">
      <short_event_descriptor language_code="fre">
        <event_name>CLUB EUROPE - TUTTA SERIE A</event_name>
        <text>Club Europe - Tutta Serie A Football.</text>
      </short_event_descriptor>
      <extended_event_descriptor descriptor_number="0" last_descriptor_number="0" language_code="fre">
        <text>Club Europe - Tutta Serie A Football.</text>
      </extended_event_descriptor>
      <component_descriptor stream_content="0x01" stream_content_ext="0x0F" component_type="0x01" component_tag="0x01" language_code="fre" text=""/>
      <component_descriptor stream_content="0x02" stream_content_ext="0x0F" component_type="0x01" component_tag="0x01" language_code="fre" text=""/>
      <component_descriptor stream_content="0x03" stream_content_ext="0x0F" component_type="0x21" component_tag="0x01" language_code="fre" text=""/>
      <content_descriptor>
        <content content_nibble_level_1="6" content_nibble_level_2="1" user_byte="0x00"/>
        <content content_nibble_level_1="11" content_nibble_level_2="15" user_byte="0x00"/>
        <content content_nibble_level_1="11" content_nibble_level_2="15" user_byte="0x11"/>
      </content_descriptor>
      <parental_rating_descriptor>
        <country country_code="FRA" rating="0x10"/>
      </parental_rating_descriptor>
      <private_data_specifier_descriptor private_data_specifier="CanalPlus"/>
      <generic_descriptor tag="0xE0">
        E2 85 14 30 00 20 11 04 30 00 01 06 61 00 BF 00
        BF 11 06 F3 21 F2 01 F1 01
      </generic_descriptor>
    </event>
    <event event_id="0xBE68" start_time="2017-08-23 12:00:00" duration="00:30:00" running_status="not-running" CA_mode="true">
      <short_event_descriptor language_code="fre">
        <event_name>CLUB EUROPE - DIE BULISCHAU</event_name>
        <text>Club Europe - Die Bulischau Football.</text>
      </short_event_descriptor>
      <extended_event_descriptor descriptor_number="0" last_descriptor_number="0" language_code="fre">
        <text>Club Europe - Die Bulischau Football.</text>
      </extended_event_descriptor>
      <component_descriptor stream_content="0x01" stream_content_ext="0x0F" component_type="0x01" component_tag="0x01" language_code="fre" text=""/>
      <component_descriptor stream_content="0x02" stream_content_ext="0x0F" component_type="0x01" component_tag="0x01" language_code="fre" text=""/>
      <component_descriptor stream_content="0x03" stream_content_ext="0x0F" component_type="0x21" component_tag="0x01" language_code="fre" text=""/>
      <content_descriptor>
        <content content_nibble_level_1="6" content_nibble_level_2="1" user_byte="0x00"/>
        <content content_nibble_level_1="11" content_nibble_level_2="15" user_byte="0x00"/>
        <content content_nibble_level_1="11" content_nibble_level_2="15" user_byte="0x11"/>
      </content_descriptor>
      <parental_rating_descriptor>
        <country country_code="FRA" rating="0x10"/>
      </parental_rating_descriptor>
      <private_data_specifier_descriptor private_data_specifier="CanalPlus"/>
      <generic_descriptor tag="0xE0">
        E2 85 13 30 00 20 11 04 30 00 01 06 61 00 BF 00
        BF 11 06 F3 21 F2 01 F1 01
      </generic_descriptor>
    </event>
  </EIT>
  <EIT type="pf" version="28" current="true" actual="false" service_id="0x1131" transport_stream_id="0x0404" original_network_id="0x0001" last_table_id="0x4F">
    <metadata PID="18" first_ts_packet="40,910" last_ts_packet="98,374"/>
    <event event_id="0x013C" start_time="2017-08-23 11:55:00" duration="00:30:00" running_status="running" CA_mode="true">
      <short_event_descriptor language_code="fre">
        <event_name>AQUI LA TIERRA</event_name>
        <text>Information non disponible.</text>
      </short_event_descriptor>
      <extended_event_descriptor descriptor_number="0" last_descriptor_number="0" language_code="fre">
        <text>Information non disponible.</text>
      </extended_event_descriptor>
      <component_descriptor stream_content="0x01" stream_content_ext="0x0F" component_type="0x01" component_tag="0x01" language_code="fre" text=""/>
      <component_descriptor stream_content="0x02" stream_content_ext="0x0F" component_type="0x01" component_tag="0x01" language_code="fre" text=""/>
      <content_descriptor>
        <content content_nibble_level_1="4" content_nibble_level_2="0" user_byte="0x00"/>
        <content content_nibble_level_1="11" content_nibble_level_2="15" user_byte="0x00"/>
      </content_descriptor>
      <parental_rating_descriptor>
        <country country_code="FRA" rating="0x10"/>
      </parental_rating_descriptor>
    </event>
    <event event_id="0x013D" start_time="2017-08-23 12:25:00" duration="00:05:00" running_status="not-running" CA_mode="true">
      <short_event_descriptor language_code="fre">
        <event_name>AJUSTES</event_name>
        <text>Information non disponible.</text>
      </short_event_descriptor>
      <extended_event_descriptor descriptor_number="0" last_descriptor_number="0" language_code="fre">
        <text>Information non disponible.</text>
      </extended_event_descriptor>
      <component_descriptor stream_content="0x01" stream_content_ext="0x0F" component_type="0x01" component_tag="0x01" language_code="fre" text=""/>
      <component_descriptor stream_content="0x02" stream_content_ext="0x0F" component_type="0x01" component_tag="0x01" language_code="fre" text=""/>
      <content_descriptor>
        <content content_nibble_level_1="4" content_nibble_level_2="0" user_byte="0x00"/>
        <content content_nibble_level_1="11" content_nibble_level_2="15" user_byte="0x00"/>
      </content_descriptor>
      <parental_rating_descriptor>
        <country country_code="FRA" rating="0x10"/>
      </parental_rating_descriptor>
    </event>
  </EIT>
  <EIT type="pf" version="30" current="true" actual="false" service_id="0x1132" transport_stream_id="0x0404" original_network_id="0x0001" last_table_id="0x4F">
    <metadata PID="18" first_ts_packet="41,082" last_ts_packet="98,520"/>
    <event event_id="0x27C3" start_time="2017-08-23 10:00:00" duration="03:00:00" running_status="running" CA_mode="true">
      <short_event_descriptor language_code="fre">
        <event_name>LA PREMIERE CHAINE D'INFORMATION EN CONTINUE ESPAGNOLE</event_name>
        <text>Information non disponible.</text>
      </short_event_descriptor>
      <extended_event_descriptor descriptor_number="0" last_descriptor_number="0" language_code="fre">
        <text>Information non disponible.</text>
      </extended_event_descriptor>
      <component_descriptor stream_content="0x01" stream_content_ext="0x0F" component_type="0x01" component_tag="0x01" language_code="fre" text=""/>
      <component_descriptor stream_content="0x02" stream_content_ext="0x0F" component_type="0x01" component_tag="0x01" language_code="fre" text=""/>
      <content_descriptor>
        <content content_nibble_level_1="7" content_nibble_level_2="0" user_byte="0x00"/>
        <content content_nibble_level_1="11" content_nibble_level_2="15" user_byte="0x00"/>
      </content_descriptor>
      <parental_rating_descriptor>
        <country country_code="FRA" rating="0x10"/>
      </parental_rating_descriptor>
    </event>
    <event event_id="0x27C4" start_time="2017-08-23 13:00:00" duration="03:00:00" running_status="not-running" CA_mode="true">
      <short_event_descriptor language_code="fre">
        <event_name>LA PREMIERE CHAINE D'INFORMATION EN CONTINUE ESPAGNOLE</event_name>
        <text>Information non disponible.</text>
      </short_event_descriptor>
      <extended_event_descriptor descriptor_number="0" last_descriptor_number="0" language_code="fre">
        <text>Information non disponible.</text>
      </extended_event_descriptor>
      <component_descriptor stream_content="0x01" stream_content_ext="0x0F" component_type="0x01" component_tag="0x01" language_code="fre" text=""/>
      <component_descriptor stream_content="0x02" stream_content_ext="0x0F" component_type="0x01" component_tag="0x01" language_code="fre" text=""/>
      <content_descriptor>
        <content content_nibble_level_1="7" content_nibble_level_2="0" user_byte="0x00"/>
        <content content_nibble_level_1="11" content_nibble_level_2="15" user_byte="0x00"/>
      </content_descriptor>
      <parental_rating_descriptor>
        <country country_code="FRA" rating="0x10"/>
      </parental_rating_descriptor>
    </event>
  </EIT>
  <EIT type="pf" version="17" current="true" actual="false" service_id="0x1F47" transport_stream_id="0x042E" original_network_id="0x0001" last_table_id="0x4F">
    <metadata PID="18" first_ts_packet="41,221" last_ts_packet="98,928"/>
    <event event_id="0xB4C1" start_time="2017-08-23 11:30:00" duration="00:30:00" running_status="running" CA_mode="true">
      <short_event_descriptor language_code="fre">
        <event_name>LARRY ET SON NOMBRIL</event_name>
        <text>(-10)  SØrie humoristique amØricaine avec Ricky Gervais, Larry David, Cheryl Hines. Saison 8. (6/10). "The Hero".</text>
      </short_event_descriptor>
      <extended_event_descriptor descriptor_number="0" last_descriptor_number="1" language_code="fre">
        <text>(-10)  SØrie humoristique amØricaine avec Ricky Gervais, Larry David, Cheryl Hines. Saison 8. (6/10). "The Hero". Au cours d'un vol vers New York, Larry trØbuche sur un passager odieux et devient aussitħt un hØro</text>
        <item>
          <description>NationalitØ</description>
          <name>Etats-Unis</name>
        </item>
        <item>
          <description>TDE</description>
          <name>The Hero</name>
        </item>
      </extended_event_descriptor>
      <extended_event_descriptor descriptor_number="1" last_descriptor_number="1" language_code="fre">
        <text>s malgrØ lui. Plus tard, Larry rencontre Ricky  Gervais.</text>
      </extended_event_descriptor>
      <component_descriptor stream_content="0x01" stream_content_ext="0x0F" component_type="0x01" component_tag="0x01" language_code="fre" text=""/>
      <component_descriptor stream_content="0x02" stream_content_ext="0x0F" component_type="0x03" component_tag="0x01" language_code="fre" text=""/>
      <component_descriptor stream_content="0x02" stream_content_ext="0x0F" component_type="0x03" component_tag="0x01" language_code="eng" text=""/>
      <content_descriptor>
        <content content_nibble_level_1="5" content_nibble_level_2="3" user_byte="0x00"/>
        <content content_nibble_level_1="11" content_nibble_level_2="15" user_byte="0x01"/>
        <content content_nibble_level_1="11" content_nibble_level_2="15" user_byte="0x20"/>
      </content_descriptor>
      <parental_rating_descriptor>
        <country country_code="FRA" rating="0x11"/>
      </parental_rating_descriptor>
      <private_data_specifier_descriptor private_data_specifier="CanalPlus"/>
      <generic_descriptor tag="0xE0">
        E2 84 18 10 00 1F 47 04 2E 00 01 06 53 00 BF 01
        BF 20 04 F2 03 F1 01
      </generic_descriptor>
    </event>
    <event event_id="0xB4C2" start_time="2017-08-23 12:00:00" duration="00:20:00" running_status="not-running" CA_mode="true">
      <short_event_descriptor language_code="fre">
        <event_name>ZERO M2</event_name>
        <text>RØalisØ par Matthieu Landour en 2015. Avec Anthony Sonigo, Silvie Laguna, ClØmence Ansault. Court mØtrage franĿais.</text>
      </short_event_descriptor>
      <extended_event_descriptor descriptor_number="0" last_descriptor_number="0" language_code="fre">
        <text>RØalisØ par Matthieu Landour en 2015. Avec Anthony Sonigo, Silvie Laguna, ClØmence Ansault. Court mØtrage franĿais.</text>
        <item>
          <description>AnnØe</description>
          <name>2015</name>
        </item>
        <item>
          <description>RØalisateur</description>
          <name>Matthieu Landour</name>
        </item>
      </extended_event_descriptor>
      <component_descriptor stream_content="0x01" stream_content_ext="0x0F" component_type="0x01" component_tag="0x01" language_code="fre" text=""/>
      <component_descriptor stream_content="0x02" stream_content_ext="0x0F" component_type="0x03" component_tag="0x01" language_code="fre" text=""/>
      <component_descriptor stream_content="0x03" stream_content_ext="0x0F" component_type="0x21" component_tag="0x01" language_code="fre" text=""/>
      <content_descriptor>
        <content content_nibble_level_1="1" content_nibble_level_2="10" user_byte="0x00"/>
        <content content_nibble_level_1="11" content_nibble_level_2="15" user_byte="0x00"/>
        <content content_nibble_level_1="11" content_nibble_level_2="15" user_byte="0x11"/>
      </content_descriptor>
      <parental_rating_descriptor>
        <country country_code="FRA" rating="0x10"/>
      </parental_rating_descriptor>
      <private_data_specifier_descriptor private_data_specifier="CanalPlus"/>
      <generic_descriptor tag="0xE0">
        E2 8B 11 50 00 1F 47 04 2E 00 01 06 1A 00 BF 00
        BF 11 06 F3 21 F2 03 F1 01
      </generic_descriptor>
    </event>
  </EIT>
  <EIT type="pf" version="0" current="true" actual="false" service_id="0x1B61" transport_stream_id="0x03FC" original_network_id="0x0001" last_table_id="0x4F">
    <metadata PID="18" first_ts_packet="41,633" last_ts_packet="99,050"/>
    <event event_id="0x3A2C" start_time="2017-08-23 10:00:00" duration="03:00:00" running_status="running" CA_mode="true">
      <short_event_descriptor language_code="fre">
        <event_name>LA CHAINE D'INFORMATION DE LANGUE ARABE DIFFUSEE 24H/24</event_name>
        <text>Information non disponible.</text>
      </short_event_descriptor>
      <extended_event_descriptor descriptor_number="0" last_descriptor_number="0" language_code="fre">
        <text>Information non disponible.</text>
      </extended_event_descriptor>
      <component_descriptor stream_content="0x01" stream_content_ext="0x0F" component_type="0x01" component_tag="0x01" language_code="fre" text=""/>
      <component_descriptor stream_content="0x02" stream_content_ext="0x0F" component_type="0x01" component_tag="0x01" language_code="fre" text=""/>
      <content_descriptor>
        <content content_nibble_level_1="9" content_nibble_level_2="1" user_byte="0x00"/>
        <content content_nibble_level_1="11" content_nibble_level_2="15" user_byte="0x00"/>
      </content_descriptor>
      <parental_rating_descriptor>
        <country country_code="FRA" rating="0x10"/>
      </parental_rating_descriptor>
    </event>
    <event event_id="0x3A2D" start_time="2017-08-23 13:00:00" duration="03:00:00" running_status="not-running" CA_mode="true">
      <short_event_descriptor language_code="fre">
        <event_name>LA CHAINE D'INFORMATION DE LANGUE ARABE DIFFUSEE 24H/24</event_name>
        <text>Information non disponible.</text>
      </short_event_descriptor>
      <extended_event_descriptor descriptor_number="0" last_descriptor_number="0" language_code="fre">
        <text>Information non disponible.</text>
      </extended_event_descriptor>
      <component_descriptor stream_content="0x01" stream_content_ext="0x0F" component_type="0x01" component_tag="0x01" language_code="fre" text=""/>
      <component_descriptor stream_content="0x02" stream_content_ext="0x0F" component_type="0x01" component_tag="0x01" language_code="fre" text=""/>
      <content_descriptor>
        <content content_nibble_level_1="9" content_nibble_level_2="1" user_byte="0x00"/>
        <content content_nibble_level_1="11" content_nibble_level_2="15" user_byte="0x00"/>
      </content_descriptor>
      <parental_rating_descriptor>
        <country country_code="FRA" rating="0x10"/>
      </parental_rating_descriptor>
    </event>
  </EIT>
  <EIT type="pf" version="22" current="true" actual="false" service_id="0x2F6C" transport_stream_id="0x0454" original_network_id="0x0001" last_table_id="0x4F">
    <metadata PID="18" first_ts_packet="41,753" last_ts_packet="99,506"/>
    <event event_id="0x8F7F" start_time="2017-08-23 11:55:00" duration="00:30:00" running_status="running" CA_mode="true">
      <short_event_descriptor language_code="fre">
        <event_name>LE JOUR OU TOUT A BASCULE</event_name>
        <text>Le jour oø tout a basculØ PrØsentØ par Nathalie Fellonneau. "Mon mØdecin a abusØ de ma confiance".</text>
      </short_event_descriptor>
      <extended_event_descriptor descriptor_number="0" last_descriptor_number="1" language_code="fre">
        <text>Le jour oø tout a basculØ PrØsentØ par Nathalie Fellonneau. "Mon mØdecin a abusØ de ma confiance". A la suite d'un ØvØnement imprØvu, des hommes et des femmes ont vu leur vie bouleversØe pour le pire et le meilleur. </text>
        <item>
          <description>PrØsentateur</description>
          <name>Nathalie Fellonneau</name>
        </item>
      </extended_event_descriptor>
      <extended_event_descriptor descriptor_number="1" last_descriptor_number="1" language_code="fre">
        <text>Ces histoires vraies sont interprØtØes par des comØdiens.</text>
      </extended_event_descriptor>
      <component_descriptor stream_content="0x01" stream_content_ext="0x0F" component_type="0x01" component_tag="0x01" language_code="fre" text=""/>
      <component_descriptor stream_content="0x02" stream_content_ext="0x0F" component_type="0x01" component_tag="0x01" language_code="fre" text=""/>
      <component_descriptor stream_content="0x03" stream_content_ext="0x0F" component_type="0x21" component_tag="0x01" language_code="fre" text=""/>
      <content_descriptor>
        <content content_nibble_level_1="4" content_nibble_level_2="0" user_byte="0x00"/>
        <content content_nibble_level_1="11" content_nibble_level_2="15" user_byte="0x00"/>
        <content content_nibble_level_1="11" content_nibble_level_2="15" user_byte="0x11"/>
      </content_descriptor>
      <parental_rating_descriptor>
        <country country_code="FRA" rating="0x10"/>
      </parental_rating_descriptor>
      <private_data_specifier_descriptor private_data_specifier="CanalPlus"/>
      <generic_descriptor tag="0xE0">
        E2 8C 10 55 00 2F 6C 04 54 00 01 06 40 00 BF 00
        BF 11 06 F3 21 F2 01 F1 01
      </generic_descriptor>
    </event>
    <event event_id="0x8F80" start_time="2017-08-23 12:25:00" duration="00:30:00" running_status="not-running" CA_mode="true">
      <short_event_descriptor language_code="fre">
        <event_name>LE JOUR OU TOUT A BASCULE</event_name>
        <text>Le jour oø tout a basculØ PrØsentØ par Nathalie Fellonneau. "Un coeur pour mon mari".</text>
      </short_event_descriptor>
      <extended_event_descriptor descriptor_number="0" last_descriptor_number="1" language_code="fre">
        <text>Le jour oø tout a basculØ PrØsentØ par Nathalie Fellonneau. "Un coeur pour mon mari". A la suite d'un ØvØnement imprØvu, des hommes et des femmes ont vu leur vie bouleversØe pour le pire et le meilleur. Ces histoires</text>
        <item>
          <description>PrØsentateur</description>
          <name>Nathalie Fellonneau</name>
        </item>
      </extended_event_descriptor>
      <extended_event_descriptor descriptor_number="1" last_descriptor_number="1" language_code="fre">
        <text> vraies sont interprØtØes par des comØdiens, Øcrites et rØalisØes comme un reportage.</text>
      </extended_event_descriptor>
      <component_descriptor stream_content="0x01" stream_content_ext="0x0F" component_type="0x01" component_tag="0x01" language_code="fre" text=""/>
      <component_descriptor stream_content="0x02" stream_content_ext="0x0F" component_type="0x01" component_tag="0x01" language_code="fre" text=""/>
      <component_descriptor stream_content="0x03" stream_content_ext="0x0F" component_type="0x21" component_tag="0x01" language_code="fre" text=""/>
      <content_descriptor>
        <content content_nibble_level_1="4" content_nibble_level_2="0" user_byte="0x00"/>
        <content content_nibble_level_1="11" content_nibble_level_2="15" user_byte="0x00"/>
        <content content_nibble_level_1="11" content_nibble_level_2="15" user_byte="0x11"/>
      </content_descriptor>
      <parental_rating_descriptor>
        <country country_code="FRA" rating="0x10"/>
      </parental_rating_descriptor>
      <private_data_specifier_descriptor private_data_specifier="CanalPlus"/>
      <generic_descriptor tag="0xE0">
        E2 8C 11 25 00 2F 6C 04 54 00 01 06 40 00 BF 00
        BF 11 06 F3 21 F2 01 F1 01
      </generic_descriptor>
    </event>
  </EIT>
  <EIT type="pf" version="30" current="true" actual="false" service_id="0x428B" transport_stream_id="0x0446" original_network_id="0x0001" last_table_id="0x4F">
    <metadata PID="18" first_ts_packet="42,179" last_ts_packet="99,904"/>
    <event event_id="0x102A" start_time="2017-08-23 11:55:00" duration="00:50:00" running_status="running" CA_mode="true">
      <short_event_descriptor language_code="fre">
        <event_name>LA CRIM'</event_name>
        <text>(-10)  SØrie policiŁre franĿaise avec Clotilde de Bayser, Jean-FranĿois Garreaud. Saison 3. (6/12). "Education  surveillØe".</text>
      </short_event_descriptor>
      <extended_event_descriptor descriptor_number="0" last_descriptor_number="1" language_code="fre">
        <text>(-10)  SØrie policiŁre franĿaise avec Clotilde de Bayser, Jean-FranĿois Garreaud. Saison 3. (6/12). "Education  surveillØe". La Crim' enquŒte sur un meurtre commis dans un pensionnat pour jeunes filles et </text>
        <item>
          <description>NationalitØ</description>
          <name>France</name>
        </item>
        <item>
          <description>TDE</description>
          <name>Education surveillØe</name>
        </item>
      </extended_event_descriptor>
      <extended_event_descriptor descriptor_number="1" last_descriptor_number="1" language_code="fre">
        <text>croit avoir trouvØ le coupable en la personne d'un enseignant.</text>
      </extended_event_descriptor>
      <component_descriptor stream_content="0x01" stream_content_ext="0x0F" component_type="0x01" component_tag="0x01" language_code="fre" text=""/>
      <component_descriptor stream_content="0x02" stream_content_ext="0x0F" component_type="0x01" component_tag="0x01" language_code="fre" text=""/>
      <content_descriptor>
        <content content_nibble_level_1="5" content_nibble_level_2="4" user_byte="0x00"/>
        <content content_nibble_level_1="11" content_nibble_level_2="15" user_byte="0x00"/>
      </content_descriptor>
      <parental_rating_descriptor>
        <country country_code="FRA" rating="0x11"/>
      </parental_rating_descriptor>
    </event>
    <event event_id="0x102B" start_time="2017-08-23 12:45:00" duration="01:40:00" running_status="not-running" CA_mode="true">
      <short_event_descriptor language_code="fre">
        <event_name>NAVARRO</event_name>
        <text>RØalisØ par Philippe Davin en 2004. Avec Georges Moustaki, Roger Hanin, Nicolas Pignon. TØlØfilm policier franĿais. "Jour de colŁre".</text>
      </short_event_descriptor>
      <extended_event_descriptor descriptor_number="0" last_descriptor_number="1" language_code="fre">
        <text>RØalisØ par Philippe Davin en 2004. Avec Georges Moustaki, Roger Hanin, Nicolas Pignon. TØlØfilm policier franĿais. "Jour de colŁre". L'assassinat d'un interne amŁne Navarro Ω enquŒter dans un hħpital. Il se heu</text>
        <item>
          <description>NationalitØ</description>
          <name>France</name>
        </item>
        <item>
          <description>TDE</description>
          <name>Jour de colŁre</name>
        </item>
      </extended_event_descriptor>
      <extended_event_descriptor descriptor_number="1" last_descriptor_number="1" language_code="fre">
        <text>rte au silence du corps mØdical, ce qui complique ses  recherches.</text>
      </extended_event_descriptor>
      <component_descriptor stream_content="0x01" stream_content_ext="0x0F" component_type="0x01" component_tag="0x01" language_code="fre" text=""/>
      <component_descriptor stream_content="0x02" stream_content_ext="0x0F" component_type="0x01" component_tag="0x01" language_code="fre" text=""/>
      <content_descriptor>
        <content content_nibble_level_1="5" content_nibble_level_2="4" user_byte="0x00"/>
        <content content_nibble_level_1="11" content_nibble_level_2="15" user_byte="0x00"/>
      </content_descriptor>
      <parental_rating_descriptor>
        <country country_code="FRA" rating="0x10"/>
      </parental_rating_descriptor>
    </event>
  </EIT>
  <EIT type="pf" version="19" current="true" actual="false" service_id="0x24C0" transport_stream_id="0x043C" original_network_id="0x0001" last_table_id="0x4F">
    <metadata PID="18" first_ts_packet="42,764" last_ts_packet="100,339"/>
    <event event_id="0x43BE" start_time="2017-08-23 11:44:00" duration="00:25:00" running_status="running" CA_mode="true">
      <short_event_descriptor language_code="fre">
        <event_name>JESSIE</event_name>
        <text>SØrie jeunesse amØricaine avec Debby Ryan, Peyton R List, Karen Brar. Saison 1. (25/26). "La fŒte de Zuri".</text>
      </short_event_descriptor>
      <extended_event_descriptor descriptor_number="0" last_descriptor_number="1" language_code="fre">
        <text>SØrie jeunesse amØricaine avec Debby Ryan, Peyton R List, Karen Brar. Saison 1. (25/26). "La fŒte de Zuri". Christina et Morgan dØcident d'organiser un anniversaire d'adoption pour Zuri, mais Jessie s'en m</text>
        <item>
          <description>NationalitØ</description>
          <name>Etats-Unis</name>
        </item>
        <item>
          <description>TDE</description>
          <name>La fŒte de Zuri</name>
        </item>
      </extended_event_descriptor>
      <extended_event_descriptor descriptor_number="1" last_descriptor_number="1" language_code="fre">
        <text>Łle et tient Ω faire quelque chose d'original pour sa fŒte.</text>
      </extended_event_descriptor>
      <component_descriptor stream_content="0x01" stream_content_ext="0x0F" component_type="0x01" component_tag="0x01" language_code="fre" text=""/>
      <component_descriptor stream_content="0x02" stream_content_ext="0x0F" component_type="0x03" component_tag="0x01" language_code="fre" text=""/>
      <component_descriptor stream_content="0x02" stream_content_ext="0x0F" component_type="0x03" component_tag="0x01" language_code="eng" text=""/>
      <content_descriptor>
        <content content_nibble_level_1="3" content_nibble_level_2="5" user_byte="0x00"/>
        <content content_nibble_level_1="11" content_nibble_level_2="15" user_byte="0x01"/>
      </content_descriptor>
      <parental_rating_descriptor>
        <country country_code="FRA" rating="0x10"/>
      </parental_rating_descriptor>
    </event>
    <event event_id="0x43BF" start_time="2017-08-23 12:09:00" duration="00:23:00" running_status="not-running" CA_mode="true">
      <short_event_descriptor language_code="fre">
        <event_name>HARLEY, LE CADET DE MES SOUCIS</event_name>
        <text>Harley, le cadet de mes soucis SØrie jeunesse amØricaine avec Jenna Ortega. Saison 1. (1/17). "L'enfant du milieu".</text>
      </short_event_descriptor>
      <extended_event_descriptor descriptor_number="0" last_descriptor_number="1" language_code="fre">
        <text>Harley, le cadet de mes soucis SØrie jeunesse amØricaine avec Jenna Ortega. Saison 1. (1/17). "L'enfant du milieu". La jeune inventrice Harley Diaz doit relever le dØfi que les neuf membres de sa famille</text>
        <item>
          <description>NationalitØ</description>
          <name>Etats-Unis</name>
        </item>
        <item>
          <description>TDE</description>
          <name>L'enfant du milieu</name>
        </item>
      </extended_event_descriptor>
      <extended_event_descriptor descriptor_number="1" last_descriptor_number="1" language_code="fre">
        <text> soient prŒts en mŒme temps pour se rendre Ω un ØvØnement trŁs important.</text>
      </extended_event_descriptor>
      <component_descriptor stream_content="0x01" stream_content_ext="0x0F" component_type="0x01" component_tag="0x01" language_code="fre" text=""/>
      <component_descriptor stream_content="0x02" stream_content_ext="0x0F" component_type="0x03" component_tag="0x01" language_code="fre" text=""/>
      <component_descriptor stream_content="0x02" stream_content_ext="0x0F" component_type="0x03" component_tag="0x01" language_code="eng" text=""/>
      <component_descriptor stream_content="0x03" stream_content_ext="0x0F" component_type="0x21" component_tag="0x01" language_code="fre" text=""/>
      <content_descriptor>
        <content content_nibble_level_1="3" content_nibble_level_2="5" user_byte="0x00"/>
        <content content_nibble_level_1="11" content_nibble_level_2="15" user_byte="0x01"/>
        <content content_nibble_level_1="11" content_nibble_level_2="15" user_byte="0x11"/>
      </content_descriptor>
      <parental_rating_descriptor>
        <country country_code="FRA" rating="0x10"/>
      </parental_rating_descriptor>
    </event>
  </EIT>
  <EIT type="pf" version="4" current="true" actual="false" service_id="0x22CD" transport_stream_id="0x0434" original_network_id="0x0001" last_table_id="0x4F">
    <metadata PID="18" first_ts_packet="43,070" last_ts_packet="100,738"/>
    <event event_id="0x5930" start_time="2017-08-23 11:45:00" duration="01:40:00" running_status="running" CA_mode="true">
      <short_event_descriptor language_code="fre">
        <event_name>PETER ET ELLIOTT LE DRAGON</event_name>
        <text>DIFFUSE EN HD.  Peter et Elliott le dragon RØalisØ par David Lowery en 2016. Avec Bryce Dallas Howard, Oakes Fegley. Film pour la jeunesse amØricain.</text>
      </short_event_descriptor>
      <extended_event_descriptor descriptor_number="0" last_descriptor_number="1" language_code="fre">
        <text>DIFFUSE EN HD.  Peter et Elliott le dragon RØalisØ par David Lowery en 2016. Avec Bryce Dallas Howard, Oakes Fegley. Film pour la jeunesse amØricain. Une femme garde forestier dØcouvre un garĿon d'une dizaine d'an</text>
        <item>
          <description>AnnØe</description>
          <name>2016</name>
        </item>
        <item>
          <description>RØalisateur</description>
          <name>David Lowery</name>
        </item>
      </extended_event_descriptor>
      <extended_event_descriptor descriptor_number="1" last_descriptor_number="1" language_code="fre">
        <text>nØes dans les bois. Sans famille, il prØtend avoir ØtØ ØlevØ par un dragon gØant.</text>
      </extended_event_descriptor>
      <component_descriptor stream_content="0x01" stream_content_ext="0x0F" component_type="0x0B" component_tag="0x01" language_code="fre" text=""/>
      <component_descriptor stream_content="0x02" stream_content_ext="0x0F" component_type="0x04" component_tag="0x01" language_code="fre" text=""/>
      <component_descriptor stream_content="0x02" stream_content_ext="0x0F" component_type="0x04" component_tag="0x01" language_code="eng" text=""/>
      <component_descriptor stream_content="0x03" stream_content_ext="0x0F" component_type="0x22" component_tag="0x01" language_code="fre" text=""/>
      <content_descriptor>
        <content content_nibble_level_1="1" content_nibble_level_2="7" user_byte="0x00"/>
        <content content_nibble_level_1="11" content_nibble_level_2="15" user_byte="0x01"/>
        <content content_nibble_level_1="11" content_nibble_level_2="15" user_byte="0x11"/>
        <content content_nibble_level_1="11" content_nibble_level_2="15" user_byte="0x30"/>
      </content_descriptor>
      <parental_rating_descriptor>
        <country country_code="FRA" rating="0x10"/>
      </parental_rating_descriptor>
    </event>
    <event event_id="0x5931" start_time="2017-08-23 13:25:00" duration="01:33:00" running_status="not-running" CA_mode="true">
      <short_event_descriptor language_code="fre">
        <event_name>L'AGE DE GLACE 5 : LES LOIS DE L'UNIVERS</event_name>
        <text>DIFFUSE EN HD.  L'Đge de glace 5 : les lois de l'univers RØalisØ par Mike Thurmeier, Galen T Chu en 2016. Film d'animation amØricain.</text>
      </short_event_descriptor>
      <extended_event_descriptor descriptor_number="0" last_descriptor_number="1" language_code="fre">
        <text>DIFFUSE EN HD.  L'Đge de glace 5 : les lois de l'univers RØalisØ par Mike Thurmeier, Galen T Chu en 2016. Film d'animation amØricain. AprŁs que Scrat a provoquØ la dØviation d'un gros astØroŉde vers la Terre, Si</text>
        <item>
          <description>AnnØe</description>
          <name>2016</name>
        </item>
        <item>
          <description>RØalisateur</description>
          <name>Mike Thurmeier</name>
        </item>
      </extended_event_descriptor>
      <extended_event_descriptor descriptor_number="1" last_descriptor_number="1" language_code="fre">
        <text>d, Diego, Manny et leurs amis cherchent un moyen de stopper l'apocalypse imminente.</text>
      </extended_event_descriptor>
      <component_descriptor stream_content="0x01" stream_content_ext="0x0F" component_type="0x0B" component_tag="0x01" language_code="fre" text=""/>
      <component_descriptor stream_content="0x02" stream_content_ext="0x0F" component_type="0x04" component_tag="0x01" language_code="fre" text=""/>
      <component_descriptor stream_content="0x02" stream_content_ext="0x0F" component_type="0x04" component_tag="0x01" language_code="eng" text=""/>
      <component_descriptor stream_content="0x03" stream_content_ext="0x0F" component_type="0x22" component_tag="0x01" language_code="fre" text=""/>
      <content_descriptor>
        <content content_nibble_level_1="1" content_nibble_level_2="7" user_byte="0x00"/>
        <content content_nibble_level_1="11" content_nibble_level_2="15" user_byte="0x01"/>
        <content content_nibble_level_1="11" content_nibble_level_2="15" user_byte="0x11"/>
        <content content_nibble_level_1="11" content_nibble_level_2="15" user_byte="0x30"/>
      </content_descriptor>
      <parental_rating_descriptor>
        <country country_code="FRA" rating="0x10"/>
      </parental_rating_descriptor>
    </event>
  </EIT>
  <EIT type="pf" version="27" current="true" actual="false" service_id="0x2207" transport_stream_id="0x044C" original_network_id="0x0001" last_table_id="0x4F">
    <metadata PID="18" first_ts_packet="44,292" last_ts_packet="101,601"/>
    <event event_id="0x4E30" start_time="2017-08-23 11:30:00" duration="00:30:00" running_status="running" CA_mode="true">
      <short_event_descriptor language_code="fre">
        <event_name>LE JOURNAL DE JENIFA</event_name>
        <text>SØrie dramatique avec Funke Akindele, Olayode Juliana, Arike Akinyanju. (49/65).</text>
      </short_event_descriptor>
      <extended_event_descriptor descriptor_number="0" last_descriptor_number="0" language_code="fre">
        <text>SØrie dramatique avec Funke Akindele, Olayode Juliana, Arike Akinyanju. (49/65). Suliat, une coiffeuse de village, dØbarque en ville pour tenter de rentrer Ω l'universitØ. Sa nouvelle vie en ville ne sera pas de tout repos.</text>
        <item>
          <description>Numero de l'Øpisode</description>
          <name>49</name>
        </item>
      </extended_event_descriptor>
      <component_descriptor stream_content="0x01" stream_content_ext="0x0F" component_type="0x01" component_tag="0x01" language_code="fre" text=""/>
      <component_descriptor stream_content="0x02" stream_content_ext="0x0F" component_type="0x03" component_tag="0x01" language_code="fre" text=""/>
      <content_descriptor>
        <content content_nibble_level_1="5" content_nibble_level_2="0" user_byte="0x00"/>
        <content content_nibble_level_1="11" content_nibble_level_2="15" user_byte="0x00"/>
      </content_descriptor>
      <parental_rating_descriptor>
        <country country_code="FRA" rating="0x10"/>
      </parental_rating_descriptor>
    </event>
    <event event_id="0x4E31" start_time="2017-08-23 12:00:00" duration="01:35:00" running_status="not-running" CA_mode="true">
      <short_event_descriptor language_code="fre">
        <event_name>ENNEMI JURE</event_name>
        <text>RØalisØ par Femi Olusina. Avec Feyi Adepoju, Rotimi Amodj. Drame.</text>
      </short_event_descriptor>
      <extended_event_descriptor descriptor_number="0" last_descriptor_number="0" language_code="fre">
        <text>RØalisØ par Femi Olusina. Avec Feyi Adepoju, Rotimi Amodj. Drame.</text>
        <item>
          <description>RØalisateur</description>
          <name>Femi Olusina</name>
        </item>
      </extended_event_descriptor>
      <component_descriptor stream_content="0x01" stream_content_ext="0x0F" component_type="0x01" component_tag="0x01" language_code="fre" text=""/>
      <component_descriptor stream_content="0x02" stream_content_ext="0x0F" component_type="0x03" component_tag="0x01" language_code="fre" text=""/>
      <content_descriptor>
        <content content_nibble_level_1="1" content_nibble_level_2="0" user_byte="0x00"/>
        <content content_nibble_level_1="11" content_nibble_level_2="15" user_byte="0x00"/>
      </content_descriptor>
      <parental_rating_descriptor>
        <country country_code="FRA" rating="0x10"/>
      </parental_rating_descriptor>
    </event>
  </EIT>
  <EIT type="pf" version="17" current="true" actual="false" service_id="0x2331" transport_stream_id="0x0442" original_network_id="0x0001" last_table_id="0x4F">
    <metadata PID="18" first_ts_packet="44,688" last_ts_packet="101,807"/>
    <event event_id="0xAD1F" start_time="2017-08-23 11:55:00" duration="01:05:00" running_status="running" CA_mode="true">
      <short_event_descriptor language_code="fre">
        <event_name>AU COEUR DES REGIONS</event_name>
        <text>DIFFUSE EN HD.  Information non disponible.</text>
      </short_event_descriptor>
      <extended_event_descriptor descriptor_number="0" last_descriptor_number="0" language_code="fre">
        <text>DIFFUSE EN HD.  Information non disponible.</text>
        <item>
          <description>PrØsentateur</description>
          <name>Jean-Pierre Pernaut</name>
        </item>
      </extended_event_descriptor>
      <component_descriptor stream_content="0x01" stream_content_ext="0x0F" component_type="0x0B" component_tag="0x01" language_code="fre" text=""/>
      <component_descriptor stream_content="0x02" stream_content_ext="0x0F" component_type="0x01" component_tag="0x01" language_code="fre" text=""/>
      <content_descriptor>
        <content content_nibble_level_1="6" content_nibble_level_2="15" user_byte="0x00"/>
        <content content_nibble_level_1="11" content_nibble_level_2="15" user_byte="0x00"/>
        <content content_nibble_level_1="11" content_nibble_level_2="15" user_byte="0x20"/>
        <content content_nibble_level_1="11" content_nibble_level_2="15" user_byte="0x30"/>
      </content_descriptor>
      <parental_rating_descriptor>
        <country country_code="FRA" rating="0x10"/>
      </parental_rating_descriptor>
    </event>
    <event event_id="0xAD20" start_time="2017-08-23 13:00:00" duration="00:10:00" running_status="not-running" CA_mode="true">
      <short_event_descriptor language_code="fre">
        <event_name>JOURNAL</event_name>
        <text>DIFFUSE EN HD.  Information non disponible.</text>
      </short_event_descriptor>
      <extended_event_descriptor descriptor_number="0" last_descriptor_number="0" language_code="fre">
        <text>DIFFUSE EN HD.  Information non disponible.</text>
      </extended_event_descriptor>
      <component_descriptor stream_content="0x01" stream_content_ext="0x0F" component_type="0x0B" component_tag="0x01" language_code="fre" text=""/>
      <component_descriptor stream_content="0x02" stream_content_ext="0x0F" component_type="0x01" component_tag="0x01" language_code="fre" text=""/>
      <content_descriptor>
        <content content_nibble_level_1="9" content_nibble_level_2="1" user_byte="0x00"/>
        <content content_nibble_level_1="11" content_nibble_level_2="15" user_byte="0x00"/>
        <content content_nibble_level_1="11" content_nibble_level_2="15" user_byte="0x20"/>
        <content content_nibble_level_1="11" content_nibble_level_2="15" user_byte="0x30"/>
      </content_descriptor>
      <parental_rating_descriptor>
        <country country_code="FRA" rating="0x10"/>
      </parental_rating_descriptor>
    </event>
  </EIT>
  <EIT type="pf" version="10" current="true" actual="false" service_id="0x1F43" transport_stream_id="0x042E" original_network_id="0x0001" last_table_id="0x4F">
    <metadata PID="18" first_ts_packet="44,841" last_ts_packet="101,807"/>
    <event event_id="0x22CD" start_time="2017-08-23 11:05:00" duration="01:45:00" running_status="running" CA_mode="true">
      <short_event_descriptor language_code="fre">
        <event_name>BEATS &amp; LYRICS</event_name>
        <text>Clips.</text>
      </short_event_descriptor>
      <extended_event_descriptor descriptor_number="0" last_descriptor_number="0" language_code="fre">
        <text>Clips.</text>
      </extended_event_descriptor>
      <component_descriptor stream_content="0x01" stream_content_ext="0x0F" component_type="0x01" component_tag="0x01" language_code="fre" text=""/>
      <component_descriptor stream_content="0x02" stream_content_ext="0x0F" component_type="0x01" component_tag="0x01" language_code="fre" text=""/>
      <content_descriptor>
        <content content_nibble_level_1="8" content_nibble_level_2="6" user_byte="0x00"/>
        <content content_nibble_level_1="11" content_nibble_level_2="15" user_byte="0x00"/>
      </content_descriptor>
      <parental_rating_descriptor>
        <country country_code="FRA" rating="0x10"/>
      </parental_rating_descriptor>
    </event>
    <event event_id="0x22CE" start_time="2017-08-23 12:50:00" duration="02:10:00" running_status="not-running" CA_mode="true">
      <short_event_descriptor language_code="fre">
        <event_name>BEATS &amp; LYRICS</event_name>
        <text>Clips.</text>
      </short_event_descriptor>
      <extended_event_descriptor descriptor_number="0" last_descriptor_number="0" language_code="fre">
        <text>Clips.</text>
      </extended_event_descriptor>
      <component_descriptor stream_content="0x01" stream_content_ext="0x0F" component_type="0x01" component_tag="0x01" language_code="fre" text=""/>
      <component_descriptor stream_content="0x02" stream_content_ext="0x0F" component_type="0x01" component_tag="0x01" language_code="fre" text=""/>
      <content_descriptor>
        <content content_nibble_level_1="8" content_nibble_level_2="6" user_byte="0x00"/>
        <content content_nibble_level_1="11" content_nibble_level_2="15" user_byte="0x00"/>
      </content_descriptor>
      <parental_rating_descriptor>
        <country country_code="FRA" rating="0x10"/>
      </parental_rating_descriptor>
    </event>
  </EIT>
  <EIT type="pf" version="9" current="true" actual="false" service_id="0x1F46" transport_stream_id="0x042E" original_network_id="0x0001" last_table_id="0x4F">
    <metadata PID="18" first_ts_packet="44,841" last_ts_packet="102,344"/>
    <event event_id="0x2450" start_time="2017-08-23 11:55:00" duration="01:00:00" running_status="running" CA_mode="true">
      <short_event_descriptor language_code="fre">
        <event_name>LE MYSTERE DES «DESENCHANTEES»</event_name>
        <text>Le mystŁre des «DØsenchantØes» Documentaire franĿais rØalisØ par Didier Roten, FranĿois Vivier en 2014.</text>
      </short_event_descriptor>
      <extended_event_descriptor descriptor_number="0" last_descriptor_number="1" language_code="fre">
        <text>Le mystŁre des «DØsenchantØes» Documentaire franĿais rØalisØ par Didier Roten, FranĿois Vivier en 2014. Gros plan sur le statut des femmes en Turquie Ω travers une enquŒte sur les trois femmes voilØes, au coeur du</text>
        <item>
          <description>AnnØe</description>
          <name>2014</name>
        </item>
        <item>
          <description>RØalisateur</description>
          <name>Didier Roten</name>
        </item>
      </extended_event_descriptor>
      <extended_event_descriptor descriptor_number="1" last_descriptor_number="1" language_code="fre">
        <text> roman de Pierre Loti, «Les DØsenchantØes».</text>
      </extended_event_descriptor>
      <component_descriptor stream_content="0x01" stream_content_ext="0x0F" component_type="0x01" component_tag="0x01" language_code="fre" text=""/>
      <component_descriptor stream_content="0x02" stream_content_ext="0x0F" component_type="0x01" component_tag="0x01" language_code="fre" text=""/>
      <content_descriptor>
        <content content_nibble_level_1="6" content_nibble_level_2="2" user_byte="0x00"/>
        <content content_nibble_level_1="11" content_nibble_level_2="15" user_byte="0x00"/>
      </content_descriptor>
      <parental_rating_descriptor>
        <country country_code="FRA" rating="0x10"/>
      </parental_rating_descriptor>
      <private_data_specifier_descriptor private_data_specifier="CanalPlus"/>
      <generic_descriptor tag="0xE0">
        E2 8A 12 00 00 1F 46 04 2E 00 01 04 62 00 BF 00
        04 F2 01 F1 01
      </generic_descriptor>
    </event>
    <event event_id="0x2451" start_time="2017-08-23 12:55:00" duration="00:50:00" running_status="not-running" CA_mode="true">
      <short_event_descriptor language_code="fre">
        <event_name>UN FILM &amp; SON EPOQUE</event_name>
        <text>Documentaire franĿais rØalisØ par David Thompson en 2009. "«Les EnchaŊnØs», par Alfred Hitchcock".</text>
      </short_event_descriptor>
      <extended_event_descriptor descriptor_number="0" last_descriptor_number="1" language_code="fre">
        <text>Documentaire franĿais rØalisØ par David Thompson en 2009. "«Les EnchaŊnØs», par Alfred Hitchcock". Dans «Les EnchaŊnØs», Hitchcock, bouleversØ par les images de la libØr</text>
        <item>
          <description>AnnØe</description>
          <name>2009</name>
        </item>
        <item>
          <description>TDE</description>
          <name>«Les EnchaŊnØs», par Alfred Hitchcock</name>
        </item>
        <item>
          <description>RØalisateur</description>
          <name>David Thompson</name>
        </item>
      </extended_event_descriptor>
      <extended_event_descriptor descriptor_number="1" last_descriptor_number="1" language_code="fre">
        <text>ation des camps, filme Ingrid Bergman et Cary Grant dans un thriller d'une rare noirceur.</text>
      </extended_event_descriptor>
      <component_descriptor stream_content="0x01" stream_content_ext="0x0F" component_type="0x01" component_tag="0x01" language_code="fre" text=""/>
      <component_descriptor stream_content="0x02" stream_content_ext="0x0F" component_type="0x01" component_tag="0x01" language_code="fre" text=""/>
      <component_descriptor stream_content="0x03" stream_content_ext="0x0F" component_type="0x21" component_tag="0x01" language_code="fre" text=""/>
      <content_descriptor>
        <content content_nibble_level_1="4" content_nibble_level_2="0" user_byte="0x00"/>
        <content content_nibble_level_1="11" content_nibble_level_2="15" user_byte="0x00"/>
        <content content_nibble_level_1="11" content_nibble_level_2="15" user_byte="0x11"/>
      </content_descriptor>
      <parental_rating_descriptor>
        <country country_code="FRA" rating="0x10"/>
      </parental_rating_descriptor>
      <private_data_specifier_descriptor private_data_specifier="CanalPlus"/>
      <generic_descriptor tag="0xE0">
        E2 8A 12 55 00 1F 46 04 2E 00 01 06 40 00 BF 00
        BF 11 06 F3 21 F2 01 F1 01
      </generic_descriptor>
    </event>
  </EIT>
  <EIT type="pf" version="30" current="true" actual="false" service_id="0x2760" transport_stream_id="0x0402" original_network_id="0x0001" last_table_id="0x4F">
    <metadata PID="18" first_ts_packet="45,307" last_ts_packet="102,463"/>
    <event event_id="0x312E" start_time="2017-08-23 10:00:00" duration="03:00:00" running_status="running" CA_mode="true">
      <short_event_descriptor language_code="fre">
        <event_name>CHAINE RELIGIEUSE AMERICAINE</event_name>
        <text>Information non disponible.</text>
      </short_event_descriptor>
      <extended_event_descriptor descriptor_number="0" last_descriptor_number="0" language_code="fre">
        <text>Information non disponible.</text>
      </extended_event_descriptor>
      <component_descriptor stream_content="0x01" stream_content_ext="0x0F" component_type="0x01" component_tag="0x01" language_code="fre" text=""/>
      <component_descriptor stream_content="0x02" stream_content_ext="0x0F" component_type="0x01" component_tag="0x01" language_code="fre" text=""/>
      <content_descriptor>
        <content content_nibble_level_1="7" content_nibble_level_2="0" user_byte="0x00"/>
        <content content_nibble_level_1="11" content_nibble_level_2="15" user_byte="0x00"/>
      </content_descriptor>
      <parental_rating_descriptor>
        <country country_code="FRA" rating="0x10"/>
      </parental_rating_descriptor>
    </event>
    <event event_id="0x312F" start_time="2017-08-23 13:00:00" duration="03:00:00" running_status="not-running" CA_mode="true">
      <short_event_descriptor language_code="fre">
        <event_name>CHAINE RELIGIEUSE AMERICAINE</event_name>
        <text>Information non disponible.</text>
      </short_event_descriptor>
      <extended_event_descriptor descriptor_number="0" last_descriptor_number="0" language_code="fre">
        <text>Information non disponible.</text>
      </extended_event_descriptor>
      <component_descriptor stream_content="0x01" stream_content_ext="0x0F" component_type="0x01" component_tag="0x01" language_code="fre" text=""/>
      <component_descriptor stream_content="0x02" stream_content_ext="0x0F" component_type="0x01" component_tag="0x01" language_code="fre" text=""/>
      <content_descriptor>
        <content content_nibble_level_1="7" content_nibble_level_2="0" user_byte="0x00"/>
        <content content_nibble_level_1="11" content_nibble_level_2="15" user_byte="0x00"/>
      </content_descriptor>
      <parental_rating_descriptor>
        <country country_code="FRA" rating="0x10"/>
      </parental_rating_descriptor>
    </event>
  </EIT>
  <EIT type="pf" version="17" current="true" actual="false" service_id="0x1967" transport_stream_id="0x044E" original_network_id="0x0001" last_table_id="0x4F">
    <metadata PID="18" first_ts_packet="45,432" last_ts_packet="102,463"/>
    <event event_id="0x794E" start_time="2017-08-23 11:55:00" duration="00:05:00" running_status="running" CA_mode="true">
      <short_event_descriptor language_code="fre">
        <event_name>COUP DE SOLEIL</event_name>
        <text>Clips.</text>
      </short_event_descriptor>
      <extended_event_descriptor descriptor_number="0" last_descriptor_number="0" language_code="fre">
        <text>Clips.</text>
      </extended_event_descriptor>
      <component_descriptor stream_content="0x01" stream_content_ext="0x0F" component_type="0x01" component_tag="0x01" language_code="fre" text=""/>
      <component_descriptor stream_content="0x02" stream_content_ext="0x0F" component_type="0x01" component_tag="0x01" language_code="fre" text=""/>
      <content_descriptor>
        <content content_nibble_level_1="8" content_nibble_level_2="6" user_byte="0x00"/>
        <content content_nibble_level_1="11" content_nibble_level_2="15" user_byte="0x00"/>
      </content_descriptor>
      <parental_rating_descriptor>
        <country country_code="FRA" rating="0x10"/>
      </parental_rating_descriptor>
    </event>
    <event event_id="0x794F" start_time="2017-08-23 12:00:00" duration="04:00:00" running_status="not-running" CA_mode="true">
      <short_event_descriptor language_code="fre">
        <event_name>HITS</event_name>
        <text>Clips.</text>
      </short_event_descriptor>
      <extended_event_descriptor descriptor_number="0" last_descriptor_number="0" language_code="fre">
        <text>Clips. M6 Music propose de retrouver une compilation des meilleurs clips du moment.</text>
      </extended_event_descriptor>
      <component_descriptor stream_content="0x01" stream_content_ext="0x0F" component_type="0x01" component_tag="0x01" language_code="fre" text=""/>
      <component_descriptor stream_content="0x02" stream_content_ext="0x0F" component_type="0x01" component_tag="0x01" language_code="fre" text=""/>
      <content_descriptor>
        <content content_nibble_level_1="8" content_nibble_level_2="6" user_byte="0x00"/>
        <content content_nibble_level_1="11" content_nibble_level_2="15" user_byte="0x00"/>
      </content_descriptor>
      <parental_rating_descriptor>
        <country country_code="FRA" rating="0x10"/>
      </parental_rating_descriptor>
    </event>
  </EIT>
  <EIT type="pf" version="24" current="true" actual="false" service_id="0x206D" transport_stream_id="0x0432" original_network_id="0x0001" last_table_id="0x4F">
    <metadata PID="18" first_ts_packet="45,559" last_ts_packet="102,619"/>
    <event event_id="0x59E7" start_time="2017-08-23 10:00:00" duration="03:00:00" running_status="running" CA_mode="false">
      <short_event_descriptor language_code="fre">
        <event_name>MIDI-15H</event_name>
        <text>EN DIRECT.  Au sommaire : "Une semaine en...".</text>
      </short_event_descriptor>
      <extended_event_descriptor descriptor_number="0" last_descriptor_number="0" language_code="fre">
        <text>EN DIRECT.  Au sommaire : "Une semaine en...".</text>
      </extended_event_descriptor>
      <component_descriptor stream_content="0x01" stream_content_ext="0x0F" component_type="0x01" component_tag="0x01" language_code="fre" text=""/>
      <component_descriptor stream_content="0x02" stream_content_ext="0x0F" component_type="0x01" component_tag="0x01" language_code="fre" text=""/>
      <content_descriptor>
        <content content_nibble_level_1="9" content_nibble_level_2="1" user_byte="0x00"/>
        <content content_nibble_level_1="11" content_nibble_level_2="15" user_byte="0x00"/>
      </content_descriptor>
      <parental_rating_descriptor>
        <country country_code="FRA" rating="0x10"/>
      </parental_rating_descriptor>
    </event>
    <event event_id="0x59E8" start_time="2017-08-23 13:00:00" duration="03:00:00" running_status="not-running" CA_mode="false">
      <short_event_descriptor language_code="fre">
        <event_name>NON STOP</event_name>
        <text>EN DIRECT.  Au sommaire : "Une semaine en...".</text>
      </short_event_descriptor>
      <extended_event_descriptor descriptor_number="0" last_descriptor_number="0" language_code="fre">
        <text>EN DIRECT.  Au sommaire : "Une semaine en...".</text>
      </extended_event_descriptor>
      <component_descriptor stream_content="0x01" stream_content_ext="0x0F" component_type="0x01" component_tag="0x01" language_code="fre" text=""/>
      <component_descriptor stream_content="0x02" stream_content_ext="0x0F" component_type="0x01" component_tag="0x01" language_code="fre" text=""/>
      <content_descriptor>
        <content content_nibble_level_1="9" content_nibble_level_2="1" user_byte="0x00"/>
        <content content_nibble_level_1="11" content_nibble_level_2="15" user_byte="0x00"/>
      </content_descriptor>
      <parental_rating_descriptor>
        <country country_code="FRA" rating="0x10"/>
      </parental_rating_descriptor>
    </event>
  </EIT>
  <EIT type="pf" version="8" current="true" actual="false" service_id="0x2074" transport_stream_id="0x0432" original_network_id="0x0001" last_table_id="0x4F">
    <metadata PID="18" first_ts_packet="45,707" last_ts_packet="102,739"/>
    <event event_id="0x2CF4" start_time="2017-08-23 07:00:00" duration="12:00:00" running_status="running" CA_mode="true">
      <short_event_descriptor language_code="fre">
        <event_name>BEIN SPORTS, LE PLUS GRAND DES SPECTACLES</event_name>
        <text>beIN SPORTS, le plus grand des spectacles.</text>
      </short_event_descriptor>
      <extended_event_descriptor descriptor_number="0" last_descriptor_number="0" language_code="fre">
        <text>beIN SPORTS, le plus grand des spectacles.</text>
      </extended_event_descriptor>
      <component_descriptor stream_content="0x01" stream_content_ext="0x0F" component_type="0x01" component_tag="0x01" language_code="fre" text=""/>
      <component_descriptor stream_content="0x02" stream_content_ext="0x0F" component_type="0x01" component_tag="0x01" language_code="fre" text=""/>
      <content_descriptor>
        <content content_nibble_level_1="7" content_nibble_level_2="0" user_byte="0x00"/>
        <content content_nibble_level_1="11" content_nibble_level_2="15" user_byte="0x00"/>
      </content_descriptor>
      <parental_rating_descriptor>
        <country country_code="FRA" rating="0x10"/>
      </parental_rating_descriptor>
    </event>
    <event event_id="0x2CF5" start_time="2017-08-23 19:00:00" duration="06:00:00" running_status="not-running" CA_mode="true">
      <short_event_descriptor language_code="fre">
        <event_name>BEIN SPORTS, LE PLUS GRAND DES SPECTACLES</event_name>
        <text>beIN SPORTS, le plus grand des spectacles.</text>
      </short_event_descriptor>
      <extended_event_descriptor descriptor_number="0" last_descriptor_number="0" language_code="fre">
        <text>beIN SPORTS, le plus grand des spectacles.</text>
      </extended_event_descriptor>
      <component_descriptor stream_content="0x01" stream_content_ext="0x0F" component_type="0x01" component_tag="0x01" language_code="fre" text=""/>
      <component_descriptor stream_content="0x02" stream_content_ext="0x0F" component_type="0x01" component_tag="0x01" language_code="fre" text=""/>
      <content_descriptor>
        <content content_nibble_level_1="7" content_nibble_level_2="0" user_byte="0x00"/>
        <content content_nibble_level_1="11" content_nibble_level_2="15" user_byte="0x00"/>
      </content_descriptor>
      <parental_rating_descriptor>
        <country country_code="FRA" rating="0x10"/>
      </parental_rating_descriptor>
    </event>
  </EIT>
  <EIT type="pf" version="25" current="true" actual="false" service_id="0x4282" transport_stream_id="0x0446" original_network_id="0x0001" last_table_id="0x4F">
    <metadata PID="18" first_ts_packet="45,828" last_ts_packet="103,146"/>
    <event event_id="0xAE1E" start_time="2017-08-23 11:46:00" duration="00:53:00" running_status="running" CA_mode="true">
      <short_event_descriptor language_code="fre">
        <event_name>PROVENCE, AOUT 1944, L'AUTRE DEBARQUEMENT</event_name>
        <text>Provence, aoßt 1944, l'autre dØbarquement Documentaire franĿais rØalisØ par Christian Philibert, Laurent Moºnard en 2014.</text>
      </short_event_descriptor>
      <extended_event_descriptor descriptor_number="0" last_descriptor_number="1" language_code="fre">
        <text>Provence, aoßt 1944, l'autre dØbarquement Documentaire franĿais rØalisØ par Christian Philibert, Laurent Moºnard en 2014. Le 15 aoßt 1944, les AlliØs lancent un 2e dØbarquement en Provence, deux mois aprŁs </text>
        <item>
          <description>AnnØe</description>
          <name>2014</name>
        </item>
        <item>
          <description>RØalisateur</description>
          <name>Christian Philibert</name>
        </item>
      </extended_event_descriptor>
      <extended_event_descriptor descriptor_number="1" last_descriptor_number="1" language_code="fre">
        <text>la Normandie : un fait historique crucial dans la libØration du pays.</text>
      </extended_event_descriptor>
      <component_descriptor stream_content="0x01" stream_content_ext="0x0F" component_type="0x01" component_tag="0x01" language_code="fre" text=""/>
      <component_descriptor stream_content="0x02" stream_content_ext="0x0F" component_type="0x01" component_tag="0x01" language_code="fre" text=""/>
      <content_descriptor>
        <content content_nibble_level_1="4" content_nibble_level_2="0" user_byte="0x00"/>
        <content content_nibble_level_1="11" content_nibble_level_2="15" user_byte="0x00"/>
      </content_descriptor>
      <parental_rating_descriptor>
        <country country_code="FRA" rating="0x10"/>
      </parental_rating_descriptor>
      <private_data_specifier_descriptor private_data_specifier="CanalPlus"/>
      <generic_descriptor tag="0xE0">
        E2 86 21 29 00 42 82 04 46 00 01 04 40 00 BF 00
        04 F2 01 F1 01
      </generic_descriptor>
      <generic_descriptor tag="0xE0">
        E2 88 05 05 00 42 82 04 46 00 01 04 40 00 BF 00
        04 F2 01 F1 01
      </generic_descriptor>
      <generic_descriptor tag="0xE0">
        E2 8C 06 05 00 42 82 04 46 00 01 04 40 00 BF 00
        04 F2 01 F1 01
      </generic_descriptor>
      <generic_descriptor tag="0xE0">
        E2 8C 17 52 00 42 82 04 46 00 01 04 40 00 BF 00
        04 F2 01 F1 01
      </generic_descriptor>
    </event>
    <event event_id="0xAE1F" start_time="2017-08-23 12:39:00" duration="00:55:00" running_status="not-running" CA_mode="true">
      <short_event_descriptor language_code="fre">
        <event_name>LA JEUNESSE SOUS HITLER</event_name>
        <text>Documentaire allemand rØalisØ par Peter Hartl, Anja Geist en 1999 (3/5). "Discipline".</text>
      </short_event_descriptor>
      <extended_event_descriptor descriptor_number="0" last_descriptor_number="1" language_code="fre">
        <text>Documentaire allemand rØalisØ par Peter Hartl, Anja Geist en 1999 (3/5). "Discipline". Le fondement de la pØdagogie des Øcoles hitlØriennes repose sur la discipline la plus aveugle et la soumission totale qui va ju</text>
        <item>
          <description>AnnØe</description>
          <name>1999</name>
        </item>
        <item>
          <description>RØalisateur</description>
          <name>Peter Hartl</name>
        </item>
      </extended_event_descriptor>
      <extended_event_descriptor descriptor_number="1" last_descriptor_number="1" language_code="fre">
        <text>squ'au sacrifice de la personne.</text>
      </extended_event_descriptor>
      <component_descriptor stream_content="0x01" stream_content_ext="0x0F" component_type="0x01" component_tag="0x01" language_code="fre" text=""/>
      <component_descriptor stream_content="0x02" stream_content_ext="0x0F" component_type="0x01" component_tag="0x01" language_code="fre" text=""/>
      <content_descriptor>
        <content content_nibble_level_1="4" content_nibble_level_2="0" user_byte="0x00"/>
        <content content_nibble_level_1="11" content_nibble_level_2="15" user_byte="0x00"/>
      </content_descriptor>
      <parental_rating_descriptor>
        <country country_code="FRA" rating="0x10"/>
      </parental_rating_descriptor>
      <private_data_specifier_descriptor private_data_specifier="CanalPlus"/>
      <generic_descriptor tag="0xE0">
        E2 86 22 22 00 42 82 04 46 00 01 04 40 00 BF 00
        04 F2 01 F1 01
      </generic_descriptor>
      <generic_descriptor tag="0xE0">
        E2 88 05 58 00 42 82 04 46 00 01 04 40 00 BF 00
        04 F2 01 F1 01
      </generic_descriptor>
      <generic_descriptor tag="0xE0">
        E2 8D 04 05 00 42 82 04 46 00 01 04 40 00 BF 00
        04 F2 01 F1 01
      </generic_descriptor>
    </event>
  </EIT>
  <EIT type="pf" version="10" current="true" actual="false" service_id="0x24BF" transport_stream_id="0x043C" original_network_id="0x0001" last_table_id="0x4F">
    <metadata PID="18" first_ts_packet="46,269" last_ts_packet="103,423"/>
    <event event_id="0x15E0" start_time="2017-08-23 11:50:00" duration="00:10:00" running_status="running" CA_mode="true">
      <short_event_descriptor language_code="fre">
        <event_name>MY ZEN NUTRITION</event_name>
        <text>Information non disponible.</text>
      </short_event_descriptor>
      <extended_event_descriptor descriptor_number="0" last_descriptor_number="0" language_code="fre">
        <text>Information non disponible.</text>
      </extended_event_descriptor>
      <component_descriptor stream_content="0x01" stream_content_ext="0x0F" component_type="0x01" component_tag="0x01" language_code="fre" text=""/>
      <component_descriptor stream_content="0x02" stream_content_ext="0x0F" component_type="0x01" component_tag="0x01" language_code="fre" text=""/>
      <content_descriptor>
        <content content_nibble_level_1="4" content_nibble_level_2="0" user_byte="0x00"/>
        <content content_nibble_level_1="11" content_nibble_level_2="15" user_byte="0x00"/>
      </content_descriptor>
      <parental_rating_descriptor>
        <country country_code="FRA" rating="0x10"/>
      </parental_rating_descriptor>
    </event>
    <event event_id="0x15E1" start_time="2017-08-23 12:00:00" duration="00:30:00" running_status="not-running" CA_mode="true">
      <short_event_descriptor language_code="fre">
        <event_name>EVASION</event_name>
        <text>Emission du bien-Œtre. "Eat.Sleep.Surf : Taŉwan 03".</text>
      </short_event_descriptor>
      <extended_event_descriptor descriptor_number="0" last_descriptor_number="0" language_code="fre">
        <text>Emission du bien-Œtre. "Eat.Sleep.Surf : Taŉwan 03".</text>
      </extended_event_descriptor>
      <component_descriptor stream_content="0x01" stream_content_ext="0x0F" component_type="0x01" component_tag="0x01" language_code="fre" text=""/>
      <component_descriptor stream_content="0x02" stream_content_ext="0x0F" component_type="0x01" component_tag="0x01" language_code="fre" text=""/>
      <content_descriptor>
        <content content_nibble_level_1="4" content_nibble_level_2="0" user_byte="0x00"/>
        <content content_nibble_level_1="11" content_nibble_level_2="15" user_byte="0x00"/>
      </content_descriptor>
      <parental_rating_descriptor>
        <country country_code="FRA" rating="0x10"/>
      </parental_rating_descriptor>
    </event>
  </EIT>
  <EIT type="pf" version="26" current="true" actual="false" service_id="0x26C2" transport_stream_id="0x043E" original_network_id="0x0001" last_table_id="0x4F">
    <metadata PID="18" first_ts_packet="46,393" last_ts_packet="103,744"/>
    <event event_id="0x3D83" start_time="2017-08-23 11:45:00" duration="00:20:00" running_status="running" CA_mode="true">
      <short_event_descriptor language_code="fre">
        <event_name>GREEN LANTERN</event_name>
        <text>SØrie d'animation amØricaine. Saison 1. (7/13). "RŁglement de  comptes".</text>
      </short_event_descriptor>
      <extended_event_descriptor descriptor_number="0" last_descriptor_number="1" language_code="fre">
        <text>SØrie d'animation amØricaine. Saison 1. (7/13). "RŁglement de  comptes". Dans un geste de dØsespoir, Razer dØcide d'aller sur Shard, la planŁte des Red Lanterns, pour se venger d'Atrocitus. Il part seu</text>
        <item>
          <description>NationalitØ</description>
          <name>Etats-Unis</name>
        </item>
        <item>
          <description>TDE</description>
          <name>RŁglement de comptes</name>
        </item>
      </extended_event_descriptor>
      <extended_event_descriptor descriptor_number="1" last_descriptor_number="1" language_code="fre">
        <text>l, sans prØvenir personne.</text>
      </extended_event_descriptor>
      <component_descriptor stream_content="0x01" stream_content_ext="0x0F" component_type="0x01" component_tag="0x01" language_code="fre" text=""/>
      <component_descriptor stream_content="0x02" stream_content_ext="0x0F" component_type="0x01" component_tag="0x01" language_code="fre" text=""/>
      <content_descriptor>
        <content content_nibble_level_1="3" content_nibble_level_2="5" user_byte="0x00"/>
        <content content_nibble_level_1="11" content_nibble_level_2="15" user_byte="0x00"/>
      </content_descriptor>
      <parental_rating_descriptor>
        <country country_code="FRA" rating="0x10"/>
      </parental_rating_descriptor>
    </event>
    <event event_id="0x3D84" start_time="2017-08-23 12:05:00" duration="00:25:00" running_status="not-running" CA_mode="true">
      <short_event_descriptor language_code="fre">
        <event_name>GREEN LANTERN</event_name>
        <text>SØrie d'animation amØricaine. Saison 1. (8/13). "Le cristal jaune".</text>
      </short_event_descriptor>
      <extended_event_descriptor descriptor_number="0" last_descriptor_number="1" language_code="fre">
        <text>SØrie d'animation amØricaine. Saison 1. (8/13). "Le cristal jaune". A court de nourriture, Hal et Kilowog se rendent sur une planŁte voisine pour chercher de quoi se ravitailler. Ils y font de nouvelles re</text>
        <item>
          <description>NationalitØ</description>
          <name>Etats-Unis</name>
        </item>
        <item>
          <description>TDE</description>
          <name>Le cristal jaune</name>
        </item>
      </extended_event_descriptor>
      <extended_event_descriptor descriptor_number="1" last_descriptor_number="1" language_code="fre">
        <text>ncontres.</text>
      </extended_event_descriptor>
      <component_descriptor stream_content="0x01" stream_content_ext="0x0F" component_type="0x01" component_tag="0x01" language_code="fre" text=""/>
      <component_descriptor stream_content="0x02" stream_content_ext="0x0F" component_type="0x01" component_tag="0x01" language_code="fre" text=""/>
      <content_descriptor>
        <content content_nibble_level_1="3" content_nibble_level_2="5" user_byte="0x00"/>
        <content content_nibble_level_1="11" content_nibble_level_2="15" user_byte="0x00"/>
      </content_descriptor>
      <parental_rating_descriptor>
        <country country_code="FRA" rating="0x10"/>
      </parental_rating_descriptor>
    </event>
  </EIT>
  <EIT type="pf" version="31" current="true" actual="false" service_id="0x22CE" transport_stream_id="0x0434" original_network_id="0x0001" last_table_id="0x4F">
    <metadata PID="18" first_ts_packet="46,692" last_ts_packet="103,881"/>
    <event event_id="0x0837" start_time="2017-08-23 11:35:00" duration="00:25:00" running_status="running" CA_mode="true">
      <short_event_descriptor language_code="fre">
        <event_name>CHAMPIONNAT D'EUROPE 2017</event_name>
        <text>Championnat d'Europe 2017. 6e manche. A Kristianstad (SuŁde).</text>
      </short_event_descriptor>
      <extended_event_descriptor descriptor_number="0" last_descriptor_number="0" language_code="fre">
        <text>Championnat d'Europe 2017. 6e manche. A Kristianstad (SuŁde).</text>
      </extended_event_descriptor>
      <component_descriptor stream_content="0x01" stream_content_ext="0x0F" component_type="0x01" component_tag="0x01" language_code="fre" text=""/>
      <component_descriptor stream_content="0x02" stream_content_ext="0x0F" component_type="0x01" component_tag="0x01" language_code="fre" text=""/>
      <content_descriptor>
        <content content_nibble_level_1="2" content_nibble_level_2="3" user_byte="0x00"/>
        <content content_nibble_level_1="11" content_nibble_level_2="15" user_byte="0x00"/>
      </content_descriptor>
      <parental_rating_descriptor>
        <country country_code="FRA" rating="0x10"/>
      </parental_rating_descriptor>
      <private_data_specifier_descriptor private_data_specifier="CanalPlus"/>
      <generic_descriptor tag="0xE0">
        E2 84 14 35 00 22 CE 04 34 00 01 04 23 00 BF 00
        04 F2 01 F1 01
      </generic_descriptor>
      <generic_descriptor tag="0xE0">
        E2 84 21 00 00 22 CE 04 34 00 01 04 23 00 BF 00
        04 F2 01 F1 01
      </generic_descriptor>
      <generic_descriptor tag="0xE0">
        E2 85 00 25 00 22 CE 04 34 00 01 04 23 00 BF 00
        04 F2 01 F1 01
      </generic_descriptor>
      <generic_descriptor tag="0xE0">
        E2 85 08 00 00 22 CE 04 34 00 01 04 23 00 BF 00
        04 F2 01 F1 01
      </generic_descriptor>
      <generic_descriptor tag="0xE0">
        E2 86 03 20 00 22 CE 04 34 00 01 04 23 00 BF 00
        04 F2 01 F1 01
      </generic_descriptor>
      <generic_descriptor tag="0xE0">
        E2 86 12 55 00 22 CE 04 34 00 01 04 23 00 BF 00
        04 F2 01 F1 01
      </generic_descriptor>
    </event>
    <event event_id="0x0838" start_time="2017-08-23 12:00:00" duration="00:25:00" running_status="not-running" CA_mode="true">
      <short_event_descriptor language_code="fre">
        <event_name>BISHOP GARAGE</event_name>
        <text>"Episode 6".</text>
      </short_event_descriptor>
      <extended_event_descriptor descriptor_number="0" last_descriptor_number="0" language_code="fre">
        <text>"Episode 6". Automobiles, motos ou machines Øtonnantes sont montØes et essayØes par les meilleurs prØparateurs de la  planŁte.</text>
      </extended_event_descriptor>
      <component_descriptor stream_content="0x01" stream_content_ext="0x0F" component_type="0x01" component_tag="0x01" language_code="fre" text=""/>
      <component_descriptor stream_content="0x02" stream_content_ext="0x0F" component_type="0x01" component_tag="0x01" language_code="fre" text=""/>
      <content_descriptor>
        <content content_nibble_level_1="6" content_nibble_level_2="1" user_byte="0x00"/>
        <content content_nibble_level_1="11" content_nibble_level_2="15" user_byte="0x00"/>
      </content_descriptor>
      <parental_rating_descriptor>
        <country country_code="FRA" rating="0x10"/>
      </parental_rating_descriptor>
      <private_data_specifier_descriptor private_data_specifier="CanalPlus"/>
      <generic_descriptor tag="0xE0">
        E2 84 23 35 00 22 CE 04 34 00 01 04 61 00 BF 00
        04 F2 01 F1 01
      </generic_descriptor>
      <generic_descriptor tag="0xE0">
        E2 85 15 30 00 22 CE 04 34 00 01 04 61 00 BF 00
        04 F2 01 F1 01
      </generic_descriptor>
      <generic_descriptor tag="0xE0">
        E2 88 18 45 00 22 CE 04 34 00 01 04 61 00 BF 00
        04 F2 01 F1 01
      </generic_descriptor>
    </event>
  </EIT>
  <EIT type="pf" version="7" current="true" actual="false" service_id="0x79F4" transport_stream_id="0x0443" original_network_id="0x0001" last_table_id="0x4F">
    <metadata PID="18" first_ts_packet="46,967" last_ts_packet="104,026"/>
    <event event_id="0x112D" start_time="2017-08-23 11:29:00" duration="00:31:00" running_status="running" CA_mode="true">
      <short_event_descriptor language_code="fre">
        <event_name>NEWS OF THE DAY</event_name>
        <text>Information non disponible.</text>
      </short_event_descriptor>
      <extended_event_descriptor descriptor_number="0" last_descriptor_number="0" language_code="fre">
        <text>Information non disponible.</text>
      </extended_event_descriptor>
      <component_descriptor stream_content="0x01" stream_content_ext="0x0F" component_type="0x01" component_tag="0x01" language_code="fre" text=""/>
      <component_descriptor stream_content="0x02" stream_content_ext="0x0F" component_type="0x01" component_tag="0x01" language_code="fre" text=""/>
      <content_descriptor>
        <content content_nibble_level_1="9" content_nibble_level_2="1" user_byte="0x00"/>
        <content content_nibble_level_1="11" content_nibble_level_2="15" user_byte="0x00"/>
      </content_descriptor>
      <parental_rating_descriptor>
        <country country_code="FRA" rating="0x10"/>
      </parental_rating_descriptor>
    </event>
    <event event_id="0x112E" start_time="2017-08-23 12:00:00" duration="00:24:00" running_status="not-running" CA_mode="true">
      <short_event_descriptor language_code="fre">
        <event_name>NEWS OF THE DAY</event_name>
        <text>Information non disponible.</text>
      </short_event_descriptor>
      <extended_event_descriptor descriptor_number="0" last_descriptor_number="0" language_code="fre">
        <text>Information non disponible.</text>
      </extended_event_descriptor>
      <component_descriptor stream_content="0x01" stream_content_ext="0x0F" component_type="0x01" component_tag="0x01" language_code="fre" text=""/>
      <component_descriptor stream_content="0x02" stream_content_ext="0x0F" component_type="0x01" component_tag="0x01" language_code="fre" text=""/>
      <content_descriptor>
        <content content_nibble_level_1="9" content_nibble_level_2="1" user_byte="0x00"/>
        <content content_nibble_level_1="11" content_nibble_level_2="15" user_byte="0x00"/>
      </content_descriptor>
      <parental_rating_descriptor>
        <country country_code="FRA" rating="0x10"/>
      </parental_rating_descriptor>
    </event>
  </EIT>
  <EIT type="pf" version="2" current="true" actual="false" service_id="0x251E" transport_stream_id="0x045E" original_network_id="0x0001" last_table_id="0x4F">
    <metadata PID="18" first_ts_packet="48,100" last_ts_packet="105,021"/>
    <event event_id="0x4C3B" start_time="2017-08-23 10:00:00" duration="03:00:00" running_status="running" CA_mode="true">
      <short_event_descriptor language_code="fre">
        <event_name>MATCH A VENIR</event_name>
        <text>Information non disponible.</text>
      </short_event_descriptor>
      <extended_event_descriptor descriptor_number="0" last_descriptor_number="0" language_code="fre">
        <text>Information non disponible.</text>
      </extended_event_descriptor>
      <component_descriptor stream_content="0x01" stream_content_ext="0x0F" component_type="0x01" component_tag="0x01" language_code="fre" text=""/>
      <component_descriptor stream_content="0x02" stream_content_ext="0x0F" component_type="0x01" component_tag="0x01" language_code="fre" text=""/>
      <content_descriptor>
        <content content_nibble_level_1="7" content_nibble_level_2="0" user_byte="0x00"/>
        <content content_nibble_level_1="11" content_nibble_level_2="15" user_byte="0x00"/>
      </content_descriptor>
      <parental_rating_descriptor>
        <country country_code="FRA" rating="0x10"/>
      </parental_rating_descriptor>
    </event>
    <event event_id="0x4C3C" start_time="2017-08-23 13:00:00" duration="03:00:00" running_status="not-running" CA_mode="true">
      <short_event_descriptor language_code="fre">
        <event_name>MATCH A VENIR</event_name>
        <text>Information non disponible.</text>
      </short_event_descriptor>
      <extended_event_descriptor descriptor_number="0" last_descriptor_number="0" language_code="fre">
        <text>Information non disponible.</text>
      </extended_event_descriptor>
      <component_descriptor stream_content="0x01" stream_content_ext="0x0F" component_type="0x01" component_tag="0x01" language_code="fre" text=""/>
      <component_descriptor stream_content="0x02" stream_content_ext="0x0F" component_type="0x01" component_tag="0x01" language_code="fre" text=""/>
      <content_descriptor>
        <content content_nibble_level_1="7" content_nibble_level_2="0" user_byte="0x00"/>
        <content content_nibble_level_1="11" content_nibble_level_2="15" user_byte="0x00"/>
      </content_descriptor>
      <parental_rating_descriptor>
        <country country_code="FRA" rating="0x10"/>
      </parental_rating_descriptor>
    </event>
  </EIT>
  <EIT type="pf" version="29" current="true" actual="false" service_id="0x232B" transport_stream_id="0x0442" original_network_id="0x0001" last_table_id="0x4F">
    <metadata PID="18" first_ts_packet="48,231" last_ts_packet="105,185"/>
    <event event_id="0xB179" start_time="2017-08-23 11:35:00" duration="00:30:00" running_status="running" CA_mode="true">
      <short_event_descriptor language_code="fre">
        <event_name>PETITS SECRETS ENTRE VOISINS</event_name>
        <text>DIFFUSE EN HD.  Petits secrets entre voisins SØrie rØaliste franĿaise. "Une soirØe inoubliable".</text>
      </short_event_descriptor>
      <extended_event_descriptor descriptor_number="0" last_descriptor_number="1" language_code="fre">
        <text>DIFFUSE EN HD.  Petits secrets entre voisins SØrie rØaliste franĿaise. "Une soirØe inoubliable". La vie des voisins semble normale. Mais les apparences peuvent Œtre trompeuses. DerriŁre les murs se cache</text>
        <item>
          <description>NationalitØ</description>
          <name>France</name>
        </item>
        <item>
          <description>TDE</description>
          <name>Une soirØe inoubliable</name>
        </item>
      </extended_event_descriptor>
      <extended_event_descriptor descriptor_number="1" last_descriptor_number="1" language_code="fre">
        <text>nt des histoires incroyables : conflits de quartier, amours interdites, mensonges, secrets ou jalousies.</text>
      </extended_event_descriptor>
      <component_descriptor stream_content="0x01" stream_content_ext="0x0F" component_type="0x0B" component_tag="0x01" language_code="fre" text=""/>
      <component_descriptor stream_content="0x02" stream_content_ext="0x0F" component_type="0x01" component_tag="0x01" language_code="fre" text=""/>
      <component_descriptor stream_content="0x03" stream_content_ext="0x0F" component_type="0x22" component_tag="0x01" language_code="fre" text=""/>
      <content_descriptor>
        <content content_nibble_level_1="5" content_nibble_level_2="0" user_byte="0x00"/>
        <content content_nibble_level_1="11" content_nibble_level_2="15" user_byte="0x00"/>
        <content content_nibble_level_1="11" content_nibble_level_2="15" user_byte="0x11"/>
        <content content_nibble_level_1="11" content_nibble_level_2="15" user_byte="0x30"/>
      </content_descriptor>
      <parental_rating_descriptor>
        <country country_code="FRA" rating="0x10"/>
      </parental_rating_descriptor>
      <private_data_specifier_descriptor private_data_specifier="CanalPlus"/>
      <generic_descriptor tag="0xE0">
        E2 86 10 05 00 23 2B 04 42 00 01 08 50 00 BF 00
        BF 11 BF 30 06 F3 22 F2 01 F1 0B
      </generic_descriptor>
      <generic_descriptor tag="0xE0">
        E2 88 07 40 00 23 2B 04 42 00 01 08 50 00 BF 00
        BF 11 BF 30 06 F3 22 F2 01 F1 0B
      </generic_descriptor>
      <generic_descriptor tag="0xE0">
        E2 8A 10 55 00 23 2B 04 42 00 01 08 50 00 BF 00
        BF 11 BF 30 06 F3 22 F2 01 F1 0B
      </generic_descriptor>
      <generic_descriptor tag="0xE0">
        E2 8B 05 30 00 23 2B 04 42 00 01 08 50 00 BF 00
        BF 11 BF 30 06 F3 22 F2 01 F1 0B
      </generic_descriptor>
    </event>
    <event event_id="0xB1C3" start_time="2017-08-23 12:05:00" duration="00:05:00" running_status="not-running" CA_mode="true">
      <short_event_descriptor language_code="fre">
        <event_name>LA OU JE T'EMMENERAI</event_name>
        <text>Une personnalitØ invite Ω dØcouvrir l'endroit oø elle rŒverait d'emmener un Œtre cher.</text>
      </short_event_descriptor>
      <extended_event_descriptor descriptor_number="0" last_descriptor_number="0" language_code="fre">
        <text>Une personnalitØ invite Ω dØcouvrir l'endroit oø elle rŒverait d'emmener un Œtre cher.</text>
      </extended_event_descriptor>
      <component_descriptor stream_content="0x01" stream_content_ext="0x0F" component_type="0x01" component_tag="0x01" language_code="fre" text=""/>
      <component_descriptor stream_content="0x02" stream_content_ext="0x0F" component_type="0x01" component_tag="0x01" language_code="fre" text=""/>
      <content_descriptor>
        <content content_nibble_level_1="4" content_nibble_level_2="0" user_byte="0x00"/>
        <content content_nibble_level_1="11" content_nibble_level_2="15" user_byte="0x00"/>
      </content_descriptor>
      <parental_rating_descriptor>
        <country country_code="FRA" rating="0x10"/>
      </parental_rating_descriptor>
    </event>
  </EIT>
  <EIT type="pf" version="8" current="true" actual="false" service_id="0x2458" transport_stream_id="0x0440" original_network_id="0x0001" last_table_id="0x4F">
    <metadata PID="18" first_ts_packet="48,762" last_ts_packet="105,711"/>
    <event event_id="0x0B7D" start_time="2017-08-23 11:35:00" duration="00:25:00" running_status="running" CA_mode="false">
      <short_event_descriptor language_code="fre">
        <event_name>MA FAMILLE D'ABORD</event_name>
        <text>SØrie humoristique amØricaine avec Damon Wayans, George O Gore II, Tisha Campbell-Martin. Saison 4. (3/30). "Le fils du patron".</text>
      </short_event_descriptor>
      <extended_event_descriptor descriptor_number="0" last_descriptor_number="1" language_code="fre">
        <text>SØrie humoristique amØricaine avec Damon Wayans, George O Gore II, Tisha Campbell-Martin. Saison 4. (3/30). "Le fils du patron". Afin que Junior prenne conscience des rØalitØs, Michael confie Ω son fils u</text>
        <item>
          <description>NationalitØ</description>
          <name>Etats-Unis</name>
        </item>
        <item>
          <description>TDE</description>
          <name>Le fils du patron</name>
        </item>
      </extended_event_descriptor>
      <extended_event_descriptor descriptor_number="1" last_descriptor_number="1" language_code="fre">
        <text>n poste situØ au plus bas de l'Øchelle.</text>
      </extended_event_descriptor>
      <component_descriptor stream_content="0x01" stream_content_ext="0x0F" component_type="0x01" component_tag="0x01" language_code="fre" text=""/>
      <component_descriptor stream_content="0x02" stream_content_ext="0x0F" component_type="0x01" component_tag="0x01" language_code="fre" text=""/>
      <component_descriptor stream_content="0x03" stream_content_ext="0x0F" component_type="0x21" component_tag="0x01" language_code="fre" text=""/>
      <content_descriptor>
        <content content_nibble_level_1="5" content_nibble_level_2="3" user_byte="0x00"/>
        <content content_nibble_level_1="11" content_nibble_level_2="15" user_byte="0x00"/>
        <content content_nibble_level_1="11" content_nibble_level_2="15" user_byte="0x11"/>
      </content_descriptor>
      <parental_rating_descriptor>
        <country country_code="FRA" rating="0x10"/>
      </parental_rating_descriptor>
    </event>
    <event event_id="0x0B7E" start_time="2017-08-23 12:00:00" duration="00:25:00" running_status="not-running" CA_mode="false">
      <short_event_descriptor language_code="fre">
        <event_name>MA FAMILLE D'ABORD</event_name>
        <text>SØrie humoristique amØricaine avec Damon Wayans, Tisha Campbell-Martin, George O Gore II. Saison 4. (4/30). "La psy au logis".</text>
      </short_event_descriptor>
      <extended_event_descriptor descriptor_number="0" last_descriptor_number="1" language_code="fre">
        <text>SØrie humoristique amØricaine avec Damon Wayans, Tisha Campbell-Martin, George O Gore II. Saison 4. (4/30). "La psy au logis". Janet dØcide de reprendre ses Øtudes afin d'obtenir son diplħme de psychologie,</text>
        <item>
          <description>NationalitØ</description>
          <name>Etats-Unis</name>
        </item>
        <item>
          <description>TDE</description>
          <name>La psy au logis</name>
        </item>
      </extended_event_descriptor>
      <extended_event_descriptor descriptor_number="1" last_descriptor_number="1" language_code="fre">
        <text> ce qui dØplaŊt fortement Ω Michael, qui lui fait connaŊtre son avis sur la question.</text>
      </extended_event_descriptor>
      <component_descriptor stream_content="0x01" stream_content_ext="0x0F" component_type="0x01" component_tag="0x01" language_code="fre" text=""/>
      <component_descriptor stream_content="0x02" stream_content_ext="0x0F" component_type="0x01" component_tag="0x01" language_code="fre" text=""/>
      <component_descriptor stream_content="0x03" stream_content_ext="0x0F" component_type="0x21" component_tag="0x01" language_code="fre" text=""/>
      <content_descriptor>
        <content content_nibble_level_1="5" content_nibble_level_2="3" user_byte="0x00"/>
        <content content_nibble_level_1="11" content_nibble_level_2="15" user_byte="0x00"/>
        <content content_nibble_level_1="11" content_nibble_level_2="15" user_byte="0x11"/>
      </content_descriptor>
      <parental_rating_descriptor>
        <country country_code="FRA" rating="0x10"/>
      </parental_rating_descriptor>
    </event>
  </EIT>
  <EIT type="pf" version="26" current="true" actual="false" service_id="0x196E" transport_stream_id="0x044E" original_network_id="0x0001" last_table_id="0x4F">
    <metadata PID="18" first_ts_packet="49,225" last_ts_packet="106,112"/>
    <event event_id="0x36C2" start_time="2017-08-23 11:54:00" duration="00:05:00" running_status="running" CA_mode="true">
      <short_event_descriptor language_code="fre">
        <event_name>MIRU MIRU</event_name>
        <text>DIFFUSE EN HD.  SØrie d'animation franĿaise. Saison 1. (1/50). "Le livre de la sorciŁre".</text>
      </short_event_descriptor>
      <extended_event_descriptor descriptor_number="0" last_descriptor_number="1" language_code="fre">
        <text>DIFFUSE EN HD.  SØrie d'animation franĿaise. Saison 1. (1/50). "Le livre de la sorciŁre". Un soir, Miru Miru, petite loutre de mer, oublie de s'attacher aux autres loutres avec des algues. A son rØveil,</text>
        <item>
          <description>NationalitØ</description>
          <name>France</name>
        </item>
        <item>
          <description>TDE</description>
          <name>Le livre de la sorciŁre</name>
        </item>
      </extended_event_descriptor>
      <extended_event_descriptor descriptor_number="1" last_descriptor_number="1" language_code="fre">
        <text> elle se retrouve sur les bords d'une riviŁre.</text>
      </extended_event_descriptor>
      <component_descriptor stream_content="0x01" stream_content_ext="0x0F" component_type="0x0B" component_tag="0x01" language_code="fre" text=""/>
      <component_descriptor stream_content="0x02" stream_content_ext="0x0F" component_type="0x03" component_tag="0x01" language_code="fre" text=""/>
      <component_descriptor stream_content="0x03" stream_content_ext="0x0F" component_type="0x22" component_tag="0x01" language_code="fre" text=""/>
      <content_descriptor>
        <content content_nibble_level_1="3" content_nibble_level_2="5" user_byte="0x00"/>
        <content content_nibble_level_1="11" content_nibble_level_2="15" user_byte="0x00"/>
        <content content_nibble_level_1="11" content_nibble_level_2="15" user_byte="0x11"/>
        <content content_nibble_level_1="11" content_nibble_level_2="15" user_byte="0x30"/>
      </content_descriptor>
      <parental_rating_descriptor>
        <country country_code="FRA" rating="0x10"/>
      </parental_rating_descriptor>
      <private_data_specifier_descriptor private_data_specifier="CanalPlus"/>
      <generic_descriptor tag="0xE0">
        E2 88 13 10 00 19 6E 04 4E 00 01 08 35 00 BF 00
        BF 11 BF 30 06 F3 22 F2 03 F1 0B
      </generic_descriptor>
    </event>
    <event event_id="0x36C3" start_time="2017-08-23 11:59:00" duration="00:05:00" running_status="not-running" CA_mode="true">
      <short_event_descriptor language_code="fre">
        <event_name>MIRU MIRU</event_name>
        <text>DIFFUSE EN HD.  SØrie d'animation franĿaise. Saison 1. (2/50). "Miru et le ballon".</text>
      </short_event_descriptor>
      <extended_event_descriptor descriptor_number="0" last_descriptor_number="1" language_code="fre">
        <text>DIFFUSE EN HD.  SØrie d'animation franĿaise. Saison 1. (2/50). "Miru et le ballon". Un soir, Miru Miru, petite loutre de mer, oublie de s'attacher aux autres loutres avec des algues. A son rØveil, elle se re</text>
        <item>
          <description>NationalitØ</description>
          <name>France</name>
        </item>
        <item>
          <description>TDE</description>
          <name>Miru et le ballon</name>
        </item>
      </extended_event_descriptor>
      <extended_event_descriptor descriptor_number="1" last_descriptor_number="1" language_code="fre">
        <text>trouve sur les bords d'une riviŁre, prŁs d'une forŒt et d'une petite ville.</text>
      </extended_event_descriptor>
      <component_descriptor stream_content="0x01" stream_content_ext="0x0F" component_type="0x0B" component_tag="0x01" language_code="fre" text=""/>
      <component_descriptor stream_content="0x02" stream_content_ext="0x0F" component_type="0x03" component_tag="0x01" language_code="fre" text=""/>
      <component_descriptor stream_content="0x03" stream_content_ext="0x0F" component_type="0x22" component_tag="0x01" language_code="fre" text=""/>
      <content_descriptor>
        <content content_nibble_level_1="3" content_nibble_level_2="5" user_byte="0x00"/>
        <content content_nibble_level_1="11" content_nibble_level_2="15" user_byte="0x00"/>
        <content content_nibble_level_1="11" content_nibble_level_2="15" user_byte="0x11"/>
        <content content_nibble_level_1="11" content_nibble_level_2="15" user_byte="0x30"/>
      </content_descriptor>
      <parental_rating_descriptor>
        <country country_code="FRA" rating="0x10"/>
      </parental_rating_descriptor>
      <private_data_specifier_descriptor private_data_specifier="CanalPlus"/>
      <generic_descriptor tag="0xE0">
        E2 88 13 15 00 19 6E 04 4E 00 01 08 35 00 BF 00
        BF 11 BF 30 06 F3 22 F2 03 F1 0B
      </generic_descriptor>
    </event>
  </EIT>
  <EIT type="pf" version="1" current="true" actual="false" service_id="0x219A" transport_stream_id="0x0448" original_network_id="0x0001" last_table_id="0x4F">
    <metadata PID="18" first_ts_packet="49,489" last_ts_packet="106,232"/>
    <event event_id="0x5948" start_time="2017-08-23 11:55:00" duration="00:45:00" running_status="running" CA_mode="true">
      <short_event_descriptor language_code="fre">
        <event_name>THE LATE LATE SHOW WITH JAMES CORDEN</event_name>
        <text>The Late Late Show with James Corden Talk show. "Episode 86".</text>
      </short_event_descriptor>
      <extended_event_descriptor descriptor_number="0" last_descriptor_number="0" language_code="fre">
        <text>The Late Late Show with James Corden Talk show. "Episode 86". James Corden reĿoit sur son plateau les personnalitØs qui font l'actualitØ amØricaine et internationale.</text>
      </extended_event_descriptor>
      <component_descriptor stream_content="0x01" stream_content_ext="0x0F" component_type="0x01" component_tag="0x01" language_code="fre" text=""/>
      <component_descriptor stream_content="0x02" stream_content_ext="0x0F" component_type="0x03" component_tag="0x01" language_code="fre" text=""/>
      <content_descriptor>
        <content content_nibble_level_1="6" content_nibble_level_2="15" user_byte="0x00"/>
        <content content_nibble_level_1="11" content_nibble_level_2="15" user_byte="0x00"/>
      </content_descriptor>
      <parental_rating_descriptor>
        <country country_code="FRA" rating="0x10"/>
      </parental_rating_descriptor>
      <private_data_specifier_descriptor private_data_specifier="CanalPlus"/>
      <generic_descriptor tag="0xE0">
        E2 84 18 00 00 21 9A 04 48 00 01 04 6F 00 BF 00
        04 F2 03 F1 01
      </generic_descriptor>
      <generic_descriptor tag="0xE0">
        E2 84 22 17 00 21 9A 04 48 00 01 04 6F 00 BF 00
        04 F2 03 F1 01
      </generic_descriptor>
    </event>
    <event event_id="0x5949" start_time="2017-08-23 12:40:00" duration="00:20:00" running_status="not-running" CA_mode="true">
      <short_event_descriptor language_code="fre">
        <event_name>ULTRA TUBES</event_name>
        <text>Clips.</text>
      </short_event_descriptor>
      <extended_event_descriptor descriptor_number="0" last_descriptor_number="0" language_code="fre">
        <text>Clips. Un espace musical exclusivement rØservØ aux clips. MCM propose une sØlection des tubes du moment. C'est l'occasion de dØcouvrir les derniŁres nouveautØ de la variØtØ mondiale.</text>
      </extended_event_descriptor>
      <component_descriptor stream_content="0x01" stream_content_ext="0x0F" component_type="0x01" component_tag="0x01" language_code="fre" text=""/>
      <component_descriptor stream_content="0x02" stream_content_ext="0x0F" component_type="0x03" component_tag="0x01" language_code="fre" text=""/>
      <content_descriptor>
        <content content_nibble_level_1="8" content_nibble_level_2="6" user_byte="0x00"/>
        <content content_nibble_level_1="11" content_nibble_level_2="15" user_byte="0x00"/>
      </content_descriptor>
      <parental_rating_descriptor>
        <country country_code="FRA" rating="0x10"/>
      </parental_rating_descriptor>
    </event>
  </EIT>
  <EIT type="pf" version="7" current="true" actual="false" service_id="0x24B9" transport_stream_id="0x043C" original_network_id="0x0001" last_table_id="0x4F">
    <metadata PID="18" first_ts_packet="49,889" last_ts_packet="106,701"/>
    <event event_id="0x9EEA" start_time="2017-08-23 11:44:00" duration="00:23:00" running_status="running" CA_mode="true">
      <short_event_descriptor language_code="fre">
        <event_name>SOUVENIRS DE GRAVITY FALLS</event_name>
        <text>Souvenirs de Gravity Falls SØrie d'animation amØricaine. Saison 2. (14/21). "Votez Stan !".</text>
      </short_event_descriptor>
      <extended_event_descriptor descriptor_number="0" last_descriptor_number="1" language_code="fre">
        <text>Souvenirs de Gravity Falls SØrie d'animation amØricaine. Saison 2. (14/21). "Votez Stan !". Quand l'oncle Stan dØcide d'Œtre candidat Ω l'Ølection du maire, Dipper et Mabel ont du pain sur la planche pour tran</text>
        <item>
          <description>NationalitØ</description>
          <name>Etats-Unis</name>
        </item>
        <item>
          <description>TDE</description>
          <name>Votez Stan !</name>
        </item>
      </extended_event_descriptor>
      <extended_event_descriptor descriptor_number="1" last_descriptor_number="1" language_code="fre">
        <text>sformer leur oncle en parfait candidat.</text>
      </extended_event_descriptor>
      <component_descriptor stream_content="0x01" stream_content_ext="0x0F" component_type="0x01" component_tag="0x01" language_code="fre" text=""/>
      <component_descriptor stream_content="0x02" stream_content_ext="0x0F" component_type="0x03" component_tag="0x01" language_code="fre" text=""/>
      <component_descriptor stream_content="0x02" stream_content_ext="0x0F" component_type="0x03" component_tag="0x01" language_code="eng" text=""/>
      <component_descriptor stream_content="0x03" stream_content_ext="0x0F" component_type="0x21" component_tag="0x01" language_code="fre" text=""/>
      <content_descriptor>
        <content content_nibble_level_1="3" content_nibble_level_2="5" user_byte="0x00"/>
        <content content_nibble_level_1="11" content_nibble_level_2="15" user_byte="0x01"/>
        <content content_nibble_level_1="11" content_nibble_level_2="15" user_byte="0x11"/>
      </content_descriptor>
      <parental_rating_descriptor>
        <country country_code="FRA" rating="0x10"/>
      </parental_rating_descriptor>
    </event>
    <event event_id="0x9EEB" start_time="2017-08-23 12:07:00" duration="00:11:00" running_status="not-running" CA_mode="true">
      <short_event_descriptor language_code="fre">
        <event_name>LA LOI DE MILO MURPHY</event_name>
        <text>SØrie d'animation amØricaine. Saison 1. (n°6). "Le monde du lard (2/2)".</text>
      </short_event_descriptor>
      <extended_event_descriptor descriptor_number="0" last_descriptor_number="1" language_code="fre">
        <text>SØrie d'animation amØricaine. Saison 1. (n°6). "Le monde du lard (2/2)". Milo, Zack et Melissa passent la journØe dans le monde du lard, parc d'attractions vouØ au gras. Ensemble, ils dØcident d'affronter</text>
        <item>
          <description>NationalitØ</description>
          <name>Etats-Unis</name>
        </item>
        <item>
          <description>TDE</description>
          <name>Le monde du lard</name>
        </item>
      </extended_event_descriptor>
      <extended_event_descriptor descriptor_number="1" last_descriptor_number="1" language_code="fre">
        <text> et de surmonter leurs diffØrentes peurs.</text>
      </extended_event_descriptor>
      <component_descriptor stream_content="0x01" stream_content_ext="0x0F" component_type="0x01" component_tag="0x01" language_code="fre" text=""/>
      <component_descriptor stream_content="0x02" stream_content_ext="0x0F" component_type="0x03" component_tag="0x01" language_code="fre" text=""/>
      <component_descriptor stream_content="0x02" stream_content_ext="0x0F" component_type="0x03" component_tag="0x01" language_code="eng" text=""/>
      <content_descriptor>
        <content content_nibble_level_1="3" content_nibble_level_2="5" user_byte="0x00"/>
        <content content_nibble_level_1="11" content_nibble_level_2="15" user_byte="0x01"/>
      </content_descriptor>
      <parental_rating_descriptor>
        <country country_code="FRA" rating="0x10"/>
      </parental_rating_descriptor>
      <private_data_specifier_descriptor private_data_specifier="CanalPlus"/>
      <generic_descriptor tag="0xE0">
        E2 86 07 47 00 24 B9 04 3C 00 01 04 35 00 BF 01
        04 F2 03 F1 01
      </generic_descriptor>
    </event>
  </EIT>
  <EIT type="pf" version="5" current="true" actual="false" service_id="0x22CC" transport_stream_id="0x0434" original_network_id="0x0001" last_table_id="0x4F">
    <metadata PID="18" first_ts_packet="50,164" last_ts_packet="107,117"/>
    <event event_id="0x2593" start_time="2017-08-23 11:50:00" duration="00:10:00" running_status="running" CA_mode="true">
      <short_event_descriptor language_code="fre">
        <event_name>FRANKIE ET LES ZHUZHUS PETS</event_name>
        <text>Frankie et les Zhuzhus Pets SØrie d'animation amØricano-canadienne. Saison 1. (n°1). "Anniversaire gonflable".</text>
      </short_event_descriptor>
      <extended_event_descriptor descriptor_number="0" last_descriptor_number="1" language_code="fre">
        <text>Frankie et les Zhuzhus Pets SØrie d'animation amØricano-canadienne. Saison 1. (n°1). "Anniversaire gonflable". AprŁs avoir appris que Papa et Maman prØvoient de fŒter leur anniversaire de ma</text>
        <item>
          <description>NationalitØ</description>
          <name>Etats-Unis - Canada</name>
        </item>
        <item>
          <description>TDE</description>
          <name>Anniversaire gonflable</name>
        </item>
      </extended_event_descriptor>
      <extended_event_descriptor descriptor_number="1" last_descriptor_number="1" language_code="fre">
        <text>riage assis devant la tØlØ, Frankie met les ZhuZhus Ω contribution pour organiser une soirØe.</text>
      </extended_event_descriptor>
      <component_descriptor stream_content="0x01" stream_content_ext="0x0F" component_type="0x01" component_tag="0x01" language_code="fre" text=""/>
      <component_descriptor stream_content="0x02" stream_content_ext="0x0F" component_type="0x03" component_tag="0x01" language_code="fre" text=""/>
      <component_descriptor stream_content="0x02" stream_content_ext="0x0F" component_type="0x03" component_tag="0x01" language_code="eng" text=""/>
      <content_descriptor>
        <content content_nibble_level_1="3" content_nibble_level_2="5" user_byte="0x00"/>
        <content content_nibble_level_1="11" content_nibble_level_2="15" user_byte="0x01"/>
      </content_descriptor>
      <parental_rating_descriptor>
        <country country_code="FRA" rating="0x10"/>
      </parental_rating_descriptor>
      <private_data_specifier_descriptor private_data_specifier="CanalPlus"/>
      <generic_descriptor tag="0xE0">
        E2 85 05 35 00 22 CC 04 34 00 01 04 35 00 BF 01
        04 F2 03 F1 01
      </generic_descriptor>
      <generic_descriptor tag="0xE0">
        E2 8C 23 35 00 22 CC 04 34 00 01 04 35 00 BF 01
        04 F2 03 F1 01
      </generic_descriptor>
      <generic_descriptor tag="0xE0">
        E2 8D 22 25 00 22 CC 04 34 00 01 04 35 00 BF 01
        04 F2 03 F1 01
      </generic_descriptor>
    </event>
    <event event_id="0x2594" start_time="2017-08-23 12:00:00" duration="00:10:00" running_status="not-running" CA_mode="true">
      <short_event_descriptor language_code="fre">
        <event_name>FRANKIE ET LES ZHUZHUS PETS</event_name>
        <text>Frankie et les Zhuzhus Pets SØrie d'animation amØricano-canadienne. Saison 1. (n°1). "Parfum de forŒt".</text>
      </short_event_descriptor>
      <extended_event_descriptor descriptor_number="0" last_descriptor_number="1" language_code="fre">
        <text>Frankie et les Zhuzhus Pets SØrie d'animation amØricano-canadienne. Saison 1. (n°1). "Parfum de forŒt". C'est la panique chez les Zhu Zhus alors qu'un putois les a suivi jusque dans la maison et a </text>
        <item>
          <description>NationalitØ</description>
          <name>Etats-Unis - Canada</name>
        </item>
        <item>
          <description>TDE</description>
          <name>Parfum de forŒt</name>
        </item>
      </extended_event_descriptor>
      <extended_event_descriptor descriptor_number="1" last_descriptor_number="1" language_code="fre">
        <text>bien failli les asperger de son liquide malodorant.</text>
      </extended_event_descriptor>
      <component_descriptor stream_content="0x01" stream_content_ext="0x0F" component_type="0x01" component_tag="0x01" language_code="fre" text=""/>
      <component_descriptor stream_content="0x02" stream_content_ext="0x0F" component_type="0x03" component_tag="0x01" language_code="fre" text=""/>
      <component_descriptor stream_content="0x02" stream_content_ext="0x0F" component_type="0x03" component_tag="0x01" language_code="eng" text=""/>
      <content_descriptor>
        <content content_nibble_level_1="3" content_nibble_level_2="5" user_byte="0x00"/>
        <content content_nibble_level_1="11" content_nibble_level_2="15" user_byte="0x01"/>
      </content_descriptor>
      <parental_rating_descriptor>
        <country country_code="FRA" rating="0x10"/>
      </parental_rating_descriptor>
      <private_data_specifier_descriptor private_data_specifier="CanalPlus"/>
      <generic_descriptor tag="0xE0">
        E2 85 05 45 00 22 CC 04 34 00 01 04 35 00 BF 01
        04 F2 03 F1 01
      </generic_descriptor>
      <generic_descriptor tag="0xE0">
        E2 8C 23 45 00 22 CC 04 34 00 01 04 35 00 BF 01
        04 F2 03 F1 01
      </generic_descriptor>
      <generic_descriptor tag="0xE0">
        E2 8D 22 35 00 22 CC 04 34 00 01 04 35 00 BF 01
        04 F2 03 F1 01
      </generic_descriptor>
    </event>
  </EIT>
  <EIT type="pf" version="30" current="true" actual="false" service_id="0x200A" transport_stream_id="0x0430" original_network_id="0x0001" last_table_id="0x4F">
    <metadata PID="18" first_ts_packet="51,627" last_ts_packet="108,245"/>
    <event event_id="0x3255" start_time="2017-08-23 10:00:00" duration="06:15:00" running_status="running" CA_mode="true">
      <short_event_descriptor language_code="fre">
        <event_name>BEIN SPORTS, LE PLUS GRAND DES SPECTACLES</event_name>
        <text>beIN SPORTS, le plus grand des spectacles.</text>
      </short_event_descriptor>
      <extended_event_descriptor descriptor_number="0" last_descriptor_number="0" language_code="fre">
        <text>beIN SPORTS, le plus grand des spectacles.</text>
      </extended_event_descriptor>
      <component_descriptor stream_content="0x01" stream_content_ext="0x0F" component_type="0x01" component_tag="0x01" language_code="fre" text=""/>
      <component_descriptor stream_content="0x02" stream_content_ext="0x0F" component_type="0x01" component_tag="0x01" language_code="fre" text=""/>
      <content_descriptor>
        <content content_nibble_level_1="7" content_nibble_level_2="0" user_byte="0x00"/>
        <content content_nibble_level_1="11" content_nibble_level_2="15" user_byte="0x00"/>
      </content_descriptor>
      <parental_rating_descriptor>
        <country country_code="FRA" rating="0x10"/>
      </parental_rating_descriptor>
    </event>
    <event event_id="0x3256" start_time="2017-08-23 16:15:00" duration="02:15:00" running_status="not-running" CA_mode="true">
      <short_event_descriptor language_code="fre">
        <event_name>BEIN SPORTS, LE PLUS GRAND DES SPECTACLES</event_name>
        <text>beIN SPORTS, le plus grand des spectacles.</text>
      </short_event_descriptor>
      <extended_event_descriptor descriptor_number="0" last_descriptor_number="0" language_code="fre">
        <text>beIN SPORTS, le plus grand des spectacles.</text>
      </extended_event_descriptor>
      <component_descriptor stream_content="0x01" stream_content_ext="0x0F" component_type="0x01" component_tag="0x01" language_code="fre" text=""/>
      <component_descriptor stream_content="0x02" stream_content_ext="0x0F" component_type="0x01" component_tag="0x01" language_code="fre" text=""/>
      <content_descriptor>
        <content content_nibble_level_1="7" content_nibble_level_2="0" user_byte="0x00"/>
        <content content_nibble_level_1="11" content_nibble_level_2="15" user_byte="0x00"/>
      </content_descriptor>
      <parental_rating_descriptor>
        <country country_code="FRA" rating="0x10"/>
      </parental_rating_descriptor>
    </event>
  </EIT>
  <EIT type="pf" version="24" current="true" actual="false" service_id="0x2524" transport_stream_id="0x045E" original_network_id="0x0001" last_table_id="0x4F">
    <metadata PID="18" first_ts_packet="51,713" last_ts_packet="108,444"/>
    <event event_id="0xC26B" start_time="2017-08-23 03:00:00" duration="17:30:00" running_status="running" CA_mode="true">
      <short_event_descriptor language_code="fre">
        <event_name>FIN DES PROGRAMMES</event_name>
        <text>(-18)  Information non disponible.</text>
      </short_event_descriptor>
      <extended_event_descriptor descriptor_number="0" last_descriptor_number="0" language_code="fre">
        <text>(-18)  Information non disponible.</text>
      </extended_event_descriptor>
      <component_descriptor stream_content="0x01" stream_content_ext="0x0F" component_type="0x01" component_tag="0x01" language_code="fre" text=""/>
      <component_descriptor stream_content="0x02" stream_content_ext="0x0F" component_type="0x01" component_tag="0x01" language_code="fre" text=""/>
      <content_descriptor>
        <content content_nibble_level_1="7" content_nibble_level_2="0" user_byte="0x00"/>
        <content content_nibble_level_1="11" content_nibble_level_2="15" user_byte="0x00"/>
      </content_descriptor>
      <parental_rating_descriptor>
        <country country_code="FRA" rating="0x14"/>
      </parental_rating_descriptor>
    </event>
    <event event_id="0xC26C" start_time="2017-08-23 20:30:00" duration="00:01:00" running_status="not-running" CA_mode="true">
      <short_event_descriptor language_code="fre">
        <event_name>INTRO FANTASY GIRLS</event_name>
        <text>(-16)  Information non disponible.</text>
      </short_event_descriptor>
      <extended_event_descriptor descriptor_number="0" last_descriptor_number="0" language_code="fre">
        <text>(-16)  Information non disponible.</text>
      </extended_event_descriptor>
      <component_descriptor stream_content="0x01" stream_content_ext="0x0F" component_type="0x01" component_tag="0x01" language_code="fre" text=""/>
      <component_descriptor stream_content="0x02" stream_content_ext="0x0F" component_type="0x01" component_tag="0x01" language_code="fre" text=""/>
      <content_descriptor>
        <content content_nibble_level_1="1" content_nibble_level_2="6" user_byte="0x00"/>
        <content content_nibble_level_1="11" content_nibble_level_2="15" user_byte="0x00"/>
      </content_descriptor>
      <parental_rating_descriptor>
        <country country_code="FRA" rating="0x13"/>
      </parental_rating_descriptor>
    </event>
  </EIT>
  <EIT type="pf" version="31" current="true" actual="false" service_id="0x2330" transport_stream_id="0x0442" original_network_id="0x0001" last_table_id="0x4F">
    <metadata PID="18" first_ts_packet="51,821" last_ts_packet="108,651"/>
    <event event_id="0xBBBB" start_time="2017-08-23 11:40:00" duration="01:05:00" running_status="running" CA_mode="false">
      <short_event_descriptor language_code="fre">
        <event_name>LES DOCS DU MAG DE LA SANTE</event_name>
        <text>Les docs du Mag de la santØ PrØsentØ par Michel Cymes, Marina CarrŁre d'Encausse.</text>
      </short_event_descriptor>
      <extended_event_descriptor descriptor_number="0" last_descriptor_number="0" language_code="fre">
        <text>Les docs du Mag de la santØ PrØsentØ par Michel Cymes, Marina CarrŁre d'Encausse. Au sommaire : "Etre mŁre au-delΩ du cancer". - "Le rallye des Gazelles".</text>
        <item>
          <description>PrØsentateur</description>
          <name>Michel Cymes</name>
        </item>
      </extended_event_descriptor>
      <component_descriptor stream_content="0x01" stream_content_ext="0x0F" component_type="0x01" component_tag="0x01" language_code="fre" text=""/>
      <component_descriptor stream_content="0x02" stream_content_ext="0x0F" component_type="0x03" component_tag="0x01" language_code="fre" text=""/>
      <component_descriptor stream_content="0x03" stream_content_ext="0x0F" component_type="0x21" component_tag="0x01" language_code="fre" text=""/>
      <content_descriptor>
        <content content_nibble_level_1="4" content_nibble_level_2="0" user_byte="0x00"/>
        <content content_nibble_level_1="11" content_nibble_level_2="15" user_byte="0x00"/>
        <content content_nibble_level_1="11" content_nibble_level_2="15" user_byte="0x11"/>
      </content_descriptor>
      <parental_rating_descriptor>
        <country country_code="FRA" rating="0x10"/>
      </parental_rating_descriptor>
    </event>
    <event event_id="0xBBBC" start_time="2017-08-23 12:45:00" duration="01:10:00" running_status="not-running" CA_mode="false">
      <short_event_descriptor language_code="fre">
        <event_name>DECOLLAGE POUR L'AMERIQUE</event_name>
        <text>DØcollage pour l'AmØrique Documentaire amØricain rØalisØ par Toby Beach en 2014 (Ep. 41). "L'Utah".</text>
      </short_event_descriptor>
      <extended_event_descriptor descriptor_number="0" last_descriptor_number="1" language_code="fre">
        <text>DØcollage pour l'AmØrique Documentaire amØricain rØalisØ par Toby Beach en 2014 (Ep. 41). "L'Utah". SituØ dans l'Ouest des Etats-Unis, l'Utah est cØlŁbre pour ses paysages dØsertiques, oø les Rocheuses se dessinent </text>
        <item>
          <description>AnnØe</description>
          <name>2014</name>
        </item>
        <item>
          <description>RØalisateur</description>
          <name>Toby Beach</name>
        </item>
      </extended_event_descriptor>
      <extended_event_descriptor descriptor_number="1" last_descriptor_number="1" language_code="fre">
        <text>dans l'horizon, et pour les Mormons.</text>
      </extended_event_descriptor>
      <component_descriptor stream_content="0x01" stream_content_ext="0x0F" component_type="0x01" component_tag="0x01" language_code="fre" text=""/>
      <component_descriptor stream_content="0x02" stream_content_ext="0x0F" component_type="0x03" component_tag="0x01" language_code="fre" text=""/>
      <component_descriptor stream_content="0x03" stream_content_ext="0x0F" component_type="0x21" component_tag="0x01" language_code="fre" text=""/>
      <content_descriptor>
        <content content_nibble_level_1="4" content_nibble_level_2="0" user_byte="0x00"/>
        <content content_nibble_level_1="11" content_nibble_level_2="15" user_byte="0x00"/>
        <content content_nibble_level_1="11" content_nibble_level_2="15" user_byte="0x11"/>
      </content_descriptor>
      <parental_rating_descriptor>
        <country country_code="FRA" rating="0x10"/>
      </parental_rating_descriptor>
    </event>
  </EIT>
  <EIT type="pf" version="8" current="true" actual="false" service_id="0x1F49" transport_stream_id="0x042E" original_network_id="0x0001" last_table_id="0x4F">
    <metadata PID="18" first_ts_packet="52,160" last_ts_packet="108,825"/>
    <event event_id="0x2565" start_time="2017-08-23 02:55:00" duration="19:05:00" running_status="running" CA_mode="true">
      <short_event_descriptor language_code="fre">
        <event_name>RENDEZ-VOUS A 0H</event_name>
        <text>Information non disponible.</text>
      </short_event_descriptor>
      <extended_event_descriptor descriptor_number="0" last_descriptor_number="0" language_code="fre">
        <text>Information non disponible.</text>
      </extended_event_descriptor>
      <component_descriptor stream_content="0x01" stream_content_ext="0x0F" component_type="0x01" component_tag="0x01" language_code="fre" text=""/>
      <component_descriptor stream_content="0x02" stream_content_ext="0x0F" component_type="0x03" component_tag="0x01" language_code="fre" text=""/>
      <content_descriptor>
        <content content_nibble_level_1="7" content_nibble_level_2="0" user_byte="0x00"/>
        <content content_nibble_level_1="11" content_nibble_level_2="15" user_byte="0x00"/>
      </content_descriptor>
      <parental_rating_descriptor>
        <country country_code="FRA" rating="0x10"/>
      </parental_rating_descriptor>
    </event>
    <event event_id="0x2566" start_time="2017-08-23 22:00:00" duration="02:20:00" running_status="not-running" CA_mode="true">
      <short_event_descriptor language_code="fre">
        <event_name>ENTRE PARENTHESES</event_name>
        <text>(-18)  TXTCOURT.</text>
      </short_event_descriptor>
      <extended_event_descriptor descriptor_number="0" last_descriptor_number="0" language_code="fre">
        <text>(-18)  TXTCOURT.</text>
        <item>
          <description>AnnØe</description>
          <name>2014</name>
        </item>
        <item>
          <description>RØalisateur</description>
          <name>StØphane Berry</name>
        </item>
      </extended_event_descriptor>
      <component_descriptor stream_content="0x01" stream_content_ext="0x0F" component_type="0x01" component_tag="0x01" language_code="fre" text=""/>
      <component_descriptor stream_content="0x02" stream_content_ext="0x0F" component_type="0x03" component_tag="0x01" language_code="fre" text=""/>
      <content_descriptor>
        <content content_nibble_level_1="1" content_nibble_level_2="13" user_byte="0x00"/>
        <content content_nibble_level_1="11" content_nibble_level_2="15" user_byte="0x00"/>
      </content_descriptor>
      <parental_rating_descriptor>
        <country country_code="FRA" rating="0x14"/>
      </parental_rating_descriptor>
    </event>
  </EIT>
  <EIT type="pf" version="1" current="true" actual="false" service_id="0x2753" transport_stream_id="0x0402" original_network_id="0x0001" last_table_id="0x4F">
    <metadata PID="18" first_ts_packet="52,282" last_ts_packet="108,984"/>
    <event event_id="0x3AC1" start_time="2017-08-23 10:00:00" duration="03:00:00" running_status="running" CA_mode="true">
      <short_event_descriptor language_code="fre">
        <event_name>LA CHAINE DE L'ECONOMIE ET DE LA FINANCE</event_name>
        <text>Information non disponible.</text>
      </short_event_descriptor>
      <extended_event_descriptor descriptor_number="0" last_descriptor_number="0" language_code="fre">
        <text>Information non disponible.</text>
      </extended_event_descriptor>
      <component_descriptor stream_content="0x01" stream_content_ext="0x0F" component_type="0x01" component_tag="0x01" language_code="fre" text=""/>
      <component_descriptor stream_content="0x02" stream_content_ext="0x0F" component_type="0x01" component_tag="0x01" language_code="fre" text=""/>
      <content_descriptor>
        <content content_nibble_level_1="7" content_nibble_level_2="0" user_byte="0x00"/>
        <content content_nibble_level_1="11" content_nibble_level_2="15" user_byte="0x00"/>
      </content_descriptor>
      <parental_rating_descriptor>
        <country country_code="FRA" rating="0x10"/>
      </parental_rating_descriptor>
    </event>
    <event event_id="0x3AC2" start_time="2017-08-23 13:00:00" duration="03:00:00" running_status="not-running" CA_mode="true">
      <short_event_descriptor language_code="fre">
        <event_name>LA CHAINE DE L'ECONOMIE ET DE LA FINANCE</event_name>
        <text>Information non disponible.</text>
      </short_event_descriptor>
      <extended_event_descriptor descriptor_number="0" last_descriptor_number="0" language_code="fre">
        <text>Information non disponible.</text>
      </extended_event_descriptor>
      <component_descriptor stream_content="0x01" stream_content_ext="0x0F" component_type="0x01" component_tag="0x01" language_code="fre" text=""/>
      <component_descriptor stream_content="0x02" stream_content_ext="0x0F" component_type="0x01" component_tag="0x01" language_code="fre" text=""/>
      <content_descriptor>
        <content content_nibble_level_1="7" content_nibble_level_2="0" user_byte="0x00"/>
        <content content_nibble_level_1="11" content_nibble_level_2="15" user_byte="0x00"/>
      </content_descriptor>
      <parental_rating_descriptor>
        <country country_code="FRA" rating="0x10"/>
      </parental_rating_descriptor>
    </event>
  </EIT>
  <EIT type="pf" version="3" current="true" actual="false" service_id="0x245A" transport_stream_id="0x0440" original_network_id="0x0001" last_table_id="0x4F">
    <metadata PID="18" first_ts_packet="52,435" last_ts_packet="109,389"/>
    <event event_id="0x9671" start_time="2017-08-23 11:55:00" duration="00:50:00" running_status="running" CA_mode="false">
      <short_event_descriptor language_code="fre">
        <event_name>CASTLE</event_name>
        <text>SØrie policiŁre amØricaine avec Nathan Fillion, Stana Katic, Seamus Dever. Saison 5. (18/24). "Un passØ insoupĿonnØ".</text>
      </short_event_descriptor>
      <extended_event_descriptor descriptor_number="0" last_descriptor_number="1" language_code="fre">
        <text>SØrie policiŁre amØricaine avec Nathan Fillion, Stana Katic, Seamus Dever. Saison 5. (18/24). "Un passØ insoupĿonnØ". Un homme est retrouvØ mort dans une pĐtisserie industrielle. L'enquŒte de Castle e</text>
        <item>
          <description>NationalitØ</description>
          <name>Etats-Unis</name>
        </item>
        <item>
          <description>TDE</description>
          <name>Un passØ insoupĿonnØ</name>
        </item>
      </extended_event_descriptor>
      <extended_event_descriptor descriptor_number="1" last_descriptor_number="1" language_code="fre">
        <text>t Beckett les conduit Ω s'intØresser Ω la mafia irlandaise de Staten Island.</text>
      </extended_event_descriptor>
      <component_descriptor stream_content="0x01" stream_content_ext="0x0F" component_type="0x01" component_tag="0x01" language_code="fre" text=""/>
      <component_descriptor stream_content="0x02" stream_content_ext="0x0F" component_type="0x01" component_tag="0x01" language_code="fre" text=""/>
      <component_descriptor stream_content="0x02" stream_content_ext="0x0F" component_type="0x01" component_tag="0x01" language_code="eng" text=""/>
      <component_descriptor stream_content="0x03" stream_content_ext="0x0F" component_type="0x21" component_tag="0x01" language_code="fre" text=""/>
      <content_descriptor>
        <content content_nibble_level_1="5" content_nibble_level_2="4" user_byte="0x00"/>
        <content content_nibble_level_1="11" content_nibble_level_2="15" user_byte="0x01"/>
        <content content_nibble_level_1="11" content_nibble_level_2="15" user_byte="0x11"/>
      </content_descriptor>
      <parental_rating_descriptor>
        <country country_code="FRA" rating="0x10"/>
      </parental_rating_descriptor>
    </event>
    <event event_id="0x9672" start_time="2017-08-23 12:45:00" duration="00:45:00" running_status="not-running" CA_mode="false">
      <short_event_descriptor language_code="fre">
        <event_name>CASTLE</event_name>
        <text>SØrie policiŁre amØricaine avec Nathan Fillion, Stana Katic, Seamus Dever. Saison 5. (19/24). "La vie des autres".</text>
      </short_event_descriptor>
      <extended_event_descriptor descriptor_number="0" last_descriptor_number="1" language_code="fre">
        <text>SØrie policiŁre amØricaine avec Nathan Fillion, Stana Katic, Seamus Dever. Saison 5. (19/24). "La vie des autres". ImmobilisØ chez lui avec une jambe dans le plĐtre, Castle, qui observe ses voisins avec d</text>
        <item>
          <description>NationalitØ</description>
          <name>Etats-Unis</name>
        </item>
        <item>
          <description>TDE</description>
          <name>La vie des autres</name>
        </item>
      </extended_event_descriptor>
      <extended_event_descriptor descriptor_number="1" last_descriptor_number="1" language_code="fre">
        <text>es jumelles pour tromper l'ennui, est tØmoin d'un meurtre.</text>
      </extended_event_descriptor>
      <component_descriptor stream_content="0x01" stream_content_ext="0x0F" component_type="0x01" component_tag="0x01" language_code="fre" text=""/>
      <component_descriptor stream_content="0x02" stream_content_ext="0x0F" component_type="0x01" component_tag="0x01" language_code="fre" text=""/>
      <component_descriptor stream_content="0x02" stream_content_ext="0x0F" component_type="0x01" component_tag="0x01" language_code="eng" text=""/>
      <component_descriptor stream_content="0x03" stream_content_ext="0x0F" component_type="0x21" component_tag="0x01" language_code="fre" text=""/>
      <content_descriptor>
        <content content_nibble_level_1="5" content_nibble_level_2="4" user_byte="0x00"/>
        <content content_nibble_level_1="11" content_nibble_level_2="15" user_byte="0x01"/>
        <content content_nibble_level_1="11" content_nibble_level_2="15" user_byte="0x11"/>
      </content_descriptor>
      <parental_rating_descriptor>
        <country country_code="FRA" rating="0x10"/>
      </parental_rating_descriptor>
    </event>
  </EIT>
  <EIT type="pf" version="5" current="true" actual="false" service_id="0x1970" transport_stream_id="0x044E" original_network_id="0x0001" last_table_id="0x4F">
    <metadata PID="18" first_ts_packet="52,840" last_ts_packet="109,787"/>
    <event event_id="0xBF4A" start_time="2017-08-23 11:45:00" duration="00:25:00" running_status="running" CA_mode="true">
      <short_event_descriptor language_code="fre">
        <event_name>TRUE JACKSON</event_name>
        <text>SØrie jeunesse amØricaine avec Keke Palmer, Ashley Argota, Matt Shively. Saison 1. (10/26). "Le rival".</text>
      </short_event_descriptor>
      <extended_event_descriptor descriptor_number="0" last_descriptor_number="0" language_code="fre">
        <text>SØrie jeunesse amØricaine avec Keke Palmer, Ashley Argota, Matt Shively. Saison 1. (10/26). "Le rival". Le concurrent et ennemi jurØ de Max fait les yeux doux Ω True pour qu'elle accepte de travailler pour lui.</text>
        <item>
          <description>NationalitØ</description>
          <name>Etats-Unis</name>
        </item>
        <item>
          <description>TDE</description>
          <name>Le rival</name>
        </item>
      </extended_event_descriptor>
      <component_descriptor stream_content="0x01" stream_content_ext="0x0F" component_type="0x01" component_tag="0x01" language_code="fre" text=""/>
      <component_descriptor stream_content="0x02" stream_content_ext="0x0F" component_type="0x03" component_tag="0x01" language_code="fre" text=""/>
      <content_descriptor>
        <content content_nibble_level_1="3" content_nibble_level_2="5" user_byte="0x00"/>
        <content content_nibble_level_1="11" content_nibble_level_2="15" user_byte="0x00"/>
      </content_descriptor>
      <parental_rating_descriptor>
        <country country_code="FRA" rating="0x10"/>
      </parental_rating_descriptor>
    </event>
    <event event_id="0xBF4B" start_time="2017-08-23 12:10:00" duration="00:25:00" running_status="not-running" CA_mode="true">
      <short_event_descriptor language_code="fre">
        <event_name>ALLIE SINGER</event_name>
        <text>SØrie jeunesse amØricaine avec Emma Roberts, Malese Jow, Tadhg Kelly. Saison 1. (13/13). "La roue tourne".</text>
      </short_event_descriptor>
      <extended_event_descriptor descriptor_number="0" last_descriptor_number="1" language_code="fre">
        <text>SØrie jeunesse amØricaine avec Emma Roberts, Malese Jow, Tadhg Kelly. Saison 1. (13/13). "La roue tourne". Allie, 12 ans, a, comme la plupart des adolescentes, quelques coups de blues. Pour y remØdier et ex</text>
        <item>
          <description>NationalitØ</description>
          <name>Etats-Unis</name>
        </item>
        <item>
          <description>TDE</description>
          <name>La roue tourne</name>
        </item>
      </extended_event_descriptor>
      <extended_event_descriptor descriptor_number="1" last_descriptor_number="1" language_code="fre">
        <text>primer ses sentiments, elle se rØfugie dans la musique.</text>
      </extended_event_descriptor>
      <component_descriptor stream_content="0x01" stream_content_ext="0x0F" component_type="0x01" component_tag="0x01" language_code="fre" text=""/>
      <component_descriptor stream_content="0x02" stream_content_ext="0x0F" component_type="0x03" component_tag="0x01" language_code="fre" text=""/>
      <content_descriptor>
        <content content_nibble_level_1="3" content_nibble_level_2="5" user_byte="0x00"/>
        <content content_nibble_level_1="11" content_nibble_level_2="15" user_byte="0x00"/>
      </content_descriptor>
      <parental_rating_descriptor>
        <country country_code="FRA" rating="0x10"/>
      </parental_rating_descriptor>
    </event>
  </EIT>
  <EIT type="pf" version="28" current="true" actual="false" service_id="0x2199" transport_stream_id="0x0448" original_network_id="0x0001" last_table_id="0x4F">
    <metadata PID="18" first_ts_packet="53,096" last_ts_packet="109,787"/>
    <event event_id="0x2105" start_time="2017-08-23 04:00:00" duration="15:00:00" running_status="running" CA_mode="true">
      <short_event_descriptor language_code="fre">
        <event_name>TOP MIX</event_name>
        <text>Information non disponible.</text>
      </short_event_descriptor>
      <extended_event_descriptor descriptor_number="0" last_descriptor_number="0" language_code="fre">
        <text>Information non disponible.</text>
      </extended_event_descriptor>
      <component_descriptor stream_content="0x01" stream_content_ext="0x0F" component_type="0x01" component_tag="0x01" language_code="fre" text=""/>
      <component_descriptor stream_content="0x02" stream_content_ext="0x0F" component_type="0x03" component_tag="0x01" language_code="fre" text=""/>
      <content_descriptor>
        <content content_nibble_level_1="8" content_nibble_level_2="6" user_byte="0x00"/>
        <content content_nibble_level_1="11" content_nibble_level_2="15" user_byte="0x00"/>
      </content_descriptor>
      <parental_rating_descriptor>
        <country country_code="FRA" rating="0x10"/>
      </parental_rating_descriptor>
    </event>
    <event event_id="0x2106" start_time="2017-08-23 19:00:00" duration="01:30:00" running_status="not-running" CA_mode="true">
      <short_event_descriptor language_code="fre">
        <event_name>TOP MIX</event_name>
        <text>Information non disponible.</text>
      </short_event_descriptor>
      <extended_event_descriptor descriptor_number="0" last_descriptor_number="0" language_code="fre">
        <text>Information non disponible.</text>
      </extended_event_descriptor>
      <component_descriptor stream_content="0x01" stream_content_ext="0x0F" component_type="0x01" component_tag="0x01" language_code="fre" text=""/>
      <component_descriptor stream_content="0x02" stream_content_ext="0x0F" component_type="0x03" component_tag="0x01" language_code="fre" text=""/>
      <content_descriptor>
        <content content_nibble_level_1="8" content_nibble_level_2="6" user_byte="0x00"/>
        <content content_nibble_level_1="11" content_nibble_level_2="15" user_byte="0x00"/>
      </content_descriptor>
      <parental_rating_descriptor>
        <country country_code="FRA" rating="0x10"/>
      </parental_rating_descriptor>
    </event>
  </EIT>
</tsduck>
