<?xml version="1.0" encoding="UTF-8"?>
<tsduck>
  <PMT version="10" current="true" service_id="0x0106" PCR_PID="0x026C">
    <metadata PID="610" first_ts_packet="99" last_ts_packet="99"/>
    <component elementary_PID="0x026C" stream_type="0x1B">
      <stream_identifier_descriptor component_tag="0x01"/>
    </component>
    <component elementary_PID="0x0276" stream_type="0x06">
      <stream_identifier_descriptor component_tag="0x02"/>
      <ISO_639_language_descriptor>
        <language code="fre" audio_type="0x00"/>
      </ISO_639_language_descriptor>
      <DVB_enhanced_AC3_descriptor mixinfoexists="false" component_type="0xC2"/>
    </component>
    <component elementary_PID="0x0280" stream_type="0x06">
      <stream_identifier_descriptor component_tag="0x05"/>
      <subtitling_descriptor>
        <subtitling language_code="fra" subtitling_type="0x20" composition_page_id="0x0001" ancillary_page_id="0x0001"/>
      </subtitling_descriptor>
    </component>
  </PMT>
  <PAT version="26" current="true" transport_stream_id="0x0001" network_PID="0x0010">
    <metadata PID="0" first_ts_packet="429" last_ts_packet="429"/>
    <service service_id="0x0101" program_map_PID="0x006E"/>
    <service service_id="0x0104" program_map_PID="0x0136"/>
    <service service_id="0x0105" program_map_PID="0x01FE"/>
    <service service_id="0x0106" program_map_PID="0x0262"/>
    <service service_id="0x0111" program_map_PID="0x00D2"/>
    <service service_id="0x0170" program_map_PID="0x02C6"/>
  </PAT>
  <PMT version="16" current="true" service_id="0x0170" PCR_PID="0x02D0">
    <metadata PID="710" first_ts_packet="485" last_ts_packet="485"/>
    <component elementary_PID="0x02D0" stream_type="0x1B"/>
    <component elementary_PID="0x02DA" stream_type="0x06">
      <ISO_639_language_descriptor>
        <language code="fra" audio_type="0x00"/>
      </ISO_639_language_descriptor>
      <DVB_enhanced_AC3_descriptor mixinfoexists="false" component_type="0xC2"/>
    </component>
  </PMT>
  <PMT version="10" current="true" service_id="0x0104" PCR_PID="0x0140">
    <metadata PID="310" first_ts_packet="544" last_ts_packet="544"/>
    <component elementary_PID="0x0140" stream_type="0x1B">
      <stream_identifier_descriptor component_tag="0x01"/>
    </component>
    <component elementary_PID="0x014A" stream_type="0x06">
      <stream_identifier_descriptor component_tag="0x02"/>
      <ISO_639_language_descriptor>
        <language code="fre" audio_type="0x00"/>
      </ISO_639_language_descriptor>
      <DVB_enhanced_AC3_descriptor mixinfoexists="false" component_type="0xC2"/>
    </component>
    <component elementary_PID="0x014B" stream_type="0x06">
      <stream_identifier_descriptor component_tag="0x03"/>
      <ISO_639_language_descriptor>
        <language code="qad" audio_type="0x00"/>
      </ISO_639_language_descriptor>
      <supplementary_audio_descriptor mix_type="1" editorial_classification="0x01" language_code="fra"/>
      <DVB_enhanced_AC3_descriptor mixinfoexists="false" component_type="0xD2"/>
    </component>
    <component elementary_PID="0x014C" stream_type="0x06">
      <stream_identifier_descriptor component_tag="0x04"/>
      <ISO_639_language_descriptor>
        <language code="qaa" audio_type="0x00"/>
      </ISO_639_language_descriptor>
      <DVB_enhanced_AC3_descriptor mixinfoexists="false" component_type="0xC2"/>
    </component>
    <component elementary_PID="0x0154" stream_type="0x06">
      <stream_identifier_descriptor component_tag="0x05"/>
      <subtitling_descriptor>
        <subtitling language_code="fra" subtitling_type="0x24" composition_page_id="0x0001" ancillary_page_id="0x0001"/>
      </subtitling_descriptor>
    </component>
    <component elementary_PID="0x0156" stream_type="0x06">
      <stream_identifier_descriptor component_tag="0x06"/>
      <subtitling_descriptor>
        <subtitling language_code="fra" subtitling_type="0x14" composition_page_id="0x0001" ancillary_page_id="0x0001"/>
      </subtitling_descriptor>
    </component>
  </PMT>
  <CAT version="1" current="true">
    <metadata PID="1" first_ts_packet="602" last_ts_packet="602"/>
  </CAT>
  <PMT version="12" current="true" service_id="0x0101" PCR_PID="0x0078">
    <metadata PID="110" first_ts_packet="903" last_ts_packet="903"/>
    <component elementary_PID="0x0078" stream_type="0x1B">
      <stream_identifier_descriptor component_tag="0x01"/>
    </component>
    <component elementary_PID="0x0082" stream_type="0x06">
      <stream_identifier_descriptor component_tag="0x02"/>
      <ISO_639_language_descriptor>
        <language code="fre" audio_type="0x00"/>
      </ISO_639_language_descriptor>
      <DVB_enhanced_AC3_descriptor mixinfoexists="false" component_type="0xC2"/>
    </component>
    <component elementary_PID="0x0083" stream_type="0x06">
      <stream_identifier_descriptor component_tag="0x03"/>
      <ISO_639_language_descriptor>
        <language code="qad" audio_type="0x00"/>
      </ISO_639_language_descriptor>
      <supplementary_audio_descriptor mix_type="1" editorial_classification="0x01" language_code="fra"/>
      <DVB_enhanced_AC3_descriptor mixinfoexists="false" component_type="0xD2"/>
    </component>
    <component elementary_PID="0x0084" stream_type="0x06">
      <stream_identifier_descriptor component_tag="0x04"/>
      <ISO_639_language_descriptor>
        <language code="qaa" audio_type="0x00"/>
      </ISO_639_language_descriptor>
      <DVB_enhanced_AC3_descriptor mixinfoexists="false" component_type="0xC2"/>
    </component>
    <component elementary_PID="0x008C" stream_type="0x06">
      <stream_identifier_descriptor component_tag="0x05"/>
      <subtitling_descriptor>
        <subtitling language_code="fra" subtitling_type="0x24" composition_page_id="0x0001" ancillary_page_id="0x0001"/>
      </subtitling_descriptor>
    </component>
    <component elementary_PID="0x008E" stream_type="0x06">
      <stream_identifier_descriptor component_tag="0x06"/>
      <subtitling_descriptor>
        <subtitling language_code="fra" subtitling_type="0x14" composition_page_id="0x0001" ancillary_page_id="0x0001"/>
      </subtitling_descriptor>
    </component>
  </PMT>
  <PMT version="9" current="true" service_id="0x0105" PCR_PID="0x0208">
    <metadata PID="510" first_ts_packet="1,232" last_ts_packet="1,232"/>
    <component elementary_PID="0x0208" stream_type="0x1B">
      <stream_identifier_descriptor component_tag="0x01"/>
    </component>
    <component elementary_PID="0x0212" stream_type="0x06">
      <stream_identifier_descriptor component_tag="0x02"/>
      <ISO_639_language_descriptor>
        <language code="fre" audio_type="0x00"/>
      </ISO_639_language_descriptor>
      <DVB_enhanced_AC3_descriptor mixinfoexists="false" component_type="0xC2"/>
    </component>
    <component elementary_PID="0x0213" stream_type="0x06">
      <stream_identifier_descriptor component_tag="0x03"/>
      <ISO_639_language_descriptor>
        <language code="qad" audio_type="0x00"/>
      </ISO_639_language_descriptor>
      <supplementary_audio_descriptor mix_type="1" editorial_classification="0x01" language_code="fra"/>
      <DVB_enhanced_AC3_descriptor mixinfoexists="false" component_type="0xD2"/>
    </component>
    <component elementary_PID="0x021C" stream_type="0x06">
      <stream_identifier_descriptor component_tag="0x05"/>
      <subtitling_descriptor>
        <subtitling language_code="fra" subtitling_type="0x20" composition_page_id="0x0001" ancillary_page_id="0x0001"/>
      </subtitling_descriptor>
    </component>
  </PMT>
  <PMT version="1" current="true" service_id="0x0111" PCR_PID="0x00DC">
    <metadata PID="210" first_ts_packet="1,300" last_ts_packet="1,300"/>
    <component elementary_PID="0x00DC" stream_type="0x1B"/>
    <component elementary_PID="0x00E6" stream_type="0x03">
      <ISO_639_language_descriptor>
        <language code="fre" audio_type="0x00"/>
      </ISO_639_language_descriptor>
    </component>
    <component elementary_PID="0x00E7" stream_type="0x03">
      <ISO_639_language_descriptor>
        <language code="qad" audio_type="0x00"/>
      </ISO_639_language_descriptor>
      <supplementary_audio_descriptor mix_type="1" editorial_classification="0x01" language_code="fra"/>
    </component>
    <component elementary_PID="0x00F0" stream_type="0x06">
      <subtitling_descriptor>
        <subtitling language_code="fra" subtitling_type="0x24" composition_page_id="0x0001" ancillary_page_id="0x0001"/>
      </subtitling_descriptor>
    </component>
    <component elementary_PID="0x00E8" stream_type="0x03">
      <ISO_639_language_descriptor>
        <language code="qaa" audio_type="0x00"/>
      </ISO_639_language_descriptor>
    </component>
    <component elementary_PID="0x00F2" stream_type="0x06">
      <stream_identifier_descriptor component_tag="0x06"/>
      <subtitling_descriptor>
        <subtitling language_code="fra" subtitling_type="0x14" composition_page_id="0x0001" ancillary_page_id="0x0001"/>
      </subtitling_descriptor>
    </component>
  </PMT>
  <SDT version="2" current="true" transport_stream_id="0x0001" original_network_id="0x20FA" actual="true">
    <metadata PID="17" first_ts_packet="6,929" last_ts_packet="6,929"/>
    <service service_id="0x0101" EIT_schedule="true" EIT_present_following="true" CA_mode="false" running_status="running">
      <service_descriptor service_type="0x01" service_provider_name="GR1 A" service_name="France 2"/>
    </service>
    <service service_id="0x0104" EIT_schedule="true" EIT_present_following="true" CA_mode="false" running_status="running">
      <service_descriptor service_type="0x01" service_provider_name="GR1 A" service_name="France 4"/>
    </service>
    <service service_id="0x0105" EIT_schedule="true" EIT_present_following="true" CA_mode="false" running_status="running">
      <service_descriptor service_type="0x01" service_provider_name="GR1 A" service_name="France Ã”"/>
    </service>
    <service service_id="0x0106" EIT_schedule="true" EIT_present_following="true" CA_mode="false" running_status="running">
      <service_descriptor service_type="0x01" service_provider_name="GR1 A" service_name="franceinfo:"/>
    </service>
    <service service_id="0x0111" EIT_schedule="true" EIT_present_following="true" CA_mode="false" running_status="running">
      <service_descriptor service_type="0x01" service_provider_name="GR1" service_name="F3 Paris Ile-de-France"/>
    </service>
    <service service_id="0x0170" EIT_schedule="true" EIT_present_following="true" CA_mode="false" running_status="running">
      <service_descriptor service_type="0x01" service_provider_name="R1 TFL" service_name="BFM Paris"/>
    </service>
  </SDT>
  <EIT type="pf" version="5" current="true" actual="true" service_id="0x0105" transport_stream_id="0x0001" original_network_id="0x20FA" last_table_id="0x4E">
    <metadata PID="18" first_ts_packet="662" last_ts_packet="15,546"/>
    <event event_id="0x0016" start_time="2019-01-22 12:15:00" duration="00:50:00" running_status="running" CA_mode="false">
      <short_event_descriptor language_code="fre">
        <event_name>Le prix du dÃ©sir</event_name>
        <text>Feuilleton sentimental. 2017. Saison 1.</text>
      </short_event_descriptor>
      <extended_event_descriptor descriptor_number="0" last_descriptor_number="0" language_code="fre">
        <text>Les luttes personnelles et romantiques de trois femmes qui ont en commun leur tÃ©nacitÃ© et leur aptitude Ã  dÃ©passer les limites pour obtenir ce qu&apos;elles dÃ©sirent.</text>
      </extended_event_descriptor>
      <content_descriptor>
        <content content_nibble_level_1="1" content_nibble_level_2="5" user_byte="0x00"/>
      </content_descriptor>
      <parental_rating_descriptor>
        <country country_code="fra" rating="0x00"/>
      </parental_rating_descriptor>
      <component_descriptor stream_content="0x05" stream_content_ext="0x0F" component_type="0x0B" component_tag="0x01" language_code="fre" text="MPEG4HD"/>
      <component_descriptor stream_content="0x04" stream_content_ext="0x0F" component_type="0xC2" component_tag="0x02" language_code="fre" text="DD+ VF"/>
      <component_descriptor stream_content="0x03" stream_content_ext="0x0F" component_type="0x24" component_tag="0x05" language_code="fre" text="Malentendant"/>
    </event>
    <event event_id="0x0017" start_time="2019-01-22 13:05:00" duration="00:50:00" running_status="not-running" CA_mode="false">
      <short_event_descriptor language_code="fre">
        <event_name>Le prix du dÃ©sir</event_name>
        <text>Feuilleton sentimental. 2017. Saison 1.</text>
      </short_event_descriptor>
      <extended_event_descriptor descriptor_number="0" last_descriptor_number="0" language_code="fre">
        <text>Les luttes personnelles et romantiques de trois femmes qui ont en commun leur tÃ©nacitÃ© et leur aptitude Ã  dÃ©passer les limites pour obtenir ce qu&apos;elles dÃ©sirent.</text>
      </extended_event_descriptor>
      <content_descriptor>
        <content content_nibble_level_1="1" content_nibble_level_2="5" user_byte="0x00"/>
      </content_descriptor>
      <parental_rating_descriptor>
        <country country_code="fra" rating="0x00"/>
      </parental_rating_descriptor>
      <component_descriptor stream_content="0x05" stream_content_ext="0x0F" component_type="0x0B" component_tag="0x01" language_code="fre" text="MPEG4HD"/>
      <component_descriptor stream_content="0x04" stream_content_ext="0x0F" component_type="0xC2" component_tag="0x02" language_code="fre" text="DD+ VF"/>
      <component_descriptor stream_content="0x03" stream_content_ext="0x0F" component_type="0x24" component_tag="0x05" language_code="fre" text="Malentendant"/>
    </event>
  </EIT>
  <EIT type="pf" version="4" current="true" actual="true" service_id="0x0111" transport_stream_id="0x0001" original_network_id="0x20FA" last_table_id="0x4E">
    <metadata PID="18" first_ts_packet="3,222" last_ts_packet="18,191"/>
    <event event_id="0x001E" start_time="2019-01-22 12:00:00" duration="00:55:00" running_status="running" CA_mode="false">
      <short_event_descriptor language_code="fre">
        <event_name>MÃ©tÃ©o Ã  la carte</event_name>
        <text>Magazine de dÃ©couvertes prÃ©sentÃ© par Laurent Romejko, Marine Vignes.</text>
      </short_event_descriptor>
      <extended_event_descriptor descriptor_number="0" last_descriptor_number="0" language_code="fre">
        <text>Reportages en rÃ©gions et rubriques en plateau permettent de mieux comprendre l&apos;impact de la mÃ©tÃ©o sur la santÃ©, la nature, l&apos;histoire et la vie de tous les jours.</text>
      </extended_event_descriptor>
      <content_descriptor>
        <content content_nibble_level_1="9" content_nibble_level_2="4" user_byte="0x00"/>
      </content_descriptor>
      <parental_rating_descriptor>
        <country country_code="fra" rating="0x00"/>
      </parental_rating_descriptor>
      <component_descriptor stream_content="0x05" stream_content_ext="0x0F" component_type="0x0B" component_tag="0x01" language_code="fre" text="MPEG4HD"/>
      <component_descriptor stream_content="0x02" stream_content_ext="0x0F" component_type="0x03" component_tag="0x02" language_code="fre" text="DD+ VF"/>
      <component_descriptor stream_content="0x03" stream_content_ext="0x0F" component_type="0x24" component_tag="0x05" language_code="fre" text="Malentendant"/>
    </event>
    <event event_id="0x001F" start_time="2019-01-22 12:55:00" duration="00:45:00" running_status="not-running" CA_mode="false">
      <short_event_descriptor language_code="fre">
        <event_name>Rex</event_name>
        <text>Le Tigre. SÃ©rie policiÃ¨re. 2012. Saison 15. 1/12.</text>
      </short_event_descriptor>
      <extended_event_descriptor descriptor_number="0" last_descriptor_number="0" language_code="fre">
        <text>Dans un cirque familial, un dresseur de lions alcoolique est attaquÃ© et tuÃ© par un tigre. Lorsque le dÃ©tective Rivera visionne les enregistrements vidÃ©o de l&apos;attaque, Rex rÃ©agit fortement...</text>
      </extended_event_descriptor>
      <content_descriptor>
        <content content_nibble_level_1="1" content_nibble_level_2="1" user_byte="0x00"/>
      </content_descriptor>
      <parental_rating_descriptor>
        <country country_code="fra" rating="0x00"/>
      </parental_rating_descriptor>
      <component_descriptor stream_content="0x05" stream_content_ext="0x0F" component_type="0x0B" component_tag="0x01" language_code="fre" text="MPEG4HD"/>
      <component_descriptor stream_content="0x02" stream_content_ext="0x0F" component_type="0x03" component_tag="0x02" language_code="fre" text="DD+ VF"/>
      <component_descriptor stream_content="0x03" stream_content_ext="0x0F" component_type="0x24" component_tag="0x05" language_code="fre" text="Malentendant"/>
    </event>
  </EIT>
  <EIT type="pf" version="25" current="true" actual="true" service_id="0x0170" transport_stream_id="0x0001" original_network_id="0x20FA" last_table_id="0x4E">
    <metadata PID="18" first_ts_packet="5,628" last_ts_packet="20,956"/>
    <event event_id="0x0003" start_time="2019-01-22 11:00:00" duration="03:00:00" running_status="running" CA_mode="false">
      <short_event_descriptor language_code="fre">
        <event_name>Paris Express</event_name>
        <text>Magazine d&apos;information.</text>
      </short_event_descriptor>
      <extended_event_descriptor descriptor_number="0" last_descriptor_number="0" language_code="fre">
        <text>L&apos;info francilienne en images et en continu, actualisÃ©e en permanence.</text>
      </extended_event_descriptor>
      <content_descriptor>
        <content content_nibble_level_1="2" content_nibble_level_2="2" user_byte="0x00"/>
      </content_descriptor>
      <parental_rating_descriptor>
        <country country_code="fra" rating="0x00"/>
      </parental_rating_descriptor>
      <component_descriptor stream_content="0x02" stream_content_ext="0x0F" component_type="0x03" component_tag="0x02" language_code="fre" text="AudioTrack"/>
      <component_descriptor stream_content="0x01" stream_content_ext="0x0F" component_type="0x01" component_tag="0x01" language_code="fre" text=""/>
    </event>
    <event event_id="0x0004" start_time="2019-01-22 14:00:00" duration="03:00:00" running_status="not-running" CA_mode="false">
      <short_event_descriptor language_code="fre">
        <event_name>Paris Express</event_name>
        <text>Magazine d&apos;information.</text>
      </short_event_descriptor>
      <extended_event_descriptor descriptor_number="0" last_descriptor_number="0" language_code="fre">
        <text>L&apos;info francilienne en images et en continu, actualisÃ©e en permanence.</text>
      </extended_event_descriptor>
      <content_descriptor>
        <content content_nibble_level_1="2" content_nibble_level_2="2" user_byte="0x00"/>
      </content_descriptor>
      <parental_rating_descriptor>
        <country country_code="fra" rating="0x00"/>
      </parental_rating_descriptor>
      <component_descriptor stream_content="0x02" stream_content_ext="0x0F" component_type="0x03" component_tag="0x02" language_code="fre" text="AudioTrack"/>
      <component_descriptor stream_content="0x01" stream_content_ext="0x0F" component_type="0x01" component_tag="0x01" language_code="fre" text=""/>
    </event>
  </EIT>
  <EIT type="pf" version="9" current="true" actual="true" service_id="0x0104" transport_stream_id="0x0001" original_network_id="0x20FA" last_table_id="0x4E">
    <metadata PID="18" first_ts_packet="8,372" last_ts_packet="23,569"/>
    <event event_id="0x0024" start_time="2019-01-22 12:35:00" duration="00:30:00" running_status="running" CA_mode="false">
      <short_event_descriptor language_code="fre">
        <event_name>Une saison au zoo</event_name>
        <text>Documentaire. 2017. Saison 7. 27. Le quotidien des soigneurs, vÃ©tÃ©rinaires, responsables, commerciaux ou jardiniers du parc zoologique de La FlÃ¨che, situÃ© Ã  proximitÃ© du Mans.</text>
      </short_event_descriptor>
      <extended_event_descriptor descriptor_number="0" last_descriptor_number="0" language_code="fre">
        <text></text>
      </extended_event_descriptor>
      <content_descriptor>
        <content content_nibble_level_1="9" content_nibble_level_2="1" user_byte="0x00"/>
      </content_descriptor>
      <parental_rating_descriptor>
        <country country_code="fra" rating="0x00"/>
      </parental_rating_descriptor>
      <component_descriptor stream_content="0x05" stream_content_ext="0x0F" component_type="0x0B" component_tag="0x01" language_code="fre" text="MPEG4HD"/>
      <component_descriptor stream_content="0x04" stream_content_ext="0x0F" component_type="0xC2" component_tag="0x02" language_code="fre" text="DD+ VF"/>
      <component_descriptor stream_content="0x03" stream_content_ext="0x0F" component_type="0x24" component_tag="0x05" language_code="fre" text="Malentendant"/>
    </event>
    <event event_id="0x0025" start_time="2019-01-22 13:05:00" duration="00:30:00" running_status="not-running" CA_mode="false">
      <short_event_descriptor language_code="fre">
        <event_name>Une saison au zoo</event_name>
        <text>Documentaire. 2017. Saison 7. 28. Le quotidien des soigneurs, vÃ©tÃ©rinaires, responsables, commerciaux ou jardiniers du parc zoologique de La FlÃ¨che, situÃ© Ã  proximitÃ© du Mans.</text>
      </short_event_descriptor>
      <extended_event_descriptor descriptor_number="0" last_descriptor_number="0" language_code="fre">
        <text></text>
      </extended_event_descriptor>
      <content_descriptor>
        <content content_nibble_level_1="9" content_nibble_level_2="1" user_byte="0x00"/>
      </content_descriptor>
      <parental_rating_descriptor>
        <country country_code="fra" rating="0x00"/>
      </parental_rating_descriptor>
      <component_descriptor stream_content="0x05" stream_content_ext="0x0F" component_type="0x0B" component_tag="0x01" language_code="fre" text="MPEG4HD"/>
      <component_descriptor stream_content="0x04" stream_content_ext="0x0F" component_type="0xC2" component_tag="0x02" language_code="fre" text="DD+ VF"/>
      <component_descriptor stream_content="0x03" stream_content_ext="0x0F" component_type="0x24" component_tag="0x05" language_code="fre" text="Malentendant"/>
    </event>
  </EIT>
  <EIT type="pf" version="4" current="true" actual="true" service_id="0x0101" transport_stream_id="0x0001" original_network_id="0x20FA" last_table_id="0x4E">
    <metadata PID="18" first_ts_packet="10,013" last_ts_packet="26,399"/>
    <event event_id="0x0019" start_time="2019-01-22 12:42:00" duration="00:13:00" running_status="running" CA_mode="false">
      <short_event_descriptor language_code="fre">
        <event_name>MÃ©tÃ©o 2</event_name>
        <text>MÃ©tÃ©o.</text>
      </short_event_descriptor>
      <extended_event_descriptor descriptor_number="0" last_descriptor_number="0" language_code="fre">
        <text></text>
      </extended_event_descriptor>
      <content_descriptor>
        <content content_nibble_level_1="2" content_nibble_level_2="1" user_byte="0x00"/>
      </content_descriptor>
      <parental_rating_descriptor>
        <country country_code="fra" rating="0x00"/>
      </parental_rating_descriptor>
      <component_descriptor stream_content="0x05" stream_content_ext="0x0F" component_type="0x0B" component_tag="0x01" language_code="fre" text="MPEG4HD"/>
      <component_descriptor stream_content="0x04" stream_content_ext="0x0F" component_type="0xC2" component_tag="0x02" language_code="fre" text="DD+ VF"/>
      <component_descriptor stream_content="0x03" stream_content_ext="0x0F" component_type="0x24" component_tag="0x05" language_code="fre" text="Malentendant"/>
    </event>
    <event event_id="0x001A" start_time="2019-01-22 12:55:00" duration="01:10:00" running_status="not-running" CA_mode="false">
      <short_event_descriptor language_code="fre">
        <event_name>Ã‡a commence aujourd&apos;hui</event_name>
        <text>Elles ont tout plaquÃ© pour un homme plus jeune ! Magazine de sociÃ©tÃ© prÃ©sentÃ© par Faustine Bollaert.</text>
      </short_event_descriptor>
      <extended_event_descriptor descriptor_number="0" last_descriptor_number="0" language_code="fre">
        <text>Quadra, quinqua : elles ont succombÃ© au charme d&apos;un homme beaucoup plus jeune qu&apos;elles. Elles ont tout quittÃ© sur un coup de folie.</text>
      </extended_event_descriptor>
      <content_descriptor>
        <content content_nibble_level_1="8" content_nibble_level_2="2" user_byte="0x00"/>
      </content_descriptor>
      <parental_rating_descriptor>
        <country country_code="fra" rating="0x00"/>
      </parental_rating_descriptor>
      <component_descriptor stream_content="0x05" stream_content_ext="0x0F" component_type="0x0B" component_tag="0x01" language_code="fre" text="MPEG4HD"/>
      <component_descriptor stream_content="0x04" stream_content_ext="0x0F" component_type="0xC2" component_tag="0x02" language_code="fre" text="DD+ VF"/>
      <component_descriptor stream_content="0x03" stream_content_ext="0x0F" component_type="0x24" component_tag="0x05" language_code="fre" text="Malentendant"/>
    </event>
  </EIT>
  <EIT type="pf" version="25" current="true" actual="true" service_id="0x0106" transport_stream_id="0x0001" original_network_id="0x20FA" last_table_id="0x4E">
    <metadata PID="18" first_ts_packet="12,551" last_ts_packet="29,036"/>
    <event event_id="0x0006" start_time="2019-01-22 12:00:00" duration="04:00:00" running_status="running" CA_mode="false">
      <short_event_descriptor language_code="fre">
        <event_name>franceinfo: deux points ouvrez l&apos;info</event_name>
        <text>Magazine d&apos;information.</text>
      </short_event_descriptor>
      <extended_event_descriptor descriptor_number="0" last_descriptor_number="0" language_code="fre">
        <text>L&apos;offre d&apos;information en continu de France TÃ©lÃ©visions qui combine directs et dÃ©cryptages des Ã©vÃ©nements : des JT Ã  l&apos;heure et des rappels de titres 4 fois par heure, des dÃ©veloppements...</text>
      </extended_event_descriptor>
      <content_descriptor>
        <content content_nibble_level_1="2" content_nibble_level_2="2" user_byte="0x00"/>
      </content_descriptor>
      <parental_rating_descriptor>
        <country country_code="fra" rating="0x00"/>
      </parental_rating_descriptor>
      <component_descriptor stream_content="0x05" stream_content_ext="0x0F" component_type="0x0B" component_tag="0x01" language_code="fre" text="MPEG4HD"/>
      <component_descriptor stream_content="0x04" stream_content_ext="0x0F" component_type="0xC2" component_tag="0x02" language_code="fre" text="DD+ VF"/>
    </event>
    <event event_id="0x0007" start_time="2019-01-22 16:00:00" duration="03:00:00" running_status="not-running" CA_mode="false">
      <short_event_descriptor language_code="fre">
        <event_name>Le 17h/20h</event_name>
        <text>Magazine d&apos;information prÃ©sentÃ© par Louis Laforge, Marianne ThÃ©oleyre.</text>
      </short_event_descriptor>
      <extended_event_descriptor descriptor_number="0" last_descriptor_number="0" language_code="fre">
        <text>Au sommaire : A 17h50 : L&apos;interview Ã©co. PrÃ©sentÃ© par Jean Leymarie. A 19h20 : Politique. PrÃ©sentÃ© par Gilles Bornstein et Jean-JÃ©rÃ´me Bertolus. A 19h30 : L&apos;instant module.</text>
      </extended_event_descriptor>
      <content_descriptor>
        <content content_nibble_level_1="2" content_nibble_level_2="2" user_byte="0x00"/>
      </content_descriptor>
      <parental_rating_descriptor>
        <country country_code="fra" rating="0x00"/>
      </parental_rating_descriptor>
      <component_descriptor stream_content="0x05" stream_content_ext="0x0F" component_type="0x0B" component_tag="0x01" language_code="fre" text="MPEG4HD"/>
      <component_descriptor stream_content="0x04" stream_content_ext="0x0F" component_type="0xC2" component_tag="0x02" language_code="fre" text="DD+ VF"/>
    </event>
  </EIT>
  <NIT version="30" current="true" network_id="0x20FA" actual="true">
    <metadata PID="16" first_ts_packet="30,162" last_ts_packet="30,313"/>
    <network_name_descriptor network_name="F"/>
    <transport_stream transport_stream_id="0x0001" original_network_id="0x20FA" preferred_section="0">
      <terrestrial_delivery_system_descriptor centre_frequency="0" bandwidth="8MHz" priority="HP" no_time_slicing="true" no_MPE_FEC="true" constellation="64-QAM" hierarchy_information="0" code_rate_HP_stream="0x05" code_rate_LP_stream="3/4" guard_interval="1/8" transmission_mode="8k" other_frequency="false"/>
      <private_data_specifier_descriptor private_data_specifier="EACEM"/>
      <eacem_logical_channel_number_descriptor>
        <service service_id="0x0101" logical_channel_number="2" visible_service="true"/>
        <service service_id="0x0104" logical_channel_number="14" visible_service="true"/>
        <service service_id="0x0105" logical_channel_number="19" visible_service="true"/>
        <service service_id="0x0106" logical_channel_number="27" visible_service="true"/>
        <service service_id="0x0113" logical_channel_number="3" visible_service="true"/>
        <service service_id="0x0115" logical_channel_number="3" visible_service="true"/>
        <service service_id="0x0119" logical_channel_number="3" visible_service="true"/>
        <service service_id="0x011A" logical_channel_number="3" visible_service="true"/>
        <service service_id="0x0111" logical_channel_number="3" visible_service="true"/>
        <service service_id="0x0112" logical_channel_number="3" visible_service="true"/>
        <service service_id="0x011F" logical_channel_number="3" visible_service="true"/>
        <service service_id="0x0120" logical_channel_number="3" visible_service="true"/>
        <service service_id="0x0124" logical_channel_number="3" visible_service="true"/>
        <service service_id="0x0143" logical_channel_number="33" visible_service="true"/>
        <service service_id="0x0144" logical_channel_number="33" visible_service="true"/>
        <service service_id="0x0170" logical_channel_number="30" visible_service="true"/>
        <service service_id="0x0171" logical_channel_number="31" visible_service="true"/>
        <service service_id="0x0172" logical_channel_number="32" visible_service="true"/>
        <service service_id="0x0173" logical_channel_number="33" visible_service="true"/>
        <service service_id="0x0174" logical_channel_number="34" visible_service="true"/>
        <service service_id="0x0175" logical_channel_number="35" visible_service="true"/>
        <service service_id="0x0176" logical_channel_number="36" visible_service="true"/>
        <service service_id="0x0177" logical_channel_number="37" visible_service="true"/>
        <service service_id="0x0178" logical_channel_number="38" visible_service="true"/>
        <service service_id="0x0145" logical_channel_number="32" visible_service="true"/>
        <service service_id="0x0146" logical_channel_number="32" visible_service="true"/>
      </eacem_logical_channel_number_descriptor>
      <service_list_descriptor>
        <service service_id="0x0101" service_type="0x01"/>
        <service service_id="0x0104" service_type="0x01"/>
        <service service_id="0x0105" service_type="0x01"/>
        <service service_id="0x0106" service_type="0x01"/>
        <service service_id="0x0113" service_type="0x01"/>
        <service service_id="0x0115" service_type="0x01"/>
        <service service_id="0x0119" service_type="0x01"/>
        <service service_id="0x011A" service_type="0x01"/>
        <service service_id="0x0111" service_type="0x01"/>
        <service service_id="0x0112" service_type="0x01"/>
        <service service_id="0x011F" service_type="0x01"/>
        <service service_id="0x0120" service_type="0x01"/>
        <service service_id="0x0124" service_type="0x01"/>
        <service service_id="0x0143" service_type="0x01"/>
        <service service_id="0x0144" service_type="0x01"/>
        <service service_id="0x0170" service_type="0x01"/>
        <service service_id="0x0171" service_type="0x01"/>
        <service service_id="0x0172" service_type="0x01"/>
        <service service_id="0x0173" service_type="0x01"/>
        <service service_id="0x0174" service_type="0x01"/>
        <service service_id="0x0175" service_type="0x01"/>
        <service service_id="0x0176" service_type="0x01"/>
        <service service_id="0x0177" service_type="0x01"/>
        <service service_id="0x0178" service_type="0x01"/>
        <service service_id="0x0145" service_type="0x01"/>
        <service service_id="0x0146" service_type="0x01"/>
      </service_list_descriptor>
    </transport_stream>
    <transport_stream transport_stream_id="0x0002" original_network_id="0x20FA" preferred_section="0">
      <terrestrial_delivery_system_descriptor centre_frequency="0" bandwidth="8MHz" priority="HP" no_time_slicing="true" no_MPE_FEC="true" constellation="64-QAM" hierarchy_information="0" code_rate_HP_stream="0x05" code_rate_LP_stream="3/4" guard_interval="1/8" transmission_mode="8k" other_frequency="false"/>
      <private_data_specifier_descriptor private_data_specifier="EACEM"/>
      <eacem_logical_channel_number_descriptor>
        <service service_id="0x0201" logical_channel_number="8" visible_service="true"/>
        <service service_id="0x0203" logical_channel_number="15" visible_service="true"/>
        <service service_id="0x0204" logical_channel_number="16" visible_service="true"/>
        <service service_id="0x0205" logical_channel_number="17" visible_service="true"/>
        <service service_id="0x0206" logical_channel_number="18" visible_service="true"/>
      </eacem_logical_channel_number_descriptor>
      <service_list_descriptor>
        <service service_id="0x0201" service_type="0x19"/>
        <service service_id="0x0203" service_type="0x19"/>
        <service service_id="0x0204" service_type="0x19"/>
        <service service_id="0x0205" service_type="0x19"/>
        <service service_id="0x0206" service_type="0x19"/>
      </service_list_descriptor>
    </transport_stream>
    <transport_stream transport_stream_id="0x0003" original_network_id="0x20FA" preferred_section="0">
      <terrestrial_delivery_system_descriptor centre_frequency="0" bandwidth="8MHz" priority="HP" no_time_slicing="true" no_MPE_FEC="true" constellation="64-QAM" hierarchy_information="0" code_rate_HP_stream="0x05" code_rate_LP_stream="3/4" guard_interval="1/8" transmission_mode="8k" other_frequency="false"/>
      <private_data_specifier_descriptor private_data_specifier="EACEM"/>
      <eacem_logical_channel_number_descriptor>
        <service service_id="0x0301" logical_channel_number="4" visible_service="true"/>
        <service service_id="0x0302" logical_channel_number="43" visible_service="true"/>
        <service service_id="0x0303" logical_channel_number="42" visible_service="true"/>
        <service service_id="0x0304" logical_channel_number="45" visible_service="true"/>
        <service service_id="0x0308" logical_channel_number="26" visible_service="true"/>
        <service service_id="0x0309" logical_channel_number="41" visible_service="true"/>
      </eacem_logical_channel_number_descriptor>
      <service_list_descriptor>
        <service service_id="0x0301" service_type="0x19"/>
        <service service_id="0x0302" service_type="0x19"/>
        <service service_id="0x0303" service_type="0x19"/>
        <service service_id="0x0304" service_type="0x19"/>
        <service service_id="0x0308" service_type="0x16"/>
        <service service_id="0x0309" service_type="0x16"/>
      </service_list_descriptor>
    </transport_stream>
    <transport_stream transport_stream_id="0x0004" original_network_id="0x20FA" preferred_section="0">
      <terrestrial_delivery_system_descriptor centre_frequency="0" bandwidth="8MHz" priority="HP" no_time_slicing="true" no_MPE_FEC="true" constellation="64-QAM" hierarchy_information="0" code_rate_HP_stream="0x05" code_rate_LP_stream="3/4" guard_interval="1/8" transmission_mode="8k" other_frequency="false"/>
      <private_data_specifier_descriptor private_data_specifier="EACEM"/>
      <eacem_logical_channel_number_descriptor>
        <service service_id="0x0401" logical_channel_number="6" visible_service="true"/>
        <service service_id="0x0402" logical_channel_number="9" visible_service="true"/>
        <service service_id="0x0407" logical_channel_number="7" visible_service="true"/>
        <service service_id="0x0415" logical_channel_number="5" visible_service="true"/>
        <service service_id="0x0416" logical_channel_number="22" visible_service="true"/>
      </eacem_logical_channel_number_descriptor>
      <service_list_descriptor>
        <service service_id="0x0401" service_type="0x19"/>
        <service service_id="0x0402" service_type="0x19"/>
        <service service_id="0x0407" service_type="0x19"/>
        <service service_id="0x0415" service_type="0x19"/>
        <service service_id="0x0416" service_type="0x19"/>
      </service_list_descriptor>
    </transport_stream>
    <transport_stream transport_stream_id="0x0006" original_network_id="0x20FA" preferred_section="0">
      <terrestrial_delivery_system_descriptor centre_frequency="0" bandwidth="8MHz" priority="HP" no_time_slicing="true" no_MPE_FEC="true" constellation="64-QAM" hierarchy_information="0" code_rate_HP_stream="0x05" code_rate_LP_stream="3/4" guard_interval="1/8" transmission_mode="8k" other_frequency="false"/>
      <private_data_specifier_descriptor private_data_specifier="EACEM"/>
      <eacem_logical_channel_number_descriptor>
        <service service_id="0x0601" logical_channel_number="1" visible_service="true"/>
        <service service_id="0x0602" logical_channel_number="12" visible_service="true"/>
        <service service_id="0x0606" logical_channel_number="10" visible_service="true"/>
        <service service_id="0x0608" logical_channel_number="11" visible_service="true"/>
        <service service_id="0x0609" logical_channel_number="13" visible_service="true"/>
      </eacem_logical_channel_number_descriptor>
      <service_list_descriptor>
        <service service_id="0x0601" service_type="0x19"/>
        <service service_id="0x0602" service_type="0x19"/>
        <service service_id="0x0606" service_type="0x19"/>
        <service service_id="0x0608" service_type="0x19"/>
        <service service_id="0x0609" service_type="0x19"/>
      </service_list_descriptor>
    </transport_stream>
    <transport_stream transport_stream_id="0x0008" original_network_id="0x20FA" preferred_section="0">
      <terrestrial_delivery_system_descriptor centre_frequency="0" bandwidth="8MHz" priority="HP" no_time_slicing="true" no_MPE_FEC="true" constellation="64-QAM" hierarchy_information="0" code_rate_HP_stream="0x05" code_rate_LP_stream="3/4" guard_interval="1/32" transmission_mode="8k" other_frequency="false"/>
      <private_data_specifier_descriptor private_data_specifier="EACEM"/>
      <eacem_logical_channel_number_descriptor>
        <service service_id="0x0805" logical_channel_number="34" visible_service="true"/>
        <service service_id="0x0807" logical_channel_number="36" visible_service="true"/>
        <service service_id="0x0801" logical_channel_number="30" visible_service="true"/>
        <service service_id="0x0802" logical_channel_number="31" visible_service="true"/>
        <service service_id="0x0803" logical_channel_number="32" visible_service="true"/>
        <service service_id="0x0804" logical_channel_number="33" visible_service="true"/>
        <service service_id="0x0883" logical_channel_number="32" visible_service="true"/>
      </eacem_logical_channel_number_descriptor>
      <service_list_descriptor>
        <service service_id="0x0805" service_type="0x01"/>
        <service service_id="0x0807" service_type="0x01"/>
        <service service_id="0x0801" service_type="0x01"/>
        <service service_id="0x0802" service_type="0x01"/>
        <service service_id="0x0803" service_type="0x01"/>
        <service service_id="0x0804" service_type="0x01"/>
        <service service_id="0x0883" service_type="0x01"/>
      </service_list_descriptor>
    </transport_stream>
    <transport_stream transport_stream_id="0x000A" original_network_id="0x20FA" preferred_section="0">
      <terrestrial_delivery_system_descriptor centre_frequency="0" bandwidth="8MHz" priority="HP" no_time_slicing="true" no_MPE_FEC="true" constellation="64-QAM" hierarchy_information="0" code_rate_HP_stream="0x05" code_rate_LP_stream="3/4" guard_interval="1/8" transmission_mode="8k" other_frequency="false"/>
      <private_data_specifier_descriptor private_data_specifier="EACEM"/>
      <eacem_logical_channel_number_descriptor>
        <service service_id="0x0A01" logical_channel_number="20" visible_service="true"/>
        <service service_id="0x0A03" logical_channel_number="25" visible_service="true"/>
        <service service_id="0x0A02" logical_channel_number="21" visible_service="true"/>
        <service service_id="0x0A04" logical_channel_number="24" visible_service="true"/>
        <service service_id="0x0A05" logical_channel_number="23" visible_service="true"/>
      </eacem_logical_channel_number_descriptor>
      <service_list_descriptor>
        <service service_id="0x0A01" service_type="0x19"/>
        <service service_id="0x0A03" service_type="0x19"/>
        <service service_id="0x0A02" service_type="0x19"/>
        <service service_id="0x0A04" service_type="0x19"/>
        <service service_id="0x0A05" service_type="0x19"/>
      </service_list_descriptor>
    </transport_stream>
  </NIT>
  <EIT type="pf" version="9" current="true" actual="false" service_id="0x0416" transport_stream_id="0x0004" original_network_id="0x20FA" last_table_id="0x4F">
    <metadata PID="18" first_ts_packet="1,365" last_ts_packet="75,623"/>
    <event event_id="0x0020" start_time="2019-01-22 12:15:00" duration="00:55:00" running_status="running" CA_mode="false">
      <short_event_descriptor language_code="fre">
        <event_name>La petite maison dans la prairie</event_name>
        <text></text>
      </short_event_descriptor>
      <extended_event_descriptor descriptor_number="0" last_descriptor_number="0" language_code="fre">
        <text>Pour empÃªcher le divorce de ses parents, le jeune Jordan Herzog fait semblant d&apos;Ãªtre devenu aveugle. Laura est au courant de la supercherie et elle hÃ©site Ã  garder le secret...</text>
      </extended_event_descriptor>
      <parental_rating_descriptor>
        <country country_code="fra" rating="0x00"/>
      </parental_rating_descriptor>
      <content_descriptor>
        <content content_nibble_level_1="1" content_nibble_level_2="2" user_byte="0x00"/>
        <content content_nibble_level_1="1" content_nibble_level_2="0" user_byte="0x00"/>
      </content_descriptor>
      <component_descriptor stream_content="0x05" stream_content_ext="0x0F" component_type="0x0B" component_tag="0x01" language_code="fre" text="video, 16:9 without pan vector, 25Hz"/>
      <component_descriptor stream_content="0x04" stream_content_ext="0x0F" component_type="0xC5" component_tag="0x02" language_code="fre" text="multi-channel 5.1"/>
    </event>
    <event event_id="0x0021" start_time="2019-01-22 13:10:00" duration="00:55:00" running_status="not-running" CA_mode="false">
      <short_event_descriptor language_code="fre">
        <event_name>La petite maison dans la prairie</event_name>
        <text></text>
      </short_event_descriptor>
      <extended_event_descriptor descriptor_number="0" last_descriptor_number="1" language_code="fre">
        <text>Toby Noe, un homme que la famille Ingalls a rencontrÃ© Ã  Winoka, arrive Ã  Walnut Grove. Charles propose de l&apos;hÃ©berger provisoirement mais le nouveau pensionnaire prend ses aises. Pour s&apos;en dÃ©barrasser, les Ingalls dÃ©cident de lui faire rencontre</text>
      </extended_event_descriptor>
      <extended_event_descriptor descriptor_number="1" last_descriptor_number="1" language_code="fre">
        <text>r la veuve Cooper...</text>
      </extended_event_descriptor>
      <parental_rating_descriptor>
        <country country_code="fra" rating="0x00"/>
      </parental_rating_descriptor>
      <content_descriptor>
        <content content_nibble_level_1="1" content_nibble_level_2="2" user_byte="0x00"/>
        <content content_nibble_level_1="1" content_nibble_level_2="0" user_byte="0x00"/>
      </content_descriptor>
      <component_descriptor stream_content="0x05" stream_content_ext="0x0F" component_type="0x0B" component_tag="0x01" language_code="fre" text="video, 16:9 without pan vector, 25Hz"/>
      <component_descriptor stream_content="0x04" stream_content_ext="0x0F" component_type="0xC5" component_tag="0x02" language_code="fre" text="multi-channel 5.1"/>
    </event>
  </EIT>
  <EIT type="pf" version="15" current="true" actual="false" service_id="0x0415" transport_stream_id="0x0004" original_network_id="0x20FA" last_table_id="0x4F">
    <metadata PID="18" first_ts_packet="5,721" last_ts_packet="79,593"/>
    <event event_id="0x0047" start_time="2019-01-22 12:45:00" duration="00:55:00" running_status="running" CA_mode="false">
      <short_event_descriptor language_code="fre">
        <event_name>Le magazine de la santÃ©</event_name>
        <text>Magazine de la santÃ© prÃ©sentÃ© par Marina CarrÃ¨re d&apos;Encausse, RÃ©gis BoxelÃ©.</text>
      </short_event_descriptor>
      <extended_event_descriptor descriptor_number="0" last_descriptor_number="0" language_code="fre">
        <text>Les animateurs abordent les nombreux sujets qui prÃ©occupent les tÃ©lÃ©spectateurs.</text>
      </extended_event_descriptor>
      <content_descriptor>
        <content content_nibble_level_1="10" content_nibble_level_2="7" user_byte="0x00"/>
      </content_descriptor>
      <parental_rating_descriptor>
        <country country_code="fra" rating="0x00"/>
      </parental_rating_descriptor>
      <component_descriptor stream_content="0x05" stream_content_ext="0x0F" component_type="0x0B" component_tag="0x01" language_code="fre" text="video, 16:9 without pan vector, 25Hz"/>
      <component_descriptor stream_content="0x03" stream_content_ext="0x0F" component_type="0x24" component_tag="0x05" language_code="fre" text="DVB subtitles (for the hard of hearing) for display on 16:9 aspect ratio monitor"/>
      <component_descriptor stream_content="0x04" stream_content_ext="0x0F" component_type="0xC2" component_tag="0x02" language_code="fre" text="stereo"/>
    </event>
    <event event_id="0x0048" start_time="2019-01-22 13:40:00" duration="00:35:00" running_status="not-running" CA_mode="false">
      <short_event_descriptor language_code="fre">
        <event_name>AllÃ´, docteurs !</event_name>
        <text>Magazine de la santÃ© prÃ©sentÃ© par Marina CarrÃ¨re d&apos;Encausse, Philippe Charlier.</text>
      </short_event_descriptor>
      <extended_event_descriptor descriptor_number="0" last_descriptor_number="0" language_code="fre">
        <text>EntourÃ©s de spÃ©cialistes et de tÃ©moins, les animateurs rÃ©pondent aux questions des tÃ©lÃ©spectateurs concernant la thÃ©matique du jour.</text>
      </extended_event_descriptor>
      <content_descriptor>
        <content content_nibble_level_1="10" content_nibble_level_2="7" user_byte="0x00"/>
      </content_descriptor>
      <parental_rating_descriptor>
        <country country_code="fra" rating="0x00"/>
      </parental_rating_descriptor>
      <component_descriptor stream_content="0x05" stream_content_ext="0x0F" component_type="0x0B" component_tag="0x01" language_code="fre" text="video, 16:9 without pan vector, 25Hz"/>
      <component_descriptor stream_content="0x03" stream_content_ext="0x0F" component_type="0x24" component_tag="0x05" language_code="fre" text="DVB subtitles (for the hard of hearing) for display on 16:9 aspect ratio monitor"/>
      <component_descriptor stream_content="0x04" stream_content_ext="0x0F" component_type="0xC2" component_tag="0x02" language_code="fre" text="stereo"/>
    </event>
  </EIT>
  <EIT type="pf" version="28" current="true" actual="false" service_id="0x0308" transport_stream_id="0x0003" original_network_id="0x20FA" last_table_id="0x4F">
    <metadata PID="18" first_ts_packet="6,986" last_ts_packet="81,137"/>
    <event event_id="0x946E" start_time="2019-01-22 12:40:00" duration="00:20:00" running_status="running" CA_mode="true">
      <short_event_descriptor language_code="fre">
        <event_name>Au coeur de la course</event_name>
        <text></text>
      </short_event_descriptor>
      <component_descriptor stream_content="0x02" stream_content_ext="0x0F" component_type="0x03" component_tag="0x01" language_code="fre" text=""/>
      <component_descriptor stream_content="0x01" stream_content_ext="0x0F" component_type="0x01" component_tag="0x05" language_code="fre" text=""/>
      <content_descriptor>
        <content content_nibble_level_1="4" content_nibble_level_2="2" user_byte="0x2D"/>
        <content content_nibble_level_1="11" content_nibble_level_2="15" user_byte="0x00"/>
        <content content_nibble_level_1="11" content_nibble_level_2="15" user_byte="0x20"/>
      </content_descriptor>
      <parental_rating_descriptor>
        <country country_code="fra" rating="0x00"/>
      </parental_rating_descriptor>
    </event>
    <event event_id="0x946F" start_time="2019-01-22 13:00:00" duration="00:10:00" running_status="not-running" CA_mode="true">
      <short_event_descriptor language_code="fre">
        <event_name>Journal</event_name>
        <text></text>
      </short_event_descriptor>
      <component_descriptor stream_content="0x02" stream_content_ext="0x0F" component_type="0x03" component_tag="0x01" language_code="fre" text=""/>
      <component_descriptor stream_content="0x01" stream_content_ext="0x0F" component_type="0x01" component_tag="0x05" language_code="fre" text=""/>
      <content_descriptor>
        <content content_nibble_level_1="2" content_nibble_level_2="1" user_byte="0x90"/>
        <content content_nibble_level_1="11" content_nibble_level_2="15" user_byte="0x00"/>
        <content content_nibble_level_1="11" content_nibble_level_2="15" user_byte="0x20"/>
      </content_descriptor>
      <parental_rating_descriptor>
        <country country_code="fra" rating="0x00"/>
      </parental_rating_descriptor>
    </event>
  </EIT>
  <EIT type="pf" version="2" current="true" actual="false" service_id="0x0302" transport_stream_id="0x0003" original_network_id="0x20FA" last_table_id="0x4F">
    <metadata PID="18" first_ts_packet="9,500" last_ts_packet="83,933"/>
    <event event_id="0x1EA0" start_time="2019-01-22 12:32:00" duration="01:50:00" running_status="running" CA_mode="true">
      <short_event_descriptor language_code="fre">
        <event_name>The Foreigner</event_name>
        <text>RÃ©alisÃ© par Martin Campbell en 2017. Avec Jackie Chan, Pierce Brosnan, Charlie Murphy. Thriller britannico-chinois.</text>
      </short_event_descriptor>
      <component_descriptor stream_content="0x04" stream_content_ext="0x0F" component_type="0x44" component_tag="0x03" language_code="fre" text=""/>
      <component_descriptor stream_content="0x04" stream_content_ext="0x0F" component_type="0x44" component_tag="0x03" language_code="eng" text=""/>
      <component_descriptor stream_content="0x01" stream_content_ext="0x0F" component_type="0x0B" component_tag="0x05" language_code="fre" text=""/>
      <content_descriptor>
        <content content_nibble_level_1="1" content_nibble_level_2="1" user_byte="0x15"/>
        <content content_nibble_level_1="11" content_nibble_level_2="15" user_byte="0x01"/>
        <content content_nibble_level_1="11" content_nibble_level_2="15" user_byte="0x11"/>
      </content_descriptor>
      <component_descriptor stream_content="0x03" stream_content_ext="0x0F" component_type="0x01" component_tag="0x0C" language_code="fre" text=""/>
      <parental_rating_descriptor>
        <country country_code="fra" rating="0x07"/>
      </parental_rating_descriptor>
    </event>
    <event event_id="0x1EA1" start_time="2019-01-22 14:22:00" duration="00:14:00" running_status="not-running" CA_mode="true">
      <short_event_descriptor language_code="fre">
        <event_name>L&apos;hebd&apos;Hollywood</event_name>
        <text>PrÃ©sentÃ© par Didier Allouch. Toute l&apos;actualitÃ© d&apos;Hollywood, des stars et des derniers films Ã  ne pas manquer.</text>
      </short_event_descriptor>
      <component_descriptor stream_content="0x02" stream_content_ext="0x0F" component_type="0x03" component_tag="0x01" language_code="fre" text=""/>
      <component_descriptor stream_content="0x01" stream_content_ext="0x0F" component_type="0x0B" component_tag="0x05" language_code="fre" text=""/>
      <content_descriptor>
        <content content_nibble_level_1="7" content_nibble_level_2="6" user_byte="0x6C"/>
        <content content_nibble_level_1="11" content_nibble_level_2="15" user_byte="0x00"/>
      </content_descriptor>
      <extended_event_descriptor descriptor_number="0" last_descriptor_number="0" language_code="fre">
        <text>
REDIFFUSION : le 23 Jan Ã  20:35
REDIFFUSION : le 24 Jan Ã  00:00</text>
      </extended_event_descriptor>
      <parental_rating_descriptor>
        <country country_code="fra" rating="0x00"/>
      </parental_rating_descriptor>
    </event>
  </EIT>
  <EIT type="pf" version="29" current="true" actual="false" service_id="0x0A01" transport_stream_id="0x000A" original_network_id="0x20FA" last_table_id="0x4F">
    <metadata PID="18" first_ts_packet="11,136" last_ts_packet="86,535"/>
    <event event_id="0x00CE" start_time="2019-01-22 12:40:00" duration="00:40:00" running_status="running" CA_mode="false">
      <short_event_descriptor language_code="fre">
        <event_name>Petits secrets entre...</event_name>
        <text>Petits secrets entre voisins. &quot;La fetarde&quot; Fiction. Avec Jessica Perrin, SÃ©bastien Barat.</text>
      </short_event_descriptor>
      <parental_rating_descriptor>
        <country country_code="fra" rating="0x00"/>
      </parental_rating_descriptor>
    </event>
    <event event_id="0x00CF" start_time="2019-01-22 13:20:00" duration="00:25:00" running_status="not-running" CA_mode="false">
      <short_event_descriptor language_code="fre">
        <event_name>Une nounou d&apos;enfer. &quot;Un...</event_name>
        <text>Une nounou d&apos;enfer. &quot;Un Ã©tranger dans la maison&quot; SÃ©rie (USA). Avec Fran Drescher. Maxwell engage un prÃ©cepteur pour aider Brighton en italien.</text>
      </short_event_descriptor>
      <parental_rating_descriptor>
        <country country_code="fra" rating="0x00"/>
      </parental_rating_descriptor>
    </event>
  </EIT>
  <EIT type="pf" version="13" current="true" actual="false" service_id="0x0309" transport_stream_id="0x0003" original_network_id="0x20FA" last_table_id="0x4F">
    <metadata PID="18" first_ts_packet="13,793" last_ts_packet="89,279"/>
    <event event_id="0xB3FA" start_time="2019-01-22 12:15:00" duration="00:50:00" running_status="running" CA_mode="true">
      <short_event_descriptor language_code="fre">
        <event_name>Body of Proof</event_name>
        <text>SÃ©rie policiÃ¨re amÃ©ricaine avec Dana Delany, Mary Mouser, Jeri Ryan. Saison 1. (4/9). &quot;Puzzle macabre&quot;.</text>
      </short_event_descriptor>
      <component_descriptor stream_content="0x02" stream_content_ext="0x0F" component_type="0x03" component_tag="0x01" language_code="fre" text=""/>
      <component_descriptor stream_content="0x02" stream_content_ext="0x0F" component_type="0x03" component_tag="0x01" language_code="eng" text=""/>
      <component_descriptor stream_content="0x01" stream_content_ext="0x0F" component_type="0x01" component_tag="0x05" language_code="fre" text=""/>
      <content_descriptor>
        <content content_nibble_level_1="1" content_nibble_level_2="1" user_byte="0x54"/>
        <content content_nibble_level_1="11" content_nibble_level_2="15" user_byte="0x01"/>
        <content content_nibble_level_1="11" content_nibble_level_2="15" user_byte="0x11"/>
      </content_descriptor>
      <component_descriptor stream_content="0x03" stream_content_ext="0x0F" component_type="0x01" component_tag="0x0C" language_code="fre" text=""/>
      <extended_event_descriptor descriptor_number="0" last_descriptor_number="0" language_code="fre">
        <text>
Episode : 4 / 9</text>
      </extended_event_descriptor>
      <parental_rating_descriptor>
        <country country_code="fra" rating="0x07"/>
      </parental_rating_descriptor>
    </event>
    <event event_id="0xB3FB" start_time="2019-01-22 13:05:00" duration="00:45:00" running_status="not-running" CA_mode="true">
      <short_event_descriptor language_code="fre">
        <event_name>Body of Proof</event_name>
        <text>SÃ©rie policiÃ¨re amÃ©ricaine avec Dana Delany, Jeri Ryan, Jay Karnes. Saison 2. (2/20). &quot;Partie de chasse&quot;.</text>
      </short_event_descriptor>
      <component_descriptor stream_content="0x02" stream_content_ext="0x0F" component_type="0x03" component_tag="0x01" language_code="fre" text=""/>
      <component_descriptor stream_content="0x02" stream_content_ext="0x0F" component_type="0x03" component_tag="0x01" language_code="eng" text=""/>
      <component_descriptor stream_content="0x01" stream_content_ext="0x0F" component_type="0x01" component_tag="0x05" language_code="fre" text=""/>
      <content_descriptor>
        <content content_nibble_level_1="1" content_nibble_level_2="1" user_byte="0x54"/>
        <content content_nibble_level_1="11" content_nibble_level_2="15" user_byte="0x01"/>
        <content content_nibble_level_1="11" content_nibble_level_2="15" user_byte="0x11"/>
      </content_descriptor>
      <component_descriptor stream_content="0x03" stream_content_ext="0x0F" component_type="0x01" component_tag="0x0C" language_code="fre" text=""/>
      <extended_event_descriptor descriptor_number="0" last_descriptor_number="0" language_code="fre">
        <text>
Episode : 2 / 20</text>
      </extended_event_descriptor>
      <parental_rating_descriptor>
        <country country_code="fra" rating="0x07"/>
      </parental_rating_descriptor>
    </event>
  </EIT>
  <EIT type="pf" version="21" current="true" actual="false" service_id="0x0401" transport_stream_id="0x0004" original_network_id="0x20FA" last_table_id="0x4F">
    <metadata PID="18" first_ts_packet="16,240" last_ts_packet="94,448"/>
    <event event_id="0x0030" start_time="2019-01-22 12:30:00" duration="00:25:00" running_status="running" CA_mode="false">
      <short_event_descriptor language_code="fre">
        <event_name>ScÃ¨nes de mÃ©nages</event_name>
        <text></text>
      </short_event_descriptor>
      <extended_event_descriptor descriptor_number="0" last_descriptor_number="0" language_code="fre">
        <text>Votre couple vous dÃ©sole ? Vous vous lamentez de vivre seul ? ScÃ¨nes de MÃ©nages va vous aider Ã  relativiser !</text>
      </extended_event_descriptor>
      <parental_rating_descriptor>
        <country country_code="fra" rating="0x00"/>
      </parental_rating_descriptor>
      <content_descriptor>
        <content content_nibble_level_1="1" content_nibble_level_2="0" user_byte="0x00"/>
      </content_descriptor>
      <component_descriptor stream_content="0x05" stream_content_ext="0x0F" component_type="0x0B" component_tag="0x01" language_code="fre" text="video, 16:9 without pan vector, 25Hz"/>
      <component_descriptor stream_content="0x04" stream_content_ext="0x0F" component_type="0xC5" component_tag="0x02" language_code="fre" text="multi-channel 5.1"/>
    </event>
    <event event_id="0x0031" start_time="2019-01-22 12:55:00" duration="02:00:00" running_status="not-running" CA_mode="false">
      <short_event_descriptor language_code="fre">
        <event_name>La perle de l&apos;amour</event_name>
        <text></text>
      </short_event_descriptor>
      <extended_event_descriptor descriptor_number="0" last_descriptor_number="1" language_code="fre">
        <text>Alex, photographe pour un magazine de voyage, et Colin, auteur dÂ´un roman Ã  succÃ¨s, font Ã©quipe Ã  la recherche dÂ´une perle bleue lÃ©gendaire aux Ã®les Fidji. Alors que leurs deux carriÃ¨res sont en jeu, cette chasse au trÃ©sor pourrait bien les ame</text>
      </extended_event_descriptor>
      <extended_event_descriptor descriptor_number="1" last_descriptor_number="1" language_code="fre">
        <text>ner Ã  trouver le seul trÃ©sor qui compte vraiment.</text>
      </extended_event_descriptor>
      <parental_rating_descriptor>
        <country country_code="fra" rating="0x00"/>
      </parental_rating_descriptor>
      <content_descriptor>
        <content content_nibble_level_1="1" content_nibble_level_2="0" user_byte="0x00"/>
        <content content_nibble_level_1="1" content_nibble_level_2="2" user_byte="0x00"/>
      </content_descriptor>
      <component_descriptor stream_content="0x05" stream_content_ext="0x0F" component_type="0x0B" component_tag="0x01" language_code="fre" text="video, 16:9 without pan vector, 25Hz"/>
      <component_descriptor stream_content="0x04" stream_content_ext="0x0F" component_type="0xC5" component_tag="0x02" language_code="fre" text="multi-channel 5.1"/>
      <component_descriptor stream_content="0x04" stream_content_ext="0x0F" component_type="0xC2" component_tag="0x04" language_code="qaa" text="stereo"/>
      <component_descriptor stream_content="0x03" stream_content_ext="0x0F" component_type="0x24" component_tag="0x05" language_code="fre" text="DVB subtitles (for the hard of hearing) for display on 16:9 aspect ratio monitor"/>
    </event>
  </EIT>
  <EIT type="pf" version="9" current="true" actual="false" service_id="0x0206" transport_stream_id="0x0002" original_network_id="0x20FA" last_table_id="0x4F">
    <metadata PID="18" first_ts_packet="18,823" last_ts_packet="97,191"/>
    <event event_id="0x0033" start_time="2019-01-22 12:30:00" duration="00:30:00" running_status="running" CA_mode="false">
      <short_event_descriptor language_code="fre">
        <event_name>Il Ã©tait une fois... l&apos;Homme</event_name>
        <text>Pierre le Grand et son Ã©poque. Dessin animÃ©. 1978. Saison 1. En 1695, le Tsar Pierre Le Grand prend en main l&apos;avenir de la Russie et dÃ©cide d&apos;Ã©riger une nouvelle capitale sur les rives de la Baltique, Saint-PÃ©tersbourg.</text>
      </short_event_descriptor>
      <extended_event_descriptor descriptor_number="0" last_descriptor_number="0" language_code="fre">
        <text></text>
      </extended_event_descriptor>
      <content_descriptor>
        <content content_nibble_level_1="5" content_nibble_level_2="5" user_byte="0x00"/>
      </content_descriptor>
      <parental_rating_descriptor>
        <country country_code="fra" rating="0x00"/>
      </parental_rating_descriptor>
      <component_descriptor stream_content="0x05" stream_content_ext="0x0F" component_type="0x0B" component_tag="0x01" language_code="fre" text="MPEG4HD"/>
      <component_descriptor stream_content="0x04" stream_content_ext="0x0F" component_type="0xC2" component_tag="0x02" language_code="fre" text="DD+ VF"/>
    </event>
    <event event_id="0x0034" start_time="2019-01-22 13:00:00" duration="00:30:00" running_status="not-running" CA_mode="false">
      <short_event_descriptor language_code="fre">
        <event_name>Il Ã©tait une fois... l&apos;Homme</event_name>
        <text>Le siÃ¨cle des LumiÃ¨res. Dessin animÃ©. 1978. Saison 1. Au XVIIIe siÃ¨cle, sous l&apos;influence des philosophes, l&apos;opinion s&apos;Ã©veille. RoyautÃ©, religion, hiÃ©rarchie, tradition, toutes les bases de la sociÃ©tÃ© sont remises en...</text>
      </short_event_descriptor>
      <extended_event_descriptor descriptor_number="0" last_descriptor_number="0" language_code="fre">
        <text></text>
      </extended_event_descriptor>
      <content_descriptor>
        <content content_nibble_level_1="5" content_nibble_level_2="5" user_byte="0x00"/>
      </content_descriptor>
      <parental_rating_descriptor>
        <country country_code="fra" rating="0x00"/>
      </parental_rating_descriptor>
      <component_descriptor stream_content="0x05" stream_content_ext="0x0F" component_type="0x0B" component_tag="0x01" language_code="fre" text="MPEG4HD"/>
      <component_descriptor stream_content="0x04" stream_content_ext="0x0F" component_type="0xC2" component_tag="0x02" language_code="fre" text="DD+ VF"/>
    </event>
  </EIT>
  <EIT type="pf" version="13" current="true" actual="false" service_id="0x0606" transport_stream_id="0x0006" original_network_id="0x20FA" last_table_id="0x4F">
    <metadata PID="18" first_ts_packet="21,652" last_ts_packet="99,977"/>
    <event event_id="0x6102" start_time="2019-01-22 12:25:00" duration="00:30:00" running_status="running" CA_mode="false">
      <short_event_descriptor language_code="fre">
        <event_name>Friends. &quot;Celui qui passait...</event_name>
        <text>Friends. &quot;Celui qui passait une soirÃ©e avec Rachel&quot; SÃ©rie (USA). Avec Jennifer Aniston. Joey propose Ã  Rachel d&apos;aller au restaurant pour lui changer les idÃ©es. Les deux amis comparent leurs techniques de drague.</text>
      </short_event_descriptor>
      <parental_rating_descriptor>
        <country country_code="FRA" rating="0x00"/>
      </parental_rating_descriptor>
    </event>
    <event event_id="0x6103" start_time="2019-01-22 12:55:00" duration="00:55:00" running_status="not-running" CA_mode="false">
      <short_event_descriptor language_code="fre">
        <event_name>Les experts. &quot;Tout feu,...</event_name>
        <text>Les experts. &quot;Tout feu, tout flamme&quot; SÃ©rie (USA). Un homme accusÃ© de meurtre implore Grissom de l&apos;aider Ã  prouver son innocence.</text>
      </short_event_descriptor>
      <parental_rating_descriptor>
        <country country_code="FRA" rating="0x00"/>
      </parental_rating_descriptor>
    </event>
  </EIT>
  <EIT type="pf" version="4" current="true" actual="false" service_id="0x0407" transport_stream_id="0x0004" original_network_id="0x20FA" last_table_id="0x4F">
    <metadata PID="18" first_ts_packet="27,097" last_ts_packet="105,604"/>
    <event event_id="0x0030" start_time="2019-01-22 12:37:41" duration="01:59:43" running_status="running" CA_mode="false">
      <short_event_descriptor language_code="fre">
        <event_name>Conte d&apos;Ã©tÃ©</event_name>
        <text></text>
      </short_event_descriptor>
      <extended_event_descriptor descriptor_number="0" last_descriptor_number="1" language_code="fre">
        <text>Film d&apos;Eric Rohmer (France, 1996, 1h50mn) En vacances Ã  Dinard, Gaspard (Ã  qui il n&apos;arrive jamais rien) se retrouve obligÃ© de choisir entre trois filles : LÃ©na, qu&apos;il dit aimer, SolÃ¨ne, prÃªte Ã  tout pour le sÃ©duire, et Margot, qui lui plaÃ®t de </text>
      </extended_event_descriptor>
      <extended_event_descriptor descriptor_number="1" last_descriptor_number="1" language_code="fre">
        <text>plus en plus... Ã‰ric Rohmer rÃ©alise un dÃ©licieux marivaudage breton, avec le tÃ©nÃ©breux Melvil Poupaud.
AUDIO 1 : FRANÃ‡AIS / AUDIO 2 : ALLEMAND / AUDIO 4 : AUDIOVISION
Sous-titres pour sourds et malentendants disponibles pour ce programme</text>
      </extended_event_descriptor>
      <parental_rating_descriptor>
        <country country_code="fra" rating="0x00"/>
      </parental_rating_descriptor>
      <content_descriptor>
        <content content_nibble_level_1="1" content_nibble_level_2="0" user_byte="0x00"/>
      </content_descriptor>
      <component_descriptor stream_content="0x05" stream_content_ext="0x0F" component_type="0x0B" component_tag="0x01" language_code="fre" text="video, 16:9 without pan vector, 25Hz"/>
      <component_descriptor stream_content="0x04" stream_content_ext="0x0F" component_type="0xC2" component_tag="0x02" language_code="fre" text="stereo"/>
      <component_descriptor stream_content="0x04" stream_content_ext="0x0F" component_type="0xD2" component_tag="0x03" language_code="qad" text="stereo"/>
      <component_descriptor stream_content="0x04" stream_content_ext="0x0F" component_type="0xC2" component_tag="0x07" language_code="deu" text="stereo"/>
      <component_descriptor stream_content="0x03" stream_content_ext="0x0F" component_type="0x24" component_tag="0x05" language_code="fre" text="Sous-titrage malentendant franÃ§ais"/>
      <component_descriptor stream_content="0x03" stream_content_ext="0x0F" component_type="0x14" component_tag="0x08" language_code="deu" text="Sous-titrage partiel allemand"/>
    </event>
    <event event_id="0x0031" start_time="2019-01-22 14:37:24" duration="00:52:16" running_status="not-running" CA_mode="false">
      <short_event_descriptor language_code="fre">
        <event_name>Bhoutan, le royaume du bonheur</event_name>
        <text></text>
      </short_event_descriptor>
      <extended_event_descriptor descriptor_number="0" last_descriptor_number="1" language_code="fre">
        <text>Documentaire de Min Yong-Eung (CorÃ©e du Sud, 2011, 52mn) Depuis 1972, le Bhoutan s&apos;efforce d&apos;amÃ©liorer son indice BNB (bonheur national brut). Ã€ travers le tÃ©moignage de plusieurs familles, portrait d&apos;un pays pauvre mais riche sur le plan spiri</text>
      </extended_event_descriptor>
      <extended_event_descriptor descriptor_number="1" last_descriptor_number="1" language_code="fre">
        <text>tuel, qui prÃ©fÃ¨re la lenteur Ã  la croissance et compte plus de moines que de policiers.
AUDIO 1 : FRANÃ‡AIS / AUDIO 2 : ALLEMAND
Sous-titres pour sourds et malentendants disponibles pour ce programme</text>
      </extended_event_descriptor>
      <parental_rating_descriptor>
        <country country_code="fra" rating="0x00"/>
      </parental_rating_descriptor>
      <content_descriptor>
        <content content_nibble_level_1="8" content_nibble_level_2="2" user_byte="0x00"/>
      </content_descriptor>
      <component_descriptor stream_content="0x05" stream_content_ext="0x0F" component_type="0x0B" component_tag="0x01" language_code="fre" text="video, 16:9 without pan vector, 25Hz"/>
      <component_descriptor stream_content="0x04" stream_content_ext="0x0F" component_type="0xC2" component_tag="0x02" language_code="fre" text="stereo"/>
      <component_descriptor stream_content="0x04" stream_content_ext="0x0F" component_type="0xC2" component_tag="0x07" language_code="deu" text="stereo"/>
      <component_descriptor stream_content="0x03" stream_content_ext="0x0F" component_type="0x24" component_tag="0x05" language_code="fre" text="Sous-titrage malentendant franÃ§ais"/>
      <component_descriptor stream_content="0x03" stream_content_ext="0x0F" component_type="0x14" component_tag="0x08" language_code="deu" text="Sous-titrage partiel allemand"/>
    </event>
  </EIT>
</tsduck>
