<?xml version="1.0" encoding="UTF-8"?>
<tsduck>
  <network id="0x029A" type="DVB-C">
    <ts id="0x0001" onid="0x029A">
      <dvbc frequency="700,000,000" symbolrate="22,000,000" modulation="32-QAM" FEC="2/3"/>
    </ts>
    <ts id="0x0002" onid="0x029A">
      <dvbc frequency="750,000,000" symbolrate="20,000,000" modulation="64-QAM" FEC="3/4"/>
    </ts>
  </network>
</tsduck>
