<?xml version="1.0" encoding="UTF-8"?>
<tsduck>
  <network id="0x029A" type="DVB-S">
    <ts id="0x0001" onid="0x029A">
      <dvbs frequency="11,200,000,000" symbolrate="22,000,000" modulation="8-PSK" system="DVB-S2" polarity="vertical" FEC="2/3" rolloff="0.35"/>
    </ts>
    <ts id="0x0002" onid="0x029A">
      <dvbs frequency="11,600,000,000" symbolrate="20,000,000" modulation="QPSK" polarity="vertical" FEC="3/4"/>
    </ts>
  </network>
</tsduck>
