<?xml version="1.0" encoding="UTF-8"?>
<tsduck>
  <NIT version="26" current="true" network_id="0x0001" actual="true">
    <metadata PID="16">
      <section>
        40 F3 F1 00 01 F5 00 02 F0 8D 40 08 41 53 54 52
        41 20 31 00 4A 07 04 54 00 01 00 0C 01 4A 07 04
        57 00 01 00 0D 01 4A 07 04 57 00 01 00 00 04 4A
        09 04 54 00 01 00 00 04 4E 4F 4A 08 04 57 00 01
        00 00 0A 02 4A 0A 04 60 00 01 00 00 0C 02 FF FF
        4A 07 04 60 00 01 17 76 07 5F 04 00 00 00 01 4A
        07 04 57 00 01 1E E6 90 4A 07 03 EF 00 01 13 37
        91 4A 07 04 57 00 01 1E E7 93 4A 07 04 06 00 01
        11 F7 A2 4A 12 04 06 00 01 11 EE 09 0A 00 07 0B
        06 00 26 00 01 80 1D F3 57 00 0A 00 85 F0 0D 43
        0B 01 13 32 25 01 92 86 02 20 00 03 03 EB 00 01
        F0 0D 43 0B 01 12 43 75 01 92 81 02 20 00 04 03
        EC 00 01 F0 0D 43 0B 01 12 58 50 01 92 A6 02 20
        00 02 03 ED 00 01 F0 0D 43 0B 01 12 73 25 01 92
        86 02 20 00 02 03 EE 00 01 F0 0D 43 0B 01 12 88
        00 01 92 B6 02 20 00 02 03 EF 00 01 F0 0D 43 0B
        01 13 02 75 01 92 86 02 20 00 02 03 F0 00 01 F0
        0D 43 0B 01 13 17 50 01 92 A1 02 20 00 04 03 F2
        00 01 F0 0D 43 0B 01 13 47 00 01 92 A6 02 20 00
        02 03 F3 00 01 F0 0D 43 0B 01 13 61 75 01 92 86
        02 20 00 02 03 F4 00 01 F0 0D 43 0B 01 13 76 50
        01 92 A6 02 20 00 02 03 F5 00 01 F0 0D 43 0B 01
        13 91 25 01 92 81 02 20 00 04 03 F7 00 01 F0 0D
        43 0B 01 14 20 75 01 92 81 02 20 00 04 03 F8 00
        01 F0 0D 43 0B 01 14 35 50 01 92 A6 02 20 00 02
        03 F9 00 01 F0 0D 43 0B 01 14 64 25 01 92 86 02
        20 00 02 03 FB 00 01 F0 0D 43 0B 01 14 93 75 01
        92 86 02 20 00 02 03 FC 00 01 F0 0D 43 0B 01 15
        08 50 01 92 A1 02 20 00 04 03 FD 00 01 F0 0D 43
        0B 01 15 23 25 01 92 81 02 20 00 04 03 FE 00 01
        F0 0D 43 0B 01 15 38 00 01 92 A1 02 20 00 04 04
        01 00 01 F0 0D 43 0B 01 15 82 25 01 92 86 02 20
        00 02 04 02 00 01 F0 0D 43 0B 01 15 97 00 01 92
        A1 02 20 00 04 04 03 00 01 F0 0D 43 0B 01 16 11
        75 01 92 81 02 20 00 04 04 04 00 01 F0 0D 43 0B
        01 16 26 50 01 92 A1 02 20 00 04 04 07 00 01 F0
        0D 43 0B 01 16 70 75 01 92 86 02 20 00 02 04 08
        00 01 F0 0D 43 0B 01 16 85 50 01 92 A1 02 20 00
        04 04 09 00 01 F0 0D 43 0B 01 09 64 25 01 92 86
        02 20 00 02 04 0A 00 01 F0 0D 43 0B 01 09 79 00
        01 92 A1 02 20 00 04 04 0E 00 01 F0 0D 43 0B 01
        10 38 00 01 92 A1 02 20 00 04 04 0F 00 01 F0 0D
        43 0B 01 10 52 75 01 92 86 02 20 00 02 04 10 00
        01 F0 0D 43 0B 01 10 67 50 01 92 A1 02 20 00 04
        04 11 00 01 F0 0D 43 0B 01 10 82 25 01 92 96 02
        20 00 03 04 12 00 01 F0 0D 43 0B 01 10 97 00 01
        92 A1 02 20 00 04 04 14 00 01 F0 0D 43 0B 01 11
        26 50 01 92 A6 02 20 00 02 04 16 00 01 F0 0D 43
        0B 01 11 56 00 01 92 A1 02 20 00 04 04 18 00 01
        F0 0D 43 0B 01 11 85 50 01 92 A1 02 20 00 04 04
        1A 00 01 F0 0D 43 0B 01 07 29 00 01 92 A6 02 20
        00 02 04 1B 00 01 F0 0D 43 0B 01 07 43 75 01 92
        81 02 20 00 04 04 1C 00 01 F0 0D 43 0B 01 07 58
        50 01 92 A1 02 20 00 04 04 1D 00 01 F0 0D 43 0B
        01 07 73 25 01 92 96 02 20 00 03 04 1E 00 01 F0
        0D 43 0B 01 07 88 00 01 92 A1 02 20 00 04 04 1F
        00 01 F0 0D 43 0B 01 08 02 75 01 92 86 02 20 00
        03 04 20 00 01 F0 0D 43 0B 01 08 17 50 01 92 A6
        02 20 00 02 04 21 00 01 F0 0D 43 0B 01 08 32 25
        01 92 86 02 20 00 02 04 22 00 01 F0 0D 43 0B 01
        08 47 00 01 92 A1 02 20 00 04 04 24 00 01 F0 0D
        43 0B 01 08 76 50 01 92 A1 02 20 00 04 04 25 00
        01 F0 0D 43 0B 01 08 91 25 01 92 86 02 20 00 02
        96 4B EA 7D
      </section>
      <section>
        40 F3 F3 00 01 F5 01 02 F0 0A 40 08 41 53 54 52
        41 20 31 00 F3 DC 04 28 00 01 F0 0D 43 0B 01 09
        35 50 01 92 A6 02 20 00 02 04 2A 00 01 F0 0D 43
        0B 01 17 39 00 01 92 A1 02 75 00 03 04 2E 00 01
        F0 0D 43 0B 01 18 17 00 01 92 AD 02 97 00 04 04
        30 00 01 F0 0D 43 0B 01 18 56 00 01 92 AD 02 97
        00 04 04 31 00 01 F0 0D 43 0B 01 21 09 50 01 92
        81 02 75 00 03 04 32 00 01 F0 0D 43 0B 01 18 95
        00 01 92 AD 02 97 00 04 04 34 00 01 F0 0D 43 0B
        01 19 34 00 01 92 AD 02 97 00 04 04 36 00 01 F0
        0D 43 0B 01 19 73 00 01 92 A1 02 75 00 03 04 37
        00 01 F0 0D 43 0B 01 19 53 50 01 92 81 02 75 00
        03 04 38 00 01 F0 0D 43 0B 01 20 12 00 01 92 AD
        02 97 00 04 04 3A 00 01 F0 0D 43 0B 01 20 51 00
        01 92 A1 02 75 00 03 04 3C 00 01 F0 0D 43 0B 01
        20 90 00 01 92 AD 02 97 00 04 04 3E 00 01 F0 0D
        43 0B 01 21 29 00 01 92 AD 02 97 00 04 04 40 00
        01 F0 0D 43 0B 01 21 68 00 01 92 AE 02 97 00 02
        04 41 00 01 F0 0D 43 0B 01 21 87 50 01 92 81 02
        75 00 03 04 42 00 01 F0 0D 43 0B 01 22 07 00 01
        92 AD 02 97 00 04 04 43 00 01 F0 0D 43 0B 01 22
        26 50 01 92 81 02 75 00 03 04 44 00 01 F0 0D 43
        0B 01 22 46 00 01 92 AD 02 97 00 04 04 45 00 01
        F0 0D 43 0B 01 22 65 50 01 92 81 02 75 00 03 04
        46 00 01 F0 0D 43 0B 01 22 85 00 01 92 AE 02 97
        00 02 04 48 00 01 F0 0D 43 0B 01 23 24 00 01 92
        AE 02 97 00 02 04 4A 00 01 F0 0D 43 0B 01 23 63
        00 01 92 A1 02 75 00 03 00 0B 00 85 F0 0D 43 0B
        01 23 82 50 01 92 85 02 75 00 09 04 4C 00 01 F0
        0D 43 0B 01 24 02 00 01 92 AD 02 97 00 04 04 4D
        00 01 F0 0D 43 0B 01 18 36 50 01 92 81 02 75 00
        03 04 4E 00 01 F0 0D 43 0B 01 24 41 00 01 92 AD
        02 97 00 04 04 51 00 35 F0 0D 43 0B 01 25 15 25
        01 92 81 02 20 00 04 04 53 00 01 F0 0D 43 0B 01
        25 44 75 01 92 81 02 20 00 04 04 54 00 01 F0 0D
        43 0B 01 25 51 50 01 92 A1 02 20 00 04 04 55 00
        01 F0 0D 43 0B 01 25 74 25 01 92 86 02 20 00 02
        04 56 00 01 F0 0D 43 0B 01 25 81 00 01 92 A6 02
        20 00 02 04 57 00 01 F0 0D 43 0B 01 26 03 75 01
        92 81 02 20 00 04 04 59 00 01 F0 0D 43 0B 01 26
        33 25 01 92 81 02 20 00 04 04 5B 00 01 F0 0D 43
        0B 01 26 62 75 01 92 81 02 20 00 04 04 5D 00 01
        F0 0D 43 0B 01 26 92 25 01 92 81 02 20 00 04 04
        5E 00 01 F0 0D 43 0B 01 26 99 00 01 92 A6 02 20
        00 02 04 5F 00 01 F0 0D 43 0B 01 27 21 75 01 92
        86 02 20 00 02 04 60 00 01 F0 0D 43 0B 01 27 28
        50 01 92 A6 02 20 00 02 00 0C 00 85 F0 0D 43 0B
        01 23 04 50 01 92 85 02 75 00 09 04 B1 00 01 F0
        0D 43 0B 01 24 21 50 01 92 81 02 75 00 03 00 0D
        00 85 F0 0D 43 0B 01 19 92 50 01 92 85 02 75 00
        09 00 0E 00 85 F0 0D 43 0B 01 18 75 50 01 92 86
        02 75 00 03 00 0F 00 85 F0 0D 43 0B 01 09 20 75
        01 92 81 02 20 00 05 00 03 00 85 F0 0D 43 0B 01
        17 19 50 01 92 85 02 75 00 09 00 21 00 85 F0 0D
        43 0B 01 24 80 00 01 92 A1 02 75 00 03 00 04 00
        85 F0 0D 43 0B 01 20 31 50 01 92 85 02 75 00 09
        00 05 00 85 F0 0D 43 0B 01 24 60 50 01 92 81 02
        75 00 03 00 06 00 85 F0 0D 43 0B 01 19 14 50 01
        92 85 02 75 00 09 00 07 00 85 F0 0D 43 0B 01 21
        48 50 01 92 81 02 75 00 03 00 09 00 85 F0 0D 43
        0B 01 11 70 75 01 92 86 02 20 00 03 04 13 00 01
        F0 0D 43 0B 01 11 11 75 01 92 86 02 20 00 02 03
        EA 00 01 F0 0D 43 0B 01 12 29 00 01 92 A6 02 20
        00 02 28 1A 17 E4
      </section>
      <section>
        40 F0 9C 00 01 F5 02 02 F0 0A 40 08 41 53 54 52
        41 20 31 00 F0 85 04 26 00 01 F0 0D 43 0B 01 09
        06 00 01 92 A6 02 20 00 02 04 0B 00 01 F0 0D 43
        0B 01 09 93 75 01 92 86 02 20 00 04 04 49 00 01
        F0 0D 43 0B 01 23 43 50 01 92 96 03 00 00 02 00
        02 00 85 F0 0D 43 0B 01 17 58 50 01 92 85 02 75
        00 09 00 10 00 85 F0 0D 43 0B 01 17 97 50 01 92
        85 02 75 00 09 00 08 00 85 F0 0D 43 0B 01 20 70
        50 01 92 85 02 75 00 09 04 06 00 01 F0 0D 43 0B
        01 16 56 00 01 92 A6 02 20 00 02 E4 8D 78 CF
      </section>
    </metadata>
    <network_name_descriptor network_name="ASTRA 1"/>
    <linkage_descriptor transport_stream_id="0x0454" original_network_id="0x0001" service_id="0x000C" linkage_type="0x01"/>
    <linkage_descriptor transport_stream_id="0x0457" original_network_id="0x0001" service_id="0x000D" linkage_type="0x01"/>
    <linkage_descriptor transport_stream_id="0x0457" original_network_id="0x0001" service_id="0x0000" linkage_type="0x04"/>
    <linkage_descriptor transport_stream_id="0x0454" original_network_id="0x0001" service_id="0x0000" linkage_type="0x04">
      <private_data>
        4E 4F
      </private_data>
    </linkage_descriptor>
    <linkage_descriptor transport_stream_id="0x0457" original_network_id="0x0001" service_id="0x0000" linkage_type="0x0A">
      <private_data>
        02
      </private_data>
    </linkage_descriptor>
    <linkage_descriptor transport_stream_id="0x0460" original_network_id="0x0001" service_id="0x0000" linkage_type="0x0C">
      <private_data>
        02 FF FF
      </private_data>
    </linkage_descriptor>
    <linkage_descriptor transport_stream_id="0x0460" original_network_id="0x0001" service_id="0x1776" linkage_type="0x07"/>
    <private_data_specifier_descriptor private_data_specifier="Astra"/>
    <linkage_descriptor transport_stream_id="0x0457" original_network_id="0x0001" service_id="0x1EE6" linkage_type="0x90"/>
    <linkage_descriptor transport_stream_id="0x03EF" original_network_id="0x0001" service_id="0x1337" linkage_type="0x91"/>
    <linkage_descriptor transport_stream_id="0x0457" original_network_id="0x0001" service_id="0x1EE7" linkage_type="0x93"/>
    <linkage_descriptor transport_stream_id="0x0406" original_network_id="0x0001" service_id="0x11F7" linkage_type="0xA2"/>
    <linkage_descriptor transport_stream_id="0x0406" original_network_id="0x0001" service_id="0x11EE" linkage_type="0x09">
      <private_data>
        0A 00 07 0B 06 00 26 00 01 80 1D
      </private_data>
    </linkage_descriptor>
    <network_name_descriptor network_name="ASTRA 1"/>
    <network_name_descriptor network_name="ASTRA 1"/>
    <transport_stream transport_stream_id="0x03EA" original_network_id="0x0001" preferred_section="1">
      <satellite_delivery_system_descriptor frequency="11,229,000,000" orbital_position="19.2" west_east_flag="east" polarization="vertical" roll_off="0.35" modulation_system="DVB-S2" modulation_type="8PSK" symbol_rate="22,000,000" FEC_inner="2/3"/>
    </transport_stream>
    <transport_stream transport_stream_id="0x03EB" original_network_id="0x0001" preferred_section="0">
      <satellite_delivery_system_descriptor frequency="11,243,750,000" orbital_position="19.2" west_east_flag="east" polarization="horizontal" modulation_system="DVB-S" modulation_type="QPSK" symbol_rate="22,000,000" FEC_inner="5/6"/>
    </transport_stream>
    <transport_stream transport_stream_id="0x03EC" original_network_id="0x0001" preferred_section="0">
      <satellite_delivery_system_descriptor frequency="11,258,500,000" orbital_position="19.2" west_east_flag="east" polarization="vertical" roll_off="0.35" modulation_system="DVB-S2" modulation_type="8PSK" symbol_rate="22,000,000" FEC_inner="2/3"/>
    </transport_stream>
    <transport_stream transport_stream_id="0x03ED" original_network_id="0x0001" preferred_section="0">
      <satellite_delivery_system_descriptor frequency="11,273,250,000" orbital_position="19.2" west_east_flag="east" polarization="horizontal" roll_off="0.35" modulation_system="DVB-S2" modulation_type="8PSK" symbol_rate="22,000,000" FEC_inner="2/3"/>
    </transport_stream>
    <transport_stream transport_stream_id="0x03EE" original_network_id="0x0001" preferred_section="0">
      <satellite_delivery_system_descriptor frequency="11,288,000,000" orbital_position="19.2" west_east_flag="east" polarization="vertical" roll_off="0.20" modulation_system="DVB-S2" modulation_type="8PSK" symbol_rate="22,000,000" FEC_inner="2/3"/>
    </transport_stream>
    <transport_stream transport_stream_id="0x03EF" original_network_id="0x0001" preferred_section="0">
      <satellite_delivery_system_descriptor frequency="11,302,750,000" orbital_position="19.2" west_east_flag="east" polarization="horizontal" roll_off="0.35" modulation_system="DVB-S2" modulation_type="8PSK" symbol_rate="22,000,000" FEC_inner="2/3"/>
    </transport_stream>
    <transport_stream transport_stream_id="0x03F0" original_network_id="0x0001" preferred_section="0">
      <satellite_delivery_system_descriptor frequency="11,317,500,000" orbital_position="19.2" west_east_flag="east" polarization="vertical" modulation_system="DVB-S" modulation_type="QPSK" symbol_rate="22,000,000" FEC_inner="5/6"/>
    </transport_stream>
    <transport_stream transport_stream_id="0x03F2" original_network_id="0x0001" preferred_section="0">
      <satellite_delivery_system_descriptor frequency="11,347,000,000" orbital_position="19.2" west_east_flag="east" polarization="vertical" roll_off="0.35" modulation_system="DVB-S2" modulation_type="8PSK" symbol_rate="22,000,000" FEC_inner="2/3"/>
    </transport_stream>
    <transport_stream transport_stream_id="0x03F3" original_network_id="0x0001" preferred_section="0">
      <satellite_delivery_system_descriptor frequency="11,361,750,000" orbital_position="19.2" west_east_flag="east" polarization="horizontal" roll_off="0.35" modulation_system="DVB-S2" modulation_type="8PSK" symbol_rate="22,000,000" FEC_inner="2/3"/>
    </transport_stream>
    <transport_stream transport_stream_id="0x03F4" original_network_id="0x0001" preferred_section="0">
      <satellite_delivery_system_descriptor frequency="11,376,500,000" orbital_position="19.2" west_east_flag="east" polarization="vertical" roll_off="0.35" modulation_system="DVB-S2" modulation_type="8PSK" symbol_rate="22,000,000" FEC_inner="2/3"/>
    </transport_stream>
    <transport_stream transport_stream_id="0x03F5" original_network_id="0x0001" preferred_section="0">
      <satellite_delivery_system_descriptor frequency="11,391,250,000" orbital_position="19.2" west_east_flag="east" polarization="horizontal" modulation_system="DVB-S" modulation_type="QPSK" symbol_rate="22,000,000" FEC_inner="5/6"/>
    </transport_stream>
    <transport_stream transport_stream_id="0x03F7" original_network_id="0x0001" preferred_section="0">
      <satellite_delivery_system_descriptor frequency="11,420,750,000" orbital_position="19.2" west_east_flag="east" polarization="horizontal" modulation_system="DVB-S" modulation_type="QPSK" symbol_rate="22,000,000" FEC_inner="5/6"/>
    </transport_stream>
    <transport_stream transport_stream_id="0x03F8" original_network_id="0x0001" preferred_section="0">
      <satellite_delivery_system_descriptor frequency="11,435,500,000" orbital_position="19.2" west_east_flag="east" polarization="vertical" roll_off="0.35" modulation_system="DVB-S2" modulation_type="8PSK" symbol_rate="22,000,000" FEC_inner="2/3"/>
    </transport_stream>
    <transport_stream transport_stream_id="0x03F9" original_network_id="0x0001" preferred_section="0">
      <satellite_delivery_system_descriptor frequency="11,464,250,000" orbital_position="19.2" west_east_flag="east" polarization="horizontal" roll_off="0.35" modulation_system="DVB-S2" modulation_type="8PSK" symbol_rate="22,000,000" FEC_inner="2/3"/>
    </transport_stream>
    <transport_stream transport_stream_id="0x03FB" original_network_id="0x0001" preferred_section="0">
      <satellite_delivery_system_descriptor frequency="11,493,750,000" orbital_position="19.2" west_east_flag="east" polarization="horizontal" roll_off="0.35" modulation_system="DVB-S2" modulation_type="8PSK" symbol_rate="22,000,000" FEC_inner="2/3"/>
    </transport_stream>
    <transport_stream transport_stream_id="0x03FC" original_network_id="0x0001" preferred_section="0">
      <satellite_delivery_system_descriptor frequency="11,508,500,000" orbital_position="19.2" west_east_flag="east" polarization="vertical" modulation_system="DVB-S" modulation_type="QPSK" symbol_rate="22,000,000" FEC_inner="5/6"/>
    </transport_stream>
    <transport_stream transport_stream_id="0x03FD" original_network_id="0x0001" preferred_section="0">
      <satellite_delivery_system_descriptor frequency="11,523,250,000" orbital_position="19.2" west_east_flag="east" polarization="horizontal" modulation_system="DVB-S" modulation_type="QPSK" symbol_rate="22,000,000" FEC_inner="5/6"/>
    </transport_stream>
    <transport_stream transport_stream_id="0x03FE" original_network_id="0x0001" preferred_section="0">
      <satellite_delivery_system_descriptor frequency="11,538,000,000" orbital_position="19.2" west_east_flag="east" polarization="vertical" modulation_system="DVB-S" modulation_type="QPSK" symbol_rate="22,000,000" FEC_inner="5/6"/>
    </transport_stream>
    <transport_stream transport_stream_id="0x0401" original_network_id="0x0001" preferred_section="0">
      <satellite_delivery_system_descriptor frequency="11,582,250,000" orbital_position="19.2" west_east_flag="east" polarization="horizontal" roll_off="0.35" modulation_system="DVB-S2" modulation_type="8PSK" symbol_rate="22,000,000" FEC_inner="2/3"/>
    </transport_stream>
    <transport_stream transport_stream_id="0x0402" original_network_id="0x0001" preferred_section="0">
      <satellite_delivery_system_descriptor frequency="11,597,000,000" orbital_position="19.2" west_east_flag="east" polarization="vertical" modulation_system="DVB-S" modulation_type="QPSK" symbol_rate="22,000,000" FEC_inner="5/6"/>
    </transport_stream>
    <transport_stream transport_stream_id="0x0403" original_network_id="0x0001" preferred_section="0">
      <satellite_delivery_system_descriptor frequency="11,611,750,000" orbital_position="19.2" west_east_flag="east" polarization="horizontal" modulation_system="DVB-S" modulation_type="QPSK" symbol_rate="22,000,000" FEC_inner="5/6"/>
    </transport_stream>
    <transport_stream transport_stream_id="0x0404" original_network_id="0x0001" preferred_section="0">
      <satellite_delivery_system_descriptor frequency="11,626,500,000" orbital_position="19.2" west_east_flag="east" polarization="vertical" modulation_system="DVB-S" modulation_type="QPSK" symbol_rate="22,000,000" FEC_inner="5/6"/>
    </transport_stream>
    <transport_stream transport_stream_id="0x0406" original_network_id="0x0001" preferred_section="2">
      <satellite_delivery_system_descriptor frequency="11,656,000,000" orbital_position="19.2" west_east_flag="east" polarization="vertical" roll_off="0.35" modulation_system="DVB-S2" modulation_type="8PSK" symbol_rate="22,000,000" FEC_inner="2/3"/>
    </transport_stream>
    <transport_stream transport_stream_id="0x0407" original_network_id="0x0001" preferred_section="0">
      <satellite_delivery_system_descriptor frequency="11,670,750,000" orbital_position="19.2" west_east_flag="east" polarization="horizontal" roll_off="0.35" modulation_system="DVB-S2" modulation_type="8PSK" symbol_rate="22,000,000" FEC_inner="2/3"/>
    </transport_stream>
    <transport_stream transport_stream_id="0x0408" original_network_id="0x0001" preferred_section="0">
      <satellite_delivery_system_descriptor frequency="11,685,500,000" orbital_position="19.2" west_east_flag="east" polarization="vertical" modulation_system="DVB-S" modulation_type="QPSK" symbol_rate="22,000,000" FEC_inner="5/6"/>
    </transport_stream>
    <transport_stream transport_stream_id="0x0409" original_network_id="0x0001" preferred_section="0">
      <satellite_delivery_system_descriptor frequency="10,964,250,000" orbital_position="19.2" west_east_flag="east" polarization="horizontal" roll_off="0.35" modulation_system="DVB-S2" modulation_type="8PSK" symbol_rate="22,000,000" FEC_inner="2/3"/>
    </transport_stream>
    <transport_stream transport_stream_id="0x040A" original_network_id="0x0001" preferred_section="0">
      <satellite_delivery_system_descriptor frequency="10,979,000,000" orbital_position="19.2" west_east_flag="east" polarization="vertical" modulation_system="DVB-S" modulation_type="QPSK" symbol_rate="22,000,000" FEC_inner="5/6"/>
    </transport_stream>
    <transport_stream transport_stream_id="0x040B" original_network_id="0x0001" preferred_section="2">
      <satellite_delivery_system_descriptor frequency="10,993,750,000" orbital_position="19.2" west_east_flag="east" polarization="horizontal" roll_off="0.35" modulation_system="DVB-S2" modulation_type="8PSK" symbol_rate="22,000,000" FEC_inner="5/6"/>
    </transport_stream>
    <transport_stream transport_stream_id="0x040E" original_network_id="0x0001" preferred_section="0">
      <satellite_delivery_system_descriptor frequency="11,038,000,000" orbital_position="19.2" west_east_flag="east" polarization="vertical" modulation_system="DVB-S" modulation_type="QPSK" symbol_rate="22,000,000" FEC_inner="5/6"/>
    </transport_stream>
    <transport_stream transport_stream_id="0x040F" original_network_id="0x0001" preferred_section="0">
      <satellite_delivery_system_descriptor frequency="11,052,750,000" orbital_position="19.2" west_east_flag="east" polarization="horizontal" roll_off="0.35" modulation_system="DVB-S2" modulation_type="8PSK" symbol_rate="22,000,000" FEC_inner="2/3"/>
    </transport_stream>
    <transport_stream transport_stream_id="0x0410" original_network_id="0x0001" preferred_section="0">
      <satellite_delivery_system_descriptor frequency="11,067,500,000" orbital_position="19.2" west_east_flag="east" polarization="vertical" modulation_system="DVB-S" modulation_type="QPSK" symbol_rate="22,000,000" FEC_inner="5/6"/>
    </transport_stream>
    <transport_stream transport_stream_id="0x0411" original_network_id="0x0001" preferred_section="0">
      <satellite_delivery_system_descriptor frequency="11,082,250,000" orbital_position="19.2" west_east_flag="east" polarization="horizontal" roll_off="0.20" modulation_system="DVB-S2" modulation_type="8PSK" symbol_rate="22,000,000" FEC_inner="3/4"/>
    </transport_stream>
    <transport_stream transport_stream_id="0x0412" original_network_id="0x0001" preferred_section="0">
      <satellite_delivery_system_descriptor frequency="11,097,000,000" orbital_position="19.2" west_east_flag="east" polarization="vertical" modulation_system="DVB-S" modulation_type="QPSK" symbol_rate="22,000,000" FEC_inner="5/6"/>
    </transport_stream>
    <transport_stream transport_stream_id="0x0413" original_network_id="0x0001" preferred_section="1">
      <satellite_delivery_system_descriptor frequency="11,111,750,000" orbital_position="19.2" west_east_flag="east" polarization="horizontal" roll_off="0.35" modulation_system="DVB-S2" modulation_type="8PSK" symbol_rate="22,000,000" FEC_inner="2/3"/>
    </transport_stream>
    <transport_stream transport_stream_id="0x0414" original_network_id="0x0001" preferred_section="0">
      <satellite_delivery_system_descriptor frequency="11,126,500,000" orbital_position="19.2" west_east_flag="east" polarization="vertical" roll_off="0.35" modulation_system="DVB-S2" modulation_type="8PSK" symbol_rate="22,000,000" FEC_inner="2/3"/>
    </transport_stream>
    <transport_stream transport_stream_id="0x0416" original_network_id="0x0001" preferred_section="0">
      <satellite_delivery_system_descriptor frequency="11,156,000,000" orbital_position="19.2" west_east_flag="east" polarization="vertical" modulation_system="DVB-S" modulation_type="QPSK" symbol_rate="22,000,000" FEC_inner="5/6"/>
    </transport_stream>
    <transport_stream transport_stream_id="0x0418" original_network_id="0x0001" preferred_section="0">
      <satellite_delivery_system_descriptor frequency="11,185,500,000" orbital_position="19.2" west_east_flag="east" polarization="vertical" modulation_system="DVB-S" modulation_type="QPSK" symbol_rate="22,000,000" FEC_inner="5/6"/>
    </transport_stream>
    <transport_stream transport_stream_id="0x041A" original_network_id="0x0001" preferred_section="0">
      <satellite_delivery_system_descriptor frequency="10,729,000,000" orbital_position="19.2" west_east_flag="east" polarization="vertical" roll_off="0.35" modulation_system="DVB-S2" modulation_type="8PSK" symbol_rate="22,000,000" FEC_inner="2/3"/>
    </transport_stream>
    <transport_stream transport_stream_id="0x041B" original_network_id="0x0001" preferred_section="0">
      <satellite_delivery_system_descriptor frequency="10,743,750,000" orbital_position="19.2" west_east_flag="east" polarization="horizontal" modulation_system="DVB-S" modulation_type="QPSK" symbol_rate="22,000,000" FEC_inner="5/6"/>
    </transport_stream>
    <transport_stream transport_stream_id="0x041C" original_network_id="0x0001" preferred_section="0">
      <satellite_delivery_system_descriptor frequency="10,758,500,000" orbital_position="19.2" west_east_flag="east" polarization="vertical" modulation_system="DVB-S" modulation_type="QPSK" symbol_rate="22,000,000" FEC_inner="5/6"/>
    </transport_stream>
    <transport_stream transport_stream_id="0x041D" original_network_id="0x0001" preferred_section="0">
      <satellite_delivery_system_descriptor frequency="10,773,250,000" orbital_position="19.2" west_east_flag="east" polarization="horizontal" roll_off="0.20" modulation_system="DVB-S2" modulation_type="8PSK" symbol_rate="22,000,000" FEC_inner="3/4"/>
    </transport_stream>
    <transport_stream transport_stream_id="0x041E" original_network_id="0x0001" preferred_section="0">
      <satellite_delivery_system_descriptor frequency="10,788,000,000" orbital_position="19.2" west_east_flag="east" polarization="vertical" modulation_system="DVB-S" modulation_type="QPSK" symbol_rate="22,000,000" FEC_inner="5/6"/>
    </transport_stream>
    <transport_stream transport_stream_id="0x041F" original_network_id="0x0001" preferred_section="0">
      <satellite_delivery_system_descriptor frequency="10,802,750,000" orbital_position="19.2" west_east_flag="east" polarization="horizontal" roll_off="0.35" modulation_system="DVB-S2" modulation_type="8PSK" symbol_rate="22,000,000" FEC_inner="3/4"/>
    </transport_stream>
    <transport_stream transport_stream_id="0x0420" original_network_id="0x0001" preferred_section="0">
      <satellite_delivery_system_descriptor frequency="10,817,500,000" orbital_position="19.2" west_east_flag="east" polarization="vertical" roll_off="0.35" modulation_system="DVB-S2" modulation_type="8PSK" symbol_rate="22,000,000" FEC_inner="2/3"/>
    </transport_stream>
    <transport_stream transport_stream_id="0x0421" original_network_id="0x0001" preferred_section="0">
      <satellite_delivery_system_descriptor frequency="10,832,250,000" orbital_position="19.2" west_east_flag="east" polarization="horizontal" roll_off="0.35" modulation_system="DVB-S2" modulation_type="8PSK" symbol_rate="22,000,000" FEC_inner="2/3"/>
    </transport_stream>
    <transport_stream transport_stream_id="0x0422" original_network_id="0x0001" preferred_section="0">
      <satellite_delivery_system_descriptor frequency="10,847,000,000" orbital_position="19.2" west_east_flag="east" polarization="vertical" modulation_system="DVB-S" modulation_type="QPSK" symbol_rate="22,000,000" FEC_inner="5/6"/>
    </transport_stream>
    <transport_stream transport_stream_id="0x0424" original_network_id="0x0001" preferred_section="0">
      <satellite_delivery_system_descriptor frequency="10,876,500,000" orbital_position="19.2" west_east_flag="east" polarization="vertical" modulation_system="DVB-S" modulation_type="QPSK" symbol_rate="22,000,000" FEC_inner="5/6"/>
    </transport_stream>
    <transport_stream transport_stream_id="0x0425" original_network_id="0x0001" preferred_section="0">
      <satellite_delivery_system_descriptor frequency="10,891,250,000" orbital_position="19.2" west_east_flag="east" polarization="horizontal" roll_off="0.35" modulation_system="DVB-S2" modulation_type="8PSK" symbol_rate="22,000,000" FEC_inner="2/3"/>
    </transport_stream>
    <transport_stream transport_stream_id="0x0426" original_network_id="0x0001" preferred_section="2">
      <satellite_delivery_system_descriptor frequency="10,906,000,000" orbital_position="19.2" west_east_flag="east" polarization="vertical" roll_off="0.35" modulation_system="DVB-S2" modulation_type="8PSK" symbol_rate="22,000,000" FEC_inner="2/3"/>
    </transport_stream>
    <transport_stream transport_stream_id="0x0428" original_network_id="0x0001" preferred_section="1">
      <satellite_delivery_system_descriptor frequency="10,935,500,000" orbital_position="19.2" west_east_flag="east" polarization="vertical" roll_off="0.35" modulation_system="DVB-S2" modulation_type="8PSK" symbol_rate="22,000,000" FEC_inner="2/3"/>
    </transport_stream>
    <transport_stream transport_stream_id="0x042A" original_network_id="0x0001" preferred_section="1">
      <satellite_delivery_system_descriptor frequency="11,739,000,000" orbital_position="19.2" west_east_flag="east" polarization="vertical" modulation_system="DVB-S" modulation_type="QPSK" symbol_rate="27,500,000" FEC_inner="3/4"/>
    </transport_stream>
    <transport_stream transport_stream_id="0x042E" original_network_id="0x0001" preferred_section="1">
      <satellite_delivery_system_descriptor frequency="11,817,000,000" orbital_position="19.2" west_east_flag="east" polarization="vertical" roll_off="0.25" modulation_system="DVB-S2" modulation_type="QPSK" symbol_rate="29,700,000" FEC_inner="5/6"/>
    </transport_stream>
    <transport_stream transport_stream_id="0x0430" original_network_id="0x0001" preferred_section="1">
      <satellite_delivery_system_descriptor frequency="11,856,000,000" orbital_position="19.2" west_east_flag="east" polarization="vertical" roll_off="0.25" modulation_system="DVB-S2" modulation_type="QPSK" symbol_rate="29,700,000" FEC_inner="5/6"/>
    </transport_stream>
    <transport_stream transport_stream_id="0x0431" original_network_id="0x0001" preferred_section="1">
      <satellite_delivery_system_descriptor frequency="12,109,500,000" orbital_position="19.2" west_east_flag="east" polarization="horizontal" modulation_system="DVB-S" modulation_type="QPSK" symbol_rate="27,500,000" FEC_inner="3/4"/>
    </transport_stream>
    <transport_stream transport_stream_id="0x0432" original_network_id="0x0001" preferred_section="1">
      <satellite_delivery_system_descriptor frequency="11,895,000,000" orbital_position="19.2" west_east_flag="east" polarization="vertical" roll_off="0.25" modulation_system="DVB-S2" modulation_type="QPSK" symbol_rate="29,700,000" FEC_inner="5/6"/>
    </transport_stream>
    <transport_stream transport_stream_id="0x0434" original_network_id="0x0001" preferred_section="1">
      <satellite_delivery_system_descriptor frequency="11,934,000,000" orbital_position="19.2" west_east_flag="east" polarization="vertical" roll_off="0.25" modulation_system="DVB-S2" modulation_type="QPSK" symbol_rate="29,700,000" FEC_inner="5/6"/>
    </transport_stream>
    <transport_stream transport_stream_id="0x0436" original_network_id="0x0001" preferred_section="1">
      <satellite_delivery_system_descriptor frequency="11,973,000,000" orbital_position="19.2" west_east_flag="east" polarization="vertical" modulation_system="DVB-S" modulation_type="QPSK" symbol_rate="27,500,000" FEC_inner="3/4"/>
    </transport_stream>
    <transport_stream transport_stream_id="0x0437" original_network_id="0x0001" preferred_section="1">
      <satellite_delivery_system_descriptor frequency="11,953,500,000" orbital_position="19.2" west_east_flag="east" polarization="horizontal" modulation_system="DVB-S" modulation_type="QPSK" symbol_rate="27,500,000" FEC_inner="3/4"/>
    </transport_stream>
    <transport_stream transport_stream_id="0x0438" original_network_id="0x0001" preferred_section="1">
      <satellite_delivery_system_descriptor frequency="12,012,000,000" orbital_position="19.2" west_east_flag="east" polarization="vertical" roll_off="0.25" modulation_system="DVB-S2" modulation_type="QPSK" symbol_rate="29,700,000" FEC_inner="5/6"/>
    </transport_stream>
    <transport_stream transport_stream_id="0x043A" original_network_id="0x0001" preferred_section="1">
      <satellite_delivery_system_descriptor frequency="12,051,000,000" orbital_position="19.2" west_east_flag="east" polarization="vertical" modulation_system="DVB-S" modulation_type="QPSK" symbol_rate="27,500,000" FEC_inner="3/4"/>
    </transport_stream>
    <transport_stream transport_stream_id="0x043C" original_network_id="0x0001" preferred_section="1">
      <satellite_delivery_system_descriptor frequency="12,090,000,000" orbital_position="19.2" west_east_flag="east" polarization="vertical" roll_off="0.25" modulation_system="DVB-S2" modulation_type="QPSK" symbol_rate="29,700,000" FEC_inner="5/6"/>
    </transport_stream>
    <transport_stream transport_stream_id="0x043E" original_network_id="0x0001" preferred_section="1">
      <satellite_delivery_system_descriptor frequency="12,129,000,000" orbital_position="19.2" west_east_flag="east" polarization="vertical" roll_off="0.25" modulation_system="DVB-S2" modulation_type="QPSK" symbol_rate="29,700,000" FEC_inner="5/6"/>
    </transport_stream>
    <transport_stream transport_stream_id="0x0440" original_network_id="0x0001" preferred_section="1">
      <satellite_delivery_system_descriptor frequency="12,168,000,000" orbital_position="19.2" west_east_flag="east" polarization="vertical" roll_off="0.25" modulation_system="DVB-S2" modulation_type="8PSK" symbol_rate="29,700,000" FEC_inner="2/3"/>
    </transport_stream>
    <transport_stream transport_stream_id="0x0441" original_network_id="0x0001" preferred_section="1">
      <satellite_delivery_system_descriptor frequency="12,187,500,000" orbital_position="19.2" west_east_flag="east" polarization="horizontal" modulation_system="DVB-S" modulation_type="QPSK" symbol_rate="27,500,000" FEC_inner="3/4"/>
    </transport_stream>
    <transport_stream transport_stream_id="0x0442" original_network_id="0x0001" preferred_section="1">
      <satellite_delivery_system_descriptor frequency="12,207,000,000" orbital_position="19.2" west_east_flag="east" polarization="vertical" roll_off="0.25" modulation_system="DVB-S2" modulation_type="QPSK" symbol_rate="29,700,000" FEC_inner="5/6"/>
    </transport_stream>
    <transport_stream transport_stream_id="0x0443" original_network_id="0x0001" preferred_section="1">
      <satellite_delivery_system_descriptor frequency="12,226,500,000" orbital_position="19.2" west_east_flag="east" polarization="horizontal" modulation_system="DVB-S" modulation_type="QPSK" symbol_rate="27,500,000" FEC_inner="3/4"/>
    </transport_stream>
    <transport_stream transport_stream_id="0x0444" original_network_id="0x0001" preferred_section="1">
      <satellite_delivery_system_descriptor frequency="12,246,000,000" orbital_position="19.2" west_east_flag="east" polarization="vertical" roll_off="0.25" modulation_system="DVB-S2" modulation_type="QPSK" symbol_rate="29,700,000" FEC_inner="5/6"/>
    </transport_stream>
    <transport_stream transport_stream_id="0x0445" original_network_id="0x0001" preferred_section="1">
      <satellite_delivery_system_descriptor frequency="12,265,500,000" orbital_position="19.2" west_east_flag="east" polarization="horizontal" modulation_system="DVB-S" modulation_type="QPSK" symbol_rate="27,500,000" FEC_inner="3/4"/>
    </transport_stream>
    <transport_stream transport_stream_id="0x0446" original_network_id="0x0001" preferred_section="1">
      <satellite_delivery_system_descriptor frequency="12,285,000,000" orbital_position="19.2" west_east_flag="east" polarization="vertical" roll_off="0.25" modulation_system="DVB-S2" modulation_type="8PSK" symbol_rate="29,700,000" FEC_inner="2/3"/>
    </transport_stream>
    <transport_stream transport_stream_id="0x0448" original_network_id="0x0001" preferred_section="1">
      <satellite_delivery_system_descriptor frequency="12,324,000,000" orbital_position="19.2" west_east_flag="east" polarization="vertical" roll_off="0.25" modulation_system="DVB-S2" modulation_type="8PSK" symbol_rate="29,700,000" FEC_inner="2/3"/>
    </transport_stream>
    <transport_stream transport_stream_id="0x0449" original_network_id="0x0001" preferred_section="2">
      <satellite_delivery_system_descriptor frequency="12,343,500,000" orbital_position="19.2" west_east_flag="east" polarization="horizontal" roll_off="0.20" modulation_system="DVB-S2" modulation_type="8PSK" symbol_rate="30,000,000" FEC_inner="2/3"/>
    </transport_stream>
    <transport_stream transport_stream_id="0x044A" original_network_id="0x0001" preferred_section="1">
      <satellite_delivery_system_descriptor frequency="12,363,000,000" orbital_position="19.2" west_east_flag="east" polarization="vertical" modulation_system="DVB-S" modulation_type="QPSK" symbol_rate="27,500,000" FEC_inner="3/4"/>
    </transport_stream>
    <transport_stream transport_stream_id="0x044C" original_network_id="0x0001" preferred_section="1">
      <satellite_delivery_system_descriptor frequency="12,402,000,000" orbital_position="19.2" west_east_flag="east" polarization="vertical" roll_off="0.25" modulation_system="DVB-S2" modulation_type="QPSK" symbol_rate="29,700,000" FEC_inner="5/6"/>
    </transport_stream>
    <transport_stream transport_stream_id="0x044D" original_network_id="0x0001" preferred_section="1">
      <satellite_delivery_system_descriptor frequency="11,836,500,000" orbital_position="19.2" west_east_flag="east" polarization="horizontal" modulation_system="DVB-S" modulation_type="QPSK" symbol_rate="27,500,000" FEC_inner="3/4"/>
    </transport_stream>
    <transport_stream transport_stream_id="0x044E" original_network_id="0x0001" preferred_section="1">
      <satellite_delivery_system_descriptor frequency="12,441,000,000" orbital_position="19.2" west_east_flag="east" polarization="vertical" roll_off="0.25" modulation_system="DVB-S2" modulation_type="QPSK" symbol_rate="29,700,000" FEC_inner="5/6"/>
    </transport_stream>
    <transport_stream transport_stream_id="0x0453" original_network_id="0x0001" preferred_section="1">
      <satellite_delivery_system_descriptor frequency="12,544,750,000" orbital_position="19.2" west_east_flag="east" polarization="horizontal" modulation_system="DVB-S" modulation_type="QPSK" symbol_rate="22,000,000" FEC_inner="5/6"/>
    </transport_stream>
    <transport_stream transport_stream_id="0x0454" original_network_id="0x0001" preferred_section="1">
      <satellite_delivery_system_descriptor frequency="12,551,500,000" orbital_position="19.2" west_east_flag="east" polarization="vertical" modulation_system="DVB-S" modulation_type="QPSK" symbol_rate="22,000,000" FEC_inner="5/6"/>
    </transport_stream>
    <transport_stream transport_stream_id="0x0455" original_network_id="0x0001" preferred_section="1">
      <satellite_delivery_system_descriptor frequency="12,574,250,000" orbital_position="19.2" west_east_flag="east" polarization="horizontal" roll_off="0.35" modulation_system="DVB-S2" modulation_type="8PSK" symbol_rate="22,000,000" FEC_inner="2/3"/>
    </transport_stream>
    <transport_stream transport_stream_id="0x0456" original_network_id="0x0001" preferred_section="1">
      <satellite_delivery_system_descriptor frequency="12,581,000,000" orbital_position="19.2" west_east_flag="east" polarization="vertical" roll_off="0.35" modulation_system="DVB-S2" modulation_type="8PSK" symbol_rate="22,000,000" FEC_inner="2/3"/>
    </transport_stream>
    <transport_stream transport_stream_id="0x0457" original_network_id="0x0001" preferred_section="1">
      <satellite_delivery_system_descriptor frequency="12,603,750,000" orbital_position="19.2" west_east_flag="east" polarization="horizontal" modulation_system="DVB-S" modulation_type="QPSK" symbol_rate="22,000,000" FEC_inner="5/6"/>
    </transport_stream>
    <transport_stream transport_stream_id="0x0459" original_network_id="0x0001" preferred_section="1">
      <satellite_delivery_system_descriptor frequency="12,633,250,000" orbital_position="19.2" west_east_flag="east" polarization="horizontal" modulation_system="DVB-S" modulation_type="QPSK" symbol_rate="22,000,000" FEC_inner="5/6"/>
    </transport_stream>
    <transport_stream transport_stream_id="0x045B" original_network_id="0x0001" preferred_section="1">
      <satellite_delivery_system_descriptor frequency="12,662,750,000" orbital_position="19.2" west_east_flag="east" polarization="horizontal" modulation_system="DVB-S" modulation_type="QPSK" symbol_rate="22,000,000" FEC_inner="5/6"/>
    </transport_stream>
    <transport_stream transport_stream_id="0x045D" original_network_id="0x0001" preferred_section="1">
      <satellite_delivery_system_descriptor frequency="12,692,250,000" orbital_position="19.2" west_east_flag="east" polarization="horizontal" modulation_system="DVB-S" modulation_type="QPSK" symbol_rate="22,000,000" FEC_inner="5/6"/>
    </transport_stream>
    <transport_stream transport_stream_id="0x045E" original_network_id="0x0001" preferred_section="1">
      <satellite_delivery_system_descriptor frequency="12,699,000,000" orbital_position="19.2" west_east_flag="east" polarization="vertical" roll_off="0.35" modulation_system="DVB-S2" modulation_type="8PSK" symbol_rate="22,000,000" FEC_inner="2/3"/>
    </transport_stream>
    <transport_stream transport_stream_id="0x045F" original_network_id="0x0001" preferred_section="1">
      <satellite_delivery_system_descriptor frequency="12,721,750,000" orbital_position="19.2" west_east_flag="east" polarization="horizontal" roll_off="0.35" modulation_system="DVB-S2" modulation_type="8PSK" symbol_rate="22,000,000" FEC_inner="2/3"/>
    </transport_stream>
    <transport_stream transport_stream_id="0x0460" original_network_id="0x0001" preferred_section="1">
      <satellite_delivery_system_descriptor frequency="12,728,500,000" orbital_position="19.2" west_east_flag="east" polarization="vertical" roll_off="0.35" modulation_system="DVB-S2" modulation_type="8PSK" symbol_rate="22,000,000" FEC_inner="2/3"/>
    </transport_stream>
    <transport_stream transport_stream_id="0x04B1" original_network_id="0x0001" preferred_section="1">
      <satellite_delivery_system_descriptor frequency="12,421,500,000" orbital_position="19.2" west_east_flag="east" polarization="horizontal" modulation_system="DVB-S" modulation_type="QPSK" symbol_rate="27,500,000" FEC_inner="3/4"/>
    </transport_stream>
    <transport_stream transport_stream_id="0x0451" original_network_id="0x0035" preferred_section="1">
      <satellite_delivery_system_descriptor frequency="12,515,250,000" orbital_position="19.2" west_east_flag="east" polarization="horizontal" modulation_system="DVB-S" modulation_type="QPSK" symbol_rate="22,000,000" FEC_inner="5/6"/>
    </transport_stream>
    <transport_stream transport_stream_id="0x0002" original_network_id="0x0085" preferred_section="2">
      <satellite_delivery_system_descriptor frequency="11,758,500,000" orbital_position="19.2" west_east_flag="east" polarization="horizontal" roll_off="0.35" modulation_system="DVB-S2" modulation_type="QPSK" symbol_rate="27,500,000" FEC_inner="9/10"/>
    </transport_stream>
    <transport_stream transport_stream_id="0x0003" original_network_id="0x0085" preferred_section="1">
      <satellite_delivery_system_descriptor frequency="11,719,500,000" orbital_position="19.2" west_east_flag="east" polarization="horizontal" roll_off="0.35" modulation_system="DVB-S2" modulation_type="QPSK" symbol_rate="27,500,000" FEC_inner="9/10"/>
    </transport_stream>
    <transport_stream transport_stream_id="0x0004" original_network_id="0x0085" preferred_section="1">
      <satellite_delivery_system_descriptor frequency="12,031,500,000" orbital_position="19.2" west_east_flag="east" polarization="horizontal" roll_off="0.35" modulation_system="DVB-S2" modulation_type="QPSK" symbol_rate="27,500,000" FEC_inner="9/10"/>
    </transport_stream>
    <transport_stream transport_stream_id="0x0005" original_network_id="0x0085" preferred_section="1">
      <satellite_delivery_system_descriptor frequency="12,460,500,000" orbital_position="19.2" west_east_flag="east" polarization="horizontal" modulation_system="DVB-S" modulation_type="QPSK" symbol_rate="27,500,000" FEC_inner="3/4"/>
    </transport_stream>
    <transport_stream transport_stream_id="0x0006" original_network_id="0x0085" preferred_section="1">
      <satellite_delivery_system_descriptor frequency="11,914,500,000" orbital_position="19.2" west_east_flag="east" polarization="horizontal" roll_off="0.35" modulation_system="DVB-S2" modulation_type="QPSK" symbol_rate="27,500,000" FEC_inner="9/10"/>
    </transport_stream>
    <transport_stream transport_stream_id="0x0007" original_network_id="0x0085" preferred_section="1">
      <satellite_delivery_system_descriptor frequency="12,148,500,000" orbital_position="19.2" west_east_flag="east" polarization="horizontal" modulation_system="DVB-S" modulation_type="QPSK" symbol_rate="27,500,000" FEC_inner="3/4"/>
    </transport_stream>
    <transport_stream transport_stream_id="0x0008" original_network_id="0x0085" preferred_section="2">
      <satellite_delivery_system_descriptor frequency="12,070,500,000" orbital_position="19.2" west_east_flag="east" polarization="horizontal" roll_off="0.35" modulation_system="DVB-S2" modulation_type="QPSK" symbol_rate="27,500,000" FEC_inner="9/10"/>
    </transport_stream>
    <transport_stream transport_stream_id="0x0009" original_network_id="0x0085" preferred_section="1">
      <satellite_delivery_system_descriptor frequency="11,170,750,000" orbital_position="19.2" west_east_flag="east" polarization="horizontal" roll_off="0.35" modulation_system="DVB-S2" modulation_type="8PSK" symbol_rate="22,000,000" FEC_inner="3/4"/>
    </transport_stream>
    <transport_stream transport_stream_id="0x000A" original_network_id="0x0085" preferred_section="0">
      <satellite_delivery_system_descriptor frequency="11,332,250,000" orbital_position="19.2" west_east_flag="east" polarization="horizontal" roll_off="0.35" modulation_system="DVB-S2" modulation_type="8PSK" symbol_rate="22,000,000" FEC_inner="3/4"/>
    </transport_stream>
    <transport_stream transport_stream_id="0x000B" original_network_id="0x0085" preferred_section="1">
      <satellite_delivery_system_descriptor frequency="12,382,500,000" orbital_position="19.2" west_east_flag="east" polarization="horizontal" roll_off="0.35" modulation_system="DVB-S2" modulation_type="QPSK" symbol_rate="27,500,000" FEC_inner="9/10"/>
    </transport_stream>
    <transport_stream transport_stream_id="0x000C" original_network_id="0x0085" preferred_section="1">
      <satellite_delivery_system_descriptor frequency="12,304,500,000" orbital_position="19.2" west_east_flag="east" polarization="horizontal" roll_off="0.35" modulation_system="DVB-S2" modulation_type="QPSK" symbol_rate="27,500,000" FEC_inner="9/10"/>
    </transport_stream>
    <transport_stream transport_stream_id="0x000D" original_network_id="0x0085" preferred_section="1">
      <satellite_delivery_system_descriptor frequency="11,992,500,000" orbital_position="19.2" west_east_flag="east" polarization="horizontal" roll_off="0.35" modulation_system="DVB-S2" modulation_type="QPSK" symbol_rate="27,500,000" FEC_inner="9/10"/>
    </transport_stream>
    <transport_stream transport_stream_id="0x000E" original_network_id="0x0085" preferred_section="1">
      <satellite_delivery_system_descriptor frequency="11,875,500,000" orbital_position="19.2" west_east_flag="east" polarization="horizontal" roll_off="0.35" modulation_system="DVB-S2" modulation_type="8PSK" symbol_rate="27,500,000" FEC_inner="3/4"/>
    </transport_stream>
    <transport_stream transport_stream_id="0x000F" original_network_id="0x0085" preferred_section="1">
      <satellite_delivery_system_descriptor frequency="10,920,750,000" orbital_position="19.2" west_east_flag="east" polarization="horizontal" modulation_system="DVB-S" modulation_type="QPSK" symbol_rate="22,000,000" FEC_inner="7/8"/>
    </transport_stream>
    <transport_stream transport_stream_id="0x0010" original_network_id="0x0085" preferred_section="2">
      <satellite_delivery_system_descriptor frequency="11,797,500,000" orbital_position="19.2" west_east_flag="east" polarization="horizontal" roll_off="0.35" modulation_system="DVB-S2" modulation_type="QPSK" symbol_rate="27,500,000" FEC_inner="9/10"/>
    </transport_stream>
    <transport_stream transport_stream_id="0x0021" original_network_id="0x0085" preferred_section="1">
      <satellite_delivery_system_descriptor frequency="12,480,000,000" orbital_position="19.2" west_east_flag="east" polarization="vertical" modulation_system="DVB-S" modulation_type="QPSK" symbol_rate="27,500,000" FEC_inner="3/4"/>
    </transport_stream>
  </NIT>
</tsduck>
