<?xml version="1.0" encoding="UTF-8"?>
<tsduck>
  <NIT version="26" current="true" network_id="0x0001" actual="true">
    <network_name_descriptor network_name="ASTRA 1"/>
    <linkage_descriptor transport_stream_id="0x0454" original_network_id="0x0001" service_id="0x000C" linkage_type="0x01"/>
    <linkage_descriptor transport_stream_id="0x0457" original_network_id="0x0001" service_id="0x000D" linkage_type="0x01"/>
    <linkage_descriptor transport_stream_id="0x0457" original_network_id="0x0001" service_id="0x0000" linkage_type="0x04"/>
    <linkage_descriptor transport_stream_id="0x0454" original_network_id="0x0001" service_id="0x0000" linkage_type="0x04">
      <private_data>
        4E 4F
      </private_data>
    </linkage_descriptor>
    <linkage_descriptor transport_stream_id="0x0457" original_network_id="0x0001" service_id="0x0000" linkage_type="0x0A">
      <private_data>
        02
      </private_data>
    </linkage_descriptor>
    <linkage_descriptor transport_stream_id="0x0460" original_network_id="0x0001" service_id="0x0000" linkage_type="0x0C">
      <private_data>
        02 FF FF
      </private_data>
    </linkage_descriptor>
    <linkage_descriptor transport_stream_id="0x0460" original_network_id="0x0001" service_id="0x1776" linkage_type="0x07"/>
    <private_data_specifier_descriptor private_data_specifier="Astra"/>
    <linkage_descriptor transport_stream_id="0x0457" original_network_id="0x0001" service_id="0x1EE6" linkage_type="0x90"/>
    <linkage_descriptor transport_stream_id="0x03EF" original_network_id="0x0001" service_id="0x1337" linkage_type="0x91"/>
    <linkage_descriptor transport_stream_id="0x0457" original_network_id="0x0001" service_id="0x1EE7" linkage_type="0x93"/>
    <linkage_descriptor transport_stream_id="0x0406" original_network_id="0x0001" service_id="0x11F7" linkage_type="0xA2"/>
    <linkage_descriptor transport_stream_id="0x0406" original_network_id="0x0001" service_id="0x11EE" linkage_type="0x09">
      <private_data>
        0A 00 07 0B 06 00 26 00 01 80 1D
      </private_data>
    </linkage_descriptor>
    <network_name_descriptor network_name="ASTRA 1"/>
    <network_name_descriptor network_name="ASTRA 1"/>
    <transport_stream transport_stream_id="0x03EA" original_network_id="0x0001" preferred_section="1">
      <satellite_delivery_system_descriptor frequency="11,229,000,000" orbital_position="19.2" west_east_flag="east" polarization="vertical" roll_off="0.35" modulation_system="DVB-S2" modulation_type="8PSK" symbol_rate="22,000,000" FEC_inner="2/3"/>
    </transport_stream>
    <transport_stream transport_stream_id="0x03EB" original_network_id="0x0001" preferred_section="0">
      <satellite_delivery_system_descriptor frequency="11,243,750,000" orbital_position="19.2" west_east_flag="east" polarization="horizontal" modulation_system="DVB-S" modulation_type="QPSK" symbol_rate="22,000,000" FEC_inner="5/6"/>
    </transport_stream>
    <transport_stream transport_stream_id="0x03EC" original_network_id="0x0001" preferred_section="0">
      <satellite_delivery_system_descriptor frequency="11,258,500,000" orbital_position="19.2" west_east_flag="east" polarization="vertical" roll_off="0.35" modulation_system="DVB-S2" modulation_type="8PSK" symbol_rate="22,000,000" FEC_inner="2/3"/>
    </transport_stream>
    <transport_stream transport_stream_id="0x03ED" original_network_id="0x0001" preferred_section="0">
      <satellite_delivery_system_descriptor frequency="11,273,250,000" orbital_position="19.2" west_east_flag="east" polarization="horizontal" roll_off="0.35" modulation_system="DVB-S2" modulation_type="8PSK" symbol_rate="22,000,000" FEC_inner="2/3"/>
    </transport_stream>
    <transport_stream transport_stream_id="0x03EE" original_network_id="0x0001" preferred_section="0">
      <satellite_delivery_system_descriptor frequency="11,288,000,000" orbital_position="19.2" west_east_flag="east" polarization="vertical" roll_off="0.20" modulation_system="DVB-S2" modulation_type="8PSK" symbol_rate="22,000,000" FEC_inner="2/3"/>
    </transport_stream>
    <transport_stream transport_stream_id="0x03EF" original_network_id="0x0001" preferred_section="0">
      <satellite_delivery_system_descriptor frequency="11,302,750,000" orbital_position="19.2" west_east_flag="east" polarization="horizontal" roll_off="0.35" modulation_system="DVB-S2" modulation_type="8PSK" symbol_rate="22,000,000" FEC_inner="2/3"/>
    </transport_stream>
    <transport_stream transport_stream_id="0x03F0" original_network_id="0x0001" preferred_section="0">
      <satellite_delivery_system_descriptor frequency="11,317,500,000" orbital_position="19.2" west_east_flag="east" polarization="vertical" modulation_system="DVB-S" modulation_type="QPSK" symbol_rate="22,000,000" FEC_inner="5/6"/>
    </transport_stream>
    <transport_stream transport_stream_id="0x03F2" original_network_id="0x0001" preferred_section="0">
      <satellite_delivery_system_descriptor frequency="11,347,000,000" orbital_position="19.2" west_east_flag="east" polarization="vertical" roll_off="0.35" modulation_system="DVB-S2" modulation_type="8PSK" symbol_rate="22,000,000" FEC_inner="2/3"/>
    </transport_stream>
    <transport_stream transport_stream_id="0x03F3" original_network_id="0x0001" preferred_section="0">
      <satellite_delivery_system_descriptor frequency="11,361,750,000" orbital_position="19.2" west_east_flag="east" polarization="horizontal" roll_off="0.35" modulation_system="DVB-S2" modulation_type="8PSK" symbol_rate="22,000,000" FEC_inner="2/3"/>
    </transport_stream>
    <transport_stream transport_stream_id="0x03F4" original_network_id="0x0001" preferred_section="0">
      <satellite_delivery_system_descriptor frequency="11,376,500,000" orbital_position="19.2" west_east_flag="east" polarization="vertical" roll_off="0.35" modulation_system="DVB-S2" modulation_type="8PSK" symbol_rate="22,000,000" FEC_inner="2/3"/>
    </transport_stream>
    <transport_stream transport_stream_id="0x03F5" original_network_id="0x0001" preferred_section="0">
      <satellite_delivery_system_descriptor frequency="11,391,250,000" orbital_position="19.2" west_east_flag="east" polarization="horizontal" modulation_system="DVB-S" modulation_type="QPSK" symbol_rate="22,000,000" FEC_inner="5/6"/>
    </transport_stream>
    <transport_stream transport_stream_id="0x03F7" original_network_id="0x0001" preferred_section="0">
      <satellite_delivery_system_descriptor frequency="11,420,750,000" orbital_position="19.2" west_east_flag="east" polarization="horizontal" modulation_system="DVB-S" modulation_type="QPSK" symbol_rate="22,000,000" FEC_inner="5/6"/>
    </transport_stream>
    <transport_stream transport_stream_id="0x03F8" original_network_id="0x0001" preferred_section="0">
      <satellite_delivery_system_descriptor frequency="11,435,500,000" orbital_position="19.2" west_east_flag="east" polarization="vertical" roll_off="0.35" modulation_system="DVB-S2" modulation_type="8PSK" symbol_rate="22,000,000" FEC_inner="2/3"/>
    </transport_stream>
    <transport_stream transport_stream_id="0x03F9" original_network_id="0x0001" preferred_section="0">
      <satellite_delivery_system_descriptor frequency="11,464,250,000" orbital_position="19.2" west_east_flag="east" polarization="horizontal" roll_off="0.35" modulation_system="DVB-S2" modulation_type="8PSK" symbol_rate="22,000,000" FEC_inner="2/3"/>
    </transport_stream>
    <transport_stream transport_stream_id="0x03FB" original_network_id="0x0001" preferred_section="0">
      <satellite_delivery_system_descriptor frequency="11,493,750,000" orbital_position="19.2" west_east_flag="east" polarization="horizontal" roll_off="0.35" modulation_system="DVB-S2" modulation_type="8PSK" symbol_rate="22,000,000" FEC_inner="2/3"/>
    </transport_stream>
    <transport_stream transport_stream_id="0x03FC" original_network_id="0x0001" preferred_section="0">
      <satellite_delivery_system_descriptor frequency="11,508,500,000" orbital_position="19.2" west_east_flag="east" polarization="vertical" modulation_system="DVB-S" modulation_type="QPSK" symbol_rate="22,000,000" FEC_inner="5/6"/>
    </transport_stream>
    <transport_stream transport_stream_id="0x03FD" original_network_id="0x0001" preferred_section="0">
      <satellite_delivery_system_descriptor frequency="11,523,250,000" orbital_position="19.2" west_east_flag="east" polarization="horizontal" modulation_system="DVB-S" modulation_type="QPSK" symbol_rate="22,000,000" FEC_inner="5/6"/>
    </transport_stream>
    <transport_stream transport_stream_id="0x03FE" original_network_id="0x0001" preferred_section="0">
      <satellite_delivery_system_descriptor frequency="11,538,000,000" orbital_position="19.2" west_east_flag="east" polarization="vertical" modulation_system="DVB-S" modulation_type="QPSK" symbol_rate="22,000,000" FEC_inner="5/6"/>
    </transport_stream>
    <transport_stream transport_stream_id="0x0401" original_network_id="0x0001" preferred_section="0">
      <satellite_delivery_system_descriptor frequency="11,582,250,000" orbital_position="19.2" west_east_flag="east" polarization="horizontal" roll_off="0.35" modulation_system="DVB-S2" modulation_type="8PSK" symbol_rate="22,000,000" FEC_inner="2/3"/>
    </transport_stream>
    <transport_stream transport_stream_id="0x0402" original_network_id="0x0001" preferred_section="0">
      <satellite_delivery_system_descriptor frequency="11,597,000,000" orbital_position="19.2" west_east_flag="east" polarization="vertical" modulation_system="DVB-S" modulation_type="QPSK" symbol_rate="22,000,000" FEC_inner="5/6"/>
    </transport_stream>
    <transport_stream transport_stream_id="0x0403" original_network_id="0x0001" preferred_section="0">
      <satellite_delivery_system_descriptor frequency="11,611,750,000" orbital_position="19.2" west_east_flag="east" polarization="horizontal" modulation_system="DVB-S" modulation_type="QPSK" symbol_rate="22,000,000" FEC_inner="5/6"/>
    </transport_stream>
    <transport_stream transport_stream_id="0x0404" original_network_id="0x0001" preferred_section="0">
      <satellite_delivery_system_descriptor frequency="11,626,500,000" orbital_position="19.2" west_east_flag="east" polarization="vertical" modulation_system="DVB-S" modulation_type="QPSK" symbol_rate="22,000,000" FEC_inner="5/6"/>
    </transport_stream>
    <transport_stream transport_stream_id="0x0406" original_network_id="0x0001" preferred_section="2">
      <satellite_delivery_system_descriptor frequency="11,656,000,000" orbital_position="19.2" west_east_flag="east" polarization="vertical" roll_off="0.35" modulation_system="DVB-S2" modulation_type="8PSK" symbol_rate="22,000,000" FEC_inner="2/3"/>
    </transport_stream>
    <transport_stream transport_stream_id="0x0407" original_network_id="0x0001" preferred_section="0">
      <satellite_delivery_system_descriptor frequency="11,670,750,000" orbital_position="19.2" west_east_flag="east" polarization="horizontal" roll_off="0.35" modulation_system="DVB-S2" modulation_type="8PSK" symbol_rate="22,000,000" FEC_inner="2/3"/>
    </transport_stream>
    <transport_stream transport_stream_id="0x0408" original_network_id="0x0001" preferred_section="0">
      <satellite_delivery_system_descriptor frequency="11,685,500,000" orbital_position="19.2" west_east_flag="east" polarization="vertical" modulation_system="DVB-S" modulation_type="QPSK" symbol_rate="22,000,000" FEC_inner="5/6"/>
    </transport_stream>
    <transport_stream transport_stream_id="0x0409" original_network_id="0x0001" preferred_section="0">
      <satellite_delivery_system_descriptor frequency="10,964,250,000" orbital_position="19.2" west_east_flag="east" polarization="horizontal" roll_off="0.35" modulation_system="DVB-S2" modulation_type="8PSK" symbol_rate="22,000,000" FEC_inner="2/3"/>
    </transport_stream>
    <transport_stream transport_stream_id="0x040A" original_network_id="0x0001" preferred_section="0">
      <satellite_delivery_system_descriptor frequency="10,979,000,000" orbital_position="19.2" west_east_flag="east" polarization="vertical" modulation_system="DVB-S" modulation_type="QPSK" symbol_rate="22,000,000" FEC_inner="5/6"/>
    </transport_stream>
    <transport_stream transport_stream_id="0x040B" original_network_id="0x0001" preferred_section="2">
      <satellite_delivery_system_descriptor frequency="10,993,750,000" orbital_position="19.2" west_east_flag="east" polarization="horizontal" roll_off="0.35" modulation_system="DVB-S2" modulation_type="8PSK" symbol_rate="22,000,000" FEC_inner="5/6"/>
    </transport_stream>
    <transport_stream transport_stream_id="0x040E" original_network_id="0x0001" preferred_section="0">
      <satellite_delivery_system_descriptor frequency="11,038,000,000" orbital_position="19.2" west_east_flag="east" polarization="vertical" modulation_system="DVB-S" modulation_type="QPSK" symbol_rate="22,000,000" FEC_inner="5/6"/>
    </transport_stream>
    <transport_stream transport_stream_id="0x040F" original_network_id="0x0001" preferred_section="0">
      <satellite_delivery_system_descriptor frequency="11,052,750,000" orbital_position="19.2" west_east_flag="east" polarization="horizontal" roll_off="0.35" modulation_system="DVB-S2" modulation_type="8PSK" symbol_rate="22,000,000" FEC_inner="2/3"/>
    </transport_stream>
    <transport_stream transport_stream_id="0x0410" original_network_id="0x0001" preferred_section="0">
      <satellite_delivery_system_descriptor frequency="11,067,500,000" orbital_position="19.2" west_east_flag="east" polarization="vertical" modulation_system="DVB-S" modulation_type="QPSK" symbol_rate="22,000,000" FEC_inner="5/6"/>
    </transport_stream>
    <transport_stream transport_stream_id="0x0411" original_network_id="0x0001" preferred_section="0">
      <satellite_delivery_system_descriptor frequency="11,082,250,000" orbital_position="19.2" west_east_flag="east" polarization="horizontal" roll_off="0.20" modulation_system="DVB-S2" modulation_type="8PSK" symbol_rate="22,000,000" FEC_inner="3/4"/>
    </transport_stream>
    <transport_stream transport_stream_id="0x0412" original_network_id="0x0001" preferred_section="0">
      <satellite_delivery_system_descriptor frequency="11,097,000,000" orbital_position="19.2" west_east_flag="east" polarization="vertical" modulation_system="DVB-S" modulation_type="QPSK" symbol_rate="22,000,000" FEC_inner="5/6"/>
    </transport_stream>
    <transport_stream transport_stream_id="0x0413" original_network_id="0x0001" preferred_section="1">
      <satellite_delivery_system_descriptor frequency="11,111,750,000" orbital_position="19.2" west_east_flag="east" polarization="horizontal" roll_off="0.35" modulation_system="DVB-S2" modulation_type="8PSK" symbol_rate="22,000,000" FEC_inner="2/3"/>
    </transport_stream>
    <transport_stream transport_stream_id="0x0414" original_network_id="0x0001" preferred_section="0">
      <satellite_delivery_system_descriptor frequency="11,126,500,000" orbital_position="19.2" west_east_flag="east" polarization="vertical" roll_off="0.35" modulation_system="DVB-S2" modulation_type="8PSK" symbol_rate="22,000,000" FEC_inner="2/3"/>
    </transport_stream>
    <transport_stream transport_stream_id="0x0416" original_network_id="0x0001" preferred_section="0">
      <satellite_delivery_system_descriptor frequency="11,156,000,000" orbital_position="19.2" west_east_flag="east" polarization="vertical" modulation_system="DVB-S" modulation_type="QPSK" symbol_rate="22,000,000" FEC_inner="5/6"/>
    </transport_stream>
    <transport_stream transport_stream_id="0x0418" original_network_id="0x0001" preferred_section="0">
      <satellite_delivery_system_descriptor frequency="11,185,500,000" orbital_position="19.2" west_east_flag="east" polarization="vertical" modulation_system="DVB-S" modulation_type="QPSK" symbol_rate="22,000,000" FEC_inner="5/6"/>
    </transport_stream>
    <transport_stream transport_stream_id="0x041A" original_network_id="0x0001" preferred_section="0">
      <satellite_delivery_system_descriptor frequency="10,729,000,000" orbital_position="19.2" west_east_flag="east" polarization="vertical" roll_off="0.35" modulation_system="DVB-S2" modulation_type="8PSK" symbol_rate="22,000,000" FEC_inner="2/3"/>
    </transport_stream>
    <transport_stream transport_stream_id="0x041B" original_network_id="0x0001" preferred_section="0">
      <satellite_delivery_system_descriptor frequency="10,743,750,000" orbital_position="19.2" west_east_flag="east" polarization="horizontal" modulation_system="DVB-S" modulation_type="QPSK" symbol_rate="22,000,000" FEC_inner="5/6"/>
    </transport_stream>
    <transport_stream transport_stream_id="0x041C" original_network_id="0x0001" preferred_section="0">
      <satellite_delivery_system_descriptor frequency="10,758,500,000" orbital_position="19.2" west_east_flag="east" polarization="vertical" modulation_system="DVB-S" modulation_type="QPSK" symbol_rate="22,000,000" FEC_inner="5/6"/>
    </transport_stream>
    <transport_stream transport_stream_id="0x041D" original_network_id="0x0001" preferred_section="0">
      <satellite_delivery_system_descriptor frequency="10,773,250,000" orbital_position="19.2" west_east_flag="east" polarization="horizontal" roll_off="0.20" modulation_system="DVB-S2" modulation_type="8PSK" symbol_rate="22,000,000" FEC_inner="3/4"/>
    </transport_stream>
    <transport_stream transport_stream_id="0x041E" original_network_id="0x0001" preferred_section="0">
      <satellite_delivery_system_descriptor frequency="10,788,000,000" orbital_position="19.2" west_east_flag="east" polarization="vertical" modulation_system="DVB-S" modulation_type="QPSK" symbol_rate="22,000,000" FEC_inner="5/6"/>
    </transport_stream>
    <transport_stream transport_stream_id="0x041F" original_network_id="0x0001" preferred_section="0">
      <satellite_delivery_system_descriptor frequency="10,802,750,000" orbital_position="19.2" west_east_flag="east" polarization="horizontal" roll_off="0.35" modulation_system="DVB-S2" modulation_type="8PSK" symbol_rate="22,000,000" FEC_inner="3/4"/>
    </transport_stream>
    <transport_stream transport_stream_id="0x0420" original_network_id="0x0001" preferred_section="0">
      <satellite_delivery_system_descriptor frequency="10,817,500,000" orbital_position="19.2" west_east_flag="east" polarization="vertical" roll_off="0.35" modulation_system="DVB-S2" modulation_type="8PSK" symbol_rate="22,000,000" FEC_inner="2/3"/>
    </transport_stream>
    <transport_stream transport_stream_id="0x0421" original_network_id="0x0001" preferred_section="0">
      <satellite_delivery_system_descriptor frequency="10,832,250,000" orbital_position="19.2" west_east_flag="east" polarization="horizontal" roll_off="0.35" modulation_system="DVB-S2" modulation_type="8PSK" symbol_rate="22,000,000" FEC_inner="2/3"/>
    </transport_stream>
    <transport_stream transport_stream_id="0x0422" original_network_id="0x0001" preferred_section="0">
      <satellite_delivery_system_descriptor frequency="10,847,000,000" orbital_position="19.2" west_east_flag="east" polarization="vertical" modulation_system="DVB-S" modulation_type="QPSK" symbol_rate="22,000,000" FEC_inner="5/6"/>
    </transport_stream>
    <transport_stream transport_stream_id="0x0424" original_network_id="0x0001" preferred_section="0">
      <satellite_delivery_system_descriptor frequency="10,876,500,000" orbital_position="19.2" west_east_flag="east" polarization="vertical" modulation_system="DVB-S" modulation_type="QPSK" symbol_rate="22,000,000" FEC_inner="5/6"/>
    </transport_stream>
    <transport_stream transport_stream_id="0x0425" original_network_id="0x0001" preferred_section="0">
      <satellite_delivery_system_descriptor frequency="10,891,250,000" orbital_position="19.2" west_east_flag="east" polarization="horizontal" roll_off="0.35" modulation_system="DVB-S2" modulation_type="8PSK" symbol_rate="22,000,000" FEC_inner="2/3"/>
    </transport_stream>
    <transport_stream transport_stream_id="0x0426" original_network_id="0x0001" preferred_section="2">
      <satellite_delivery_system_descriptor frequency="10,906,000,000" orbital_position="19.2" west_east_flag="east" polarization="vertical" roll_off="0.35" modulation_system="DVB-S2" modulation_type="8PSK" symbol_rate="22,000,000" FEC_inner="2/3"/>
    </transport_stream>
    <transport_stream transport_stream_id="0x0428" original_network_id="0x0001" preferred_section="1">
      <satellite_delivery_system_descriptor frequency="10,935,500,000" orbital_position="19.2" west_east_flag="east" polarization="vertical" roll_off="0.35" modulation_system="DVB-S2" modulation_type="8PSK" symbol_rate="22,000,000" FEC_inner="2/3"/>
    </transport_stream>
    <transport_stream transport_stream_id="0x042A" original_network_id="0x0001" preferred_section="1">
      <satellite_delivery_system_descriptor frequency="11,739,000,000" orbital_position="19.2" west_east_flag="east" polarization="vertical" modulation_system="DVB-S" modulation_type="QPSK" symbol_rate="27,500,000" FEC_inner="3/4"/>
    </transport_stream>
    <transport_stream transport_stream_id="0x042E" original_network_id="0x0001" preferred_section="1">
      <satellite_delivery_system_descriptor frequency="11,817,000,000" orbital_position="19.2" west_east_flag="east" polarization="vertical" roll_off="0.25" modulation_system="DVB-S2" modulation_type="QPSK" symbol_rate="29,700,000" FEC_inner="5/6"/>
    </transport_stream>
    <transport_stream transport_stream_id="0x0430" original_network_id="0x0001" preferred_section="1">
      <satellite_delivery_system_descriptor frequency="11,856,000,000" orbital_position="19.2" west_east_flag="east" polarization="vertical" roll_off="0.25" modulation_system="DVB-S2" modulation_type="QPSK" symbol_rate="29,700,000" FEC_inner="5/6"/>
    </transport_stream>
    <transport_stream transport_stream_id="0x0431" original_network_id="0x0001" preferred_section="1">
      <satellite_delivery_system_descriptor frequency="12,109,500,000" orbital_position="19.2" west_east_flag="east" polarization="horizontal" modulation_system="DVB-S" modulation_type="QPSK" symbol_rate="27,500,000" FEC_inner="3/4"/>
    </transport_stream>
    <transport_stream transport_stream_id="0x0432" original_network_id="0x0001" preferred_section="1">
      <satellite_delivery_system_descriptor frequency="11,895,000,000" orbital_position="19.2" west_east_flag="east" polarization="vertical" roll_off="0.25" modulation_system="DVB-S2" modulation_type="QPSK" symbol_rate="29,700,000" FEC_inner="5/6"/>
    </transport_stream>
    <transport_stream transport_stream_id="0x0434" original_network_id="0x0001" preferred_section="1">
      <satellite_delivery_system_descriptor frequency="11,934,000,000" orbital_position="19.2" west_east_flag="east" polarization="vertical" roll_off="0.25" modulation_system="DVB-S2" modulation_type="QPSK" symbol_rate="29,700,000" FEC_inner="5/6"/>
    </transport_stream>
    <transport_stream transport_stream_id="0x0436" original_network_id="0x0001" preferred_section="1">
      <satellite_delivery_system_descriptor frequency="11,973,000,000" orbital_position="19.2" west_east_flag="east" polarization="vertical" modulation_system="DVB-S" modulation_type="QPSK" symbol_rate="27,500,000" FEC_inner="3/4"/>
    </transport_stream>
    <transport_stream transport_stream_id="0x0437" original_network_id="0x0001" preferred_section="1">
      <satellite_delivery_system_descriptor frequency="11,953,500,000" orbital_position="19.2" west_east_flag="east" polarization="horizontal" modulation_system="DVB-S" modulation_type="QPSK" symbol_rate="27,500,000" FEC_inner="3/4"/>
    </transport_stream>
    <transport_stream transport_stream_id="0x0438" original_network_id="0x0001" preferred_section="1">
      <satellite_delivery_system_descriptor frequency="12,012,000,000" orbital_position="19.2" west_east_flag="east" polarization="vertical" roll_off="0.25" modulation_system="DVB-S2" modulation_type="QPSK" symbol_rate="29,700,000" FEC_inner="5/6"/>
    </transport_stream>
    <transport_stream transport_stream_id="0x043A" original_network_id="0x0001" preferred_section="1">
      <satellite_delivery_system_descriptor frequency="12,051,000,000" orbital_position="19.2" west_east_flag="east" polarization="vertical" modulation_system="DVB-S" modulation_type="QPSK" symbol_rate="27,500,000" FEC_inner="3/4"/>
    </transport_stream>
    <transport_stream transport_stream_id="0x043C" original_network_id="0x0001" preferred_section="1">
      <satellite_delivery_system_descriptor frequency="12,090,000,000" orbital_position="19.2" west_east_flag="east" polarization="vertical" roll_off="0.25" modulation_system="DVB-S2" modulation_type="QPSK" symbol_rate="29,700,000" FEC_inner="5/6"/>
    </transport_stream>
    <transport_stream transport_stream_id="0x043E" original_network_id="0x0001" preferred_section="1">
      <satellite_delivery_system_descriptor frequency="12,129,000,000" orbital_position="19.2" west_east_flag="east" polarization="vertical" roll_off="0.25" modulation_system="DVB-S2" modulation_type="QPSK" symbol_rate="29,700,000" FEC_inner="5/6"/>
    </transport_stream>
    <transport_stream transport_stream_id="0x0440" original_network_id="0x0001" preferred_section="1">
      <satellite_delivery_system_descriptor frequency="12,168,000,000" orbital_position="19.2" west_east_flag="east" polarization="vertical" roll_off="0.25" modulation_system="DVB-S2" modulation_type="8PSK" symbol_rate="29,700,000" FEC_inner="2/3"/>
    </transport_stream>
    <transport_stream transport_stream_id="0x0441" original_network_id="0x0001" preferred_section="1">
      <satellite_delivery_system_descriptor frequency="12,187,500,000" orbital_position="19.2" west_east_flag="east" polarization="horizontal" modulation_system="DVB-S" modulation_type="QPSK" symbol_rate="27,500,000" FEC_inner="3/4"/>
    </transport_stream>
    <transport_stream transport_stream_id="0x0442" original_network_id="0x0001" preferred_section="1">
      <satellite_delivery_system_descriptor frequency="12,207,000,000" orbital_position="19.2" west_east_flag="east" polarization="vertical" roll_off="0.25" modulation_system="DVB-S2" modulation_type="QPSK" symbol_rate="29,700,000" FEC_inner="5/6"/>
    </transport_stream>
    <transport_stream transport_stream_id="0x0443" original_network_id="0x0001" preferred_section="1">
      <satellite_delivery_system_descriptor frequency="12,226,500,000" orbital_position="19.2" west_east_flag="east" polarization="horizontal" modulation_system="DVB-S" modulation_type="QPSK" symbol_rate="27,500,000" FEC_inner="3/4"/>
    </transport_stream>
    <transport_stream transport_stream_id="0x0444" original_network_id="0x0001" preferred_section="1">
      <satellite_delivery_system_descriptor frequency="12,246,000,000" orbital_position="19.2" west_east_flag="east" polarization="vertical" roll_off="0.25" modulation_system="DVB-S2" modulation_type="QPSK" symbol_rate="29,700,000" FEC_inner="5/6"/>
    </transport_stream>
    <transport_stream transport_stream_id="0x0445" original_network_id="0x0001" preferred_section="1">
      <satellite_delivery_system_descriptor frequency="12,265,500,000" orbital_position="19.2" west_east_flag="east" polarization="horizontal" modulation_system="DVB-S" modulation_type="QPSK" symbol_rate="27,500,000" FEC_inner="3/4"/>
    </transport_stream>
    <transport_stream transport_stream_id="0x0446" original_network_id="0x0001" preferred_section="1">
      <satellite_delivery_system_descriptor frequency="12,285,000,000" orbital_position="19.2" west_east_flag="east" polarization="vertical" roll_off="0.25" modulation_system="DVB-S2" modulation_type="8PSK" symbol_rate="29,700,000" FEC_inner="2/3"/>
    </transport_stream>
    <transport_stream transport_stream_id="0x0448" original_network_id="0x0001" preferred_section="1">
      <satellite_delivery_system_descriptor frequency="12,324,000,000" orbital_position="19.2" west_east_flag="east" polarization="vertical" roll_off="0.25" modulation_system="DVB-S2" modulation_type="8PSK" symbol_rate="29,700,000" FEC_inner="2/3"/>
    </transport_stream>
    <transport_stream transport_stream_id="0x0449" original_network_id="0x0001" preferred_section="2">
      <satellite_delivery_system_descriptor frequency="12,343,500,000" orbital_position="19.2" west_east_flag="east" polarization="horizontal" roll_off="0.20" modulation_system="DVB-S2" modulation_type="8PSK" symbol_rate="30,000,000" FEC_inner="2/3"/>
    </transport_stream>
    <transport_stream transport_stream_id="0x044A" original_network_id="0x0001" preferred_section="1">
      <satellite_delivery_system_descriptor frequency="12,363,000,000" orbital_position="19.2" west_east_flag="east" polarization="vertical" modulation_system="DVB-S" modulation_type="QPSK" symbol_rate="27,500,000" FEC_inner="3/4"/>
    </transport_stream>
    <transport_stream transport_stream_id="0x044C" original_network_id="0x0001" preferred_section="1">
      <satellite_delivery_system_descriptor frequency="12,402,000,000" orbital_position="19.2" west_east_flag="east" polarization="vertical" roll_off="0.25" modulation_system="DVB-S2" modulation_type="QPSK" symbol_rate="29,700,000" FEC_inner="5/6"/>
    </transport_stream>
    <transport_stream transport_stream_id="0x044D" original_network_id="0x0001" preferred_section="1">
      <satellite_delivery_system_descriptor frequency="11,836,500,000" orbital_position="19.2" west_east_flag="east" polarization="horizontal" modulation_system="DVB-S" modulation_type="QPSK" symbol_rate="27,500,000" FEC_inner="3/4"/>
    </transport_stream>
    <transport_stream transport_stream_id="0x044E" original_network_id="0x0001" preferred_section="1">
      <satellite_delivery_system_descriptor frequency="12,441,000,000" orbital_position="19.2" west_east_flag="east" polarization="vertical" roll_off="0.25" modulation_system="DVB-S2" modulation_type="QPSK" symbol_rate="29,700,000" FEC_inner="5/6"/>
    </transport_stream>
    <transport_stream transport_stream_id="0x0453" original_network_id="0x0001" preferred_section="1">
      <satellite_delivery_system_descriptor frequency="12,544,750,000" orbital_position="19.2" west_east_flag="east" polarization="horizontal" modulation_system="DVB-S" modulation_type="QPSK" symbol_rate="22,000,000" FEC_inner="5/6"/>
    </transport_stream>
    <transport_stream transport_stream_id="0x0454" original_network_id="0x0001" preferred_section="1">
      <satellite_delivery_system_descriptor frequency="12,551,500,000" orbital_position="19.2" west_east_flag="east" polarization="vertical" modulation_system="DVB-S" modulation_type="QPSK" symbol_rate="22,000,000" FEC_inner="5/6"/>
    </transport_stream>
    <transport_stream transport_stream_id="0x0455" original_network_id="0x0001" preferred_section="1">
      <satellite_delivery_system_descriptor frequency="12,574,250,000" orbital_position="19.2" west_east_flag="east" polarization="horizontal" roll_off="0.35" modulation_system="DVB-S2" modulation_type="8PSK" symbol_rate="22,000,000" FEC_inner="2/3"/>
    </transport_stream>
    <transport_stream transport_stream_id="0x0456" original_network_id="0x0001" preferred_section="1">
      <satellite_delivery_system_descriptor frequency="12,581,000,000" orbital_position="19.2" west_east_flag="east" polarization="vertical" roll_off="0.35" modulation_system="DVB-S2" modulation_type="8PSK" symbol_rate="22,000,000" FEC_inner="2/3"/>
    </transport_stream>
    <transport_stream transport_stream_id="0x0457" original_network_id="0x0001" preferred_section="1">
      <satellite_delivery_system_descriptor frequency="12,603,750,000" orbital_position="19.2" west_east_flag="east" polarization="horizontal" modulation_system="DVB-S" modulation_type="QPSK" symbol_rate="22,000,000" FEC_inner="5/6"/>
    </transport_stream>
    <transport_stream transport_stream_id="0x0459" original_network_id="0x0001" preferred_section="1">
      <satellite_delivery_system_descriptor frequency="12,633,250,000" orbital_position="19.2" west_east_flag="east" polarization="horizontal" modulation_system="DVB-S" modulation_type="QPSK" symbol_rate="22,000,000" FEC_inner="5/6"/>
    </transport_stream>
    <transport_stream transport_stream_id="0x045B" original_network_id="0x0001" preferred_section="1">
      <satellite_delivery_system_descriptor frequency="12,662,750,000" orbital_position="19.2" west_east_flag="east" polarization="horizontal" modulation_system="DVB-S" modulation_type="QPSK" symbol_rate="22,000,000" FEC_inner="5/6"/>
    </transport_stream>
    <transport_stream transport_stream_id="0x045D" original_network_id="0x0001" preferred_section="1">
      <satellite_delivery_system_descriptor frequency="12,692,250,000" orbital_position="19.2" west_east_flag="east" polarization="horizontal" modulation_system="DVB-S" modulation_type="QPSK" symbol_rate="22,000,000" FEC_inner="5/6"/>
    </transport_stream>
    <transport_stream transport_stream_id="0x045E" original_network_id="0x0001" preferred_section="1">
      <satellite_delivery_system_descriptor frequency="12,699,000,000" orbital_position="19.2" west_east_flag="east" polarization="vertical" roll_off="0.35" modulation_system="DVB-S2" modulation_type="8PSK" symbol_rate="22,000,000" FEC_inner="2/3"/>
    </transport_stream>
    <transport_stream transport_stream_id="0x045F" original_network_id="0x0001" preferred_section="1">
      <satellite_delivery_system_descriptor frequency="12,721,750,000" orbital_position="19.2" west_east_flag="east" polarization="horizontal" roll_off="0.35" modulation_system="DVB-S2" modulation_type="8PSK" symbol_rate="22,000,000" FEC_inner="2/3"/>
    </transport_stream>
    <transport_stream transport_stream_id="0x0460" original_network_id="0x0001" preferred_section="1">
      <satellite_delivery_system_descriptor frequency="12,728,500,000" orbital_position="19.2" west_east_flag="east" polarization="vertical" roll_off="0.35" modulation_system="DVB-S2" modulation_type="8PSK" symbol_rate="22,000,000" FEC_inner="2/3"/>
    </transport_stream>
    <transport_stream transport_stream_id="0x04B1" original_network_id="0x0001" preferred_section="1">
      <satellite_delivery_system_descriptor frequency="12,421,500,000" orbital_position="19.2" west_east_flag="east" polarization="horizontal" modulation_system="DVB-S" modulation_type="QPSK" symbol_rate="27,500,000" FEC_inner="3/4"/>
    </transport_stream>
    <transport_stream transport_stream_id="0x0451" original_network_id="0x0035" preferred_section="1">
      <satellite_delivery_system_descriptor frequency="12,515,250,000" orbital_position="19.2" west_east_flag="east" polarization="horizontal" modulation_system="DVB-S" modulation_type="QPSK" symbol_rate="22,000,000" FEC_inner="5/6"/>
    </transport_stream>
    <transport_stream transport_stream_id="0x0002" original_network_id="0x0085" preferred_section="2">
      <satellite_delivery_system_descriptor frequency="11,758,500,000" orbital_position="19.2" west_east_flag="east" polarization="horizontal" roll_off="0.35" modulation_system="DVB-S2" modulation_type="QPSK" symbol_rate="27,500,000" FEC_inner="9/10"/>
    </transport_stream>
    <transport_stream transport_stream_id="0x0003" original_network_id="0x0085" preferred_section="1">
      <satellite_delivery_system_descriptor frequency="11,719,500,000" orbital_position="19.2" west_east_flag="east" polarization="horizontal" roll_off="0.35" modulation_system="DVB-S2" modulation_type="QPSK" symbol_rate="27,500,000" FEC_inner="9/10"/>
    </transport_stream>
    <transport_stream transport_stream_id="0x0004" original_network_id="0x0085" preferred_section="1">
      <satellite_delivery_system_descriptor frequency="12,031,500,000" orbital_position="19.2" west_east_flag="east" polarization="horizontal" roll_off="0.35" modulation_system="DVB-S2" modulation_type="QPSK" symbol_rate="27,500,000" FEC_inner="9/10"/>
    </transport_stream>
    <transport_stream transport_stream_id="0x0005" original_network_id="0x0085" preferred_section="1">
      <satellite_delivery_system_descriptor frequency="12,460,500,000" orbital_position="19.2" west_east_flag="east" polarization="horizontal" modulation_system="DVB-S" modulation_type="QPSK" symbol_rate="27,500,000" FEC_inner="3/4"/>
    </transport_stream>
    <transport_stream transport_stream_id="0x0006" original_network_id="0x0085" preferred_section="1">
      <satellite_delivery_system_descriptor frequency="11,914,500,000" orbital_position="19.2" west_east_flag="east" polarization="horizontal" roll_off="0.35" modulation_system="DVB-S2" modulation_type="QPSK" symbol_rate="27,500,000" FEC_inner="9/10"/>
    </transport_stream>
    <transport_stream transport_stream_id="0x0007" original_network_id="0x0085" preferred_section="1">
      <satellite_delivery_system_descriptor frequency="12,148,500,000" orbital_position="19.2" west_east_flag="east" polarization="horizontal" modulation_system="DVB-S" modulation_type="QPSK" symbol_rate="27,500,000" FEC_inner="3/4"/>
    </transport_stream>
    <transport_stream transport_stream_id="0x0008" original_network_id="0x0085" preferred_section="2">
      <satellite_delivery_system_descriptor frequency="12,070,500,000" orbital_position="19.2" west_east_flag="east" polarization="horizontal" roll_off="0.35" modulation_system="DVB-S2" modulation_type="QPSK" symbol_rate="27,500,000" FEC_inner="9/10"/>
    </transport_stream>
    <transport_stream transport_stream_id="0x0009" original_network_id="0x0085" preferred_section="1">
      <satellite_delivery_system_descriptor frequency="11,170,750,000" orbital_position="19.2" west_east_flag="east" polarization="horizontal" roll_off="0.35" modulation_system="DVB-S2" modulation_type="8PSK" symbol_rate="22,000,000" FEC_inner="3/4"/>
    </transport_stream>
    <transport_stream transport_stream_id="0x000A" original_network_id="0x0085" preferred_section="1">
      <satellite_delivery_system_descriptor frequency="11,332,250,000" orbital_position="19.2" west_east_flag="east" polarization="horizontal" roll_off="0.35" modulation_system="DVB-S2" modulation_type="8PSK" symbol_rate="22,000,000" FEC_inner="3/4"/>
    </transport_stream>
    <transport_stream transport_stream_id="0x000B" original_network_id="0x0085" preferred_section="1">
      <satellite_delivery_system_descriptor frequency="12,382,500,000" orbital_position="19.2" west_east_flag="east" polarization="horizontal" roll_off="0.35" modulation_system="DVB-S2" modulation_type="QPSK" symbol_rate="27,500,000" FEC_inner="9/10"/>
    </transport_stream>
    <transport_stream transport_stream_id="0x000C" original_network_id="0x0085" preferred_section="1">
      <satellite_delivery_system_descriptor frequency="12,304,500,000" orbital_position="19.2" west_east_flag="east" polarization="horizontal" roll_off="0.35" modulation_system="DVB-S2" modulation_type="QPSK" symbol_rate="27,500,000" FEC_inner="9/10"/>
    </transport_stream>
    <transport_stream transport_stream_id="0x000D" original_network_id="0x0085" preferred_section="1">
      <satellite_delivery_system_descriptor frequency="11,992,500,000" orbital_position="19.2" west_east_flag="east" polarization="horizontal" roll_off="0.35" modulation_system="DVB-S2" modulation_type="QPSK" symbol_rate="27,500,000" FEC_inner="9/10"/>
    </transport_stream>
    <transport_stream transport_stream_id="0x000E" original_network_id="0x0085" preferred_section="1">
      <satellite_delivery_system_descriptor frequency="11,875,500,000" orbital_position="19.2" west_east_flag="east" polarization="horizontal" roll_off="0.35" modulation_system="DVB-S2" modulation_type="8PSK" symbol_rate="27,500,000" FEC_inner="3/4"/>
    </transport_stream>
    <transport_stream transport_stream_id="0x000F" original_network_id="0x0085" preferred_section="1">
      <satellite_delivery_system_descriptor frequency="10,920,750,000" orbital_position="19.2" west_east_flag="east" polarization="horizontal" modulation_system="DVB-S" modulation_type="QPSK" symbol_rate="22,000,000" FEC_inner="7/8"/>
    </transport_stream>
    <transport_stream transport_stream_id="0x0010" original_network_id="0x0085" preferred_section="2">
      <satellite_delivery_system_descriptor frequency="11,797,500,000" orbital_position="19.2" west_east_flag="east" polarization="horizontal" roll_off="0.35" modulation_system="DVB-S2" modulation_type="QPSK" symbol_rate="27,500,000" FEC_inner="9/10"/>
    </transport_stream>
    <transport_stream transport_stream_id="0x0021" original_network_id="0x0085" preferred_section="1">
      <satellite_delivery_system_descriptor frequency="12,480,000,000" orbital_position="19.2" west_east_flag="east" polarization="vertical" modulation_system="DVB-S" modulation_type="QPSK" symbol_rate="27,500,000" FEC_inner="3/4"/>
    </transport_stream>
  </NIT>
</tsduck>
