<?xml version="1.0" encoding="UTF-8"?>
<tsduck>
  <PMT version="0" current="true" service_id="0x0000">
    <metadata PID="200"/>
    <private_data_specifier_descriptor private_data_specifier="AVS"/>
    <AVS3_video_descriptor profile_id="0x32" level_id="0x55" multiple_frame_rate_flag="false" frame_rate_code="8" sample_precision="2" chroma_format="1" temporal_id_flag="false" td_mode_flag="true" library_stream_flag="false" library_picture_enable_flag="true" colour_primaries="9" transfer_characteristics="14" matrix_coefficients="8"/>
    <private_data_specifier_descriptor private_data_specifier="AOM"/>
    <AV1_video_descriptor version="1" seq_profile="4" seq_level_idx_0="9" seq_tier_0="1" high_bitdepth="false" twelve_bit="false" monochrome="false" chroma_subsampling_x="false" chroma_subsampling_y="false" chroma_sample_position="colocated" HDR_WCG_idc="0"/>
    <AV1_video_descriptor version="1" seq_profile="6" seq_level_idx_0="23" seq_tier_0="0" high_bitdepth="true" twelve_bit="true" monochrome="true" chroma_subsampling_x="true" chroma_subsampling_y="true" chroma_sample_position="vertical" HDR_WCG_idc="2" initial_presentation_delay_minus_one="11"/>
    <vvc_subpictures_descriptor default_service_mode="true" processing_mode="1" service_description="whole mosaic">
      <subpicture component_tag="1" subpicture_id="0"/>
      <subpicture component_tag="1" subpicture_id="1"/>
      <subpicture component_tag="1" subpicture_id="2"/>
      <subpicture component_tag="1" subpicture_id="3"/>
    </vvc_subpictures_descriptor>
    <vvc_subpictures_descriptor default_service_mode="false" processing_mode="2"/>
    <vvc_subpictures_descriptor default_service_mode="false" processing_mode="6" service_description="picture-in-picture">
      <subpicture component_tag="1" subpicture_id="1"/>
      <subpicture component_tag="1" subpicture_id="2"/>
      <subpicture component_tag="1" subpicture_id="0"/>
      <subpicture component_tag="1" subpicture_id="3"/>
      <subpicture component_tag="1" subpicture_id="4"/>
    </vvc_subpictures_descriptor>
    <EVC_timing_and_HRD_descriptor hrd_management_valid="true" N_90khz="305,419,896" K_90khz="3,735,928,559" num_units_in_tick="2,271,560,481"/>
    <EVC_timing_and_HRD_descriptor hrd_management_valid="false"/>
    <EVC_video_descriptor profile_idc="0xFE" level_idc="0xC5" toolset_idc_h="0x98765432" toolset_idc_l="0x45698523" progressive_source_flag="true" interlaced_source_flag="false" non_packed_constraint_flag="true" frame_only_constraint_flag="false" EVC_still_present_flag="false" EVC_24hr_picture_present_flag="true" HDR_WCG_idc="3" video_properties_tag="0"/>
    <EVC_video_descriptor profile_idc="0x18" level_idc="0x76" toolset_idc_h="0x45876239" toolset_idc_l="0x25812398" progressive_source_flag="false" interlaced_source_flag="true" non_packed_constraint_flag="false" frame_only_constraint_flag="true" EVC_still_present_flag="true" EVC_24hr_picture_present_flag="false" HDR_WCG_idc="2" video_properties_tag="9" temporal_id_min="2" temporal_id_max="5"/>
    <LCEVC_linkage_descriptor/>
    <LCEVC_linkage_descriptor>
      <lcevc_stream_tag>
        01 23 45
      </lcevc_stream_tag>
    </LCEVC_linkage_descriptor>
    <LCEVC_video_descriptor lcevc_stream_tag="0x56" profile_idc="0x05" level_idc="0x09" sublevel_idc="0x01" processed_planes_type_flag="true" picture_type_bit_flag="false" field_type_bit_flag="true" HDR_WCG_idc="2" video_properties_tag="6"/>
    <VVC_timing_and_HRD_descriptor hrd_management_valid="false"/>
    <VVC_timing_and_HRD_descriptor hrd_management_valid="true" N_90khz="305,760,086" K_90khz="343,429,686" num_units_in_tick="2,519,881,793"/>
    <VVC_video_descriptor profile_idc="0x01" tier_flag="false" progressive_source_flag="true" interlaced_source_flag="false" non_packed_constraint_flag="true" frame_only_constraint_flag="false" level_idc="0x50" VVC_still_present_flag="false" VVC_24hr_picture_present_flag="true" HDR_WCG_idc="2" video_properties_tag="4"/>
    <VVC_video_descriptor profile_idc="0x01" tier_flag="false" progressive_source_flag="false" interlaced_source_flag="true" non_packed_constraint_flag="false" frame_only_constraint_flag="true" level_idc="0x66" VVC_still_present_flag="true" VVC_24hr_picture_present_flag="false" HDR_WCG_idc="0" video_properties_tag="0" temporal_id_min="3" temporal_id_max="5">
      <sub_profile_idc value="0x12369874"/>
      <sub_profile_idc value="0x01236985"/>
      <sub_profile_idc value="0x41558723"/>
    </VVC_video_descriptor>
    <MPEGH_3D_audio_descriptor mpegh_3da_profile_level_indication="0x14" interactivity_enabled="false" reference_channel_layout="0x14">
      <reserved>
        01 23 45 67 89
      </reserved>
    </MPEGH_3D_audio_descriptor>
    <MPEGH_3D_audio_descriptor mpegh_3da_profile_level_indication="0x0F" interactivity_enabled="true" reference_channel_layout="0x07">
      <CompatibleSetIndication>
        01 02 03 04 05 11
      </CompatibleSetIndication>
    </MPEGH_3D_audio_descriptor>
    <MPEGH_3D_audio_descriptor mpegh_3da_profile_level_indication="0x05" interactivity_enabled="false" reference_channel_layout="0x0A">
      <CompatibleSetIndication>
        01 12 14
      </CompatibleSetIndication>
      <reserved>
        45 67 89
      </reserved>
    </MPEGH_3D_audio_descriptor>
    <MPEGH_3D_audio_scene_descriptor sceneID="12"/>
    <MPEGH_3D_audio_scene_descriptor sceneID="23">
      <reserved>
        45 67 89
      </reserved>
    </MPEGH_3D_audio_scene_descriptor>
    <MPEGH_3D_audio_scene_descriptor sceneID="127">
      <InteractivityGroup groupID="2" allowOnOff="false" defaultOnOff="true" contentKind="6" contentLanguage="eng">
        <PositionInteractivity azimuthOffsetMin="0" azimuthOffsetMax="5" elevationOffsetMin="6" elevationOffsetMax="12" distanceOffsetMin="3" distanceOffsetMax="9"/>
      </InteractivityGroup>
      <InteractivityGroup groupID="3" allowOnOff="true" defaultOnOff="true" contentKind="9" contentLanguage="fra">
        <PositionInteractivity azimuthOffsetMin="0" azimuthOffsetMax="0" elevationOffsetMin="0" elevationOffsetMax="0" distanceOffsetMin="0" distanceOffsetMax="0"/>
        <GainInteractivity interactivityGainMin="0" interactivityGainMax="3"/>
      </InteractivityGroup>
      <SwitchGroup switchGroupID="16" switchGroupAllowOnOff="false" switchGroupDefaultOnOff="false" switchGroupDefaultGroupID="101">
        <SwitchGroupMembers>
        </SwitchGroupMembers>
      </SwitchGroup>
      <SwitchGroup switchGroupID="17" switchGroupAllowOnOff="true" switchGroupDefaultOnOff="true" switchGroupDefaultGroupID="119">
        <SwitchGroupMembers>
          11 22 33 44 71 62 53 7F 00
        </SwitchGroupMembers>
      </SwitchGroup>
    </MPEGH_3D_audio_scene_descriptor>
    <MPEGH_3D_audio_scene_descriptor sceneID="126">
      <PresetGroup groupPresetID="5" groupPresetKind="2">
        <PresetConditions groupPresetGroupID="6"/>
        <PresetConditions groupPresetGroupID="7" groupPresetDisableGainInteractivity="true" groupPresetDisablePositionInteractivity="false"/>
        <PresetConditions groupPresetGroupID="8" groupPresetDisableGainInteractivity="false" groupPresetDisablePositionInteractivity="false" groupPresetGain="237"/>
        <PresetConditions groupPresetGroupID="9" groupPresetDisableGainInteractivity="true" groupPresetDisablePositionInteractivity="true" groupPresetAzOffset="167" groupPresetElOffset="56" groupPresetDistFactor="9"/>
        <PresetConditions groupPresetGroupID="10" groupPresetDisableGainInteractivity="false" groupPresetDisablePositionInteractivity="true" groupPresetGain="0" groupPresetAzOffset="0" groupPresetElOffset="0" groupPresetDistFactor="14"/>
      </PresetGroup>
    </MPEGH_3D_audio_scene_descriptor>
    <TTML_subtitling_descriptor ISO_639_language_code="foo" subtitle_purpose="2" TTS_suitability="1" reserved_zero_future_count="0"/>
    <TTML_subtitling_descriptor ISO_639_language_code="bar" subtitle_purpose="16" TTS_suitability="2" qualifier="0x12345678" service_name="Dummy service" reserved_zero_future_count="5">
      <dvb_ttml_profile value="0x01"/>
      <dvb_ttml_profile value="0x02"/>
      <font_id value="0x03"/>
      <font_id value="0x04"/>
      <font_id value="0x05"/>
    </TTML_subtitling_descriptor>
    <MPEG4_text_descriptor textFormat="1" ThreeGPPBaseFormat="0x10" profileLevel="0x10" durationClock="5" sampleDescriptionFlags="2" layer="0x06" text_track_width="7" text_track_height="8"/>
    <MPEG4_text_descriptor textFormat="10" ThreeGPPBaseFormat="0x10" profileLevel="0x10" durationClock="14" sampleDescriptionFlags="1" layer="0x0F" text_track_width="16" text_track_height="17">
      <Compatible_3GPPFormat value="16"/>
      <Compatible_3GPPFormat value="16"/>
      <Compatible_3GPPFormat value="16"/>
      <Sample_index_and_description sample_index="4" textFormat="241"/>
      <Sample_index_and_description sample_index="6" textFormat="242">
        DE AD BE EF
      </Sample_index_and_description>
    </MPEG4_text_descriptor>
    <MuxCode_descriptor>
      <MuxCodeEntry MuxCode="4" version="1">
        <substructure repetitionCount="7">
          <slot m4MuxChannel="240" numberOfBytes="16"/>
          <slot m4MuxChannel="1" numberOfBytes="253"/>
        </substructure>
      </MuxCodeEntry>
    </MuxCode_descriptor>
    <MuxCode_descriptor>
      <MuxCodeEntry MuxCode="15" version="12"/>
    </MuxCode_descriptor>
    <MuxCode_descriptor>
      <MuxCodeEntry MuxCode="6" version="6">
        <substructure repetitionCount="4"/>
        <substructure repetitionCount="0"/>
      </MuxCodeEntry>
    </MuxCode_descriptor>
    <MuxCode_descriptor>
      <MuxCodeEntry MuxCode="6" version="6">
        <substructure repetitionCount="4"/>
      </MuxCodeEntry>
      <MuxCodeEntry MuxCode="5" version="6">
        <substructure repetitionCount="7">
          <slot m4MuxChannel="240" numberOfBytes="16"/>
          <slot m4MuxChannel="1" numberOfBytes="253"/>
        </substructure>
      </MuxCodeEntry>
    </MuxCode_descriptor>
    <M4MuxBufferSize_descriptor>
      <DefaultM4MuxBufferDescriptor m4MuxChannel="156" FB_BufferSize="15,549,729"/>
    </M4MuxBufferSize_descriptor>
    <M4MuxBufferSize_descriptor>
      <DefaultM4MuxBufferDescriptor m4MuxChannel="201" FB_BufferSize="8,208,677"/>
      <M4MuxBufferDescriptor m4MuxChannel="17" FB_BufferSize="901,127"/>
    </M4MuxBufferSize_descriptor>
    <M4MuxBufferSize_descriptor>
      <DefaultM4MuxBufferDescriptor m4MuxChannel="42" FB_BufferSize="1,234,567"/>
      <M4MuxBufferDescriptor m4MuxChannel="177" FB_BufferSize="901,127"/>
      <M4MuxBufferDescriptor m4MuxChannel="178" FB_BufferSize="901,127"/>
    </M4MuxBufferSize_descriptor>
    <HEVC_operation_point_descriptor>
      <operation_point target_ols="156" constant_frame_rate_info_idc="0" applicable_temporal_id="6"/>
    </HEVC_operation_point_descriptor>
    <HEVC_operation_point_descriptor>
      <profile_tier_level_info>
        DE AD BE EF DE AD BE EF DE AD BE EF
      </profile_tier_level_info>
      <operation_point target_ols="156" constant_frame_rate_info_idc="1" applicable_temporal_id="6" frame_rate_indicator="2,048"/>
    </HEVC_operation_point_descriptor>
    <HEVC_operation_point_descriptor>
      <operation_point target_ols="16" constant_frame_rate_info_idc="0" applicable_temporal_id="5">
        <ES prepend_dependencies="false" ES_reference="62"/>
        <ES prepend_dependencies="true" ES_reference="0"/>
        <ESinOP necessary_layer="true" output_layer="false" ptl_ref_idx="56"/>
      </operation_point>
    </HEVC_operation_point_descriptor>
    <HEVC_operation_point_descriptor>
      <operation_point target_ols="1" constant_frame_rate_info_idc="2" applicable_temporal_id="2" frame_rate_indicator="4,095" avg_bit_rate="12,233,445" max_bit_rate="4,332,211"/>
    </HEVC_operation_point_descriptor>
    <cpcm_delivery_signalling_descriptor cpcm_version="1">
      <cpcm_v1_delivery_signalling copy_control="1" do_not_cpcm_scramble="true" viewable="true" move_local="false" move_and_copy_propagation_information="2" view_propagation_information="3" remote_access_record_flag="true" export_beyond_trust="true" disable_analogue_sd_export="false" disable_analogue_sd_consumption="false" disable_analogue_hd_export="false" disable_analogue_hd_consumption="false" image_constraint="false"/>
    </cpcm_delivery_signalling_descriptor>
    <cpcm_delivery_signalling_descriptor cpcm_version="1">
      <cpcm_v1_delivery_signalling copy_control="2" do_not_cpcm_scramble="false" viewable="false" move_local="false" move_and_copy_propagation_information="1" view_propagation_information="0" remote_access_record_flag="true" export_beyond_trust="true" disable_analogue_sd_export="true" disable_analogue_sd_consumption="false" disable_analogue_hd_export="true" disable_analogue_hd_consumption="false" image_constraint="true" view_window_start="2022-10-01 03:23:15" view_window_end="2025-10-01 03:23:14" view_period_from_first_playback="23" simultaneous_view_count="174" remote_access_delay="14" remote_access_date="2020-01-01 00:00:00"/>
    </cpcm_delivery_signalling_descriptor>
    <cpcm_delivery_signalling_descriptor cpcm_version="1">
      <cpcm_v1_delivery_signalling copy_control="0" do_not_cpcm_scramble="true" viewable="false" move_local="false" move_and_copy_propagation_information="1" view_propagation_information="0" remote_access_record_flag="false" export_beyond_trust="false" disable_analogue_sd_export="false" disable_analogue_sd_consumption="true" disable_analogue_hd_export="false" disable_analogue_hd_consumption="true" image_constraint="true" view_window_start="2022-10-01 03:23:15" view_window_end="2025-10-01 03:23:14" view_period_from_first_playback="231">
        <cps C_and_R_regime_mask="147">
          AA 00 BB CC 11
        </cps>
        <cps C_and_R_regime_mask="212">
          DE AD BE EF
        </cps>
        <cps C_and_R_regime_mask="255">
          01 23 45 67 89 AB CD EF
        </cps>
      </cpcm_v1_delivery_signalling>
    </cpcm_delivery_signalling_descriptor>
    <quality_extension_descriptor field_size_bytes="1">
      <metric code="0x7373696D"/>
      <metric code="0x6D73696D"/>
      <metric code="0x6A313434"/>
      <metric code="0x6A323437"/>
      <metric code="0x6D6F7073"/>
      <metric code="0x66736967"/>
    </quality_extension_descriptor>
    <quality_extension_descriptor field_size_bytes="2">
      <metric code="0x70736E72"/>
    </quality_extension_descriptor>
    <quality_extension_descriptor field_size_bytes="0">
      <metric code="0xDEADB00B"/>
    </quality_extension_descriptor>
    <DTS_UHD_descriptor DecoderProfileCode="0" FrameDurationCode="2" MaxPayloadCode="6" StreamIndex="0">
      <codec_selector>
      </codec_selector>
    </DTS_UHD_descriptor>
    <DTS_UHD_descriptor DecoderProfileCode="2" FrameDurationCode="3" MaxPayloadCode="1" StreamIndex="4">
      <codec_selector>
        DE AD BE EF
      </codec_selector>
    </DTS_UHD_descriptor>
    <MPEGH_3D_audio_text_label_descriptor _3dAudioSceneInfoID="1" numReservedBytes="0"/>
    <MPEGH_3D_audio_text_label_descriptor _3dAudioSceneInfoID="13" numReservedBytes="0">
      <DescriptionLanguage descriptionLanguage="fre"/>
    </MPEGH_3D_audio_text_label_descriptor>
    <MPEGH_3D_audio_text_label_descriptor _3dAudioSceneInfoID="113" numReservedBytes="0">
      <DescriptionLanguage descriptionLanguage="eng">
        <GroupDescription mae_descriptionGroupID="10" groupDescription="group-10"/>
        <GroupDescription mae_descriptionGroupID="11" groupDescription="group-11"/>
        <SwitchGroupDescription mae_descriptionSwitchGroupID="12" switchGroupDescription="switch_group-12"/>
        <GroupPresetDescription mae_descriptionGroupPresetID="13" groupPresetDescription="group_preset_13"/>
      </DescriptionLanguage>
      <DescriptionLanguage descriptionLanguage="chi">
        <SwitchGroupDescription mae_descriptionSwitchGroupID="22" switchGroupDescription="switch_group-22"/>
      </DescriptionLanguage>
    </MPEGH_3D_audio_text_label_descriptor>
    <Media_service_kind_descriptor>
      <media_service_kind media_description="self" media_type="video"/>
      <media_service_kind media_description="self" media_type="unknown" ID_length_code="2" ID_type="0x0200" media_ID="Paul">
        <language_media_pair configuration_type="0" lang_len_idc="2" BCP47_language_code="eng">
          <media_service_type purpose="0x01"/>
          <media_service_type purpose="0x07"/>
          <media_service_type purpose="0x11"/>
          <media_service_type purpose="0x08"/>
          <media_service_type purpose="0x17"/>
        </language_media_pair>
      </media_service_kind>
    </Media_service_kind_descriptor>
    <Media_service_kind_descriptor>
      <media_service_kind media_description="associate" media_type="audio" ID_length_code="7" ID_type="0x0200" ID_len="6" media_ID="TSDuck">
        <language_media_pair configuration_type="0" lang_len_idc="0" lang_len="6" BCP47_language_code="french"/>
      </media_service_kind>
    </Media_service_kind_descriptor>
    <HEVC_tile_substream_descriptor SubstreamID="19"/>
    <HEVC_tile_substream_descriptor SubstreamID="67">
      <Reference PreambleFlag="1" PatternReference="99"/>
    </HEVC_tile_substream_descriptor>
    <HEVC_tile_substream_descriptor SubstreamID="68">
      <Substream Flag="1" AdditionalSubstreamID="14"/>
      <Substream Flag="0" AdditionalSubstreamID="19"/>
      <Substream Flag="0" AdditionalSubstreamID="119"/>
      <Substream Flag="1" AdditionalSubstreamID="86"/>
      <Substream Flag="1" AdditionalSubstreamID="125"/>
    </HEVC_tile_substream_descriptor>
    <HEVC_subregion_descriptor SubstreamIDsPerLine="125" TotalSubstreamIDs="255" LevelFullPanorama="55"/>
    <HEVC_subregion_descriptor SubstreamIDsPerLine="15" TotalSubstreamIDs="254" LevelFullPanorama="54">
      <SubregionLayout PreambleSubstreamID="1" Level="255" PictureSizeHor="1,920" PictureSizeVer="1,080">
        <Pattern>
          <Substream offset="-127"/>
          <Substream offset="127"/>
        </Pattern>
      </SubregionLayout>
      <SubregionLayout PreambleSubstreamID="2" Level="254" PictureSizeHor="3,840" PictureSizeVer="1,920">
        <Pattern>
          <Substream offset="-30"/>
          <Substream offset="-20"/>
          <Substream offset="-10"/>
          <Substream offset="10"/>
          <Substream offset="20"/>
          <Substream offset="30"/>
          <Substream offset="40"/>
          <Substream offset="50"/>
          <Substream offset="60"/>
          <Substream offset="70"/>
          <Substream offset="80"/>
          <Substream offset="90"/>
        </Pattern>
        <Pattern>
          <Substream offset="-31"/>
          <Substream offset="-21"/>
          <Substream offset="-11"/>
          <Substream offset="9"/>
          <Substream offset="19"/>
          <Substream offset="29"/>
          <Substream offset="39"/>
          <Substream offset="49"/>
          <Substream offset="59"/>
          <Substream offset="69"/>
          <Substream offset="79"/>
          <Substream offset="89"/>
        </Pattern>
      </SubregionLayout>
      <SubregionLayout PreambleSubstreamID="126" Level="10" PictureSizeHor="1,280" PictureSizeVer="720">
        <Pattern>
          <Substream offset="-1"/>
        </Pattern>
      </SubregionLayout>
    </HEVC_subregion_descriptor>
    <JPEG_XS_video_descriptor descriptor_version="0" horizontal_size="1,920" vertical_size="1,080" brat="123" frat="17" schar="45,234" Ppih="9" Plev="6" max_buffer_size="14" buffer_model_type="2" colour_primaries="9" transfer_characteristics="15" matrix_coefficients="9" video_full_range_flag="false" still_mode="true"/>
    <JPEG_XS_video_descriptor descriptor_version="0" horizontal_size="1,920" vertical_size="1,080" brat="1,234" frat="17" schar="45,234" Ppih="9" Plev="6" max_buffer_size="143" buffer_model_type="2" colour_primaries="6" transfer_characteristics="11" matrix_coefficients="4" video_full_range_flag="true" still_mode="false">
      <private_data>
        DE AD BE EF
      </private_data>
    </JPEG_XS_video_descriptor>
    <JPEG_XS_video_descriptor descriptor_version="0" horizontal_size="1,920" vertical_size="1,080" brat="1,234" frat="17" schar="45,234" Ppih="9" Plev="6" max_buffer_size="143" buffer_model_type="2" colour_primaries="6" transfer_characteristics="11" matrix_coefficients="4" video_full_range_flag="true" still_mode="false">
      <mdm X_c0="810" Y_c0="145" X_c1="1,810" Y_c1="1,145" X_c2="970" Y_c2="1,217" X_wp="45" Y_wp="54" L_max="145,263" L_min="0" MaxCLL="1,000" MaxFALL="999"/>
    </JPEG_XS_video_descriptor>
  </PMT>
  <NIT version="0" current="true" network_id="0x0000" actual="true">
    <metadata PID="200"/>
    <service_prominence_descriptor>
      <private_data>
        00 11 22 33 44 55 66 77
      </private_data>
    </service_prominence_descriptor>
    <service_prominence_descriptor>
      <sogi SOGI_flag="false" SOGI_priority="12" service_id="1,234"/>
      <sogi SOGI_flag="true" SOGI_priority="0" service_id="2,345">
        <target_region country_code="FRA"/>
        <target_region country_code="GBR" primary_region_code="17"/>
        <target_region primary_region_code="1" secondary_region_code="2"/>
        <target_region primary_region_code="11" secondary_region_code="12" tertiary_region_code="13"/>
      </sogi>
      <private_data>
        DE AD BE EF
      </private_data>
    </service_prominence_descriptor>
    <S2Xv2_satellite_delivery_system_descriptor delivery_system_id="0x00123456" S2Xv2_mode="1" roll_off="0.20" NCR_version="0" channel_bond="0" polarization="horizontal" TS_GS_S2X_mode="1" receiver_profiles="0x09" satellite_id="0x00065432" frequency="34,567,890,000" symbol_rate="123,456,700"/>
    <S2Xv2_satellite_delivery_system_descriptor delivery_system_id="0x00234567" S2Xv2_mode="2" roll_off="0.05" NCR_version="1" channel_bond="1" polarization="left" TS_GS_S2X_mode="2" receiver_profiles="0x02" satellite_id="0x00765432" frequency="876,543,210,000" symbol_rate="456,789,600" scrambling_sequence_index="65,539" timeslice_number="247">
      <secondary_delivery_system id="0x00776655"/>
    </S2Xv2_satellite_delivery_system_descriptor>
    <S2Xv2_satellite_delivery_system_descriptor delivery_system_id="0x11223344" S2Xv2_mode="5" roll_off="0.35" NCR_version="0" channel_bond="2" polarization="left" TS_GS_S2X_mode="2" receiver_profiles="0x02" satellite_id="0x00765432" frequency="65,432,180,000" symbol_rate="24,675,400" timeslice_number="248">
      <superframe SOSF_WH_sequence_number="17" reference_scrambling_index="32,768" SFFI="7" payload_scrambling_index="0x00003456" beamhopping_time_plan_id="0xFFFFFFFE" superframe_pilots_WH_sequence_number="0x1E"/>
    </S2Xv2_satellite_delivery_system_descriptor>
  </NIT>
  <BAT version="9" current="true" bouquet_id="0xC01D">
    <metadata PID="200"/>
    <service_prominence_descriptor>
      <sogi SOGI_flag="false" SOGI_priority="14" service_id="2,345">
        <target_region country_code="GBR" primary_region_code="1" secondary_region_code="2"/>
      </sogi>
    </service_prominence_descriptor>
  </BAT>
</tsduck>
