<?xml version="1.0" encoding="UTF-8"?>
<tsduck>
  <CAT version="0" current="true">
    <metadata PID="200"/>
    <registration_descriptor format_identifier="0x56414E43"/>
    <smpte_anc_data_descriptor/>
    <smpte_anc_data_descriptor>
      53 4D 50 54 45 32 30 33 38
    </smpte_anc_data_descriptor>
  </CAT>
</tsduck>
