<?xml version="1.0" encoding="UTF-8"?>
<tsduck>
  <TOP a="1">
    <L1 b="11">
      <L2 c="111" e="bar" g="shop"/>
      <L2 c="112" e="bar" g="shop"/>
      <L2 c="113" e="bar" g="shop"/>
    </L1>
    <L1 b="12">
      <L2 c="121" e="bar" g="shop"/>
      <L2 c="122" e="bar" g="shop"/>
      <L2 c="123" e="bar" g="shop"/>
    </L1>
  </TOP>
  <TOP a="2">
    <L1 b="21">
      <L2 c="211" d="foo" g="shop"/>
      <L2 c="212" d="foo" g="shop"/>
      <L2 c="213" d="foo" g="shop"/>
    </L1>
    <L1 b="22">
      <L2 c="221" d="foo" g="shop"/>
      <L2 c="222" d="foo" g="shop"/>
      <L2 c="223" d="foo" g="shop"/>
    </L1>
  </TOP>
  <TOP a="3">
    <L1 b="31">
      <L2 c="311" e="bar" g="shop"/>
      <L2 c="312" e="bar" g="shop"/>
      <L2 c="313" e="bar" g="shop"/>
    </L1>
    <L1 b="32">
      <L2 c="321" e="bar" g="shop"/>
      <L2 c="322" e="bar" g="shop"/>
      <L2 c="323" e="bar" g="shop"/>
    </L1>
  </TOP>
</tsduck>
