<?xml version="1.0" encoding="UTF-8"?>
<tsduck>
  <DSMCC_user_to_network_message version="0" current="true" protocol_discriminator="0x11" dsmcc_type="0x03" message_id="0x1002" transaction_id="0x00000004">
    <metadata PID="200"/>
    <DII download_id="0x12345678" block_size="0x2345">
      <module module_id="0x0001" module_size="0x00000002" module_version="0x03" module_timeout="0x00000004" block_timeout="0x00000005" min_block_time="0x00000006">
        <dsmcc_type_descriptor type="foo"/>
        <dsmcc_name_descriptor name="bar"/>
        <dsmcc_info_descriptor language_code="eng" info="das information"/>
        <dsmcc_module_link_descriptor position="0x12" module_id="0x3456"/>
        <dsmcc_CRC32_descriptor CRC_32="0xFEDCBA98"/>
        <dsmcc_location_descriptor location_tag="0xAB"/>
        <dsmcc_est_download_time_descriptor est_download_time="0x12345678"/>
        <dsmcc_group_link_descriptor position="0x78" group_id="0x12345678"/>
        <dsmcc_compressed_module_descriptor compression_method="0x66" original_size="0x87654321"/>
        <dsmcc_ssu_module_type_descriptor ssu_module_type="0xAB"/>
        <dsmcc_subgroup_association_descriptor subgroup_tag="0x000000123456789A"/>
        <dsmcc_label_descriptor label="foo-bar"/>
        <dsmcc_caching_priority_descriptor priority_value="0x23" transparency_level="0x45"/>
        <dsmcc_content_type_descriptor content_type="foo:bar"/>
      </module>
    </DII>
  </DSMCC_user_to_network_message>
  <MPE_FEC padding_columns="45">
    <metadata PID="200"/>
    <column>
      <real_time_parameters delta_t="1,234" table_boundary="true" frame_boundary="false" address="98,765"/>
      <rs_data>
        01 23 45 67 89
      </rs_data>
    </column>
    <column>
      <real_time_parameters delta_t="2,345" table_boundary="false" frame_boundary="true" address="147"/>
      <rs_data>
        AB CD EF 01 23
      </rs_data>
    </column>
    <column>
      <real_time_parameters delta_t="852" table_boundary="true" frame_boundary="false" address="963"/>
      <rs_data>
        45 67 89 AB CD
      </rs_data>
    </column>
  </MPE_FEC>
  <MPE_IFEC burst_number="171" IFEC_burst_size="205">
    <metadata PID="200"/>
    <burst>
      <real_time_parameters delta_t="147" MPE_boundary="true" frame_boundary="false" prev_burst_size="12,345"/>
      <IFEC_data>
        01 23 45 67 89 AB CD EF
      </IFEC_data>
    </burst>
    <burst>
      <real_time_parameters delta_t="2,587" MPE_boundary="false" frame_boundary="true" prev_burst_size="25,874"/>
      <IFEC_data>
        45 67 89 AB CD EF 01 23
      </IFEC_data>
    </burst>
    <burst>
      <real_time_parameters delta_t="415" MPE_boundary="true" frame_boundary="false" prev_burst_size="96,321"/>
      <IFEC_data>
        89 AB CD EF 01 23 45 67
      </IFEC_data>
    </burst>
    <burst>
      <real_time_parameters delta_t="1,597" MPE_boundary="false" frame_boundary="true" prev_burst_size="4,523"/>
      <IFEC_data>
        CD EF 01 23 45 67 89 AB
      </IFEC_data>
    </burst>
  </MPE_IFEC>
</tsduck>
