<?xml version="1.0" encoding="UTF-8"?>
<tsduck>
  <DCT version="28" current="true" network_id="0x0003" transmission_rate="24">
    <metadata PID="23"/>
    <transport_stream id="0x110B" DL_PID="0x1C00" ECM_PID="0x1CE0">
      <model maker_id="0xFE" model_id="0x01" version_id="0x12" DLT_size="0x3F"/>
      <model maker_id="0xFE" model_id="0x02" version_id="0x12" DLT_size="0x3F"/>
      <model maker_id="0xFE" model_id="0x03" version_id="0x12" DLT_size="0x3F"/>
      <model maker_id="0xFE" model_id="0x04" version_id="0x12" DLT_size="0x3F"/>
      <model maker_id="0xFE" model_id="0x05" version_id="0x12" DLT_size="0x3F"/>
      <model maker_id="0xFE" model_id="0x06" version_id="0x12" DLT_size="0x3F"/>
      <model maker_id="0xFE" model_id="0x07" version_id="0x12" DLT_size="0x3F"/>
      <model maker_id="0xFE" model_id="0x08" version_id="0x12" DLT_size="0x3F"/>
      <model maker_id="0xFE" model_id="0x09" version_id="0x12" DLT_size="0x3F"/>
      <model maker_id="0xFE" model_id="0x0A" version_id="0x12" DLT_size="0x3F"/>
      <model maker_id="0xFE" model_id="0x0B" version_id="0x12" DLT_size="0x3F"/>
      <model maker_id="0xFE" model_id="0x0C" version_id="0x12" DLT_size="0x3F"/>
      <model maker_id="0xFE" model_id="0x0D" version_id="0x12" DLT_size="0x3F"/>
      <model maker_id="0xFE" model_id="0x0E" version_id="0x12" DLT_size="0x3F"/>
      <model maker_id="0xFE" model_id="0x0F" version_id="0x12" DLT_size="0x3F"/>
      <model maker_id="0xFE" model_id="0x10" version_id="0x12" DLT_size="0x3F"/>
      <model maker_id="0xFE" model_id="0x11" version_id="0x12" DLT_size="0x3F"/>
      <model maker_id="0xFE" model_id="0x12" version_id="0x12" DLT_size="0x3F"/>
      <model maker_id="0xFE" model_id="0x13" version_id="0x12" DLT_size="0x3F"/>
      <model maker_id="0xFE" model_id="0x14" version_id="0x12" DLT_size="0x3F"/>
      <model maker_id="0xFE" model_id="0x15" version_id="0x12" DLT_size="0x3F"/>
      <model maker_id="0xFE" model_id="0x16" version_id="0x12" DLT_size="0x3F"/>
      <model maker_id="0xFE" model_id="0x17" version_id="0x12" DLT_size="0x3F"/>
      <model maker_id="0xFE" model_id="0x18" version_id="0x12" DLT_size="0x3F"/>
      <model maker_id="0xFE" model_id="0x19" version_id="0x12" DLT_size="0x3F"/>
      <model maker_id="0xFE" model_id="0x1A" version_id="0x12" DLT_size="0x3F"/>
      <model maker_id="0xFE" model_id="0x1B" version_id="0x12" DLT_size="0x3F"/>
      <model maker_id="0xFE" model_id="0x1C" version_id="0x12" DLT_size="0x3F"/>
      <model maker_id="0xFE" model_id="0x1D" version_id="0x12" DLT_size="0x3F"/>
      <model maker_id="0xFE" model_id="0x1E" version_id="0x12" DLT_size="0x3F"/>
      <model maker_id="0xFE" model_id="0x1F" version_id="0x12" DLT_size="0x3F"/>
      <model maker_id="0xFE" model_id="0x20" version_id="0x12" DLT_size="0x3F"/>
      <model maker_id="0xFE" model_id="0x21" version_id="0x12" DLT_size="0x3F"/>
    </transport_stream>
  </DCT>
</tsduck>
