<?xml version="1.0" encoding="UTF-8"?>
<tsduck>
  <SDT version="5" current="true" transport_stream_id="0x110B" original_network_id="0x0003" actual="true">
    <metadata PID="17" first_ts_packet="671" last_ts_packet="671"/>
    <service service_id="0x40CA" EIT_schedule="false" EIT_present_following="true" CA_mode="false" running_status="undefined">
      <generic_descriptor tag="0x82">
        01 89 21 5D
      </generic_descriptor>
      <generic_descriptor tag="0x82">
        02 89 21 5D
      </generic_descriptor>
      <generic_descriptor tag="0x8F">
        70 CA
      </generic_descriptor>
      <cue_identifier_descriptor cue_stream_type="129"/>
      <generic_descriptor tag="0xC1">
        04
      </generic_descriptor>
    </service>
    <service service_id="0x43D7" EIT_schedule="false" EIT_present_following="true" CA_mode="false" running_status="undefined">
      <generic_descriptor tag="0x82">
        01 3B 6E 38 33 25 41 25 63 25 73 25 4D 25 6B 23
        39 23 38 23 33
      </generic_descriptor>
      <generic_descriptor tag="0x82">
        02 89 23 54 23 65 23 73 23 74 21 5D 23 43 23 68
        23 61 23 6E 23 6E 23 65 23 6C 21 5D 23 39 23 38
        23 33
      </generic_descriptor>
      <generic_descriptor tag="0x8F">
        73 D7
      </generic_descriptor>
      <cue_identifier_descriptor cue_stream_type="all"/>
      <generic_descriptor tag="0xC1">
        0F
      </generic_descriptor>
    </service>
    <service service_id="0x70CA" EIT_schedule="false" EIT_present_following="false" CA_mode="true" running_status="undefined">
      <generic_descriptor tag="0x91">
        11 0B 00 03 40 CA
      </generic_descriptor>
    </service>
    <service service_id="0x73D7" EIT_schedule="false" EIT_present_following="false" CA_mode="true" running_status="undefined">
      <generic_descriptor tag="0x91">
        11 0B 00 03 43 D7
      </generic_descriptor>
    </service>
  </SDT>
  <PAT version="5" current="true" transport_stream_id="0x110B" network_PID="0x0010">
    <metadata PID="0" first_ts_packet="1,162" last_ts_packet="1,162"/>
  </PAT>
  <CAT version="0" current="true">
    <metadata PID="1" first_ts_packet="4,017" last_ts_packet="4,017"/>
    <CA_descriptor CA_system_id="0x0001" CA_PID="0x0203"/>
    <generic_descriptor tag="0x9C">
      23 59 59 06 00 00 FF
    </generic_descriptor>
  </CAT>
  <NIT version="1" current="true" network_id="0x0003" actual="true">
    <metadata PID="16" first_ts_packet="4,307" last_ts_packet="4,307"/>
    <generic_descriptor tag="0x82">
      01 23 53 23 4B 23 59 25 35 F9 25 53 25 39
    </generic_descriptor>
    <generic_descriptor tag="0x8B">
      FD 72 B0 95 B6 6D B9 03 FC 00 00 0F 0F 60 D0 2C
    </generic_descriptor>
    <generic_descriptor tag="0x99">
      02 11 0B
    </generic_descriptor>
    <generic_descriptor tag="0x9A">
      00 03
    </generic_descriptor>
    <transport_stream transport_stream_id="0x110B" original_network_id="0x0003" preferred_section="0">
      <service_list_descriptor>
        <service service_id="0x40CA" service_type="0x81"/>
        <service service_id="0x43D7" service_type="0x01"/>
      </service_list_descriptor>
      <cable_delivery_system_descriptor frequency="375,000,000" FEC_outer="RS" modulation="64-QAM" symbol_rate="5,274,000" FEC_inner="none"/>
    </transport_stream>
  </NIT>
  <EIT type="pf" version="2" current="true" actual="true" service_id="0x40CA" transport_stream_id="0x110B" original_network_id="0x0003" last_table_id="0x4E">
    <metadata PID="18" first_ts_packet="9,218" last_ts_packet="11,786"/>
  </EIT>
  <EIT type="pf" version="2" current="true" actual="true" service_id="0x43D7" transport_stream_id="0x110B" original_network_id="0x0003" last_table_id="0x4E">
    <metadata PID="18" first_ts_packet="8,365" last_ts_packet="12,639"/>
  </EIT>
</tsduck>
