<?xml version="1.0" encoding="UTF-8"?>
<tsduck>
  <SGT version="16" current="true" service_list_id="0x0001">
    <private_data_specifier_descriptor private_data_specifier="Astra"/>
    <astra_service_list_name_descriptor language_code="eng" name="Channel List Germany"/>
    <astra_service_list_name_descriptor language_code="fre" name="Liste des Chaines Allemagne"/>
    <astra_service_list_name_descriptor language_code="ger" name="Kanalliste Deutschland"/>
    <country_availability_descriptor country_availability="false">
      <country country_code="AUT"/>
    </country_availability_descriptor>
    <country_availability_descriptor country_availability="false">
      <country country_code="CHE"/>
    </country_availability_descriptor>
    <country_availability_descriptor country_availability="true">
      <country country_code="DEU"/>
    </country_availability_descriptor>
    <service service_id="0x007D" transport_stream_id="0x000B" original_network_id="0x0001" logical_channel_number="932" visible_service_flag="true" new_service_flag="false" genre_code="0x0000">
      <service_descriptor service_type="0x01" service_provider_name="CNBC" service_name="CNBC Europe"/>
      <private_data_specifier_descriptor private_data_specifier="Astra"/>
      <astra_bouquet_list_descriptor>
        <bouquet name="Ausland"/>
      </astra_bouquet_list_descriptor>
      <astra_virtual_service_id_descriptor virtual_service_id="0x2348"/>
    </service>
    <service service_id="0x1389" transport_stream_id="0x03EA" original_network_id="0x0001" logical_channel_number="931" visible_service_flag="true" new_service_flag="false" genre_code="0x0000">
      <service_descriptor service_type="0x19" service_provider_name="SES ASTRA" service_name="BBC World News Europe HD"/>
      <private_data_specifier_descriptor private_data_specifier="Astra"/>
      <astra_bouquet_list_descriptor>
        <bouquet name="Ausland"/>
      </astra_bouquet_list_descriptor>
      <astra_virtual_service_id_descriptor virtual_service_id="0x2347"/>
    </service>
    <service service_id="0x139D" transport_stream_id="0x03EA" original_network_id="0x0001" logical_channel_number="927" visible_service_flag="true" new_service_flag="false" genre_code="0x0000">
      <service_descriptor service_type="0x19" service_provider_name="NHK" service_name="NHK World TV"/>
      <private_data_specifier_descriptor private_data_specifier="Astra"/>
      <astra_bouquet_list_descriptor>
        <bouquet name="Ausland"/>
      </astra_bouquet_list_descriptor>
      <astra_virtual_service_id_descriptor virtual_service_id="0x234E"/>
    </service>
    <service service_id="0x13A7" transport_stream_id="0x03EA" original_network_id="0x0001" logical_channel_number="955" visible_service_flag="true" new_service_flag="false" genre_code="0x0000">
      <service_descriptor service_type="0x19" service_provider_name="CANALSATELLITE" service_name="Al Jazeera English HD"/>
      <private_data_specifier_descriptor private_data_specifier="Astra"/>
      <astra_bouquet_list_descriptor>
        <bouquet name="Ausland"/>
      </astra_bouquet_list_descriptor>
      <astra_virtual_service_id_descriptor virtual_service_id="0x235F"/>
    </service>
    <service service_id="0x33A5" transport_stream_id="0x03EB" original_network_id="0x0001" logical_channel_number="923" visible_service_flag="true" new_service_flag="false" genre_code="0x0000">
      <service_descriptor service_type="0x01" service_provider_name="ORF" service_name="ORF SPORT+"/>
      <private_data_specifier_descriptor private_data_specifier="Astra"/>
      <astra_bouquet_list_descriptor>
        <bouquet name="Österreich"/>
      </astra_bouquet_list_descriptor>
      <astra_virtual_service_id_descriptor virtual_service_id="0x758E"/>
    </service>
    <service service_id="0x33A6" transport_stream_id="0x03EB" original_network_id="0x0001" logical_channel_number="789" visible_service_flag="true" new_service_flag="false" genre_code="0x0000">
      <service_descriptor service_type="0x01" service_provider_name="-" service_name="Volksmusik.TV"/>
      <private_data_specifier_descriptor private_data_specifier="Astra"/>
      <astra_bouquet_list_descriptor>
        <bouquet name="Ausland"/>
      </astra_bouquet_list_descriptor>
      <astra_virtual_service_id_descriptor virtual_service_id="0x7644"/>
    </service>
    <service service_id="0x33A7" transport_stream_id="0x03EB" original_network_id="0x0001" logical_channel_number="920" visible_service_flag="true" new_service_flag="false" genre_code="0x0000">
      <service_descriptor service_type="0x01" service_provider_name="ATV" service_name="ATV2"/>
      <CA_identifier_descriptor>
        <CA_system_id value="0x1762"/>
        <CA_system_id value="0x0D05"/>
        <CA_system_id value="0x1801"/>
      </CA_identifier_descriptor>
      <private_data_specifier_descriptor private_data_specifier="Astra"/>
      <astra_bouquet_list_descriptor>
        <bouquet name="Österreich"/>
      </astra_bouquet_list_descriptor>
      <astra_virtual_service_id_descriptor virtual_service_id="0x233A"/>
    </service>
    <service service_id="0x33A8" transport_stream_id="0x03EB" original_network_id="0x0001" logical_channel_number="1,099" visible_service_flag="true" new_service_flag="false" genre_code="0x0000">
      <service_descriptor service_type="0x19" service_provider_name="ORS" service_name="Bibel TV HD"/>
      <private_data_specifier_descriptor private_data_specifier="Astra"/>
      <astra_bouquet_list_descriptor>
        <bouquet name="Österreich"/>
      </astra_bouquet_list_descriptor>
      <astra_virtual_service_id_descriptor virtual_service_id="0x36F0"/>
    </service>
    <service service_id="0x33A9" transport_stream_id="0x03EB" original_network_id="0x0001" logical_channel_number="926" visible_service_flag="true" new_service_flag="false" genre_code="0x0000">
      <service_descriptor service_type="0x19" service_provider_name="-" service_name="Schau TV HD"/>
      <private_data_specifier_descriptor private_data_specifier="Astra"/>
      <astra_bouquet_list_descriptor>
        <bouquet name="Österreich"/>
      </astra_bouquet_list_descriptor>
      <astra_virtual_service_id_descriptor virtual_service_id="0x75A9"/>
    </service>
    <service service_id="0x33AA" transport_stream_id="0x03EB" original_network_id="0x0001" logical_channel_number="986" visible_service_flag="true" new_service_flag="false" genre_code="0x0000">
      <service_descriptor service_type="0x01" service_provider_name="-" service_name="Starparadies AT"/>
      <private_data_specifier_descriptor private_data_specifier="Astra"/>
      <astra_bouquet_list_descriptor>
        <bouquet name="Ausland"/>
      </astra_bouquet_list_descriptor>
      <astra_virtual_service_id_descriptor virtual_service_id="0x36EF"/>
    </service>
    <service service_id="0x33AB" transport_stream_id="0x03EB" original_network_id="0x0001" logical_channel_number="1,124" visible_service_flag="true" new_service_flag="false" genre_code="0x0000">
      <service_descriptor service_type="0x19" service_provider_name="" service_name="HOPE Channel HD"/>
      <private_data_specifier_descriptor private_data_specifier="Astra"/>
      <astra_bouquet_list_descriptor/>
      <astra_virtual_service_id_descriptor virtual_service_id="0x75AD"/>
    </service>
    <service service_id="0x33AC" transport_stream_id="0x03EB" original_network_id="0x0001" logical_channel_number="1,094" visible_service_flag="true" new_service_flag="false" genre_code="0x0000">
      <service_descriptor service_type="0x19" service_provider_name="ATV" service_name="ATV HD"/>
      <private_data_specifier_descriptor private_data_specifier="Astra"/>
      <astra_bouquet_list_descriptor>
        <bouquet name="HD"/>
      </astra_bouquet_list_descriptor>
      <astra_virtual_service_id_descriptor virtual_service_id="0x2385"/>
    </service>
    <service service_id="0x33F5" transport_stream_id="0x03ED" original_network_id="0x0001" logical_channel_number="1,116" visible_service_flag="true" new_service_flag="false" genre_code="0x0000">
      <service_descriptor service_type="0x19" service_provider_name="ORF" service_name="ORF2St HD"/>
      <CA_identifier_descriptor>
        <CA_system_id value="0x1762"/>
        <CA_system_id value="0x0D05"/>
        <CA_system_id value="0x1801"/>
      </CA_identifier_descriptor>
      <private_data_specifier_descriptor private_data_specifier="Astra"/>
      <astra_bouquet_list_descriptor>
        <bouquet name="Österreich"/>
      </astra_bouquet_list_descriptor>
      <astra_virtual_service_id_descriptor virtual_service_id="0x758A"/>
      <service_descriptor service_type="0x19" service_provider_name="ORF" service_name="ORF2St HD"/>
      <CA_identifier_descriptor>
        <CA_system_id value="0x1762"/>
        <CA_system_id value="0x0D05"/>
        <CA_system_id value="0x1801"/>
      </CA_identifier_descriptor>
      <private_data_specifier_descriptor private_data_specifier="Astra"/>
      <astra_bouquet_list_descriptor>
        <bouquet name="Österreich"/>
      </astra_bouquet_list_descriptor>
      <astra_virtual_service_id_descriptor virtual_service_id="0x758A"/>
    </service>
    <service service_id="0x33F6" transport_stream_id="0x03ED" original_network_id="0x0001" logical_channel_number="1,117" visible_service_flag="true" new_service_flag="false" genre_code="0x0000">
      <service_descriptor service_type="0x19" service_provider_name="ORF" service_name="ORF2K HD"/>
      <CA_identifier_descriptor>
        <CA_system_id value="0x1762"/>
        <CA_system_id value="0x0D05"/>
        <CA_system_id value="0x1801"/>
      </CA_identifier_descriptor>
      <private_data_specifier_descriptor private_data_specifier="Astra"/>
      <astra_bouquet_list_descriptor>
        <bouquet name="Österreich"/>
      </astra_bouquet_list_descriptor>
      <astra_virtual_service_id_descriptor virtual_service_id="0x758B"/>
      <service_descriptor service_type="0x19" service_provider_name="ORF" service_name="ORF2K HD"/>
      <CA_identifier_descriptor>
        <CA_system_id value="0x1762"/>
        <CA_system_id value="0x0D05"/>
        <CA_system_id value="0x1801"/>
      </CA_identifier_descriptor>
      <private_data_specifier_descriptor private_data_specifier="Astra"/>
      <astra_bouquet_list_descriptor>
        <bouquet name="Österreich"/>
      </astra_bouquet_list_descriptor>
      <astra_virtual_service_id_descriptor virtual_service_id="0x758B"/>
    </service>
    <service service_id="0x33F7" transport_stream_id="0x03ED" original_network_id="0x0001" logical_channel_number="1,111" visible_service_flag="true" new_service_flag="false" genre_code="0x0000">
      <service_descriptor service_type="0x19" service_provider_name="ORF" service_name="ORF2B HD"/>
      <CA_identifier_descriptor>
        <CA_system_id value="0x1762"/>
        <CA_system_id value="0x0D05"/>
        <CA_system_id value="0x1801"/>
      </CA_identifier_descriptor>
      <private_data_specifier_descriptor private_data_specifier="Astra"/>
      <astra_bouquet_list_descriptor>
        <bouquet name="Österreich"/>
      </astra_bouquet_list_descriptor>
      <astra_virtual_service_id_descriptor virtual_service_id="0x7585"/>
      <service_descriptor service_type="0x19" service_provider_name="ORF" service_name="ORF2B HD"/>
      <CA_identifier_descriptor>
        <CA_system_id value="0x1762"/>
        <CA_system_id value="0x0D05"/>
        <CA_system_id value="0x1801"/>
      </CA_identifier_descriptor>
      <private_data_specifier_descriptor private_data_specifier="Astra"/>
      <astra_bouquet_list_descriptor>
        <bouquet name="Österreich"/>
      </astra_bouquet_list_descriptor>
      <astra_virtual_service_id_descriptor virtual_service_id="0x7585"/>
    </service>
    <service service_id="0x33F8" transport_stream_id="0x03ED" original_network_id="0x0001" logical_channel_number="1,112" visible_service_flag="true" new_service_flag="false" genre_code="0x0000">
      <service_descriptor service_type="0x19" service_provider_name="ORF" service_name="ORF2O HD"/>
      <CA_identifier_descriptor>
        <CA_system_id value="0x1762"/>
        <CA_system_id value="0x0D05"/>
        <CA_system_id value="0x1801"/>
      </CA_identifier_descriptor>
      <private_data_specifier_descriptor private_data_specifier="Astra"/>
      <astra_bouquet_list_descriptor>
        <bouquet name="Österreich"/>
      </astra_bouquet_list_descriptor>
      <astra_virtual_service_id_descriptor virtual_service_id="0x7586"/>
      <service_descriptor service_type="0x19" service_provider_name="ORF" service_name="ORF2O HD"/>
      <CA_identifier_descriptor>
        <CA_system_id value="0x1762"/>
        <CA_system_id value="0x0D05"/>
        <CA_system_id value="0x1801"/>
      </CA_identifier_descriptor>
      <private_data_specifier_descriptor private_data_specifier="Astra"/>
      <astra_bouquet_list_descriptor>
        <bouquet name="Österreich"/>
      </astra_bouquet_list_descriptor>
      <astra_virtual_service_id_descriptor virtual_service_id="0x7586"/>
    </service>
    <service service_id="0x33F9" transport_stream_id="0x03ED" original_network_id="0x0001" logical_channel_number="1,113" visible_service_flag="true" new_service_flag="false" genre_code="0x0000">
      <service_descriptor service_type="0x19" service_provider_name="ORF" service_name="ORF2S HD"/>
      <CA_identifier_descriptor>
        <CA_system_id value="0x1762"/>
        <CA_system_id value="0x0D05"/>
        <CA_system_id value="0x1801"/>
      </CA_identifier_descriptor>
      <private_data_specifier_descriptor private_data_specifier="Astra"/>
      <astra_bouquet_list_descriptor>
        <bouquet name="Österreich"/>
      </astra_bouquet_list_descriptor>
      <astra_virtual_service_id_descriptor virtual_service_id="0x7587"/>
      <service_descriptor service_type="0x19" service_provider_name="ORF" service_name="ORF2S HD"/>
      <CA_identifier_descriptor>
        <CA_system_id value="0x1762"/>
        <CA_system_id value="0x0D05"/>
        <CA_system_id value="0x1801"/>
      </CA_identifier_descriptor>
      <private_data_specifier_descriptor private_data_specifier="Astra"/>
      <astra_bouquet_list_descriptor>
        <bouquet name="Österreich"/>
      </astra_bouquet_list_descriptor>
      <astra_virtual_service_id_descriptor virtual_service_id="0x7587"/>
    </service>
    <service service_id="0x33FA" transport_stream_id="0x03ED" original_network_id="0x0001" logical_channel_number="1,114" visible_service_flag="true" new_service_flag="false" genre_code="0x0000">
      <service_descriptor service_type="0x19" service_provider_name="ORF" service_name="ORF2T HD"/>
      <CA_identifier_descriptor>
        <CA_system_id value="0x1762"/>
        <CA_system_id value="0x0D05"/>
        <CA_system_id value="0x1801"/>
      </CA_identifier_descriptor>
      <private_data_specifier_descriptor private_data_specifier="Astra"/>
      <astra_bouquet_list_descriptor>
        <bouquet name="Österreich"/>
      </astra_bouquet_list_descriptor>
      <astra_virtual_service_id_descriptor virtual_service_id="0x7588"/>
      <service_descriptor service_type="0x19" service_provider_name="ORF" service_name="ORF2T HD"/>
      <CA_identifier_descriptor>
        <CA_system_id value="0x1762"/>
        <CA_system_id value="0x0D05"/>
        <CA_system_id value="0x1801"/>
      </CA_identifier_descriptor>
      <private_data_specifier_descriptor private_data_specifier="Astra"/>
      <astra_bouquet_list_descriptor>
        <bouquet name="Österreich"/>
      </astra_bouquet_list_descriptor>
      <astra_virtual_service_id_descriptor virtual_service_id="0x7588"/>
    </service>
    <service service_id="0x33FB" transport_stream_id="0x03ED" original_network_id="0x0001" logical_channel_number="1,115" visible_service_flag="true" new_service_flag="false" genre_code="0x0000">
      <service_descriptor service_type="0x19" service_provider_name="ORF" service_name="ORF2V HD"/>
      <CA_identifier_descriptor>
        <CA_system_id value="0x1762"/>
        <CA_system_id value="0x0D05"/>
        <CA_system_id value="0x1801"/>
      </CA_identifier_descriptor>
      <private_data_specifier_descriptor private_data_specifier="Astra"/>
      <astra_bouquet_list_descriptor>
        <bouquet name="Österreich"/>
      </astra_bouquet_list_descriptor>
      <astra_virtual_service_id_descriptor virtual_service_id="0x7589"/>
      <service_descriptor service_type="0x19" service_provider_name="ORF" service_name="ORF2V HD"/>
      <CA_identifier_descriptor>
        <CA_system_id value="0x1762"/>
        <CA_system_id value="0x0D05"/>
        <CA_system_id value="0x1801"/>
      </CA_identifier_descriptor>
      <private_data_specifier_descriptor private_data_specifier="Astra"/>
      <astra_bouquet_list_descriptor>
        <bouquet name="Österreich"/>
      </astra_bouquet_list_descriptor>
      <astra_virtual_service_id_descriptor virtual_service_id="0x7589"/>
    </service>
    <service service_id="0x33FC" transport_stream_id="0x03ED" original_network_id="0x0001" logical_channel_number="1,118" visible_service_flag="true" new_service_flag="false" genre_code="0x0000">
      <service_descriptor service_type="0x19" service_provider_name="ORF" service_name="ORF III HD"/>
      <private_data_specifier_descriptor private_data_specifier="Astra"/>
      <astra_bouquet_list_descriptor>
        <bouquet name="Österreich"/>
      </astra_bouquet_list_descriptor>
      <astra_virtual_service_id_descriptor virtual_service_id="0x758C"/>
      <service_descriptor service_type="0x19" service_provider_name="ORF" service_name="ORF III HD"/>
      <private_data_specifier_descriptor private_data_specifier="Astra"/>
      <astra_bouquet_list_descriptor>
        <bouquet name="Österreich"/>
      </astra_bouquet_list_descriptor>
      <astra_virtual_service_id_descriptor virtual_service_id="0x758C"/>
    </service>
    <service service_id="0x33FD" transport_stream_id="0x03ED" original_network_id="0x0001" logical_channel_number="1,119" visible_service_flag="true" new_service_flag="false" genre_code="0x0000">
      <service_descriptor service_type="0x19" service_provider_name="ORF" service_name="ORF SPORT+ HD"/>
      <private_data_specifier_descriptor private_data_specifier="Astra"/>
      <astra_bouquet_list_descriptor>
        <bouquet name="Österreich"/>
      </astra_bouquet_list_descriptor>
      <astra_virtual_service_id_descriptor virtual_service_id="0x758D"/>
      <service_descriptor service_type="0x19" service_provider_name="ORF" service_name="ORF SPORT+ HD"/>
      <private_data_specifier_descriptor private_data_specifier="Astra"/>
      <astra_bouquet_list_descriptor>
        <bouquet name="Österreich"/>
      </astra_bouquet_list_descriptor>
      <astra_virtual_service_id_descriptor virtual_service_id="0x758D"/>
    </service>
    <service service_id="0x33FF" transport_stream_id="0x03ED" original_network_id="0x0001" logical_channel_number="819" visible_service_flag="true" new_service_flag="false" genre_code="0x0000">
      <service_descriptor service_type="0x16" service_provider_name="ORF" service_name="Aristo.TV"/>
      <private_data_specifier_descriptor private_data_specifier="Astra"/>
      <astra_bouquet_list_descriptor>
        <bouquet name="Österreich"/>
      </astra_bouquet_list_descriptor>
      <astra_virtual_service_id_descriptor virtual_service_id="0x75AB"/>
    </service>
    <service service_id="0x3400" transport_stream_id="0x03ED" original_network_id="0x0001" logical_channel_number="1,125" visible_service_flag="true" new_service_flag="false" genre_code="0x0000">
      <service_descriptor service_type="0x19" service_provider_name="ORS" service_name="R9 Oesterreich HD"/>
      <private_data_specifier_descriptor private_data_specifier="Astra"/>
      <astra_bouquet_list_descriptor/>
      <astra_virtual_service_id_descriptor virtual_service_id="0x75AE"/>
    </service>
    <service service_id="0x3401" transport_stream_id="0x03ED" original_network_id="0x0001" logical_channel_number="940" visible_service_flag="true" new_service_flag="false" genre_code="0x0000">
      <service_descriptor service_type="0x01" service_provider_name="ORF" service_name="SCHWEIZ 5"/>
      <private_data_specifier_descriptor private_data_specifier="Astra"/>
      <astra_bouquet_list_descriptor>
        <bouquet name="Österreich"/>
      </astra_bouquet_list_descriptor>
      <astra_virtual_service_id_descriptor virtual_service_id="0x75AC"/>
    </service>
    <service service_id="0x3402" transport_stream_id="0x03ED" original_network_id="0x0001" logical_channel_number="929" visible_service_flag="true" new_service_flag="false" genre_code="0x0000">
      <service_descriptor service_type="0x01" service_provider_name="-" service_name="oe24.TV HD"/>
      <private_data_specifier_descriptor private_data_specifier="Astra"/>
      <astra_bouquet_list_descriptor>
        <bouquet name="Österreich"/>
      </astra_bouquet_list_descriptor>
      <astra_virtual_service_id_descriptor virtual_service_id="0x7605"/>
    </service>
    <service service_id="0x3404" transport_stream_id="0x03ED" original_network_id="0x0001" logical_channel_number="912" visible_service_flag="true" new_service_flag="false" genre_code="0x0000">
      <service_descriptor service_type="0x01" service_provider_name="gotv" service_name="gotv"/>
      <private_data_specifier_descriptor private_data_specifier="Astra"/>
      <astra_bouquet_list_descriptor>
        <bouquet name="Österreich"/>
      </astra_bouquet_list_descriptor>
      <astra_virtual_service_id_descriptor virtual_service_id="0x2334"/>
    </service>
    <service service_id="0x3405" transport_stream_id="0x03ED" original_network_id="0x0001" logical_channel_number="939" visible_service_flag="true" new_service_flag="false" genre_code="0x0000">
      <service_descriptor service_type="0x01" service_provider_name="ORS" service_name="MELODIE TV NEU"/>
      <private_data_specifier_descriptor private_data_specifier="Astra"/>
      <astra_bouquet_list_descriptor>
        <bouquet name="Österreich"/>
      </astra_bouquet_list_descriptor>
      <astra_virtual_service_id_descriptor virtual_service_id="0x75AA"/>
    </service>
    <service service_id="0x107D" transport_stream_id="0x03EE" original_network_id="0x0001" logical_channel_number="928" visible_service_flag="true" new_service_flag="false" genre_code="0x0000">
      <service_descriptor service_type="0x01" service_provider_name="SES ASTRA" service_name="CBNN"/>
      <private_data_specifier_descriptor private_data_specifier="Astra"/>
      <astra_bouquet_list_descriptor>
        <bouquet name="Ausland"/>
      </astra_bouquet_list_descriptor>
      <astra_virtual_service_id_descriptor virtual_service_id="0x7602"/>
    </service>
    <service service_id="0x1086" transport_stream_id="0x03EE" original_network_id="0x0001" logical_channel_number="1,406" visible_service_flag="true" new_service_flag="false" genre_code="0x0000">
      <service_descriptor service_type="0x1F" service_provider_name="MX1" service_name="QVC UHD"/>
      <private_data_specifier_descriptor private_data_specifier="Astra"/>
      <astra_bouquet_list_descriptor/>
      <astra_virtual_service_id_descriptor virtual_service_id="0x75CF"/>
    </service>
    <service service_id="0x132F" transport_stream_id="0x03EF" original_network_id="0x0001" logical_channel_number="1,090" visible_service_flag="true" new_service_flag="false" genre_code="0x0000">
      <service_descriptor service_type="0x19" service_provider_name="ORF" service_name="ORF1 HD"/>
      <private_data_specifier_descriptor private_data_specifier="Astra"/>
      <astra_bouquet_list_descriptor>
        <bouquet name="Österreich"/>
      </astra_bouquet_list_descriptor>
      <astra_virtual_service_id_descriptor virtual_service_id="0x2338"/>
      <service_descriptor service_type="0x19" service_provider_name="ORF" service_name="ORF1 HD"/>
      <private_data_specifier_descriptor private_data_specifier="Astra"/>
      <astra_bouquet_list_descriptor>
        <bouquet name="Österreich"/>
      </astra_bouquet_list_descriptor>
      <astra_virtual_service_id_descriptor virtual_service_id="0x2338"/>
    </service>
    <service service_id="0x1330" transport_stream_id="0x03EF" original_network_id="0x0001" logical_channel_number="1,091" visible_service_flag="true" new_service_flag="false" genre_code="0x0000">
      <service_descriptor service_type="0x19" service_provider_name="ORF" service_name="ORF2W HD"/>
      <private_data_specifier_descriptor private_data_specifier="Astra"/>
      <astra_bouquet_list_descriptor>
        <bouquet name="Österreich"/>
      </astra_bouquet_list_descriptor>
      <astra_virtual_service_id_descriptor virtual_service_id="0x2339"/>
      <service_descriptor service_type="0x19" service_provider_name="ORF" service_name="ORF2W HD"/>
      <private_data_specifier_descriptor private_data_specifier="Astra"/>
      <astra_bouquet_list_descriptor>
        <bouquet name="Österreich"/>
      </astra_bouquet_list_descriptor>
      <astra_virtual_service_id_descriptor virtual_service_id="0x2339"/>
    </service>
    <service service_id="0x1331" transport_stream_id="0x03EF" original_network_id="0x0001" logical_channel_number="918" visible_service_flag="true" new_service_flag="false" genre_code="0x0000">
      <service_descriptor service_type="0x19" service_provider_name="ServusTV" service_name="ServusTV HD Oesterreich"/>
      <private_data_specifier_descriptor private_data_specifier="Astra"/>
      <astra_bouquet_list_descriptor>
        <bouquet name="Österreich"/>
      </astra_bouquet_list_descriptor>
      <astra_virtual_service_id_descriptor virtual_service_id="0x2733"/>
    </service>
    <service service_id="0x1332" transport_stream_id="0x03EF" original_network_id="0x0001" logical_channel_number="1,011" visible_service_flag="true" new_service_flag="false" genre_code="0x0000">
      <service_descriptor service_type="0x19" service_provider_name="ServusTV" service_name="DF1 HD"/>
      <private_data_specifier_descriptor private_data_specifier="Astra"/>
      <astra_bouquet_list_descriptor>
        <bouquet name="Sparten"/>
      </astra_bouquet_list_descriptor>
      <astra_virtual_service_id_descriptor virtual_service_id="0x7640"/>
      <service_descriptor service_type="0x19" service_provider_name="ServusTV" service_name="DF1 HD"/>
      <private_data_specifier_descriptor private_data_specifier="Astra"/>
      <astra_bouquet_list_descriptor>
        <bouquet name="HD"/>
      </astra_bouquet_list_descriptor>
      <astra_virtual_service_id_descriptor virtual_service_id="0x7640"/>
    </service>
    <service service_id="0x1334" transport_stream_id="0x03EF" original_network_id="0x0001" logical_channel_number="1,122" visible_service_flag="true" new_service_flag="false" genre_code="0x0000">
      <service_descriptor service_type="0x19" service_provider_name="ORF" service_name="ORF2N HD"/>
      <CA_identifier_descriptor>
        <CA_system_id value="0x1833"/>
        <CA_system_id value="0x1702"/>
      </CA_identifier_descriptor>
      <private_data_specifier_descriptor private_data_specifier="Astra"/>
      <astra_bouquet_list_descriptor/>
      <astra_virtual_service_id_descriptor virtual_service_id="0x75A0"/>
    </service>
    <service service_id="0x1344" transport_stream_id="0x03EF" original_network_id="0x0001" logical_channel_number="721" visible_service_flag="true" new_service_flag="false" genre_code="0x0000">
      <service_descriptor service_type="0x16" service_provider_name="ORF" service_name="TV Berlin"/>
      <private_data_specifier_descriptor private_data_specifier="Astra"/>
      <astra_bouquet_list_descriptor>
        <bouquet name="Sparten"/>
      </astra_bouquet_list_descriptor>
      <astra_virtual_service_id_descriptor virtual_service_id="0x7647"/>
    </service>
    <service service_id="0x2B8E" transport_stream_id="0x03F2" original_network_id="0x0001" logical_channel_number="1,053" visible_service_flag="true" new_service_flag="false" genre_code="0x0000">
      <service_descriptor service_type="0x19" service_provider_name="ZDFvision" service_name="3sat HD"/>
      <private_data_specifier_descriptor private_data_specifier="Astra"/>
      <astra_bouquet_list_descriptor>
        <bouquet name="ARD/ZDF"/>
      </astra_bouquet_list_descriptor>
      <astra_virtual_service_id_descriptor virtual_service_id="0x36DC"/>
      <service_descriptor service_type="0x19" service_provider_name="ZDFvision" service_name="3sat HD"/>
      <private_data_specifier_descriptor private_data_specifier="Astra"/>
      <astra_bouquet_list_descriptor>
        <bouquet name="ARD/ZDF"/>
      </astra_bouquet_list_descriptor>
      <astra_virtual_service_id_descriptor virtual_service_id="0x36DC"/>
    </service>
    <service service_id="0x2B98" transport_stream_id="0x03F2" original_network_id="0x0001" logical_channel_number="1,054" visible_service_flag="true" new_service_flag="false" genre_code="0x0000">
      <service_descriptor service_type="0x19" service_provider_name="ZDFvision" service_name="KiKa HD"/>
      <private_data_specifier_descriptor private_data_specifier="Astra"/>
      <astra_bouquet_list_descriptor>
        <bouquet name="ARD/ZDF"/>
      </astra_bouquet_list_descriptor>
      <astra_virtual_service_id_descriptor virtual_service_id="0x36DD"/>
      <service_descriptor service_type="0x19" service_provider_name="ZDFvision" service_name="KiKa HD"/>
      <private_data_specifier_descriptor private_data_specifier="Astra"/>
      <astra_bouquet_list_descriptor>
        <bouquet name="ARD/ZDF"/>
      </astra_bouquet_list_descriptor>
      <astra_virtual_service_id_descriptor virtual_service_id="0x36DD"/>
    </service>
    <service service_id="0x2BA2" transport_stream_id="0x03F2" original_network_id="0x0001" logical_channel_number="1,056" visible_service_flag="true" new_service_flag="false" genre_code="0x0000">
      <service_descriptor service_type="0x19" service_provider_name="ZDFvision" service_name="ZDFinfo HD"/>
      <private_data_specifier_descriptor private_data_specifier="Astra"/>
      <astra_bouquet_list_descriptor>
        <bouquet name="ZDFvision"/>
      </astra_bouquet_list_descriptor>
      <astra_virtual_service_id_descriptor virtual_service_id="0x36DE"/>
      <service_descriptor service_type="0x19" service_provider_name="ZDFvision" service_name="ZDFinfo HD"/>
      <private_data_specifier_descriptor private_data_specifier="Astra"/>
      <astra_bouquet_list_descriptor>
        <bouquet name="ZDFvision"/>
      </astra_bouquet_list_descriptor>
      <astra_virtual_service_id_descriptor virtual_service_id="0x36DE"/>
    </service>
    <service service_id="0x2B66" transport_stream_id="0x03F3" original_network_id="0x0001" logical_channel_number="1,001" visible_service_flag="true" new_service_flag="false" genre_code="0x0000">
      <service_descriptor service_type="0x19" service_provider_name="ZDF version" service_name="ZDF HD"/>
      <private_data_specifier_descriptor private_data_specifier="Astra"/>
      <astra_bouquet_list_descriptor>
        <bouquet name="HD"/>
      </astra_bouquet_list_descriptor>
      <astra_virtual_service_id_descriptor virtual_service_id="0x2711"/>
      <service_descriptor service_type="0x19" service_provider_name="ZDF version" service_name="ZDF HD"/>
      <private_data_specifier_descriptor private_data_specifier="Astra"/>
      <astra_bouquet_list_descriptor>
        <bouquet name="HD"/>
      </astra_bouquet_list_descriptor>
      <astra_virtual_service_id_descriptor virtual_service_id="0x2711"/>
    </service>
    <service service_id="0x2B7A" transport_stream_id="0x03F3" original_network_id="0x0001" logical_channel_number="1,057" visible_service_flag="true" new_service_flag="false" genre_code="0x0000">
      <service_descriptor service_type="0x19" service_provider_name="ZDFvision" service_name="zdf_neo HD"/>
      <private_data_specifier_descriptor private_data_specifier="Astra"/>
      <astra_bouquet_list_descriptor>
        <bouquet name="ZDFvision"/>
      </astra_bouquet_list_descriptor>
      <astra_virtual_service_id_descriptor virtual_service_id="0x36DF"/>
      <service_descriptor service_type="0x19" service_provider_name="ZDFvision" service_name="zdf_neo HD"/>
      <private_data_specifier_descriptor private_data_specifier="Astra"/>
      <astra_bouquet_list_descriptor>
        <bouquet name="ZDFvision"/>
      </astra_bouquet_list_descriptor>
      <astra_virtual_service_id_descriptor virtual_service_id="0x36DF"/>
    </service>
    <service service_id="0x18F5" transport_stream_id="0x03F4" original_network_id="0x0001" logical_channel_number="963" visible_service_flag="true" new_service_flag="false" genre_code="0x0000">
      <service_descriptor service_type="0x01" service_provider_name="&apos;-" service_name="Rai News 24"/>
      <private_data_specifier_descriptor private_data_specifier="Astra"/>
      <astra_bouquet_list_descriptor>
        <bouquet name="Ausland"/>
      </astra_bouquet_list_descriptor>
      <astra_virtual_service_id_descriptor virtual_service_id="0x761B"/>
    </service>
    <service service_id="0x307A" transport_stream_id="0x03F5" original_network_id="0x0001" logical_channel_number="1,407" visible_service_flag="true" new_service_flag="false" genre_code="0x0000">
      <service_descriptor service_type="0x1F" service_provider_name="CBC" service_name="RTL UHD"/>
      <CA_identifier_descriptor>
        <CA_system_id value="0x1830"/>
        <CA_system_id value="0x1843"/>
        <CA_system_id value="0x1860"/>
      </CA_identifier_descriptor>
      <private_data_specifier_descriptor private_data_specifier="Astra"/>
      <astra_bouquet_list_descriptor/>
      <astra_virtual_service_id_descriptor virtual_service_id="0x75D0"/>
      <service_descriptor service_type="0x1F" service_provider_name="CBC" service_name="RTL UHD"/>
      <CA_identifier_descriptor>
        <CA_system_id value="0x1830"/>
        <CA_system_id value="0x1843"/>
        <CA_system_id value="0x1860"/>
      </CA_identifier_descriptor>
      <private_data_specifier_descriptor private_data_specifier="Astra"/>
      <astra_bouquet_list_descriptor/>
      <astra_virtual_service_id_descriptor virtual_service_id="0x75D0"/>
    </service>
    <service service_id="0x0000" transport_stream_id="0x03F7" original_network_id="0x0001" logical_channel_number="1,299" visible_service_flag="false" new_service_flag="false" genre_code="0x0000">
      <service_descriptor service_type="0x01" service_provider_name="END of TV LCN" service_name="END of TV LCN"/>
      <private_data_specifier_descriptor private_data_specifier="Astra"/>
      <astra_bouquet_list_descriptor/>
      <service_descriptor service_type="0x02" service_provider_name="END of Radio LCN" service_name="END of Radio LCN"/>
      <private_data_specifier_descriptor private_data_specifier="Astra"/>
      <astra_bouquet_list_descriptor/>
    </service>
    <service service_id="0x1267" transport_stream_id="0x03F7" original_network_id="0x0001" logical_channel_number="782" visible_service_flag="true" new_service_flag="false" genre_code="0x0000">
      <service_descriptor service_type="0x01" service_provider_name="BetaDigital" service_name="."/>
      <private_data_specifier_descriptor private_data_specifier="Astra"/>
      <astra_bouquet_list_descriptor>
        <bouquet name="Sparten"/>
      </astra_bouquet_list_descriptor>
      <astra_virtual_service_id_descriptor virtual_service_id="0x1BAA"/>
    </service>
    <service service_id="0x1268" transport_stream_id="0x03F7" original_network_id="0x0001" logical_channel_number="781" visible_service_flag="true" new_service_flag="false" genre_code="0x0000">
      <service_descriptor service_type="0x19" service_provider_name="BetaDigital" service_name="."/>
      <private_data_specifier_descriptor private_data_specifier="Astra"/>
      <astra_bouquet_list_descriptor>
        <bouquet name="Sparten"/>
      </astra_bouquet_list_descriptor>
      <astra_virtual_service_id_descriptor virtual_service_id="0x1BA9"/>
    </service>
    <service service_id="0x1269" transport_stream_id="0x03F7" original_network_id="0x0001" logical_channel_number="784" visible_service_flag="true" new_service_flag="false" genre_code="0x0000">
      <service_descriptor service_type="0x01" service_provider_name="BetaDigital" service_name="Die Neue Zeit TV"/>
      <private_data_specifier_descriptor private_data_specifier="Astra"/>
      <astra_bouquet_list_descriptor>
        <bouquet name="Sparten"/>
      </astra_bouquet_list_descriptor>
      <astra_virtual_service_id_descriptor virtual_service_id="0x1BAC"/>
    </service>
    <service service_id="0x126E" transport_stream_id="0x03F7" original_network_id="0x0001" logical_channel_number="1,750" visible_service_flag="false" new_service_flag="false" genre_code="0x0000">
      <service_descriptor service_type="0x01" service_provider_name="SES PS" service_name=".1."/>
      <private_data_specifier_descriptor private_data_specifier="Astra"/>
      <astra_bouquet_list_descriptor/>
    </service>
    <service service_id="0x126F" transport_stream_id="0x03F7" original_network_id="0x0001" logical_channel_number="1,751" visible_service_flag="false" new_service_flag="false" genre_code="0x0000">
      <service_descriptor service_type="0x01" service_provider_name="SES PS" service_name=".2."/>
      <private_data_specifier_descriptor private_data_specifier="Astra"/>
      <astra_bouquet_list_descriptor/>
    </service>
    <service service_id="0xEF74" transport_stream_id="0x03F9" original_network_id="0x0001" logical_channel_number="1,006" visible_service_flag="true" new_service_flag="false" genre_code="0x0000">
      <service_descriptor service_type="0x19" service_provider_name="ProSiebenSAT.1" service_name="SAT.1 HD"/>
      <CA_identifier_descriptor>
        <CA_system_id value="0x1830"/>
        <CA_system_id value="0x1843"/>
        <CA_system_id value="0x1860"/>
      </CA_identifier_descriptor>
      <private_data_specifier_descriptor private_data_specifier="Astra"/>
      <astra_bouquet_list_descriptor>
        <bouquet name="HD"/>
      </astra_bouquet_list_descriptor>
      <astra_virtual_service_id_descriptor virtual_service_id="0x2716"/>
      <service_descriptor service_type="0x19" service_provider_name="ProSiebenSAT.1" service_name="SAT.1 HD"/>
      <CA_identifier_descriptor>
        <CA_system_id value="0x1830"/>
        <CA_system_id value="0x1843"/>
        <CA_system_id value="0x1860"/>
      </CA_identifier_descriptor>
      <private_data_specifier_descriptor private_data_specifier="Astra"/>
      <astra_bouquet_list_descriptor>
        <bouquet name="HD"/>
      </astra_bouquet_list_descriptor>
      <astra_virtual_service_id_descriptor virtual_service_id="0x2716"/>
    </service>
    <service service_id="0xEF75" transport_stream_id="0x03F9" original_network_id="0x0001" logical_channel_number="1,007" visible_service_flag="true" new_service_flag="false" genre_code="0x0000">
      <service_descriptor service_type="0x19" service_provider_name="ProSiebenSAT.1" service_name="ProSieben HD"/>
      <CA_identifier_descriptor>
        <CA_system_id value="0x1830"/>
        <CA_system_id value="0x1843"/>
        <CA_system_id value="0x1860"/>
      </CA_identifier_descriptor>
      <private_data_specifier_descriptor private_data_specifier="Astra"/>
      <astra_bouquet_list_descriptor>
        <bouquet name="HD"/>
      </astra_bouquet_list_descriptor>
      <astra_virtual_service_id_descriptor virtual_service_id="0x2717"/>
      <service_descriptor service_type="0x19" service_provider_name="ProSiebenSAT.1" service_name="ProSieben HD"/>
      <CA_identifier_descriptor>
        <CA_system_id value="0x1830"/>
        <CA_system_id value="0x1843"/>
        <CA_system_id value="0x1860"/>
      </CA_identifier_descriptor>
      <private_data_specifier_descriptor private_data_specifier="Astra"/>
      <astra_bouquet_list_descriptor>
        <bouquet name="HD"/>
      </astra_bouquet_list_descriptor>
      <astra_virtual_service_id_descriptor virtual_service_id="0x2717"/>
    </service>
    <service service_id="0xEF76" transport_stream_id="0x03F9" original_network_id="0x0001" logical_channel_number="1,008" visible_service_flag="true" new_service_flag="false" genre_code="0x0000">
      <service_descriptor service_type="0x19" service_provider_name="ProSiebenSAT.1" service_name="kabel eins HD"/>
      <CA_identifier_descriptor>
        <CA_system_id value="0x1830"/>
        <CA_system_id value="0x1843"/>
        <CA_system_id value="0x1860"/>
      </CA_identifier_descriptor>
      <private_data_specifier_descriptor private_data_specifier="Astra"/>
      <astra_bouquet_list_descriptor>
        <bouquet name="HD"/>
      </astra_bouquet_list_descriptor>
      <astra_virtual_service_id_descriptor virtual_service_id="0x2718"/>
      <service_descriptor service_type="0x19" service_provider_name="ProSiebenSAT.1" service_name="kabel eins HD"/>
      <CA_identifier_descriptor>
        <CA_system_id value="0x1830"/>
        <CA_system_id value="0x1843"/>
        <CA_system_id value="0x1860"/>
      </CA_identifier_descriptor>
      <private_data_specifier_descriptor private_data_specifier="Astra"/>
      <astra_bouquet_list_descriptor>
        <bouquet name="HD"/>
      </astra_bouquet_list_descriptor>
      <astra_virtual_service_id_descriptor virtual_service_id="0x2718"/>
    </service>
    <service service_id="0xEF77" transport_stream_id="0x03F9" original_network_id="0x0001" logical_channel_number="1,013" visible_service_flag="true" new_service_flag="false" genre_code="0x0000">
      <service_descriptor service_type="0x19" service_provider_name="ProSiebenSat.1" service_name="SIXX HD"/>
      <CA_identifier_descriptor>
        <CA_system_id value="0x1830"/>
        <CA_system_id value="0x1843"/>
        <CA_system_id value="0x1860"/>
      </CA_identifier_descriptor>
      <private_data_specifier_descriptor private_data_specifier="Astra"/>
      <astra_bouquet_list_descriptor>
        <bouquet name="HD"/>
      </astra_bouquet_list_descriptor>
      <astra_virtual_service_id_descriptor virtual_service_id="0x0405"/>
      <service_descriptor service_type="0x19" service_provider_name="ProSiebenSat.1" service_name="SIXX HD"/>
      <CA_identifier_descriptor>
        <CA_system_id value="0x1830"/>
        <CA_system_id value="0x1843"/>
        <CA_system_id value="0x1860"/>
      </CA_identifier_descriptor>
      <private_data_specifier_descriptor private_data_specifier="Astra"/>
      <astra_bouquet_list_descriptor>
        <bouquet name="HD"/>
      </astra_bouquet_list_descriptor>
      <astra_virtual_service_id_descriptor virtual_service_id="0x0405"/>
    </service>
    <service service_id="0xEF78" transport_stream_id="0x03F9" original_network_id="0x0001" logical_channel_number="1,106" visible_service_flag="true" new_service_flag="false" genre_code="0x0000">
      <service_descriptor service_type="0x19" service_provider_name="ProSiebenSat.1" service_name="Pro7 MAXX HD"/>
      <CA_identifier_descriptor>
        <CA_system_id value="0x1830"/>
        <CA_system_id value="0x1843"/>
        <CA_system_id value="0x1860"/>
      </CA_identifier_descriptor>
      <private_data_specifier_descriptor private_data_specifier="Astra"/>
      <astra_bouquet_list_descriptor>
        <bouquet name="HD"/>
      </astra_bouquet_list_descriptor>
      <astra_virtual_service_id_descriptor virtual_service_id="0x757B"/>
      <service_descriptor service_type="0x19" service_provider_name="ProSiebenSat.1" service_name="Pro7 MAXX HD"/>
      <CA_identifier_descriptor>
        <CA_system_id value="0x1830"/>
        <CA_system_id value="0x1843"/>
        <CA_system_id value="0x1860"/>
      </CA_identifier_descriptor>
      <private_data_specifier_descriptor private_data_specifier="Astra"/>
      <astra_bouquet_list_descriptor>
        <bouquet name="HD"/>
      </astra_bouquet_list_descriptor>
      <astra_virtual_service_id_descriptor virtual_service_id="0x757B"/>
    </service>
    <service service_id="0xEF79" transport_stream_id="0x03F9" original_network_id="0x0001" logical_channel_number="1,129" visible_service_flag="true" new_service_flag="false" genre_code="0x0000">
      <service_descriptor service_type="0x19" service_provider_name="ProSiebenSat.1" service_name="Kabel Eins Doku HD"/>
      <CA_identifier_descriptor>
        <CA_system_id value="0x1830"/>
        <CA_system_id value="0x1843"/>
        <CA_system_id value="0x1860"/>
      </CA_identifier_descriptor>
      <private_data_specifier_descriptor private_data_specifier="Astra"/>
      <astra_bouquet_list_descriptor>
        <bouquet name="ProSiebenSAT.1"/>
      </astra_bouquet_list_descriptor>
      <astra_virtual_service_id_descriptor virtual_service_id="0x7600"/>
      <service_descriptor service_type="0x19" service_provider_name="ProSiebenSat.1" service_name="Kabel Eins Doku HD"/>
      <CA_identifier_descriptor>
        <CA_system_id value="0x1830"/>
        <CA_system_id value="0x1843"/>
        <CA_system_id value="0x1860"/>
      </CA_identifier_descriptor>
      <private_data_specifier_descriptor private_data_specifier="Astra"/>
      <astra_bouquet_list_descriptor>
        <bouquet name="ProSiebenSAT.1"/>
      </astra_bouquet_list_descriptor>
      <astra_virtual_service_id_descriptor virtual_service_id="0x7600"/>
    </service>
    <service service_id="0x283D" transport_stream_id="0x03FB" original_network_id="0x0001" logical_channel_number="1,000" visible_service_flag="true" new_service_flag="false" genre_code="0x0000">
      <service_descriptor service_type="0x19" service_provider_name="ARD Digital" service_name="Das Erste HD"/>
      <private_data_specifier_descriptor private_data_specifier="Astra"/>
      <astra_bouquet_list_descriptor>
        <bouquet name="ARD Digital"/>
      </astra_bouquet_list_descriptor>
      <astra_virtual_service_id_descriptor virtual_service_id="0x2710"/>
      <service_descriptor service_type="0x19" service_provider_name="ARD Digital" service_name="Das Erste HD"/>
      <private_data_specifier_descriptor private_data_specifier="Astra"/>
      <astra_bouquet_list_descriptor>
        <bouquet name="HD"/>
      </astra_bouquet_list_descriptor>
      <astra_virtual_service_id_descriptor virtual_service_id="0x2710"/>
    </service>
    <service service_id="0x283E" transport_stream_id="0x03FB" original_network_id="0x0001" logical_channel_number="1,002" visible_service_flag="true" new_service_flag="false" genre_code="0x0000">
      <service_descriptor service_type="0x19" service_provider_name="ARD" service_name="arte HD"/>
      <private_data_specifier_descriptor private_data_specifier="Astra"/>
      <astra_bouquet_list_descriptor>
        <bouquet name="HD"/>
      </astra_bouquet_list_descriptor>
      <astra_virtual_service_id_descriptor virtual_service_id="0x2712"/>
      <service_descriptor service_type="0x19" service_provider_name="ARD" service_name="arte HD"/>
      <private_data_specifier_descriptor private_data_specifier="Astra"/>
      <astra_bouquet_list_descriptor>
        <bouquet name="HD"/>
      </astra_bouquet_list_descriptor>
      <astra_virtual_service_id_descriptor virtual_service_id="0x2712"/>
    </service>
    <service service_id="0x283F" transport_stream_id="0x03FB" original_network_id="0x0001" logical_channel_number="1,040" visible_service_flag="true" new_service_flag="false" genre_code="0x0000">
      <service_descriptor service_type="0x19" service_provider_name="ARD" service_name="SWR BW HD"/>
      <private_data_specifier_descriptor private_data_specifier="Astra"/>
      <astra_bouquet_list_descriptor>
        <bouquet name="ARD Digital"/>
      </astra_bouquet_list_descriptor>
      <astra_virtual_service_id_descriptor virtual_service_id="0x36C7"/>
      <service_descriptor service_type="0x19" service_provider_name="ARD" service_name="SWR BW HD"/>
      <private_data_specifier_descriptor private_data_specifier="Astra"/>
      <astra_bouquet_list_descriptor>
        <bouquet name="ARD Digital"/>
      </astra_bouquet_list_descriptor>
      <astra_virtual_service_id_descriptor virtual_service_id="0x36C7"/>
    </service>
    <service service_id="0x2840" transport_stream_id="0x03FB" original_network_id="0x0001" logical_channel_number="1,041" visible_service_flag="true" new_service_flag="false" genre_code="0x0000">
      <service_descriptor service_type="0x19" service_provider_name="ARD" service_name="SWR RP HD"/>
      <private_data_specifier_descriptor private_data_specifier="Astra"/>
      <astra_bouquet_list_descriptor>
        <bouquet name="ARD Digital"/>
      </astra_bouquet_list_descriptor>
      <astra_virtual_service_id_descriptor virtual_service_id="0x36C8"/>
      <service_descriptor service_type="0x19" service_provider_name="ARD" service_name="SWR RP HD"/>
      <private_data_specifier_descriptor private_data_specifier="Astra"/>
      <astra_bouquet_list_descriptor>
        <bouquet name="ARD Digital"/>
      </astra_bouquet_list_descriptor>
      <astra_virtual_service_id_descriptor virtual_service_id="0x36C8"/>
    </service>
    <service service_id="0x1B64" transport_stream_id="0x03FC" original_network_id="0x0001" logical_channel_number="962" visible_service_flag="true" new_service_flag="false" genre_code="0x0000">
      <service_descriptor service_type="0x19" service_provider_name="GCE" service_name="Arirang HD"/>
      <private_data_specifier_descriptor private_data_specifier="Astra"/>
      <astra_bouquet_list_descriptor>
        <bouquet name="Ausland"/>
      </astra_bouquet_list_descriptor>
      <astra_virtual_service_id_descriptor virtual_service_id="0x2366"/>
    </service>
    <service service_id="0x6EAC" transport_stream_id="0x03FD" original_network_id="0x0001" logical_channel_number="1,026" visible_service_flag="true" new_service_flag="false" genre_code="0x0000">
      <service_descriptor service_type="0x19" service_provider_name="ARD" service_name="WDR HD Köln"/>
      <private_data_specifier_descriptor private_data_specifier="Astra"/>
      <astra_bouquet_list_descriptor>
        <bouquet name="ARD Digital"/>
      </astra_bouquet_list_descriptor>
      <astra_virtual_service_id_descriptor virtual_service_id="0x36D0"/>
      <service_descriptor service_type="0x19" service_provider_name="ARD" service_name="WDR HD Köln"/>
      <private_data_specifier_descriptor private_data_specifier="Astra"/>
      <astra_bouquet_list_descriptor>
        <bouquet name="ARD Digital"/>
      </astra_bouquet_list_descriptor>
      <astra_virtual_service_id_descriptor virtual_service_id="0x36D0"/>
    </service>
    <service service_id="0x6EAD" transport_stream_id="0x03FD" original_network_id="0x0001" logical_channel_number="1,027" visible_service_flag="true" new_service_flag="false" genre_code="0x0000">
      <service_descriptor service_type="0x19" service_provider_name="ARD" service_name="WDR HD Aachen"/>
      <private_data_specifier_descriptor private_data_specifier="Astra"/>
      <astra_bouquet_list_descriptor>
        <bouquet name="ARD Digital"/>
      </astra_bouquet_list_descriptor>
      <astra_virtual_service_id_descriptor virtual_service_id="0x36D7"/>
      <service_descriptor service_type="0x19" service_provider_name="ARD" service_name="WDR HD Aachen"/>
      <private_data_specifier_descriptor private_data_specifier="Astra"/>
      <astra_bouquet_list_descriptor>
        <bouquet name="ARD Digital"/>
      </astra_bouquet_list_descriptor>
      <astra_virtual_service_id_descriptor virtual_service_id="0x36D7"/>
    </service>
    <service service_id="0x6EAE" transport_stream_id="0x03FD" original_network_id="0x0001" logical_channel_number="1,028" visible_service_flag="true" new_service_flag="false" genre_code="0x0000">
      <service_descriptor service_type="0x19" service_provider_name="ARD" service_name="WDR HD Bielefeld"/>
      <private_data_specifier_descriptor private_data_specifier="Astra"/>
      <astra_bouquet_list_descriptor>
        <bouquet name="ARD Digital"/>
      </astra_bouquet_list_descriptor>
      <astra_virtual_service_id_descriptor virtual_service_id="0x36D1"/>
      <service_descriptor service_type="0x19" service_provider_name="ARD" service_name="WDR HD Bielefeld"/>
      <private_data_specifier_descriptor private_data_specifier="Astra"/>
      <astra_bouquet_list_descriptor>
        <bouquet name="ARD Digital"/>
      </astra_bouquet_list_descriptor>
      <astra_virtual_service_id_descriptor virtual_service_id="0x36D1"/>
    </service>
    <service service_id="0x6EAF" transport_stream_id="0x03FD" original_network_id="0x0001" logical_channel_number="1,050" visible_service_flag="true" new_service_flag="false" genre_code="0x0000">
      <service_descriptor service_type="0x19" service_provider_name="ARD" service_name="WDR HD Bonn"/>
      <private_data_specifier_descriptor private_data_specifier="Astra"/>
      <astra_bouquet_list_descriptor>
        <bouquet name="ARD Digital"/>
      </astra_bouquet_list_descriptor>
      <astra_virtual_service_id_descriptor virtual_service_id="0x36D9"/>
      <service_descriptor service_type="0x19" service_provider_name="ARD" service_name="WDR HD Bonn"/>
      <private_data_specifier_descriptor private_data_specifier="Astra"/>
      <astra_bouquet_list_descriptor>
        <bouquet name="ARD Digital"/>
      </astra_bouquet_list_descriptor>
      <astra_virtual_service_id_descriptor virtual_service_id="0x36D9"/>
    </service>
    <service service_id="0x6EB0" transport_stream_id="0x03FD" original_network_id="0x0001" logical_channel_number="1,029" visible_service_flag="true" new_service_flag="false" genre_code="0x0000">
      <service_descriptor service_type="0x19" service_provider_name="ARD" service_name="WDR HD Dortmund"/>
      <private_data_specifier_descriptor private_data_specifier="Astra"/>
      <astra_bouquet_list_descriptor>
        <bouquet name="ARD Digital"/>
      </astra_bouquet_list_descriptor>
      <astra_virtual_service_id_descriptor virtual_service_id="0x36D2"/>
      <service_descriptor service_type="0x19" service_provider_name="ARD" service_name="WDR HD Dortmund"/>
      <private_data_specifier_descriptor private_data_specifier="Astra"/>
      <astra_bouquet_list_descriptor>
        <bouquet name="ARD Digital"/>
      </astra_bouquet_list_descriptor>
      <astra_virtual_service_id_descriptor virtual_service_id="0x36D2"/>
    </service>
    <service service_id="0x6EB1" transport_stream_id="0x03FD" original_network_id="0x0001" logical_channel_number="1,051" visible_service_flag="true" new_service_flag="false" genre_code="0x0000">
      <service_descriptor service_type="0x19" service_provider_name="ARD" service_name="WDR HD Duisburg"/>
      <private_data_specifier_descriptor private_data_specifier="Astra"/>
      <astra_bouquet_list_descriptor>
        <bouquet name="ARD Digital"/>
      </astra_bouquet_list_descriptor>
      <astra_virtual_service_id_descriptor virtual_service_id="0x36DA"/>
      <service_descriptor service_type="0x19" service_provider_name="ARD" service_name="WDR HD Duisburg"/>
      <private_data_specifier_descriptor private_data_specifier="Astra"/>
      <astra_bouquet_list_descriptor>
        <bouquet name="ARD Digital"/>
      </astra_bouquet_list_descriptor>
      <astra_virtual_service_id_descriptor virtual_service_id="0x36DA"/>
    </service>
    <service service_id="0x6EB2" transport_stream_id="0x03FD" original_network_id="0x0001" logical_channel_number="1,030" visible_service_flag="true" new_service_flag="false" genre_code="0x0000">
      <service_descriptor service_type="0x19" service_provider_name="ARD" service_name="WDR HD Düsseldorf"/>
      <private_data_specifier_descriptor private_data_specifier="Astra"/>
      <astra_bouquet_list_descriptor>
        <bouquet name="ARD Digital"/>
      </astra_bouquet_list_descriptor>
      <astra_virtual_service_id_descriptor virtual_service_id="0x36D3"/>
      <service_descriptor service_type="0x19" service_provider_name="ARD" service_name="WDR HD Düsseldorf"/>
      <private_data_specifier_descriptor private_data_specifier="Astra"/>
      <astra_bouquet_list_descriptor>
        <bouquet name="ARD Digital"/>
      </astra_bouquet_list_descriptor>
      <astra_virtual_service_id_descriptor virtual_service_id="0x36D3"/>
    </service>
    <service service_id="0x6EB3" transport_stream_id="0x03FD" original_network_id="0x0001" logical_channel_number="1,031" visible_service_flag="true" new_service_flag="false" genre_code="0x0000">
      <service_descriptor service_type="0x19" service_provider_name="ARD" service_name="WDR HD Essen"/>
      <private_data_specifier_descriptor private_data_specifier="Astra"/>
      <astra_bouquet_list_descriptor>
        <bouquet name="ARD Digital"/>
      </astra_bouquet_list_descriptor>
      <astra_virtual_service_id_descriptor virtual_service_id="0x36D4"/>
      <service_descriptor service_type="0x19" service_provider_name="ARD" service_name="WDR HD Essen"/>
      <private_data_specifier_descriptor private_data_specifier="Astra"/>
      <astra_bouquet_list_descriptor>
        <bouquet name="ARD Digital"/>
      </astra_bouquet_list_descriptor>
      <astra_virtual_service_id_descriptor virtual_service_id="0x36D4"/>
    </service>
    <service service_id="0x6EB4" transport_stream_id="0x03FD" original_network_id="0x0001" logical_channel_number="1,032" visible_service_flag="true" new_service_flag="false" genre_code="0x0000">
      <service_descriptor service_type="0x19" service_provider_name="ARD" service_name="WDR HD Münster"/>
      <private_data_specifier_descriptor private_data_specifier="Astra"/>
      <astra_bouquet_list_descriptor>
        <bouquet name="ARD Digital"/>
      </astra_bouquet_list_descriptor>
      <astra_virtual_service_id_descriptor virtual_service_id="0x36D5"/>
      <service_descriptor service_type="0x19" service_provider_name="ARD" service_name="WDR HD Münster"/>
      <private_data_specifier_descriptor private_data_specifier="Astra"/>
      <astra_bouquet_list_descriptor>
        <bouquet name="ARD Digital"/>
      </astra_bouquet_list_descriptor>
      <astra_virtual_service_id_descriptor virtual_service_id="0x36D5"/>
    </service>
    <service service_id="0x6EB5" transport_stream_id="0x03FD" original_network_id="0x0001" logical_channel_number="1,033" visible_service_flag="true" new_service_flag="false" genre_code="0x0000">
      <service_descriptor service_type="0x19" service_provider_name="ARD" service_name="WDR HD Siegen"/>
      <private_data_specifier_descriptor private_data_specifier="Astra"/>
      <astra_bouquet_list_descriptor>
        <bouquet name="ARD Digital"/>
      </astra_bouquet_list_descriptor>
      <astra_virtual_service_id_descriptor virtual_service_id="0x36D6"/>
      <service_descriptor service_type="0x19" service_provider_name="ARD" service_name="WDR HD Siegen"/>
      <private_data_specifier_descriptor private_data_specifier="Astra"/>
      <astra_bouquet_list_descriptor>
        <bouquet name="ARD Digital"/>
      </astra_bouquet_list_descriptor>
      <astra_virtual_service_id_descriptor virtual_service_id="0x36D6"/>
    </service>
    <service service_id="0x6EB6" transport_stream_id="0x03FD" original_network_id="0x0001" logical_channel_number="1,034" visible_service_flag="true" new_service_flag="false" genre_code="0x0000">
      <service_descriptor service_type="0x19" service_provider_name="ARD" service_name="WDR HD Wuppertal"/>
      <private_data_specifier_descriptor private_data_specifier="Astra"/>
      <astra_bouquet_list_descriptor>
        <bouquet name="ARD Digital"/>
      </astra_bouquet_list_descriptor>
      <astra_virtual_service_id_descriptor virtual_service_id="0x36D8"/>
      <service_descriptor service_type="0x19" service_provider_name="ARD" service_name="WDR HD Wuppertal"/>
      <private_data_specifier_descriptor private_data_specifier="Astra"/>
      <astra_bouquet_list_descriptor>
        <bouquet name="ARD Digital"/>
      </astra_bouquet_list_descriptor>
      <astra_virtual_service_id_descriptor virtual_service_id="0x36D8"/>
    </service>
    <service service_id="0x1AF8" transport_stream_id="0x03FE" original_network_id="0x0001" logical_channel_number="972" visible_service_flag="true" new_service_flag="false" genre_code="0x0000">
      <service_descriptor service_type="0x01" service_provider_name="OVERON" service_name="Russia Today"/>
      <private_data_specifier_descriptor private_data_specifier="Astra"/>
      <astra_bouquet_list_descriptor>
        <bouquet name="Ausland"/>
      </astra_bouquet_list_descriptor>
      <astra_virtual_service_id_descriptor virtual_service_id="0x2370"/>
    </service>
    <service service_id="0x1AF9" transport_stream_id="0x03FE" original_network_id="0x0001" logical_channel_number="970" visible_service_flag="true" new_service_flag="false" genre_code="0x0000">
      <service_descriptor service_type="0x01" service_provider_name="FRANCE 24" service_name="France 24 (franz.)"/>
      <private_data_specifier_descriptor private_data_specifier="Astra"/>
      <astra_bouquet_list_descriptor>
        <bouquet name="Ausland"/>
      </astra_bouquet_list_descriptor>
      <astra_virtual_service_id_descriptor virtual_service_id="0x236E"/>
    </service>
    <service service_id="0x1AFA" transport_stream_id="0x03FE" original_network_id="0x0001" logical_channel_number="971" visible_service_flag="true" new_service_flag="false" genre_code="0x0000">
      <service_descriptor service_type="0x01" service_provider_name="FRANCE 24" service_name="France 24 (engl.)"/>
      <private_data_specifier_descriptor private_data_specifier="Astra"/>
      <astra_bouquet_list_descriptor>
        <bouquet name="Ausland"/>
      </astra_bouquet_list_descriptor>
      <astra_virtual_service_id_descriptor virtual_service_id="0x236F"/>
    </service>
    <service service_id="0x1AFE" transport_stream_id="0x03FE" original_network_id="0x0001" logical_channel_number="981" visible_service_flag="true" new_service_flag="false" genre_code="0x0000">
      <service_descriptor service_type="0x01" service_provider_name="FRANCE 24" service_name="France 24 (arab.)"/>
      <private_data_specifier_descriptor private_data_specifier="Astra"/>
      <astra_bouquet_list_descriptor>
        <bouquet name="Ausland"/>
      </astra_bouquet_list_descriptor>
      <astra_virtual_service_id_descriptor virtual_service_id="0x2377"/>
    </service>
    <service service_id="0x1B03" transport_stream_id="0x03FE" original_network_id="0x0001" logical_channel_number="944" visible_service_flag="true" new_service_flag="false" genre_code="0x0000">
      <service_descriptor service_type="0x01" service_provider_name="TV5MONDE" service_name="TV5MONDE EUROPE"/>
      <private_data_specifier_descriptor private_data_specifier="Astra"/>
      <astra_bouquet_list_descriptor>
        <bouquet name="Ausland"/>
      </astra_bouquet_list_descriptor>
      <astra_virtual_service_id_descriptor virtual_service_id="0x2354"/>
    </service>
    <service service_id="0x1B06" transport_stream_id="0x03FE" original_network_id="0x0001" logical_channel_number="980" visible_service_flag="true" new_service_flag="false" genre_code="0x0000">
      <service_descriptor service_type="0x01" service_provider_name="SES ASTRA" service_name="TRT Turk"/>
      <private_data_specifier_descriptor private_data_specifier="Astra"/>
      <astra_bouquet_list_descriptor>
        <bouquet name="Ausland"/>
      </astra_bouquet_list_descriptor>
      <astra_virtual_service_id_descriptor virtual_service_id="0x36E4"/>
    </service>
    <service service_id="0x16A8" transport_stream_id="0x03FF" original_network_id="0x0001" logical_channel_number="987" visible_service_flag="true" new_service_flag="false" genre_code="0x0000">
      <service_descriptor service_type="0x19" service_provider_name="BMT" service_name="a.tv HD"/>
      <private_data_specifier_descriptor private_data_specifier="Astra"/>
      <astra_bouquet_list_descriptor>
        <bouquet name="Sparten"/>
      </astra_bouquet_list_descriptor>
      <astra_virtual_service_id_descriptor virtual_service_id="0x75C4"/>
      <service_descriptor service_type="0x19" service_provider_name="BMT" service_name="a.tv HD"/>
      <private_data_specifier_descriptor private_data_specifier="Astra"/>
      <astra_bouquet_list_descriptor/>
      <astra_virtual_service_id_descriptor virtual_service_id="0x75C4"/>
    </service>
    <service service_id="0x16A9" transport_stream_id="0x03FF" original_network_id="0x0001" logical_channel_number="988" visible_service_flag="true" new_service_flag="false" genre_code="0x0000">
      <service_descriptor service_type="0x19" service_provider_name="BMT" service_name="münchen.tv HD"/>
      <private_data_specifier_descriptor private_data_specifier="Astra"/>
      <astra_bouquet_list_descriptor>
        <bouquet name="Sparten"/>
      </astra_bouquet_list_descriptor>
      <astra_virtual_service_id_descriptor virtual_service_id="0x75C5"/>
      <service_descriptor service_type="0x19" service_provider_name="BMT" service_name="münchen.tv HD"/>
      <private_data_specifier_descriptor private_data_specifier="Astra"/>
      <astra_bouquet_list_descriptor/>
      <astra_virtual_service_id_descriptor virtual_service_id="0x75C5"/>
    </service>
    <service service_id="0x16AA" transport_stream_id="0x03FF" original_network_id="0x0001" logical_channel_number="989" visible_service_flag="true" new_service_flag="false" genre_code="0x0000">
      <service_descriptor service_type="0x19" service_provider_name="BMT" service_name="rfo Regional Fernsehen Oberbayern HD"/>
      <private_data_specifier_descriptor private_data_specifier="Astra"/>
      <astra_bouquet_list_descriptor>
        <bouquet name="Sparten"/>
      </astra_bouquet_list_descriptor>
      <astra_virtual_service_id_descriptor virtual_service_id="0x75C6"/>
      <service_descriptor service_type="0x19" service_provider_name="BMT" service_name="rfo Regional Fernsehen Oberbayern HD"/>
      <private_data_specifier_descriptor private_data_specifier="Astra"/>
      <astra_bouquet_list_descriptor/>
      <astra_virtual_service_id_descriptor virtual_service_id="0x75C6"/>
    </service>
    <service service_id="0x16AC" transport_stream_id="0x03FF" original_network_id="0x0001" logical_channel_number="991" visible_service_flag="true" new_service_flag="false" genre_code="0x0000">
      <service_descriptor service_type="0x19" service_provider_name="BMT" service_name="tv.ingolstadt HD"/>
      <private_data_specifier_descriptor private_data_specifier="Astra"/>
      <astra_bouquet_list_descriptor>
        <bouquet name="Sparten"/>
      </astra_bouquet_list_descriptor>
      <astra_virtual_service_id_descriptor virtual_service_id="0x75C8"/>
      <service_descriptor service_type="0x19" service_provider_name="BMT" service_name="tv.ingolstadt HD"/>
      <private_data_specifier_descriptor private_data_specifier="Astra"/>
      <astra_bouquet_list_descriptor/>
      <astra_virtual_service_id_descriptor virtual_service_id="0x75C8"/>
    </service>
    <service service_id="0x16AD" transport_stream_id="0x03FF" original_network_id="0x0001" logical_channel_number="997" visible_service_flag="true" new_service_flag="false" genre_code="0x0000">
      <service_descriptor service_type="0x19" service_provider_name="BMT" service_name="Lokal-TV-Portal HD"/>
      <private_data_specifier_descriptor private_data_specifier="Astra"/>
      <astra_bouquet_list_descriptor>
        <bouquet name="Sparten"/>
      </astra_bouquet_list_descriptor>
      <astra_virtual_service_id_descriptor virtual_service_id="0x75DA"/>
      <service_descriptor service_type="0x19" service_provider_name="BMT" service_name="Lokal-TV-Portal HD"/>
      <private_data_specifier_descriptor private_data_specifier="Astra"/>
      <astra_bouquet_list_descriptor/>
      <astra_virtual_service_id_descriptor virtual_service_id="0x75DA"/>
    </service>
    <service service_id="0x16AF" transport_stream_id="0x03FF" original_network_id="0x0001" logical_channel_number="996" visible_service_flag="true" new_service_flag="false" genre_code="0x0000">
      <service_descriptor service_type="0x19" service_provider_name="BMT" service_name="Niederbayern TV HD"/>
      <private_data_specifier_descriptor private_data_specifier="Astra"/>
      <astra_bouquet_list_descriptor>
        <bouquet name="Sparten"/>
      </astra_bouquet_list_descriptor>
      <astra_virtual_service_id_descriptor virtual_service_id="0x75CD"/>
      <service_descriptor service_type="0x19" service_provider_name="BMT" service_name="Niederbayern TV HD"/>
      <private_data_specifier_descriptor private_data_specifier="Astra"/>
      <astra_bouquet_list_descriptor/>
      <astra_virtual_service_id_descriptor virtual_service_id="0x75CD"/>
    </service>
    <service service_id="0x16B0" transport_stream_id="0x03FF" original_network_id="0x0001" logical_channel_number="994" visible_service_flag="true" new_service_flag="false" genre_code="0x0000">
      <service_descriptor service_type="0x19" service_provider_name="BMT" service_name="OTVA HD"/>
      <private_data_specifier_descriptor private_data_specifier="Astra"/>
      <astra_bouquet_list_descriptor>
        <bouquet name="Sparten"/>
      </astra_bouquet_list_descriptor>
      <astra_virtual_service_id_descriptor virtual_service_id="0x75CB"/>
      <service_descriptor service_type="0x19" service_provider_name="BMT" service_name="OTVA HD"/>
      <private_data_specifier_descriptor private_data_specifier="Astra"/>
      <astra_bouquet_list_descriptor/>
      <astra_virtual_service_id_descriptor virtual_service_id="0x75CB"/>
    </service>
    <service service_id="0x16B1" transport_stream_id="0x03FF" original_network_id="0x0001" logical_channel_number="993" visible_service_flag="true" new_service_flag="false" genre_code="0x0000">
      <service_descriptor service_type="0x19" service_provider_name="BMT" service_name="Franken Plus HD"/>
      <private_data_specifier_descriptor private_data_specifier="Astra"/>
      <astra_bouquet_list_descriptor>
        <bouquet name="Sparten"/>
      </astra_bouquet_list_descriptor>
      <astra_virtual_service_id_descriptor virtual_service_id="0x75CA"/>
      <service_descriptor service_type="0x19" service_provider_name="BMT" service_name="Franken Plus HD"/>
      <private_data_specifier_descriptor private_data_specifier="Astra"/>
      <astra_bouquet_list_descriptor/>
      <astra_virtual_service_id_descriptor virtual_service_id="0x75CA"/>
    </service>
    <service service_id="0x2855" transport_stream_id="0x0401" original_network_id="0x0001" logical_channel_number="1,038" visible_service_flag="true" new_service_flag="false" genre_code="0x0000">
      <service_descriptor service_type="0x19" service_provider_name="ARD" service_name="BR Fernsehen Süd HD"/>
      <private_data_specifier_descriptor private_data_specifier="Astra"/>
      <astra_bouquet_list_descriptor>
        <bouquet name="ARD Digital"/>
      </astra_bouquet_list_descriptor>
      <astra_virtual_service_id_descriptor virtual_service_id="0x36C9"/>
      <service_descriptor service_type="0x19" service_provider_name="ARD" service_name="BR Fernsehen Süd HD"/>
      <private_data_specifier_descriptor private_data_specifier="Astra"/>
      <astra_bouquet_list_descriptor>
        <bouquet name="ARD Digital"/>
      </astra_bouquet_list_descriptor>
      <astra_virtual_service_id_descriptor virtual_service_id="0x36C9"/>
    </service>
    <service service_id="0x2856" transport_stream_id="0x0401" original_network_id="0x0001" logical_channel_number="1,039" visible_service_flag="true" new_service_flag="false" genre_code="0x0000">
      <service_descriptor service_type="0x19" service_provider_name="ARD" service_name="BR Fernsehen Nord HD"/>
      <private_data_specifier_descriptor private_data_specifier="Astra"/>
      <astra_bouquet_list_descriptor>
        <bouquet name="ARD Digital"/>
      </astra_bouquet_list_descriptor>
      <astra_virtual_service_id_descriptor virtual_service_id="0x36CA"/>
      <service_descriptor service_type="0x19" service_provider_name="ARD" service_name="BR Fernsehen Nord HD"/>
      <private_data_specifier_descriptor private_data_specifier="Astra"/>
      <astra_bouquet_list_descriptor>
        <bouquet name="ARD Digital"/>
      </astra_bouquet_list_descriptor>
      <astra_virtual_service_id_descriptor virtual_service_id="0x36CA"/>
    </service>
    <service service_id="0x2857" transport_stream_id="0x0401" original_network_id="0x0001" logical_channel_number="1,022" visible_service_flag="true" new_service_flag="false" genre_code="0x0000">
      <service_descriptor service_type="0x19" service_provider_name="ARD" service_name="NDR FS NDS HD"/>
      <private_data_specifier_descriptor private_data_specifier="Astra"/>
      <astra_bouquet_list_descriptor>
        <bouquet name="ARD Digital"/>
      </astra_bouquet_list_descriptor>
      <astra_virtual_service_id_descriptor virtual_service_id="0x36CB"/>
      <service_descriptor service_type="0x19" service_provider_name="ARD" service_name="NDR FS NDS HD"/>
      <private_data_specifier_descriptor private_data_specifier="Astra"/>
      <astra_bouquet_list_descriptor>
        <bouquet name="ARD Digital"/>
      </astra_bouquet_list_descriptor>
      <astra_virtual_service_id_descriptor virtual_service_id="0x36CB"/>
    </service>
    <service service_id="0x2858" transport_stream_id="0x0401" original_network_id="0x0001" logical_channel_number="1,024" visible_service_flag="true" new_service_flag="false" genre_code="0x0000">
      <service_descriptor service_type="0x19" service_provider_name="ARD" service_name="NDR FS MV HD"/>
      <private_data_specifier_descriptor private_data_specifier="Astra"/>
      <astra_bouquet_list_descriptor>
        <bouquet name="ARD Digital"/>
      </astra_bouquet_list_descriptor>
      <astra_virtual_service_id_descriptor virtual_service_id="0x36CC"/>
      <service_descriptor service_type="0x19" service_provider_name="ARD" service_name="NDR FS MV HD"/>
      <private_data_specifier_descriptor private_data_specifier="Astra"/>
      <astra_bouquet_list_descriptor>
        <bouquet name="ARD Digital"/>
      </astra_bouquet_list_descriptor>
      <astra_virtual_service_id_descriptor virtual_service_id="0x36CC"/>
    </service>
    <service service_id="0x2859" transport_stream_id="0x0401" original_network_id="0x0001" logical_channel_number="1,025" visible_service_flag="true" new_service_flag="false" genre_code="0x0000">
      <service_descriptor service_type="0x19" service_provider_name="ARD" service_name="NDR FS HH HD"/>
      <private_data_specifier_descriptor private_data_specifier="Astra"/>
      <astra_bouquet_list_descriptor>
        <bouquet name="ARD Digital"/>
      </astra_bouquet_list_descriptor>
      <astra_virtual_service_id_descriptor virtual_service_id="0x36CD"/>
      <service_descriptor service_type="0x19" service_provider_name="ARD" service_name="NDR FS HH HD"/>
      <private_data_specifier_descriptor private_data_specifier="Astra"/>
      <astra_bouquet_list_descriptor>
        <bouquet name="ARD Digital"/>
      </astra_bouquet_list_descriptor>
      <astra_virtual_service_id_descriptor virtual_service_id="0x36CD"/>
    </service>
    <service service_id="0x285A" transport_stream_id="0x0401" original_network_id="0x0001" logical_channel_number="1,023" visible_service_flag="true" new_service_flag="false" genre_code="0x0000">
      <service_descriptor service_type="0x19" service_provider_name="ARD" service_name="NDR FS SH HD"/>
      <private_data_specifier_descriptor private_data_specifier="Astra"/>
      <astra_bouquet_list_descriptor>
        <bouquet name="ARD Digital"/>
      </astra_bouquet_list_descriptor>
      <astra_virtual_service_id_descriptor virtual_service_id="0x36CE"/>
      <service_descriptor service_type="0x19" service_provider_name="ARD" service_name="NDR FS SH HD"/>
      <private_data_specifier_descriptor private_data_specifier="Astra"/>
      <astra_bouquet_list_descriptor>
        <bouquet name="ARD Digital"/>
      </astra_bouquet_list_descriptor>
      <astra_virtual_service_id_descriptor virtual_service_id="0x36CE"/>
    </service>
    <service service_id="0x285B" transport_stream_id="0x0401" original_network_id="0x0001" logical_channel_number="152" visible_service_flag="true" new_service_flag="false" genre_code="0x0000">
      <service_descriptor service_type="0x19" service_provider_name="ARD" service_name="PHOENIX HD"/>
      <private_data_specifier_descriptor private_data_specifier="Astra"/>
      <astra_bouquet_list_descriptor>
        <bouquet name="ARD/ZDF"/>
      </astra_bouquet_list_descriptor>
      <astra_virtual_service_id_descriptor virtual_service_id="0x36CF"/>
    </service>
    <service service_id="0x14B7" transport_stream_id="0x0407" original_network_id="0x0001" logical_channel_number="419" visible_service_flag="true" new_service_flag="false" genre_code="0x0000">
      <service_descriptor service_type="0x19" service_provider_name="ProSiebenSat.1" service_name="PULS 4 HD Austria"/>
      <CA_identifier_descriptor>
        <CA_system_id value="0x1830"/>
        <CA_system_id value="0x1843"/>
        <CA_system_id value="0x1860"/>
      </CA_identifier_descriptor>
      <private_data_specifier_descriptor private_data_specifier="Astra"/>
      <astra_bouquet_list_descriptor>
        <bouquet name="HD"/>
      </astra_bouquet_list_descriptor>
      <astra_virtual_service_id_descriptor virtual_service_id="0x7599"/>
    </service>
    <service service_id="0x14B8" transport_stream_id="0x0407" original_network_id="0x0001" logical_channel_number="424" visible_service_flag="true" new_service_flag="false" genre_code="0x0000">
      <service_descriptor service_type="0x19" service_provider_name="ProSiebenSat.1" service_name="PULS 24 HD"/>
      <CA_identifier_descriptor>
        <CA_system_id value="0x1830"/>
        <CA_system_id value="0x1843"/>
        <CA_system_id value="0x1860"/>
      </CA_identifier_descriptor>
      <private_data_specifier_descriptor private_data_specifier="Astra"/>
      <astra_bouquet_list_descriptor>
        <bouquet name="HD"/>
      </astra_bouquet_list_descriptor>
      <astra_virtual_service_id_descriptor virtual_service_id="0x75F0"/>
    </service>
    <service service_id="0x14C0" transport_stream_id="0x0407" original_network_id="0x0001" logical_channel_number="422" visible_service_flag="true" new_service_flag="false" genre_code="0x0000">
      <service_descriptor service_type="0x01" service_provider_name="ProSiebenSat.1" service_name="kabel 1 Doku austria"/>
      <private_data_specifier_descriptor private_data_specifier="Astra"/>
      <astra_bouquet_list_descriptor>
        <bouquet name="ProSiebenSAT.1"/>
      </astra_bouquet_list_descriptor>
      <astra_virtual_service_id_descriptor virtual_service_id="0x75B6"/>
    </service>
    <service service_id="0x14C1" transport_stream_id="0x0407" original_network_id="0x0001" logical_channel_number="421" visible_service_flag="true" new_service_flag="false" genre_code="0x0000">
      <service_descriptor service_type="0x16" service_provider_name="ProSiebenSat.1" service_name="SAT.1 emotions"/>
      <private_data_specifier_descriptor private_data_specifier="Astra"/>
      <astra_bouquet_list_descriptor>
        <bouquet name="ProSiebenSAT.1"/>
      </astra_bouquet_list_descriptor>
      <astra_virtual_service_id_descriptor virtual_service_id="0x13C7"/>
    </service>
    <service service_id="0x2774" transport_stream_id="0x0409" original_network_id="0x0001" logical_channel_number="1,107" visible_service_flag="true" new_service_flag="false" genre_code="0x0000">
      <service_descriptor service_type="0x19" service_provider_name="BetaDigital" service_name="TLC HD"/>
      <CA_identifier_descriptor>
        <CA_system_id value="0x1830"/>
        <CA_system_id value="0x1843"/>
        <CA_system_id value="0x1860"/>
      </CA_identifier_descriptor>
      <private_data_specifier_descriptor private_data_specifier="Astra"/>
      <astra_bouquet_list_descriptor>
        <bouquet name="HD"/>
      </astra_bouquet_list_descriptor>
      <astra_virtual_service_id_descriptor virtual_service_id="0x757C"/>
      <service_descriptor service_type="0x19" service_provider_name="BetaDigital" service_name="TLC HD"/>
      <CA_identifier_descriptor>
        <CA_system_id value="0x1830"/>
        <CA_system_id value="0x1843"/>
        <CA_system_id value="0x1860"/>
      </CA_identifier_descriptor>
      <private_data_specifier_descriptor private_data_specifier="Astra"/>
      <astra_bouquet_list_descriptor>
        <bouquet name="HD"/>
      </astra_bouquet_list_descriptor>
      <astra_virtual_service_id_descriptor virtual_service_id="0x757C"/>
    </service>
    <service service_id="0x2775" transport_stream_id="0x0409" original_network_id="0x0001" logical_channel_number="826" visible_service_flag="true" new_service_flag="false" genre_code="0x0000">
      <service_descriptor service_type="0x19" service_provider_name="BetaDigital" service_name="1-2-3.tv HD2"/>
      <private_data_specifier_descriptor private_data_specifier="Astra"/>
      <astra_bouquet_list_descriptor>
        <bouquet name="Sparten"/>
      </astra_bouquet_list_descriptor>
      <astra_virtual_service_id_descriptor virtual_service_id="0x7641"/>
    </service>
    <service service_id="0x2776" transport_stream_id="0x0409" original_network_id="0x0001" logical_channel_number="1,126" visible_service_flag="true" new_service_flag="false" genre_code="0x0000">
      <service_descriptor service_type="0x19" service_provider_name="BetaDigital" service_name="Handystar TV HD"/>
      <private_data_specifier_descriptor private_data_specifier="Astra"/>
      <astra_bouquet_list_descriptor/>
      <astra_virtual_service_id_descriptor virtual_service_id="0x75C1"/>
    </service>
    <service service_id="0x2778" transport_stream_id="0x0409" original_network_id="0x0001" logical_channel_number="1,103" visible_service_flag="true" new_service_flag="false" genre_code="0x0000">
      <service_descriptor service_type="0x19" service_provider_name="BetaDigital" service_name="Channel21 HD"/>
      <private_data_specifier_descriptor private_data_specifier="Astra"/>
      <astra_bouquet_list_descriptor>
        <bouquet name="HD"/>
      </astra_bouquet_list_descriptor>
      <astra_virtual_service_id_descriptor virtual_service_id="0x759E"/>
      <service_descriptor service_type="0x19" service_provider_name="BetaDigital" service_name="Channel21 HD"/>
      <private_data_specifier_descriptor private_data_specifier="Astra"/>
      <astra_bouquet_list_descriptor/>
      <astra_virtual_service_id_descriptor virtual_service_id="0x759E"/>
    </service>
    <service service_id="0x2779" transport_stream_id="0x0409" original_network_id="0x0001" logical_channel_number="1,110" visible_service_flag="true" new_service_flag="false" genre_code="0x0000">
      <service_descriptor service_type="0x19" service_provider_name="BetaDigital" service_name="QVC STYLE HD"/>
      <private_data_specifier_descriptor private_data_specifier="Astra"/>
      <astra_bouquet_list_descriptor>
        <bouquet name="Sparten"/>
      </astra_bouquet_list_descriptor>
      <astra_virtual_service_id_descriptor virtual_service_id="0x757F"/>
      <service_descriptor service_type="0x19" service_provider_name="BetaDigital" service_name="QVC STYLE HD"/>
      <private_data_specifier_descriptor private_data_specifier="Astra"/>
      <astra_bouquet_list_descriptor>
        <bouquet name="Sparten"/>
      </astra_bouquet_list_descriptor>
      <astra_virtual_service_id_descriptor virtual_service_id="0x757F"/>
    </service>
    <service service_id="0x0001" transport_stream_id="0x040B" original_network_id="0x0001" logical_channel_number="1,400" visible_service_flag="true" new_service_flag="false" genre_code="0x0000">
      <service_descriptor service_type="0x1F" service_provider_name="SES" service_name="SES UHD Demo Channel"/>
      <private_data_specifier_descriptor private_data_specifier="Astra"/>
      <astra_bouquet_list_descriptor/>
      <astra_virtual_service_id_descriptor virtual_service_id="0x75A2"/>
    </service>
    <service service_id="0x0002" transport_stream_id="0x040B" original_network_id="0x0001" logical_channel_number="1,401" visible_service_flag="true" new_service_flag="false" genre_code="0x0000">
      <service_descriptor service_type="0x1F" service_provider_name="SES ASTRA" service_name="UHD1 by ASTRA / HD+"/>
      <private_data_specifier_descriptor private_data_specifier="Astra"/>
      <astra_bouquet_list_descriptor/>
      <astra_virtual_service_id_descriptor virtual_service_id="0x75A3"/>
    </service>
    <service service_id="0x183D" transport_stream_id="0x040B" original_network_id="0x0001" logical_channel_number="1,408" visible_service_flag="true" new_service_flag="false" genre_code="0x0000">
      <service_descriptor service_type="0x1F" service_provider_name="ProSiebenSat.1" service_name="Pro7Sat.1 UHD"/>
      <CA_identifier_descriptor>
        <CA_system_id value="0x6192"/>
        <CA_system_id value="0x6211"/>
        <CA_system_id value="0x6249"/>
      </CA_identifier_descriptor>
      <private_data_specifier_descriptor private_data_specifier="Astra"/>
      <astra_bouquet_list_descriptor/>
      <astra_virtual_service_id_descriptor virtual_service_id="0x7613"/>
      <service_descriptor service_type="0x1F" service_provider_name="ProSiebenSat.1" service_name="Pro7Sat.1 UHD"/>
      <CA_identifier_descriptor>
        <CA_system_id value="0x6192"/>
        <CA_system_id value="0x6211"/>
        <CA_system_id value="0x6249"/>
      </CA_identifier_descriptor>
      <private_data_specifier_descriptor private_data_specifier="Astra"/>
      <astra_bouquet_list_descriptor/>
      <astra_virtual_service_id_descriptor virtual_service_id="0x7613"/>
    </service>
    <service service_id="0x2887" transport_stream_id="0x040F" original_network_id="0x0001" logical_channel_number="1,045" visible_service_flag="true" new_service_flag="false" genre_code="0x0000">
      <service_descriptor service_type="0x19" service_provider_name="ARD" service_name="tagesschau24 HD"/>
      <private_data_specifier_descriptor private_data_specifier="Astra"/>
      <astra_bouquet_list_descriptor>
        <bouquet name="ARD Digital"/>
      </astra_bouquet_list_descriptor>
      <astra_virtual_service_id_descriptor virtual_service_id="0x0425"/>
      <service_descriptor service_type="0x19" service_provider_name="ARD" service_name="tagesschau24 HD"/>
      <private_data_specifier_descriptor private_data_specifier="Astra"/>
      <astra_bouquet_list_descriptor>
        <bouquet name="ARD Digital"/>
      </astra_bouquet_list_descriptor>
      <astra_virtual_service_id_descriptor virtual_service_id="0x0425"/>
    </service>
    <service service_id="0x2888" transport_stream_id="0x040F" original_network_id="0x0001" logical_channel_number="1,003" visible_service_flag="true" new_service_flag="false" genre_code="0x0000">
      <service_descriptor service_type="0x19" service_provider_name="ARD" service_name="ONE HD"/>
      <private_data_specifier_descriptor private_data_specifier="Astra"/>
      <astra_bouquet_list_descriptor>
        <bouquet name="ARD Digital"/>
      </astra_bouquet_list_descriptor>
      <astra_virtual_service_id_descriptor virtual_service_id="0x0426"/>
      <service_descriptor service_type="0x19" service_provider_name="ARD Digital" service_name="ONE HD"/>
      <private_data_specifier_descriptor private_data_specifier="Astra"/>
      <astra_bouquet_list_descriptor>
        <bouquet name="HD"/>
      </astra_bouquet_list_descriptor>
      <astra_virtual_service_id_descriptor virtual_service_id="0x0426"/>
    </service>
    <service service_id="0x2889" transport_stream_id="0x040F" original_network_id="0x0001" logical_channel_number="1,127" visible_service_flag="true" new_service_flag="false" genre_code="0x0000">
      <service_descriptor service_type="0x19" service_provider_name="ARD" service_name="ARD-alpha HD"/>
      <private_data_specifier_descriptor private_data_specifier="Astra"/>
      <astra_bouquet_list_descriptor>
        <bouquet name="ARD Digital"/>
      </astra_bouquet_list_descriptor>
      <astra_virtual_service_id_descriptor virtual_service_id="0x75ED"/>
      <service_descriptor service_type="0x19" service_provider_name="ARD" service_name="ARD-alpha HD"/>
      <private_data_specifier_descriptor private_data_specifier="Astra"/>
      <astra_bouquet_list_descriptor>
        <bouquet name="ARD Digital"/>
      </astra_bouquet_list_descriptor>
      <astra_virtual_service_id_descriptor virtual_service_id="0x75ED"/>
    </service>
    <service service_id="0x288A" transport_stream_id="0x040F" original_network_id="0x0001" logical_channel_number="1,047" visible_service_flag="true" new_service_flag="false" genre_code="0x0000">
      <service_descriptor service_type="0x19" service_provider_name="ARD" service_name="SR Fernsehen HD"/>
      <private_data_specifier_descriptor private_data_specifier="Astra"/>
      <astra_bouquet_list_descriptor>
        <bouquet name="ARD Digital"/>
      </astra_bouquet_list_descriptor>
      <astra_virtual_service_id_descriptor virtual_service_id="0x0428"/>
      <service_descriptor service_type="0x19" service_provider_name="ARD" service_name="SR Fernsehen HD"/>
      <private_data_specifier_descriptor private_data_specifier="Astra"/>
      <astra_bouquet_list_descriptor>
        <bouquet name="ARD Digital"/>
      </astra_bouquet_list_descriptor>
      <astra_virtual_service_id_descriptor virtual_service_id="0x0428"/>
    </service>
    <service service_id="0x288B" transport_stream_id="0x040F" original_network_id="0x0001" logical_channel_number="1,128" visible_service_flag="true" new_service_flag="false" genre_code="0x0000">
      <service_descriptor service_type="0x19" service_provider_name="ARD" service_name="Radio Bremen HD"/>
      <private_data_specifier_descriptor private_data_specifier="Astra"/>
      <astra_bouquet_list_descriptor>
        <bouquet name="ARD Digital"/>
      </astra_bouquet_list_descriptor>
      <astra_virtual_service_id_descriptor virtual_service_id="0x75EE"/>
      <service_descriptor service_type="0x19" service_provider_name="ARD" service_name="Radio Bremen HD"/>
      <private_data_specifier_descriptor private_data_specifier="Astra"/>
      <astra_bouquet_list_descriptor>
        <bouquet name="ARD Digital"/>
      </astra_bouquet_list_descriptor>
      <astra_virtual_service_id_descriptor virtual_service_id="0x75EE"/>
    </service>
    <service service_id="0x28A0" transport_stream_id="0x040F" original_network_id="0x0001" logical_channel_number="100" visible_service_flag="true" new_service_flag="false" genre_code="0x0000">
      <service_descriptor service_type="0x02" service_provider_name="ARD BR" service_name="Bayern 1"/>
      <private_data_specifier_descriptor private_data_specifier="Astra"/>
      <astra_bouquet_list_descriptor/>
    </service>
    <service service_id="0x28A1" transport_stream_id="0x040F" original_network_id="0x0001" logical_channel_number="101" visible_service_flag="true" new_service_flag="false" genre_code="0x0000">
      <service_descriptor service_type="0x02" service_provider_name="ARD BR" service_name="Bayern 2"/>
      <private_data_specifier_descriptor private_data_specifier="Astra"/>
      <astra_bouquet_list_descriptor/>
    </service>
    <service service_id="0x28A2" transport_stream_id="0x040F" original_network_id="0x0001" logical_channel_number="102" visible_service_flag="true" new_service_flag="false" genre_code="0x0000">
      <service_descriptor service_type="0x02" service_provider_name="ARD BR" service_name="BAYERN 3"/>
      <private_data_specifier_descriptor private_data_specifier="Astra"/>
      <astra_bouquet_list_descriptor/>
    </service>
    <service service_id="0x28A3" transport_stream_id="0x040F" original_network_id="0x0001" logical_channel_number="103" visible_service_flag="true" new_service_flag="false" genre_code="0x0000">
      <service_descriptor service_type="0x02" service_provider_name="ARD BR" service_name="Bayern-KLASSIK"/>
      <private_data_specifier_descriptor private_data_specifier="Astra"/>
      <astra_bouquet_list_descriptor/>
    </service>
    <service service_id="0x28A4" transport_stream_id="0x040F" original_network_id="0x0001" logical_channel_number="104" visible_service_flag="true" new_service_flag="false" genre_code="0x0000">
      <service_descriptor service_type="0x02" service_provider_name="ARD BR" service_name="BR24"/>
      <private_data_specifier_descriptor private_data_specifier="Astra"/>
      <astra_bouquet_list_descriptor/>
    </service>
    <service service_id="0x28A5" transport_stream_id="0x040F" original_network_id="0x0001" logical_channel_number="105" visible_service_flag="true" new_service_flag="false" genre_code="0x0000">
      <service_descriptor service_type="0x02" service_provider_name="ARD BR" service_name="BR24live"/>
      <private_data_specifier_descriptor private_data_specifier="Astra"/>
      <astra_bouquet_list_descriptor/>
    </service>
    <service service_id="0x28A7" transport_stream_id="0x040F" original_network_id="0x0001" logical_channel_number="107" visible_service_flag="true" new_service_flag="false" genre_code="0x0000">
      <service_descriptor service_type="0x02" service_provider_name="ARD BR" service_name="PULS"/>
      <private_data_specifier_descriptor private_data_specifier="Astra"/>
      <astra_bouquet_list_descriptor/>
    </service>
    <service service_id="0x28A8" transport_stream_id="0x040F" original_network_id="0x0001" logical_channel_number="106" visible_service_flag="true" new_service_flag="false" genre_code="0x0000">
      <service_descriptor service_type="0x02" service_provider_name="ARD BR" service_name="BR-Heimat"/>
      <private_data_specifier_descriptor private_data_specifier="Astra"/>
      <astra_bouquet_list_descriptor/>
    </service>
    <service service_id="0x28AC" transport_stream_id="0x040F" original_network_id="0x0001" logical_channel_number="128" visible_service_flag="true" new_service_flag="false" genre_code="0x0000">
      <service_descriptor service_type="0x02" service_provider_name="ARD NDR" service_name="NDR 2 NDS"/>
      <private_data_specifier_descriptor private_data_specifier="Astra"/>
      <astra_bouquet_list_descriptor/>
    </service>
    <service service_id="0x28AD" transport_stream_id="0x040F" original_network_id="0x0001" logical_channel_number="132" visible_service_flag="true" new_service_flag="false" genre_code="0x0000">
      <service_descriptor service_type="0x02" service_provider_name="ARD NDR" service_name="NDR Kultur"/>
      <private_data_specifier_descriptor private_data_specifier="Astra"/>
      <astra_bouquet_list_descriptor/>
    </service>
    <service service_id="0x28AE" transport_stream_id="0x040F" original_network_id="0x0001" logical_channel_number="130" visible_service_flag="true" new_service_flag="false" genre_code="0x0000">
      <service_descriptor service_type="0x02" service_provider_name="ARD NDR" service_name="NDR Info NDS"/>
      <private_data_specifier_descriptor private_data_specifier="Astra"/>
      <astra_bouquet_list_descriptor/>
    </service>
    <service service_id="0x28AF" transport_stream_id="0x040F" original_network_id="0x0001" logical_channel_number="133" visible_service_flag="true" new_service_flag="false" genre_code="0x0000">
      <service_descriptor service_type="0x02" service_provider_name="ARD NDR" service_name="N-JOY"/>
      <private_data_specifier_descriptor private_data_specifier="Astra"/>
      <astra_bouquet_list_descriptor/>
    </service>
    <service service_id="0x28B0" transport_stream_id="0x040F" original_network_id="0x0001" logical_channel_number="129" visible_service_flag="true" new_service_flag="false" genre_code="0x0000">
      <service_descriptor service_type="0x02" service_provider_name="ARD NDR" service_name="NDR 90,3"/>
      <private_data_specifier_descriptor private_data_specifier="Astra"/>
      <astra_bouquet_list_descriptor/>
    </service>
    <service service_id="0x28B1" transport_stream_id="0x040F" original_network_id="0x0001" logical_channel_number="127" visible_service_flag="true" new_service_flag="false" genre_code="0x0000">
      <service_descriptor service_type="0x02" service_provider_name="ARD NDR" service_name="NDR 1 Welle Nord KI"/>
      <private_data_specifier_descriptor private_data_specifier="Astra"/>
      <astra_bouquet_list_descriptor/>
    </service>
    <service service_id="0x28B2" transport_stream_id="0x040F" original_network_id="0x0001" logical_channel_number="126" visible_service_flag="true" new_service_flag="false" genre_code="0x0000">
      <service_descriptor service_type="0x02" service_provider_name="ARD NDR" service_name="NDR 1 Radio MV SN"/>
      <private_data_specifier_descriptor private_data_specifier="Astra"/>
      <astra_bouquet_list_descriptor/>
    </service>
    <service service_id="0x28B3" transport_stream_id="0x040F" original_network_id="0x0001" logical_channel_number="125" visible_service_flag="true" new_service_flag="false" genre_code="0x0000">
      <service_descriptor service_type="0x02" service_provider_name="ARD NDR" service_name="NDR 1 Nieders."/>
      <private_data_specifier_descriptor private_data_specifier="Astra"/>
      <astra_bouquet_list_descriptor/>
    </service>
    <service service_id="0x28B4" transport_stream_id="0x040F" original_network_id="0x0001" logical_channel_number="131" visible_service_flag="true" new_service_flag="false" genre_code="0x0000">
      <service_descriptor service_type="0x02" service_provider_name="ARD NDR" service_name="NDR Info Spezial"/>
      <private_data_specifier_descriptor private_data_specifier="Astra"/>
      <astra_bouquet_list_descriptor/>
    </service>
    <service service_id="0x28BA" transport_stream_id="0x040F" original_network_id="0x0001" logical_channel_number="108" visible_service_flag="true" new_service_flag="false" genre_code="0x0000">
      <service_descriptor service_type="0x02" service_provider_name="ARD RB" service_name="Bremen Eins"/>
      <private_data_specifier_descriptor private_data_specifier="Astra"/>
      <astra_bouquet_list_descriptor/>
    </service>
    <service service_id="0x28BB" transport_stream_id="0x040F" original_network_id="0x0001" logical_channel_number="110" visible_service_flag="true" new_service_flag="false" genre_code="0x0000">
      <service_descriptor service_type="0x02" service_provider_name="ARD RB" service_name="Bremen Zwei"/>
      <private_data_specifier_descriptor private_data_specifier="Astra"/>
      <astra_bouquet_list_descriptor/>
    </service>
    <service service_id="0x28BC" transport_stream_id="0x040F" original_network_id="0x0001" logical_channel_number="109" visible_service_flag="true" new_service_flag="false" genre_code="0x0000">
      <service_descriptor service_type="0x02" service_provider_name="ARD RB" service_name="Bremen Vier"/>
      <private_data_specifier_descriptor private_data_specifier="Astra"/>
      <astra_bouquet_list_descriptor/>
    </service>
    <service service_id="0x28C0" transport_stream_id="0x040F" original_network_id="0x0001" logical_channel_number="141" visible_service_flag="true" new_service_flag="false" genre_code="0x0000">
      <service_descriptor service_type="0x02" service_provider_name="ARD SR" service_name="SR 1 Europawelle"/>
      <private_data_specifier_descriptor private_data_specifier="Astra"/>
      <astra_bouquet_list_descriptor/>
    </service>
    <service service_id="0x28C1" transport_stream_id="0x040F" original_network_id="0x0001" logical_channel_number="142" visible_service_flag="true" new_service_flag="false" genre_code="0x0000">
      <service_descriptor service_type="0x02" service_provider_name="ARD SR" service_name="SR 2 KulturRadio"/>
      <private_data_specifier_descriptor private_data_specifier="Astra"/>
      <astra_bouquet_list_descriptor/>
    </service>
    <service service_id="0x28C2" transport_stream_id="0x040F" original_network_id="0x0001" logical_channel_number="143" visible_service_flag="true" new_service_flag="false" genre_code="0x0000">
      <service_descriptor service_type="0x02" service_provider_name="ARD SR" service_name="SR3 Saarlandwelle"/>
      <private_data_specifier_descriptor private_data_specifier="Astra"/>
      <astra_bouquet_list_descriptor/>
    </service>
    <service service_id="0x28C8" transport_stream_id="0x040F" original_network_id="0x0001" logical_channel_number="144" visible_service_flag="true" new_service_flag="false" genre_code="0x0000">
      <service_descriptor service_type="0x02" service_provider_name="ARD SWR" service_name="SWR1 BW"/>
      <private_data_specifier_descriptor private_data_specifier="Astra"/>
      <astra_bouquet_list_descriptor/>
    </service>
    <service service_id="0x28C9" transport_stream_id="0x040F" original_network_id="0x0001" logical_channel_number="145" visible_service_flag="true" new_service_flag="false" genre_code="0x0000">
      <service_descriptor service_type="0x02" service_provider_name="ARD SWR" service_name="SWR1 RP"/>
      <private_data_specifier_descriptor private_data_specifier="Astra"/>
      <astra_bouquet_list_descriptor/>
    </service>
    <service service_id="0x28CA" transport_stream_id="0x040F" original_network_id="0x0001" logical_channel_number="146" visible_service_flag="true" new_service_flag="false" genre_code="0x0000">
      <service_descriptor service_type="0x02" service_provider_name="ARD SWR" service_name="SWR2"/>
      <private_data_specifier_descriptor private_data_specifier="Astra"/>
      <astra_bouquet_list_descriptor/>
    </service>
    <service service_id="0x28CB" transport_stream_id="0x040F" original_network_id="0x0001" logical_channel_number="147" visible_service_flag="true" new_service_flag="false" genre_code="0x0000">
      <service_descriptor service_type="0x02" service_provider_name="ARD SWR" service_name="SWR3"/>
      <private_data_specifier_descriptor private_data_specifier="Astra"/>
      <astra_bouquet_list_descriptor/>
    </service>
    <service service_id="0x28CC" transport_stream_id="0x040F" original_network_id="0x0001" logical_channel_number="148" visible_service_flag="true" new_service_flag="false" genre_code="0x0000">
      <service_descriptor service_type="0x02" service_provider_name="ARD SWR" service_name="SWR4 BW"/>
      <private_data_specifier_descriptor private_data_specifier="Astra"/>
      <astra_bouquet_list_descriptor/>
    </service>
    <service service_id="0x28CD" transport_stream_id="0x040F" original_network_id="0x0001" logical_channel_number="149" visible_service_flag="true" new_service_flag="false" genre_code="0x0000">
      <service_descriptor service_type="0x02" service_provider_name="ARD SWR" service_name="SWR4 RP"/>
      <private_data_specifier_descriptor private_data_specifier="Astra"/>
      <astra_bouquet_list_descriptor/>
    </service>
    <service service_id="0x28CE" transport_stream_id="0x040F" original_network_id="0x0001" logical_channel_number="151" visible_service_flag="true" new_service_flag="false" genre_code="0x0000">
      <service_descriptor service_type="0x02" service_provider_name="ARD SWR" service_name="DASDING"/>
      <private_data_specifier_descriptor private_data_specifier="Astra"/>
      <astra_bouquet_list_descriptor/>
    </service>
    <service service_id="0x28CF" transport_stream_id="0x040F" original_network_id="0x0001" logical_channel_number="150" visible_service_flag="true" new_service_flag="false" genre_code="0x0000">
      <service_descriptor service_type="0x02" service_provider_name="ARD SWR" service_name="SWR Aktuell"/>
      <private_data_specifier_descriptor private_data_specifier="Astra"/>
      <astra_bouquet_list_descriptor/>
    </service>
    <service service_id="0x28D3" transport_stream_id="0x040F" original_network_id="0x0001" logical_channel_number="152" visible_service_flag="true" new_service_flag="false" genre_code="0x0000">
      <service_descriptor service_type="0x02" service_provider_name="ARD WDR" service_name="1LIVE"/>
      <private_data_specifier_descriptor private_data_specifier="Astra"/>
      <astra_bouquet_list_descriptor/>
    </service>
    <service service_id="0x28D4" transport_stream_id="0x040F" original_network_id="0x0001" logical_channel_number="154" visible_service_flag="true" new_service_flag="false" genre_code="0x0000">
      <service_descriptor service_type="0x02" service_provider_name="ARD WDR" service_name="WDR 2 Rheinland"/>
      <private_data_specifier_descriptor private_data_specifier="Astra"/>
      <astra_bouquet_list_descriptor/>
    </service>
    <service service_id="0x28D5" transport_stream_id="0x040F" original_network_id="0x0001" logical_channel_number="156" visible_service_flag="true" new_service_flag="false" genre_code="0x0000">
      <service_descriptor service_type="0x02" service_provider_name="ARD WDR" service_name="WDR 3"/>
      <private_data_specifier_descriptor private_data_specifier="Astra"/>
      <astra_bouquet_list_descriptor/>
    </service>
    <service service_id="0x28D6" transport_stream_id="0x040F" original_network_id="0x0001" logical_channel_number="157" visible_service_flag="true" new_service_flag="false" genre_code="0x0000">
      <service_descriptor service_type="0x02" service_provider_name="ARD WDR" service_name="WDR 4"/>
      <private_data_specifier_descriptor private_data_specifier="Astra"/>
      <astra_bouquet_list_descriptor/>
    </service>
    <service service_id="0x28D7" transport_stream_id="0x040F" original_network_id="0x0001" logical_channel_number="158" visible_service_flag="true" new_service_flag="false" genre_code="0x0000">
      <service_descriptor service_type="0x02" service_provider_name="ARD WDR" service_name="WDR 5"/>
      <private_data_specifier_descriptor private_data_specifier="Astra"/>
      <astra_bouquet_list_descriptor/>
    </service>
    <service service_id="0x28D8" transport_stream_id="0x040F" original_network_id="0x0001" logical_channel_number="160" visible_service_flag="true" new_service_flag="false" genre_code="0x0000">
      <service_descriptor service_type="0x02" service_provider_name="ARD WDR" service_name="COSMO"/>
      <private_data_specifier_descriptor private_data_specifier="Astra"/>
      <astra_bouquet_list_descriptor/>
    </service>
    <service service_id="0x28D9" transport_stream_id="0x040F" original_network_id="0x0001" logical_channel_number="153" visible_service_flag="true" new_service_flag="false" genre_code="0x0000">
      <service_descriptor service_type="0x02" service_provider_name="ARD WDR" service_name="1LIVE diGGi"/>
      <private_data_specifier_descriptor private_data_specifier="Astra"/>
      <astra_bouquet_list_descriptor/>
    </service>
    <service service_id="0x28DA" transport_stream_id="0x040F" original_network_id="0x0001" logical_channel_number="155" visible_service_flag="true" new_service_flag="false" genre_code="0x0000">
      <service_descriptor service_type="0x02" service_provider_name="ARD WDR" service_name="Die Maus"/>
      <private_data_specifier_descriptor private_data_specifier="Astra"/>
      <astra_bouquet_list_descriptor/>
    </service>
    <service service_id="0x28DB" transport_stream_id="0x040F" original_network_id="0x0001" logical_channel_number="159" visible_service_flag="true" new_service_flag="false" genre_code="0x0000">
      <service_descriptor service_type="0x02" service_provider_name="ARD WDR" service_name="WDR Event"/>
      <private_data_specifier_descriptor private_data_specifier="Astra"/>
      <astra_bouquet_list_descriptor/>
    </service>
    <service service_id="0x2E9B" transport_stream_id="0x0411" original_network_id="0x0001" logical_channel_number="1,020" visible_service_flag="true" new_service_flag="false" genre_code="0x0000">
      <service_descriptor service_type="0x19" service_provider_name="CBC" service_name="SUPER RTL HD"/>
      <CA_identifier_descriptor>
        <CA_system_id value="0x1830"/>
        <CA_system_id value="0x1843"/>
        <CA_system_id value="0x1860"/>
      </CA_identifier_descriptor>
      <private_data_specifier_descriptor private_data_specifier="Astra"/>
      <astra_bouquet_list_descriptor>
        <bouquet name="HD"/>
      </astra_bouquet_list_descriptor>
      <astra_virtual_service_id_descriptor virtual_service_id="0x36C4"/>
      <service_descriptor service_type="0x19" service_provider_name="CBC" service_name="SUPER RTL HD"/>
      <CA_identifier_descriptor>
        <CA_system_id value="0x1830"/>
        <CA_system_id value="0x1843"/>
        <CA_system_id value="0x1860"/>
      </CA_identifier_descriptor>
      <private_data_specifier_descriptor private_data_specifier="Astra"/>
      <astra_bouquet_list_descriptor>
        <bouquet name="HD"/>
      </astra_bouquet_list_descriptor>
      <astra_virtual_service_id_descriptor virtual_service_id="0x36C4"/>
    </service>
    <service service_id="0x2EAF" transport_stream_id="0x0411" original_network_id="0x0001" logical_channel_number="1,105" visible_service_flag="true" new_service_flag="false" genre_code="0x0000">
      <service_descriptor service_type="0x19" service_provider_name="CBC" service_name="RTLNITRO HD"/>
      <CA_identifier_descriptor>
        <CA_system_id value="0x1830"/>
        <CA_system_id value="0x1843"/>
        <CA_system_id value="0x1860"/>
      </CA_identifier_descriptor>
      <private_data_specifier_descriptor private_data_specifier="Astra"/>
      <astra_bouquet_list_descriptor>
        <bouquet name="HD"/>
      </astra_bouquet_list_descriptor>
      <astra_virtual_service_id_descriptor virtual_service_id="0x7579"/>
      <service_descriptor service_type="0x19" service_provider_name="CBC" service_name="RTLNITRO HD"/>
      <CA_identifier_descriptor>
        <CA_system_id value="0x1830"/>
        <CA_system_id value="0x1843"/>
        <CA_system_id value="0x1860"/>
      </CA_identifier_descriptor>
      <private_data_specifier_descriptor private_data_specifier="Astra"/>
      <astra_bouquet_list_descriptor>
        <bouquet name="HD"/>
      </astra_bouquet_list_descriptor>
      <astra_virtual_service_id_descriptor virtual_service_id="0x7579"/>
    </service>
    <service service_id="0x30D4" transport_stream_id="0x0413" original_network_id="0x0001" logical_channel_number="1,120" visible_service_flag="true" new_service_flag="false" genre_code="0x0000">
      <service_descriptor service_type="0x19" service_provider_name="ProSiebenSAT.1" service_name="SAT.1 Gold HD"/>
      <CA_identifier_descriptor>
        <CA_system_id value="0x1830"/>
        <CA_system_id value="0x1843"/>
        <CA_system_id value="0x1860"/>
      </CA_identifier_descriptor>
      <private_data_specifier_descriptor private_data_specifier="Astra"/>
      <astra_bouquet_list_descriptor>
        <bouquet name="HD"/>
      </astra_bouquet_list_descriptor>
      <astra_virtual_service_id_descriptor virtual_service_id="0x7590"/>
      <service_descriptor service_type="0x19" service_provider_name="ProSiebenSAT.1" service_name="SAT.1 Gold HD"/>
      <CA_identifier_descriptor>
        <CA_system_id value="0x1830"/>
        <CA_system_id value="0x1843"/>
        <CA_system_id value="0x1860"/>
      </CA_identifier_descriptor>
      <private_data_specifier_descriptor private_data_specifier="Astra"/>
      <astra_bouquet_list_descriptor>
        <bouquet name="HD"/>
      </astra_bouquet_list_descriptor>
      <astra_virtual_service_id_descriptor virtual_service_id="0x7590"/>
    </service>
    <service service_id="0x30D6" transport_stream_id="0x0413" original_network_id="0x0001" logical_channel_number="1,062" visible_service_flag="true" new_service_flag="false" genre_code="0x0000">
      <service_descriptor service_type="0x19" service_provider_name="SES ASTRA" service_name="Eurosport 1 HD"/>
      <CA_identifier_descriptor>
        <CA_system_id value="0x1833"/>
        <CA_system_id value="0x1702"/>
      </CA_identifier_descriptor>
      <private_data_specifier_descriptor private_data_specifier="Astra"/>
      <astra_bouquet_list_descriptor>
        <bouquet name="SKY"/>
      </astra_bouquet_list_descriptor>
      <astra_virtual_service_id_descriptor virtual_service_id="0x13DC"/>
      <service_descriptor service_type="0x19" service_provider_name="SES ASTRA" service_name="Eurosport 1 HD"/>
      <CA_identifier_descriptor>
        <CA_system_id value="0x1830"/>
        <CA_system_id value="0x1843"/>
        <CA_system_id value="0x1860"/>
      </CA_identifier_descriptor>
      <private_data_specifier_descriptor private_data_specifier="Astra"/>
      <astra_bouquet_list_descriptor>
        <bouquet name="HD"/>
      </astra_bouquet_list_descriptor>
      <astra_virtual_service_id_descriptor virtual_service_id="0x13DC"/>
      <service_descriptor service_type="0x19" service_provider_name="SES ASTRA" service_name="Eurosport 1 HD"/>
      <CA_identifier_descriptor>
        <CA_system_id value="0x1833"/>
        <CA_system_id value="0x1702"/>
      </CA_identifier_descriptor>
      <private_data_specifier_descriptor private_data_specifier="Astra"/>
      <astra_bouquet_list_descriptor>
        <bouquet name="SKY"/>
      </astra_bouquet_list_descriptor>
      <astra_virtual_service_id_descriptor virtual_service_id="0x13DC"/>
    </service>
    <service service_id="0x30F2" transport_stream_id="0x0413" original_network_id="0x0001" logical_channel_number="1,098" visible_service_flag="true" new_service_flag="false" genre_code="0x0000">
      <service_descriptor service_type="0x19" service_provider_name="MB Satellite" service_name="K-TV HD"/>
      <private_data_specifier_descriptor private_data_specifier="Astra"/>
      <astra_bouquet_list_descriptor>
        <bouquet name="HD"/>
      </astra_bouquet_list_descriptor>
      <astra_virtual_service_id_descriptor virtual_service_id="0x7646"/>
      <service_descriptor service_type="0x19" service_provider_name="MB Satellite" service_name="K-TV HD"/>
      <private_data_specifier_descriptor private_data_specifier="Astra"/>
      <astra_bouquet_list_descriptor>
        <bouquet name="HD"/>
      </astra_bouquet_list_descriptor>
      <astra_virtual_service_id_descriptor virtual_service_id="0x7646"/>
    </service>
    <service service_id="0x7729" transport_stream_id="0x0416" original_network_id="0x0001" logical_channel_number="937" visible_service_flag="true" new_service_flag="false" genre_code="0x0000">
      <service_descriptor service_type="0x01" service_provider_name="RTVE" service_name="CANAL 24 HORAS"/>
      <private_data_specifier_descriptor private_data_specifier="Astra"/>
      <astra_bouquet_list_descriptor>
        <bouquet name="Ausland"/>
      </astra_bouquet_list_descriptor>
      <astra_virtual_service_id_descriptor virtual_service_id="0x36F2"/>
    </service>
    <service service_id="0x10CC" transport_stream_id="0x0418" original_network_id="0x0001" logical_channel_number="1,121" visible_service_flag="true" new_service_flag="false" genre_code="0x0000">
      <service_descriptor service_type="0x19" service_provider_name="SES" service_name="SPORTDIGITAL FUSSBALL HD"/>
      <CA_identifier_descriptor>
        <CA_system_id value="0x1830"/>
        <CA_system_id value="0x1843"/>
        <CA_system_id value="0x1860"/>
      </CA_identifier_descriptor>
      <private_data_specifier_descriptor private_data_specifier="Astra"/>
      <astra_bouquet_list_descriptor>
        <bouquet name="SKY"/>
      </astra_bouquet_list_descriptor>
      <astra_virtual_service_id_descriptor virtual_service_id="0x1BAD"/>
      <service_descriptor service_type="0x19" service_provider_name="SES" service_name="SPORTDIGITAL FUSSBALL HD"/>
      <CA_identifier_descriptor>
        <CA_system_id value="0x1830"/>
        <CA_system_id value="0x1843"/>
        <CA_system_id value="0x1860"/>
      </CA_identifier_descriptor>
      <private_data_specifier_descriptor private_data_specifier="Astra"/>
      <astra_bouquet_list_descriptor>
        <bouquet name="SKY"/>
      </astra_bouquet_list_descriptor>
      <astra_virtual_service_id_descriptor virtual_service_id="0x1BAD"/>
    </service>
    <service service_id="0x10CD" transport_stream_id="0x0418" original_network_id="0x0001" logical_channel_number="642" visible_service_flag="true" new_service_flag="false" genre_code="0x0000">
      <service_descriptor service_type="0x19" service_provider_name="SES" service_name="Sportdigital1+"/>
      <CA_identifier_descriptor>
        <CA_system_id value="0x1830"/>
        <CA_system_id value="0x1843"/>
        <CA_system_id value="0x1860"/>
      </CA_identifier_descriptor>
      <private_data_specifier_descriptor private_data_specifier="Astra"/>
      <astra_bouquet_list_descriptor>
        <bouquet name="Sparten"/>
      </astra_bouquet_list_descriptor>
      <astra_virtual_service_id_descriptor virtual_service_id="0x75FD"/>
    </service>
    <service service_id="0x10CE" transport_stream_id="0x0418" original_network_id="0x0001" logical_channel_number="822" visible_service_flag="true" new_service_flag="false" genre_code="0x0000">
      <service_descriptor service_type="0x19" service_provider_name="SES" service_name="eSportsONE"/>
      <CA_identifier_descriptor>
        <CA_system_id value="0x6192"/>
        <CA_system_id value="0x6211"/>
        <CA_system_id value="0x6240"/>
      </CA_identifier_descriptor>
      <private_data_specifier_descriptor private_data_specifier="Astra"/>
      <astra_bouquet_list_descriptor>
        <bouquet name="HD"/>
      </astra_bouquet_list_descriptor>
      <astra_virtual_service_id_descriptor virtual_service_id="0x75FE"/>
      <service_descriptor service_type="0x19" service_provider_name="SES" service_name="eSportsONE"/>
      <private_data_specifier_descriptor private_data_specifier="Astra"/>
      <astra_bouquet_list_descriptor>
        <bouquet name="Sparten"/>
      </astra_bouquet_list_descriptor>
      <astra_virtual_service_id_descriptor virtual_service_id="0x75FE"/>
    </service>
    <service service_id="0x10CF" transport_stream_id="0x0418" original_network_id="0x0001" logical_channel_number="823" visible_service_flag="true" new_service_flag="false" genre_code="0x0000">
      <service_descriptor service_type="0x19" service_provider_name="SES" service_name="sportdigital  EDGE"/>
      <CA_identifier_descriptor>
        <CA_system_id value="0x6192"/>
        <CA_system_id value="0x6211"/>
        <CA_system_id value="0x6240"/>
      </CA_identifier_descriptor>
      <private_data_specifier_descriptor private_data_specifier="Astra"/>
      <astra_bouquet_list_descriptor>
        <bouquet name="HD"/>
      </astra_bouquet_list_descriptor>
      <astra_virtual_service_id_descriptor virtual_service_id="0x7606"/>
      <service_descriptor service_type="0x19" service_provider_name="SES" service_name="sportdigital  EDGE"/>
      <CA_identifier_descriptor>
        <CA_system_id value="0x1830"/>
        <CA_system_id value="0x1843"/>
        <CA_system_id value="0x1860"/>
      </CA_identifier_descriptor>
      <private_data_specifier_descriptor private_data_specifier="Astra"/>
      <astra_bouquet_list_descriptor>
        <bouquet name="Sparten"/>
      </astra_bouquet_list_descriptor>
      <astra_virtual_service_id_descriptor virtual_service_id="0x7606"/>
    </service>
    <service service_id="0x10D0" transport_stream_id="0x0418" original_network_id="0x0001" logical_channel_number="824" visible_service_flag="true" new_service_flag="false" genre_code="0x0000">
      <service_descriptor service_type="0x19" service_provider_name="SES" service_name="WAIDWERK"/>
      <CA_identifier_descriptor>
        <CA_system_id value="0x6192"/>
        <CA_system_id value="0x6211"/>
        <CA_system_id value="0x6240"/>
      </CA_identifier_descriptor>
      <private_data_specifier_descriptor private_data_specifier="Astra"/>
      <astra_bouquet_list_descriptor>
        <bouquet name="HD"/>
      </astra_bouquet_list_descriptor>
      <astra_virtual_service_id_descriptor virtual_service_id="0x7607"/>
      <service_descriptor service_type="0x19" service_provider_name="SES" service_name="WAIDWERK"/>
      <CA_identifier_descriptor>
        <CA_system_id value="0x1830"/>
        <CA_system_id value="0x1843"/>
        <CA_system_id value="0x1860"/>
      </CA_identifier_descriptor>
      <private_data_specifier_descriptor private_data_specifier="Astra"/>
      <astra_bouquet_list_descriptor>
        <bouquet name="Sparten"/>
      </astra_bouquet_list_descriptor>
      <astra_virtual_service_id_descriptor virtual_service_id="0x7607"/>
    </service>
    <service service_id="0x10D1" transport_stream_id="0x0418" original_network_id="0x0001" logical_channel_number="825" visible_service_flag="true" new_service_flag="false" genre_code="0x0000">
      <service_descriptor service_type="0x19" service_provider_name="SES" service_name="ClipMyHorse. TV"/>
      <CA_identifier_descriptor>
        <CA_system_id value="0x6192"/>
        <CA_system_id value="0x6211"/>
        <CA_system_id value="0x6240"/>
      </CA_identifier_descriptor>
      <private_data_specifier_descriptor private_data_specifier="Astra"/>
      <astra_bouquet_list_descriptor>
        <bouquet name="HD"/>
      </astra_bouquet_list_descriptor>
      <astra_virtual_service_id_descriptor virtual_service_id="0x760B"/>
      <service_descriptor service_type="0x19" service_provider_name="SES" service_name="ClipMyHorse.TV"/>
      <CA_identifier_descriptor>
        <CA_system_id value="0x1830"/>
        <CA_system_id value="0x1843"/>
        <CA_system_id value="0x1860"/>
      </CA_identifier_descriptor>
      <private_data_specifier_descriptor private_data_specifier="Astra"/>
      <astra_bouquet_list_descriptor>
        <bouquet name="Sparten"/>
      </astra_bouquet_list_descriptor>
      <astra_virtual_service_id_descriptor virtual_service_id="0x760B"/>
    </service>
    <service service_id="0x10E0" transport_stream_id="0x0418" original_network_id="0x0001" logical_channel_number="960" visible_service_flag="true" new_service_flag="false" genre_code="0x0000">
      <service_descriptor service_type="0x01" service_provider_name="SES ASTRA" service_name="BVN TV"/>
      <private_data_specifier_descriptor private_data_specifier="Astra"/>
      <astra_bouquet_list_descriptor>
        <bouquet name="Ausland"/>
      </astra_bouquet_list_descriptor>
      <astra_virtual_service_id_descriptor virtual_service_id="0x2364"/>
    </service>
    <service service_id="0x526C" transport_stream_id="0x041D" original_network_id="0x0001" logical_channel_number="1,010" visible_service_flag="true" new_service_flag="false" genre_code="0x0000">
      <service_descriptor service_type="0x19" service_provider_name="BetaDigital" service_name="ANIXE HD"/>
      <private_data_specifier_descriptor private_data_specifier="Astra"/>
      <astra_bouquet_list_descriptor>
        <bouquet name="HD"/>
      </astra_bouquet_list_descriptor>
      <astra_virtual_service_id_descriptor virtual_service_id="0x271A"/>
      <service_descriptor service_type="0x19" service_provider_name="BetaDigital" service_name="ANIXE HD"/>
      <private_data_specifier_descriptor private_data_specifier="Astra"/>
      <astra_bouquet_list_descriptor>
        <bouquet name="HD"/>
      </astra_bouquet_list_descriptor>
      <astra_virtual_service_id_descriptor virtual_service_id="0x271A"/>
    </service>
    <service service_id="0x526F" transport_stream_id="0x041D" original_network_id="0x0001" logical_channel_number="1,016" visible_service_flag="true" new_service_flag="false" genre_code="0x0000">
      <service_descriptor service_type="0x19" service_provider_name="SES ASTRA" service_name="QVC HD"/>
      <private_data_specifier_descriptor private_data_specifier="Astra"/>
      <astra_bouquet_list_descriptor>
        <bouquet name="HD"/>
      </astra_bouquet_list_descriptor>
      <astra_virtual_service_id_descriptor virtual_service_id="0x272F"/>
      <service_descriptor service_type="0x19" service_provider_name="QVC" service_name="QVC HD"/>
      <private_data_specifier_descriptor private_data_specifier="Astra"/>
      <astra_bouquet_list_descriptor>
        <bouquet name="HD"/>
      </astra_bouquet_list_descriptor>
      <astra_virtual_service_id_descriptor virtual_service_id="0x272F"/>
    </service>
    <service service_id="0x5270" transport_stream_id="0x041D" original_network_id="0x0001" logical_channel_number="1,017" visible_service_flag="true" new_service_flag="false" genre_code="0x0000">
      <service_descriptor service_type="0x19" service_provider_name="BetaDigital" service_name="HSE HD"/>
      <private_data_specifier_descriptor private_data_specifier="Astra"/>
      <astra_bouquet_list_descriptor>
        <bouquet name="HD"/>
      </astra_bouquet_list_descriptor>
      <astra_virtual_service_id_descriptor virtual_service_id="0x2730"/>
      <service_descriptor service_type="0x19" service_provider_name="BetaDigital" service_name="HSE HD"/>
      <private_data_specifier_descriptor private_data_specifier="Astra"/>
      <astra_bouquet_list_descriptor>
        <bouquet name="HD"/>
      </astra_bouquet_list_descriptor>
      <astra_virtual_service_id_descriptor virtual_service_id="0x2730"/>
    </service>
    <service service_id="0x5273" transport_stream_id="0x041D" original_network_id="0x0001" logical_channel_number="1,102" visible_service_flag="true" new_service_flag="false" genre_code="0x0000">
      <service_descriptor service_type="0x19" service_provider_name="BetaDigital" service_name="ShopLC HD"/>
      <private_data_specifier_descriptor private_data_specifier="Astra"/>
      <astra_bouquet_list_descriptor>
        <bouquet name="Sparten"/>
      </astra_bouquet_list_descriptor>
      <astra_virtual_service_id_descriptor virtual_service_id="0x7614"/>
    </service>
    <service service_id="0x5274" transport_stream_id="0x041D" original_network_id="0x0001" logical_channel_number="1,015" visible_service_flag="true" new_service_flag="false" genre_code="0x0000">
      <service_descriptor service_type="0x19" service_provider_name="ProSiebenSat.1" service_name="WELT HD"/>
      <CA_identifier_descriptor>
        <CA_system_id value="0x1830"/>
        <CA_system_id value="0x1843"/>
        <CA_system_id value="0x1860"/>
      </CA_identifier_descriptor>
      <private_data_specifier_descriptor private_data_specifier="Astra"/>
      <astra_bouquet_list_descriptor>
        <bouquet name="HD"/>
      </astra_bouquet_list_descriptor>
      <astra_virtual_service_id_descriptor virtual_service_id="0x272E"/>
      <service_descriptor service_type="0x19" service_provider_name="ProSiebenSat.1" service_name="WELT HD"/>
      <CA_identifier_descriptor>
        <CA_system_id value="0x1830"/>
        <CA_system_id value="0x1843"/>
        <CA_system_id value="0x1860"/>
      </CA_identifier_descriptor>
      <private_data_specifier_descriptor private_data_specifier="Astra"/>
      <astra_bouquet_list_descriptor>
        <bouquet name="HD"/>
      </astra_bouquet_list_descriptor>
      <astra_virtual_service_id_descriptor virtual_service_id="0x272E"/>
    </service>
    <service service_id="0x5278" transport_stream_id="0x041D" original_network_id="0x0001" logical_channel_number="758" visible_service_flag="true" new_service_flag="false" genre_code="0x0000">
      <service_descriptor service_type="0x16" service_provider_name="BetaDigital" service_name="Nicer Dicer TV"/>
      <private_data_specifier_descriptor private_data_specifier="Astra"/>
      <astra_bouquet_list_descriptor>
        <bouquet name="Sparten"/>
      </astra_bouquet_list_descriptor>
      <astra_virtual_service_id_descriptor virtual_service_id="0x1B92"/>
    </service>
    <service service_id="0x5279" transport_stream_id="0x041D" original_network_id="0x0001" logical_channel_number="757" visible_service_flag="true" new_service_flag="false" genre_code="0x0000">
      <service_descriptor service_type="0x01" service_provider_name="BetaDigital" service_name="Genius Plus"/>
      <private_data_specifier_descriptor private_data_specifier="Astra"/>
      <astra_bouquet_list_descriptor>
        <bouquet name="Sparten"/>
      </astra_bouquet_list_descriptor>
      <astra_virtual_service_id_descriptor virtual_service_id="0x7591"/>
    </service>
    <service service_id="0x157C" transport_stream_id="0x041F" original_network_id="0x0001" logical_channel_number="1,082" visible_service_flag="true" new_service_flag="false" genre_code="0x0000">
      <service_descriptor service_type="0x19" service_provider_name="BetaDigital" service_name="Disney Channel HD"/>
      <CA_identifier_descriptor>
        <CA_system_id value="0x1830"/>
        <CA_system_id value="0x1843"/>
        <CA_system_id value="0x1860"/>
      </CA_identifier_descriptor>
      <private_data_specifier_descriptor private_data_specifier="Astra"/>
      <astra_bouquet_list_descriptor>
        <bouquet name="HD"/>
      </astra_bouquet_list_descriptor>
      <astra_virtual_service_id_descriptor virtual_service_id="0x36E5"/>
      <service_descriptor service_type="0x19" service_provider_name="BetaDigital" service_name="Disney Channel HD"/>
      <CA_identifier_descriptor>
        <CA_system_id value="0x1830"/>
        <CA_system_id value="0x1843"/>
        <CA_system_id value="0x1860"/>
      </CA_identifier_descriptor>
      <private_data_specifier_descriptor private_data_specifier="Astra"/>
      <astra_bouquet_list_descriptor>
        <bouquet name="HD"/>
      </astra_bouquet_list_descriptor>
      <astra_virtual_service_id_descriptor virtual_service_id="0x36E5"/>
    </service>
    <service service_id="0x157D" transport_stream_id="0x041F" original_network_id="0x0001" logical_channel_number="1,097" visible_service_flag="true" new_service_flag="false" genre_code="0x0000">
      <service_descriptor service_type="0x19" service_provider_name="BetaDigital" service_name="HSE Extra HD"/>
      <private_data_specifier_descriptor private_data_specifier="Astra"/>
      <astra_bouquet_list_descriptor>
        <bouquet name="HD"/>
      </astra_bouquet_list_descriptor>
      <astra_virtual_service_id_descriptor virtual_service_id="0x2735"/>
      <service_descriptor service_type="0x19" service_provider_name="BetaDigital" service_name="HSE Extra HD"/>
      <private_data_specifier_descriptor private_data_specifier="Astra"/>
      <astra_bouquet_list_descriptor>
        <bouquet name="HD"/>
      </astra_bouquet_list_descriptor>
      <astra_virtual_service_id_descriptor virtual_service_id="0x2735"/>
    </service>
    <service service_id="0x157E" transport_stream_id="0x041F" original_network_id="0x0001" logical_channel_number="1,093" visible_service_flag="true" new_service_flag="false" genre_code="0x0000">
      <service_descriptor service_type="0x19" service_provider_name="BetaDigital" service_name="1-2-3.tv HD"/>
      <private_data_specifier_descriptor private_data_specifier="Astra"/>
      <astra_bouquet_list_descriptor>
        <bouquet name="HD"/>
      </astra_bouquet_list_descriptor>
      <astra_virtual_service_id_descriptor virtual_service_id="0x13FD"/>
      <service_descriptor service_type="0x19" service_provider_name="BetaDigital" service_name="1-2-3.tv HD"/>
      <private_data_specifier_descriptor private_data_specifier="Astra"/>
      <astra_bouquet_list_descriptor>
        <bouquet name="HD"/>
      </astra_bouquet_list_descriptor>
      <astra_virtual_service_id_descriptor virtual_service_id="0x13FD"/>
    </service>
    <service service_id="0x157F" transport_stream_id="0x041F" original_network_id="0x0001" logical_channel_number="1,085" visible_service_flag="true" new_service_flag="false" genre_code="0x0000">
      <service_descriptor service_type="0x19" service_provider_name="BetaDigital" service_name="Deluxe  Music HD"/>
      <CA_identifier_descriptor>
        <CA_system_id value="0x1830"/>
        <CA_system_id value="0x1843"/>
        <CA_system_id value="0x1860"/>
      </CA_identifier_descriptor>
      <private_data_specifier_descriptor private_data_specifier="Astra"/>
      <astra_bouquet_list_descriptor>
        <bouquet name="HD"/>
      </astra_bouquet_list_descriptor>
      <astra_virtual_service_id_descriptor virtual_service_id="0x36E9"/>
      <service_descriptor service_type="0x19" service_provider_name="BetaDigital" service_name="Deluxe  Music HD"/>
      <CA_identifier_descriptor>
        <CA_system_id value="0x1830"/>
        <CA_system_id value="0x1843"/>
        <CA_system_id value="0x1860"/>
      </CA_identifier_descriptor>
      <private_data_specifier_descriptor private_data_specifier="Astra"/>
      <astra_bouquet_list_descriptor>
        <bouquet name="HD"/>
      </astra_bouquet_list_descriptor>
      <astra_virtual_service_id_descriptor virtual_service_id="0x36E9"/>
    </service>
    <service service_id="0x1580" transport_stream_id="0x041F" original_network_id="0x0001" logical_channel_number="1,086" visible_service_flag="true" new_service_flag="false" genre_code="0x0000">
      <service_descriptor service_type="0x19" service_provider_name="SES ASTRA" service_name="QVC ZWEI HD"/>
      <private_data_specifier_descriptor private_data_specifier="Astra"/>
      <astra_bouquet_list_descriptor>
        <bouquet name="HD"/>
      </astra_bouquet_list_descriptor>
      <astra_virtual_service_id_descriptor virtual_service_id="0x36EA"/>
      <service_descriptor service_type="0x19" service_provider_name="BetaDigital" service_name="QVC ZWEI HD"/>
      <private_data_specifier_descriptor private_data_specifier="Astra"/>
      <astra_bouquet_list_descriptor>
        <bouquet name="HD"/>
      </astra_bouquet_list_descriptor>
      <astra_virtual_service_id_descriptor virtual_service_id="0x36EA"/>
    </service>
    <service service_id="0x1581" transport_stream_id="0x041F" original_network_id="0x0001" logical_channel_number="1,009" visible_service_flag="true" new_service_flag="false" genre_code="0x0000">
      <service_descriptor service_type="0x19" service_provider_name="BetaDigital" service_name="SPORT1 HD"/>
      <CA_identifier_descriptor>
        <CA_system_id value="0x1830"/>
        <CA_system_id value="0x1843"/>
        <CA_system_id value="0x1860"/>
      </CA_identifier_descriptor>
      <private_data_specifier_descriptor private_data_specifier="Astra"/>
      <astra_bouquet_list_descriptor>
        <bouquet name="HD"/>
      </astra_bouquet_list_descriptor>
      <astra_virtual_service_id_descriptor virtual_service_id="0x271D"/>
      <service_descriptor service_type="0x19" service_provider_name="BetaDigital" service_name="SPORT1 HD"/>
      <CA_identifier_descriptor>
        <CA_system_id value="0x1830"/>
        <CA_system_id value="0x1843"/>
        <CA_system_id value="0x1860"/>
      </CA_identifier_descriptor>
      <private_data_specifier_descriptor private_data_specifier="Astra"/>
      <astra_bouquet_list_descriptor>
        <bouquet name="HD"/>
      </astra_bouquet_list_descriptor>
      <astra_virtual_service_id_descriptor virtual_service_id="0x271D"/>
    </service>
    <service service_id="0xEF10" transport_stream_id="0x0421" original_network_id="0x0001" logical_channel_number="1,004" visible_service_flag="true" new_service_flag="false" genre_code="0x0000">
      <service_descriptor service_type="0x19" service_provider_name="CBC" service_name="RTL HD"/>
      <CA_identifier_descriptor>
        <CA_system_id value="0x1830"/>
        <CA_system_id value="0x1843"/>
        <CA_system_id value="0x1860"/>
      </CA_identifier_descriptor>
      <private_data_specifier_descriptor private_data_specifier="Astra"/>
      <astra_bouquet_list_descriptor>
        <bouquet name="HD"/>
      </astra_bouquet_list_descriptor>
      <astra_virtual_service_id_descriptor virtual_service_id="0x2714"/>
      <service_descriptor service_type="0x19" service_provider_name="CBC" service_name="RTL HD"/>
      <CA_identifier_descriptor>
        <CA_system_id value="0x1830"/>
        <CA_system_id value="0x1843"/>
        <CA_system_id value="0x1860"/>
      </CA_identifier_descriptor>
      <private_data_specifier_descriptor private_data_specifier="Astra"/>
      <astra_bouquet_list_descriptor>
        <bouquet name="HD"/>
      </astra_bouquet_list_descriptor>
      <astra_virtual_service_id_descriptor virtual_service_id="0x2714"/>
    </service>
    <service service_id="0xEF11" transport_stream_id="0x0421" original_network_id="0x0001" logical_channel_number="1,005" visible_service_flag="true" new_service_flag="false" genre_code="0x0000">
      <service_descriptor service_type="0x19" service_provider_name="CBC" service_name="VOX HD"/>
      <CA_identifier_descriptor>
        <CA_system_id value="0x1830"/>
        <CA_system_id value="0x1843"/>
        <CA_system_id value="0x1860"/>
      </CA_identifier_descriptor>
      <private_data_specifier_descriptor private_data_specifier="Astra"/>
      <astra_bouquet_list_descriptor>
        <bouquet name="HD"/>
      </astra_bouquet_list_descriptor>
      <astra_virtual_service_id_descriptor virtual_service_id="0x2715"/>
      <service_descriptor service_type="0x19" service_provider_name="CBC" service_name="VOX HD"/>
      <CA_identifier_descriptor>
        <CA_system_id value="0x1830"/>
        <CA_system_id value="0x1843"/>
        <CA_system_id value="0x1860"/>
      </CA_identifier_descriptor>
      <private_data_specifier_descriptor private_data_specifier="Astra"/>
      <astra_bouquet_list_descriptor>
        <bouquet name="HD"/>
      </astra_bouquet_list_descriptor>
      <astra_virtual_service_id_descriptor virtual_service_id="0x2715"/>
    </service>
    <service service_id="0xEF14" transport_stream_id="0x0421" original_network_id="0x0001" logical_channel_number="1,104" visible_service_flag="true" new_service_flag="false" genre_code="0x0000">
      <service_descriptor service_type="0x19" service_provider_name="CBC" service_name="ntv HD"/>
      <CA_identifier_descriptor>
        <CA_system_id value="0x1830"/>
        <CA_system_id value="0x1843"/>
        <CA_system_id value="0x1860"/>
      </CA_identifier_descriptor>
      <private_data_specifier_descriptor private_data_specifier="Astra"/>
      <astra_bouquet_list_descriptor>
        <bouquet name="HD"/>
      </astra_bouquet_list_descriptor>
      <astra_virtual_service_id_descriptor virtual_service_id="0x7578"/>
      <service_descriptor service_type="0x19" service_provider_name="CBC" service_name="ntv HD"/>
      <CA_identifier_descriptor>
        <CA_system_id value="0x1830"/>
        <CA_system_id value="0x1843"/>
        <CA_system_id value="0x1860"/>
      </CA_identifier_descriptor>
      <private_data_specifier_descriptor private_data_specifier="Astra"/>
      <astra_bouquet_list_descriptor>
        <bouquet name="HD"/>
      </astra_bouquet_list_descriptor>
      <astra_virtual_service_id_descriptor virtual_service_id="0x7578"/>
    </service>
    <service service_id="0xEF15" transport_stream_id="0x0421" original_network_id="0x0001" logical_channel_number="1,012" visible_service_flag="true" new_service_flag="false" genre_code="0x0000">
      <service_descriptor service_type="0x19" service_provider_name="CBC" service_name="RTLZWEI HD"/>
      <CA_identifier_descriptor>
        <CA_system_id value="0x1830"/>
        <CA_system_id value="0x1843"/>
        <CA_system_id value="0x1860"/>
      </CA_identifier_descriptor>
      <private_data_specifier_descriptor private_data_specifier="Astra"/>
      <astra_bouquet_list_descriptor>
        <bouquet name="HD"/>
      </astra_bouquet_list_descriptor>
      <astra_virtual_service_id_descriptor virtual_service_id="0x271C"/>
      <service_descriptor service_type="0x19" service_provider_name="CBC" service_name="RTLZWEI HD"/>
      <CA_identifier_descriptor>
        <CA_system_id value="0x1830"/>
        <CA_system_id value="0x1843"/>
        <CA_system_id value="0x1860"/>
      </CA_identifier_descriptor>
      <private_data_specifier_descriptor private_data_specifier="Astra"/>
      <astra_bouquet_list_descriptor>
        <bouquet name="HD"/>
      </astra_bouquet_list_descriptor>
      <astra_virtual_service_id_descriptor virtual_service_id="0x271C"/>
    </service>
    <service service_id="0xEF16" transport_stream_id="0x0421" original_network_id="0x0001" logical_channel_number="306" visible_service_flag="true" new_service_flag="false" genre_code="0x0000">
      <service_descriptor service_type="0x19" service_provider_name="CBC" service_name="RTLup HD"/>
      <CA_identifier_descriptor>
        <CA_system_id value="0x6192"/>
        <CA_system_id value="0x6211"/>
        <CA_system_id value="0x6240"/>
      </CA_identifier_descriptor>
      <private_data_specifier_descriptor private_data_specifier="Astra"/>
      <astra_bouquet_list_descriptor>
        <bouquet name="HD"/>
      </astra_bouquet_list_descriptor>
      <astra_virtual_service_id_descriptor virtual_service_id="0x7618"/>
    </service>
    <service service_id="0xEF17" transport_stream_id="0x0421" original_network_id="0x0001" logical_channel_number="312" visible_service_flag="true" new_service_flag="false" genre_code="0x0000">
      <service_descriptor service_type="0x19" service_provider_name="CBC" service_name="VOXup HD"/>
      <CA_identifier_descriptor>
        <CA_system_id value="0x6192"/>
        <CA_system_id value="0x6211"/>
        <CA_system_id value="0x6240"/>
      </CA_identifier_descriptor>
      <private_data_specifier_descriptor private_data_specifier="Astra"/>
      <astra_bouquet_list_descriptor>
        <bouquet name="HD"/>
      </astra_bouquet_list_descriptor>
      <astra_virtual_service_id_descriptor virtual_service_id="0x7619"/>
    </service>
    <service service_id="0x286E" transport_stream_id="0x0425" original_network_id="0x0001" logical_channel_number="1,043" visible_service_flag="true" new_service_flag="false" genre_code="0x0000">
      <service_descriptor service_type="0x19" service_provider_name="ARD" service_name="rbb Brandenburg HD"/>
      <private_data_specifier_descriptor private_data_specifier="Astra"/>
      <astra_bouquet_list_descriptor>
        <bouquet name="ARD Digital"/>
      </astra_bouquet_list_descriptor>
      <astra_virtual_service_id_descriptor virtual_service_id="0x0423"/>
      <service_descriptor service_type="0x19" service_provider_name="ARD" service_name="rbb Brandenburg HD"/>
      <private_data_specifier_descriptor private_data_specifier="Astra"/>
      <astra_bouquet_list_descriptor>
        <bouquet name="ARD Digital"/>
      </astra_bouquet_list_descriptor>
      <astra_virtual_service_id_descriptor virtual_service_id="0x0423"/>
    </service>
    <service service_id="0x286F" transport_stream_id="0x0425" original_network_id="0x0001" logical_channel_number="1,044" visible_service_flag="true" new_service_flag="false" genre_code="0x0000">
      <service_descriptor service_type="0x19" service_provider_name="ARD" service_name="rbb Berlin HD"/>
      <private_data_specifier_descriptor private_data_specifier="Astra"/>
      <astra_bouquet_list_descriptor>
        <bouquet name="ARD Digital"/>
      </astra_bouquet_list_descriptor>
      <astra_virtual_service_id_descriptor virtual_service_id="0x0424"/>
      <service_descriptor service_type="0x19" service_provider_name="ARD" service_name="rbb Berlin HD"/>
      <private_data_specifier_descriptor private_data_specifier="Astra"/>
      <astra_bouquet_list_descriptor>
        <bouquet name="ARD Digital"/>
      </astra_bouquet_list_descriptor>
      <astra_virtual_service_id_descriptor virtual_service_id="0x0424"/>
    </service>
    <service service_id="0x2870" transport_stream_id="0x0425" original_network_id="0x0001" logical_channel_number="1,035" visible_service_flag="true" new_service_flag="false" genre_code="0x0000">
      <service_descriptor service_type="0x19" service_provider_name="ARD" service_name="MDR Sachsen HD"/>
      <private_data_specifier_descriptor private_data_specifier="Astra"/>
      <astra_bouquet_list_descriptor>
        <bouquet name="ARD Digital"/>
      </astra_bouquet_list_descriptor>
      <astra_virtual_service_id_descriptor virtual_service_id="0x041F"/>
      <service_descriptor service_type="0x19" service_provider_name="ARD" service_name="MDR Sachsen HD"/>
      <private_data_specifier_descriptor private_data_specifier="Astra"/>
      <astra_bouquet_list_descriptor>
        <bouquet name="ARD Digital"/>
      </astra_bouquet_list_descriptor>
      <astra_virtual_service_id_descriptor virtual_service_id="0x041F"/>
    </service>
    <service service_id="0x2871" transport_stream_id="0x0425" original_network_id="0x0001" logical_channel_number="1,036" visible_service_flag="true" new_service_flag="false" genre_code="0x0000">
      <service_descriptor service_type="0x19" service_provider_name="ARD" service_name="MDR S-Anhalt HD"/>
      <private_data_specifier_descriptor private_data_specifier="Astra"/>
      <astra_bouquet_list_descriptor>
        <bouquet name="ARD Digital"/>
      </astra_bouquet_list_descriptor>
      <astra_virtual_service_id_descriptor virtual_service_id="0x0420"/>
      <service_descriptor service_type="0x19" service_provider_name="ARD" service_name="MDR S-Anhalt HD"/>
      <private_data_specifier_descriptor private_data_specifier="Astra"/>
      <astra_bouquet_list_descriptor>
        <bouquet name="ARD Digital"/>
      </astra_bouquet_list_descriptor>
      <astra_virtual_service_id_descriptor virtual_service_id="0x0420"/>
    </service>
    <service service_id="0x2872" transport_stream_id="0x0425" original_network_id="0x0001" logical_channel_number="1,037" visible_service_flag="true" new_service_flag="false" genre_code="0x0000">
      <service_descriptor service_type="0x19" service_provider_name="ARD" service_name="MDR Thüringen HD"/>
      <private_data_specifier_descriptor private_data_specifier="Astra"/>
      <astra_bouquet_list_descriptor>
        <bouquet name="ARD Digital"/>
      </astra_bouquet_list_descriptor>
      <astra_virtual_service_id_descriptor virtual_service_id="0x0421"/>
      <service_descriptor service_type="0x19" service_provider_name="ARD" service_name="MDR Thüringen HD"/>
      <private_data_specifier_descriptor private_data_specifier="Astra"/>
      <astra_bouquet_list_descriptor>
        <bouquet name="ARD Digital"/>
      </astra_bouquet_list_descriptor>
      <astra_virtual_service_id_descriptor virtual_service_id="0x0421"/>
    </service>
    <service service_id="0x2873" transport_stream_id="0x0425" original_network_id="0x0001" logical_channel_number="1,042" visible_service_flag="true" new_service_flag="false" genre_code="0x0000">
      <service_descriptor service_type="0x19" service_provider_name="ARD" service_name="hr-fernsehen HD"/>
      <private_data_specifier_descriptor private_data_specifier="Astra"/>
      <astra_bouquet_list_descriptor>
        <bouquet name="ARD Digital"/>
      </astra_bouquet_list_descriptor>
      <astra_virtual_service_id_descriptor virtual_service_id="0x0422"/>
      <service_descriptor service_type="0x19" service_provider_name="ARD" service_name="hr-fernsehen HD"/>
      <private_data_specifier_descriptor private_data_specifier="Astra"/>
      <astra_bouquet_list_descriptor>
        <bouquet name="ARD Digital"/>
      </astra_bouquet_list_descriptor>
      <astra_virtual_service_id_descriptor virtual_service_id="0x0422"/>
    </service>
    <service service_id="0x28E1" transport_stream_id="0x0425" original_network_id="0x0001" logical_channel_number="111" visible_service_flag="true" new_service_flag="false" genre_code="0x0000">
      <service_descriptor service_type="0x02" service_provider_name="ARD HR" service_name="hr1"/>
      <private_data_specifier_descriptor private_data_specifier="Astra"/>
      <astra_bouquet_list_descriptor/>
    </service>
    <service service_id="0x28E2" transport_stream_id="0x0425" original_network_id="0x0001" logical_channel_number="112" visible_service_flag="true" new_service_flag="false" genre_code="0x0000">
      <service_descriptor service_type="0x02" service_provider_name="ARD HR" service_name="hr2"/>
      <private_data_specifier_descriptor private_data_specifier="Astra"/>
      <astra_bouquet_list_descriptor/>
    </service>
    <service service_id="0x28E3" transport_stream_id="0x0425" original_network_id="0x0001" logical_channel_number="113" visible_service_flag="true" new_service_flag="false" genre_code="0x0000">
      <service_descriptor service_type="0x02" service_provider_name="ARD HR" service_name="hr3"/>
      <private_data_specifier_descriptor private_data_specifier="Astra"/>
      <astra_bouquet_list_descriptor/>
    </service>
    <service service_id="0x28E4" transport_stream_id="0x0425" original_network_id="0x0001" logical_channel_number="114" visible_service_flag="true" new_service_flag="false" genre_code="0x0000">
      <service_descriptor service_type="0x02" service_provider_name="ARD HR" service_name="hr4"/>
      <private_data_specifier_descriptor private_data_specifier="Astra"/>
      <astra_bouquet_list_descriptor/>
    </service>
    <service service_id="0x28E5" transport_stream_id="0x0425" original_network_id="0x0001" logical_channel_number="117" visible_service_flag="true" new_service_flag="false" genre_code="0x0000">
      <service_descriptor service_type="0x02" service_provider_name="ARD HR" service_name="YOU FM"/>
      <private_data_specifier_descriptor private_data_specifier="Astra"/>
      <astra_bouquet_list_descriptor/>
    </service>
    <service service_id="0x28E6" transport_stream_id="0x0425" original_network_id="0x0001" logical_channel_number="115" visible_service_flag="true" new_service_flag="false" genre_code="0x0000">
      <service_descriptor service_type="0x02" service_provider_name="ARD HR" service_name="hr-INFO"/>
      <private_data_specifier_descriptor private_data_specifier="Astra"/>
      <astra_bouquet_list_descriptor/>
    </service>
    <service service_id="0x28EA" transport_stream_id="0x0425" original_network_id="0x0001" logical_channel_number="118" visible_service_flag="true" new_service_flag="false" genre_code="0x0000">
      <service_descriptor service_type="0x02" service_provider_name="ARD MDR" service_name="MDR1 SACHSEN  DD"/>
      <private_data_specifier_descriptor private_data_specifier="Astra"/>
      <astra_bouquet_list_descriptor/>
    </service>
    <service service_id="0x28EB" transport_stream_id="0x0425" original_network_id="0x0001" logical_channel_number="119" visible_service_flag="true" new_service_flag="false" genre_code="0x0000">
      <service_descriptor service_type="0x02" service_provider_name="ARD MDR" service_name="MDR S-ANHALT MD"/>
      <private_data_specifier_descriptor private_data_specifier="Astra"/>
      <astra_bouquet_list_descriptor/>
    </service>
    <service service_id="0x28EC" transport_stream_id="0x0425" original_network_id="0x0001" logical_channel_number="120" visible_service_flag="true" new_service_flag="false" genre_code="0x0000">
      <service_descriptor service_type="0x02" service_provider_name="ARD MDR" service_name="MDR THÜR Mitte-W"/>
      <private_data_specifier_descriptor private_data_specifier="Astra"/>
      <astra_bouquet_list_descriptor/>
    </service>
    <service service_id="0x28ED" transport_stream_id="0x0425" original_network_id="0x0001" logical_channel_number="121" visible_service_flag="true" new_service_flag="false" genre_code="0x0000">
      <service_descriptor service_type="0x02" service_provider_name="ARD MDR" service_name="MDR KULTUR"/>
      <private_data_specifier_descriptor private_data_specifier="Astra"/>
      <astra_bouquet_list_descriptor/>
    </service>
    <service service_id="0x28EE" transport_stream_id="0x0425" original_network_id="0x0001" logical_channel_number="123" visible_service_flag="true" new_service_flag="false" genre_code="0x0000">
      <service_descriptor service_type="0x02" service_provider_name="ARD MDR" service_name="MDR JUMP"/>
      <private_data_specifier_descriptor private_data_specifier="Astra"/>
      <astra_bouquet_list_descriptor/>
    </service>
    <service service_id="0x28EF" transport_stream_id="0x0425" original_network_id="0x0001" logical_channel_number="124" visible_service_flag="true" new_service_flag="false" genre_code="0x0000">
      <service_descriptor service_type="0x02" service_provider_name="ARD MDR" service_name="MDR SPUTNIK"/>
      <private_data_specifier_descriptor private_data_specifier="Astra"/>
      <astra_bouquet_list_descriptor/>
    </service>
    <service service_id="0x28F0" transport_stream_id="0x0425" original_network_id="0x0001" logical_channel_number="122" visible_service_flag="true" new_service_flag="false" genre_code="0x0000">
      <service_descriptor service_type="0x02" service_provider_name="ARD MDR" service_name="MDR AKTUELL"/>
      <private_data_specifier_descriptor private_data_specifier="Astra"/>
      <astra_bouquet_list_descriptor/>
    </service>
    <service service_id="0x28F4" transport_stream_id="0x0425" original_network_id="0x0001" logical_channel_number="136" visible_service_flag="true" new_service_flag="false" genre_code="0x0000">
      <service_descriptor service_type="0x02" service_provider_name="ARD rbb" service_name="Inforadio"/>
      <private_data_specifier_descriptor private_data_specifier="Astra"/>
      <astra_bouquet_list_descriptor/>
    </service>
    <service service_id="0x28F5" transport_stream_id="0x0425" original_network_id="0x0001" logical_channel_number="137" visible_service_flag="true" new_service_flag="false" genre_code="0x0000">
      <service_descriptor service_type="0x02" service_provider_name="ARD rbb" service_name="rbb Kultur"/>
      <private_data_specifier_descriptor private_data_specifier="Astra"/>
      <astra_bouquet_list_descriptor/>
    </service>
    <service service_id="0x28F6" transport_stream_id="0x0425" original_network_id="0x0001" logical_channel_number="134" visible_service_flag="true" new_service_flag="false" genre_code="0x0000">
      <service_descriptor service_type="0x02" service_provider_name="ARD rbb" service_name="Antenne Brandenburg"/>
      <private_data_specifier_descriptor private_data_specifier="Astra"/>
      <astra_bouquet_list_descriptor/>
    </service>
    <service service_id="0x28F7" transport_stream_id="0x0425" original_network_id="0x0001" logical_channel_number="138" visible_service_flag="true" new_service_flag="false" genre_code="0x0000">
      <service_descriptor service_type="0x02" service_provider_name="ARD rbb" service_name="rbb 88.8"/>
      <private_data_specifier_descriptor private_data_specifier="Astra"/>
      <astra_bouquet_list_descriptor/>
    </service>
    <service service_id="0x28F8" transport_stream_id="0x0425" original_network_id="0x0001" logical_channel_number="139" visible_service_flag="true" new_service_flag="false" genre_code="0x0000">
      <service_descriptor service_type="0x02" service_provider_name="ARD rbb" service_name="radioeins"/>
      <private_data_specifier_descriptor private_data_specifier="Astra"/>
      <astra_bouquet_list_descriptor/>
    </service>
    <service service_id="0x28F9" transport_stream_id="0x0425" original_network_id="0x0001" logical_channel_number="135" visible_service_flag="true" new_service_flag="false" genre_code="0x0000">
      <service_descriptor service_type="0x02" service_provider_name="ARD rbb" service_name="Fritz"/>
      <private_data_specifier_descriptor private_data_specifier="Astra"/>
      <astra_bouquet_list_descriptor/>
    </service>
    <service service_id="0x1644" transport_stream_id="0x042C" original_network_id="0x0001" logical_channel_number="818" visible_service_flag="true" new_service_flag="false" genre_code="0x0000">
      <service_descriptor service_type="0x19" service_provider_name="DW" service_name="DW English HD"/>
      <private_data_specifier_descriptor private_data_specifier="Astra"/>
      <astra_bouquet_list_descriptor/>
      <astra_virtual_service_id_descriptor virtual_service_id="0x75EC"/>
    </service>
    <service service_id="0x1647" transport_stream_id="0x042C" original_network_id="0x0001" logical_channel_number="951" visible_service_flag="true" new_service_flag="false" genre_code="0x0000">
      <service_descriptor service_type="0x01" service_provider_name="GCE" service_name="Cubavision internacional"/>
      <private_data_specifier_descriptor private_data_specifier="Astra"/>
      <astra_bouquet_list_descriptor>
        <bouquet name="Ausland"/>
      </astra_bouquet_list_descriptor>
      <astra_virtual_service_id_descriptor virtual_service_id="0x235B"/>
    </service>
    <service service_id="0x164E" transport_stream_id="0x042C" original_network_id="0x0001" logical_channel_number="933" visible_service_flag="true" new_service_flag="false" genre_code="0x0000">
      <service_descriptor service_type="0x01" service_provider_name="CNN" service_name="CNN Int."/>
      <private_data_specifier_descriptor private_data_specifier="Astra"/>
      <astra_bouquet_list_descriptor>
        <bouquet name="Ausland"/>
      </astra_bouquet_list_descriptor>
      <astra_virtual_service_id_descriptor virtual_service_id="0x2349"/>
    </service>
    <service service_id="0x6E2D" transport_stream_id="0x0431" original_network_id="0x0001" logical_channel_number="834" visible_service_flag="true" new_service_flag="false" genre_code="0x0000">
      <service_descriptor service_type="0x16" service_provider_name="SES" service_name="Xplore"/>
      <private_data_specifier_descriptor private_data_specifier="Astra"/>
      <astra_bouquet_list_descriptor/>
      <astra_virtual_service_id_descriptor virtual_service_id="0x7628"/>
    </service>
    <service service_id="0x6E2E" transport_stream_id="0x0431" original_network_id="0x0001" logical_channel_number="835" visible_service_flag="true" new_service_flag="false" genre_code="0x0000">
      <service_descriptor service_type="0x16" service_provider_name="SES" service_name="Hip Trips"/>
      <private_data_specifier_descriptor private_data_specifier="Astra"/>
      <astra_bouquet_list_descriptor/>
      <astra_virtual_service_id_descriptor virtual_service_id="0x7629"/>
    </service>
    <service service_id="0x6E40" transport_stream_id="0x0431" original_network_id="0x0001" logical_channel_number="836" visible_service_flag="true" new_service_flag="false" genre_code="0x0000">
      <service_descriptor service_type="0x16" service_provider_name="SES" service_name="One Terra"/>
      <private_data_specifier_descriptor private_data_specifier="Astra"/>
      <astra_bouquet_list_descriptor/>
      <astra_virtual_service_id_descriptor virtual_service_id="0x762A"/>
    </service>
    <service service_id="0x6E41" transport_stream_id="0x0431" original_network_id="0x0001" logical_channel_number="831" visible_service_flag="true" new_service_flag="false" genre_code="0x0000">
      <service_descriptor service_type="0x16" service_provider_name="SES" service_name="Deluxe Rap"/>
      <private_data_specifier_descriptor private_data_specifier="Astra"/>
      <astra_bouquet_list_descriptor/>
      <astra_virtual_service_id_descriptor virtual_service_id="0x7625"/>
    </service>
    <service service_id="0x6E42" transport_stream_id="0x0431" original_network_id="0x0001" logical_channel_number="832" visible_service_flag="true" new_service_flag="false" genre_code="0x0000">
      <service_descriptor service_type="0x16" service_provider_name="SES" service_name="Deluxe Dance by Kontor"/>
      <private_data_specifier_descriptor private_data_specifier="Astra"/>
      <astra_bouquet_list_descriptor/>
      <astra_virtual_service_id_descriptor virtual_service_id="0x7626"/>
    </service>
    <service service_id="0x6E43" transport_stream_id="0x0431" original_network_id="0x0001" logical_channel_number="837" visible_service_flag="true" new_service_flag="false" genre_code="0x0000">
      <service_descriptor service_type="0x16" service_provider_name="SES" service_name="Just Cooking"/>
      <private_data_specifier_descriptor private_data_specifier="Astra"/>
      <astra_bouquet_list_descriptor/>
      <astra_virtual_service_id_descriptor virtual_service_id="0x762C"/>
    </service>
    <service service_id="0x6E44" transport_stream_id="0x0431" original_network_id="0x0001" logical_channel_number="839" visible_service_flag="true" new_service_flag="false" genre_code="0x0000">
      <service_descriptor service_type="0x16" service_provider_name="SES" service_name="Just Fishing"/>
      <private_data_specifier_descriptor private_data_specifier="Astra"/>
      <astra_bouquet_list_descriptor/>
      <astra_virtual_service_id_descriptor virtual_service_id="0x762F"/>
    </service>
    <service service_id="0x6E45" transport_stream_id="0x0431" original_network_id="0x0001" logical_channel_number="843" visible_service_flag="true" new_service_flag="false" genre_code="0x0000">
      <service_descriptor service_type="0x16" service_provider_name="SES" service_name="Höhenrausch"/>
      <private_data_specifier_descriptor private_data_specifier="Astra"/>
      <astra_bouquet_list_descriptor>
        <bouquet name="Sparten"/>
      </astra_bouquet_list_descriptor>
      <astra_virtual_service_id_descriptor virtual_service_id="0x763F"/>
    </service>
    <service service_id="0x6E46" transport_stream_id="0x0431" original_network_id="0x0001" logical_channel_number="838" visible_service_flag="true" new_service_flag="false" genre_code="0x0000">
      <service_descriptor service_type="0x16" service_provider_name="SES" service_name="Crime Time"/>
      <private_data_specifier_descriptor private_data_specifier="Astra"/>
      <astra_bouquet_list_descriptor/>
      <astra_virtual_service_id_descriptor virtual_service_id="0x762D"/>
    </service>
    <service service_id="0x6E47" transport_stream_id="0x0431" original_network_id="0x0001" logical_channel_number="841" visible_service_flag="true" new_service_flag="false" genre_code="0x0000">
      <service_descriptor service_type="0x16" service_provider_name="SES" service_name="SERIEN+"/>
      <private_data_specifier_descriptor private_data_specifier="Astra"/>
      <astra_bouquet_list_descriptor>
        <bouquet name="Sparten"/>
      </astra_bouquet_list_descriptor>
      <astra_virtual_service_id_descriptor virtual_service_id="0x763D"/>
    </service>
    <service service_id="0x6FEC" transport_stream_id="0x0436" original_network_id="0x0001" logical_channel_number="1,014" visible_service_flag="true" new_service_flag="false" genre_code="0x0000">
      <service_descriptor service_type="0x19" service_provider_name="MTV Networks" service_name="Comedy Central HD"/>
      <CA_identifier_descriptor>
        <CA_system_id value="0x1830"/>
        <CA_system_id value="0x1843"/>
        <CA_system_id value="0x1860"/>
      </CA_identifier_descriptor>
      <private_data_specifier_descriptor private_data_specifier="Astra"/>
      <astra_bouquet_list_descriptor>
        <bouquet name="HD"/>
      </astra_bouquet_list_descriptor>
      <astra_virtual_service_id_descriptor virtual_service_id="0x272D"/>
      <service_descriptor service_type="0x19" service_provider_name="MTV Networks" service_name="Comedy Central HD"/>
      <CA_identifier_descriptor>
        <CA_system_id value="0x1830"/>
        <CA_system_id value="0x1843"/>
        <CA_system_id value="0x1860"/>
      </CA_identifier_descriptor>
      <private_data_specifier_descriptor private_data_specifier="Astra"/>
      <astra_bouquet_list_descriptor>
        <bouquet name="HD"/>
      </astra_bouquet_list_descriptor>
      <astra_virtual_service_id_descriptor virtual_service_id="0x272D"/>
    </service>
    <service service_id="0x6FEE" transport_stream_id="0x0436" original_network_id="0x0001" logical_channel_number="1,100" visible_service_flag="true" new_service_flag="false" genre_code="0x0000">
      <service_descriptor service_type="0x19" service_provider_name="MTV Networks" service_name="MTV HD"/>
      <CA_identifier_descriptor>
        <CA_system_id value="0x1830"/>
        <CA_system_id value="0x1843"/>
        <CA_system_id value="0x1860"/>
      </CA_identifier_descriptor>
      <private_data_specifier_descriptor private_data_specifier="Astra"/>
      <astra_bouquet_list_descriptor>
        <bouquet name="HD"/>
      </astra_bouquet_list_descriptor>
      <astra_virtual_service_id_descriptor virtual_service_id="0x757E"/>
      <service_descriptor service_type="0x19" service_provider_name="MTV Networks" service_name="MTV HD"/>
      <CA_identifier_descriptor>
        <CA_system_id value="0x1830"/>
        <CA_system_id value="0x1843"/>
        <CA_system_id value="0x1860"/>
      </CA_identifier_descriptor>
      <private_data_specifier_descriptor private_data_specifier="Astra"/>
      <astra_bouquet_list_descriptor>
        <bouquet name="HD"/>
      </astra_bouquet_list_descriptor>
      <astra_virtual_service_id_descriptor virtual_service_id="0x757E"/>
    </service>
    <service service_id="0x6FFB" transport_stream_id="0x0436" original_network_id="0x0001" logical_channel_number="534" visible_service_flag="true" new_service_flag="false" genre_code="0x0000">
      <service_descriptor service_type="0x01" service_provider_name="SKY" service_name="Nick Jr."/>
      <CA_identifier_descriptor>
        <CA_system_id value="0x6195"/>
        <CA_system_id value="0x5890"/>
      </CA_identifier_descriptor>
      <private_data_specifier_descriptor private_data_specifier="Astra"/>
      <astra_bouquet_list_descriptor>
        <bouquet name="SKY"/>
      </astra_bouquet_list_descriptor>
      <astra_virtual_service_id_descriptor virtual_service_id="0x7609"/>
    </service>
    <service service_id="0x7004" transport_stream_id="0x0436" original_network_id="0x0001" logical_channel_number="701" visible_service_flag="true" new_service_flag="false" genre_code="0x0000">
      <service_descriptor service_type="0x01" service_provider_name="MTV Networks" service_name="Comedy Central"/>
      <private_data_specifier_descriptor private_data_specifier="Astra"/>
      <astra_bouquet_list_descriptor>
        <bouquet name="MTV Networks"/>
      </astra_bouquet_list_descriptor>
      <astra_virtual_service_id_descriptor virtual_service_id="0x1B59"/>
    </service>
    <service service_id="0x7006" transport_stream_id="0x0436" original_network_id="0x0001" logical_channel_number="706" visible_service_flag="true" new_service_flag="false" genre_code="0x0000">
      <service_descriptor service_type="0x01" service_provider_name="MTV Networks" service_name="MTV Germany"/>
      <private_data_specifier_descriptor private_data_specifier="Astra"/>
      <astra_bouquet_list_descriptor/>
      <astra_virtual_service_id_descriptor virtual_service_id="0x7604"/>
    </service>
    <service service_id="0x7008" transport_stream_id="0x0436" original_network_id="0x0001" logical_channel_number="1,212" visible_service_flag="true" new_service_flag="false" genre_code="0x0000">
      <service_descriptor service_type="0x01" service_provider_name="MTV Networks" service_name="Nickelodeon"/>
      <private_data_specifier_descriptor private_data_specifier="Astra"/>
      <astra_bouquet_list_descriptor>
        <bouquet name="MTV Networks"/>
      </astra_bouquet_list_descriptor>
      <astra_virtual_service_id_descriptor virtual_service_id="0x1B58"/>
      <service_descriptor service_type="0x01" service_provider_name="MTV Networks" service_name="Nickelodeon"/>
      <private_data_specifier_descriptor private_data_specifier="Astra"/>
      <astra_bouquet_list_descriptor>
        <bouquet name="MTV Networks"/>
      </astra_bouquet_list_descriptor>
      <astra_virtual_service_id_descriptor virtual_service_id="0x1B58"/>
    </service>
    <service service_id="0x6D66" transport_stream_id="0x0437" original_network_id="0x0001" logical_channel_number="1,201" visible_service_flag="true" new_service_flag="false" genre_code="0x0000">
      <service_descriptor service_type="0x01" service_provider_name="ZDFvision" service_name="ZDF"/>
      <private_data_specifier_descriptor private_data_specifier="Astra"/>
      <astra_bouquet_list_descriptor>
        <bouquet name="ZDFvision"/>
      </astra_bouquet_list_descriptor>
      <astra_virtual_service_id_descriptor virtual_service_id="0x07D0"/>
      <service_descriptor service_type="0x01" service_provider_name="ZDFvision" service_name="ZDF"/>
      <private_data_specifier_descriptor private_data_specifier="Astra"/>
      <astra_bouquet_list_descriptor>
        <bouquet name="ZDFvision"/>
      </astra_bouquet_list_descriptor>
      <astra_virtual_service_id_descriptor virtual_service_id="0x07D0"/>
    </service>
    <service service_id="0x6D67" transport_stream_id="0x0437" original_network_id="0x0001" logical_channel_number="1,252" visible_service_flag="true" new_service_flag="false" genre_code="0x0000">
      <service_descriptor service_type="0x01" service_provider_name="ZDFvision" service_name="3sat"/>
      <private_data_specifier_descriptor private_data_specifier="Astra"/>
      <astra_bouquet_list_descriptor>
        <bouquet name="ARD/ZDF"/>
      </astra_bouquet_list_descriptor>
      <astra_virtual_service_id_descriptor virtual_service_id="0x041A"/>
      <service_descriptor service_type="0x01" service_provider_name="ZDFvision" service_name="3sat"/>
      <private_data_specifier_descriptor private_data_specifier="Astra"/>
      <astra_bouquet_list_descriptor>
        <bouquet name="ARD/ZDF"/>
      </astra_bouquet_list_descriptor>
      <astra_virtual_service_id_descriptor virtual_service_id="0x041A"/>
    </service>
    <service service_id="0x6D68" transport_stream_id="0x0437" original_network_id="0x0001" logical_channel_number="1,253" visible_service_flag="true" new_service_flag="false" genre_code="0x0000">
      <service_descriptor service_type="0x01" service_provider_name="ZDFvision" service_name="KiKa"/>
      <private_data_specifier_descriptor private_data_specifier="Astra"/>
      <astra_bouquet_list_descriptor>
        <bouquet name="ARD/ZDF"/>
      </astra_bouquet_list_descriptor>
      <astra_virtual_service_id_descriptor virtual_service_id="0x041B"/>
      <service_descriptor service_type="0x01" service_provider_name="ZDFvision" service_name="KiKa"/>
      <private_data_specifier_descriptor private_data_specifier="Astra"/>
      <astra_bouquet_list_descriptor>
        <bouquet name="ARD/ZDF"/>
      </astra_bouquet_list_descriptor>
      <astra_virtual_service_id_descriptor virtual_service_id="0x041B"/>
    </service>
    <service service_id="0x6D6B" transport_stream_id="0x0437" original_network_id="0x0001" logical_channel_number="1,255" visible_service_flag="true" new_service_flag="false" genre_code="0x0000">
      <service_descriptor service_type="0x01" service_provider_name="ZDFvision" service_name="ZDFinfo"/>
      <private_data_specifier_descriptor private_data_specifier="Astra"/>
      <astra_bouquet_list_descriptor>
        <bouquet name="ZDFvision"/>
      </astra_bouquet_list_descriptor>
      <astra_virtual_service_id_descriptor virtual_service_id="0x07D1"/>
      <service_descriptor service_type="0x01" service_provider_name="ZDFvision" service_name="ZDFinfo"/>
      <private_data_specifier_descriptor private_data_specifier="Astra"/>
      <astra_bouquet_list_descriptor>
        <bouquet name="ZDFvision"/>
      </astra_bouquet_list_descriptor>
      <astra_virtual_service_id_descriptor virtual_service_id="0x07D1"/>
    </service>
    <service service_id="0x6D6C" transport_stream_id="0x0437" original_network_id="0x0001" logical_channel_number="182" visible_service_flag="true" new_service_flag="false" genre_code="0x0000">
      <service_descriptor service_type="0x02" service_provider_name="ZDFvision" service_name="Dlf Kultur"/>
      <private_data_specifier_descriptor private_data_specifier="Astra"/>
      <astra_bouquet_list_descriptor/>
    </service>
    <service service_id="0x6D6D" transport_stream_id="0x0437" original_network_id="0x0001" logical_channel_number="181" visible_service_flag="true" new_service_flag="false" genre_code="0x0000">
      <service_descriptor service_type="0x02" service_provider_name="ZDFvision" service_name="Dlf"/>
      <private_data_specifier_descriptor private_data_specifier="Astra"/>
      <astra_bouquet_list_descriptor/>
    </service>
    <service service_id="0x6D6E" transport_stream_id="0x0437" original_network_id="0x0001" logical_channel_number="1,256" visible_service_flag="true" new_service_flag="false" genre_code="0x0000">
      <service_descriptor service_type="0x01" service_provider_name="ZDFvision" service_name="zdf_neo"/>
      <private_data_specifier_descriptor private_data_specifier="Astra"/>
      <astra_bouquet_list_descriptor>
        <bouquet name="ZDFvision"/>
      </astra_bouquet_list_descriptor>
      <astra_virtual_service_id_descriptor virtual_service_id="0x07D2"/>
      <service_descriptor service_type="0x01" service_provider_name="ZDFvision" service_name="zdf_neo"/>
      <private_data_specifier_descriptor private_data_specifier="Astra"/>
      <astra_bouquet_list_descriptor>
        <bouquet name="ZDFvision"/>
      </astra_bouquet_list_descriptor>
      <astra_virtual_service_id_descriptor virtual_service_id="0x07D2"/>
    </service>
    <service service_id="0x6D6F" transport_stream_id="0x0437" original_network_id="0x0001" logical_channel_number="184" visible_service_flag="true" new_service_flag="false" genre_code="0x0000">
      <service_descriptor service_type="0x02" service_provider_name="ZDFvision" service_name="DRadio DokDeb"/>
      <private_data_specifier_descriptor private_data_specifier="Astra"/>
      <astra_bouquet_list_descriptor/>
    </service>
    <service service_id="0x6D71" transport_stream_id="0x0437" original_network_id="0x0001" logical_channel_number="183" visible_service_flag="true" new_service_flag="false" genre_code="0x0000">
      <service_descriptor service_type="0x02" service_provider_name="ZDFvision" service_name="Dlf Nova"/>
      <private_data_specifier_descriptor private_data_specifier="Astra"/>
      <astra_bouquet_list_descriptor/>
    </service>
    <service service_id="0x4E21" transport_stream_id="0x043A" original_network_id="0x0001" logical_channel_number="413" visible_service_flag="false" new_service_flag="false" genre_code="0x0000">
      <service_descriptor service_type="0x01" service_provider_name="ProSiebenSat.1" service_name="ProSieben Schweiz"/>
      <private_data_specifier_descriptor private_data_specifier="Astra"/>
      <astra_bouquet_list_descriptor>
        <bouquet name="ProSiebenSAT.1"/>
      </astra_bouquet_list_descriptor>
      <astra_virtual_service_id_descriptor virtual_service_id="0x0FA8"/>
    </service>
    <service service_id="0x4E22" transport_stream_id="0x043A" original_network_id="0x0001" logical_channel_number="412" visible_service_flag="false" new_service_flag="false" genre_code="0x0000">
      <service_descriptor service_type="0x01" service_provider_name="ProSiebenSat.1" service_name="ProSieben Austria"/>
      <private_data_specifier_descriptor private_data_specifier="Astra"/>
      <astra_bouquet_list_descriptor>
        <bouquet name="ProSiebenSAT.1"/>
      </astra_bouquet_list_descriptor>
      <astra_virtual_service_id_descriptor virtual_service_id="0x0FA7"/>
    </service>
    <service service_id="0x4E23" transport_stream_id="0x043A" original_network_id="0x0001" logical_channel_number="415" visible_service_flag="false" new_service_flag="false" genre_code="0x0000">
      <service_descriptor service_type="0x01" service_provider_name="ProSiebenSat.1" service_name="kabel eins Schweiz"/>
      <private_data_specifier_descriptor private_data_specifier="Astra"/>
      <astra_bouquet_list_descriptor>
        <bouquet name="ProSiebenSAT.1"/>
      </astra_bouquet_list_descriptor>
      <astra_virtual_service_id_descriptor virtual_service_id="0x0FAA"/>
    </service>
    <service service_id="0x4E24" transport_stream_id="0x043A" original_network_id="0x0001" logical_channel_number="414" visible_service_flag="false" new_service_flag="false" genre_code="0x0000">
      <service_descriptor service_type="0x01" service_provider_name="ProSiebenSat.1" service_name="kabel eins Austria"/>
      <private_data_specifier_descriptor private_data_specifier="Astra"/>
      <astra_bouquet_list_descriptor>
        <bouquet name="ProSiebenSAT.1"/>
      </astra_bouquet_list_descriptor>
      <astra_virtual_service_id_descriptor virtual_service_id="0x0FA9"/>
    </service>
    <service service_id="0x4E25" transport_stream_id="0x043A" original_network_id="0x0001" logical_channel_number="416" visible_service_flag="false" new_service_flag="false" genre_code="0x0000">
      <service_descriptor service_type="0x01" service_provider_name="ProSiebenSat.1" service_name="SAT.1 A"/>
      <private_data_specifier_descriptor private_data_specifier="Astra"/>
      <astra_bouquet_list_descriptor>
        <bouquet name="ProSiebenSAT.1"/>
      </astra_bouquet_list_descriptor>
      <astra_virtual_service_id_descriptor virtual_service_id="0x0FAB"/>
    </service>
    <service service_id="0x4E26" transport_stream_id="0x043A" original_network_id="0x0001" logical_channel_number="417" visible_service_flag="false" new_service_flag="false" genre_code="0x0000">
      <service_descriptor service_type="0x01" service_provider_name="ProSiebenSat.1" service_name="SAT.1 CH"/>
      <private_data_specifier_descriptor private_data_specifier="Astra"/>
      <astra_bouquet_list_descriptor>
        <bouquet name="ProSiebenSAT.1"/>
      </astra_bouquet_list_descriptor>
      <astra_virtual_service_id_descriptor virtual_service_id="0x0FAC"/>
    </service>
    <service service_id="0x4E27" transport_stream_id="0x043A" original_network_id="0x0001" logical_channel_number="405" visible_service_flag="true" new_service_flag="false" genre_code="0x0000">
      <service_descriptor service_type="0x01" service_provider_name="ProSiebenSat.1" service_name="PULS 4 Austria"/>
      <private_data_specifier_descriptor private_data_specifier="Astra"/>
      <astra_bouquet_list_descriptor>
        <bouquet name="ProSiebenSAT.1"/>
      </astra_bouquet_list_descriptor>
      <astra_virtual_service_id_descriptor virtual_service_id="0x0FA5"/>
    </service>
    <service service_id="0x4E28" transport_stream_id="0x043A" original_network_id="0x0001" logical_channel_number="408" visible_service_flag="true" new_service_flag="false" genre_code="0x0000">
      <service_descriptor service_type="0x01" service_provider_name="ProSiebenSat.1" service_name="SAT.1 HH/SH"/>
      <private_data_specifier_descriptor private_data_specifier="Astra"/>
      <astra_bouquet_list_descriptor>
        <bouquet name="ProSiebenSAT.1"/>
      </astra_bouquet_list_descriptor>
      <astra_virtual_service_id_descriptor virtual_service_id="0x0FAE"/>
    </service>
    <service service_id="0x4E29" transport_stream_id="0x043A" original_network_id="0x0001" logical_channel_number="409" visible_service_flag="true" new_service_flag="false" genre_code="0x0000">
      <service_descriptor service_type="0x01" service_provider_name="ProSiebenSat.1" service_name="SAT.1 NS/Bremen"/>
      <private_data_specifier_descriptor private_data_specifier="Astra"/>
      <astra_bouquet_list_descriptor>
        <bouquet name="ProSiebenSAT.1"/>
      </astra_bouquet_list_descriptor>
      <astra_virtual_service_id_descriptor virtual_service_id="0x0FAF"/>
    </service>
    <service service_id="0x4E2A" transport_stream_id="0x043A" original_network_id="0x0001" logical_channel_number="410" visible_service_flag="true" new_service_flag="false" genre_code="0x0000">
      <service_descriptor service_type="0x01" service_provider_name="ProSiebenSat.1" service_name="SAT.1 RhlPf/Hessen"/>
      <private_data_specifier_descriptor private_data_specifier="Astra"/>
      <astra_bouquet_list_descriptor>
        <bouquet name="ProSiebenSAT.1"/>
      </astra_bouquet_list_descriptor>
      <astra_virtual_service_id_descriptor virtual_service_id="0x0FB0"/>
    </service>
    <service service_id="0x2EE3" transport_stream_id="0x0441" original_network_id="0x0001" logical_channel_number="1,203" visible_service_flag="true" new_service_flag="false" genre_code="0x0000">
      <service_descriptor service_type="0x01" service_provider_name="CBC" service_name="RTL Television"/>
      <private_data_specifier_descriptor private_data_specifier="Astra"/>
      <astra_bouquet_list_descriptor>
        <bouquet name="RTL World"/>
      </astra_bouquet_list_descriptor>
      <astra_virtual_service_id_descriptor virtual_service_id="0x0BB8"/>
      <service_descriptor service_type="0x01" service_provider_name="CBC" service_name="RTL Television"/>
      <private_data_specifier_descriptor private_data_specifier="Astra"/>
      <astra_bouquet_list_descriptor>
        <bouquet name="RTL World"/>
      </astra_bouquet_list_descriptor>
      <astra_virtual_service_id_descriptor virtual_service_id="0x0BB8"/>
    </service>
    <service service_id="0x2EE4" transport_stream_id="0x0441" original_network_id="0x0001" logical_channel_number="313" visible_service_flag="true" new_service_flag="false" genre_code="0x0000">
      <service_descriptor service_type="0x01" service_provider_name="CBC" service_name="RTL Regional NRW"/>
      <private_data_specifier_descriptor private_data_specifier="Astra"/>
      <astra_bouquet_list_descriptor>
        <bouquet name="RTL World"/>
      </astra_bouquet_list_descriptor>
      <astra_virtual_service_id_descriptor virtual_service_id="0x0BC5"/>
    </service>
    <service service_id="0x2EE5" transport_stream_id="0x0441" original_network_id="0x0001" logical_channel_number="314" visible_service_flag="true" new_service_flag="false" genre_code="0x0000">
      <service_descriptor service_type="0x01" service_provider_name="CBC" service_name="RTL HB NDS"/>
      <private_data_specifier_descriptor private_data_specifier="Astra"/>
      <astra_bouquet_list_descriptor>
        <bouquet name="RTL World"/>
      </astra_bouquet_list_descriptor>
      <astra_virtual_service_id_descriptor virtual_service_id="0x0BC6"/>
    </service>
    <service service_id="0x2EE6" transport_stream_id="0x0441" original_network_id="0x0001" logical_channel_number="315" visible_service_flag="true" new_service_flag="false" genre_code="0x0000">
      <service_descriptor service_type="0x01" service_provider_name="CBC" service_name="RTL FS"/>
      <private_data_specifier_descriptor private_data_specifier="Astra"/>
      <astra_bouquet_list_descriptor>
        <bouquet name="RTL World"/>
      </astra_bouquet_list_descriptor>
      <astra_virtual_service_id_descriptor virtual_service_id="0x0BC7"/>
    </service>
    <service service_id="0x2EF4" transport_stream_id="0x0441" original_network_id="0x0001" logical_channel_number="1,209" visible_service_flag="true" new_service_flag="false" genre_code="0x0000">
      <service_descriptor service_type="0x01" service_provider_name="CBC" service_name="RTL2"/>
      <private_data_specifier_descriptor private_data_specifier="Astra"/>
      <astra_bouquet_list_descriptor>
        <bouquet name="RTL World"/>
      </astra_bouquet_list_descriptor>
      <astra_virtual_service_id_descriptor virtual_service_id="0x0BBA"/>
      <service_descriptor service_type="0x01" service_provider_name="CBC" service_name="RTL2"/>
      <private_data_specifier_descriptor private_data_specifier="Astra"/>
      <astra_bouquet_list_descriptor>
        <bouquet name="RTL World"/>
      </astra_bouquet_list_descriptor>
      <astra_virtual_service_id_descriptor virtual_service_id="0x0BBA"/>
    </service>
    <service service_id="0x2EFE" transport_stream_id="0x0441" original_network_id="0x0001" logical_channel_number="317" visible_service_flag="true" new_service_flag="false" genre_code="0x0000">
      <service_descriptor service_type="0x01" service_provider_name="CBC" service_name="TOGGO plus"/>
      <private_data_specifier_descriptor private_data_specifier="Astra"/>
      <astra_bouquet_list_descriptor/>
      <astra_virtual_service_id_descriptor virtual_service_id="0x75A8"/>
    </service>
    <service service_id="0x2F08" transport_stream_id="0x0441" original_network_id="0x0001" logical_channel_number="1,219" visible_service_flag="true" new_service_flag="false" genre_code="0x0000">
      <service_descriptor service_type="0x01" service_provider_name="CBC" service_name="SUPER RTL"/>
      <private_data_specifier_descriptor private_data_specifier="Astra"/>
      <astra_bouquet_list_descriptor>
        <bouquet name="RTL World"/>
      </astra_bouquet_list_descriptor>
      <astra_virtual_service_id_descriptor virtual_service_id="0x0BBB"/>
      <service_descriptor service_type="0x01" service_provider_name="CBC" service_name="SUPER RTL"/>
      <private_data_specifier_descriptor private_data_specifier="Astra"/>
      <astra_bouquet_list_descriptor>
        <bouquet name="RTL World"/>
      </astra_bouquet_list_descriptor>
      <astra_virtual_service_id_descriptor virtual_service_id="0x0BBB"/>
    </service>
    <service service_id="0x2F1C" transport_stream_id="0x0441" original_network_id="0x0001" logical_channel_number="1,204" visible_service_flag="true" new_service_flag="false" genre_code="0x0000">
      <service_descriptor service_type="0x01" service_provider_name="CBC" service_name="VOX"/>
      <private_data_specifier_descriptor private_data_specifier="Astra"/>
      <astra_bouquet_list_descriptor>
        <bouquet name="RTL World"/>
      </astra_bouquet_list_descriptor>
      <astra_virtual_service_id_descriptor virtual_service_id="0x0BB9"/>
      <service_descriptor service_type="0x01" service_provider_name="CBC" service_name="VOX"/>
      <private_data_specifier_descriptor private_data_specifier="Astra"/>
      <astra_bouquet_list_descriptor>
        <bouquet name="RTL World"/>
      </astra_bouquet_list_descriptor>
      <astra_virtual_service_id_descriptor virtual_service_id="0x0BB9"/>
    </service>
    <service service_id="0x2F1D" transport_stream_id="0x0441" original_network_id="0x0001" logical_channel_number="1,265" visible_service_flag="true" new_service_flag="false" genre_code="0x0000">
      <service_descriptor service_type="0x01" service_provider_name="CBC" service_name="RTLNITRO"/>
      <private_data_specifier_descriptor private_data_specifier="Astra"/>
      <astra_bouquet_list_descriptor>
        <bouquet name="RTL World"/>
      </astra_bouquet_list_descriptor>
      <astra_virtual_service_id_descriptor virtual_service_id="0x0BBD"/>
      <service_descriptor service_type="0x01" service_provider_name="CBC" service_name="RTLNITRO"/>
      <private_data_specifier_descriptor private_data_specifier="Astra"/>
      <astra_bouquet_list_descriptor>
        <bouquet name="RTL World"/>
      </astra_bouquet_list_descriptor>
      <astra_virtual_service_id_descriptor virtual_service_id="0x0BBD"/>
    </service>
    <service service_id="0x2F30" transport_stream_id="0x0441" original_network_id="0x0001" logical_channel_number="316" visible_service_flag="true" new_service_flag="false" genre_code="0x0000">
      <service_descriptor service_type="0x01" service_provider_name="CBC" service_name="RTLplus"/>
      <private_data_specifier_descriptor private_data_specifier="Astra"/>
      <astra_bouquet_list_descriptor/>
      <astra_virtual_service_id_descriptor virtual_service_id="0x75A7"/>
    </service>
    <service service_id="0x2F3A" transport_stream_id="0x0441" original_network_id="0x0001" logical_channel_number="1,264" visible_service_flag="true" new_service_flag="false" genre_code="0x0000">
      <service_descriptor service_type="0x01" service_provider_name="CBC" service_name="n-tv"/>
      <private_data_specifier_descriptor private_data_specifier="Astra"/>
      <astra_bouquet_list_descriptor>
        <bouquet name="RTL World"/>
      </astra_bouquet_list_descriptor>
      <astra_virtual_service_id_descriptor virtual_service_id="0x0BBC"/>
      <service_descriptor service_type="0x01" service_provider_name="CBC" service_name="n-tv"/>
      <private_data_specifier_descriptor private_data_specifier="Astra"/>
      <astra_bouquet_list_descriptor>
        <bouquet name="RTL World"/>
      </astra_bouquet_list_descriptor>
      <astra_virtual_service_id_descriptor virtual_service_id="0x0BBC"/>
    </service>
    <service service_id="0x2336" transport_stream_id="0x0442" original_network_id="0x0001" logical_channel_number="956" visible_service_flag="true" new_service_flag="false" genre_code="0x0000">
      <service_descriptor service_type="0x01" service_provider_name="&apos;-" service_name="CNEWS"/>
      <private_data_specifier_descriptor private_data_specifier="Astra"/>
      <astra_bouquet_list_descriptor>
        <bouquet name="Ausland"/>
      </astra_bouquet_list_descriptor>
      <astra_virtual_service_id_descriptor virtual_service_id="0x761C"/>
    </service>
    <service service_id="0x7080" transport_stream_id="0x0443" original_network_id="0x0001" logical_channel_number="307" visible_service_flag="false" new_service_flag="false" genre_code="0x0000">
      <service_descriptor service_type="0x01" service_provider_name="RTL" service_name="RTL Austria"/>
      <private_data_specifier_descriptor private_data_specifier="Astra"/>
      <astra_bouquet_list_descriptor>
        <bouquet name="RTL World"/>
      </astra_bouquet_list_descriptor>
      <astra_virtual_service_id_descriptor virtual_service_id="0x0BBF"/>
    </service>
    <service service_id="0x7085" transport_stream_id="0x0443" original_network_id="0x0001" logical_channel_number="308" visible_service_flag="false" new_service_flag="false" genre_code="0x0000">
      <service_descriptor service_type="0x01" service_provider_name="RTL" service_name="VOX Austria"/>
      <private_data_specifier_descriptor private_data_specifier="Astra"/>
      <astra_bouquet_list_descriptor>
        <bouquet name="RTL World"/>
      </astra_bouquet_list_descriptor>
      <astra_virtual_service_id_descriptor virtual_service_id="0x0BC0"/>
    </service>
    <service service_id="0x708A" transport_stream_id="0x0443" original_network_id="0x0001" logical_channel_number="310" visible_service_flag="false" new_service_flag="false" genre_code="0x0000">
      <service_descriptor service_type="0x01" service_provider_name="RTL" service_name="RTL2 Austria"/>
      <private_data_specifier_descriptor private_data_specifier="Astra"/>
      <astra_bouquet_list_descriptor>
        <bouquet name="RTL World"/>
      </astra_bouquet_list_descriptor>
      <astra_virtual_service_id_descriptor virtual_service_id="0x0BC1"/>
    </service>
    <service service_id="0x708F" transport_stream_id="0x0443" original_network_id="0x0001" logical_channel_number="311" visible_service_flag="false" new_service_flag="false" genre_code="0x0000">
      <service_descriptor service_type="0x01" service_provider_name="RTL" service_name="SUPER RTL A"/>
      <private_data_specifier_descriptor private_data_specifier="Astra"/>
      <astra_bouquet_list_descriptor>
        <bouquet name="RTL World"/>
      </astra_bouquet_list_descriptor>
      <astra_virtual_service_id_descriptor virtual_service_id="0x0BC2"/>
    </service>
    <service service_id="0x7099" transport_stream_id="0x0443" original_network_id="0x0001" logical_channel_number="318" visible_service_flag="true" new_service_flag="false" genre_code="0x0000">
      <service_descriptor service_type="0x01" service_provider_name="CBC" service_name="RTL CH"/>
      <private_data_specifier_descriptor private_data_specifier="Astra"/>
      <astra_bouquet_list_descriptor/>
      <astra_virtual_service_id_descriptor virtual_service_id="0x75AF"/>
    </service>
    <service service_id="0x79E0" transport_stream_id="0x0443" original_network_id="0x0001" logical_channel_number="731" visible_service_flag="true" new_service_flag="false" genre_code="0x0000">
      <service_descriptor service_type="0x01" service_provider_name="SES Astra" service_name="Eurosport 1 Deutschland"/>
      <private_data_specifier_descriptor private_data_specifier="Astra"/>
      <astra_bouquet_list_descriptor>
        <bouquet name="Sparten"/>
      </astra_bouquet_list_descriptor>
      <astra_virtual_service_id_descriptor virtual_service_id="0x1B77"/>
    </service>
    <service service_id="0x79EA" transport_stream_id="0x0443" original_network_id="0x0001" logical_channel_number="753" visible_service_flag="true" new_service_flag="false" genre_code="0x0000">
      <service_descriptor service_type="0x01" service_provider_name="SES Astra" service_name="HSE Extra SD"/>
      <private_data_specifier_descriptor private_data_specifier="Astra"/>
      <astra_bouquet_list_descriptor>
        <bouquet name="Sparten"/>
      </astra_bouquet_list_descriptor>
      <astra_virtual_service_id_descriptor virtual_service_id="0x2726"/>
    </service>
    <service service_id="0x79F4" transport_stream_id="0x0443" original_network_id="0x0001" logical_channel_number="934" visible_service_flag="true" new_service_flag="false" genre_code="0x0000">
      <service_descriptor service_type="0x01" service_provider_name="GlobeCast" service_name="EURONEWS FRENCH SD"/>
      <private_data_specifier_descriptor private_data_specifier="Astra"/>
      <astra_bouquet_list_descriptor>
        <bouquet name="Ausland"/>
      </astra_bouquet_list_descriptor>
      <astra_virtual_service_id_descriptor virtual_service_id="0x234A"/>
    </service>
    <service service_id="0x79FE" transport_stream_id="0x0443" original_network_id="0x0001" logical_channel_number="938" visible_service_flag="true" new_service_flag="false" genre_code="0x0000">
      <service_descriptor service_type="0x01" service_provider_name="GlobeCast" service_name="EURONEWS GERMAN SD"/>
      <private_data_specifier_descriptor private_data_specifier="Astra"/>
      <astra_bouquet_list_descriptor>
        <bouquet name="Ausland"/>
      </astra_bouquet_list_descriptor>
      <astra_virtual_service_id_descriptor virtual_service_id="0x234A"/>
    </service>
    <service service_id="0x07DA" transport_stream_id="0x0449" original_network_id="0x0001" logical_channel_number="1,404" visible_service_flag="true" new_service_flag="false" genre_code="0x0000">
      <service_descriptor service_type="0x1F" service_provider_name="SES ASTRA" service_name="QVC ZWEI UHD"/>
      <private_data_specifier_descriptor private_data_specifier="Astra"/>
      <astra_bouquet_list_descriptor/>
      <astra_virtual_service_id_descriptor virtual_service_id="0x75A6"/>
    </service>
    <service service_id="0x6DCA" transport_stream_id="0x044D" original_network_id="0x0001" logical_channel_number="921" visible_service_flag="true" new_service_flag="false" genre_code="0x0000">
      <service_descriptor service_type="0x01" service_provider_name="" service_name="DOKUSAT"/>
      <private_data_specifier_descriptor private_data_specifier="Astra"/>
      <astra_bouquet_list_descriptor>
        <bouquet name="Österreich"/>
      </astra_bouquet_list_descriptor>
      <astra_virtual_service_id_descriptor virtual_service_id="0x7645"/>
    </service>
    <service service_id="0x6DCB" transport_stream_id="0x044D" original_network_id="0x0001" logical_channel_number="812" visible_service_flag="true" new_service_flag="false" genre_code="0x0000">
      <service_descriptor service_type="0x01" service_provider_name="" service_name="TELEGOLD"/>
      <private_data_specifier_descriptor private_data_specifier="Astra"/>
      <astra_bouquet_list_descriptor>
        <bouquet name="Sparten"/>
      </astra_bouquet_list_descriptor>
      <astra_virtual_service_id_descriptor virtual_service_id="0x36ED"/>
    </service>
    <service service_id="0x6DCC" transport_stream_id="0x044D" original_network_id="0x0001" logical_channel_number="787" visible_service_flag="true" new_service_flag="false" genre_code="0x0000">
      <service_descriptor service_type="0x01" service_provider_name="FOLX.TV" service_name="Zwei Music Television"/>
      <private_data_specifier_descriptor private_data_specifier="Astra"/>
      <astra_bouquet_list_descriptor>
        <bouquet name="Ausland"/>
      </astra_bouquet_list_descriptor>
      <astra_virtual_service_id_descriptor virtual_service_id="0x7648"/>
    </service>
    <service service_id="0x6DCF" transport_stream_id="0x044D" original_network_id="0x0001" logical_channel_number="786" visible_service_flag="true" new_service_flag="false" genre_code="0x0000">
      <service_descriptor service_type="0x01" service_provider_name="FOLX.NETWORK" service_name="One Music Television"/>
      <private_data_specifier_descriptor private_data_specifier="Astra"/>
      <astra_bouquet_list_descriptor>
        <bouquet name="Ausland"/>
      </astra_bouquet_list_descriptor>
      <astra_virtual_service_id_descriptor virtual_service_id="0x7649"/>
    </service>
    <service service_id="0x1A91" transport_stream_id="0x0452" original_network_id="0x0001" logical_channel_number="968" visible_service_flag="true" new_service_flag="false" genre_code="0x0000">
      <service_descriptor service_type="0x01" service_provider_name="Globecast" service_name="CGTN News HD"/>
      <private_data_specifier_descriptor private_data_specifier="Astra"/>
      <astra_bouquet_list_descriptor>
        <bouquet name="Ausland"/>
      </astra_bouquet_list_descriptor>
      <astra_virtual_service_id_descriptor virtual_service_id="0x272C"/>
    </service>
    <service service_id="0x1A92" transport_stream_id="0x0452" original_network_id="0x0001" logical_channel_number="966" visible_service_flag="true" new_service_flag="false" genre_code="0x0000">
      <service_descriptor service_type="0x01" service_provider_name="Globecast" service_name="CGTN Documentary HD"/>
      <private_data_specifier_descriptor private_data_specifier="Astra"/>
      <astra_bouquet_list_descriptor>
        <bouquet name="Ausland"/>
      </astra_bouquet_list_descriptor>
      <astra_virtual_service_id_descriptor virtual_service_id="0x2724"/>
    </service>
    <service service_id="0x1A93" transport_stream_id="0x0452" original_network_id="0x0001" logical_channel_number="967" visible_service_flag="true" new_service_flag="false" genre_code="0x0000">
      <service_descriptor service_type="0x01" service_provider_name="Globecast" service_name="CGTN Francais HD"/>
      <private_data_specifier_descriptor private_data_specifier="Astra"/>
      <astra_bouquet_list_descriptor>
        <bouquet name="Ausland"/>
      </astra_bouquet_list_descriptor>
      <astra_virtual_service_id_descriptor virtual_service_id="0x272B"/>
    </service>
    <service service_id="0x445C" transport_stream_id="0x0453" original_network_id="0x0001" logical_channel_number="1,205" visible_service_flag="true" new_service_flag="false" genre_code="0x0000">
      <service_descriptor service_type="0x01" service_provider_name="ProSiebenSat.1" service_name="SAT.1"/>
      <private_data_specifier_descriptor private_data_specifier="Astra"/>
      <astra_bouquet_list_descriptor>
        <bouquet name="ProSiebenSAT.1"/>
      </astra_bouquet_list_descriptor>
      <astra_virtual_service_id_descriptor virtual_service_id="0x0FA0"/>
      <service_descriptor service_type="0x01" service_provider_name="ProSiebenSat.1" service_name="SAT.1"/>
      <private_data_specifier_descriptor private_data_specifier="Astra"/>
      <astra_bouquet_list_descriptor>
        <bouquet name="ProSiebenSAT.1"/>
      </astra_bouquet_list_descriptor>
      <astra_virtual_service_id_descriptor virtual_service_id="0x0FA0"/>
    </service>
    <service service_id="0x445D" transport_stream_id="0x0453" original_network_id="0x0001" logical_channel_number="1,206" visible_service_flag="true" new_service_flag="false" genre_code="0x0000">
      <service_descriptor service_type="0x01" service_provider_name="ProSiebenSat.1" service_name="ProSieben"/>
      <private_data_specifier_descriptor private_data_specifier="Astra"/>
      <astra_bouquet_list_descriptor>
        <bouquet name="ProSiebenSAT.1"/>
      </astra_bouquet_list_descriptor>
      <astra_virtual_service_id_descriptor virtual_service_id="0x0FA1"/>
      <service_descriptor service_type="0x01" service_provider_name="ProSiebenSat.1" service_name="ProSieben"/>
      <private_data_specifier_descriptor private_data_specifier="Astra"/>
      <astra_bouquet_list_descriptor>
        <bouquet name="ProSiebenSAT.1"/>
      </astra_bouquet_list_descriptor>
      <astra_virtual_service_id_descriptor virtual_service_id="0x0FA1"/>
    </service>
    <service service_id="0x445E" transport_stream_id="0x0453" original_network_id="0x0001" logical_channel_number="1,207" visible_service_flag="true" new_service_flag="false" genre_code="0x0000">
      <service_descriptor service_type="0x01" service_provider_name="ProSiebenSat.1" service_name="kabel eins"/>
      <private_data_specifier_descriptor private_data_specifier="Astra"/>
      <astra_bouquet_list_descriptor>
        <bouquet name="ProSiebenSAT.1"/>
      </astra_bouquet_list_descriptor>
      <astra_virtual_service_id_descriptor virtual_service_id="0x0FA2"/>
      <service_descriptor service_type="0x01" service_provider_name="ProSiebenSat.1" service_name="kabel eins"/>
      <private_data_specifier_descriptor private_data_specifier="Astra"/>
      <astra_bouquet_list_descriptor>
        <bouquet name="ProSiebenSAT.1"/>
      </astra_bouquet_list_descriptor>
      <astra_virtual_service_id_descriptor virtual_service_id="0x0FA2"/>
    </service>
    <service service_id="0x445F" transport_stream_id="0x0453" original_network_id="0x0001" logical_channel_number="1,213" visible_service_flag="true" new_service_flag="false" genre_code="0x0000">
      <service_descriptor service_type="0x01" service_provider_name="ProSiebenSat.1" service_name="WELT"/>
      <private_data_specifier_descriptor private_data_specifier="Astra"/>
      <astra_bouquet_list_descriptor>
        <bouquet name="ProSiebenSAT.1"/>
      </astra_bouquet_list_descriptor>
      <astra_virtual_service_id_descriptor virtual_service_id="0x0FA3"/>
      <service_descriptor service_type="0x01" service_provider_name="ProSiebenSat.1" service_name="WELT"/>
      <private_data_specifier_descriptor private_data_specifier="Astra"/>
      <astra_bouquet_list_descriptor>
        <bouquet name="ProSiebenSAT.1"/>
      </astra_bouquet_list_descriptor>
      <astra_virtual_service_id_descriptor virtual_service_id="0x0FA3"/>
    </service>
    <service service_id="0x4460" transport_stream_id="0x0453" original_network_id="0x0001" logical_channel_number="1,269" visible_service_flag="true" new_service_flag="false" genre_code="0x0000">
      <service_descriptor service_type="0x01" service_provider_name="ProSiebenSat.1" service_name="SAT.1 Gold"/>
      <private_data_specifier_descriptor private_data_specifier="Astra"/>
      <astra_bouquet_list_descriptor>
        <bouquet name="ProSiebenSAT.1"/>
      </astra_bouquet_list_descriptor>
      <astra_virtual_service_id_descriptor virtual_service_id="0x0FA4"/>
      <service_descriptor service_type="0x01" service_provider_name="ProSiebenSat.1" service_name="SAT.1 Gold"/>
      <private_data_specifier_descriptor private_data_specifier="Astra"/>
      <astra_bouquet_list_descriptor>
        <bouquet name="ProSiebenSAT.1"/>
      </astra_bouquet_list_descriptor>
      <astra_virtual_service_id_descriptor virtual_service_id="0x0FA4"/>
    </service>
    <service service_id="0x4461" transport_stream_id="0x0453" original_network_id="0x0001" logical_channel_number="1,266" visible_service_flag="true" new_service_flag="false" genre_code="0x0000">
      <service_descriptor service_type="0x01" service_provider_name="ProSiebenSat.1" service_name="Pro7 MAXX"/>
      <private_data_specifier_descriptor private_data_specifier="Astra"/>
      <astra_bouquet_list_descriptor>
        <bouquet name="ProSiebenSAT.1"/>
      </astra_bouquet_list_descriptor>
      <astra_virtual_service_id_descriptor virtual_service_id="0x0FB2"/>
      <service_descriptor service_type="0x01" service_provider_name="ProSiebenSat.1" service_name="Pro7 MAXX"/>
      <private_data_specifier_descriptor private_data_specifier="Astra"/>
      <astra_bouquet_list_descriptor>
        <bouquet name="ProSiebenSAT.1"/>
      </astra_bouquet_list_descriptor>
      <astra_virtual_service_id_descriptor virtual_service_id="0x0FB2"/>
    </service>
    <service service_id="0x4462" transport_stream_id="0x0453" original_network_id="0x0001" logical_channel_number="1,210" visible_service_flag="true" new_service_flag="false" genre_code="0x0000">
      <service_descriptor service_type="0x01" service_provider_name="ProSiebenSat.1" service_name="sixx"/>
      <private_data_specifier_descriptor private_data_specifier="Astra"/>
      <astra_bouquet_list_descriptor>
        <bouquet name="ProSiebenSAT.1"/>
      </astra_bouquet_list_descriptor>
      <astra_virtual_service_id_descriptor virtual_service_id="0x762E"/>
      <service_descriptor service_type="0x01" service_provider_name="ProSiebenSat.1" service_name="sixx"/>
      <private_data_specifier_descriptor private_data_specifier="Astra"/>
      <astra_bouquet_list_descriptor>
        <bouquet name="ProSiebenSAT.1"/>
      </astra_bouquet_list_descriptor>
      <astra_virtual_service_id_descriptor virtual_service_id="0x762E"/>
    </service>
    <service service_id="0x4463" transport_stream_id="0x0453" original_network_id="0x0001" logical_channel_number="406" visible_service_flag="true" new_service_flag="false" genre_code="0x0000">
      <service_descriptor service_type="0x01" service_provider_name="ProSiebenSat.1" service_name="SAT.1 Bayern"/>
      <private_data_specifier_descriptor private_data_specifier="Astra"/>
      <astra_bouquet_list_descriptor>
        <bouquet name="ProSiebenSAT.1"/>
      </astra_bouquet_list_descriptor>
      <astra_virtual_service_id_descriptor virtual_service_id="0x0FA6"/>
    </service>
    <service service_id="0x4464" transport_stream_id="0x0453" original_network_id="0x0001" logical_channel_number="407" visible_service_flag="true" new_service_flag="false" genre_code="0x0000">
      <service_descriptor service_type="0x01" service_provider_name="ProSiebenSat.1" service_name="SAT.1 NRW"/>
      <private_data_specifier_descriptor private_data_specifier="Astra"/>
      <astra_bouquet_list_descriptor>
        <bouquet name="ProSiebenSAT.1"/>
      </astra_bouquet_list_descriptor>
      <astra_virtual_service_id_descriptor virtual_service_id="0x0FAD"/>
    </service>
    <service service_id="0x4465" transport_stream_id="0x0453" original_network_id="0x0001" logical_channel_number="423" visible_service_flag="true" new_service_flag="false" genre_code="0x0000">
      <service_descriptor service_type="0x01" service_provider_name="ProSiebenSat.1" service_name="Kabel Eins Doku"/>
      <private_data_specifier_descriptor private_data_specifier="Astra"/>
      <astra_bouquet_list_descriptor>
        <bouquet name="ProSiebenSAT.1"/>
      </astra_bouquet_list_descriptor>
      <astra_virtual_service_id_descriptor virtual_service_id="0x75B7"/>
    </service>
    <service service_id="0x0D42" transport_stream_id="0x0454" original_network_id="0x0001" logical_channel_number="1,261" visible_service_flag="true" new_service_flag="false" genre_code="0x0000">
      <service_descriptor service_type="0x01" service_provider_name="SES ASTRA" service_name="QVC2"/>
      <private_data_specifier_descriptor private_data_specifier="Astra"/>
      <astra_bouquet_list_descriptor>
        <bouquet name="Sparten"/>
      </astra_bouquet_list_descriptor>
      <astra_virtual_service_id_descriptor virtual_service_id="0x2727"/>
      <service_descriptor service_type="0x01" service_provider_name="SES ASTRA" service_name="QVC2"/>
      <private_data_specifier_descriptor private_data_specifier="Astra"/>
      <astra_bouquet_list_descriptor>
        <bouquet name="Sparten"/>
      </astra_bouquet_list_descriptor>
      <astra_virtual_service_id_descriptor virtual_service_id="0x2727"/>
    </service>
    <service service_id="0x2F44" transport_stream_id="0x0454" original_network_id="0x0001" logical_channel_number="1,214" visible_service_flag="true" new_service_flag="false" genre_code="0x0000">
      <service_descriptor service_type="0x01" service_provider_name="SES ASTRA" service_name="QVC Deutschland"/>
      <private_data_specifier_descriptor private_data_specifier="Astra"/>
      <astra_bouquet_list_descriptor>
        <bouquet name="Sparten"/>
      </astra_bouquet_list_descriptor>
      <astra_virtual_service_id_descriptor virtual_service_id="0x1B7A"/>
      <service_descriptor service_type="0x01" service_provider_name="SES ASTRA" service_name="QVC Deutschland"/>
      <private_data_specifier_descriptor private_data_specifier="Astra"/>
      <astra_bouquet_list_descriptor>
        <bouquet name="Sparten"/>
      </astra_bouquet_list_descriptor>
      <astra_virtual_service_id_descriptor virtual_service_id="0x1B7A"/>
    </service>
    <service service_id="0x2F5A" transport_stream_id="0x0454" original_network_id="0x0001" logical_channel_number="790" visible_service_flag="true" new_service_flag="false" genre_code="0x0000">
      <service_descriptor service_type="0x01" service_provider_name="SES ASTRA" service_name="Bibel TV"/>
      <private_data_specifier_descriptor private_data_specifier="Astra"/>
      <astra_bouquet_list_descriptor>
        <bouquet name="Sparten"/>
      </astra_bouquet_list_descriptor>
      <astra_virtual_service_id_descriptor virtual_service_id="0x1B80"/>
    </service>
    <service service_id="0x1518" transport_stream_id="0x0455" original_network_id="0x0001" logical_channel_number="1,018" visible_service_flag="true" new_service_flag="false" genre_code="0x0000">
      <service_descriptor service_type="0x19" service_provider_name="BetaDigital" service_name="sonnenklar.TV HD"/>
      <private_data_specifier_descriptor private_data_specifier="Astra"/>
      <astra_bouquet_list_descriptor>
        <bouquet name="HD"/>
      </astra_bouquet_list_descriptor>
      <astra_virtual_service_id_descriptor virtual_service_id="0x2731"/>
      <service_descriptor service_type="0x19" service_provider_name="BetaDigital" service_name="sonnenklar.TV HD"/>
      <private_data_specifier_descriptor private_data_specifier="Astra"/>
      <astra_bouquet_list_descriptor>
        <bouquet name="HD"/>
      </astra_bouquet_list_descriptor>
      <astra_virtual_service_id_descriptor virtual_service_id="0x2731"/>
    </service>
    <service service_id="0x1519" transport_stream_id="0x0455" original_network_id="0x0001" logical_channel_number="1,019" visible_service_flag="true" new_service_flag="false" genre_code="0x0000">
      <service_descriptor service_type="0x19" service_provider_name="BetaDigital" service_name="TELE 5 HD"/>
      <CA_identifier_descriptor>
        <CA_system_id value="0x1830"/>
        <CA_system_id value="0x1843"/>
        <CA_system_id value="0x1860"/>
      </CA_identifier_descriptor>
      <private_data_specifier_descriptor private_data_specifier="Astra"/>
      <astra_bouquet_list_descriptor>
        <bouquet name="HD"/>
      </astra_bouquet_list_descriptor>
      <astra_virtual_service_id_descriptor virtual_service_id="0x2734"/>
      <service_descriptor service_type="0x19" service_provider_name="BetaDigital" service_name="TELE 5 HD"/>
      <CA_identifier_descriptor>
        <CA_system_id value="0x1830"/>
        <CA_system_id value="0x1843"/>
        <CA_system_id value="0x1860"/>
      </CA_identifier_descriptor>
      <private_data_specifier_descriptor private_data_specifier="Astra"/>
      <astra_bouquet_list_descriptor>
        <bouquet name="HD"/>
      </astra_bouquet_list_descriptor>
      <astra_virtual_service_id_descriptor virtual_service_id="0x2734"/>
    </service>
    <service service_id="0x151A" transport_stream_id="0x0455" original_network_id="0x0001" logical_channel_number="1,021" visible_service_flag="true" new_service_flag="false" genre_code="0x0000">
      <service_descriptor service_type="0x19" service_provider_name="BetaDigital" service_name="DMAX HD"/>
      <CA_identifier_descriptor>
        <CA_system_id value="0x1830"/>
        <CA_system_id value="0x1843"/>
        <CA_system_id value="0x1860"/>
      </CA_identifier_descriptor>
      <private_data_specifier_descriptor private_data_specifier="Astra"/>
      <astra_bouquet_list_descriptor>
        <bouquet name="HD"/>
      </astra_bouquet_list_descriptor>
      <astra_virtual_service_id_descriptor virtual_service_id="0x36C5"/>
      <service_descriptor service_type="0x19" service_provider_name="BetaDigital" service_name="DMAX HD"/>
      <CA_identifier_descriptor>
        <CA_system_id value="0x1830"/>
        <CA_system_id value="0x1843"/>
        <CA_system_id value="0x1860"/>
      </CA_identifier_descriptor>
      <private_data_specifier_descriptor private_data_specifier="Astra"/>
      <astra_bouquet_list_descriptor>
        <bouquet name="HD"/>
      </astra_bouquet_list_descriptor>
      <astra_virtual_service_id_descriptor virtual_service_id="0x36C5"/>
    </service>
    <service service_id="0x151B" transport_stream_id="0x0455" original_network_id="0x0001" logical_channel_number="1,052" visible_service_flag="true" new_service_flag="false" genre_code="0x0000">
      <service_descriptor service_type="0x19" service_provider_name="BetaDigital" service_name="Juwelo HD"/>
      <private_data_specifier_descriptor private_data_specifier="Astra"/>
      <astra_bouquet_list_descriptor>
        <bouquet name="HD"/>
      </astra_bouquet_list_descriptor>
      <astra_virtual_service_id_descriptor virtual_service_id="0x36DB"/>
      <service_descriptor service_type="0x19" service_provider_name="BetaDigital" service_name="Juwelo HD"/>
      <private_data_specifier_descriptor private_data_specifier="Astra"/>
      <astra_bouquet_list_descriptor>
        <bouquet name="HD"/>
      </astra_bouquet_list_descriptor>
      <astra_virtual_service_id_descriptor virtual_service_id="0x36DB"/>
    </service>
    <service service_id="0x151C" transport_stream_id="0x0455" original_network_id="0x0001" logical_channel_number="1,083" visible_service_flag="true" new_service_flag="false" genre_code="0x0000">
      <service_descriptor service_type="0x19" service_provider_name="BetaDigital" service_name="pearl.tv HD Shop"/>
      <private_data_specifier_descriptor private_data_specifier="Astra"/>
      <astra_bouquet_list_descriptor>
        <bouquet name="HD"/>
      </astra_bouquet_list_descriptor>
      <astra_virtual_service_id_descriptor virtual_service_id="0x36E7"/>
    </service>
    <service service_id="0x1523" transport_stream_id="0x0455" original_network_id="0x0001" logical_channel_number="780" visible_service_flag="true" new_service_flag="false" genre_code="0x0000">
      <service_descriptor service_type="0x16" service_provider_name="BetaDigital" service_name="."/>
      <private_data_specifier_descriptor private_data_specifier="Astra"/>
      <astra_bouquet_list_descriptor>
        <bouquet name="Sparten"/>
      </astra_bouquet_list_descriptor>
      <astra_virtual_service_id_descriptor virtual_service_id="0x1BA8"/>
    </service>
    <service service_id="0x1C20" transport_stream_id="0x0457" original_network_id="0x0001" logical_channel_number="949" visible_service_flag="true" new_service_flag="false" genre_code="0x0000">
      <service_descriptor service_type="0x01" service_provider_name="Unbekannt" service_name="Bloomberg Europe TV"/>
      <private_data_specifier_descriptor private_data_specifier="Astra"/>
      <astra_bouquet_list_descriptor>
        <bouquet name="Ausland"/>
      </astra_bouquet_list_descriptor>
      <astra_virtual_service_id_descriptor virtual_service_id="0x271E"/>
    </service>
    <service service_id="0x1C7A" transport_stream_id="0x0457" original_network_id="0x0001" logical_channel_number="935" visible_service_flag="true" new_service_flag="false" genre_code="0x0000">
      <service_descriptor service_type="0x01" service_provider_name="SES ASTRA" service_name="Sky News Intl"/>
      <CA_identifier_descriptor>
        <CA_system_id value="0x1833"/>
        <CA_system_id value="0x1702"/>
      </CA_identifier_descriptor>
      <private_data_specifier_descriptor private_data_specifier="Astra"/>
      <astra_bouquet_list_descriptor>
        <bouquet name="Ausland"/>
      </astra_bouquet_list_descriptor>
      <astra_virtual_service_id_descriptor virtual_service_id="0x234B"/>
    </service>
    <service service_id="0x3138" transport_stream_id="0x0459" original_network_id="0x0001" logical_channel_number="764" visible_service_flag="true" new_service_flag="false" genre_code="0x0000">
      <service_descriptor service_type="0x01" service_provider_name="MB Satellite" service_name="health.tv"/>
      <private_data_specifier_descriptor private_data_specifier="Astra"/>
      <astra_bouquet_list_descriptor>
        <bouquet name="Sparten"/>
      </astra_bouquet_list_descriptor>
      <astra_virtual_service_id_descriptor virtual_service_id="0x7601"/>
    </service>
    <service service_id="0x3139" transport_stream_id="0x0459" original_network_id="0x0001" logical_channel_number="760" visible_service_flag="true" new_service_flag="false" genre_code="0x0000">
      <service_descriptor service_type="0x01" service_provider_name="MB Satellite" service_name="K-TV"/>
      <private_data_specifier_descriptor private_data_specifier="Astra"/>
      <astra_bouquet_list_descriptor>
        <bouquet name="Sparten"/>
      </astra_bouquet_list_descriptor>
      <astra_virtual_service_id_descriptor virtual_service_id="0x1B94"/>
    </service>
    <service service_id="0x3144" transport_stream_id="0x0459" original_network_id="0x0001" logical_channel_number="742" visible_service_flag="true" new_service_flag="false" genre_code="0x0000">
      <service_descriptor service_type="0x01" service_provider_name="MB Satellite" service_name="GayBoys LIVE"/>
      <private_data_specifier_descriptor private_data_specifier="Astra"/>
      <astra_bouquet_list_descriptor>
        <bouquet name="Sparten"/>
      </astra_bouquet_list_descriptor>
      <astra_virtual_service_id_descriptor virtual_service_id="0x1B82"/>
    </service>
    <service service_id="0x3146" transport_stream_id="0x0459" original_network_id="0x0001" logical_channel_number="769" visible_service_flag="true" new_service_flag="false" genre_code="0x0000">
      <service_descriptor service_type="0x01" service_provider_name="MB Satellite" service_name="RheinMain tv"/>
      <private_data_specifier_descriptor private_data_specifier="Astra"/>
      <astra_bouquet_list_descriptor>
        <bouquet name="Sparten"/>
      </astra_bouquet_list_descriptor>
      <astra_virtual_service_id_descriptor virtual_service_id="0x1B9D"/>
    </service>
    <service service_id="0x3147" transport_stream_id="0x0459" original_network_id="0x0001" logical_channel_number="749" visible_service_flag="true" new_service_flag="false" genre_code="0x0000">
      <service_descriptor service_type="0x01" service_provider_name="MB Satellite" service_name="Deutsche Girls 24 TV"/>
      <private_data_specifier_descriptor private_data_specifier="Astra"/>
      <astra_bouquet_list_descriptor>
        <bouquet name="Sparten"/>
      </astra_bouquet_list_descriptor>
      <astra_virtual_service_id_descriptor virtual_service_id="0x1B89"/>
    </service>
    <service service_id="0x3148" transport_stream_id="0x0459" original_network_id="0x0001" logical_channel_number="1,258" visible_service_flag="true" new_service_flag="false" genre_code="0x0000">
      <service_descriptor service_type="0x01" service_provider_name="MB Satellite" service_name="Juwelo TV"/>
      <private_data_specifier_descriptor private_data_specifier="Astra"/>
      <astra_bouquet_list_descriptor>
        <bouquet name="Sparten"/>
      </astra_bouquet_list_descriptor>
      <astra_virtual_service_id_descriptor virtual_service_id="0x1B8B"/>
      <service_descriptor service_type="0x01" service_provider_name="MB Satellite" service_name="Juwelo TV"/>
      <private_data_specifier_descriptor private_data_specifier="Astra"/>
      <astra_bouquet_list_descriptor>
        <bouquet name="Sparten"/>
      </astra_bouquet_list_descriptor>
      <astra_virtual_service_id_descriptor virtual_service_id="0x1B8B"/>
    </service>
    <service service_id="0x314A" transport_stream_id="0x0459" original_network_id="0x0001" logical_channel_number="752" visible_service_flag="true" new_service_flag="false" genre_code="0x0000">
      <service_descriptor service_type="0x01" service_provider_name="MB Satellite" service_name="Dreamgirls24 TV"/>
      <private_data_specifier_descriptor private_data_specifier="Astra"/>
      <astra_bouquet_list_descriptor>
        <bouquet name="Sparten"/>
      </astra_bouquet_list_descriptor>
      <astra_virtual_service_id_descriptor virtual_service_id="0x1B8C"/>
    </service>
    <service service_id="0x314B" transport_stream_id="0x0459" original_network_id="0x0001" logical_channel_number="759" visible_service_flag="true" new_service_flag="false" genre_code="0x0000">
      <service_descriptor service_type="0x01" service_provider_name="MB Satellite" service_name="Erotiksat24 TV"/>
      <private_data_specifier_descriptor private_data_specifier="Astra"/>
      <astra_bouquet_list_descriptor>
        <bouquet name="Sparten"/>
      </astra_bouquet_list_descriptor>
      <astra_virtual_service_id_descriptor virtual_service_id="0x1B93"/>
    </service>
    <service service_id="0x314C" transport_stream_id="0x0459" original_network_id="0x0001" logical_channel_number="739" visible_service_flag="true" new_service_flag="false" genre_code="0x0000">
      <service_descriptor service_type="0x01" service_provider_name="MB Satellite" service_name="123-Damenwahl"/>
      <private_data_specifier_descriptor private_data_specifier="Astra"/>
      <astra_bouquet_list_descriptor>
        <bouquet name="Sparten"/>
      </astra_bouquet_list_descriptor>
      <astra_virtual_service_id_descriptor virtual_service_id="0x1B7F"/>
    </service>
    <service service_id="0x314D" transport_stream_id="0x0459" original_network_id="0x0001" logical_channel_number="772" visible_service_flag="true" new_service_flag="false" genre_code="0x0000">
      <service_descriptor service_type="0x01" service_provider_name="MB Satellite" service_name="."/>
      <private_data_specifier_descriptor private_data_specifier="Astra"/>
      <astra_bouquet_list_descriptor>
        <bouquet name="Sparten"/>
      </astra_bouquet_list_descriptor>
      <astra_virtual_service_id_descriptor virtual_service_id="0x1BA0"/>
    </service>
    <service service_id="0x314E" transport_stream_id="0x0459" original_network_id="0x0001" logical_channel_number="762" visible_service_flag="true" new_service_flag="false" genre_code="0x0000">
      <service_descriptor service_type="0x01" service_provider_name="MB Satellite" service_name="Maennersache TV"/>
      <private_data_specifier_descriptor private_data_specifier="Astra"/>
      <astra_bouquet_list_descriptor>
        <bouquet name="Sparten"/>
      </astra_bouquet_list_descriptor>
      <astra_virtual_service_id_descriptor virtual_service_id="0x1B9A"/>
    </service>
    <service service_id="0x314F" transport_stream_id="0x0459" original_network_id="0x0001" logical_channel_number="766" visible_service_flag="true" new_service_flag="false" genre_code="0x0000">
      <service_descriptor service_type="0x01" service_provider_name="MB Satellite" service_name="Date Line"/>
      <private_data_specifier_descriptor private_data_specifier="Astra"/>
      <astra_bouquet_list_descriptor>
        <bouquet name="Sparten"/>
      </astra_bouquet_list_descriptor>
      <astra_virtual_service_id_descriptor virtual_service_id="0x1B9C"/>
    </service>
    <service service_id="0x3150" transport_stream_id="0x0459" original_network_id="0x0001" logical_channel_number="774" visible_service_flag="true" new_service_flag="false" genre_code="0x0000">
      <service_descriptor service_type="0x01" service_provider_name="MB Satellite" service_name="Fotohandy"/>
      <private_data_specifier_descriptor private_data_specifier="Astra"/>
      <astra_bouquet_list_descriptor>
        <bouquet name="Sparten"/>
      </astra_bouquet_list_descriptor>
      <astra_virtual_service_id_descriptor virtual_service_id="0x1BA2"/>
    </service>
    <service service_id="0x3151" transport_stream_id="0x0459" original_network_id="0x0001" logical_channel_number="795" visible_service_flag="true" new_service_flag="false" genre_code="0x0000">
      <service_descriptor service_type="0x01" service_provider_name="MB Satellite" service_name="Mobile Sex"/>
      <private_data_specifier_descriptor private_data_specifier="Astra"/>
      <astra_bouquet_list_descriptor>
        <bouquet name="Sparten"/>
      </astra_bouquet_list_descriptor>
      <astra_virtual_service_id_descriptor virtual_service_id="0x1BB7"/>
    </service>
    <service service_id="0x3152" transport_stream_id="0x0459" original_network_id="0x0001" logical_channel_number="799" visible_service_flag="true" new_service_flag="false" genre_code="0x0000">
      <service_descriptor service_type="0x01" service_provider_name="MB Satellite" service_name="SEX-Kontakte"/>
      <private_data_specifier_descriptor private_data_specifier="Astra"/>
      <astra_bouquet_list_descriptor>
        <bouquet name="Sparten"/>
      </astra_bouquet_list_descriptor>
      <astra_virtual_service_id_descriptor virtual_service_id="0x1BBB"/>
    </service>
    <service service_id="0x3153" transport_stream_id="0x0459" original_network_id="0x0001" logical_channel_number="800" visible_service_flag="true" new_service_flag="false" genre_code="0x0000">
      <service_descriptor service_type="0x01" service_provider_name="MB Satellite" service_name="Eros TV"/>
      <private_data_specifier_descriptor private_data_specifier="Astra"/>
      <astra_bouquet_list_descriptor>
        <bouquet name="Sparten"/>
      </astra_bouquet_list_descriptor>
      <astra_virtual_service_id_descriptor virtual_service_id="0x1F41"/>
    </service>
    <service service_id="0x3154" transport_stream_id="0x0459" original_network_id="0x0001" logical_channel_number="801" visible_service_flag="true" new_service_flag="false" genre_code="0x0000">
      <service_descriptor service_type="0x01" service_provider_name="MB Satellite" service_name="Achtung Sexy TV"/>
      <private_data_specifier_descriptor private_data_specifier="Astra"/>
      <astra_bouquet_list_descriptor>
        <bouquet name="Sparten"/>
      </astra_bouquet_list_descriptor>
      <astra_virtual_service_id_descriptor virtual_service_id="0x1F42"/>
    </service>
    <service service_id="0x3155" transport_stream_id="0x0459" original_network_id="0x0001" logical_channel_number="802" visible_service_flag="true" new_service_flag="false" genre_code="0x0000">
      <service_descriptor service_type="0x01" service_provider_name="MB Satellite" service_name="Traumfrauen TV"/>
      <private_data_specifier_descriptor private_data_specifier="Astra"/>
      <astra_bouquet_list_descriptor>
        <bouquet name="Sparten"/>
      </astra_bouquet_list_descriptor>
      <astra_virtual_service_id_descriptor virtual_service_id="0x1F43"/>
    </service>
    <service service_id="0x3156" transport_stream_id="0x0459" original_network_id="0x0001" logical_channel_number="803" visible_service_flag="true" new_service_flag="false" genre_code="0x0000">
      <service_descriptor service_type="0x01" service_provider_name="MB Satellite" service_name="Heiss und Sexy TV"/>
      <private_data_specifier_descriptor private_data_specifier="Astra"/>
      <astra_bouquet_list_descriptor>
        <bouquet name="Sparten"/>
      </astra_bouquet_list_descriptor>
      <astra_virtual_service_id_descriptor virtual_service_id="0x1F44"/>
    </service>
    <service service_id="0x3159" transport_stream_id="0x0459" original_network_id="0x0001" logical_channel_number="813" visible_service_flag="true" new_service_flag="false" genre_code="0x0000">
      <service_descriptor service_type="0x01" service_provider_name="MB Satellite" service_name="Lilo.tv"/>
      <private_data_specifier_descriptor private_data_specifier="Astra"/>
      <astra_bouquet_list_descriptor>
        <bouquet name="Sparten"/>
      </astra_bouquet_list_descriptor>
      <astra_virtual_service_id_descriptor virtual_service_id="0x7643"/>
    </service>
    <service service_id="0x315A" transport_stream_id="0x0459" original_network_id="0x0001" logical_channel_number="804" visible_service_flag="true" new_service_flag="false" genre_code="0x0000">
      <service_descriptor service_type="0x01" service_provider_name="MB Satellite" service_name="nice"/>
      <private_data_specifier_descriptor private_data_specifier="Astra"/>
      <astra_bouquet_list_descriptor>
        <bouquet name="Sparten"/>
      </astra_bouquet_list_descriptor>
      <astra_virtual_service_id_descriptor virtual_service_id="0x1F45"/>
    </service>
    <service service_id="0x315B" transport_stream_id="0x0459" original_network_id="0x0001" logical_channel_number="805" visible_service_flag="true" new_service_flag="false" genre_code="0x0000">
      <service_descriptor service_type="0x01" service_provider_name="MB Satellite" service_name="Babestation24"/>
      <private_data_specifier_descriptor private_data_specifier="Astra"/>
      <astra_bouquet_list_descriptor>
        <bouquet name="Sparten"/>
      </astra_bouquet_list_descriptor>
      <astra_virtual_service_id_descriptor virtual_service_id="0x1F46"/>
    </service>
    <service service_id="0x315C" transport_stream_id="0x0459" original_network_id="0x0001" logical_channel_number="806" visible_service_flag="true" new_service_flag="false" genre_code="0x0000">
      <service_descriptor service_type="0x01" service_provider_name="MB Satellite" service_name="Fundorado TV"/>
      <private_data_specifier_descriptor private_data_specifier="Astra"/>
      <astra_bouquet_list_descriptor>
        <bouquet name="Sparten"/>
      </astra_bouquet_list_descriptor>
      <astra_virtual_service_id_descriptor virtual_service_id="0x1F47"/>
    </service>
    <service service_id="0x315F" transport_stream_id="0x0459" original_network_id="0x0001" logical_channel_number="807" visible_service_flag="true" new_service_flag="false" genre_code="0x0000">
      <service_descriptor service_type="0x01" service_provider_name="MB Satellite" service_name="EROTIKA TV - NEU"/>
      <private_data_specifier_descriptor private_data_specifier="Astra"/>
      <astra_bouquet_list_descriptor>
        <bouquet name="Sparten"/>
      </astra_bouquet_list_descriptor>
      <astra_virtual_service_id_descriptor virtual_service_id="0x1F48"/>
    </service>
    <service service_id="0x3160" transport_stream_id="0x0459" original_network_id="0x0001" logical_channel_number="808" visible_service_flag="true" new_service_flag="false" genre_code="0x0000">
      <service_descriptor service_type="0x01" service_provider_name="MB Satellite" service_name="BunnyClub24"/>
      <private_data_specifier_descriptor private_data_specifier="Astra"/>
      <astra_bouquet_list_descriptor>
        <bouquet name="Sparten"/>
      </astra_bouquet_list_descriptor>
      <astra_virtual_service_id_descriptor virtual_service_id="0x1F49"/>
    </service>
    <service service_id="0x3161" transport_stream_id="0x0459" original_network_id="0x0001" logical_channel_number="809" visible_service_flag="true" new_service_flag="false" genre_code="0x0000">
      <service_descriptor service_type="0x01" service_provider_name="MB Satellite" service_name="Clipmobile"/>
      <private_data_specifier_descriptor private_data_specifier="Astra"/>
      <astra_bouquet_list_descriptor>
        <bouquet name="Sparten"/>
      </astra_bouquet_list_descriptor>
      <astra_virtual_service_id_descriptor virtual_service_id="0x1F4A"/>
    </service>
    <service service_id="0x2968" transport_stream_id="0x045A" original_network_id="0x0001" logical_channel_number="1,136" visible_service_flag="true" new_service_flag="false" genre_code="0x0000">
      <service_descriptor service_type="0x19" service_provider_name="SES" service_name="One Terra HD"/>
      <private_data_specifier_descriptor private_data_specifier="Astra"/>
      <astra_bouquet_list_descriptor>
        <bouquet name="Sparten"/>
      </astra_bouquet_list_descriptor>
      <astra_virtual_service_id_descriptor virtual_service_id="0x7636"/>
      <service_descriptor service_type="0x19" service_provider_name="SES" service_name="One Terra HD"/>
      <private_data_specifier_descriptor private_data_specifier="Astra"/>
      <astra_bouquet_list_descriptor>
        <bouquet name="Sparten"/>
      </astra_bouquet_list_descriptor>
      <astra_virtual_service_id_descriptor virtual_service_id="0x7636"/>
    </service>
    <service service_id="0x2969" transport_stream_id="0x045A" original_network_id="0x0001" logical_channel_number="1,134" visible_service_flag="true" new_service_flag="false" genre_code="0x0000">
      <service_descriptor service_type="0x19" service_provider_name="SES" service_name="Xplore HD"/>
      <private_data_specifier_descriptor private_data_specifier="Astra"/>
      <astra_bouquet_list_descriptor>
        <bouquet name="Sparten"/>
      </astra_bouquet_list_descriptor>
      <astra_virtual_service_id_descriptor virtual_service_id="0x7634"/>
      <service_descriptor service_type="0x19" service_provider_name="SES" service_name="Xplore HD"/>
      <private_data_specifier_descriptor private_data_specifier="Astra"/>
      <astra_bouquet_list_descriptor>
        <bouquet name="Sparten"/>
      </astra_bouquet_list_descriptor>
      <astra_virtual_service_id_descriptor virtual_service_id="0x7634"/>
    </service>
    <service service_id="0x296A" transport_stream_id="0x045A" original_network_id="0x0001" logical_channel_number="1,135" visible_service_flag="true" new_service_flag="false" genre_code="0x0000">
      <service_descriptor service_type="0x19" service_provider_name="SES" service_name="Hip Trips HD"/>
      <private_data_specifier_descriptor private_data_specifier="Astra"/>
      <astra_bouquet_list_descriptor>
        <bouquet name="Sparten"/>
      </astra_bouquet_list_descriptor>
      <astra_virtual_service_id_descriptor virtual_service_id="0x7635"/>
      <service_descriptor service_type="0x19" service_provider_name="SES" service_name="Hip Trips HD"/>
      <private_data_specifier_descriptor private_data_specifier="Astra"/>
      <astra_bouquet_list_descriptor>
        <bouquet name="Sparten"/>
      </astra_bouquet_list_descriptor>
      <astra_virtual_service_id_descriptor virtual_service_id="0x7635"/>
    </service>
    <service service_id="0x296B" transport_stream_id="0x045A" original_network_id="0x0001" logical_channel_number="1,132" visible_service_flag="true" new_service_flag="false" genre_code="0x0000">
      <service_descriptor service_type="0x19" service_provider_name="SES" service_name="Deluxe Dance by Kontor HD"/>
      <private_data_specifier_descriptor private_data_specifier="Astra"/>
      <astra_bouquet_list_descriptor>
        <bouquet name="Sparten"/>
      </astra_bouquet_list_descriptor>
      <astra_virtual_service_id_descriptor virtual_service_id="0x7632"/>
      <service_descriptor service_type="0x19" service_provider_name="SES" service_name="Deluxe Dance by Kontor HD"/>
      <private_data_specifier_descriptor private_data_specifier="Astra"/>
      <astra_bouquet_list_descriptor>
        <bouquet name="Sparten"/>
      </astra_bouquet_list_descriptor>
      <astra_virtual_service_id_descriptor virtual_service_id="0x7632"/>
    </service>
    <service service_id="0x296C" transport_stream_id="0x045A" original_network_id="0x0001" logical_channel_number="1,133" visible_service_flag="true" new_service_flag="false" genre_code="0x0000">
      <service_descriptor service_type="0x19" service_provider_name="SES" service_name="Deluxe Flashback HD"/>
      <private_data_specifier_descriptor private_data_specifier="Astra"/>
      <astra_bouquet_list_descriptor>
        <bouquet name="Sparten"/>
      </astra_bouquet_list_descriptor>
      <astra_virtual_service_id_descriptor virtual_service_id="0x7633"/>
      <service_descriptor service_type="0x19" service_provider_name="SES" service_name="Deluxe Flashback HD"/>
      <private_data_specifier_descriptor private_data_specifier="Astra"/>
      <astra_bouquet_list_descriptor>
        <bouquet name="Sparten"/>
      </astra_bouquet_list_descriptor>
      <astra_virtual_service_id_descriptor virtual_service_id="0x7633"/>
    </service>
    <service service_id="0x296D" transport_stream_id="0x045A" original_network_id="0x0001" logical_channel_number="1,137" visible_service_flag="true" new_service_flag="false" genre_code="0x0000">
      <service_descriptor service_type="0x19" service_provider_name="SES" service_name="Just Cooking HD"/>
      <private_data_specifier_descriptor private_data_specifier="Astra"/>
      <astra_bouquet_list_descriptor>
        <bouquet name="Sparten"/>
      </astra_bouquet_list_descriptor>
      <astra_virtual_service_id_descriptor virtual_service_id="0x7637"/>
      <service_descriptor service_type="0x19" service_provider_name="SES" service_name="Just Cooking HD"/>
      <private_data_specifier_descriptor private_data_specifier="Astra"/>
      <astra_bouquet_list_descriptor>
        <bouquet name="Sparten"/>
      </astra_bouquet_list_descriptor>
      <astra_virtual_service_id_descriptor virtual_service_id="0x7637"/>
    </service>
    <service service_id="0x296E" transport_stream_id="0x045A" original_network_id="0x0001" logical_channel_number="1,130" visible_service_flag="true" new_service_flag="false" genre_code="0x0000">
      <service_descriptor service_type="0x19" service_provider_name="SES" service_name="Deluxe Rock HD"/>
      <private_data_specifier_descriptor private_data_specifier="Astra"/>
      <astra_bouquet_list_descriptor>
        <bouquet name="Sparten"/>
      </astra_bouquet_list_descriptor>
      <astra_virtual_service_id_descriptor virtual_service_id="0x7630"/>
      <service_descriptor service_type="0x19" service_provider_name="SES" service_name="Deluxe Rock HD"/>
      <private_data_specifier_descriptor private_data_specifier="Astra"/>
      <astra_bouquet_list_descriptor>
        <bouquet name="Sparten"/>
      </astra_bouquet_list_descriptor>
      <astra_virtual_service_id_descriptor virtual_service_id="0x7630"/>
    </service>
    <service service_id="0x296F" transport_stream_id="0x045A" original_network_id="0x0001" logical_channel_number="1,131" visible_service_flag="true" new_service_flag="false" genre_code="0x0000">
      <service_descriptor service_type="0x19" service_provider_name="SES" service_name="Deluxe Rap HD"/>
      <private_data_specifier_descriptor private_data_specifier="Astra"/>
      <astra_bouquet_list_descriptor>
        <bouquet name="Sparten"/>
      </astra_bouquet_list_descriptor>
      <astra_virtual_service_id_descriptor virtual_service_id="0x7631"/>
      <service_descriptor service_type="0x19" service_provider_name="SES" service_name="Deluxe Rap HD"/>
      <private_data_specifier_descriptor private_data_specifier="Astra"/>
      <astra_bouquet_list_descriptor>
        <bouquet name="Sparten"/>
      </astra_bouquet_list_descriptor>
      <astra_virtual_service_id_descriptor virtual_service_id="0x7631"/>
    </service>
    <service service_id="0x332D" transport_stream_id="0x045B" original_network_id="0x0001" logical_channel_number="915" visible_service_flag="true" new_service_flag="false" genre_code="0x0000">
      <service_descriptor service_type="0x01" service_provider_name="ORF" service_name="ORF III"/>
      <private_data_specifier_descriptor private_data_specifier="Astra"/>
      <astra_bouquet_list_descriptor>
        <bouquet name="Österreich"/>
      </astra_bouquet_list_descriptor>
      <astra_virtual_service_id_descriptor virtual_service_id="0x2337"/>
    </service>
    <service service_id="0x332F" transport_stream_id="0x045B" original_network_id="0x0001" logical_channel_number="815" visible_service_flag="true" new_service_flag="false" genre_code="0x0000">
      <service_descriptor service_type="0x01" service_provider_name="-" service_name="Welt der Wunder"/>
      <private_data_specifier_descriptor private_data_specifier="Astra"/>
      <astra_bouquet_list_descriptor/>
      <astra_virtual_service_id_descriptor virtual_service_id="0x7596"/>
    </service>
    <service service_id="0x3337" transport_stream_id="0x045B" original_network_id="0x0001" logical_channel_number="918" visible_service_flag="true" new_service_flag="false" genre_code="0x0000">
      <service_descriptor service_type="0x01" service_provider_name="ServusTV" service_name="ServusTV Oesterreich"/>
      <private_data_specifier_descriptor private_data_specifier="Astra"/>
      <astra_bouquet_list_descriptor>
        <bouquet name="Österreich"/>
      </astra_bouquet_list_descriptor>
      <astra_virtual_service_id_descriptor virtual_service_id="0x2732"/>
    </service>
    <service service_id="0x3339" transport_stream_id="0x045B" original_network_id="0x0001" logical_channel_number="924" visible_service_flag="true" new_service_flag="false" genre_code="0x0000">
      <service_descriptor service_type="0x01" service_provider_name="-" service_name="L-TV/TVM"/>
      <private_data_specifier_descriptor private_data_specifier="Astra"/>
      <astra_bouquet_list_descriptor/>
      <astra_virtual_service_id_descriptor virtual_service_id="0x7595"/>
    </service>
    <service service_id="0x3341" transport_stream_id="0x045B" original_network_id="0x0001" logical_channel_number="600" visible_service_flag="true" new_service_flag="false" genre_code="0x0000">
      <service_descriptor service_type="0x02" service_provider_name="ORF" service_name="OE1"/>
      <private_data_specifier_descriptor private_data_specifier="Astra"/>
      <astra_bouquet_list_descriptor/>
    </service>
    <service service_id="0x3342" transport_stream_id="0x045B" original_network_id="0x0001" logical_channel_number="501" visible_service_flag="true" new_service_flag="false" genre_code="0x0000">
      <service_descriptor service_type="0x02" service_provider_name="ORF" service_name="OE1 DD"/>
      <private_data_specifier_descriptor private_data_specifier="Astra"/>
      <astra_bouquet_list_descriptor/>
    </service>
    <service service_id="0x3343" transport_stream_id="0x045B" original_network_id="0x0001" logical_channel_number="602" visible_service_flag="true" new_service_flag="false" genre_code="0x0000">
      <service_descriptor service_type="0x02" service_provider_name="ORF" service_name="OE2 W"/>
      <private_data_specifier_descriptor private_data_specifier="Astra"/>
      <astra_bouquet_list_descriptor/>
    </service>
    <service service_id="0x3344" transport_stream_id="0x045B" original_network_id="0x0001" logical_channel_number="603" visible_service_flag="true" new_service_flag="false" genre_code="0x0000">
      <service_descriptor service_type="0x02" service_provider_name="ORF" service_name="OE2 N"/>
      <private_data_specifier_descriptor private_data_specifier="Astra"/>
      <astra_bouquet_list_descriptor/>
    </service>
    <service service_id="0x3345" transport_stream_id="0x045B" original_network_id="0x0001" logical_channel_number="604" visible_service_flag="true" new_service_flag="false" genre_code="0x0000">
      <service_descriptor service_type="0x02" service_provider_name="ORF" service_name="OE2 B"/>
      <private_data_specifier_descriptor private_data_specifier="Astra"/>
      <astra_bouquet_list_descriptor/>
    </service>
    <service service_id="0x3346" transport_stream_id="0x045B" original_network_id="0x0001" logical_channel_number="605" visible_service_flag="true" new_service_flag="false" genre_code="0x0000">
      <service_descriptor service_type="0x02" service_provider_name="ORF" service_name="OE2 O"/>
      <private_data_specifier_descriptor private_data_specifier="Astra"/>
      <astra_bouquet_list_descriptor/>
    </service>
    <service service_id="0x3347" transport_stream_id="0x045B" original_network_id="0x0001" logical_channel_number="509" visible_service_flag="true" new_service_flag="false" genre_code="0x0000">
      <service_descriptor service_type="0x02" service_provider_name="ORF" service_name="OE2 S"/>
      <private_data_specifier_descriptor private_data_specifier="Astra"/>
      <astra_bouquet_list_descriptor/>
    </service>
    <service service_id="0x3348" transport_stream_id="0x045B" original_network_id="0x0001" logical_channel_number="607" visible_service_flag="true" new_service_flag="false" genre_code="0x0000">
      <service_descriptor service_type="0x02" service_provider_name="ORF" service_name="OE2 T"/>
      <private_data_specifier_descriptor private_data_specifier="Astra"/>
      <astra_bouquet_list_descriptor/>
    </service>
    <service service_id="0x3349" transport_stream_id="0x045B" original_network_id="0x0001" logical_channel_number="608" visible_service_flag="true" new_service_flag="false" genre_code="0x0000">
      <service_descriptor service_type="0x02" service_provider_name="ORF" service_name="OE2 V"/>
      <private_data_specifier_descriptor private_data_specifier="Astra"/>
      <astra_bouquet_list_descriptor/>
    </service>
    <service service_id="0x334A" transport_stream_id="0x045B" original_network_id="0x0001" logical_channel_number="500" visible_service_flag="true" new_service_flag="false" genre_code="0x0000">
      <service_descriptor service_type="0x02" service_provider_name="ORF" service_name="OE2 St"/>
      <private_data_specifier_descriptor private_data_specifier="Astra"/>
      <astra_bouquet_list_descriptor/>
    </service>
    <service service_id="0x334B" transport_stream_id="0x045B" original_network_id="0x0001" logical_channel_number="502" visible_service_flag="true" new_service_flag="false" genre_code="0x0000">
      <service_descriptor service_type="0x02" service_provider_name="ORF" service_name="OE2 K"/>
      <private_data_specifier_descriptor private_data_specifier="Astra"/>
      <astra_bouquet_list_descriptor/>
    </service>
    <service service_id="0x334D" transport_stream_id="0x045B" original_network_id="0x0001" logical_channel_number="505" visible_service_flag="true" new_service_flag="false" genre_code="0x0000">
      <service_descriptor service_type="0x02" service_provider_name="ORF" service_name="OE3"/>
      <private_data_specifier_descriptor private_data_specifier="Astra"/>
      <astra_bouquet_list_descriptor/>
    </service>
    <service service_id="0x334E" transport_stream_id="0x045B" original_network_id="0x0001" logical_channel_number="504" visible_service_flag="true" new_service_flag="false" genre_code="0x0000">
      <service_descriptor service_type="0x02" service_provider_name="ORF" service_name="FM4"/>
      <private_data_specifier_descriptor private_data_specifier="Astra"/>
      <astra_bouquet_list_descriptor/>
    </service>
    <service service_id="0x3355" transport_stream_id="0x045B" original_network_id="0x0001" logical_channel_number="755" visible_service_flag="true" new_service_flag="false" genre_code="0x0000">
      <service_descriptor service_type="0x01" service_provider_name="-" service_name="BTV"/>
      <private_data_specifier_descriptor private_data_specifier="Astra"/>
      <astra_bouquet_list_descriptor/>
      <astra_virtual_service_id_descriptor virtual_service_id="0x7597"/>
      <service_descriptor service_type="0x19" service_provider_name="" service_name="EWTN katholisches TV HD"/>
      <private_data_specifier_descriptor private_data_specifier="Astra"/>
      <astra_bouquet_list_descriptor>
        <bouquet name="HD"/>
      </astra_bouquet_list_descriptor>
      <astra_virtual_service_id_descriptor virtual_service_id="0x762B"/>
    </service>
    <service service_id="0x29CC" transport_stream_id="0x045C" original_network_id="0x0001" logical_channel_number="1,139" visible_service_flag="true" new_service_flag="false" genre_code="0x0000">
      <service_descriptor service_type="0x19" service_provider_name="SES" service_name="Just Fishing HD"/>
      <private_data_specifier_descriptor private_data_specifier="Astra"/>
      <astra_bouquet_list_descriptor>
        <bouquet name="Sparten"/>
      </astra_bouquet_list_descriptor>
      <astra_virtual_service_id_descriptor virtual_service_id="0x7639"/>
      <service_descriptor service_type="0x19" service_provider_name="SES" service_name="Just Fishing HD"/>
      <private_data_specifier_descriptor private_data_specifier="Astra"/>
      <astra_bouquet_list_descriptor>
        <bouquet name="Sparten"/>
      </astra_bouquet_list_descriptor>
      <astra_virtual_service_id_descriptor virtual_service_id="0x7639"/>
    </service>
    <service service_id="0x29D0" transport_stream_id="0x045C" original_network_id="0x0001" logical_channel_number="1,138" visible_service_flag="true" new_service_flag="false" genre_code="0x0000">
      <service_descriptor service_type="0x19" service_provider_name="SES" service_name="Crime Time HD"/>
      <private_data_specifier_descriptor private_data_specifier="Astra"/>
      <astra_bouquet_list_descriptor>
        <bouquet name="Sparten"/>
      </astra_bouquet_list_descriptor>
      <astra_virtual_service_id_descriptor virtual_service_id="0x7638"/>
      <service_descriptor service_type="0x19" service_provider_name="SES" service_name="Crime Time HD"/>
      <private_data_specifier_descriptor private_data_specifier="Astra"/>
      <astra_bouquet_list_descriptor>
        <bouquet name="Sparten"/>
      </astra_bouquet_list_descriptor>
      <astra_virtual_service_id_descriptor virtual_service_id="0x7638"/>
    </service>
    <service service_id="0x29D1" transport_stream_id="0x045C" original_network_id="0x0001" logical_channel_number="1,141" visible_service_flag="true" new_service_flag="false" genre_code="0x0000">
      <service_descriptor service_type="0x19" service_provider_name="SES" service_name="SERIEN+ HD"/>
      <private_data_specifier_descriptor private_data_specifier="Astra"/>
      <astra_bouquet_list_descriptor>
        <bouquet name="Sparten"/>
      </astra_bouquet_list_descriptor>
      <astra_virtual_service_id_descriptor virtual_service_id="0x763A"/>
      <service_descriptor service_type="0x19" service_provider_name="SES" service_name="SERIEN+ HD"/>
      <private_data_specifier_descriptor private_data_specifier="Astra"/>
      <astra_bouquet_list_descriptor>
        <bouquet name="Sparten"/>
      </astra_bouquet_list_descriptor>
      <astra_virtual_service_id_descriptor virtual_service_id="0x763A"/>
    </service>
    <service service_id="0x29D2" transport_stream_id="0x045C" original_network_id="0x0001" logical_channel_number="1,142" visible_service_flag="true" new_service_flag="false" genre_code="0x0000">
      <service_descriptor service_type="0x19" service_provider_name="SES" service_name="Deluxe Lounge HD"/>
      <private_data_specifier_descriptor private_data_specifier="Astra"/>
      <astra_bouquet_list_descriptor>
        <bouquet name="Sparten"/>
      </astra_bouquet_list_descriptor>
      <astra_virtual_service_id_descriptor virtual_service_id="0x763B"/>
      <service_descriptor service_type="0x19" service_provider_name="SES" service_name="Deluxe Lounge HD"/>
      <private_data_specifier_descriptor private_data_specifier="Astra"/>
      <astra_bouquet_list_descriptor>
        <bouquet name="Sparten"/>
      </astra_bouquet_list_descriptor>
      <astra_virtual_service_id_descriptor virtual_service_id="0x763B"/>
    </service>
    <service service_id="0x29D3" transport_stream_id="0x045C" original_network_id="0x0001" logical_channel_number="1,143" visible_service_flag="true" new_service_flag="false" genre_code="0x0000">
      <service_descriptor service_type="0x19" service_provider_name="SES" service_name="Höhenrausch HD"/>
      <private_data_specifier_descriptor private_data_specifier="Astra"/>
      <astra_bouquet_list_descriptor>
        <bouquet name="Sparten"/>
      </astra_bouquet_list_descriptor>
      <astra_virtual_service_id_descriptor virtual_service_id="0x763C"/>
      <service_descriptor service_type="0x19" service_provider_name="SES" service_name="Höhenrausch HD"/>
      <private_data_specifier_descriptor private_data_specifier="Astra"/>
      <astra_bouquet_list_descriptor>
        <bouquet name="Sparten"/>
      </astra_bouquet_list_descriptor>
      <astra_virtual_service_id_descriptor virtual_service_id="0x763C"/>
    </service>
    <service service_id="0x32C9" transport_stream_id="0x045D" original_network_id="0x0001" logical_channel_number="900" visible_service_flag="true" new_service_flag="false" genre_code="0x0000">
      <service_descriptor service_type="0x01" service_provider_name="ORF" service_name="ORF1"/>
      <CA_identifier_descriptor>
        <CA_system_id value="0x1762"/>
        <CA_system_id value="0x0D05"/>
        <CA_system_id value="0x1801"/>
      </CA_identifier_descriptor>
      <private_data_specifier_descriptor private_data_specifier="Astra"/>
      <astra_bouquet_list_descriptor>
        <bouquet name="Österreich"/>
      </astra_bouquet_list_descriptor>
      <astra_virtual_service_id_descriptor virtual_service_id="0x2328"/>
    </service>
    <service service_id="0x32CA" transport_stream_id="0x045D" original_network_id="0x0001" logical_channel_number="901" visible_service_flag="true" new_service_flag="false" genre_code="0x0000">
      <service_descriptor service_type="0x01" service_provider_name="ORF" service_name="ORF2"/>
      <CA_identifier_descriptor>
        <CA_system_id value="0x1762"/>
        <CA_system_id value="0x0D05"/>
        <CA_system_id value="0x1801"/>
      </CA_identifier_descriptor>
      <private_data_specifier_descriptor private_data_specifier="Astra"/>
      <astra_bouquet_list_descriptor>
        <bouquet name="Österreich"/>
      </astra_bouquet_list_descriptor>
      <astra_virtual_service_id_descriptor virtual_service_id="0x2329"/>
    </service>
    <service service_id="0x32CB" transport_stream_id="0x045D" original_network_id="0x0001" logical_channel_number="902" visible_service_flag="true" new_service_flag="false" genre_code="0x0000">
      <service_descriptor service_type="0x01" service_provider_name="ORF" service_name="ORF2 W"/>
      <CA_identifier_descriptor>
        <CA_system_id value="0x1762"/>
        <CA_system_id value="0x0D05"/>
        <CA_system_id value="0x1801"/>
      </CA_identifier_descriptor>
      <private_data_specifier_descriptor private_data_specifier="Astra"/>
      <astra_bouquet_list_descriptor>
        <bouquet name="Österreich"/>
      </astra_bouquet_list_descriptor>
      <astra_virtual_service_id_descriptor virtual_service_id="0x232A"/>
    </service>
    <service service_id="0x32CC" transport_stream_id="0x045D" original_network_id="0x0001" logical_channel_number="903" visible_service_flag="true" new_service_flag="false" genre_code="0x0000">
      <service_descriptor service_type="0x01" service_provider_name="ORF" service_name="ORF2 N"/>
      <CA_identifier_descriptor>
        <CA_system_id value="0x1762"/>
        <CA_system_id value="0x0D05"/>
        <CA_system_id value="0x1801"/>
      </CA_identifier_descriptor>
      <private_data_specifier_descriptor private_data_specifier="Astra"/>
      <astra_bouquet_list_descriptor>
        <bouquet name="Österreich"/>
      </astra_bouquet_list_descriptor>
      <astra_virtual_service_id_descriptor virtual_service_id="0x232B"/>
    </service>
    <service service_id="0x32CD" transport_stream_id="0x045D" original_network_id="0x0001" logical_channel_number="904" visible_service_flag="true" new_service_flag="false" genre_code="0x0000">
      <service_descriptor service_type="0x01" service_provider_name="ORF" service_name="ORF2 B"/>
      <CA_identifier_descriptor>
        <CA_system_id value="0x1762"/>
        <CA_system_id value="0x0D05"/>
        <CA_system_id value="0x1801"/>
      </CA_identifier_descriptor>
      <private_data_specifier_descriptor private_data_specifier="Astra"/>
      <astra_bouquet_list_descriptor>
        <bouquet name="Österreich"/>
      </astra_bouquet_list_descriptor>
      <astra_virtual_service_id_descriptor virtual_service_id="0x232C"/>
    </service>
    <service service_id="0x32CE" transport_stream_id="0x045D" original_network_id="0x0001" logical_channel_number="905" visible_service_flag="true" new_service_flag="false" genre_code="0x0000">
      <service_descriptor service_type="0x01" service_provider_name="ORF" service_name="ORF2 O"/>
      <CA_identifier_descriptor>
        <CA_system_id value="0x1762"/>
        <CA_system_id value="0x0D05"/>
        <CA_system_id value="0x1801"/>
      </CA_identifier_descriptor>
      <private_data_specifier_descriptor private_data_specifier="Astra"/>
      <astra_bouquet_list_descriptor>
        <bouquet name="Österreich"/>
      </astra_bouquet_list_descriptor>
      <astra_virtual_service_id_descriptor virtual_service_id="0x232D"/>
    </service>
    <service service_id="0x32CF" transport_stream_id="0x045D" original_network_id="0x0001" logical_channel_number="906" visible_service_flag="true" new_service_flag="false" genre_code="0x0000">
      <service_descriptor service_type="0x01" service_provider_name="ORF" service_name="ORF2 S"/>
      <CA_identifier_descriptor>
        <CA_system_id value="0x1762"/>
        <CA_system_id value="0x0D05"/>
        <CA_system_id value="0x1801"/>
      </CA_identifier_descriptor>
      <private_data_specifier_descriptor private_data_specifier="Astra"/>
      <astra_bouquet_list_descriptor>
        <bouquet name="Österreich"/>
      </astra_bouquet_list_descriptor>
      <astra_virtual_service_id_descriptor virtual_service_id="0x232E"/>
    </service>
    <service service_id="0x32D0" transport_stream_id="0x045D" original_network_id="0x0001" logical_channel_number="907" visible_service_flag="true" new_service_flag="false" genre_code="0x0000">
      <service_descriptor service_type="0x01" service_provider_name="ORF" service_name="ORF2 T"/>
      <CA_identifier_descriptor>
        <CA_system_id value="0x1762"/>
        <CA_system_id value="0x0D05"/>
        <CA_system_id value="0x1801"/>
      </CA_identifier_descriptor>
      <private_data_specifier_descriptor private_data_specifier="Astra"/>
      <astra_bouquet_list_descriptor>
        <bouquet name="Österreich"/>
      </astra_bouquet_list_descriptor>
      <astra_virtual_service_id_descriptor virtual_service_id="0x232F"/>
    </service>
    <service service_id="0x32D1" transport_stream_id="0x045D" original_network_id="0x0001" logical_channel_number="908" visible_service_flag="true" new_service_flag="false" genre_code="0x0000">
      <service_descriptor service_type="0x01" service_provider_name="ORF" service_name="ORF2 V"/>
      <CA_identifier_descriptor>
        <CA_system_id value="0x1762"/>
        <CA_system_id value="0x0D05"/>
        <CA_system_id value="0x1801"/>
      </CA_identifier_descriptor>
      <private_data_specifier_descriptor private_data_specifier="Astra"/>
      <astra_bouquet_list_descriptor>
        <bouquet name="Österreich"/>
      </astra_bouquet_list_descriptor>
      <astra_virtual_service_id_descriptor virtual_service_id="0x2330"/>
    </service>
    <service service_id="0x32D2" transport_stream_id="0x045D" original_network_id="0x0001" logical_channel_number="909" visible_service_flag="true" new_service_flag="false" genre_code="0x0000">
      <service_descriptor service_type="0x01" service_provider_name="ORF" service_name="ORF2 St"/>
      <CA_identifier_descriptor>
        <CA_system_id value="0x1762"/>
        <CA_system_id value="0x0D05"/>
        <CA_system_id value="0x1801"/>
      </CA_identifier_descriptor>
      <private_data_specifier_descriptor private_data_specifier="Astra"/>
      <astra_bouquet_list_descriptor>
        <bouquet name="Österreich"/>
      </astra_bouquet_list_descriptor>
      <astra_virtual_service_id_descriptor virtual_service_id="0x2331"/>
    </service>
    <service service_id="0x32D3" transport_stream_id="0x045D" original_network_id="0x0001" logical_channel_number="910" visible_service_flag="true" new_service_flag="false" genre_code="0x0000">
      <service_descriptor service_type="0x01" service_provider_name="ORF" service_name="ORF2 K"/>
      <CA_identifier_descriptor>
        <CA_system_id value="0x1762"/>
        <CA_system_id value="0x0D05"/>
        <CA_system_id value="0x1801"/>
      </CA_identifier_descriptor>
      <private_data_specifier_descriptor private_data_specifier="Astra"/>
      <astra_bouquet_list_descriptor>
        <bouquet name="Österreich"/>
      </astra_bouquet_list_descriptor>
      <astra_virtual_service_id_descriptor virtual_service_id="0x2332"/>
    </service>
    <service service_id="0x32D4" transport_stream_id="0x045D" original_network_id="0x0001" logical_channel_number="911" visible_service_flag="true" new_service_flag="false" genre_code="0x0000">
      <service_descriptor service_type="0x01" service_provider_name="ATV+" service_name="ATV"/>
      <CA_identifier_descriptor>
        <CA_system_id value="0x1762"/>
        <CA_system_id value="0x0D05"/>
        <CA_system_id value="0x1801"/>
      </CA_identifier_descriptor>
      <private_data_specifier_descriptor private_data_specifier="Astra"/>
      <astra_bouquet_list_descriptor>
        <bouquet name="Österreich"/>
      </astra_bouquet_list_descriptor>
      <astra_virtual_service_id_descriptor virtual_service_id="0x2333"/>
    </service>
    <service service_id="0x32D5" transport_stream_id="0x045D" original_network_id="0x0001" logical_channel_number="913" visible_service_flag="true" new_service_flag="false" genre_code="0x0000">
      <service_descriptor service_type="0x01" service_provider_name="ORF" service_name="HITRADIO OE3"/>
      <private_data_specifier_descriptor private_data_specifier="Astra"/>
      <astra_bouquet_list_descriptor>
        <bouquet name="Österreich"/>
      </astra_bouquet_list_descriptor>
      <astra_virtual_service_id_descriptor virtual_service_id="0x2335"/>
    </service>
    <service service_id="0x32D6" transport_stream_id="0x045D" original_network_id="0x0001" logical_channel_number="914" visible_service_flag="true" new_service_flag="false" genre_code="0x0000">
      <service_descriptor service_type="0x01" service_provider_name="ORF" service_name="ORF2E"/>
      <private_data_specifier_descriptor private_data_specifier="Astra"/>
      <astra_bouquet_list_descriptor>
        <bouquet name="Österreich"/>
      </astra_bouquet_list_descriptor>
      <astra_virtual_service_id_descriptor virtual_service_id="0x2336"/>
    </service>
    <service service_id="0x32D7" transport_stream_id="0x045D" original_network_id="0x0001" logical_channel_number="941" visible_service_flag="true" new_service_flag="false" genre_code="0x0000">
      <service_descriptor service_type="0x01" service_provider_name="-" service_name="Mei Musi TV"/>
      <private_data_specifier_descriptor private_data_specifier="Astra"/>
      <astra_bouquet_list_descriptor>
        <bouquet name="Ausland"/>
      </astra_bouquet_list_descriptor>
      <astra_virtual_service_id_descriptor virtual_service_id="0x75B0"/>
    </service>
    <service service_id="0x32DB" transport_stream_id="0x045D" original_network_id="0x0001" logical_channel_number="816" visible_service_flag="true" new_service_flag="false" genre_code="0x0000">
      <service_descriptor service_type="0x01" service_provider_name="-" service_name="RiC"/>
      <private_data_specifier_descriptor private_data_specifier="Astra"/>
      <astra_bouquet_list_descriptor/>
      <astra_virtual_service_id_descriptor virtual_service_id="0x7598"/>
    </service>
    <service service_id="0x101C" transport_stream_id="0x0451" original_network_id="0x0035" logical_channel_number="420" visible_service_flag="true" new_service_flag="false" genre_code="0x0000">
      <service_descriptor service_type="0x01" service_provider_name="ProSiebenSat.1" service_name="kabel eins classics"/>
      <private_data_specifier_descriptor private_data_specifier="Astra"/>
      <astra_bouquet_list_descriptor>
        <bouquet name="ProSiebenSAT.1"/>
      </astra_bouquet_list_descriptor>
      <astra_virtual_service_id_descriptor virtual_service_id="0x13C6"/>
    </service>
    <service service_id="0x0009" transport_stream_id="0x0002" original_network_id="0x0085" logical_channel_number="564" visible_service_flag="true" new_service_flag="false" genre_code="0x0000">
      <service_descriptor service_type="0x16" service_provider_name="SKY" service_name="Sky Cinema Action"/>
      <CA_identifier_descriptor>
        <CA_system_id value="0x1833"/>
        <CA_system_id value="0x1702"/>
      </CA_identifier_descriptor>
      <private_data_specifier_descriptor private_data_specifier="Astra"/>
      <astra_bouquet_list_descriptor>
        <bouquet name="SKY"/>
      </astra_bouquet_list_descriptor>
      <astra_virtual_service_id_descriptor virtual_service_id="0x138B"/>
    </service>
    <service service_id="0x000E" transport_stream_id="0x0002" original_network_id="0x0085" logical_channel_number="505" visible_service_flag="true" new_service_flag="false" genre_code="0x0000">
      <service_descriptor service_type="0x19" service_provider_name="SKY" service_name="Sky Comedy HD"/>
      <CA_identifier_descriptor>
        <CA_system_id value="0x6195"/>
        <CA_system_id value="0x5890"/>
      </CA_identifier_descriptor>
      <private_data_specifier_descriptor private_data_specifier="Astra"/>
      <astra_bouquet_list_descriptor>
        <bouquet name="SKY"/>
      </astra_bouquet_list_descriptor>
      <astra_virtual_service_id_descriptor virtual_service_id="0x760C"/>
    </service>
    <service service_id="0x0016" transport_stream_id="0x0002" original_network_id="0x0085" logical_channel_number="520" visible_service_flag="true" new_service_flag="false" genre_code="0x0000">
      <service_descriptor service_type="0x16" service_provider_name="SKY" service_name="Heimatkanal"/>
      <CA_identifier_descriptor>
        <CA_system_id value="0x1833"/>
        <CA_system_id value="0x1702"/>
      </CA_identifier_descriptor>
      <private_data_specifier_descriptor private_data_specifier="Astra"/>
      <astra_bouquet_list_descriptor>
        <bouquet name="SKY"/>
      </astra_bouquet_list_descriptor>
      <astra_virtual_service_id_descriptor virtual_service_id="0x13A4"/>
    </service>
    <service service_id="0x008B" transport_stream_id="0x0002" original_network_id="0x0085" logical_channel_number="555" visible_service_flag="true" new_service_flag="false" genre_code="0x0000">
      <service_descriptor service_type="0x16" service_provider_name="SKY" service_name="Sky Cinema Family"/>
      <CA_identifier_descriptor>
        <CA_system_id value="0x1833"/>
        <CA_system_id value="0x1702"/>
      </CA_identifier_descriptor>
      <private_data_specifier_descriptor private_data_specifier="Astra"/>
      <astra_bouquet_list_descriptor>
        <bouquet name="SKY"/>
      </astra_bouquet_list_descriptor>
      <astra_virtual_service_id_descriptor virtual_service_id="0x75B9"/>
      <service_descriptor service_type="0x19" service_provider_name="SKY" service_name="Sky Cinema Family HD"/>
      <CA_identifier_descriptor>
        <CA_system_id value="0x1833"/>
        <CA_system_id value="0x1702"/>
      </CA_identifier_descriptor>
      <private_data_specifier_descriptor private_data_specifier="Astra"/>
      <astra_bouquet_list_descriptor>
        <bouquet name="Sky"/>
      </astra_bouquet_list_descriptor>
      <astra_virtual_service_id_descriptor virtual_service_id="0x75BA"/>
    </service>
    <service service_id="0x0093" transport_stream_id="0x0002" original_network_id="0x0085" logical_channel_number="501" visible_service_flag="true" new_service_flag="false" genre_code="0x0000">
      <service_descriptor service_type="0x19" service_provider_name="SKY" service_name="Sky One HD"/>
      <CA_identifier_descriptor>
        <CA_system_id value="0x1833"/>
        <CA_system_id value="0x1702"/>
      </CA_identifier_descriptor>
      <private_data_specifier_descriptor private_data_specifier="Astra"/>
      <astra_bouquet_list_descriptor>
        <bouquet name="SKY"/>
      </astra_bouquet_list_descriptor>
      <astra_virtual_service_id_descriptor virtual_service_id="0x75BD"/>
    </service>
    <service service_id="0x00DE" transport_stream_id="0x0002" original_network_id="0x0085" logical_channel_number="656" visible_service_flag="true" new_service_flag="false" genre_code="0x0000">
      <service_descriptor service_type="0x16" service_provider_name="SKY" service_name="Sky Sport Tennis"/>
      <CA_identifier_descriptor>
        <CA_system_id value="0x1833"/>
        <CA_system_id value="0x1702"/>
      </CA_identifier_descriptor>
      <private_data_specifier_descriptor private_data_specifier="Astra"/>
      <astra_bouquet_list_descriptor>
        <bouquet name="SKY"/>
      </astra_bouquet_list_descriptor>
      <astra_virtual_service_id_descriptor virtual_service_id="0x13E2"/>
    </service>
    <service service_id="0x0115" transport_stream_id="0x0002" original_network_id="0x0085" logical_channel_number="612" visible_service_flag="true" new_service_flag="false" genre_code="0x0000">
      <service_descriptor service_type="0x19" service_provider_name="SKY" service_name="Sky Sport Bundesliga 2 HD"/>
      <CA_identifier_descriptor>
        <CA_system_id value="0x1833"/>
        <CA_system_id value="0x1702"/>
      </CA_identifier_descriptor>
      <private_data_specifier_descriptor private_data_specifier="Astra"/>
      <astra_bouquet_list_descriptor>
        <bouquet name="SKY"/>
      </astra_bouquet_list_descriptor>
      <astra_virtual_service_id_descriptor virtual_service_id="0x13FF"/>
    </service>
    <service service_id="0x0116" transport_stream_id="0x0002" original_network_id="0x0085" logical_channel_number="622" visible_service_flag="true" new_service_flag="false" genre_code="0x0000">
      <service_descriptor service_type="0x19" service_provider_name="SKY" service_name="Sky Sport 2 HD"/>
      <CA_identifier_descriptor>
        <CA_system_id value="0x1833"/>
        <CA_system_id value="0x1702"/>
      </CA_identifier_descriptor>
      <private_data_specifier_descriptor private_data_specifier="Astra"/>
      <astra_bouquet_list_descriptor>
        <bouquet name="SKY"/>
      </astra_bouquet_list_descriptor>
      <astra_virtual_service_id_descriptor virtual_service_id="0x1408"/>
    </service>
    <service service_id="0x0153" transport_stream_id="0x0002" original_network_id="0x0085" logical_channel_number="633" visible_service_flag="true" new_service_flag="false" genre_code="0x0000">
      <service_descriptor service_type="0x19" service_provider_name="SKY" service_name="Sky Sport Austria 3 HD"/>
      <CA_identifier_descriptor>
        <CA_system_id value="0x1833"/>
        <CA_system_id value="0x1702"/>
      </CA_identifier_descriptor>
      <private_data_specifier_descriptor private_data_specifier="Astra"/>
      <astra_bouquet_list_descriptor>
        <bouquet name="SKY"/>
      </astra_bouquet_list_descriptor>
      <astra_virtual_service_id_descriptor virtual_service_id="0x75F4"/>
    </service>
    <service service_id="0x0192" transport_stream_id="0x0002" original_network_id="0x0085" logical_channel_number="530" visible_service_flag="true" new_service_flag="false" genre_code="0x0000">
      <service_descriptor service_type="0x16" service_provider_name="SKY" service_name="Crime &amp; Investigation"/>
      <CA_identifier_descriptor>
        <CA_system_id value="0x1833"/>
        <CA_system_id value="0x1702"/>
      </CA_identifier_descriptor>
      <private_data_specifier_descriptor private_data_specifier="Astra"/>
      <astra_bouquet_list_descriptor>
        <bouquet name="SKY"/>
      </astra_bouquet_list_descriptor>
      <astra_virtual_service_id_descriptor virtual_service_id="0x7623"/>
    </service>
    <service service_id="0x0206" transport_stream_id="0x0002" original_network_id="0x0085" logical_channel_number="521" visible_service_flag="true" new_service_flag="false" genre_code="0x0000">
      <service_descriptor service_type="0x16" service_provider_name="SKY" service_name="Romance TV"/>
      <CA_identifier_descriptor>
        <CA_system_id value="0x1833"/>
        <CA_system_id value="0x1702"/>
      </CA_identifier_descriptor>
      <private_data_specifier_descriptor private_data_specifier="Astra"/>
      <astra_bouquet_list_descriptor>
        <bouquet name="SKY"/>
      </astra_bouquet_list_descriptor>
      <astra_virtual_service_id_descriptor virtual_service_id="0x13D4"/>
    </service>
    <service service_id="0x000A" transport_stream_id="0x0004" original_network_id="0x0085" logical_channel_number="560" visible_service_flag="true" new_service_flag="false" genre_code="0x0000">
      <service_descriptor service_type="0x16" service_provider_name="SKY" service_name="Sky Cinema Premieren"/>
      <CA_identifier_descriptor>
        <CA_system_id value="0x1833"/>
        <CA_system_id value="0x1702"/>
      </CA_identifier_descriptor>
      <private_data_specifier_descriptor private_data_specifier="Astra"/>
      <astra_bouquet_list_descriptor>
        <bouquet name="SKY"/>
      </astra_bouquet_list_descriptor>
      <astra_virtual_service_id_descriptor virtual_service_id="0x1388"/>
    </service>
    <service service_id="0x0017" transport_stream_id="0x0004" original_network_id="0x0085" logical_channel_number="503" visible_service_flag="true" new_service_flag="false" genre_code="0x0000">
      <service_descriptor service_type="0x19" service_provider_name="SKY" service_name="Sky Krimi HD"/>
      <CA_identifier_descriptor>
        <CA_system_id value="0x1833"/>
        <CA_system_id value="0x1702"/>
      </CA_identifier_descriptor>
      <private_data_specifier_descriptor private_data_specifier="Astra"/>
      <astra_bouquet_list_descriptor>
        <bouquet name="SKY"/>
      </astra_bouquet_list_descriptor>
      <astra_virtual_service_id_descriptor virtual_service_id="0x138D"/>
    </service>
    <service service_id="0x0029" transport_stream_id="0x0004" original_network_id="0x0085" logical_channel_number="563" visible_service_flag="true" new_service_flag="false" genre_code="0x0000">
      <service_descriptor service_type="0x16" service_provider_name="SKY" service_name="Sky Cinema Best of"/>
      <CA_identifier_descriptor>
        <CA_system_id value="0x1833"/>
        <CA_system_id value="0x1702"/>
      </CA_identifier_descriptor>
      <private_data_specifier_descriptor private_data_specifier="Astra"/>
      <astra_bouquet_list_descriptor>
        <bouquet name="SKY"/>
      </astra_bouquet_list_descriptor>
      <astra_virtual_service_id_descriptor virtual_service_id="0x138E"/>
    </service>
    <service service_id="0x008C" transport_stream_id="0x0004" original_network_id="0x0085" logical_channel_number="559" visible_service_flag="true" new_service_flag="false" genre_code="0x0000">
      <service_descriptor service_type="0x19" service_provider_name="SKY" service_name="Warner TV Film HD"/>
      <CA_identifier_descriptor>
        <CA_system_id value="0x1833"/>
        <CA_system_id value="0x1702"/>
      </CA_identifier_descriptor>
      <private_data_specifier_descriptor private_data_specifier="Astra"/>
      <astra_bouquet_list_descriptor>
        <bouquet name="Sky"/>
      </astra_bouquet_list_descriptor>
      <astra_virtual_service_id_descriptor virtual_service_id="0x75EA"/>
    </service>
    <service service_id="0x008F" transport_stream_id="0x0004" original_network_id="0x0085" logical_channel_number="631" visible_service_flag="true" new_service_flag="false" genre_code="0x0000">
      <service_descriptor service_type="0x19" service_provider_name="SKY" service_name="Sky Sport Austria 1 HD"/>
      <CA_identifier_descriptor>
        <CA_system_id value="0x1833"/>
        <CA_system_id value="0x1702"/>
      </CA_identifier_descriptor>
      <private_data_specifier_descriptor private_data_specifier="Astra"/>
      <astra_bouquet_list_descriptor>
        <bouquet name="SKY"/>
      </astra_bouquet_list_descriptor>
      <astra_virtual_service_id_descriptor virtual_service_id="0x7592"/>
    </service>
    <service service_id="0x00DD" transport_stream_id="0x0004" original_network_id="0x0085" logical_channel_number="651" visible_service_flag="true" new_service_flag="false" genre_code="0x0000">
      <service_descriptor service_type="0x16" service_provider_name="SKY" service_name="Sky Sport Top Event"/>
      <CA_identifier_descriptor>
        <CA_system_id value="0x1833"/>
        <CA_system_id value="0x1702"/>
      </CA_identifier_descriptor>
      <private_data_specifier_descriptor private_data_specifier="Astra"/>
      <astra_bouquet_list_descriptor>
        <bouquet name="SKY"/>
      </astra_bouquet_list_descriptor>
      <astra_virtual_service_id_descriptor virtual_service_id="0x13E1"/>
    </service>
    <service service_id="0x00DF" transport_stream_id="0x0004" original_network_id="0x0085" logical_channel_number="660" visible_service_flag="true" new_service_flag="false" genre_code="0x0000">
      <service_descriptor service_type="0x16" service_provider_name="SKY" service_name="Sky Sport Bundesliga"/>
      <CA_identifier_descriptor>
        <CA_system_id value="0x1833"/>
        <CA_system_id value="0x1702"/>
      </CA_identifier_descriptor>
      <private_data_specifier_descriptor private_data_specifier="Astra"/>
      <astra_bouquet_list_descriptor>
        <bouquet name="SKY"/>
      </astra_bouquet_list_descriptor>
      <astra_virtual_service_id_descriptor virtual_service_id="0x13E3"/>
    </service>
    <service service_id="0x0129" transport_stream_id="0x0004" original_network_id="0x0085" logical_channel_number="614" visible_service_flag="true" new_service_flag="false" genre_code="0x0000">
      <service_descriptor service_type="0x19" service_provider_name="SKY" service_name="Sky Sport Bundesliga 4 HD"/>
      <CA_identifier_descriptor>
        <CA_system_id value="0x1833"/>
        <CA_system_id value="0x1702"/>
      </CA_identifier_descriptor>
      <private_data_specifier_descriptor private_data_specifier="Astra"/>
      <astra_bouquet_list_descriptor>
        <bouquet name="SKY"/>
      </astra_bouquet_list_descriptor>
      <astra_virtual_service_id_descriptor virtual_service_id="0x1401"/>
    </service>
    <service service_id="0x012A" transport_stream_id="0x0004" original_network_id="0x0085" logical_channel_number="624" visible_service_flag="true" new_service_flag="false" genre_code="0x0000">
      <service_descriptor service_type="0x19" service_provider_name="SKY" service_name="Sky Sport 4 HD"/>
      <CA_identifier_descriptor>
        <CA_system_id value="0x1833"/>
        <CA_system_id value="0x1702"/>
      </CA_identifier_descriptor>
      <private_data_specifier_descriptor private_data_specifier="Astra"/>
      <astra_bouquet_list_descriptor>
        <bouquet name="SKY"/>
      </astra_bouquet_list_descriptor>
      <astra_virtual_service_id_descriptor virtual_service_id="0x140A"/>
    </service>
    <service service_id="0x0133" transport_stream_id="0x0004" original_network_id="0x0085" logical_channel_number="615" visible_service_flag="true" new_service_flag="false" genre_code="0x0000">
      <service_descriptor service_type="0x19" service_provider_name="SKY" service_name="Sky Sport Bundesliga 5 HD"/>
      <CA_identifier_descriptor>
        <CA_system_id value="0x1833"/>
        <CA_system_id value="0x1702"/>
      </CA_identifier_descriptor>
      <private_data_specifier_descriptor private_data_specifier="Astra"/>
      <astra_bouquet_list_descriptor>
        <bouquet name="SKY"/>
      </astra_bouquet_list_descriptor>
      <astra_virtual_service_id_descriptor virtual_service_id="0x1402"/>
    </service>
    <service service_id="0x0134" transport_stream_id="0x0004" original_network_id="0x0085" logical_channel_number="625" visible_service_flag="true" new_service_flag="false" genre_code="0x0000">
      <service_descriptor service_type="0x19" service_provider_name="SKY" service_name="Sky Sport 5 HD"/>
      <CA_identifier_descriptor>
        <CA_system_id value="0x1833"/>
        <CA_system_id value="0x1702"/>
      </CA_identifier_descriptor>
      <private_data_specifier_descriptor private_data_specifier="Astra"/>
      <astra_bouquet_list_descriptor>
        <bouquet name="SKY"/>
      </astra_bouquet_list_descriptor>
      <astra_virtual_service_id_descriptor virtual_service_id="0x140B"/>
    </service>
    <service service_id="0x0155" transport_stream_id="0x0004" original_network_id="0x0085" logical_channel_number="698" visible_service_flag="true" new_service_flag="false" genre_code="0x0000">
      <service_descriptor service_type="0x16" service_provider_name="SKY" service_name="Prime Video Sportsbar"/>
      <CA_identifier_descriptor>
        <CA_system_id value="0x6195"/>
        <CA_system_id value="0x5890"/>
      </CA_identifier_descriptor>
      <private_data_specifier_descriptor private_data_specifier="Astra"/>
      <astra_bouquet_list_descriptor>
        <bouquet name="SKY"/>
      </astra_bouquet_list_descriptor>
      <astra_virtual_service_id_descriptor virtual_service_id="0x7617"/>
    </service>
    <service service_id="0x0191" transport_stream_id="0x0004" original_network_id="0x0085" logical_channel_number="537" visible_service_flag="true" new_service_flag="false" genre_code="0x0000">
      <service_descriptor service_type="0x16" service_provider_name="SKY" service_name="Jukebox"/>
      <CA_identifier_descriptor>
        <CA_system_id value="0x1833"/>
        <CA_system_id value="0x1702"/>
      </CA_identifier_descriptor>
      <private_data_specifier_descriptor private_data_specifier="Astra"/>
      <astra_bouquet_list_descriptor>
        <bouquet name="SKY"/>
      </astra_bouquet_list_descriptor>
      <astra_virtual_service_id_descriptor virtual_service_id="0x7584"/>
    </service>
    <service service_id="0x0030" transport_stream_id="0x0005" original_network_id="0x0085" logical_channel_number="817" visible_service_flag="true" new_service_flag="false" genre_code="0x0003">
      <service_descriptor service_type="0x01" service_provider_name="BetaDigital" service_name="N24 DOKU"/>
      <private_data_specifier_descriptor private_data_specifier="Astra"/>
      <astra_bouquet_list_descriptor>
        <bouquet name="Sparten"/>
      </astra_bouquet_list_descriptor>
      <astra_virtual_service_id_descriptor virtual_service_id="0x75B8"/>
    </service>
    <service service_id="0x003E" transport_stream_id="0x0005" original_network_id="0x0085" logical_channel_number="755" visible_service_flag="true" new_service_flag="false" genre_code="0x0000">
      <service_descriptor service_type="0x01" service_provider_name="BetaDigital" service_name="EWTN katholisches TV"/>
      <private_data_specifier_descriptor private_data_specifier="Astra"/>
      <astra_bouquet_list_descriptor>
        <bouquet name="Sparten"/>
      </astra_bouquet_list_descriptor>
      <astra_virtual_service_id_descriptor virtual_service_id="0x1B8F"/>
    </service>
    <service service_id="0x004B" transport_stream_id="0x0005" original_network_id="0x0085" logical_channel_number="794" visible_service_flag="true" new_service_flag="false" genre_code="0x0000">
      <service_descriptor service_type="0x01" service_provider_name="BetaDigital" service_name="."/>
      <private_data_specifier_descriptor private_data_specifier="Astra"/>
      <astra_bouquet_list_descriptor>
        <bouquet name="Sparten"/>
      </astra_bouquet_list_descriptor>
      <astra_virtual_service_id_descriptor virtual_service_id="0x1BB6"/>
    </service>
    <service service_id="0x00AC" transport_stream_id="0x0005" original_network_id="0x0085" logical_channel_number="213" visible_service_flag="true" new_service_flag="false" genre_code="0x0000">
      <service_descriptor service_type="0x02" service_provider_name="BetaDigital" service_name="egoFM"/>
      <private_data_specifier_descriptor private_data_specifier="Astra"/>
      <astra_bouquet_list_descriptor/>
    </service>
    <service service_id="0x00AD" transport_stream_id="0x0005" original_network_id="0x0085" logical_channel_number="207" visible_service_flag="true" new_service_flag="false" genre_code="0x0000">
      <service_descriptor service_type="0x02" service_provider_name="BetaDigital" service_name="Klassik Radio"/>
      <private_data_specifier_descriptor private_data_specifier="Astra"/>
      <astra_bouquet_list_descriptor/>
    </service>
    <service service_id="0x00AE" transport_stream_id="0x0005" original_network_id="0x0085" logical_channel_number="208" visible_service_flag="true" new_service_flag="false" genre_code="0x0000">
      <service_descriptor service_type="0x02" service_provider_name="BetaDigital" service_name="."/>
      <private_data_specifier_descriptor private_data_specifier="Astra"/>
      <astra_bouquet_list_descriptor/>
    </service>
    <service service_id="0x00B1" transport_stream_id="0x0005" original_network_id="0x0085" logical_channel_number="214" visible_service_flag="true" new_service_flag="false" genre_code="0x0000">
      <service_descriptor service_type="0x02" service_provider_name="BetaDigital" service_name="JAM FM"/>
      <private_data_specifier_descriptor private_data_specifier="Astra"/>
      <astra_bouquet_list_descriptor/>
    </service>
    <service service_id="0x0293" transport_stream_id="0x0005" original_network_id="0x0085" logical_channel_number="778" visible_service_flag="true" new_service_flag="false" genre_code="0x0000">
      <service_descriptor service_type="0x01" service_provider_name="BetaDigital" service_name="Handystar TV"/>
      <private_data_specifier_descriptor private_data_specifier="Astra"/>
      <astra_bouquet_list_descriptor>
        <bouquet name="Sparten"/>
      </astra_bouquet_list_descriptor>
      <astra_virtual_service_id_descriptor virtual_service_id="0x1BA6"/>
    </service>
    <service service_id="0x0296" transport_stream_id="0x0005" original_network_id="0x0085" logical_channel_number="1,262" visible_service_flag="true" new_service_flag="false" genre_code="0x0000">
      <service_descriptor service_type="0x01" service_provider_name="BetaDigital" service_name="1-2-3.tv"/>
      <private_data_specifier_descriptor private_data_specifier="Astra"/>
      <astra_bouquet_list_descriptor>
        <bouquet name="Sparten"/>
      </astra_bouquet_list_descriptor>
      <astra_virtual_service_id_descriptor virtual_service_id="0x1B7C"/>
      <service_descriptor service_type="0x01" service_provider_name="BetaDigital" service_name="1-2-3.tv"/>
      <private_data_specifier_descriptor private_data_specifier="Astra"/>
      <astra_bouquet_list_descriptor>
        <bouquet name="Sparten"/>
      </astra_bouquet_list_descriptor>
      <astra_virtual_service_id_descriptor virtual_service_id="0x1B7C"/>
    </service>
    <service service_id="0x02FC" transport_stream_id="0x0005" original_network_id="0x0085" logical_channel_number="1,211" visible_service_flag="true" new_service_flag="false" genre_code="0x0000">
      <service_descriptor service_type="0x19" service_provider_name="BetaDigital" service_name="ANIXE+"/>
      <private_data_specifier_descriptor private_data_specifier="Astra"/>
      <astra_bouquet_list_descriptor>
        <bouquet name="Sparten"/>
      </astra_bouquet_list_descriptor>
      <astra_virtual_service_id_descriptor virtual_service_id="0x1B95"/>
      <service_descriptor service_type="0x19" service_provider_name="BetaDigital" service_name="ANIXE+"/>
      <private_data_specifier_descriptor private_data_specifier="Astra"/>
      <astra_bouquet_list_descriptor>
        <bouquet name="Sparten"/>
      </astra_bouquet_list_descriptor>
      <astra_virtual_service_id_descriptor virtual_service_id="0x1B95"/>
    </service>
    <service service_id="0x0304" transport_stream_id="0x0005" original_network_id="0x0085" logical_channel_number="1,267" visible_service_flag="true" new_service_flag="false" genre_code="0x0000">
      <service_descriptor service_type="0x01" service_provider_name="BetaDigital" service_name="TLC"/>
      <private_data_specifier_descriptor private_data_specifier="Astra"/>
      <astra_bouquet_list_descriptor>
        <bouquet name="Sparten"/>
      </astra_bouquet_list_descriptor>
      <astra_virtual_service_id_descriptor virtual_service_id="0x1B86"/>
      <service_descriptor service_type="0x01" service_provider_name="BetaDigital" service_name="TLC"/>
      <private_data_specifier_descriptor private_data_specifier="Astra"/>
      <astra_bouquet_list_descriptor>
        <bouquet name="Sparten"/>
      </astra_bouquet_list_descriptor>
      <astra_virtual_service_id_descriptor virtual_service_id="0x1B86"/>
    </service>
    <service service_id="0x0308" transport_stream_id="0x0005" original_network_id="0x0085" logical_channel_number="810" visible_service_flag="true" new_service_flag="false" genre_code="0x0000">
      <service_descriptor service_type="0x01" service_provider_name="BetaDigital" service_name="DMF"/>
      <private_data_specifier_descriptor private_data_specifier="Astra"/>
      <astra_bouquet_list_descriptor>
        <bouquet name="Sparten"/>
      </astra_bouquet_list_descriptor>
      <astra_virtual_service_id_descriptor virtual_service_id="0x7642"/>
    </service>
    <service service_id="0x0701" transport_stream_id="0x0005" original_network_id="0x0085" logical_channel_number="1,263" visible_service_flag="true" new_service_flag="false" genre_code="0x0000">
      <service_descriptor service_type="0x01" service_provider_name="BetaDigital" service_name="Disney Channel"/>
      <private_data_specifier_descriptor private_data_specifier="Astra"/>
      <astra_bouquet_list_descriptor>
        <bouquet name="Sparten"/>
      </astra_bouquet_list_descriptor>
      <astra_virtual_service_id_descriptor virtual_service_id="0x1B78"/>
      <service_descriptor service_type="0x01" service_provider_name="BetaDigital" service_name="Disney Channel"/>
      <private_data_specifier_descriptor private_data_specifier="Astra"/>
      <astra_bouquet_list_descriptor>
        <bouquet name="Sparten"/>
      </astra_bouquet_list_descriptor>
      <astra_virtual_service_id_descriptor virtual_service_id="0x1B78"/>
    </service>
    <service service_id="0x000D" transport_stream_id="0x0006" original_network_id="0x0085" logical_channel_number="508" visible_service_flag="true" new_service_flag="false" genre_code="0x0000">
      <service_descriptor service_type="0x19" service_provider_name="SKY" service_name="Sky Crime HD"/>
      <CA_identifier_descriptor>
        <CA_system_id value="0x6195"/>
        <CA_system_id value="0x5890"/>
      </CA_identifier_descriptor>
      <private_data_specifier_descriptor private_data_specifier="Astra"/>
      <astra_bouquet_list_descriptor>
        <bouquet name="SKY"/>
      </astra_bouquet_list_descriptor>
      <astra_virtual_service_id_descriptor virtual_service_id="0x760D"/>
    </service>
    <service service_id="0x002B" transport_stream_id="0x0006" original_network_id="0x0085" logical_channel_number="562" visible_service_flag="true" new_service_flag="false" genre_code="0x0000">
      <service_descriptor service_type="0x16" service_provider_name="SKY" service_name="Sky Cinema Premieren +24"/>
      <CA_identifier_descriptor>
        <CA_system_id value="0x1833"/>
        <CA_system_id value="0x1702"/>
      </CA_identifier_descriptor>
      <private_data_specifier_descriptor private_data_specifier="Astra"/>
      <astra_bouquet_list_descriptor>
        <bouquet name="SKY"/>
      </astra_bouquet_list_descriptor>
      <astra_virtual_service_id_descriptor virtual_service_id="0x138A"/>
    </service>
    <service service_id="0x0076" transport_stream_id="0x0006" original_network_id="0x0085" logical_channel_number="1,073" visible_service_flag="true" new_service_flag="false" genre_code="0x0000">
      <service_descriptor service_type="0x19" service_provider_name="SKY" service_name="Sky Nature HD"/>
      <CA_identifier_descriptor>
        <CA_system_id value="0x6195"/>
        <CA_system_id value="0x5890"/>
      </CA_identifier_descriptor>
      <private_data_specifier_descriptor private_data_specifier="Astra"/>
      <astra_bouquet_list_descriptor>
        <bouquet name="SKY"/>
      </astra_bouquet_list_descriptor>
      <astra_virtual_service_id_descriptor virtual_service_id="0x7616"/>
      <service_descriptor service_type="0x19" service_provider_name="SKY" service_name="NatGeo Wild HD"/>
      <CA_identifier_descriptor>
        <CA_system_id value="0x1833"/>
        <CA_system_id value="0x1702"/>
      </CA_identifier_descriptor>
      <private_data_specifier_descriptor private_data_specifier="Astra"/>
      <astra_bouquet_list_descriptor>
        <bouquet name="SKY"/>
      </astra_bouquet_list_descriptor>
      <astra_virtual_service_id_descriptor virtual_service_id="0x36C2"/>
      <service_descriptor service_type="0x19" service_provider_name="SKY" service_name="Nat Geo Wild HD"/>
      <CA_identifier_descriptor>
        <CA_system_id value="0x1833"/>
        <CA_system_id value="0x1702"/>
      </CA_identifier_descriptor>
      <private_data_specifier_descriptor private_data_specifier="Astra"/>
      <astra_bouquet_list_descriptor>
        <bouquet name="SKY"/>
      </astra_bouquet_list_descriptor>
      <astra_virtual_service_id_descriptor virtual_service_id="0x36C2"/>
    </service>
    <service service_id="0x0081" transport_stream_id="0x0006" original_network_id="0x0085" logical_channel_number="1,063" visible_service_flag="true" new_service_flag="false" genre_code="0x0000">
      <service_descriptor service_type="0x19" service_provider_name="SKY" service_name="Sky Sport Top Event HD"/>
      <CA_identifier_descriptor>
        <CA_system_id value="0x1833"/>
        <CA_system_id value="0x1702"/>
      </CA_identifier_descriptor>
      <private_data_specifier_descriptor private_data_specifier="Astra"/>
      <astra_bouquet_list_descriptor>
        <bouquet name="SKY"/>
      </astra_bouquet_list_descriptor>
      <astra_virtual_service_id_descriptor virtual_service_id="0x13D9"/>
      <service_descriptor service_type="0x19" service_provider_name="SKY" service_name="Sky Sport Top Event HD"/>
      <CA_identifier_descriptor>
        <CA_system_id value="0x1833"/>
        <CA_system_id value="0x1702"/>
      </CA_identifier_descriptor>
      <private_data_specifier_descriptor private_data_specifier="Astra"/>
      <astra_bouquet_list_descriptor>
        <bouquet name="SKY"/>
      </astra_bouquet_list_descriptor>
      <astra_virtual_service_id_descriptor virtual_service_id="0x13D9"/>
    </service>
    <service service_id="0x0082" transport_stream_id="0x0006" original_network_id="0x0085" logical_channel_number="1,061" visible_service_flag="true" new_service_flag="false" genre_code="0x0000">
      <service_descriptor service_type="0x19" service_provider_name="SKY" service_name="Discovery HD"/>
      <CA_identifier_descriptor>
        <CA_system_id value="0x1833"/>
        <CA_system_id value="0x1702"/>
      </CA_identifier_descriptor>
      <private_data_specifier_descriptor private_data_specifier="Astra"/>
      <astra_bouquet_list_descriptor>
        <bouquet name="SKY"/>
      </astra_bouquet_list_descriptor>
      <astra_virtual_service_id_descriptor virtual_service_id="0x13DA"/>
      <service_descriptor service_type="0x19" service_provider_name="SKY" service_name="Discovery HD"/>
      <CA_identifier_descriptor>
        <CA_system_id value="0x1833"/>
        <CA_system_id value="0x1702"/>
      </CA_identifier_descriptor>
      <private_data_specifier_descriptor private_data_specifier="Astra"/>
      <astra_bouquet_list_descriptor>
        <bouquet name="SKY"/>
      </astra_bouquet_list_descriptor>
      <astra_virtual_service_id_descriptor virtual_service_id="0x13DA"/>
    </service>
    <service service_id="0x0083" transport_stream_id="0x0006" original_network_id="0x0085" logical_channel_number="1,060" visible_service_flag="true" new_service_flag="false" genre_code="0x0000">
      <service_descriptor service_type="0x19" service_provider_name="SKY" service_name="Sky Cinema Premieren HD"/>
      <CA_identifier_descriptor>
        <CA_system_id value="0x1833"/>
        <CA_system_id value="0x1702"/>
      </CA_identifier_descriptor>
      <private_data_specifier_descriptor private_data_specifier="Astra"/>
      <astra_bouquet_list_descriptor>
        <bouquet name="SKY"/>
      </astra_bouquet_list_descriptor>
      <astra_virtual_service_id_descriptor virtual_service_id="0x13DB"/>
      <service_descriptor service_type="0x19" service_provider_name="SKY" service_name="Sky Cinema Premieren HD"/>
      <CA_identifier_descriptor>
        <CA_system_id value="0x1833"/>
        <CA_system_id value="0x1702"/>
      </CA_identifier_descriptor>
      <private_data_specifier_descriptor private_data_specifier="Astra"/>
      <astra_bouquet_list_descriptor>
        <bouquet name="SKY"/>
      </astra_bouquet_list_descriptor>
      <astra_virtual_service_id_descriptor virtual_service_id="0x13DB"/>
    </service>
    <service service_id="0x010B" transport_stream_id="0x0006" original_network_id="0x0085" logical_channel_number="611" visible_service_flag="true" new_service_flag="false" genre_code="0x0000">
      <service_descriptor service_type="0x19" service_provider_name="SKY" service_name="Sky Sport Bundesliga 1 HD"/>
      <CA_identifier_descriptor>
        <CA_system_id value="0x1833"/>
        <CA_system_id value="0x1702"/>
      </CA_identifier_descriptor>
      <private_data_specifier_descriptor private_data_specifier="Astra"/>
      <astra_bouquet_list_descriptor>
        <bouquet name="SKY"/>
      </astra_bouquet_list_descriptor>
      <astra_virtual_service_id_descriptor virtual_service_id="0x13FE"/>
    </service>
    <service service_id="0x010C" transport_stream_id="0x0006" original_network_id="0x0085" logical_channel_number="621" visible_service_flag="true" new_service_flag="false" genre_code="0x0000">
      <service_descriptor service_type="0x19" service_provider_name="SKY" service_name="Sky Sport 1 HD"/>
      <CA_identifier_descriptor>
        <CA_system_id value="0x1833"/>
        <CA_system_id value="0x1702"/>
      </CA_identifier_descriptor>
      <private_data_specifier_descriptor private_data_specifier="Astra"/>
      <astra_bouquet_list_descriptor>
        <bouquet name="SKY"/>
      </astra_bouquet_list_descriptor>
      <astra_virtual_service_id_descriptor virtual_service_id="0x1407"/>
    </service>
    <service service_id="0x0204" transport_stream_id="0x0006" original_network_id="0x0085" logical_channel_number="557" visible_service_flag="true" new_service_flag="false" genre_code="0x0000">
      <service_descriptor service_type="0x19" service_provider_name="SKY" service_name="Sky Cinema Classics HD"/>
      <CA_identifier_descriptor>
        <CA_system_id value="0x1833"/>
        <CA_system_id value="0x1702"/>
      </CA_identifier_descriptor>
      <private_data_specifier_descriptor private_data_specifier="Astra"/>
      <astra_bouquet_list_descriptor>
        <bouquet name="SKY"/>
      </astra_bouquet_list_descriptor>
      <astra_virtual_service_id_descriptor virtual_service_id="0x1390"/>
    </service>
    <service service_id="0x0036" transport_stream_id="0x0007" original_network_id="0x0085" logical_channel_number="767" visible_service_flag="true" new_service_flag="false" genre_code="0x0000">
      <service_descriptor service_type="0x01" service_provider_name="BetaDigital" service_name="Genius Exklusiv"/>
      <private_data_specifier_descriptor private_data_specifier="Astra"/>
      <astra_bouquet_list_descriptor>
        <bouquet name="Sparten"/>
      </astra_bouquet_list_descriptor>
      <astra_virtual_service_id_descriptor virtual_service_id="0x1B9B"/>
    </service>
    <service service_id="0x0041" transport_stream_id="0x0007" original_network_id="0x0085" logical_channel_number="1,260" visible_service_flag="true" new_service_flag="false" genre_code="0x0000">
      <service_descriptor service_type="0x01" service_provider_name="BetaDigital" service_name="DELUXE MUSIC"/>
      <private_data_specifier_descriptor private_data_specifier="Astra"/>
      <astra_bouquet_list_descriptor>
        <bouquet name="Sparten"/>
      </astra_bouquet_list_descriptor>
      <astra_virtual_service_id_descriptor virtual_service_id="0x1B84"/>
      <service_descriptor service_type="0x01" service_provider_name="BetaDigital" service_name="DELUXE MUSIC"/>
      <private_data_specifier_descriptor private_data_specifier="Astra"/>
      <astra_bouquet_list_descriptor>
        <bouquet name="Sparten"/>
      </astra_bouquet_list_descriptor>
      <astra_virtual_service_id_descriptor virtual_service_id="0x1B84"/>
    </service>
    <service service_id="0x0047" transport_stream_id="0x0007" original_network_id="0x0085" logical_channel_number="796" visible_service_flag="true" new_service_flag="false" genre_code="0x0000">
      <service_descriptor service_type="0x01" service_provider_name="BetaDigital" service_name=".TLC Austria"/>
      <private_data_specifier_descriptor private_data_specifier="Astra"/>
      <astra_bouquet_list_descriptor>
        <bouquet name="Sparten"/>
      </astra_bouquet_list_descriptor>
      <astra_virtual_service_id_descriptor virtual_service_id="0x1BB8"/>
    </service>
    <service service_id="0x0048" transport_stream_id="0x0007" original_network_id="0x0085" logical_channel_number="791" visible_service_flag="true" new_service_flag="false" genre_code="0x0000">
      <service_descriptor service_type="0x01" service_provider_name="BetaDigital" service_name="."/>
      <private_data_specifier_descriptor private_data_specifier="Astra"/>
      <astra_bouquet_list_descriptor>
        <bouquet name="Sparten"/>
      </astra_bouquet_list_descriptor>
      <astra_virtual_service_id_descriptor virtual_service_id="0x1BB3"/>
    </service>
    <service service_id="0x0049" transport_stream_id="0x0007" original_network_id="0x0085" logical_channel_number="919" visible_service_flag="true" new_service_flag="false" genre_code="0x0000">
      <service_descriptor service_type="0x01" service_provider_name="BetaDigital" service_name="DMAX Austria"/>
      <private_data_specifier_descriptor private_data_specifier="Astra"/>
      <astra_bouquet_list_descriptor>
        <bouquet name="Österreich"/>
      </astra_bouquet_list_descriptor>
      <astra_virtual_service_id_descriptor virtual_service_id="0x7583"/>
    </service>
    <service service_id="0x00A0" transport_stream_id="0x0007" original_network_id="0x0085" logical_channel_number="201" visible_service_flag="true" new_service_flag="false" genre_code="0x0000">
      <service_descriptor service_type="0x02" service_provider_name="BetaDigital" service_name="ROCK ANTENNE"/>
      <private_data_specifier_descriptor private_data_specifier="Astra"/>
      <astra_bouquet_list_descriptor/>
    </service>
    <service service_id="0x00A9" transport_stream_id="0x0007" original_network_id="0x0085" logical_channel_number="210" visible_service_flag="true" new_service_flag="false" genre_code="0x0000">
      <service_descriptor service_type="0x02" service_provider_name="BetaDigital" service_name="sunshine live"/>
      <private_data_specifier_descriptor private_data_specifier="Astra"/>
      <astra_bouquet_list_descriptor/>
    </service>
    <service service_id="0x00AA" transport_stream_id="0x0007" original_network_id="0x0085" logical_channel_number="200" visible_service_flag="true" new_service_flag="false" genre_code="0x0000">
      <service_descriptor service_type="0x02" service_provider_name="BetaDigital" service_name="ANTENNE BAYERN"/>
      <private_data_specifier_descriptor private_data_specifier="Astra"/>
      <astra_bouquet_list_descriptor/>
    </service>
    <service service_id="0x00B0" transport_stream_id="0x0007" original_network_id="0x0085" logical_channel_number="211" visible_service_flag="true" new_service_flag="false" genre_code="0x0000">
      <service_descriptor service_type="0x02" service_provider_name="BetaDigital" service_name="."/>
      <private_data_specifier_descriptor private_data_specifier="Astra"/>
      <astra_bouquet_list_descriptor/>
    </service>
    <service service_id="0x0202" transport_stream_id="0x0007" original_network_id="0x0085" logical_channel_number="777" visible_service_flag="true" new_service_flag="false" genre_code="0x0000">
      <service_descriptor service_type="0x01" service_provider_name="BetaDigital" service_name="Immer etwas Neues TV"/>
      <private_data_specifier_descriptor private_data_specifier="Astra"/>
      <astra_bouquet_list_descriptor>
        <bouquet name="Sparten"/>
      </astra_bouquet_list_descriptor>
      <astra_virtual_service_id_descriptor virtual_service_id="0x1BA5"/>
    </service>
    <service service_id="0x0301" transport_stream_id="0x0007" original_network_id="0x0085" logical_channel_number="779" visible_service_flag="true" new_service_flag="false" genre_code="0x0000">
      <service_descriptor service_type="0x01" service_provider_name="BetaDigital" service_name="Channel21"/>
      <private_data_specifier_descriptor private_data_specifier="Astra"/>
      <astra_bouquet_list_descriptor>
        <bouquet name="Sparten"/>
      </astra_bouquet_list_descriptor>
      <astra_virtual_service_id_descriptor virtual_service_id="0x1BA7"/>
    </service>
    <service service_id="0x0306" transport_stream_id="0x0007" original_network_id="0x0085" logical_channel_number="788" visible_service_flag="true" new_service_flag="false" genre_code="0x0000">
      <service_descriptor service_type="0x01" service_provider_name="-" service_name="FOLX MUSIC TELEVISION"/>
      <private_data_specifier_descriptor private_data_specifier="Astra"/>
      <astra_bouquet_list_descriptor>
        <bouquet name="Ausland"/>
      </astra_bouquet_list_descriptor>
      <astra_virtual_service_id_descriptor virtual_service_id="0x75B1"/>
    </service>
    <service service_id="0x0307" transport_stream_id="0x0007" original_network_id="0x0085" logical_channel_number="745" visible_service_flag="true" new_service_flag="false" genre_code="0x0000">
      <service_descriptor service_type="0x01" service_provider_name="BetaDigital" service_name="MediaShop- Meine Einkaufswelt"/>
      <private_data_specifier_descriptor private_data_specifier="Astra"/>
      <astra_bouquet_list_descriptor>
        <bouquet name="Sparten"/>
      </astra_bouquet_list_descriptor>
      <astra_virtual_service_id_descriptor virtual_service_id="0x1B85"/>
    </service>
    <service service_id="0x0011" transport_stream_id="0x0009" original_network_id="0x0085" logical_channel_number="603" visible_service_flag="true" new_service_flag="false" genre_code="0x0000">
      <service_descriptor service_type="0x19" service_provider_name="SKY" service_name="Sky Sport F1 HD"/>
      <CA_identifier_descriptor>
        <CA_system_id value="0x1833"/>
        <CA_system_id value="0x1702"/>
      </CA_identifier_descriptor>
      <private_data_specifier_descriptor private_data_specifier="Astra"/>
      <astra_bouquet_list_descriptor>
        <bouquet name="SKY"/>
      </astra_bouquet_list_descriptor>
      <astra_virtual_service_id_descriptor virtual_service_id="0x7611"/>
    </service>
    <service service_id="0x0065" transport_stream_id="0x0009" original_network_id="0x0085" logical_channel_number="1,096" visible_service_flag="true" new_service_flag="false" genre_code="0x0000">
      <service_descriptor service_type="0x19" service_provider_name="SKY" service_name="Universal HD"/>
      <CA_identifier_descriptor>
        <CA_system_id value="0x1833"/>
        <CA_system_id value="0x1702"/>
      </CA_identifier_descriptor>
      <private_data_specifier_descriptor private_data_specifier="Astra"/>
      <astra_bouquet_list_descriptor>
        <bouquet name="SKY"/>
      </astra_bouquet_list_descriptor>
      <astra_virtual_service_id_descriptor virtual_service_id="0x141A"/>
      <service_descriptor service_type="0x19" service_provider_name="SKY" service_name="Universal HD"/>
      <CA_identifier_descriptor>
        <CA_system_id value="0x1833"/>
        <CA_system_id value="0x1702"/>
      </CA_identifier_descriptor>
      <private_data_specifier_descriptor private_data_specifier="Astra"/>
      <astra_bouquet_list_descriptor>
        <bouquet name="SKY"/>
      </astra_bouquet_list_descriptor>
      <astra_virtual_service_id_descriptor virtual_service_id="0x141A"/>
    </service>
    <service service_id="0x0074" transport_stream_id="0x0009" original_network_id="0x0085" logical_channel_number="1,069" visible_service_flag="true" new_service_flag="false" genre_code="0x0000">
      <service_descriptor service_type="0x19" service_provider_name="SKY" service_name="Sky Cinema Action HD"/>
      <CA_identifier_descriptor>
        <CA_system_id value="0x1833"/>
        <CA_system_id value="0x1702"/>
      </CA_identifier_descriptor>
      <private_data_specifier_descriptor private_data_specifier="Astra"/>
      <astra_bouquet_list_descriptor>
        <bouquet name="SKY"/>
      </astra_bouquet_list_descriptor>
      <astra_virtual_service_id_descriptor virtual_service_id="0x13ED"/>
      <service_descriptor service_type="0x19" service_provider_name="SKY" service_name="Sky Cinema Action HD"/>
      <CA_identifier_descriptor>
        <CA_system_id value="0x1833"/>
        <CA_system_id value="0x1702"/>
      </CA_identifier_descriptor>
      <private_data_specifier_descriptor private_data_specifier="Astra"/>
      <astra_bouquet_list_descriptor>
        <bouquet name="SKY"/>
      </astra_bouquet_list_descriptor>
      <astra_virtual_service_id_descriptor virtual_service_id="0x13ED"/>
    </service>
    <service service_id="0x007B" transport_stream_id="0x0009" original_network_id="0x0085" logical_channel_number="1,075" visible_service_flag="true" new_service_flag="false" genre_code="0x0000">
      <service_descriptor service_type="0x19" service_provider_name="SKY" service_name="Warner TV Serie HD"/>
      <CA_identifier_descriptor>
        <CA_system_id value="0x1833"/>
        <CA_system_id value="0x1702"/>
      </CA_identifier_descriptor>
      <private_data_specifier_descriptor private_data_specifier="Astra"/>
      <astra_bouquet_list_descriptor>
        <bouquet name="SKY"/>
      </astra_bouquet_list_descriptor>
      <astra_virtual_service_id_descriptor virtual_service_id="0x36E3"/>
      <service_descriptor service_type="0x19" service_provider_name="SKY" service_name="Warner TV Serie HD"/>
      <CA_identifier_descriptor>
        <CA_system_id value="0x1833"/>
        <CA_system_id value="0x1702"/>
      </CA_identifier_descriptor>
      <private_data_specifier_descriptor private_data_specifier="Astra"/>
      <astra_bouquet_list_descriptor>
        <bouquet name="SKY"/>
      </astra_bouquet_list_descriptor>
      <astra_virtual_service_id_descriptor virtual_service_id="0x36E3"/>
    </service>
    <service service_id="0x0084" transport_stream_id="0x0009" original_network_id="0x0085" logical_channel_number="639" visible_service_flag="true" new_service_flag="false" genre_code="0x0000">
      <service_descriptor service_type="0x19" service_provider_name="SKY" service_name="DAZN 1  HD"/>
      <CA_identifier_descriptor>
        <CA_system_id value="0x1833"/>
        <CA_system_id value="0x1702"/>
      </CA_identifier_descriptor>
      <private_data_specifier_descriptor private_data_specifier="Astra"/>
      <astra_bouquet_list_descriptor>
        <bouquet name="SKY"/>
      </astra_bouquet_list_descriptor>
      <astra_virtual_service_id_descriptor virtual_service_id="0x75E9"/>
    </service>
    <service service_id="0x0085" transport_stream_id="0x0009" original_network_id="0x0085" logical_channel_number="540" visible_service_flag="true" new_service_flag="false" genre_code="0x0000">
      <service_descriptor service_type="0x19" service_provider_name="SKY" service_name="Beate Uhse HD"/>
      <CA_identifier_descriptor>
        <CA_system_id value="0x1833"/>
        <CA_system_id value="0x1702"/>
      </CA_identifier_descriptor>
      <private_data_specifier_descriptor private_data_specifier="Astra"/>
      <astra_bouquet_list_descriptor>
        <bouquet name="SKY"/>
      </astra_bouquet_list_descriptor>
      <astra_virtual_service_id_descriptor virtual_service_id="0x75F2"/>
    </service>
    <service service_id="0x008D" transport_stream_id="0x0009" original_network_id="0x0085" logical_channel_number="605" visible_service_flag="true" new_service_flag="false" genre_code="0x0000">
      <service_descriptor service_type="0x19" service_provider_name="SKY" service_name="Sky Sport Mix HD"/>
      <CA_identifier_descriptor>
        <CA_system_id value="0x1833"/>
        <CA_system_id value="0x1702"/>
      </CA_identifier_descriptor>
      <private_data_specifier_descriptor private_data_specifier="Astra"/>
      <astra_bouquet_list_descriptor>
        <bouquet name="SKY"/>
      </astra_bouquet_list_descriptor>
      <astra_virtual_service_id_descriptor virtual_service_id="0x7620"/>
    </service>
    <service service_id="0x0091" transport_stream_id="0x0009" original_network_id="0x0085" logical_channel_number="604" visible_service_flag="true" new_service_flag="false" genre_code="0x0000">
      <service_descriptor service_type="0x19" service_provider_name="SKY" service_name="Sky Sport Premier League  HD"/>
      <CA_identifier_descriptor>
        <CA_system_id value="0x1833"/>
        <CA_system_id value="0x1702"/>
      </CA_identifier_descriptor>
      <private_data_specifier_descriptor private_data_specifier="Astra"/>
      <astra_bouquet_list_descriptor>
        <bouquet name="SKY"/>
      </astra_bouquet_list_descriptor>
      <astra_virtual_service_id_descriptor virtual_service_id="0x761F"/>
    </service>
    <service service_id="0x0105" transport_stream_id="0x0009" original_network_id="0x0085" logical_channel_number="637" visible_service_flag="true" new_service_flag="false" genre_code="0x0000">
      <service_descriptor service_type="0x19" service_provider_name="SKY" service_name="Sky Sport Austria 7 HD"/>
      <CA_identifier_descriptor>
        <CA_system_id value="0x1833"/>
        <CA_system_id value="0x1702"/>
      </CA_identifier_descriptor>
      <private_data_specifier_descriptor private_data_specifier="Astra"/>
      <astra_bouquet_list_descriptor>
        <bouquet name="SKY"/>
      </astra_bouquet_list_descriptor>
      <astra_virtual_service_id_descriptor virtual_service_id="0x7610"/>
    </service>
    <service service_id="0x013D" transport_stream_id="0x0009" original_network_id="0x0085" logical_channel_number="616" visible_service_flag="true" new_service_flag="false" genre_code="0x0000">
      <service_descriptor service_type="0x19" service_provider_name="SKY" service_name="Sky Sport Bundesliga 6 HD"/>
      <CA_identifier_descriptor>
        <CA_system_id value="0x1833"/>
        <CA_system_id value="0x1702"/>
      </CA_identifier_descriptor>
      <private_data_specifier_descriptor private_data_specifier="Astra"/>
      <astra_bouquet_list_descriptor>
        <bouquet name="SKY"/>
      </astra_bouquet_list_descriptor>
      <astra_virtual_service_id_descriptor virtual_service_id="0x1403"/>
    </service>
    <service service_id="0x013E" transport_stream_id="0x0009" original_network_id="0x0085" logical_channel_number="626" visible_service_flag="true" new_service_flag="false" genre_code="0x0000">
      <service_descriptor service_type="0x19" service_provider_name="SKY" service_name="Sky Sport 6 HD"/>
      <CA_identifier_descriptor>
        <CA_system_id value="0x1833"/>
        <CA_system_id value="0x1702"/>
      </CA_identifier_descriptor>
      <private_data_specifier_descriptor private_data_specifier="Astra"/>
      <astra_bouquet_list_descriptor>
        <bouquet name="SKY"/>
      </astra_bouquet_list_descriptor>
      <astra_virtual_service_id_descriptor virtual_service_id="0x140C"/>
    </service>
    <service service_id="0x0147" transport_stream_id="0x0009" original_network_id="0x0085" logical_channel_number="617" visible_service_flag="true" new_service_flag="false" genre_code="0x0000">
      <service_descriptor service_type="0x19" service_provider_name="SKY" service_name="Sky Sport Bundesliga 7 HD"/>
      <CA_identifier_descriptor>
        <CA_system_id value="0x1833"/>
        <CA_system_id value="0x1702"/>
      </CA_identifier_descriptor>
      <private_data_specifier_descriptor private_data_specifier="Astra"/>
      <astra_bouquet_list_descriptor>
        <bouquet name="SKY"/>
      </astra_bouquet_list_descriptor>
      <astra_virtual_service_id_descriptor virtual_service_id="0x1404"/>
    </service>
    <service service_id="0x0148" transport_stream_id="0x0009" original_network_id="0x0085" logical_channel_number="627" visible_service_flag="true" new_service_flag="false" genre_code="0x0000">
      <service_descriptor service_type="0x19" service_provider_name="SKY" service_name="Sky Sport 7 HD"/>
      <CA_identifier_descriptor>
        <CA_system_id value="0x1833"/>
        <CA_system_id value="0x1702"/>
      </CA_identifier_descriptor>
      <private_data_specifier_descriptor private_data_specifier="Astra"/>
      <astra_bouquet_list_descriptor>
        <bouquet name="SKY"/>
      </astra_bouquet_list_descriptor>
      <astra_virtual_service_id_descriptor virtual_service_id="0x140D"/>
    </service>
    <service service_id="0x006D" transport_stream_id="0x000B" original_network_id="0x0085" logical_channel_number="1,095" visible_service_flag="true" new_service_flag="false" genre_code="0x0000">
      <service_descriptor service_type="0x19" service_provider_name="SKY" service_name="Eurosport 2 HD"/>
      <CA_identifier_descriptor>
        <CA_system_id value="0x1833"/>
        <CA_system_id value="0x1702"/>
      </CA_identifier_descriptor>
      <private_data_specifier_descriptor private_data_specifier="Astra"/>
      <astra_bouquet_list_descriptor>
        <bouquet name="SKY"/>
      </astra_bouquet_list_descriptor>
      <astra_virtual_service_id_descriptor virtual_service_id="0x1410"/>
      <service_descriptor service_type="0x19" service_provider_name="SKY" service_name="Eurosport 2 HD"/>
      <CA_identifier_descriptor>
        <CA_system_id value="0x1833"/>
        <CA_system_id value="0x1702"/>
      </CA_identifier_descriptor>
      <private_data_specifier_descriptor private_data_specifier="Astra"/>
      <astra_bouquet_list_descriptor>
        <bouquet name="SKY"/>
      </astra_bouquet_list_descriptor>
      <astra_virtual_service_id_descriptor virtual_service_id="0x1410"/>
    </service>
    <service service_id="0x0071" transport_stream_id="0x000B" original_network_id="0x0085" logical_channel_number="1,067" visible_service_flag="true" new_service_flag="false" genre_code="0x0000">
      <service_descriptor service_type="0x19" service_provider_name="SKY" service_name="HISTORY Channel HD"/>
      <CA_identifier_descriptor>
        <CA_system_id value="0x1833"/>
        <CA_system_id value="0x1702"/>
      </CA_identifier_descriptor>
      <private_data_specifier_descriptor private_data_specifier="Astra"/>
      <astra_bouquet_list_descriptor>
        <bouquet name="SKY"/>
      </astra_bouquet_list_descriptor>
      <astra_virtual_service_id_descriptor virtual_service_id="0x13DF"/>
      <service_descriptor service_type="0x19" service_provider_name="SKY" service_name="History HD"/>
      <CA_identifier_descriptor>
        <CA_system_id value="0x1833"/>
        <CA_system_id value="0x1702"/>
      </CA_identifier_descriptor>
      <private_data_specifier_descriptor private_data_specifier="Astra"/>
      <astra_bouquet_list_descriptor>
        <bouquet name="SKY"/>
      </astra_bouquet_list_descriptor>
      <astra_virtual_service_id_descriptor virtual_service_id="0x13DF"/>
    </service>
    <service service_id="0x007D" transport_stream_id="0x000B" original_network_id="0x0085" logical_channel_number="538" visible_service_flag="true" new_service_flag="false" genre_code="0x0000">
      <service_descriptor service_type="0x19" service_provider_name="SKY" service_name="CNBC HD"/>
      <CA_identifier_descriptor>
        <CA_system_id value="0x1833"/>
        <CA_system_id value="0x1702"/>
      </CA_identifier_descriptor>
      <private_data_specifier_descriptor private_data_specifier="Astra"/>
      <astra_bouquet_list_descriptor>
        <bouquet name="SKY"/>
      </astra_bouquet_list_descriptor>
      <astra_virtual_service_id_descriptor virtual_service_id="0x75FF"/>
    </service>
    <service service_id="0x0080" transport_stream_id="0x000B" original_network_id="0x0085" logical_channel_number="1,089" visible_service_flag="true" new_service_flag="false" genre_code="0x0000">
      <service_descriptor service_type="0x19" service_provider_name="SKY" service_name="E! Entertainm. HD"/>
      <CA_identifier_descriptor>
        <CA_system_id value="0x1833"/>
        <CA_system_id value="0x1702"/>
      </CA_identifier_descriptor>
      <private_data_specifier_descriptor private_data_specifier="Astra"/>
      <astra_bouquet_list_descriptor>
        <bouquet name="SKY"/>
      </astra_bouquet_list_descriptor>
      <astra_virtual_service_id_descriptor virtual_service_id="0x13FC"/>
    </service>
    <service service_id="0x0086" transport_stream_id="0x000B" original_network_id="0x0085" logical_channel_number="551" visible_service_flag="true" new_service_flag="false" genre_code="0x0000">
      <service_descriptor service_type="0x19" service_provider_name="SKY" service_name="Sky Cinema Premieren +24 HD"/>
      <CA_identifier_descriptor>
        <CA_system_id value="0x1833"/>
        <CA_system_id value="0x1702"/>
      </CA_identifier_descriptor>
      <private_data_specifier_descriptor private_data_specifier="Astra"/>
      <astra_bouquet_list_descriptor>
        <bouquet name="SKY"/>
      </astra_bouquet_list_descriptor>
      <astra_virtual_service_id_descriptor virtual_service_id="0x7580"/>
    </service>
    <service service_id="0x0087" transport_stream_id="0x000B" original_network_id="0x0085" logical_channel_number="552" visible_service_flag="true" new_service_flag="false" genre_code="0x0000">
      <service_descriptor service_type="0x19" service_provider_name="SKY" service_name="Sky Cinema Best of HD"/>
      <CA_identifier_descriptor>
        <CA_system_id value="0x1833"/>
        <CA_system_id value="0x1702"/>
      </CA_identifier_descriptor>
      <private_data_specifier_descriptor private_data_specifier="Astra"/>
      <astra_bouquet_list_descriptor>
        <bouquet name="SKY"/>
      </astra_bouquet_list_descriptor>
      <astra_virtual_service_id_descriptor virtual_service_id="0x7581"/>
    </service>
    <service service_id="0x0088" transport_stream_id="0x000B" original_network_id="0x0085" logical_channel_number="1,101" visible_service_flag="true" new_service_flag="false" genre_code="0x0000">
      <service_descriptor service_type="0x19" service_provider_name="SKY" service_name="Warner TV Comedy HD"/>
      <CA_identifier_descriptor>
        <CA_system_id value="0x1833"/>
        <CA_system_id value="0x1702"/>
      </CA_identifier_descriptor>
      <private_data_specifier_descriptor private_data_specifier="Astra"/>
      <astra_bouquet_list_descriptor>
        <bouquet name="SKY"/>
      </astra_bouquet_list_descriptor>
      <astra_virtual_service_id_descriptor virtual_service_id="0x7574"/>
      <service_descriptor service_type="0x19" service_provider_name="SKY" service_name="Warner TV Comedy HD"/>
      <CA_identifier_descriptor>
        <CA_system_id value="0x1833"/>
        <CA_system_id value="0x1702"/>
      </CA_identifier_descriptor>
      <private_data_specifier_descriptor private_data_specifier="Astra"/>
      <astra_bouquet_list_descriptor>
        <bouquet name="SKY"/>
      </astra_bouquet_list_descriptor>
      <astra_virtual_service_id_descriptor virtual_service_id="0x7574"/>
    </service>
    <service service_id="0x008E" transport_stream_id="0x000B" original_network_id="0x0085" logical_channel_number="500" visible_service_flag="true" new_service_flag="false" genre_code="0x0000">
      <service_descriptor service_type="0x19" service_provider_name="SKY" service_name="Sky Showcase HD"/>
      <CA_identifier_descriptor>
        <CA_system_id value="0x1833"/>
        <CA_system_id value="0x1702"/>
      </CA_identifier_descriptor>
      <private_data_specifier_descriptor private_data_specifier="Astra"/>
      <astra_bouquet_list_descriptor>
        <bouquet name="SKY"/>
      </astra_bouquet_list_descriptor>
      <astra_virtual_service_id_descriptor virtual_service_id="0x7622"/>
    </service>
    <service service_id="0x00A8" transport_stream_id="0x000B" original_network_id="0x0085" logical_channel_number="531" visible_service_flag="true" new_service_flag="false" genre_code="0x0000">
      <service_descriptor service_type="0x16" service_provider_name="SKY" service_name="Motorvision TV"/>
      <CA_identifier_descriptor>
        <CA_system_id value="0x1833"/>
        <CA_system_id value="0x1702"/>
      </CA_identifier_descriptor>
      <private_data_specifier_descriptor private_data_specifier="Astra"/>
      <astra_bouquet_list_descriptor>
        <bouquet name="SKY"/>
      </astra_bouquet_list_descriptor>
      <astra_virtual_service_id_descriptor virtual_service_id="0x13A1"/>
    </service>
    <service service_id="0x0101" transport_stream_id="0x000B" original_network_id="0x0085" logical_channel_number="619" visible_service_flag="true" new_service_flag="false" genre_code="0x0000">
      <service_descriptor service_type="0x19" service_provider_name="SKY" service_name="Sky Sport Bundesliga 9 HD"/>
      <CA_identifier_descriptor>
        <CA_system_id value="0x1833"/>
        <CA_system_id value="0x1702"/>
      </CA_identifier_descriptor>
      <private_data_specifier_descriptor private_data_specifier="Astra"/>
      <astra_bouquet_list_descriptor>
        <bouquet name="SKY"/>
      </astra_bouquet_list_descriptor>
      <astra_virtual_service_id_descriptor virtual_service_id="0x1406"/>
    </service>
    <service service_id="0x0102" transport_stream_id="0x000B" original_network_id="0x0085" logical_channel_number="629" visible_service_flag="true" new_service_flag="false" genre_code="0x0000">
      <service_descriptor service_type="0x19" service_provider_name="SKY" service_name="Sky Sport 9 HD"/>
      <CA_identifier_descriptor>
        <CA_system_id value="0x1833"/>
        <CA_system_id value="0x1702"/>
      </CA_identifier_descriptor>
      <private_data_specifier_descriptor private_data_specifier="Astra"/>
      <astra_bouquet_list_descriptor>
        <bouquet name="SKY"/>
      </astra_bouquet_list_descriptor>
      <astra_virtual_service_id_descriptor virtual_service_id="0x140F"/>
    </service>
    <service service_id="0x0103" transport_stream_id="0x000B" original_network_id="0x0085" logical_channel_number="634" visible_service_flag="true" new_service_flag="false" genre_code="0x0000">
      <service_descriptor service_type="0x19" service_provider_name="SKY" service_name="Sky Sport Austria 4 HD"/>
      <CA_identifier_descriptor>
        <CA_system_id value="0x1833"/>
        <CA_system_id value="0x1702"/>
      </CA_identifier_descriptor>
      <private_data_specifier_descriptor private_data_specifier="Astra"/>
      <astra_bouquet_list_descriptor>
        <bouquet name="SKY"/>
      </astra_bouquet_list_descriptor>
      <astra_virtual_service_id_descriptor virtual_service_id="0x75F5"/>
    </service>
    <service service_id="0x010D" transport_stream_id="0x000B" original_network_id="0x0085" logical_channel_number="630" visible_service_flag="true" new_service_flag="false" genre_code="0x0000">
      <service_descriptor service_type="0x19" service_provider_name="SKY" service_name="Sky Sport 10 HD"/>
      <CA_identifier_descriptor>
        <CA_system_id value="0x1833"/>
        <CA_system_id value="0x1702"/>
      </CA_identifier_descriptor>
      <private_data_specifier_descriptor private_data_specifier="Astra"/>
      <astra_bouquet_list_descriptor>
        <bouquet name="SKY"/>
      </astra_bouquet_list_descriptor>
      <astra_virtual_service_id_descriptor virtual_service_id="0x761D"/>
    </service>
    <service service_id="0x010F" transport_stream_id="0x000B" original_network_id="0x0085" logical_channel_number="620" visible_service_flag="true" new_service_flag="false" genre_code="0x0000">
      <service_descriptor service_type="0x19" service_provider_name="SKY" service_name="Sky Sport Bundesliga 10 HD"/>
      <CA_identifier_descriptor>
        <CA_system_id value="0x1833"/>
        <CA_system_id value="0x1702"/>
      </CA_identifier_descriptor>
      <private_data_specifier_descriptor private_data_specifier="Astra"/>
      <astra_bouquet_list_descriptor>
        <bouquet name="SKY"/>
      </astra_bouquet_list_descriptor>
      <astra_virtual_service_id_descriptor virtual_service_id="0x761E"/>
    </service>
    <service service_id="0x0146" transport_stream_id="0x000B" original_network_id="0x0085" logical_channel_number="635" visible_service_flag="true" new_service_flag="false" genre_code="0x0000">
      <service_descriptor service_type="0x19" service_provider_name="SKY" service_name="Sky Sport Austria 5 HD"/>
      <CA_identifier_descriptor>
        <CA_system_id value="0x1833"/>
        <CA_system_id value="0x1702"/>
      </CA_identifier_descriptor>
      <private_data_specifier_descriptor private_data_specifier="Astra"/>
      <astra_bouquet_list_descriptor>
        <bouquet name="SKY"/>
      </astra_bouquet_list_descriptor>
      <astra_virtual_service_id_descriptor virtual_service_id="0x760E"/>
    </service>
    <service service_id="0x0194" transport_stream_id="0x000B" original_network_id="0x0085" logical_channel_number="536" visible_service_flag="true" new_service_flag="false" genre_code="0x0000">
      <service_descriptor service_type="0x01" service_provider_name="SKY" service_name="Cartoon Network"/>
      <CA_identifier_descriptor>
        <CA_system_id value="0x1833"/>
        <CA_system_id value="0x1702"/>
      </CA_identifier_descriptor>
      <private_data_specifier_descriptor private_data_specifier="Astra"/>
      <astra_bouquet_list_descriptor>
        <bouquet name="SKY"/>
      </astra_bouquet_list_descriptor>
      <astra_virtual_service_id_descriptor virtual_service_id="0x13CE"/>
    </service>
    <service service_id="0x001C" transport_stream_id="0x000C" original_network_id="0x0085" logical_channel_number="532" visible_service_flag="true" new_service_flag="false" genre_code="0x0000">
      <service_descriptor service_type="0x16" service_provider_name="SKY" service_name="Boomerang"/>
      <CA_identifier_descriptor>
        <CA_system_id value="0x1833"/>
        <CA_system_id value="0x1702"/>
      </CA_identifier_descriptor>
      <private_data_specifier_descriptor private_data_specifier="Astra"/>
      <astra_bouquet_list_descriptor>
        <bouquet name="SKY"/>
      </astra_bouquet_list_descriptor>
      <astra_virtual_service_id_descriptor virtual_service_id="0x139A"/>
    </service>
    <service service_id="0x0069" transport_stream_id="0x000C" original_network_id="0x0085" logical_channel_number="1,071" visible_service_flag="true" new_service_flag="false" genre_code="0x0000">
      <service_descriptor service_type="0x19" service_provider_name="SKY" service_name="Sky Sport Bundesliga  HD"/>
      <CA_identifier_descriptor>
        <CA_system_id value="0x1833"/>
        <CA_system_id value="0x1702"/>
      </CA_identifier_descriptor>
      <private_data_specifier_descriptor private_data_specifier="Astra"/>
      <astra_bouquet_list_descriptor>
        <bouquet name="SKY"/>
      </astra_bouquet_list_descriptor>
      <astra_virtual_service_id_descriptor virtual_service_id="0x13F4"/>
      <service_descriptor service_type="0x19" service_provider_name="SKY" service_name="Sky Sport Bundesliga HD"/>
      <CA_identifier_descriptor>
        <CA_system_id value="0x1833"/>
        <CA_system_id value="0x1702"/>
      </CA_identifier_descriptor>
      <private_data_specifier_descriptor private_data_specifier="Astra"/>
      <astra_bouquet_list_descriptor>
        <bouquet name="SKY"/>
      </astra_bouquet_list_descriptor>
      <astra_virtual_service_id_descriptor virtual_service_id="0x13F4"/>
    </service>
    <service service_id="0x006B" transport_stream_id="0x000C" original_network_id="0x0085" logical_channel_number="1,070" visible_service_flag="true" new_service_flag="false" genre_code="0x0000">
      <service_descriptor service_type="0x19" service_provider_name="SKY" service_name="Sky Cinema Thriller HD"/>
      <CA_identifier_descriptor>
        <CA_system_id value="0x1833"/>
        <CA_system_id value="0x1702"/>
      </CA_identifier_descriptor>
      <private_data_specifier_descriptor private_data_specifier="Astra"/>
      <astra_bouquet_list_descriptor>
        <bouquet name="SKY"/>
      </astra_bouquet_list_descriptor>
      <astra_virtual_service_id_descriptor virtual_service_id="0x13EE"/>
      <service_descriptor service_type="0x19" service_provider_name="SKY" service_name="Sky Cinema Thriller HD"/>
      <CA_identifier_descriptor>
        <CA_system_id value="0x1833"/>
        <CA_system_id value="0x1702"/>
      </CA_identifier_descriptor>
      <private_data_specifier_descriptor private_data_specifier="Astra"/>
      <astra_bouquet_list_descriptor>
        <bouquet name="SKY"/>
      </astra_bouquet_list_descriptor>
      <astra_virtual_service_id_descriptor virtual_service_id="0x13EE"/>
    </service>
    <service service_id="0x006C" transport_stream_id="0x000C" original_network_id="0x0085" logical_channel_number="1,079" visible_service_flag="true" new_service_flag="false" genre_code="0x0000">
      <service_descriptor service_type="0x19" service_provider_name="SKY" service_name="Sky Sport News HD"/>
      <private_data_specifier_descriptor private_data_specifier="Astra"/>
      <astra_bouquet_list_descriptor>
        <bouquet name="SKY"/>
      </astra_bouquet_list_descriptor>
      <astra_virtual_service_id_descriptor virtual_service_id="0x13F5"/>
      <service_descriptor service_type="0x19" service_provider_name="SKY" service_name="Sky Sport News HD"/>
      <private_data_specifier_descriptor private_data_specifier="Astra"/>
      <astra_bouquet_list_descriptor>
        <bouquet name="SKY"/>
      </astra_bouquet_list_descriptor>
      <astra_virtual_service_id_descriptor virtual_service_id="0x13F5"/>
    </service>
    <service service_id="0x007C" transport_stream_id="0x000C" original_network_id="0x0085" logical_channel_number="507" visible_service_flag="true" new_service_flag="false" genre_code="0x0000">
      <service_descriptor service_type="0x19" service_provider_name="SKY" service_name="Sky Replay HD"/>
      <CA_identifier_descriptor>
        <CA_system_id value="0x6195"/>
        <CA_system_id value="0x5890"/>
      </CA_identifier_descriptor>
      <private_data_specifier_descriptor private_data_specifier="Astra"/>
      <astra_bouquet_list_descriptor>
        <bouquet name="SKY"/>
      </astra_bouquet_list_descriptor>
      <astra_virtual_service_id_descriptor virtual_service_id="0x760A"/>
    </service>
    <service service_id="0x007E" transport_stream_id="0x000C" original_network_id="0x0085" logical_channel_number="1,087" visible_service_flag="true" new_service_flag="false" genre_code="0x0000">
      <service_descriptor service_type="0x19" service_provider_name="SKY" service_name="SYFY HD"/>
      <CA_identifier_descriptor>
        <CA_system_id value="0x1833"/>
        <CA_system_id value="0x1702"/>
      </CA_identifier_descriptor>
      <private_data_specifier_descriptor private_data_specifier="Astra"/>
      <astra_bouquet_list_descriptor>
        <bouquet name="SKY"/>
      </astra_bouquet_list_descriptor>
      <astra_virtual_service_id_descriptor virtual_service_id="0x13F8"/>
      <service_descriptor service_type="0x19" service_provider_name="SKY" service_name="SYFY HD"/>
      <CA_identifier_descriptor>
        <CA_system_id value="0x1833"/>
        <CA_system_id value="0x1702"/>
      </CA_identifier_descriptor>
      <private_data_specifier_descriptor private_data_specifier="Astra"/>
      <astra_bouquet_list_descriptor>
        <bouquet name="SKY"/>
      </astra_bouquet_list_descriptor>
      <astra_virtual_service_id_descriptor virtual_service_id="0x13F8"/>
    </service>
    <service service_id="0x011F" transport_stream_id="0x000C" original_network_id="0x0085" logical_channel_number="613" visible_service_flag="true" new_service_flag="false" genre_code="0x0000">
      <service_descriptor service_type="0x19" service_provider_name="SKY" service_name="Sky Sport Bundesliga 3 HD"/>
      <CA_identifier_descriptor>
        <CA_system_id value="0x1833"/>
        <CA_system_id value="0x1702"/>
      </CA_identifier_descriptor>
      <private_data_specifier_descriptor private_data_specifier="Astra"/>
      <astra_bouquet_list_descriptor>
        <bouquet name="SKY"/>
      </astra_bouquet_list_descriptor>
      <astra_virtual_service_id_descriptor virtual_service_id="0x1400"/>
    </service>
    <service service_id="0x0120" transport_stream_id="0x000C" original_network_id="0x0085" logical_channel_number="623" visible_service_flag="true" new_service_flag="false" genre_code="0x0000">
      <service_descriptor service_type="0x19" service_provider_name="SKY" service_name="Sky Sport 3 HD"/>
      <CA_identifier_descriptor>
        <CA_system_id value="0x1833"/>
        <CA_system_id value="0x1702"/>
      </CA_identifier_descriptor>
      <private_data_specifier_descriptor private_data_specifier="Astra"/>
      <astra_bouquet_list_descriptor>
        <bouquet name="SKY"/>
      </astra_bouquet_list_descriptor>
      <astra_virtual_service_id_descriptor virtual_service_id="0x1409"/>
    </service>
    <service service_id="0x001B" transport_stream_id="0x000D" original_network_id="0x0085" logical_channel_number="535" visible_service_flag="true" new_service_flag="false" genre_code="0x0000">
      <service_descriptor service_type="0x01" service_provider_name="SKY" service_name="Nicktoons"/>
      <CA_identifier_descriptor>
        <CA_system_id value="0x6195"/>
        <CA_system_id value="0x5890"/>
      </CA_identifier_descriptor>
      <private_data_specifier_descriptor private_data_specifier="Astra"/>
      <astra_bouquet_list_descriptor>
        <bouquet name="SKY"/>
      </astra_bouquet_list_descriptor>
      <astra_virtual_service_id_descriptor virtual_service_id="0x7608"/>
    </service>
    <service service_id="0x0031" transport_stream_id="0x000D" original_network_id="0x0085" logical_channel_number="527" visible_service_flag="true" new_service_flag="false" genre_code="0x0000">
      <service_descriptor service_type="0x16" service_provider_name="SKY" service_name="Curiosity Channel"/>
      <CA_identifier_descriptor>
        <CA_system_id value="0x1833"/>
        <CA_system_id value="0x1702"/>
      </CA_identifier_descriptor>
      <private_data_specifier_descriptor private_data_specifier="Astra"/>
      <astra_bouquet_list_descriptor>
        <bouquet name="SKY"/>
      </astra_bouquet_list_descriptor>
      <astra_virtual_service_id_descriptor virtual_service_id="0x75E8"/>
    </service>
    <service service_id="0x006E" transport_stream_id="0x000D" original_network_id="0x0085" logical_channel_number="1,068" visible_service_flag="true" new_service_flag="false" genre_code="0x0000">
      <service_descriptor service_type="0x19" service_provider_name="SKY" service_name="Sky Atlantic HD"/>
      <CA_identifier_descriptor>
        <CA_system_id value="0x1833"/>
        <CA_system_id value="0x1702"/>
      </CA_identifier_descriptor>
      <private_data_specifier_descriptor private_data_specifier="Astra"/>
      <astra_bouquet_list_descriptor>
        <bouquet name="SKY"/>
      </astra_bouquet_list_descriptor>
      <astra_virtual_service_id_descriptor virtual_service_id="0x36E2"/>
      <service_descriptor service_type="0x19" service_provider_name="SKY" service_name="Sky Atlantic HD"/>
      <CA_identifier_descriptor>
        <CA_system_id value="0x1833"/>
        <CA_system_id value="0x1702"/>
      </CA_identifier_descriptor>
      <private_data_specifier_descriptor private_data_specifier="Astra"/>
      <astra_bouquet_list_descriptor>
        <bouquet name="SKY"/>
      </astra_bouquet_list_descriptor>
      <astra_virtual_service_id_descriptor virtual_service_id="0x36E2"/>
    </service>
    <service service_id="0x006F" transport_stream_id="0x000D" original_network_id="0x0085" logical_channel_number="1,065" visible_service_flag="true" new_service_flag="false" genre_code="0x0000">
      <service_descriptor service_type="0x19" service_provider_name="SKY" service_name="Sky Cinema Special HD"/>
      <CA_identifier_descriptor>
        <CA_system_id value="0x1833"/>
        <CA_system_id value="0x1702"/>
      </CA_identifier_descriptor>
      <private_data_specifier_descriptor private_data_specifier="Astra"/>
      <astra_bouquet_list_descriptor>
        <bouquet name="SKY"/>
      </astra_bouquet_list_descriptor>
      <astra_virtual_service_id_descriptor virtual_service_id="0x13DD"/>
      <service_descriptor service_type="0x19" service_provider_name="SKY" service_name="Sky Cinema Special HD"/>
      <CA_identifier_descriptor>
        <CA_system_id value="0x1833"/>
        <CA_system_id value="0x1702"/>
      </CA_identifier_descriptor>
      <private_data_specifier_descriptor private_data_specifier="Astra"/>
      <astra_bouquet_list_descriptor>
        <bouquet name="SKY"/>
      </astra_bouquet_list_descriptor>
      <astra_virtual_service_id_descriptor virtual_service_id="0x13DD"/>
    </service>
    <service service_id="0x0070" transport_stream_id="0x000D" original_network_id="0x0085" logical_channel_number="1,066" visible_service_flag="true" new_service_flag="false" genre_code="0x0000">
      <service_descriptor service_type="0x19" service_provider_name="SKY" service_name="Sky Documentaries HD"/>
      <CA_identifier_descriptor>
        <CA_system_id value="0x6195"/>
        <CA_system_id value="0x5890"/>
      </CA_identifier_descriptor>
      <private_data_specifier_descriptor private_data_specifier="Astra"/>
      <astra_bouquet_list_descriptor>
        <bouquet name="SKY"/>
      </astra_bouquet_list_descriptor>
      <astra_virtual_service_id_descriptor virtual_service_id="0x7615"/>
      <service_descriptor service_type="0x19" service_provider_name="SKY" service_name="National Geographic HD"/>
      <CA_identifier_descriptor>
        <CA_system_id value="0x1833"/>
        <CA_system_id value="0x1702"/>
      </CA_identifier_descriptor>
      <private_data_specifier_descriptor private_data_specifier="Astra"/>
      <astra_bouquet_list_descriptor>
        <bouquet name="SKY"/>
      </astra_bouquet_list_descriptor>
      <astra_virtual_service_id_descriptor virtual_service_id="0x13DE"/>
      <service_descriptor service_type="0x19" service_provider_name="SKY" service_name="NatGeo HD"/>
      <CA_identifier_descriptor>
        <CA_system_id value="0x1833"/>
        <CA_system_id value="0x1702"/>
      </CA_identifier_descriptor>
      <private_data_specifier_descriptor private_data_specifier="Astra"/>
      <astra_bouquet_list_descriptor>
        <bouquet name="SKY"/>
      </astra_bouquet_list_descriptor>
      <astra_virtual_service_id_descriptor virtual_service_id="0x13DE"/>
    </service>
    <service service_id="0x0072" transport_stream_id="0x000D" original_network_id="0x0085" logical_channel_number="1,064" visible_service_flag="true" new_service_flag="false" genre_code="0x0000">
      <service_descriptor service_type="0x19" service_provider_name="SKY" service_name="Sky Sport Tennis HD"/>
      <CA_identifier_descriptor>
        <CA_system_id value="0x1833"/>
        <CA_system_id value="0x1702"/>
      </CA_identifier_descriptor>
      <private_data_specifier_descriptor private_data_specifier="Astra"/>
      <astra_bouquet_list_descriptor>
        <bouquet name="SKY"/>
      </astra_bouquet_list_descriptor>
      <astra_virtual_service_id_descriptor virtual_service_id="0x13EC"/>
      <service_descriptor service_type="0x19" service_provider_name="SKY" service_name="Sky Sport Tennis HD"/>
      <CA_identifier_descriptor>
        <CA_system_id value="0x1833"/>
        <CA_system_id value="0x1702"/>
      </CA_identifier_descriptor>
      <private_data_specifier_descriptor private_data_specifier="Astra"/>
      <astra_bouquet_list_descriptor>
        <bouquet name="SKY"/>
      </astra_bouquet_list_descriptor>
      <astra_virtual_service_id_descriptor virtual_service_id="0x13EC"/>
    </service>
    <service service_id="0x007F" transport_stream_id="0x000D" original_network_id="0x0085" logical_channel_number="1,088" visible_service_flag="true" new_service_flag="false" genre_code="0x0000">
      <service_descriptor service_type="0x19" service_provider_name="SKY" service_name="13th Street HD"/>
      <CA_identifier_descriptor>
        <CA_system_id value="0x1833"/>
        <CA_system_id value="0x1702"/>
      </CA_identifier_descriptor>
      <private_data_specifier_descriptor private_data_specifier="Astra"/>
      <astra_bouquet_list_descriptor>
        <bouquet name="SKY"/>
      </astra_bouquet_list_descriptor>
      <astra_virtual_service_id_descriptor virtual_service_id="0x13F9"/>
      <service_descriptor service_type="0x19" service_provider_name="SKY" service_name="13th Street HD"/>
      <CA_identifier_descriptor>
        <CA_system_id value="0x1833"/>
        <CA_system_id value="0x1702"/>
      </CA_identifier_descriptor>
      <private_data_specifier_descriptor private_data_specifier="Astra"/>
      <astra_bouquet_list_descriptor>
        <bouquet name="SKY"/>
      </astra_bouquet_list_descriptor>
      <astra_virtual_service_id_descriptor virtual_service_id="0x13F9"/>
    </service>
    <service service_id="0x0090" transport_stream_id="0x000D" original_network_id="0x0085" logical_channel_number="607" visible_service_flag="true" new_service_flag="false" genre_code="0x0000">
      <service_descriptor service_type="0x19" service_provider_name="SKY" service_name="Sky Sport Golf HD"/>
      <CA_identifier_descriptor>
        <CA_system_id value="0x1833"/>
        <CA_system_id value="0x1702"/>
      </CA_identifier_descriptor>
      <private_data_specifier_descriptor private_data_specifier="Astra"/>
      <astra_bouquet_list_descriptor>
        <bouquet name="SKY"/>
      </astra_bouquet_list_descriptor>
      <astra_virtual_service_id_descriptor virtual_service_id="0x7621"/>
    </service>
    <service service_id="0x0149" transport_stream_id="0x000D" original_network_id="0x0085" logical_channel_number="632" visible_service_flag="true" new_service_flag="false" genre_code="0x0000">
      <service_descriptor service_type="0x19" service_provider_name="SKY" service_name="Sky Sport Austria 2 HD"/>
      <CA_identifier_descriptor>
        <CA_system_id value="0x1833"/>
        <CA_system_id value="0x1702"/>
      </CA_identifier_descriptor>
      <private_data_specifier_descriptor private_data_specifier="Astra"/>
      <astra_bouquet_list_descriptor>
        <bouquet name="SKY"/>
      </astra_bouquet_list_descriptor>
      <astra_virtual_service_id_descriptor virtual_service_id="0x75F3"/>
    </service>
    <service service_id="0x0021" transport_stream_id="0x000F" original_network_id="0x0085" logical_channel_number="763" visible_service_flag="true" new_service_flag="false" genre_code="0x0000">
      <service_descriptor service_type="0x01" service_provider_name="BetaDigital" service_name="Genius family"/>
      <private_data_specifier_descriptor private_data_specifier="Astra"/>
      <astra_bouquet_list_descriptor>
        <bouquet name="Sparten"/>
      </astra_bouquet_list_descriptor>
      <astra_virtual_service_id_descriptor virtual_service_id="0x75EF"/>
    </service>
    <service service_id="0x0023" transport_stream_id="0x000F" original_network_id="0x0085" logical_channel_number="747" visible_service_flag="true" new_service_flag="false" genre_code="0x0000">
      <service_descriptor service_type="0x01" service_provider_name="BetaDigital" service_name="Schlager Deluxe"/>
      <CA_identifier_descriptor>
        <CA_system_id value="0x1830"/>
        <CA_system_id value="0x1843"/>
        <CA_system_id value="0x1860"/>
      </CA_identifier_descriptor>
      <private_data_specifier_descriptor private_data_specifier="Astra"/>
      <astra_bouquet_list_descriptor/>
      <astra_virtual_service_id_descriptor virtual_service_id="0x75B3"/>
    </service>
    <service service_id="0x0026" transport_stream_id="0x000F" original_network_id="0x0085" logical_channel_number="750" visible_service_flag="true" new_service_flag="false" genre_code="0x0000">
      <service_descriptor service_type="0x01" service_provider_name="BetaDigital" service_name="HGTV"/>
      <private_data_specifier_descriptor private_data_specifier="Astra"/>
      <astra_bouquet_list_descriptor>
        <bouquet name="Sparten"/>
      </astra_bouquet_list_descriptor>
      <astra_virtual_service_id_descriptor virtual_service_id="0x75A1"/>
    </service>
    <service service_id="0x007A" transport_stream_id="0x0010" original_network_id="0x0085" logical_channel_number="640" visible_service_flag="true" new_service_flag="false" genre_code="0x0000">
      <service_descriptor service_type="0x19" service_provider_name="SKY" service_name="DAZN 2 HD"/>
      <CA_identifier_descriptor>
        <CA_system_id value="0x1833"/>
        <CA_system_id value="0x1702"/>
      </CA_identifier_descriptor>
      <private_data_specifier_descriptor private_data_specifier="Astra"/>
      <astra_bouquet_list_descriptor>
        <bouquet name="SKY"/>
      </astra_bouquet_list_descriptor>
      <astra_virtual_service_id_descriptor virtual_service_id="0x75EB"/>
    </service>
    <service service_id="0x0151" transport_stream_id="0x0010" original_network_id="0x0085" logical_channel_number="618" visible_service_flag="true" new_service_flag="false" genre_code="0x0000">
      <service_descriptor service_type="0x19" service_provider_name="SKY" service_name="Sky Sport Bundesliga 8 HD"/>
      <CA_identifier_descriptor>
        <CA_system_id value="0x1833"/>
        <CA_system_id value="0x1702"/>
      </CA_identifier_descriptor>
      <private_data_specifier_descriptor private_data_specifier="Astra"/>
      <astra_bouquet_list_descriptor>
        <bouquet name="SKY"/>
      </astra_bouquet_list_descriptor>
      <astra_virtual_service_id_descriptor virtual_service_id="0x1405"/>
    </service>
    <service service_id="0x0152" transport_stream_id="0x0010" original_network_id="0x0085" logical_channel_number="628" visible_service_flag="true" new_service_flag="false" genre_code="0x0000">
      <service_descriptor service_type="0x19" service_provider_name="SKY" service_name="Sky Sport 8 HD"/>
      <CA_identifier_descriptor>
        <CA_system_id value="0x1833"/>
        <CA_system_id value="0x1702"/>
      </CA_identifier_descriptor>
      <private_data_specifier_descriptor private_data_specifier="Astra"/>
      <astra_bouquet_list_descriptor>
        <bouquet name="SKY"/>
      </astra_bouquet_list_descriptor>
      <astra_virtual_service_id_descriptor virtual_service_id="0x140E"/>
    </service>
    <service service_id="0x0156" transport_stream_id="0x0010" original_network_id="0x0085" logical_channel_number="636" visible_service_flag="true" new_service_flag="false" genre_code="0x0000">
      <service_descriptor service_type="0x19" service_provider_name="SKY" service_name="Sky Sport Austria 6 HD"/>
      <CA_identifier_descriptor>
        <CA_system_id value="0x1833"/>
        <CA_system_id value="0x1702"/>
      </CA_identifier_descriptor>
      <private_data_specifier_descriptor private_data_specifier="Astra"/>
      <astra_bouquet_list_descriptor>
        <bouquet name="SKY"/>
      </astra_bouquet_list_descriptor>
      <astra_virtual_service_id_descriptor virtual_service_id="0x760F"/>
    </service>
    <service service_id="0x0195" transport_stream_id="0x0010" original_network_id="0x0085" logical_channel_number="526" visible_service_flag="true" new_service_flag="false" genre_code="0x0000">
      <service_descriptor service_type="0x19" service_provider_name="SKY" service_name="Spiegel Geschichte HD"/>
      <CA_identifier_descriptor>
        <CA_system_id value="0x1833"/>
        <CA_system_id value="0x1702"/>
      </CA_identifier_descriptor>
      <private_data_specifier_descriptor private_data_specifier="Astra"/>
      <astra_bouquet_list_descriptor>
        <bouquet name="SKY"/>
      </astra_bouquet_list_descriptor>
      <astra_virtual_service_id_descriptor virtual_service_id="0x75F1"/>
    </service>
    <service service_id="0x0228" transport_stream_id="0x0010" original_network_id="0x0085" logical_channel_number="610" visible_service_flag="true" new_service_flag="false" genre_code="0x0000">
      <service_descriptor service_type="0x1F" service_provider_name="SKY" service_name="Sky Sport Bundesliga UHD"/>
      <private_data_specifier_descriptor private_data_specifier="Astra"/>
      <astra_bouquet_list_descriptor/>
      <astra_virtual_service_id_descriptor virtual_service_id="0x75BC"/>
    </service>
    <service service_id="0x0229" transport_stream_id="0x0010" original_network_id="0x0085" logical_channel_number="609" visible_service_flag="true" new_service_flag="false" genre_code="0x0000">
      <service_descriptor service_type="0x1F" service_provider_name="SKY" service_name="Sky Sport UHD"/>
      <private_data_specifier_descriptor private_data_specifier="Astra"/>
      <astra_bouquet_list_descriptor/>
      <astra_virtual_service_id_descriptor virtual_service_id="0x75BB"/>
    </service>
    <service service_id="0x0020" transport_stream_id="0x0021" original_network_id="0x0085" logical_channel_number="1,216" visible_service_flag="true" new_service_flag="false" genre_code="0x0000">
      <service_descriptor service_type="0x01" service_provider_name="BetaDigital" service_name="sonnenklar.TV"/>
      <private_data_specifier_descriptor private_data_specifier="Astra"/>
      <astra_bouquet_list_descriptor>
        <bouquet name="Sparten"/>
      </astra_bouquet_list_descriptor>
      <astra_virtual_service_id_descriptor virtual_service_id="0x1BA1"/>
      <service_descriptor service_type="0x01" service_provider_name="BetaDigital" service_name="sonnenklar.TV"/>
      <private_data_specifier_descriptor private_data_specifier="Astra"/>
      <astra_bouquet_list_descriptor>
        <bouquet name="Sparten"/>
      </astra_bouquet_list_descriptor>
      <astra_virtual_service_id_descriptor virtual_service_id="0x1BA1"/>
    </service>
    <service service_id="0x0028" transport_stream_id="0x0021" original_network_id="0x0085" logical_channel_number="1,215" visible_service_flag="true" new_service_flag="false" genre_code="0x0000">
      <service_descriptor service_type="0x01" service_provider_name="BetaDigital" service_name="HSE SD"/>
      <private_data_specifier_descriptor private_data_specifier="Astra"/>
      <astra_bouquet_list_descriptor>
        <bouquet name="Sparten"/>
      </astra_bouquet_list_descriptor>
      <astra_virtual_service_id_descriptor virtual_service_id="0x1B90"/>
      <service_descriptor service_type="0x01" service_provider_name="BetaDigital" service_name="HSE SD"/>
      <private_data_specifier_descriptor private_data_specifier="Astra"/>
      <astra_bouquet_list_descriptor>
        <bouquet name="Sparten"/>
      </astra_bouquet_list_descriptor>
      <astra_virtual_service_id_descriptor virtual_service_id="0x1B90"/>
    </service>
    <service service_id="0x002E" transport_stream_id="0x0021" original_network_id="0x0085" logical_channel_number="770" visible_service_flag="true" new_service_flag="false" genre_code="0x0000">
      <service_descriptor service_type="0x01" service_provider_name="BetaDigital" service_name="Handystar TV 2"/>
      <private_data_specifier_descriptor private_data_specifier="Astra"/>
      <astra_bouquet_list_descriptor>
        <bouquet name="Sparten"/>
      </astra_bouquet_list_descriptor>
      <astra_virtual_service_id_descriptor virtual_service_id="0x1B9E"/>
    </service>
    <service service_id="0x002F" transport_stream_id="0x0021" original_network_id="0x0085" logical_channel_number="797" visible_service_flag="true" new_service_flag="false" genre_code="0x0000">
      <service_descriptor service_type="0x16" service_provider_name="BetaDigital" service_name="REGIO TV"/>
      <private_data_specifier_descriptor private_data_specifier="Astra"/>
      <astra_bouquet_list_descriptor>
        <bouquet name="Sparten"/>
      </astra_bouquet_list_descriptor>
      <astra_virtual_service_id_descriptor virtual_service_id="0x1BB9"/>
    </service>
    <service service_id="0x0033" transport_stream_id="0x0021" original_network_id="0x0085" logical_channel_number="1,218" visible_service_flag="true" new_service_flag="false" genre_code="0x0000">
      <service_descriptor service_type="0x01" service_provider_name="BetaDigital" service_name="TELE 5"/>
      <private_data_specifier_descriptor private_data_specifier="Astra"/>
      <astra_bouquet_list_descriptor>
        <bouquet name="Sparten"/>
      </astra_bouquet_list_descriptor>
      <astra_virtual_service_id_descriptor virtual_service_id="0x1B79"/>
      <service_descriptor service_type="0x01" service_provider_name="BetaDigital" service_name="TELE 5"/>
      <private_data_specifier_descriptor private_data_specifier="Astra"/>
      <astra_bouquet_list_descriptor>
        <bouquet name="Sparten"/>
      </astra_bouquet_list_descriptor>
      <astra_virtual_service_id_descriptor virtual_service_id="0x1B79"/>
    </service>
    <service service_id="0x003F" transport_stream_id="0x0021" original_network_id="0x0085" logical_channel_number="1,220" visible_service_flag="true" new_service_flag="false" genre_code="0x0000">
      <service_descriptor service_type="0x01" service_provider_name="BetaDigital" service_name="DMAX"/>
      <private_data_specifier_descriptor private_data_specifier="Astra"/>
      <astra_bouquet_list_descriptor>
        <bouquet name="Sparten"/>
      </astra_bouquet_list_descriptor>
      <astra_virtual_service_id_descriptor virtual_service_id="0x1B88"/>
      <service_descriptor service_type="0x01" service_provider_name="BetaDigital" service_name="DMAX"/>
      <private_data_specifier_descriptor private_data_specifier="Astra"/>
      <astra_bouquet_list_descriptor>
        <bouquet name="Sparten"/>
      </astra_bouquet_list_descriptor>
      <astra_virtual_service_id_descriptor virtual_service_id="0x1B88"/>
    </service>
    <service service_id="0x004C" transport_stream_id="0x0021" original_network_id="0x0085" logical_channel_number="771" visible_service_flag="true" new_service_flag="false" genre_code="0x0000">
      <service_descriptor service_type="0x19" service_provider_name="SES ASTRA" service_name="Baden TV"/>
      <private_data_specifier_descriptor private_data_specifier="Astra"/>
      <astra_bouquet_list_descriptor>
        <bouquet name="HD"/>
      </astra_bouquet_list_descriptor>
      <astra_virtual_service_id_descriptor virtual_service_id="0x761A"/>
    </service>
    <service service_id="0x004D" transport_stream_id="0x0021" original_network_id="0x0085" logical_channel_number="768" visible_service_flag="true" new_service_flag="false" genre_code="0x0000">
      <service_descriptor service_type="0x01" service_provider_name="BetaDigital" service_name="HSE Trend SD"/>
      <private_data_specifier_descriptor private_data_specifier="Astra"/>
      <astra_bouquet_list_descriptor>
        <bouquet name="Sparten"/>
      </astra_bouquet_list_descriptor>
      <astra_virtual_service_id_descriptor virtual_service_id="0x2725"/>
    </service>
    <service service_id="0x0295" transport_stream_id="0x0021" original_network_id="0x0085" logical_channel_number="737" visible_service_flag="true" new_service_flag="false" genre_code="0x0000">
      <service_descriptor service_type="0x01" service_provider_name="BetaDigital" service_name="Spirit TV"/>
      <private_data_specifier_descriptor private_data_specifier="Astra"/>
      <astra_bouquet_list_descriptor>
        <bouquet name="Sparten"/>
      </astra_bouquet_list_descriptor>
      <astra_virtual_service_id_descriptor virtual_service_id="0x1B7D"/>
    </service>
    <service service_id="0x0381" transport_stream_id="0x0021" original_network_id="0x0085" logical_channel_number="793" visible_service_flag="true" new_service_flag="false" genre_code="0x0000">
      <service_descriptor service_type="0x01" service_provider_name="BetaDigital" service_name="Genius Trend"/>
      <private_data_specifier_descriptor private_data_specifier="Astra"/>
      <astra_bouquet_list_descriptor>
        <bouquet name="Sparten"/>
      </astra_bouquet_list_descriptor>
      <astra_virtual_service_id_descriptor virtual_service_id="0x1BB5"/>
    </service>
    <service service_id="0x0382" transport_stream_id="0x0021" original_network_id="0x0085" logical_channel_number="792" visible_service_flag="true" new_service_flag="false" genre_code="0x0000">
      <service_descriptor service_type="0x01" service_provider_name="BetaDigital" service_name="Mediashop- Neuheiten"/>
      <private_data_specifier_descriptor private_data_specifier="Astra"/>
      <astra_bouquet_list_descriptor>
        <bouquet name="Sparten"/>
      </astra_bouquet_list_descriptor>
      <astra_virtual_service_id_descriptor virtual_service_id="0x1BB4"/>
    </service>
    <service service_id="0x0383" transport_stream_id="0x0021" original_network_id="0x0085" logical_channel_number="783" visible_service_flag="true" new_service_flag="false" genre_code="0x0000">
      <service_descriptor service_type="0x01" service_provider_name="BetaDigital" service_name="meinTVshop"/>
      <private_data_specifier_descriptor private_data_specifier="Astra"/>
      <astra_bouquet_list_descriptor>
        <bouquet name="Sparten"/>
      </astra_bouquet_list_descriptor>
      <astra_virtual_service_id_descriptor virtual_service_id="0x1BAB"/>
    </service>
    <service service_id="0x0384" transport_stream_id="0x0021" original_network_id="0x0085" logical_channel_number="1,208" visible_service_flag="true" new_service_flag="false" genre_code="0x0000">
      <service_descriptor service_type="0x01" service_provider_name="BetaDigital" service_name="SPORT1"/>
      <private_data_specifier_descriptor private_data_specifier="Astra"/>
      <astra_bouquet_list_descriptor>
        <bouquet name="Sparten"/>
      </astra_bouquet_list_descriptor>
      <astra_virtual_service_id_descriptor virtual_service_id="0x1B76"/>
      <service_descriptor service_type="0x01" service_provider_name="BetaDigital" service_name="SPORT1"/>
      <private_data_specifier_descriptor private_data_specifier="Astra"/>
      <astra_bouquet_list_descriptor>
        <bouquet name="Sparten"/>
      </astra_bouquet_list_descriptor>
      <astra_virtual_service_id_descriptor virtual_service_id="0x1B76"/>
    </service>
  </SGT>
</tsduck>
