<?xml version="1.0" encoding="UTF-8"?>
<tsduck>
  <PAT version="0" current="true" transport_stream_id="0x0001" network_PID="0x001F">
    <metadata PID="0" first_ts_packet="0" last_ts_packet="0"/>
    <service service_id="0x0001" program_map_PID="0x0100"/>
  </PAT>
  <PMT version="0" current="true" service_id="0x0001" PCR_PID="0x1001">
    <metadata PID="256" first_ts_packet="1" last_ts_packet="1"/>
    <registration_descriptor format_identifier="0x48444D56"/>
    <generic_descriptor tag="0x88">
      0F FF FC FC
    </generic_descriptor>
    <component elementary_PID="0x1011" stream_type="0x02"/>
    <component elementary_PID="0x1100" stream_type="0x86">
      <ISO_639_language_descriptor>
        <language code="eng" audio_type="0x00"/>
      </ISO_639_language_descriptor>
    </component>
    <component elementary_PID="0x1101" stream_type="0x04">
      <ISO_639_language_descriptor>
        <language code="eng" audio_type="0x00"/>
      </ISO_639_language_descriptor>
    </component>
  </PMT>
</tsduck>
