<?xml version="1.0" encoding="UTF-8"?>
<tsduck>
  <!-- In comment: AAA -->
  <foo attr="BBB">
    <service attr1="" attr2="xxx" attr3=""/>
    <text>
      In text nodes: TEST3= TEST4= TEST5=CCC
    </text>
  </foo>
</tsduck>
