<?xml version="1.0" encoding="UTF-8"?>
<tsduck>
  <TSDT version="1" current="false">
    <metadata PID="200"/>
    <bouquet_name_descriptor bouquet_name="tsdt 1"/>
    <bouquet_name_descriptor bouquet_name="tsdt 2"/>
  </TSDT>
  <BAT version="19" current="false" bouquet_id="0x921A">
    <metadata PID="200"/>
    <bouquet_name_descriptor bouquet_name="bat 31"/>
    <transport_stream transport_stream_id="0x9823" original_network_id="0x0018" preferred_section="0">
      <bouquet_name_descriptor bouquet_name="bat 41"/>
    </transport_stream>
    <transport_stream transport_stream_id="0x9893" original_network_id="0x9818" preferred_section="0">
      <bouquet_name_descriptor bouquet_name="bat 51"/>
    </transport_stream>
  </BAT>
</tsduck>
