<?xml version="1.0" encoding="UTF-8"?>
<tsduck>
  <NIT version="26" current="true" network_id="0x0001" actual="true">
    <metadata PID="16"/>
    <network_name_descriptor network_name="ASTRA 1"/>
    <private_data_specifier_descriptor private_data_specifier="Astra"/>
    <network_name_descriptor network_name="ASTRA 1"/>
    <network_name_descriptor network_name="ASTRA 1"/>
    <transport_stream transport_stream_id="0x03EA" original_network_id="0x0001" preferred_section="0"/>
    <transport_stream transport_stream_id="0x03EB" original_network_id="0x0001" preferred_section="0"/>
    <transport_stream transport_stream_id="0x03EC" original_network_id="0x0001" preferred_section="0"/>
    <transport_stream transport_stream_id="0x03ED" original_network_id="0x0001" preferred_section="0"/>
    <transport_stream transport_stream_id="0x03EE" original_network_id="0x0001" preferred_section="0"/>
    <transport_stream transport_stream_id="0x03EF" original_network_id="0x0001" preferred_section="0"/>
    <transport_stream transport_stream_id="0x03F0" original_network_id="0x0001" preferred_section="0"/>
    <transport_stream transport_stream_id="0x03F2" original_network_id="0x0001" preferred_section="0"/>
    <transport_stream transport_stream_id="0x03F3" original_network_id="0x0001" preferred_section="0"/>
    <transport_stream transport_stream_id="0x03F4" original_network_id="0x0001" preferred_section="0"/>
    <transport_stream transport_stream_id="0x03F5" original_network_id="0x0001" preferred_section="0"/>
    <transport_stream transport_stream_id="0x03F7" original_network_id="0x0001" preferred_section="0"/>
    <transport_stream transport_stream_id="0x03F8" original_network_id="0x0001" preferred_section="0"/>
    <transport_stream transport_stream_id="0x03F9" original_network_id="0x0001" preferred_section="0"/>
    <transport_stream transport_stream_id="0x03FB" original_network_id="0x0001" preferred_section="0"/>
    <transport_stream transport_stream_id="0x03FC" original_network_id="0x0001" preferred_section="0"/>
    <transport_stream transport_stream_id="0x03FD" original_network_id="0x0001" preferred_section="0"/>
    <transport_stream transport_stream_id="0x03FE" original_network_id="0x0001" preferred_section="0"/>
    <transport_stream transport_stream_id="0x0401" original_network_id="0x0001" preferred_section="0"/>
    <transport_stream transport_stream_id="0x0402" original_network_id="0x0001" preferred_section="0"/>
    <transport_stream transport_stream_id="0x0403" original_network_id="0x0001" preferred_section="0"/>
    <transport_stream transport_stream_id="0x0404" original_network_id="0x0001" preferred_section="0"/>
    <transport_stream transport_stream_id="0x0406" original_network_id="0x0001" preferred_section="0"/>
    <transport_stream transport_stream_id="0x0407" original_network_id="0x0001" preferred_section="0"/>
    <transport_stream transport_stream_id="0x0408" original_network_id="0x0001" preferred_section="0"/>
    <transport_stream transport_stream_id="0x0409" original_network_id="0x0001" preferred_section="0"/>
    <transport_stream transport_stream_id="0x040A" original_network_id="0x0001" preferred_section="0"/>
    <transport_stream transport_stream_id="0x040B" original_network_id="0x0001" preferred_section="0"/>
    <transport_stream transport_stream_id="0x040E" original_network_id="0x0001" preferred_section="0"/>
    <transport_stream transport_stream_id="0x040F" original_network_id="0x0001" preferred_section="0"/>
    <transport_stream transport_stream_id="0x0410" original_network_id="0x0001" preferred_section="0"/>
    <transport_stream transport_stream_id="0x0411" original_network_id="0x0001" preferred_section="0"/>
    <transport_stream transport_stream_id="0x0412" original_network_id="0x0001" preferred_section="0"/>
    <transport_stream transport_stream_id="0x0413" original_network_id="0x0001" preferred_section="0"/>
    <transport_stream transport_stream_id="0x0414" original_network_id="0x0001" preferred_section="0"/>
    <transport_stream transport_stream_id="0x0416" original_network_id="0x0001" preferred_section="0"/>
    <transport_stream transport_stream_id="0x0418" original_network_id="0x0001" preferred_section="0"/>
    <transport_stream transport_stream_id="0x041A" original_network_id="0x0001" preferred_section="0"/>
    <transport_stream transport_stream_id="0x041B" original_network_id="0x0001" preferred_section="0"/>
    <transport_stream transport_stream_id="0x041C" original_network_id="0x0001" preferred_section="0"/>
    <transport_stream transport_stream_id="0x041D" original_network_id="0x0001" preferred_section="0"/>
    <transport_stream transport_stream_id="0x041E" original_network_id="0x0001" preferred_section="0"/>
    <transport_stream transport_stream_id="0x041F" original_network_id="0x0001" preferred_section="0"/>
    <transport_stream transport_stream_id="0x0420" original_network_id="0x0001" preferred_section="0"/>
    <transport_stream transport_stream_id="0x0421" original_network_id="0x0001" preferred_section="0"/>
    <transport_stream transport_stream_id="0x0422" original_network_id="0x0001" preferred_section="0"/>
    <transport_stream transport_stream_id="0x0424" original_network_id="0x0001" preferred_section="0"/>
    <transport_stream transport_stream_id="0x0425" original_network_id="0x0001" preferred_section="0"/>
    <transport_stream transport_stream_id="0x0426" original_network_id="0x0001" preferred_section="0"/>
    <transport_stream transport_stream_id="0x0428" original_network_id="0x0001" preferred_section="0"/>
    <transport_stream transport_stream_id="0x042A" original_network_id="0x0001" preferred_section="0"/>
    <transport_stream transport_stream_id="0x042E" original_network_id="0x0001" preferred_section="0"/>
    <transport_stream transport_stream_id="0x0430" original_network_id="0x0001" preferred_section="0"/>
    <transport_stream transport_stream_id="0x0431" original_network_id="0x0001" preferred_section="0"/>
    <transport_stream transport_stream_id="0x0432" original_network_id="0x0001" preferred_section="0"/>
    <transport_stream transport_stream_id="0x0434" original_network_id="0x0001" preferred_section="0"/>
    <transport_stream transport_stream_id="0x0436" original_network_id="0x0001" preferred_section="0"/>
    <transport_stream transport_stream_id="0x0437" original_network_id="0x0001" preferred_section="0"/>
    <transport_stream transport_stream_id="0x0438" original_network_id="0x0001" preferred_section="0"/>
    <transport_stream transport_stream_id="0x043A" original_network_id="0x0001" preferred_section="0"/>
    <transport_stream transport_stream_id="0x043C" original_network_id="0x0001" preferred_section="0"/>
    <transport_stream transport_stream_id="0x043E" original_network_id="0x0001" preferred_section="0"/>
    <transport_stream transport_stream_id="0x0440" original_network_id="0x0001" preferred_section="0"/>
    <transport_stream transport_stream_id="0x0441" original_network_id="0x0001" preferred_section="0"/>
    <transport_stream transport_stream_id="0x0442" original_network_id="0x0001" preferred_section="0"/>
    <transport_stream transport_stream_id="0x0443" original_network_id="0x0001" preferred_section="0"/>
    <transport_stream transport_stream_id="0x0444" original_network_id="0x0001" preferred_section="0"/>
    <transport_stream transport_stream_id="0x0445" original_network_id="0x0001" preferred_section="0"/>
    <transport_stream transport_stream_id="0x0446" original_network_id="0x0001" preferred_section="0"/>
    <transport_stream transport_stream_id="0x0448" original_network_id="0x0001" preferred_section="0"/>
    <transport_stream transport_stream_id="0x0449" original_network_id="0x0001" preferred_section="0"/>
    <transport_stream transport_stream_id="0x044A" original_network_id="0x0001" preferred_section="0"/>
    <transport_stream transport_stream_id="0x044C" original_network_id="0x0001" preferred_section="0"/>
    <transport_stream transport_stream_id="0x044D" original_network_id="0x0001" preferred_section="0"/>
    <transport_stream transport_stream_id="0x044E" original_network_id="0x0001" preferred_section="0"/>
    <transport_stream transport_stream_id="0x0453" original_network_id="0x0001" preferred_section="0"/>
    <transport_stream transport_stream_id="0x0454" original_network_id="0x0001" preferred_section="0"/>
    <transport_stream transport_stream_id="0x0455" original_network_id="0x0001" preferred_section="0"/>
    <transport_stream transport_stream_id="0x0456" original_network_id="0x0001" preferred_section="0"/>
    <transport_stream transport_stream_id="0x0457" original_network_id="0x0001" preferred_section="0"/>
    <transport_stream transport_stream_id="0x0459" original_network_id="0x0001" preferred_section="0"/>
    <transport_stream transport_stream_id="0x045B" original_network_id="0x0001" preferred_section="0"/>
    <transport_stream transport_stream_id="0x045D" original_network_id="0x0001" preferred_section="0"/>
    <transport_stream transport_stream_id="0x045E" original_network_id="0x0001" preferred_section="0"/>
    <transport_stream transport_stream_id="0x045F" original_network_id="0x0001" preferred_section="0"/>
    <transport_stream transport_stream_id="0x0460" original_network_id="0x0001" preferred_section="0"/>
    <transport_stream transport_stream_id="0x04B1" original_network_id="0x0001" preferred_section="0"/>
    <transport_stream transport_stream_id="0x0451" original_network_id="0x0035" preferred_section="0"/>
    <transport_stream transport_stream_id="0x0002" original_network_id="0x0085" preferred_section="0"/>
    <transport_stream transport_stream_id="0x0003" original_network_id="0x0085" preferred_section="0"/>
    <transport_stream transport_stream_id="0x0004" original_network_id="0x0085" preferred_section="0"/>
    <transport_stream transport_stream_id="0x0005" original_network_id="0x0085" preferred_section="0"/>
    <transport_stream transport_stream_id="0x0006" original_network_id="0x0085" preferred_section="0"/>
    <transport_stream transport_stream_id="0x0007" original_network_id="0x0085" preferred_section="0"/>
    <transport_stream transport_stream_id="0x0008" original_network_id="0x0085" preferred_section="0"/>
    <transport_stream transport_stream_id="0x0009" original_network_id="0x0085" preferred_section="0"/>
    <transport_stream transport_stream_id="0x000A" original_network_id="0x0085" preferred_section="0"/>
    <transport_stream transport_stream_id="0x000B" original_network_id="0x0085" preferred_section="0"/>
    <transport_stream transport_stream_id="0x000C" original_network_id="0x0085" preferred_section="0"/>
    <transport_stream transport_stream_id="0x000D" original_network_id="0x0085" preferred_section="0"/>
    <transport_stream transport_stream_id="0x000E" original_network_id="0x0085" preferred_section="0"/>
    <transport_stream transport_stream_id="0x000F" original_network_id="0x0085" preferred_section="0"/>
    <transport_stream transport_stream_id="0x0010" original_network_id="0x0085" preferred_section="0"/>
    <transport_stream transport_stream_id="0x0021" original_network_id="0x0085" preferred_section="0"/>
  </NIT>
  <NIT version="27" current="true" network_id="0x0001" actual="true">
    <metadata PID="16"/>
    <network_name_descriptor network_name="ASTRA 1"/>
    <private_data_specifier_descriptor private_data_specifier="Astra"/>
    <network_name_descriptor network_name="ASTRA 1"/>
    <network_name_descriptor network_name="ASTRA 1"/>
    <transport_stream transport_stream_id="0x03EA" original_network_id="0x0001" preferred_section="0"/>
    <transport_stream transport_stream_id="0x03EB" original_network_id="0x0001" preferred_section="0"/>
    <transport_stream transport_stream_id="0x03EC" original_network_id="0x0001" preferred_section="0"/>
    <transport_stream transport_stream_id="0x03ED" original_network_id="0x0001" preferred_section="0"/>
    <transport_stream transport_stream_id="0x03EE" original_network_id="0x0001" preferred_section="0"/>
    <transport_stream transport_stream_id="0x03EF" original_network_id="0x0001" preferred_section="0"/>
    <transport_stream transport_stream_id="0x03F0" original_network_id="0x0001" preferred_section="0"/>
    <transport_stream transport_stream_id="0x03F2" original_network_id="0x0001" preferred_section="0"/>
    <transport_stream transport_stream_id="0x03F3" original_network_id="0x0001" preferred_section="0"/>
    <transport_stream transport_stream_id="0x03F4" original_network_id="0x0001" preferred_section="0"/>
    <transport_stream transport_stream_id="0x03F5" original_network_id="0x0001" preferred_section="0"/>
    <transport_stream transport_stream_id="0x03F7" original_network_id="0x0001" preferred_section="0"/>
    <transport_stream transport_stream_id="0x03F8" original_network_id="0x0001" preferred_section="0"/>
    <transport_stream transport_stream_id="0x03F9" original_network_id="0x0001" preferred_section="0"/>
    <transport_stream transport_stream_id="0x03FB" original_network_id="0x0001" preferred_section="0"/>
    <transport_stream transport_stream_id="0x03FC" original_network_id="0x0001" preferred_section="0"/>
    <transport_stream transport_stream_id="0x03FD" original_network_id="0x0001" preferred_section="0"/>
    <transport_stream transport_stream_id="0x03FE" original_network_id="0x0001" preferred_section="0"/>
    <transport_stream transport_stream_id="0x0401" original_network_id="0x0001" preferred_section="0"/>
    <transport_stream transport_stream_id="0x0402" original_network_id="0x0001" preferred_section="0"/>
    <transport_stream transport_stream_id="0x0403" original_network_id="0x0001" preferred_section="0"/>
    <transport_stream transport_stream_id="0x0404" original_network_id="0x0001" preferred_section="0"/>
    <transport_stream transport_stream_id="0x0406" original_network_id="0x0001" preferred_section="0"/>
    <transport_stream transport_stream_id="0x0407" original_network_id="0x0001" preferred_section="0"/>
    <transport_stream transport_stream_id="0x0408" original_network_id="0x0001" preferred_section="0"/>
    <transport_stream transport_stream_id="0x0409" original_network_id="0x0001" preferred_section="0"/>
    <transport_stream transport_stream_id="0x040A" original_network_id="0x0001" preferred_section="0"/>
    <transport_stream transport_stream_id="0x040B" original_network_id="0x0001" preferred_section="0"/>
    <transport_stream transport_stream_id="0x040E" original_network_id="0x0001" preferred_section="0"/>
    <transport_stream transport_stream_id="0x040F" original_network_id="0x0001" preferred_section="0"/>
    <transport_stream transport_stream_id="0x0410" original_network_id="0x0001" preferred_section="0"/>
    <transport_stream transport_stream_id="0x0411" original_network_id="0x0001" preferred_section="0"/>
    <transport_stream transport_stream_id="0x0412" original_network_id="0x0001" preferred_section="0"/>
    <transport_stream transport_stream_id="0x0413" original_network_id="0x0001" preferred_section="0"/>
    <transport_stream transport_stream_id="0x0414" original_network_id="0x0001" preferred_section="0"/>
    <transport_stream transport_stream_id="0x0416" original_network_id="0x0001" preferred_section="0"/>
    <transport_stream transport_stream_id="0x0418" original_network_id="0x0001" preferred_section="0"/>
    <transport_stream transport_stream_id="0x041A" original_network_id="0x0001" preferred_section="0"/>
    <transport_stream transport_stream_id="0x041B" original_network_id="0x0001" preferred_section="0"/>
    <transport_stream transport_stream_id="0x041C" original_network_id="0x0001" preferred_section="0"/>
    <transport_stream transport_stream_id="0x041D" original_network_id="0x0001" preferred_section="0"/>
    <transport_stream transport_stream_id="0x041E" original_network_id="0x0001" preferred_section="0"/>
    <transport_stream transport_stream_id="0x041F" original_network_id="0x0001" preferred_section="0"/>
    <transport_stream transport_stream_id="0x0420" original_network_id="0x0001" preferred_section="0"/>
    <transport_stream transport_stream_id="0x0421" original_network_id="0x0001" preferred_section="0"/>
    <transport_stream transport_stream_id="0x0422" original_network_id="0x0001" preferred_section="0"/>
    <transport_stream transport_stream_id="0x0424" original_network_id="0x0001" preferred_section="0"/>
    <transport_stream transport_stream_id="0x0425" original_network_id="0x0001" preferred_section="0"/>
    <transport_stream transport_stream_id="0x0426" original_network_id="0x0001" preferred_section="0"/>
    <transport_stream transport_stream_id="0x0428" original_network_id="0x0001" preferred_section="0"/>
    <transport_stream transport_stream_id="0x042A" original_network_id="0x0001" preferred_section="0"/>
    <transport_stream transport_stream_id="0x042E" original_network_id="0x0001" preferred_section="0"/>
    <transport_stream transport_stream_id="0x0430" original_network_id="0x0001" preferred_section="0"/>
    <transport_stream transport_stream_id="0x0431" original_network_id="0x0001" preferred_section="0"/>
    <transport_stream transport_stream_id="0x0432" original_network_id="0x0001" preferred_section="0"/>
    <transport_stream transport_stream_id="0x0434" original_network_id="0x0001" preferred_section="0"/>
    <transport_stream transport_stream_id="0x0436" original_network_id="0x0001" preferred_section="0"/>
    <transport_stream transport_stream_id="0x0437" original_network_id="0x0001" preferred_section="0"/>
    <transport_stream transport_stream_id="0x0438" original_network_id="0x0001" preferred_section="0">
      <service_list_descriptor>
        <service service_id="0x2261" service_type="0x19"/>
        <service service_id="0x2262" service_type="0x19"/>
        <service service_id="0x2263" service_type="0x19"/>
        <service service_id="0x2264" service_type="0x19"/>
        <service service_id="0x2265" service_type="0x19"/>
        <service service_id="0x2266" service_type="0x19"/>
        <service service_id="0x2267" service_type="0x19"/>
        <service service_id="0x2268" service_type="0x19"/>
        <service service_id="0x2269" service_type="0x19"/>
        <service service_id="0x226A" service_type="0x19"/>
        <service service_id="0x22C3" service_type="0x0C"/>
      </service_list_descriptor>
    </transport_stream>
    <transport_stream transport_stream_id="0x043A" original_network_id="0x0001" preferred_section="0"/>
    <transport_stream transport_stream_id="0x043C" original_network_id="0x0001" preferred_section="0"/>
    <transport_stream transport_stream_id="0x043E" original_network_id="0x0001" preferred_section="0"/>
    <transport_stream transport_stream_id="0x0440" original_network_id="0x0001" preferred_section="0"/>
    <transport_stream transport_stream_id="0x0441" original_network_id="0x0001" preferred_section="0"/>
    <transport_stream transport_stream_id="0x0442" original_network_id="0x0001" preferred_section="0"/>
    <transport_stream transport_stream_id="0x0443" original_network_id="0x0001" preferred_section="0"/>
    <transport_stream transport_stream_id="0x0444" original_network_id="0x0001" preferred_section="0"/>
    <transport_stream transport_stream_id="0x0445" original_network_id="0x0001" preferred_section="0"/>
    <transport_stream transport_stream_id="0x0446" original_network_id="0x0001" preferred_section="0"/>
    <transport_stream transport_stream_id="0x0448" original_network_id="0x0001" preferred_section="0"/>
    <transport_stream transport_stream_id="0x0449" original_network_id="0x0001" preferred_section="0"/>
    <transport_stream transport_stream_id="0x044A" original_network_id="0x0001" preferred_section="0"/>
    <transport_stream transport_stream_id="0x044C" original_network_id="0x0001" preferred_section="0"/>
    <transport_stream transport_stream_id="0x044D" original_network_id="0x0001" preferred_section="0"/>
    <transport_stream transport_stream_id="0x044E" original_network_id="0x0001" preferred_section="0"/>
    <transport_stream transport_stream_id="0x0453" original_network_id="0x0001" preferred_section="0"/>
    <transport_stream transport_stream_id="0x0454" original_network_id="0x0001" preferred_section="0"/>
    <transport_stream transport_stream_id="0x0455" original_network_id="0x0001" preferred_section="0"/>
    <transport_stream transport_stream_id="0x0456" original_network_id="0x0001" preferred_section="0"/>
    <transport_stream transport_stream_id="0x0457" original_network_id="0x0001" preferred_section="0"/>
    <transport_stream transport_stream_id="0x0459" original_network_id="0x0001" preferred_section="0"/>
    <transport_stream transport_stream_id="0x045B" original_network_id="0x0001" preferred_section="0"/>
    <transport_stream transport_stream_id="0x045D" original_network_id="0x0001" preferred_section="0"/>
    <transport_stream transport_stream_id="0x045E" original_network_id="0x0001" preferred_section="0"/>
    <transport_stream transport_stream_id="0x045F" original_network_id="0x0001" preferred_section="0"/>
    <transport_stream transport_stream_id="0x0460" original_network_id="0x0001" preferred_section="0"/>
    <transport_stream transport_stream_id="0x04B1" original_network_id="0x0001" preferred_section="0"/>
    <transport_stream transport_stream_id="0x0451" original_network_id="0x0035" preferred_section="0"/>
    <transport_stream transport_stream_id="0x0002" original_network_id="0x0085" preferred_section="0"/>
    <transport_stream transport_stream_id="0x0003" original_network_id="0x0085" preferred_section="0"/>
    <transport_stream transport_stream_id="0x0004" original_network_id="0x0085" preferred_section="0"/>
    <transport_stream transport_stream_id="0x0005" original_network_id="0x0085" preferred_section="0"/>
    <transport_stream transport_stream_id="0x0006" original_network_id="0x0085" preferred_section="0"/>
    <transport_stream transport_stream_id="0x0007" original_network_id="0x0085" preferred_section="0"/>
    <transport_stream transport_stream_id="0x0008" original_network_id="0x0085" preferred_section="0"/>
    <transport_stream transport_stream_id="0x0009" original_network_id="0x0085" preferred_section="0"/>
    <transport_stream transport_stream_id="0x000A" original_network_id="0x0085" preferred_section="0"/>
    <transport_stream transport_stream_id="0x000B" original_network_id="0x0085" preferred_section="0"/>
    <transport_stream transport_stream_id="0x000C" original_network_id="0x0085" preferred_section="0"/>
    <transport_stream transport_stream_id="0x000D" original_network_id="0x0085" preferred_section="0"/>
    <transport_stream transport_stream_id="0x000E" original_network_id="0x0085" preferred_section="0"/>
    <transport_stream transport_stream_id="0x000F" original_network_id="0x0085" preferred_section="0"/>
    <transport_stream transport_stream_id="0x0010" original_network_id="0x0085" preferred_section="0"/>
    <transport_stream transport_stream_id="0x0021" original_network_id="0x0085" preferred_section="0"/>
  </NIT>
</tsduck>
