<?xml version="1.0" encoding="UTF-8"?>
<tsduck>
  <NIT version="0" current="true" network_id="0x321D" actual="true">
    <transport_stream transport_stream_id="0x0430" original_network_id="0x1012" preferred_section="0">
      <private_data_specifier_descriptor private_data_specifier="Australia"/>
      <australia_logical_channel_descriptor>
        <service service_id="0x0430" logical_channel_number="9" visible_service="true"/>
        <service service_id="0x0431" logical_channel_number="90" visible_service="true"/>
        <service service_id="0x0435" logical_channel_number="91" visible_service="true"/>
        <service service_id="0x0436" logical_channel_number="92" visible_service="true"/>
        <service service_id="0x0432" logical_channel_number="93" visible_service="true"/>
        <service service_id="0x0433" logical_channel_number="94" visible_service="true"/>
        <service service_id="0x0434" logical_channel_number="95" visible_service="true"/>
        <service service_id="0x0438" logical_channel_number="96" visible_service="true"/>
        <service service_id="0x0439" logical_channel_number="97" visible_service="true"/>
        <service service_id="0x0437" logical_channel_number="99" visible_service="true"/>
      </australia_logical_channel_descriptor>
    </transport_stream>
  </NIT>
</tsduck>
